
===========================================================================
report_checks -path_delay max (Setup)
============================================================================
======================= Typical Corner ===================================

Startpoint: _331_ (rising edge-triggered flip-flop clocked by core_clock)
Endpoint: _350_ (rising edge-triggered flip-flop clocked by core_clock)
Path Group: core_clock
Path Type: max

Fanout     Cap    Slew   Delay    Time   Description
-----------------------------------------------------------------------------
                  0.00    0.00    0.00   clock core_clock (rise edge)
                          0.00    0.00   clock network delay (ideal)
                  0.00    0.00    0.00 ^ _331_/CLK (sky130_fd_sc_hd__dfrtp_4)
     7    0.02    0.08    0.49    0.49 v _331_/Q (sky130_fd_sc_hd__dfrtp_4)
                                         one_second_counter[0] (net)
                  0.08    0.00    0.49 v _164_/D (sky130_fd_sc_hd__and4_2)
     6    0.02    0.07    0.29    0.77 v _164_/X (sky130_fd_sc_hd__and4_2)
                                         _156_ (net)
                  0.07    0.00    0.77 v _165_/D (sky130_fd_sc_hd__and4_2)
     6    0.02    0.08    0.29    1.06 v _165_/X (sky130_fd_sc_hd__and4_2)
                                         _157_ (net)
                  0.08    0.00    1.06 v _166_/B (sky130_fd_sc_hd__and2_2)
     5    0.02    0.07    0.25    1.31 v _166_/X (sky130_fd_sc_hd__and2_2)
                                         _158_ (net)
                  0.07    0.00    1.31 v _187_/A2 (sky130_fd_sc_hd__o31a_1)
     1    0.00    0.05    0.28    1.59 v _187_/X (sky130_fd_sc_hd__o31a_1)
                                         _072_ (net)
                  0.05    0.00    1.59 v _189_/B (sky130_fd_sc_hd__or3_1)
     1    0.01    0.10    0.40    1.99 v _189_/X (sky130_fd_sc_hd__or3_1)
                                         _074_ (net)
                  0.10    0.00    1.99 v _190_/B2 (sky130_fd_sc_hd__a22oi_4)
     9    0.03    0.25    0.26    2.25 ^ _190_/Y (sky130_fd_sc_hd__a22oi_4)
                                         _075_ (net)
                  0.25    0.00    2.25 ^ _191_/A (sky130_fd_sc_hd__buf_2)
    10    0.03    0.15    0.25    2.49 ^ _191_/X (sky130_fd_sc_hd__buf_2)
                                         _076_ (net)
                  0.15    0.00    2.49 ^ _247_/B (sky130_fd_sc_hd__and3b_1)
     1    0.01    0.09    0.20    2.70 ^ _247_/X (sky130_fd_sc_hd__and3b_1)
                                         _119_ (net)
                  0.09    0.00    2.70 ^ _248_/A (sky130_fd_sc_hd__buf_1)
     1    0.01    0.13    0.15    2.85 ^ _248_/X (sky130_fd_sc_hd__buf_1)
                                         _010_ (net)
                  0.13    0.00    2.85 ^ _350_/D (sky130_fd_sc_hd__dfrtp_4)
                                  2.85   data arrival time

                  0.00   10.00   10.00   clock core_clock (rise edge)
                          0.00   10.00   clock network delay (ideal)
                          0.00   10.00   clock reconvergence pessimism
                                 10.00 ^ _350_/CLK (sky130_fd_sc_hd__dfrtp_4)
                         -0.09    9.91   library setup time
                                  9.91   data required time
-----------------------------------------------------------------------------
                                  9.91   data required time
                                 -2.85   data arrival time
-----------------------------------------------------------------------------
                                  7.06   slack (MET)


Startpoint: _331_ (rising edge-triggered flip-flop clocked by core_clock)
Endpoint: _344_ (rising edge-triggered flip-flop clocked by core_clock)
Path Group: core_clock
Path Type: max

Fanout     Cap    Slew   Delay    Time   Description
-----------------------------------------------------------------------------
                  0.00    0.00    0.00   clock core_clock (rise edge)
                          0.00    0.00   clock network delay (ideal)
                  0.00    0.00    0.00 ^ _331_/CLK (sky130_fd_sc_hd__dfrtp_4)
     7    0.02    0.08    0.49    0.49 v _331_/Q (sky130_fd_sc_hd__dfrtp_4)
                                         one_second_counter[0] (net)
                  0.08    0.00    0.49 v _164_/D (sky130_fd_sc_hd__and4_2)
     6    0.02    0.07    0.29    0.77 v _164_/X (sky130_fd_sc_hd__and4_2)
                                         _156_ (net)
                  0.07    0.00    0.77 v _165_/D (sky130_fd_sc_hd__and4_2)
     6    0.02    0.08    0.29    1.06 v _165_/X (sky130_fd_sc_hd__and4_2)
                                         _157_ (net)
                  0.08    0.00    1.06 v _166_/B (sky130_fd_sc_hd__and2_2)
     5    0.02    0.07    0.25    1.31 v _166_/X (sky130_fd_sc_hd__and2_2)
                                         _158_ (net)
                  0.07    0.00    1.31 v _187_/A2 (sky130_fd_sc_hd__o31a_1)
     1    0.00    0.05    0.28    1.59 v _187_/X (sky130_fd_sc_hd__o31a_1)
                                         _072_ (net)
                  0.05    0.00    1.59 v _189_/B (sky130_fd_sc_hd__or3_1)
     1    0.01    0.10    0.40    1.99 v _189_/X (sky130_fd_sc_hd__or3_1)
                                         _074_ (net)
                  0.10    0.00    1.99 v _190_/B2 (sky130_fd_sc_hd__a22oi_4)
     9    0.03    0.25    0.26    2.25 ^ _190_/Y (sky130_fd_sc_hd__a22oi_4)
                                         _075_ (net)
                  0.25    0.00    2.25 ^ _191_/A (sky130_fd_sc_hd__buf_2)
    10    0.03    0.15    0.25    2.49 ^ _191_/X (sky130_fd_sc_hd__buf_2)
                                         _076_ (net)
                  0.15    0.00    2.49 ^ _224_/B (sky130_fd_sc_hd__and3b_1)
     1    0.01    0.12    0.23    2.72 ^ _224_/X (sky130_fd_sc_hd__and3b_1)
                                         _102_ (net)
                  0.12    0.00    2.72 ^ _225_/A (sky130_fd_sc_hd__buf_1)
     1    0.01    0.09    0.13    2.85 ^ _225_/X (sky130_fd_sc_hd__buf_1)
                                         _004_ (net)
                  0.09    0.00    2.86 ^ _344_/D (sky130_fd_sc_hd__dfrtp_1)
                                  2.86   data arrival time

                  0.00   10.00   10.00   clock core_clock (rise edge)
                          0.00   10.00   clock network delay (ideal)
                          0.00   10.00   clock reconvergence pessimism
                                 10.00 ^ _344_/CLK (sky130_fd_sc_hd__dfrtp_1)
                         -0.08    9.92   library setup time
                                  9.92   data required time
-----------------------------------------------------------------------------
                                  9.92   data required time
                                 -2.86   data arrival time
-----------------------------------------------------------------------------
                                  7.07   slack (MET)


Startpoint: _331_ (rising edge-triggered flip-flop clocked by core_clock)
Endpoint: _339_ (rising edge-triggered flip-flop clocked by core_clock)
Path Group: core_clock
Path Type: max

Fanout     Cap    Slew   Delay    Time   Description
-----------------------------------------------------------------------------
                  0.00    0.00    0.00   clock core_clock (rise edge)
                          0.00    0.00   clock network delay (ideal)
                  0.00    0.00    0.00 ^ _331_/CLK (sky130_fd_sc_hd__dfrtp_4)
     7    0.02    0.08    0.49    0.49 v _331_/Q (sky130_fd_sc_hd__dfrtp_4)
                                         one_second_counter[0] (net)
                  0.08    0.00    0.49 v _164_/D (sky130_fd_sc_hd__and4_2)
     6    0.02    0.07    0.29    0.77 v _164_/X (sky130_fd_sc_hd__and4_2)
                                         _156_ (net)
                  0.07    0.00    0.77 v _165_/D (sky130_fd_sc_hd__and4_2)
     6    0.02    0.08    0.29    1.06 v _165_/X (sky130_fd_sc_hd__and4_2)
                                         _157_ (net)
                  0.08    0.00    1.06 v _166_/B (sky130_fd_sc_hd__and2_2)
     5    0.02    0.07    0.25    1.31 v _166_/X (sky130_fd_sc_hd__and2_2)
                                         _158_ (net)
                  0.07    0.00    1.31 v _187_/A2 (sky130_fd_sc_hd__o31a_1)
     1    0.00    0.05    0.28    1.59 v _187_/X (sky130_fd_sc_hd__o31a_1)
                                         _072_ (net)
                  0.05    0.00    1.59 v _189_/B (sky130_fd_sc_hd__or3_1)
     1    0.01    0.10    0.40    1.99 v _189_/X (sky130_fd_sc_hd__or3_1)
                                         _074_ (net)
                  0.10    0.00    1.99 v _190_/B2 (sky130_fd_sc_hd__a22oi_4)
     9    0.03    0.25    0.26    2.25 ^ _190_/Y (sky130_fd_sc_hd__a22oi_4)
                                         _075_ (net)
                  0.25    0.00    2.25 ^ _199_/A (sky130_fd_sc_hd__buf_2)
    10    0.03    0.15    0.25    2.50 ^ _199_/X (sky130_fd_sc_hd__buf_2)
                                         _082_ (net)
                  0.15    0.00    2.50 ^ _202_/A (sky130_fd_sc_hd__and3_1)
     1    0.01    0.08    0.19    2.69 ^ _202_/X (sky130_fd_sc_hd__and3_1)
                                         _085_ (net)
                  0.08    0.00    2.69 ^ _203_/A (sky130_fd_sc_hd__buf_1)
     1    0.01    0.10    0.13    2.82 ^ _203_/X (sky130_fd_sc_hd__buf_1)
                                         _025_ (net)
                  0.10    0.00    2.82 ^ _339_/D (sky130_fd_sc_hd__dfrtp_2)
                                  2.82   data arrival time

                  0.00   10.00   10.00   clock core_clock (rise edge)
                          0.00   10.00   clock network delay (ideal)
                          0.00   10.00   clock reconvergence pessimism
                                 10.00 ^ _339_/CLK (sky130_fd_sc_hd__dfrtp_2)
                         -0.08    9.92   library setup time
                                  9.92   data required time
-----------------------------------------------------------------------------
                                  9.92   data required time
                                 -2.82   data arrival time
-----------------------------------------------------------------------------
                                  7.09   slack (MET)


Startpoint: _331_ (rising edge-triggered flip-flop clocked by core_clock)
Endpoint: _335_ (rising edge-triggered flip-flop clocked by core_clock)
Path Group: core_clock
Path Type: max

Fanout     Cap    Slew   Delay    Time   Description
-----------------------------------------------------------------------------
                  0.00    0.00    0.00   clock core_clock (rise edge)
                          0.00    0.00   clock network delay (ideal)
                  0.00    0.00    0.00 ^ _331_/CLK (sky130_fd_sc_hd__dfrtp_4)
     7    0.02    0.08    0.49    0.49 v _331_/Q (sky130_fd_sc_hd__dfrtp_4)
                                         one_second_counter[0] (net)
                  0.08    0.00    0.49 v _164_/D (sky130_fd_sc_hd__and4_2)
     6    0.02    0.07    0.29    0.77 v _164_/X (sky130_fd_sc_hd__and4_2)
                                         _156_ (net)
                  0.07    0.00    0.77 v _165_/D (sky130_fd_sc_hd__and4_2)
     6    0.02    0.08    0.29    1.06 v _165_/X (sky130_fd_sc_hd__and4_2)
                                         _157_ (net)
                  0.08    0.00    1.06 v _166_/B (sky130_fd_sc_hd__and2_2)
     5    0.02    0.07    0.25    1.31 v _166_/X (sky130_fd_sc_hd__and2_2)
                                         _158_ (net)
                  0.07    0.00    1.31 v _187_/A2 (sky130_fd_sc_hd__o31a_1)
     1    0.00    0.05    0.28    1.59 v _187_/X (sky130_fd_sc_hd__o31a_1)
                                         _072_ (net)
                  0.05    0.00    1.59 v _189_/B (sky130_fd_sc_hd__or3_1)
     1    0.01    0.10    0.40    1.99 v _189_/X (sky130_fd_sc_hd__or3_1)
                                         _074_ (net)
                  0.10    0.00    1.99 v _190_/B2 (sky130_fd_sc_hd__a22oi_4)
     9    0.03    0.25    0.26    2.25 ^ _190_/Y (sky130_fd_sc_hd__a22oi_4)
                                         _075_ (net)
                  0.25    0.00    2.25 ^ _191_/A (sky130_fd_sc_hd__buf_2)
    10    0.03    0.15    0.25    2.49 ^ _191_/X (sky130_fd_sc_hd__buf_2)
                                         _076_ (net)
                  0.15    0.00    2.49 ^ _290_/B (sky130_fd_sc_hd__and3_1)
     1    0.01    0.09    0.21    2.70 ^ _290_/X (sky130_fd_sc_hd__and3_1)
                                         _150_ (net)
                  0.09    0.00    2.70 ^ _291_/A (sky130_fd_sc_hd__buf_1)
     1    0.01    0.09    0.13    2.83 ^ _291_/X (sky130_fd_sc_hd__buf_1)
                                         _021_ (net)
                  0.09    0.00    2.83 ^ _335_/D (sky130_fd_sc_hd__dfrtp_1)
                                  2.83   data arrival time

                  0.00   10.00   10.00   clock core_clock (rise edge)
                          0.00   10.00   clock network delay (ideal)
                          0.00   10.00   clock reconvergence pessimism
                                 10.00 ^ _335_/CLK (sky130_fd_sc_hd__dfrtp_1)
                         -0.08    9.92   library setup time
                                  9.92   data required time
-----------------------------------------------------------------------------
                                  9.92   data required time
                                 -2.83   data arrival time
-----------------------------------------------------------------------------
                                  7.09   slack (MET)


Startpoint: _331_ (rising edge-triggered flip-flop clocked by core_clock)
Endpoint: _355_ (rising edge-triggered flip-flop clocked by core_clock)
Path Group: core_clock
Path Type: max

Fanout     Cap    Slew   Delay    Time   Description
-----------------------------------------------------------------------------
                  0.00    0.00    0.00   clock core_clock (rise edge)
                          0.00    0.00   clock network delay (ideal)
                  0.00    0.00    0.00 ^ _331_/CLK (sky130_fd_sc_hd__dfrtp_4)
     7    0.02    0.08    0.49    0.49 v _331_/Q (sky130_fd_sc_hd__dfrtp_4)
                                         one_second_counter[0] (net)
                  0.08    0.00    0.49 v _164_/D (sky130_fd_sc_hd__and4_2)
     6    0.02    0.07    0.29    0.77 v _164_/X (sky130_fd_sc_hd__and4_2)
                                         _156_ (net)
                  0.07    0.00    0.77 v _165_/D (sky130_fd_sc_hd__and4_2)
     6    0.02    0.08    0.29    1.06 v _165_/X (sky130_fd_sc_hd__and4_2)
                                         _157_ (net)
                  0.08    0.00    1.06 v _166_/B (sky130_fd_sc_hd__and2_2)
     5    0.02    0.07    0.25    1.31 v _166_/X (sky130_fd_sc_hd__and2_2)
                                         _158_ (net)
                  0.07    0.00    1.31 v _187_/A2 (sky130_fd_sc_hd__o31a_1)
     1    0.00    0.05    0.28    1.59 v _187_/X (sky130_fd_sc_hd__o31a_1)
                                         _072_ (net)
                  0.05    0.00    1.59 v _189_/B (sky130_fd_sc_hd__or3_1)
     1    0.01    0.10    0.40    1.99 v _189_/X (sky130_fd_sc_hd__or3_1)
                                         _074_ (net)
                  0.10    0.00    1.99 v _190_/B2 (sky130_fd_sc_hd__a22oi_4)
     9    0.03    0.25    0.26    2.25 ^ _190_/Y (sky130_fd_sc_hd__a22oi_4)
                                         _075_ (net)
                  0.25    0.00    2.25 ^ _199_/A (sky130_fd_sc_hd__buf_2)
    10    0.03    0.15    0.25    2.50 ^ _199_/X (sky130_fd_sc_hd__buf_2)
                                         _082_ (net)
                  0.15    0.00    2.50 ^ _267_/A (sky130_fd_sc_hd__and3_1)
     1    0.01    0.09    0.20    2.70 ^ _267_/X (sky130_fd_sc_hd__and3_1)
                                         _134_ (net)
                  0.09    0.00    2.70 ^ _268_/A (sky130_fd_sc_hd__clkbuf_1)
     1    0.01    0.08    0.12    2.82 ^ _268_/X (sky130_fd_sc_hd__clkbuf_1)
                                         _016_ (net)
                  0.08    0.00    2.82 ^ _355_/D (sky130_fd_sc_hd__dfrtp_2)
                                  2.82   data arrival time

                  0.00   10.00   10.00   clock core_clock (rise edge)
                          0.00   10.00   clock network delay (ideal)
                          0.00   10.00   clock reconvergence pessimism
                                 10.00 ^ _355_/CLK (sky130_fd_sc_hd__dfrtp_2)
                         -0.08    9.92   library setup time
                                  9.92   data required time
-----------------------------------------------------------------------------
                                  9.92   data required time
                                 -2.82   data arrival time
-----------------------------------------------------------------------------
                                  7.10   slack (MET)


Startpoint: _331_ (rising edge-triggered flip-flop clocked by core_clock)
Endpoint: _353_ (rising edge-triggered flip-flop clocked by core_clock)
Path Group: core_clock
Path Type: max

Fanout     Cap    Slew   Delay    Time   Description
-----------------------------------------------------------------------------
                  0.00    0.00    0.00   clock core_clock (rise edge)
                          0.00    0.00   clock network delay (ideal)
                  0.00    0.00    0.00 ^ _331_/CLK (sky130_fd_sc_hd__dfrtp_4)
     7    0.02    0.08    0.49    0.49 v _331_/Q (sky130_fd_sc_hd__dfrtp_4)
                                         one_second_counter[0] (net)
                  0.08    0.00    0.49 v _164_/D (sky130_fd_sc_hd__and4_2)
     6    0.02    0.07    0.29    0.77 v _164_/X (sky130_fd_sc_hd__and4_2)
                                         _156_ (net)
                  0.07    0.00    0.77 v _165_/D (sky130_fd_sc_hd__and4_2)
     6    0.02    0.08    0.29    1.06 v _165_/X (sky130_fd_sc_hd__and4_2)
                                         _157_ (net)
                  0.08    0.00    1.06 v _166_/B (sky130_fd_sc_hd__and2_2)
     5    0.02    0.07    0.25    1.31 v _166_/X (sky130_fd_sc_hd__and2_2)
                                         _158_ (net)
                  0.07    0.00    1.31 v _187_/A2 (sky130_fd_sc_hd__o31a_1)
     1    0.00    0.05    0.28    1.59 v _187_/X (sky130_fd_sc_hd__o31a_1)
                                         _072_ (net)
                  0.05    0.00    1.59 v _189_/B (sky130_fd_sc_hd__or3_1)
     1    0.01    0.10    0.40    1.99 v _189_/X (sky130_fd_sc_hd__or3_1)
                                         _074_ (net)
                  0.10    0.00    1.99 v _190_/B2 (sky130_fd_sc_hd__a22oi_4)
     9    0.03    0.25    0.26    2.25 ^ _190_/Y (sky130_fd_sc_hd__a22oi_4)
                                         _075_ (net)
                  0.25    0.00    2.25 ^ _191_/A (sky130_fd_sc_hd__buf_2)
    10    0.03    0.15    0.25    2.49 ^ _191_/X (sky130_fd_sc_hd__buf_2)
                                         _076_ (net)
                  0.15    0.00    2.49 ^ _259_/B (sky130_fd_sc_hd__and3b_1)
     1    0.01    0.09    0.21    2.70 ^ _259_/X (sky130_fd_sc_hd__and3b_1)
                                         _128_ (net)
                  0.09    0.00    2.70 ^ _260_/A (sky130_fd_sc_hd__clkbuf_1)
     1    0.01    0.08    0.12    2.82 ^ _260_/X (sky130_fd_sc_hd__clkbuf_1)
                                         _014_ (net)
                  0.08    0.00    2.82 ^ _353_/D (sky130_fd_sc_hd__dfrtp_1)
                                  2.82   data arrival time

                  0.00   10.00   10.00   clock core_clock (rise edge)
                          0.00   10.00   clock network delay (ideal)
                          0.00   10.00   clock reconvergence pessimism
                                 10.00 ^ _353_/CLK (sky130_fd_sc_hd__dfrtp_1)
                         -0.07    9.93   library setup time
                                  9.93   data required time
-----------------------------------------------------------------------------
                                  9.93   data required time
                                 -2.82   data arrival time
-----------------------------------------------------------------------------
                                  7.11   slack (MET)


Startpoint: _331_ (rising edge-triggered flip-flop clocked by core_clock)
Endpoint: _338_ (rising edge-triggered flip-flop clocked by core_clock)
Path Group: core_clock
Path Type: max

Fanout     Cap    Slew   Delay    Time   Description
-----------------------------------------------------------------------------
                  0.00    0.00    0.00   clock core_clock (rise edge)
                          0.00    0.00   clock network delay (ideal)
                  0.00    0.00    0.00 ^ _331_/CLK (sky130_fd_sc_hd__dfrtp_4)
     7    0.02    0.08    0.49    0.49 v _331_/Q (sky130_fd_sc_hd__dfrtp_4)
                                         one_second_counter[0] (net)
                  0.08    0.00    0.49 v _164_/D (sky130_fd_sc_hd__and4_2)
     6    0.02    0.07    0.29    0.77 v _164_/X (sky130_fd_sc_hd__and4_2)
                                         _156_ (net)
                  0.07    0.00    0.77 v _165_/D (sky130_fd_sc_hd__and4_2)
     6    0.02    0.08    0.29    1.06 v _165_/X (sky130_fd_sc_hd__and4_2)
                                         _157_ (net)
                  0.08    0.00    1.06 v _166_/B (sky130_fd_sc_hd__and2_2)
     5    0.02    0.07    0.25    1.31 v _166_/X (sky130_fd_sc_hd__and2_2)
                                         _158_ (net)
                  0.07    0.00    1.31 v _187_/A2 (sky130_fd_sc_hd__o31a_1)
     1    0.00    0.05    0.28    1.59 v _187_/X (sky130_fd_sc_hd__o31a_1)
                                         _072_ (net)
                  0.05    0.00    1.59 v _189_/B (sky130_fd_sc_hd__or3_1)
     1    0.01    0.10    0.40    1.99 v _189_/X (sky130_fd_sc_hd__or3_1)
                                         _074_ (net)
                  0.10    0.00    1.99 v _190_/B2 (sky130_fd_sc_hd__a22oi_4)
     9    0.03    0.25    0.26    2.25 ^ _190_/Y (sky130_fd_sc_hd__a22oi_4)
                                         _075_ (net)
                  0.25    0.00    2.25 ^ _191_/A (sky130_fd_sc_hd__buf_2)
    10    0.03    0.15    0.25    2.49 ^ _191_/X (sky130_fd_sc_hd__buf_2)
                                         _076_ (net)
                  0.15    0.00    2.49 ^ _197_/B (sky130_fd_sc_hd__and3b_1)
     1    0.01    0.09    0.21    2.70 ^ _197_/X (sky130_fd_sc_hd__and3b_1)
                                         _081_ (net)
                  0.09    0.00    2.70 ^ _198_/A (sky130_fd_sc_hd__clkbuf_1)
     1    0.00    0.07    0.11    2.81 ^ _198_/X (sky130_fd_sc_hd__clkbuf_1)
                                         _024_ (net)
                  0.07    0.00    2.81 ^ _338_/D (sky130_fd_sc_hd__dfrtp_2)
                                  2.81   data arrival time

                  0.00   10.00   10.00   clock core_clock (rise edge)
                          0.00   10.00   clock network delay (ideal)
                          0.00   10.00   clock reconvergence pessimism
                                 10.00 ^ _338_/CLK (sky130_fd_sc_hd__dfrtp_2)
                         -0.08    9.92   library setup time
                                  9.92   data required time
-----------------------------------------------------------------------------
                                  9.92   data required time
                                 -2.81   data arrival time
-----------------------------------------------------------------------------
                                  7.11   slack (MET)


Startpoint: _331_ (rising edge-triggered flip-flop clocked by core_clock)
Endpoint: _332_ (rising edge-triggered flip-flop clocked by core_clock)
Path Group: core_clock
Path Type: max

Fanout     Cap    Slew   Delay    Time   Description
-----------------------------------------------------------------------------
                  0.00    0.00    0.00   clock core_clock (rise edge)
                          0.00    0.00   clock network delay (ideal)
                  0.00    0.00    0.00 ^ _331_/CLK (sky130_fd_sc_hd__dfrtp_4)
     7    0.02    0.08    0.49    0.49 v _331_/Q (sky130_fd_sc_hd__dfrtp_4)
                                         one_second_counter[0] (net)
                  0.08    0.00    0.49 v _164_/D (sky130_fd_sc_hd__and4_2)
     6    0.02    0.07    0.29    0.77 v _164_/X (sky130_fd_sc_hd__and4_2)
                                         _156_ (net)
                  0.07    0.00    0.77 v _165_/D (sky130_fd_sc_hd__and4_2)
     6    0.02    0.08    0.29    1.06 v _165_/X (sky130_fd_sc_hd__and4_2)
                                         _157_ (net)
                  0.08    0.00    1.06 v _166_/B (sky130_fd_sc_hd__and2_2)
     5    0.02    0.07    0.25    1.31 v _166_/X (sky130_fd_sc_hd__and2_2)
                                         _158_ (net)
                  0.07    0.00    1.31 v _187_/A2 (sky130_fd_sc_hd__o31a_1)
     1    0.00    0.05    0.28    1.59 v _187_/X (sky130_fd_sc_hd__o31a_1)
                                         _072_ (net)
                  0.05    0.00    1.59 v _189_/B (sky130_fd_sc_hd__or3_1)
     1    0.01    0.10    0.40    1.99 v _189_/X (sky130_fd_sc_hd__or3_1)
                                         _074_ (net)
                  0.10    0.00    1.99 v _190_/B2 (sky130_fd_sc_hd__a22oi_4)
     9    0.03    0.25    0.26    2.25 ^ _190_/Y (sky130_fd_sc_hd__a22oi_4)
                                         _075_ (net)
                  0.25    0.00    2.25 ^ _199_/A (sky130_fd_sc_hd__buf_2)
    10    0.03    0.15    0.25    2.50 ^ _199_/X (sky130_fd_sc_hd__buf_2)
                                         _082_ (net)
                  0.15    0.00    2.50 ^ _279_/B (sky130_fd_sc_hd__and3_1)
     1    0.01    0.08    0.20    2.69 ^ _279_/X (sky130_fd_sc_hd__and3_1)
                                         _142_ (net)
                  0.08    0.00    2.69 ^ _280_/A (sky130_fd_sc_hd__clkbuf_1)
     1    0.01    0.08    0.12    2.81 ^ _280_/X (sky130_fd_sc_hd__clkbuf_1)
                                         _011_ (net)
                  0.08    0.00    2.81 ^ _332_/D (sky130_fd_sc_hd__dfrtp_4)
                                  2.81   data arrival time

                  0.00   10.00   10.00   clock core_clock (rise edge)
                          0.00   10.00   clock network delay (ideal)
                          0.00   10.00   clock reconvergence pessimism
                                 10.00 ^ _332_/CLK (sky130_fd_sc_hd__dfrtp_4)
                         -0.08    9.92   library setup time
                                  9.92   data required time
-----------------------------------------------------------------------------
                                  9.92   data required time
                                 -2.81   data arrival time
-----------------------------------------------------------------------------
                                  7.11   slack (MET)


Startpoint: _331_ (rising edge-triggered flip-flop clocked by core_clock)
Endpoint: _349_ (rising edge-triggered flip-flop clocked by core_clock)
Path Group: core_clock
Path Type: max

Fanout     Cap    Slew   Delay    Time   Description
-----------------------------------------------------------------------------
                  0.00    0.00    0.00   clock core_clock (rise edge)
                          0.00    0.00   clock network delay (ideal)
                  0.00    0.00    0.00 ^ _331_/CLK (sky130_fd_sc_hd__dfrtp_4)
     7    0.02    0.08    0.49    0.49 v _331_/Q (sky130_fd_sc_hd__dfrtp_4)
                                         one_second_counter[0] (net)
                  0.08    0.00    0.49 v _164_/D (sky130_fd_sc_hd__and4_2)
     6    0.02    0.07    0.29    0.77 v _164_/X (sky130_fd_sc_hd__and4_2)
                                         _156_ (net)
                  0.07    0.00    0.77 v _165_/D (sky130_fd_sc_hd__and4_2)
     6    0.02    0.08    0.29    1.06 v _165_/X (sky130_fd_sc_hd__and4_2)
                                         _157_ (net)
                  0.08    0.00    1.06 v _166_/B (sky130_fd_sc_hd__and2_2)
     5    0.02    0.07    0.25    1.31 v _166_/X (sky130_fd_sc_hd__and2_2)
                                         _158_ (net)
                  0.07    0.00    1.31 v _187_/A2 (sky130_fd_sc_hd__o31a_1)
     1    0.00    0.05    0.28    1.59 v _187_/X (sky130_fd_sc_hd__o31a_1)
                                         _072_ (net)
                  0.05    0.00    1.59 v _189_/B (sky130_fd_sc_hd__or3_1)
     1    0.01    0.10    0.40    1.99 v _189_/X (sky130_fd_sc_hd__or3_1)
                                         _074_ (net)
                  0.10    0.00    1.99 v _190_/B2 (sky130_fd_sc_hd__a22oi_4)
     9    0.03    0.25    0.26    2.25 ^ _190_/Y (sky130_fd_sc_hd__a22oi_4)
                                         _075_ (net)
                  0.25    0.00    2.25 ^ _191_/A (sky130_fd_sc_hd__buf_2)
    10    0.03    0.15    0.25    2.49 ^ _191_/X (sky130_fd_sc_hd__buf_2)
                                         _076_ (net)
                  0.15    0.00    2.49 ^ _243_/B (sky130_fd_sc_hd__and3b_1)
     1    0.01    0.09    0.21    2.70 ^ _243_/X (sky130_fd_sc_hd__and3b_1)
                                         _116_ (net)
                  0.09    0.00    2.70 ^ _244_/A (sky130_fd_sc_hd__clkbuf_1)
     1    0.01    0.07    0.11    2.81 ^ _244_/X (sky130_fd_sc_hd__clkbuf_1)
                                         _009_ (net)
                  0.07    0.00    2.81 ^ _349_/D (sky130_fd_sc_hd__dfrtp_1)
                                  2.81   data arrival time

                  0.00   10.00   10.00   clock core_clock (rise edge)
                          0.00   10.00   clock network delay (ideal)
                          0.00   10.00   clock reconvergence pessimism
                                 10.00 ^ _349_/CLK (sky130_fd_sc_hd__dfrtp_1)
                         -0.07    9.93   library setup time
                                  9.93   data required time
-----------------------------------------------------------------------------
                                  9.93   data required time
                                 -2.81   data arrival time
-----------------------------------------------------------------------------
                                  7.12   slack (MET)


Startpoint: _331_ (rising edge-triggered flip-flop clocked by core_clock)
Endpoint: _346_ (rising edge-triggered flip-flop clocked by core_clock)
Path Group: core_clock
Path Type: max

Fanout     Cap    Slew   Delay    Time   Description
-----------------------------------------------------------------------------
                  0.00    0.00    0.00   clock core_clock (rise edge)
                          0.00    0.00   clock network delay (ideal)
                  0.00    0.00    0.00 ^ _331_/CLK (sky130_fd_sc_hd__dfrtp_4)
     7    0.02    0.08    0.49    0.49 v _331_/Q (sky130_fd_sc_hd__dfrtp_4)
                                         one_second_counter[0] (net)
                  0.08    0.00    0.49 v _164_/D (sky130_fd_sc_hd__and4_2)
     6    0.02    0.07    0.29    0.77 v _164_/X (sky130_fd_sc_hd__and4_2)
                                         _156_ (net)
                  0.07    0.00    0.77 v _165_/D (sky130_fd_sc_hd__and4_2)
     6    0.02    0.08    0.29    1.06 v _165_/X (sky130_fd_sc_hd__and4_2)
                                         _157_ (net)
                  0.08    0.00    1.06 v _166_/B (sky130_fd_sc_hd__and2_2)
     5    0.02    0.07    0.25    1.31 v _166_/X (sky130_fd_sc_hd__and2_2)
                                         _158_ (net)
                  0.07    0.00    1.31 v _187_/A2 (sky130_fd_sc_hd__o31a_1)
     1    0.00    0.05    0.28    1.59 v _187_/X (sky130_fd_sc_hd__o31a_1)
                                         _072_ (net)
                  0.05    0.00    1.59 v _189_/B (sky130_fd_sc_hd__or3_1)
     1    0.01    0.10    0.40    1.99 v _189_/X (sky130_fd_sc_hd__or3_1)
                                         _074_ (net)
                  0.10    0.00    1.99 v _190_/B2 (sky130_fd_sc_hd__a22oi_4)
     9    0.03    0.25    0.26    2.25 ^ _190_/Y (sky130_fd_sc_hd__a22oi_4)
                                         _075_ (net)
                  0.25    0.00    2.25 ^ _191_/A (sky130_fd_sc_hd__buf_2)
    10    0.03    0.15    0.25    2.49 ^ _191_/X (sky130_fd_sc_hd__buf_2)
                                         _076_ (net)
                  0.15    0.00    2.49 ^ _231_/B (sky130_fd_sc_hd__and3b_1)
     1    0.01    0.08    0.20    2.69 ^ _231_/X (sky130_fd_sc_hd__and3b_1)
                                         _107_ (net)
                  0.08    0.00    2.69 ^ _232_/A (sky130_fd_sc_hd__clkbuf_1)
     1    0.01    0.07    0.11    2.80 ^ _232_/X (sky130_fd_sc_hd__clkbuf_1)
                                         _006_ (net)
                  0.07    0.00    2.80 ^ _346_/D (sky130_fd_sc_hd__dfrtp_1)
                                  2.80   data arrival time

                  0.00   10.00   10.00   clock core_clock (rise edge)
                          0.00   10.00   clock network delay (ideal)
                          0.00   10.00   clock reconvergence pessimism
                                 10.00 ^ _346_/CLK (sky130_fd_sc_hd__dfrtp_1)
                         -0.07    9.93   library setup time
                                  9.93   data required time
-----------------------------------------------------------------------------
                                  9.93   data required time
                                 -2.80   data arrival time
-----------------------------------------------------------------------------
                                  7.13   slack (MET)


Startpoint: _331_ (rising edge-triggered flip-flop clocked by core_clock)
Endpoint: _333_ (rising edge-triggered flip-flop clocked by core_clock)
Path Group: core_clock
Path Type: max

Fanout     Cap    Slew   Delay    Time   Description
-----------------------------------------------------------------------------
                  0.00    0.00    0.00   clock core_clock (rise edge)
                          0.00    0.00   clock network delay (ideal)
                  0.00    0.00    0.00 ^ _331_/CLK (sky130_fd_sc_hd__dfrtp_4)
     7    0.02    0.08    0.49    0.49 v _331_/Q (sky130_fd_sc_hd__dfrtp_4)
                                         one_second_counter[0] (net)
                  0.08    0.00    0.49 v _164_/D (sky130_fd_sc_hd__and4_2)
     6    0.02    0.07    0.29    0.77 v _164_/X (sky130_fd_sc_hd__and4_2)
                                         _156_ (net)
                  0.07    0.00    0.77 v _165_/D (sky130_fd_sc_hd__and4_2)
     6    0.02    0.08    0.29    1.06 v _165_/X (sky130_fd_sc_hd__and4_2)
                                         _157_ (net)
                  0.08    0.00    1.06 v _166_/B (sky130_fd_sc_hd__and2_2)
     5    0.02    0.07    0.25    1.31 v _166_/X (sky130_fd_sc_hd__and2_2)
                                         _158_ (net)
                  0.07    0.00    1.31 v _187_/A2 (sky130_fd_sc_hd__o31a_1)
     1    0.00    0.05    0.28    1.59 v _187_/X (sky130_fd_sc_hd__o31a_1)
                                         _072_ (net)
                  0.05    0.00    1.59 v _189_/B (sky130_fd_sc_hd__or3_1)
     1    0.01    0.10    0.40    1.99 v _189_/X (sky130_fd_sc_hd__or3_1)
                                         _074_ (net)
                  0.10    0.00    1.99 v _190_/B2 (sky130_fd_sc_hd__a22oi_4)
     9    0.03    0.25    0.26    2.25 ^ _190_/Y (sky130_fd_sc_hd__a22oi_4)
                                         _075_ (net)
                  0.25    0.00    2.25 ^ _191_/A (sky130_fd_sc_hd__buf_2)
    10    0.03    0.15    0.25    2.49 ^ _191_/X (sky130_fd_sc_hd__buf_2)
                                         _076_ (net)
                  0.15    0.00    2.49 ^ _283_/B (sky130_fd_sc_hd__and3_1)
     1    0.01    0.10    0.22    2.71 ^ _283_/X (sky130_fd_sc_hd__and3_1)
                                         _145_ (net)
                  0.10    0.00    2.71 ^ _284_/A (sky130_fd_sc_hd__clkbuf_1)
     1    0.00    0.04    0.09    2.80 ^ _284_/X (sky130_fd_sc_hd__clkbuf_1)
                                         _019_ (net)
                  0.04    0.00    2.80 ^ _333_/D (sky130_fd_sc_hd__dfrtp_1)
                                  2.80   data arrival time

                  0.00   10.00   10.00   clock core_clock (rise edge)
                          0.00   10.00   clock network delay (ideal)
                          0.00   10.00   clock reconvergence pessimism
                                 10.00 ^ _333_/CLK (sky130_fd_sc_hd__dfrtp_1)
                         -0.07    9.93   library setup time
                                  9.93   data required time
-----------------------------------------------------------------------------
                                  9.93   data required time
                                 -2.80   data arrival time
-----------------------------------------------------------------------------
                                  7.13   slack (MET)


Startpoint: _331_ (rising edge-triggered flip-flop clocked by core_clock)
Endpoint: _337_ (rising edge-triggered flip-flop clocked by core_clock)
Path Group: core_clock
Path Type: max

Fanout     Cap    Slew   Delay    Time   Description
-----------------------------------------------------------------------------
                  0.00    0.00    0.00   clock core_clock (rise edge)
                          0.00    0.00   clock network delay (ideal)
                  0.00    0.00    0.00 ^ _331_/CLK (sky130_fd_sc_hd__dfrtp_4)
     7    0.02    0.08    0.49    0.49 v _331_/Q (sky130_fd_sc_hd__dfrtp_4)
                                         one_second_counter[0] (net)
                  0.08    0.00    0.49 v _164_/D (sky130_fd_sc_hd__and4_2)
     6    0.02    0.07    0.29    0.77 v _164_/X (sky130_fd_sc_hd__and4_2)
                                         _156_ (net)
                  0.07    0.00    0.77 v _165_/D (sky130_fd_sc_hd__and4_2)
     6    0.02    0.08    0.29    1.06 v _165_/X (sky130_fd_sc_hd__and4_2)
                                         _157_ (net)
                  0.08    0.00    1.06 v _166_/B (sky130_fd_sc_hd__and2_2)
     5    0.02    0.07    0.25    1.31 v _166_/X (sky130_fd_sc_hd__and2_2)
                                         _158_ (net)
                  0.07    0.00    1.31 v _187_/A2 (sky130_fd_sc_hd__o31a_1)
     1    0.00    0.05    0.28    1.59 v _187_/X (sky130_fd_sc_hd__o31a_1)
                                         _072_ (net)
                  0.05    0.00    1.59 v _189_/B (sky130_fd_sc_hd__or3_1)
     1    0.01    0.10    0.40    1.99 v _189_/X (sky130_fd_sc_hd__or3_1)
                                         _074_ (net)
                  0.10    0.00    1.99 v _190_/B2 (sky130_fd_sc_hd__a22oi_4)
     9    0.03    0.25    0.26    2.25 ^ _190_/Y (sky130_fd_sc_hd__a22oi_4)
                                         _075_ (net)
                  0.25    0.00    2.25 ^ _191_/A (sky130_fd_sc_hd__buf_2)
    10    0.03    0.15    0.25    2.49 ^ _191_/X (sky130_fd_sc_hd__buf_2)
                                         _076_ (net)
                  0.15    0.00    2.49 ^ _194_/B (sky130_fd_sc_hd__and3b_1)
     1    0.00    0.06    0.18    2.68 ^ _194_/X (sky130_fd_sc_hd__and3b_1)
                                         _079_ (net)
                  0.06    0.00    2.68 ^ _195_/A (sky130_fd_sc_hd__clkbuf_1)
     1    0.00    0.07    0.10    2.78 ^ _195_/X (sky130_fd_sc_hd__clkbuf_1)
                                         _023_ (net)
                  0.07    0.00    2.78 ^ _337_/D (sky130_fd_sc_hd__dfrtp_1)
                                  2.78   data arrival time

                  0.00   10.00   10.00   clock core_clock (rise edge)
                          0.00   10.00   clock network delay (ideal)
                          0.00   10.00   clock reconvergence pessimism
                                 10.00 ^ _337_/CLK (sky130_fd_sc_hd__dfrtp_1)
                         -0.07    9.93   library setup time
                                  9.93   data required time
-----------------------------------------------------------------------------
                                  9.93   data required time
                                 -2.78   data arrival time
-----------------------------------------------------------------------------
                                  7.15   slack (MET)


Startpoint: _331_ (rising edge-triggered flip-flop clocked by core_clock)
Endpoint: _331_ (rising edge-triggered flip-flop clocked by core_clock)
Path Group: core_clock
Path Type: max

Fanout     Cap    Slew   Delay    Time   Description
-----------------------------------------------------------------------------
                  0.00    0.00    0.00   clock core_clock (rise edge)
                          0.00    0.00   clock network delay (ideal)
                  0.00    0.00    0.00 ^ _331_/CLK (sky130_fd_sc_hd__dfrtp_4)
     7    0.02    0.08    0.49    0.49 v _331_/Q (sky130_fd_sc_hd__dfrtp_4)
                                         one_second_counter[0] (net)
                  0.08    0.00    0.49 v _164_/D (sky130_fd_sc_hd__and4_2)
     6    0.02    0.07    0.29    0.77 v _164_/X (sky130_fd_sc_hd__and4_2)
                                         _156_ (net)
                  0.07    0.00    0.77 v _165_/D (sky130_fd_sc_hd__and4_2)
     6    0.02    0.08    0.29    1.06 v _165_/X (sky130_fd_sc_hd__and4_2)
                                         _157_ (net)
                  0.08    0.00    1.06 v _166_/B (sky130_fd_sc_hd__and2_2)
     5    0.02    0.07    0.25    1.31 v _166_/X (sky130_fd_sc_hd__and2_2)
                                         _158_ (net)
                  0.07    0.00    1.31 v _187_/A2 (sky130_fd_sc_hd__o31a_1)
     1    0.00    0.05    0.28    1.59 v _187_/X (sky130_fd_sc_hd__o31a_1)
                                         _072_ (net)
                  0.05    0.00    1.59 v _189_/B (sky130_fd_sc_hd__or3_1)
     1    0.01    0.10    0.40    1.99 v _189_/X (sky130_fd_sc_hd__or3_1)
                                         _074_ (net)
                  0.10    0.00    1.99 v _190_/B2 (sky130_fd_sc_hd__a22oi_4)
     9    0.03    0.25    0.26    2.25 ^ _190_/Y (sky130_fd_sc_hd__a22oi_4)
                                         _075_ (net)
                  0.25    0.00    2.25 ^ _199_/A (sky130_fd_sc_hd__buf_2)
    10    0.03    0.15    0.25    2.50 ^ _199_/X (sky130_fd_sc_hd__buf_2)
                                         _082_ (net)
                  0.15    0.00    2.50 ^ _275_/B (sky130_fd_sc_hd__and2b_1)
     1    0.01    0.07    0.16    2.66 ^ _275_/X (sky130_fd_sc_hd__and2b_1)
                                         _139_ (net)
                  0.07    0.00    2.66 ^ _276_/A (sky130_fd_sc_hd__clkbuf_1)
     1    0.01    0.08    0.11    2.77 ^ _276_/X (sky130_fd_sc_hd__clkbuf_1)
                                         _000_ (net)
                  0.08    0.00    2.77 ^ _331_/D (sky130_fd_sc_hd__dfrtp_4)
                                  2.77   data arrival time

                  0.00   10.00   10.00   clock core_clock (rise edge)
                          0.00   10.00   clock network delay (ideal)
                          0.00   10.00   clock reconvergence pessimism
                                 10.00 ^ _331_/CLK (sky130_fd_sc_hd__dfrtp_4)
                         -0.08    9.92   library setup time
                                  9.92   data required time
-----------------------------------------------------------------------------
                                  9.92   data required time
                                 -2.77   data arrival time
-----------------------------------------------------------------------------
                                  7.15   slack (MET)


Startpoint: _331_ (rising edge-triggered flip-flop clocked by core_clock)
Endpoint: _351_ (rising edge-triggered flip-flop clocked by core_clock)
Path Group: core_clock
Path Type: max

Fanout     Cap    Slew   Delay    Time   Description
-----------------------------------------------------------------------------
                  0.00    0.00    0.00   clock core_clock (rise edge)
                          0.00    0.00   clock network delay (ideal)
                  0.00    0.00    0.00 ^ _331_/CLK (sky130_fd_sc_hd__dfrtp_4)
     7    0.02    0.08    0.49    0.49 v _331_/Q (sky130_fd_sc_hd__dfrtp_4)
                                         one_second_counter[0] (net)
                  0.08    0.00    0.49 v _164_/D (sky130_fd_sc_hd__and4_2)
     6    0.02    0.07    0.29    0.77 v _164_/X (sky130_fd_sc_hd__and4_2)
                                         _156_ (net)
                  0.07    0.00    0.77 v _165_/D (sky130_fd_sc_hd__and4_2)
     6    0.02    0.08    0.29    1.06 v _165_/X (sky130_fd_sc_hd__and4_2)
                                         _157_ (net)
                  0.08    0.00    1.06 v _166_/B (sky130_fd_sc_hd__and2_2)
     5    0.02    0.07    0.25    1.31 v _166_/X (sky130_fd_sc_hd__and2_2)
                                         _158_ (net)
                  0.07    0.00    1.31 v _187_/A2 (sky130_fd_sc_hd__o31a_1)
     1    0.00    0.05    0.28    1.59 v _187_/X (sky130_fd_sc_hd__o31a_1)
                                         _072_ (net)
                  0.05    0.00    1.59 v _189_/B (sky130_fd_sc_hd__or3_1)
     1    0.01    0.10    0.40    1.99 v _189_/X (sky130_fd_sc_hd__or3_1)
                                         _074_ (net)
                  0.10    0.00    1.99 v _190_/B2 (sky130_fd_sc_hd__a22oi_4)
     9    0.03    0.25    0.26    2.25 ^ _190_/Y (sky130_fd_sc_hd__a22oi_4)
                                         _075_ (net)
                  0.25    0.00    2.25 ^ _191_/A (sky130_fd_sc_hd__buf_2)
    10    0.03    0.15    0.25    2.49 ^ _191_/X (sky130_fd_sc_hd__buf_2)
                                         _076_ (net)
                  0.15    0.00    2.49 ^ _251_/B (sky130_fd_sc_hd__and3b_1)
     1    0.00    0.06    0.18    2.67 ^ _251_/X (sky130_fd_sc_hd__and3b_1)
                                         _122_ (net)
                  0.06    0.00    2.67 ^ _252_/A (sky130_fd_sc_hd__clkbuf_1)
     1    0.01    0.07    0.11    2.78 ^ _252_/X (sky130_fd_sc_hd__clkbuf_1)
                                         _012_ (net)
                  0.07    0.00    2.78 ^ _351_/D (sky130_fd_sc_hd__dfrtp_1)
                                  2.78   data arrival time

                  0.00   10.00   10.00   clock core_clock (rise edge)
                          0.00   10.00   clock network delay (ideal)
                          0.00   10.00   clock reconvergence pessimism
                                 10.00 ^ _351_/CLK (sky130_fd_sc_hd__dfrtp_1)
                         -0.07    9.93   library setup time
                                  9.93   data required time
-----------------------------------------------------------------------------
                                  9.93   data required time
                                 -2.78   data arrival time
-----------------------------------------------------------------------------
                                  7.15   slack (MET)


Startpoint: _331_ (rising edge-triggered flip-flop clocked by core_clock)
Endpoint: _352_ (rising edge-triggered flip-flop clocked by core_clock)
Path Group: core_clock
Path Type: max

Fanout     Cap    Slew   Delay    Time   Description
-----------------------------------------------------------------------------
                  0.00    0.00    0.00   clock core_clock (rise edge)
                          0.00    0.00   clock network delay (ideal)
                  0.00    0.00    0.00 ^ _331_/CLK (sky130_fd_sc_hd__dfrtp_4)
     7    0.02    0.08    0.49    0.49 v _331_/Q (sky130_fd_sc_hd__dfrtp_4)
                                         one_second_counter[0] (net)
                  0.08    0.00    0.49 v _164_/D (sky130_fd_sc_hd__and4_2)
     6    0.02    0.07    0.29    0.77 v _164_/X (sky130_fd_sc_hd__and4_2)
                                         _156_ (net)
                  0.07    0.00    0.77 v _165_/D (sky130_fd_sc_hd__and4_2)
     6    0.02    0.08    0.29    1.06 v _165_/X (sky130_fd_sc_hd__and4_2)
                                         _157_ (net)
                  0.08    0.00    1.06 v _166_/B (sky130_fd_sc_hd__and2_2)
     5    0.02    0.07    0.25    1.31 v _166_/X (sky130_fd_sc_hd__and2_2)
                                         _158_ (net)
                  0.07    0.00    1.31 v _187_/A2 (sky130_fd_sc_hd__o31a_1)
     1    0.00    0.05    0.28    1.59 v _187_/X (sky130_fd_sc_hd__o31a_1)
                                         _072_ (net)
                  0.05    0.00    1.59 v _189_/B (sky130_fd_sc_hd__or3_1)
     1    0.01    0.10    0.40    1.99 v _189_/X (sky130_fd_sc_hd__or3_1)
                                         _074_ (net)
                  0.10    0.00    1.99 v _190_/B2 (sky130_fd_sc_hd__a22oi_4)
     9    0.03    0.25    0.26    2.25 ^ _190_/Y (sky130_fd_sc_hd__a22oi_4)
                                         _075_ (net)
                  0.25    0.00    2.25 ^ _199_/A (sky130_fd_sc_hd__buf_2)
    10    0.03    0.15    0.25    2.50 ^ _199_/X (sky130_fd_sc_hd__buf_2)
                                         _082_ (net)
                  0.15    0.00    2.50 ^ _255_/A (sky130_fd_sc_hd__and3_1)
     1    0.00    0.06    0.18    2.68 ^ _255_/X (sky130_fd_sc_hd__and3_1)
                                         _125_ (net)
                  0.06    0.00    2.68 ^ _256_/A (sky130_fd_sc_hd__clkbuf_1)
     1    0.00    0.06    0.10    2.77 ^ _256_/X (sky130_fd_sc_hd__clkbuf_1)
                                         _013_ (net)
                  0.06    0.00    2.78 ^ _352_/D (sky130_fd_sc_hd__dfrtp_2)
                                  2.78   data arrival time

                  0.00   10.00   10.00   clock core_clock (rise edge)
                          0.00   10.00   clock network delay (ideal)
                          0.00   10.00   clock reconvergence pessimism
                                 10.00 ^ _352_/CLK (sky130_fd_sc_hd__dfrtp_2)
                         -0.07    9.93   library setup time
                                  9.93   data required time
-----------------------------------------------------------------------------
                                  9.93   data required time
                                 -2.78   data arrival time
-----------------------------------------------------------------------------
                                  7.15   slack (MET)


Startpoint: _331_ (rising edge-triggered flip-flop clocked by core_clock)
Endpoint: _356_ (rising edge-triggered flip-flop clocked by core_clock)
Path Group: core_clock
Path Type: max

Fanout     Cap    Slew   Delay    Time   Description
-----------------------------------------------------------------------------
                  0.00    0.00    0.00   clock core_clock (rise edge)
                          0.00    0.00   clock network delay (ideal)
                  0.00    0.00    0.00 ^ _331_/CLK (sky130_fd_sc_hd__dfrtp_4)
     7    0.02    0.08    0.49    0.49 v _331_/Q (sky130_fd_sc_hd__dfrtp_4)
                                         one_second_counter[0] (net)
                  0.08    0.00    0.49 v _164_/D (sky130_fd_sc_hd__and4_2)
     6    0.02    0.07    0.29    0.77 v _164_/X (sky130_fd_sc_hd__and4_2)
                                         _156_ (net)
                  0.07    0.00    0.77 v _165_/D (sky130_fd_sc_hd__and4_2)
     6    0.02    0.08    0.29    1.06 v _165_/X (sky130_fd_sc_hd__and4_2)
                                         _157_ (net)
                  0.08    0.00    1.06 v _166_/B (sky130_fd_sc_hd__and2_2)
     5    0.02    0.07    0.25    1.31 v _166_/X (sky130_fd_sc_hd__and2_2)
                                         _158_ (net)
                  0.07    0.00    1.31 v _187_/A2 (sky130_fd_sc_hd__o31a_1)
     1    0.00    0.05    0.28    1.59 v _187_/X (sky130_fd_sc_hd__o31a_1)
                                         _072_ (net)
                  0.05    0.00    1.59 v _189_/B (sky130_fd_sc_hd__or3_1)
     1    0.01    0.10    0.40    1.99 v _189_/X (sky130_fd_sc_hd__or3_1)
                                         _074_ (net)
                  0.10    0.00    1.99 v _190_/B2 (sky130_fd_sc_hd__a22oi_4)
     9    0.03    0.25    0.26    2.25 ^ _190_/Y (sky130_fd_sc_hd__a22oi_4)
                                         _075_ (net)
                  0.25    0.00    2.25 ^ _199_/A (sky130_fd_sc_hd__buf_2)
    10    0.03    0.15    0.25    2.50 ^ _199_/X (sky130_fd_sc_hd__buf_2)
                                         _082_ (net)
                  0.15    0.00    2.50 ^ _271_/A (sky130_fd_sc_hd__and3_1)
     1    0.00    0.07    0.18    2.68 ^ _271_/X (sky130_fd_sc_hd__and3_1)
                                         _137_ (net)
                  0.07    0.00    2.68 ^ _272_/A (sky130_fd_sc_hd__clkbuf_1)
     1    0.00    0.05    0.09    2.77 ^ _272_/X (sky130_fd_sc_hd__clkbuf_1)
                                         _017_ (net)
                  0.05    0.00    2.77 ^ _356_/D (sky130_fd_sc_hd__dfrtp_4)
                                  2.77   data arrival time

                  0.00   10.00   10.00   clock core_clock (rise edge)
                          0.00   10.00   clock network delay (ideal)
                          0.00   10.00   clock reconvergence pessimism
                                 10.00 ^ _356_/CLK (sky130_fd_sc_hd__dfrtp_4)
                         -0.07    9.93   library setup time
                                  9.93   data required time
-----------------------------------------------------------------------------
                                  9.93   data required time
                                 -2.77   data arrival time
-----------------------------------------------------------------------------
                                  7.16   slack (MET)


Startpoint: _331_ (rising edge-triggered flip-flop clocked by core_clock)
Endpoint: _348_ (rising edge-triggered flip-flop clocked by core_clock)
Path Group: core_clock
Path Type: max

Fanout     Cap    Slew   Delay    Time   Description
-----------------------------------------------------------------------------
                  0.00    0.00    0.00   clock core_clock (rise edge)
                          0.00    0.00   clock network delay (ideal)
                  0.00    0.00    0.00 ^ _331_/CLK (sky130_fd_sc_hd__dfrtp_4)
     7    0.02    0.08    0.49    0.49 v _331_/Q (sky130_fd_sc_hd__dfrtp_4)
                                         one_second_counter[0] (net)
                  0.08    0.00    0.49 v _164_/D (sky130_fd_sc_hd__and4_2)
     6    0.02    0.07    0.29    0.77 v _164_/X (sky130_fd_sc_hd__and4_2)
                                         _156_ (net)
                  0.07    0.00    0.77 v _165_/D (sky130_fd_sc_hd__and4_2)
     6    0.02    0.08    0.29    1.06 v _165_/X (sky130_fd_sc_hd__and4_2)
                                         _157_ (net)
                  0.08    0.00    1.06 v _166_/B (sky130_fd_sc_hd__and2_2)
     5    0.02    0.07    0.25    1.31 v _166_/X (sky130_fd_sc_hd__and2_2)
                                         _158_ (net)
                  0.07    0.00    1.31 v _187_/A2 (sky130_fd_sc_hd__o31a_1)
     1    0.00    0.05    0.28    1.59 v _187_/X (sky130_fd_sc_hd__o31a_1)
                                         _072_ (net)
                  0.05    0.00    1.59 v _189_/B (sky130_fd_sc_hd__or3_1)
     1    0.01    0.10    0.40    1.99 v _189_/X (sky130_fd_sc_hd__or3_1)
                                         _074_ (net)
                  0.10    0.00    1.99 v _190_/B2 (sky130_fd_sc_hd__a22oi_4)
     9    0.03    0.25    0.26    2.25 ^ _190_/Y (sky130_fd_sc_hd__a22oi_4)
                                         _075_ (net)
                  0.25    0.00    2.25 ^ _199_/A (sky130_fd_sc_hd__buf_2)
    10    0.03    0.15    0.25    2.50 ^ _199_/X (sky130_fd_sc_hd__buf_2)
                                         _082_ (net)
                  0.15    0.00    2.50 ^ _239_/A (sky130_fd_sc_hd__and3_1)
     1    0.01    0.07    0.19    2.68 ^ _239_/X (sky130_fd_sc_hd__and3_1)
                                         _113_ (net)
                  0.07    0.00    2.68 ^ _240_/A (sky130_fd_sc_hd__clkbuf_1)
     1    0.00    0.04    0.08    2.77 ^ _240_/X (sky130_fd_sc_hd__clkbuf_1)
                                         _008_ (net)
                  0.04    0.00    2.77 ^ _348_/D (sky130_fd_sc_hd__dfrtp_2)
                                  2.77   data arrival time

                  0.00   10.00   10.00   clock core_clock (rise edge)
                          0.00   10.00   clock network delay (ideal)
                          0.00   10.00   clock reconvergence pessimism
                                 10.00 ^ _348_/CLK (sky130_fd_sc_hd__dfrtp_2)
                         -0.07    9.93   library setup time
                                  9.93   data required time
-----------------------------------------------------------------------------
                                  9.93   data required time
                                 -2.77   data arrival time
-----------------------------------------------------------------------------
                                  7.16   slack (MET)


Startpoint: _331_ (rising edge-triggered flip-flop clocked by core_clock)
Endpoint: _341_ (rising edge-triggered flip-flop clocked by core_clock)
Path Group: core_clock
Path Type: max

Fanout     Cap    Slew   Delay    Time   Description
-----------------------------------------------------------------------------
                  0.00    0.00    0.00   clock core_clock (rise edge)
                          0.00    0.00   clock network delay (ideal)
                  0.00    0.00    0.00 ^ _331_/CLK (sky130_fd_sc_hd__dfrtp_4)
     7    0.02    0.08    0.49    0.49 v _331_/Q (sky130_fd_sc_hd__dfrtp_4)
                                         one_second_counter[0] (net)
                  0.08    0.00    0.49 v _164_/D (sky130_fd_sc_hd__and4_2)
     6    0.02    0.07    0.29    0.77 v _164_/X (sky130_fd_sc_hd__and4_2)
                                         _156_ (net)
                  0.07    0.00    0.77 v _165_/D (sky130_fd_sc_hd__and4_2)
     6    0.02    0.08    0.29    1.06 v _165_/X (sky130_fd_sc_hd__and4_2)
                                         _157_ (net)
                  0.08    0.00    1.06 v _166_/B (sky130_fd_sc_hd__and2_2)
     5    0.02    0.07    0.25    1.31 v _166_/X (sky130_fd_sc_hd__and2_2)
                                         _158_ (net)
                  0.07    0.00    1.31 v _187_/A2 (sky130_fd_sc_hd__o31a_1)
     1    0.00    0.05    0.28    1.59 v _187_/X (sky130_fd_sc_hd__o31a_1)
                                         _072_ (net)
                  0.05    0.00    1.59 v _189_/B (sky130_fd_sc_hd__or3_1)
     1    0.01    0.10    0.40    1.99 v _189_/X (sky130_fd_sc_hd__or3_1)
                                         _074_ (net)
                  0.10    0.00    1.99 v _190_/B2 (sky130_fd_sc_hd__a22oi_4)
     9    0.03    0.25    0.26    2.25 ^ _190_/Y (sky130_fd_sc_hd__a22oi_4)
                                         _075_ (net)
                  0.25    0.00    2.25 ^ _199_/A (sky130_fd_sc_hd__buf_2)
    10    0.03    0.15    0.25    2.50 ^ _199_/X (sky130_fd_sc_hd__buf_2)
                                         _082_ (net)
                  0.15    0.00    2.50 ^ _211_/A (sky130_fd_sc_hd__and3_1)
     1    0.00    0.07    0.18    2.68 ^ _211_/X (sky130_fd_sc_hd__and3_1)
                                         _092_ (net)
                  0.07    0.00    2.68 ^ _212_/A (sky130_fd_sc_hd__clkbuf_1)
     1    0.00    0.04    0.08    2.76 ^ _212_/X (sky130_fd_sc_hd__clkbuf_1)
                                         _001_ (net)
                  0.04    0.00    2.76 ^ _341_/D (sky130_fd_sc_hd__dfrtp_2)
                                  2.76   data arrival time

                  0.00   10.00   10.00   clock core_clock (rise edge)
                          0.00   10.00   clock network delay (ideal)
                          0.00   10.00   clock reconvergence pessimism
                                 10.00 ^ _341_/CLK (sky130_fd_sc_hd__dfrtp_2)
                         -0.07    9.93   library setup time
                                  9.93   data required time
-----------------------------------------------------------------------------
                                  9.93   data required time
                                 -2.76   data arrival time
-----------------------------------------------------------------------------
                                  7.17   slack (MET)


Startpoint: _331_ (rising edge-triggered flip-flop clocked by core_clock)
Endpoint: _357_ (rising edge-triggered flip-flop clocked by core_clock)
Path Group: core_clock
Path Type: max

Fanout     Cap    Slew   Delay    Time   Description
-----------------------------------------------------------------------------
                  0.00    0.00    0.00   clock core_clock (rise edge)
                          0.00    0.00   clock network delay (ideal)
                  0.00    0.00    0.00 ^ _331_/CLK (sky130_fd_sc_hd__dfrtp_4)
     7    0.02    0.08    0.49    0.49 v _331_/Q (sky130_fd_sc_hd__dfrtp_4)
                                         one_second_counter[0] (net)
                  0.08    0.00    0.49 v _164_/D (sky130_fd_sc_hd__and4_2)
     6    0.02    0.07    0.29    0.77 v _164_/X (sky130_fd_sc_hd__and4_2)
                                         _156_ (net)
                  0.07    0.00    0.77 v _165_/D (sky130_fd_sc_hd__and4_2)
     6    0.02    0.08    0.29    1.06 v _165_/X (sky130_fd_sc_hd__and4_2)
                                         _157_ (net)
                  0.08    0.00    1.06 v _166_/B (sky130_fd_sc_hd__and2_2)
     5    0.02    0.07    0.25    1.31 v _166_/X (sky130_fd_sc_hd__and2_2)
                                         _158_ (net)
                  0.07    0.00    1.31 v _187_/A2 (sky130_fd_sc_hd__o31a_1)
     1    0.00    0.05    0.28    1.59 v _187_/X (sky130_fd_sc_hd__o31a_1)
                                         _072_ (net)
                  0.05    0.00    1.59 v _189_/B (sky130_fd_sc_hd__or3_1)
     1    0.01    0.10    0.40    1.99 v _189_/X (sky130_fd_sc_hd__or3_1)
                                         _074_ (net)
                  0.10    0.00    1.99 v _190_/B2 (sky130_fd_sc_hd__a22oi_4)
     9    0.03    0.25    0.26    2.25 ^ _190_/Y (sky130_fd_sc_hd__a22oi_4)
                                         _075_ (net)
                  0.25    0.00    2.25 ^ _199_/A (sky130_fd_sc_hd__buf_2)
    10    0.03    0.15    0.25    2.50 ^ _199_/X (sky130_fd_sc_hd__buf_2)
                                         _082_ (net)
                  0.15    0.00    2.50 ^ _274_/B1_N (sky130_fd_sc_hd__a21boi_1)
     1    0.00    0.13    0.19    2.69 ^ _274_/Y (sky130_fd_sc_hd__a21boi_1)
                                         _018_ (net)
                  0.13    0.00    2.69 ^ _357_/D (sky130_fd_sc_hd__dfrtp_4)
                                  2.69   data arrival time

                  0.00   10.00   10.00   clock core_clock (rise edge)
                          0.00   10.00   clock network delay (ideal)
                          0.00   10.00   clock reconvergence pessimism
                                 10.00 ^ _357_/CLK (sky130_fd_sc_hd__dfrtp_4)
                         -0.09    9.91   library setup time
                                  9.91   data required time
-----------------------------------------------------------------------------
                                  9.91   data required time
                                 -2.69   data arrival time
-----------------------------------------------------------------------------
                                  7.22   slack (MET)


Startpoint: _331_ (rising edge-triggered flip-flop clocked by core_clock)
Endpoint: _345_ (rising edge-triggered flip-flop clocked by core_clock)
Path Group: core_clock
Path Type: max

Fanout     Cap    Slew   Delay    Time   Description
-----------------------------------------------------------------------------
                  0.00    0.00    0.00   clock core_clock (rise edge)
                          0.00    0.00   clock network delay (ideal)
                  0.00    0.00    0.00 ^ _331_/CLK (sky130_fd_sc_hd__dfrtp_4)
     7    0.02    0.08    0.49    0.49 v _331_/Q (sky130_fd_sc_hd__dfrtp_4)
                                         one_second_counter[0] (net)
                  0.08    0.00    0.49 v _164_/D (sky130_fd_sc_hd__and4_2)
     6    0.02    0.07    0.29    0.77 v _164_/X (sky130_fd_sc_hd__and4_2)
                                         _156_ (net)
                  0.07    0.00    0.77 v _165_/D (sky130_fd_sc_hd__and4_2)
     6    0.02    0.08    0.29    1.06 v _165_/X (sky130_fd_sc_hd__and4_2)
                                         _157_ (net)
                  0.08    0.00    1.06 v _166_/B (sky130_fd_sc_hd__and2_2)
     5    0.02    0.07    0.25    1.31 v _166_/X (sky130_fd_sc_hd__and2_2)
                                         _158_ (net)
                  0.07    0.00    1.31 v _187_/A2 (sky130_fd_sc_hd__o31a_1)
     1    0.00    0.05    0.28    1.59 v _187_/X (sky130_fd_sc_hd__o31a_1)
                                         _072_ (net)
                  0.05    0.00    1.59 v _189_/B (sky130_fd_sc_hd__or3_1)
     1    0.01    0.10    0.40    1.99 v _189_/X (sky130_fd_sc_hd__or3_1)
                                         _074_ (net)
                  0.10    0.00    1.99 v _190_/B2 (sky130_fd_sc_hd__a22oi_4)
     9    0.03    0.25    0.26    2.25 ^ _190_/Y (sky130_fd_sc_hd__a22oi_4)
                                         _075_ (net)
                  0.25    0.00    2.25 ^ _199_/A (sky130_fd_sc_hd__buf_2)
    10    0.03    0.15    0.25    2.50 ^ _199_/X (sky130_fd_sc_hd__buf_2)
                                         _082_ (net)
                  0.15    0.00    2.50 ^ _227_/C1 (sky130_fd_sc_hd__o211a_1)
     1    0.01    0.07    0.19    2.68 ^ _227_/X (sky130_fd_sc_hd__o211a_1)
                                         _005_ (net)
                  0.07    0.00    2.68 ^ _345_/D (sky130_fd_sc_hd__dfrtp_2)
                                  2.68   data arrival time

                  0.00   10.00   10.00   clock core_clock (rise edge)
                          0.00   10.00   clock network delay (ideal)
                          0.00   10.00   clock reconvergence pessimism
                                 10.00 ^ _345_/CLK (sky130_fd_sc_hd__dfrtp_2)
                         -0.08    9.92   library setup time
                                  9.92   data required time
-----------------------------------------------------------------------------
                                  9.92   data required time
                                 -2.68   data arrival time
-----------------------------------------------------------------------------
                                  7.24   slack (MET)


Startpoint: _331_ (rising edge-triggered flip-flop clocked by core_clock)
Endpoint: _340_ (rising edge-triggered flip-flop clocked by core_clock)
Path Group: core_clock
Path Type: max

Fanout     Cap    Slew   Delay    Time   Description
-----------------------------------------------------------------------------
                  0.00    0.00    0.00   clock core_clock (rise edge)
                          0.00    0.00   clock network delay (ideal)
                  0.00    0.00    0.00 ^ _331_/CLK (sky130_fd_sc_hd__dfrtp_4)
     7    0.02    0.08    0.49    0.49 v _331_/Q (sky130_fd_sc_hd__dfrtp_4)
                                         one_second_counter[0] (net)
                  0.08    0.00    0.49 v _164_/D (sky130_fd_sc_hd__and4_2)
     6    0.02    0.07    0.29    0.77 v _164_/X (sky130_fd_sc_hd__and4_2)
                                         _156_ (net)
                  0.07    0.00    0.77 v _165_/D (sky130_fd_sc_hd__and4_2)
     6    0.02    0.08    0.29    1.06 v _165_/X (sky130_fd_sc_hd__and4_2)
                                         _157_ (net)
                  0.08    0.00    1.06 v _166_/B (sky130_fd_sc_hd__and2_2)
     5    0.02    0.07    0.25    1.31 v _166_/X (sky130_fd_sc_hd__and2_2)
                                         _158_ (net)
                  0.07    0.00    1.31 v _187_/A2 (sky130_fd_sc_hd__o31a_1)
     1    0.00    0.05    0.28    1.59 v _187_/X (sky130_fd_sc_hd__o31a_1)
                                         _072_ (net)
                  0.05    0.00    1.59 v _189_/B (sky130_fd_sc_hd__or3_1)
     1    0.01    0.10    0.40    1.99 v _189_/X (sky130_fd_sc_hd__or3_1)
                                         _074_ (net)
                  0.10    0.00    1.99 v _190_/B2 (sky130_fd_sc_hd__a22oi_4)
     9    0.03    0.25    0.26    2.25 ^ _190_/Y (sky130_fd_sc_hd__a22oi_4)
                                         _075_ (net)
                  0.25    0.00    2.25 ^ _207_/C (sky130_fd_sc_hd__and3b_1)
     1    0.01    0.10    0.24    2.48 ^ _207_/X (sky130_fd_sc_hd__and3b_1)
                                         _089_ (net)
                  0.10    0.00    2.48 ^ _208_/A (sky130_fd_sc_hd__buf_1)
     1    0.01    0.10    0.14    2.62 ^ _208_/X (sky130_fd_sc_hd__buf_1)
                                         _026_ (net)
                  0.10    0.00    2.62 ^ _340_/D (sky130_fd_sc_hd__dfrtp_1)
                                  2.62   data arrival time

                  0.00   10.00   10.00   clock core_clock (rise edge)
                          0.00   10.00   clock network delay (ideal)
                          0.00   10.00   clock reconvergence pessimism
                                 10.00 ^ _340_/CLK (sky130_fd_sc_hd__dfrtp_1)
                         -0.08    9.92   library setup time
                                  9.92   data required time
-----------------------------------------------------------------------------
                                  9.92   data required time
                                 -2.62   data arrival time
-----------------------------------------------------------------------------
                                  7.30   slack (MET)


Startpoint: _331_ (rising edge-triggered flip-flop clocked by core_clock)
Endpoint: _354_ (rising edge-triggered flip-flop clocked by core_clock)
Path Group: core_clock
Path Type: max

Fanout     Cap    Slew   Delay    Time   Description
-----------------------------------------------------------------------------
                  0.00    0.00    0.00   clock core_clock (rise edge)
                          0.00    0.00   clock network delay (ideal)
                  0.00    0.00    0.00 ^ _331_/CLK (sky130_fd_sc_hd__dfrtp_4)
     7    0.02    0.08    0.49    0.49 v _331_/Q (sky130_fd_sc_hd__dfrtp_4)
                                         one_second_counter[0] (net)
                  0.08    0.00    0.49 v _164_/D (sky130_fd_sc_hd__and4_2)
     6    0.02    0.07    0.29    0.77 v _164_/X (sky130_fd_sc_hd__and4_2)
                                         _156_ (net)
                  0.07    0.00    0.77 v _165_/D (sky130_fd_sc_hd__and4_2)
     6    0.02    0.08    0.29    1.06 v _165_/X (sky130_fd_sc_hd__and4_2)
                                         _157_ (net)
                  0.08    0.00    1.06 v _166_/B (sky130_fd_sc_hd__and2_2)
     5    0.02    0.07    0.25    1.31 v _166_/X (sky130_fd_sc_hd__and2_2)
                                         _158_ (net)
                  0.07    0.00    1.31 v _187_/A2 (sky130_fd_sc_hd__o31a_1)
     1    0.00    0.05    0.28    1.59 v _187_/X (sky130_fd_sc_hd__o31a_1)
                                         _072_ (net)
                  0.05    0.00    1.59 v _189_/B (sky130_fd_sc_hd__or3_1)
     1    0.01    0.10    0.40    1.99 v _189_/X (sky130_fd_sc_hd__or3_1)
                                         _074_ (net)
                  0.10    0.00    1.99 v _190_/B2 (sky130_fd_sc_hd__a22oi_4)
     9    0.03    0.25    0.26    2.25 ^ _190_/Y (sky130_fd_sc_hd__a22oi_4)
                                         _075_ (net)
                  0.25    0.00    2.25 ^ _263_/B (sky130_fd_sc_hd__and3b_1)
     1    0.00    0.07    0.21    2.46 ^ _263_/X (sky130_fd_sc_hd__and3b_1)
                                         _131_ (net)
                  0.07    0.00    2.46 ^ _264_/A (sky130_fd_sc_hd__buf_1)
     1    0.01    0.09    0.12    2.58 ^ _264_/X (sky130_fd_sc_hd__buf_1)
                                         _015_ (net)
                  0.09    0.00    2.58 ^ _354_/D (sky130_fd_sc_hd__dfrtp_1)
                                  2.58   data arrival time

                  0.00   10.00   10.00   clock core_clock (rise edge)
                          0.00   10.00   clock network delay (ideal)
                          0.00   10.00   clock reconvergence pessimism
                                 10.00 ^ _354_/CLK (sky130_fd_sc_hd__dfrtp_1)
                         -0.08    9.92   library setup time
                                  9.92   data required time
-----------------------------------------------------------------------------
                                  9.92   data required time
                                 -2.58   data arrival time
-----------------------------------------------------------------------------
                                  7.34   slack (MET)


Startpoint: _331_ (rising edge-triggered flip-flop clocked by core_clock)
Endpoint: _342_ (rising edge-triggered flip-flop clocked by core_clock)
Path Group: core_clock
Path Type: max

Fanout     Cap    Slew   Delay    Time   Description
-----------------------------------------------------------------------------
                  0.00    0.00    0.00   clock core_clock (rise edge)
                          0.00    0.00   clock network delay (ideal)
                  0.00    0.00    0.00 ^ _331_/CLK (sky130_fd_sc_hd__dfrtp_4)
     7    0.02    0.08    0.49    0.49 v _331_/Q (sky130_fd_sc_hd__dfrtp_4)
                                         one_second_counter[0] (net)
                  0.08    0.00    0.49 v _164_/D (sky130_fd_sc_hd__and4_2)
     6    0.02    0.07    0.29    0.77 v _164_/X (sky130_fd_sc_hd__and4_2)
                                         _156_ (net)
                  0.07    0.00    0.77 v _165_/D (sky130_fd_sc_hd__and4_2)
     6    0.02    0.08    0.29    1.06 v _165_/X (sky130_fd_sc_hd__and4_2)
                                         _157_ (net)
                  0.08    0.00    1.06 v _166_/B (sky130_fd_sc_hd__and2_2)
     5    0.02    0.07    0.25    1.31 v _166_/X (sky130_fd_sc_hd__and2_2)
                                         _158_ (net)
                  0.07    0.00    1.31 v _187_/A2 (sky130_fd_sc_hd__o31a_1)
     1    0.00    0.05    0.28    1.59 v _187_/X (sky130_fd_sc_hd__o31a_1)
                                         _072_ (net)
                  0.05    0.00    1.59 v _189_/B (sky130_fd_sc_hd__or3_1)
     1    0.01    0.10    0.40    1.99 v _189_/X (sky130_fd_sc_hd__or3_1)
                                         _074_ (net)
                  0.10    0.00    1.99 v _190_/B2 (sky130_fd_sc_hd__a22oi_4)
     9    0.03    0.25    0.26    2.25 ^ _190_/Y (sky130_fd_sc_hd__a22oi_4)
                                         _075_ (net)
                  0.25    0.00    2.25 ^ _216_/C (sky130_fd_sc_hd__and3b_1)
     1    0.01    0.08    0.22    2.47 ^ _216_/X (sky130_fd_sc_hd__and3b_1)
                                         _096_ (net)
                  0.08    0.00    2.47 ^ _217_/A (sky130_fd_sc_hd__clkbuf_1)
     1    0.00    0.07    0.11    2.57 ^ _217_/X (sky130_fd_sc_hd__clkbuf_1)
                                         _002_ (net)
                  0.07    0.00    2.57 ^ _342_/D (sky130_fd_sc_hd__dfrtp_1)
                                  2.57   data arrival time

                  0.00   10.00   10.00   clock core_clock (rise edge)
                          0.00   10.00   clock network delay (ideal)
                          0.00   10.00   clock reconvergence pessimism
                                 10.00 ^ _342_/CLK (sky130_fd_sc_hd__dfrtp_1)
                         -0.07    9.93   library setup time
                                  9.93   data required time
-----------------------------------------------------------------------------
                                  9.93   data required time
                                 -2.57   data arrival time
-----------------------------------------------------------------------------
                                  7.36   slack (MET)


Startpoint: _331_ (rising edge-triggered flip-flop clocked by core_clock)
Endpoint: _343_ (rising edge-triggered flip-flop clocked by core_clock)
Path Group: core_clock
Path Type: max

Fanout     Cap    Slew   Delay    Time   Description
-----------------------------------------------------------------------------
                  0.00    0.00    0.00   clock core_clock (rise edge)
                          0.00    0.00   clock network delay (ideal)
                  0.00    0.00    0.00 ^ _331_/CLK (sky130_fd_sc_hd__dfrtp_4)
     7    0.02    0.08    0.49    0.49 v _331_/Q (sky130_fd_sc_hd__dfrtp_4)
                                         one_second_counter[0] (net)
                  0.08    0.00    0.49 v _164_/D (sky130_fd_sc_hd__and4_2)
     6    0.02    0.07    0.29    0.77 v _164_/X (sky130_fd_sc_hd__and4_2)
                                         _156_ (net)
                  0.07    0.00    0.77 v _165_/D (sky130_fd_sc_hd__and4_2)
     6    0.02    0.08    0.29    1.06 v _165_/X (sky130_fd_sc_hd__and4_2)
                                         _157_ (net)
                  0.08    0.00    1.06 v _166_/B (sky130_fd_sc_hd__and2_2)
     5    0.02    0.07    0.25    1.31 v _166_/X (sky130_fd_sc_hd__and2_2)
                                         _158_ (net)
                  0.07    0.00    1.31 v _187_/A2 (sky130_fd_sc_hd__o31a_1)
     1    0.00    0.05    0.28    1.59 v _187_/X (sky130_fd_sc_hd__o31a_1)
                                         _072_ (net)
                  0.05    0.00    1.59 v _189_/B (sky130_fd_sc_hd__or3_1)
     1    0.01    0.10    0.40    1.99 v _189_/X (sky130_fd_sc_hd__or3_1)
                                         _074_ (net)
                  0.10    0.00    1.99 v _190_/B2 (sky130_fd_sc_hd__a22oi_4)
     9    0.03    0.25    0.26    2.25 ^ _190_/Y (sky130_fd_sc_hd__a22oi_4)
                                         _075_ (net)
                  0.25    0.00    2.25 ^ _220_/C (sky130_fd_sc_hd__and3b_1)
     1    0.01    0.09    0.23    2.47 ^ _220_/X (sky130_fd_sc_hd__and3b_1)
                                         _099_ (net)
                  0.09    0.00    2.47 ^ _221_/A (sky130_fd_sc_hd__clkbuf_1)
     1    0.00    0.05    0.10    2.57 ^ _221_/X (sky130_fd_sc_hd__clkbuf_1)
                                         _003_ (net)
                  0.05    0.00    2.57 ^ _343_/D (sky130_fd_sc_hd__dfrtp_4)
                                  2.57   data arrival time

                  0.00   10.00   10.00   clock core_clock (rise edge)
                          0.00   10.00   clock network delay (ideal)
                          0.00   10.00   clock reconvergence pessimism
                                 10.00 ^ _343_/CLK (sky130_fd_sc_hd__dfrtp_4)
                         -0.07    9.93   library setup time
                                  9.93   data required time
-----------------------------------------------------------------------------
                                  9.93   data required time
                                 -2.57   data arrival time
-----------------------------------------------------------------------------
                                  7.36   slack (MET)


Startpoint: _331_ (rising edge-triggered flip-flop clocked by core_clock)
Endpoint: _347_ (rising edge-triggered flip-flop clocked by core_clock)
Path Group: core_clock
Path Type: max

Fanout     Cap    Slew   Delay    Time   Description
-----------------------------------------------------------------------------
                  0.00    0.00    0.00   clock core_clock (rise edge)
                          0.00    0.00   clock network delay (ideal)
                  0.00    0.00    0.00 ^ _331_/CLK (sky130_fd_sc_hd__dfrtp_4)
     7    0.02    0.08    0.49    0.49 v _331_/Q (sky130_fd_sc_hd__dfrtp_4)
                                         one_second_counter[0] (net)
                  0.08    0.00    0.49 v _164_/D (sky130_fd_sc_hd__and4_2)
     6    0.02    0.07    0.29    0.77 v _164_/X (sky130_fd_sc_hd__and4_2)
                                         _156_ (net)
                  0.07    0.00    0.77 v _165_/D (sky130_fd_sc_hd__and4_2)
     6    0.02    0.08    0.29    1.06 v _165_/X (sky130_fd_sc_hd__and4_2)
                                         _157_ (net)
                  0.08    0.00    1.06 v _166_/B (sky130_fd_sc_hd__and2_2)
     5    0.02    0.07    0.25    1.31 v _166_/X (sky130_fd_sc_hd__and2_2)
                                         _158_ (net)
                  0.07    0.00    1.31 v _187_/A2 (sky130_fd_sc_hd__o31a_1)
     1    0.00    0.05    0.28    1.59 v _187_/X (sky130_fd_sc_hd__o31a_1)
                                         _072_ (net)
                  0.05    0.00    1.59 v _189_/B (sky130_fd_sc_hd__or3_1)
     1    0.01    0.10    0.40    1.99 v _189_/X (sky130_fd_sc_hd__or3_1)
                                         _074_ (net)
                  0.10    0.00    1.99 v _190_/B2 (sky130_fd_sc_hd__a22oi_4)
     9    0.03    0.25    0.26    2.25 ^ _190_/Y (sky130_fd_sc_hd__a22oi_4)
                                         _075_ (net)
                  0.25    0.00    2.25 ^ _235_/C (sky130_fd_sc_hd__and3b_1)
     1    0.01    0.08    0.22    2.47 ^ _235_/X (sky130_fd_sc_hd__and3b_1)
                                         _110_ (net)
                  0.08    0.00    2.47 ^ _236_/A (sky130_fd_sc_hd__clkbuf_1)
     1    0.00    0.06    0.10    2.57 ^ _236_/X (sky130_fd_sc_hd__clkbuf_1)
                                         _007_ (net)
                  0.06    0.00    2.57 ^ _347_/D (sky130_fd_sc_hd__dfrtp_1)
                                  2.57   data arrival time

                  0.00   10.00   10.00   clock core_clock (rise edge)
                          0.00   10.00   clock network delay (ideal)
                          0.00   10.00   clock reconvergence pessimism
                                 10.00 ^ _347_/CLK (sky130_fd_sc_hd__dfrtp_1)
                         -0.07    9.93   library setup time
                                  9.93   data required time
-----------------------------------------------------------------------------
                                  9.93   data required time
                                 -2.57   data arrival time
-----------------------------------------------------------------------------
                                  7.36   slack (MET)


Startpoint: _331_ (rising edge-triggered flip-flop clocked by core_clock)
Endpoint: _336_ (rising edge-triggered flip-flop clocked by core_clock)
Path Group: core_clock
Path Type: max

Fanout     Cap    Slew   Delay    Time   Description
-----------------------------------------------------------------------------
                  0.00    0.00    0.00   clock core_clock (rise edge)
                          0.00    0.00   clock network delay (ideal)
                  0.00    0.00    0.00 ^ _331_/CLK (sky130_fd_sc_hd__dfrtp_4)
     7    0.02    0.08    0.49    0.49 v _331_/Q (sky130_fd_sc_hd__dfrtp_4)
                                         one_second_counter[0] (net)
                  0.08    0.00    0.49 v _164_/D (sky130_fd_sc_hd__and4_2)
     6    0.02    0.07    0.29    0.77 v _164_/X (sky130_fd_sc_hd__and4_2)
                                         _156_ (net)
                  0.07    0.00    0.77 v _165_/D (sky130_fd_sc_hd__and4_2)
     6    0.02    0.08    0.29    1.06 v _165_/X (sky130_fd_sc_hd__and4_2)
                                         _157_ (net)
                  0.08    0.00    1.06 v _166_/B (sky130_fd_sc_hd__and2_2)
     5    0.02    0.07    0.25    1.31 v _166_/X (sky130_fd_sc_hd__and2_2)
                                         _158_ (net)
                  0.07    0.00    1.31 v _187_/A2 (sky130_fd_sc_hd__o31a_1)
     1    0.00    0.05    0.28    1.59 v _187_/X (sky130_fd_sc_hd__o31a_1)
                                         _072_ (net)
                  0.05    0.00    1.59 v _189_/B (sky130_fd_sc_hd__or3_1)
     1    0.01    0.10    0.40    1.99 v _189_/X (sky130_fd_sc_hd__or3_1)
                                         _074_ (net)
                  0.10    0.00    1.99 v _190_/B2 (sky130_fd_sc_hd__a22oi_4)
     9    0.03    0.25    0.26    2.25 ^ _190_/Y (sky130_fd_sc_hd__a22oi_4)
                                         _075_ (net)
                  0.25    0.00    2.25 ^ _293_/B (sky130_fd_sc_hd__and3b_1)
     1    0.01    0.08    0.22    2.47 ^ _293_/X (sky130_fd_sc_hd__and3b_1)
                                         _152_ (net)
                  0.08    0.00    2.47 ^ _294_/A (sky130_fd_sc_hd__clkbuf_1)
     1    0.00    0.05    0.10    2.57 ^ _294_/X (sky130_fd_sc_hd__clkbuf_1)
                                         _022_ (net)
                  0.05    0.00    2.57 ^ _336_/D (sky130_fd_sc_hd__dfrtp_1)
                                  2.57   data arrival time

                  0.00   10.00   10.00   clock core_clock (rise edge)
                          0.00   10.00   clock network delay (ideal)
                          0.00   10.00   clock reconvergence pessimism
                                 10.00 ^ _336_/CLK (sky130_fd_sc_hd__dfrtp_1)
                         -0.07    9.93   library setup time
                                  9.93   data required time
-----------------------------------------------------------------------------
                                  9.93   data required time
                                 -2.57   data arrival time
-----------------------------------------------------------------------------
                                  7.37   slack (MET)


Startpoint: _331_ (rising edge-triggered flip-flop clocked by core_clock)
Endpoint: _334_ (rising edge-triggered flip-flop clocked by core_clock)
Path Group: core_clock
Path Type: max

Fanout     Cap    Slew   Delay    Time   Description
-----------------------------------------------------------------------------
                  0.00    0.00    0.00   clock core_clock (rise edge)
                          0.00    0.00   clock network delay (ideal)
                  0.00    0.00    0.00 ^ _331_/CLK (sky130_fd_sc_hd__dfrtp_4)
     7    0.02    0.08    0.49    0.49 v _331_/Q (sky130_fd_sc_hd__dfrtp_4)
                                         one_second_counter[0] (net)
                  0.08    0.00    0.49 v _164_/D (sky130_fd_sc_hd__and4_2)
     6    0.02    0.07    0.29    0.77 v _164_/X (sky130_fd_sc_hd__and4_2)
                                         _156_ (net)
                  0.07    0.00    0.77 v _165_/D (sky130_fd_sc_hd__and4_2)
     6    0.02    0.08    0.29    1.06 v _165_/X (sky130_fd_sc_hd__and4_2)
                                         _157_ (net)
                  0.08    0.00    1.06 v _166_/B (sky130_fd_sc_hd__and2_2)
     5    0.02    0.07    0.25    1.31 v _166_/X (sky130_fd_sc_hd__and2_2)
                                         _158_ (net)
                  0.07    0.00    1.31 v _187_/A2 (sky130_fd_sc_hd__o31a_1)
     1    0.00    0.05    0.28    1.59 v _187_/X (sky130_fd_sc_hd__o31a_1)
                                         _072_ (net)
                  0.05    0.00    1.59 v _189_/B (sky130_fd_sc_hd__or3_1)
     1    0.01    0.10    0.40    1.99 v _189_/X (sky130_fd_sc_hd__or3_1)
                                         _074_ (net)
                  0.10    0.00    1.99 v _190_/B2 (sky130_fd_sc_hd__a22oi_4)
     9    0.03    0.25    0.26    2.25 ^ _190_/Y (sky130_fd_sc_hd__a22oi_4)
                                         _075_ (net)
                  0.25    0.00    2.25 ^ _286_/B (sky130_fd_sc_hd__and3b_1)
     1    0.00    0.07    0.21    2.46 ^ _286_/X (sky130_fd_sc_hd__and3b_1)
                                         _147_ (net)
                  0.07    0.00    2.46 ^ _287_/A (sky130_fd_sc_hd__clkbuf_1)
     1    0.00    0.06    0.10    2.56 ^ _287_/X (sky130_fd_sc_hd__clkbuf_1)
                                         _020_ (net)
                  0.06    0.00    2.56 ^ _334_/D (sky130_fd_sc_hd__dfrtp_1)
                                  2.56   data arrival time

                  0.00   10.00   10.00   clock core_clock (rise edge)
                          0.00   10.00   clock network delay (ideal)
                          0.00   10.00   clock reconvergence pessimism
                                 10.00 ^ _334_/CLK (sky130_fd_sc_hd__dfrtp_1)
                         -0.07    9.93   library setup time
                                  9.93   data required time
-----------------------------------------------------------------------------
                                  9.93   data required time
                                 -2.56   data arrival time
-----------------------------------------------------------------------------
                                  7.37   slack (MET)


Startpoint: _345_ (rising edge-triggered flip-flop clocked by core_clock)
Endpoint: _328_ (rising edge-triggered flip-flop clocked by core_clock)
Path Group: core_clock
Path Type: max

Fanout     Cap    Slew   Delay    Time   Description
-----------------------------------------------------------------------------
                  0.00    0.00    0.00   clock core_clock (rise edge)
                          0.00    0.00   clock network delay (ideal)
                  0.00    0.00    0.00 ^ _345_/CLK (sky130_fd_sc_hd__dfrtp_2)
     4    0.02    0.10    0.38    0.38 ^ _345_/Q (sky130_fd_sc_hd__dfrtp_2)
                                         one_second_counter[14] (net)
                  0.10    0.00    0.38 ^ _171_/B (sky130_fd_sc_hd__and3_1)
     2    0.01    0.07    0.18    0.55 ^ _171_/X (sky130_fd_sc_hd__and3_1)
                                         _163_ (net)
                  0.07    0.00    0.55 ^ _172_/D_N (sky130_fd_sc_hd__or4b_2)
     2    0.01    0.14    0.66    1.21 v _172_/X (sky130_fd_sc_hd__or4b_2)
                                         _060_ (net)
                  0.14    0.00    1.21 v _173_/C (sky130_fd_sc_hd__nor3_1)
     1    0.00    0.18    0.19    1.40 ^ _173_/Y (sky130_fd_sc_hd__nor3_1)
                                         _061_ (net)
                  0.18    0.00    1.40 ^ _174_/D (sky130_fd_sc_hd__and4b_2)
     4    0.02    0.12    0.32    1.72 ^ _174_/X (sky130_fd_sc_hd__and4b_2)
                                         _062_ (net)
                  0.12    0.00    1.72 ^ _181_/B (sky130_fd_sc_hd__nand2_1)
     2    0.01    0.10    0.12    1.84 v _181_/Y (sky130_fd_sc_hd__nand2_1)
                                         _068_ (net)
                  0.10    0.00    1.84 v _184_/A (sky130_fd_sc_hd__and2_1)
     1    0.01    0.05    0.18    2.02 v _184_/X (sky130_fd_sc_hd__and2_1)
                                         _070_ (net)
                  0.05    0.00    2.02 v _185_/A (sky130_fd_sc_hd__clkbuf_1)
     1    0.01    0.04    0.11    2.12 v _185_/X (sky130_fd_sc_hd__clkbuf_1)
                                         _057_ (net)
                  0.04    0.00    2.12 v _328_/D (sky130_fd_sc_hd__dfrtp_2)
                                  2.12   data arrival time

                  0.00   10.00   10.00   clock core_clock (rise edge)
                          0.00   10.00   clock network delay (ideal)
                          0.00   10.00   clock reconvergence pessimism
                                 10.00 ^ _328_/CLK (sky130_fd_sc_hd__dfrtp_2)
                         -0.13    9.87   library setup time
                                  9.87   data required time
-----------------------------------------------------------------------------
                                  9.87   data required time
                                 -2.12   data arrival time
-----------------------------------------------------------------------------
                                  7.75   slack (MET)


Startpoint: _345_ (rising edge-triggered flip-flop clocked by core_clock)
Endpoint: _329_ (rising edge-triggered flip-flop clocked by core_clock)
Path Group: core_clock
Path Type: max

Fanout     Cap    Slew   Delay    Time   Description
-----------------------------------------------------------------------------
                  0.00    0.00    0.00   clock core_clock (rise edge)
                          0.00    0.00   clock network delay (ideal)
                  0.00    0.00    0.00 ^ _345_/CLK (sky130_fd_sc_hd__dfrtp_2)
     4    0.02    0.10    0.38    0.38 ^ _345_/Q (sky130_fd_sc_hd__dfrtp_2)
                                         one_second_counter[14] (net)
                  0.10    0.00    0.38 ^ _171_/B (sky130_fd_sc_hd__and3_1)
     2    0.01    0.07    0.18    0.55 ^ _171_/X (sky130_fd_sc_hd__and3_1)
                                         _163_ (net)
                  0.07    0.00    0.55 ^ _172_/D_N (sky130_fd_sc_hd__or4b_2)
     2    0.01    0.14    0.66    1.21 v _172_/X (sky130_fd_sc_hd__or4b_2)
                                         _060_ (net)
                  0.14    0.00    1.21 v _173_/C (sky130_fd_sc_hd__nor3_1)
     1    0.00    0.18    0.19    1.40 ^ _173_/Y (sky130_fd_sc_hd__nor3_1)
                                         _061_ (net)
                  0.18    0.00    1.40 ^ _174_/D (sky130_fd_sc_hd__and4b_2)
     4    0.02    0.12    0.32    1.72 ^ _174_/X (sky130_fd_sc_hd__and4b_2)
                                         _062_ (net)
                  0.12    0.00    1.72 ^ _181_/B (sky130_fd_sc_hd__nand2_1)
     2    0.01    0.10    0.12    1.84 v _181_/Y (sky130_fd_sc_hd__nand2_1)
                                         _068_ (net)
                  0.10    0.00    1.84 v _182_/B (sky130_fd_sc_hd__xnor2_1)
     1    0.00    0.05    0.15    1.99 v _182_/Y (sky130_fd_sc_hd__xnor2_1)
                                         _058_ (net)
                  0.05    0.00    1.99 v _329_/D (sky130_fd_sc_hd__dfrtp_2)
                                  1.99   data arrival time

                  0.00   10.00   10.00   clock core_clock (rise edge)
                          0.00   10.00   clock network delay (ideal)
                          0.00   10.00   clock reconvergence pessimism
                                 10.00 ^ _329_/CLK (sky130_fd_sc_hd__dfrtp_2)
                         -0.13    9.87   library setup time
                                  9.87   data required time
-----------------------------------------------------------------------------
                                  9.87   data required time
                                 -1.99   data arrival time
-----------------------------------------------------------------------------
                                  7.88   slack (MET)


Startpoint: _345_ (rising edge-triggered flip-flop clocked by core_clock)
Endpoint: _330_ (rising edge-triggered flip-flop clocked by core_clock)
Path Group: core_clock
Path Type: max

Fanout     Cap    Slew   Delay    Time   Description
-----------------------------------------------------------------------------
                  0.00    0.00    0.00   clock core_clock (rise edge)
                          0.00    0.00   clock network delay (ideal)
                  0.00    0.00    0.00 ^ _345_/CLK (sky130_fd_sc_hd__dfrtp_2)
     4    0.02    0.10    0.38    0.38 ^ _345_/Q (sky130_fd_sc_hd__dfrtp_2)
                                         one_second_counter[14] (net)
                  0.10    0.00    0.38 ^ _171_/B (sky130_fd_sc_hd__and3_1)
     2    0.01    0.07    0.18    0.55 ^ _171_/X (sky130_fd_sc_hd__and3_1)
                                         _163_ (net)
                  0.07    0.00    0.55 ^ _172_/D_N (sky130_fd_sc_hd__or4b_2)
     2    0.01    0.14    0.66    1.21 v _172_/X (sky130_fd_sc_hd__or4b_2)
                                         _060_ (net)
                  0.14    0.00    1.21 v _173_/C (sky130_fd_sc_hd__nor3_1)
     1    0.00    0.18    0.19    1.40 ^ _173_/Y (sky130_fd_sc_hd__nor3_1)
                                         _061_ (net)
                  0.18    0.00    1.40 ^ _174_/D (sky130_fd_sc_hd__and4b_2)
     4    0.02    0.12    0.32    1.72 ^ _174_/X (sky130_fd_sc_hd__and4b_2)
                                         _062_ (net)
                  0.12    0.00    1.72 ^ _179_/A (sky130_fd_sc_hd__and3_1)
     1    0.01    0.09    0.19    1.91 ^ _179_/X (sky130_fd_sc_hd__and3_1)
                                         _067_ (net)
                  0.09    0.00    1.91 ^ _180_/B1 (sky130_fd_sc_hd__a21o_1)
     1    0.01    0.07    0.11    2.03 ^ _180_/X (sky130_fd_sc_hd__a21o_1)
                                         _059_ (net)
                  0.07    0.00    2.03 ^ _330_/D (sky130_fd_sc_hd__dfrtp_2)
                                  2.03   data arrival time

                  0.00   10.00   10.00   clock core_clock (rise edge)
                          0.00   10.00   clock network delay (ideal)
                          0.00   10.00   clock reconvergence pessimism
                                 10.00 ^ _330_/CLK (sky130_fd_sc_hd__dfrtp_2)
                         -0.08    9.92   library setup time
                                  9.92   data required time
-----------------------------------------------------------------------------
                                  9.92   data required time
                                 -2.03   data arrival time
-----------------------------------------------------------------------------
                                  7.90   slack (MET)



worst slack corner Typical: 7.0578
