
===========================================================================
report_checks -unconstrained
===========================================================================
======================= Typical Corner ===================================

Startpoint: _331_ (rising edge-triggered flip-flop clocked by core_clock)
Endpoint: _350_ (rising edge-triggered flip-flop clocked by core_clock)
Path Group: core_clock
Path Type: max

Fanout     Cap    Slew   Delay    Time   Description
-----------------------------------------------------------------------------
                  0.00    0.00    0.00   clock core_clock (rise edge)
                          0.00    0.00   clock network delay (ideal)
                  0.00    0.00    0.00 ^ _331_/CLK (sky130_fd_sc_hd__dfrtp_4)
     7    0.02    0.08    0.49    0.49 v _331_/Q (sky130_fd_sc_hd__dfrtp_4)
                                         one_second_counter[0] (net)
                  0.08    0.00    0.49 v _164_/D (sky130_fd_sc_hd__and4_2)
     6    0.02    0.07    0.29    0.77 v _164_/X (sky130_fd_sc_hd__and4_2)
                                         _156_ (net)
                  0.07    0.00    0.77 v _165_/D (sky130_fd_sc_hd__and4_2)
     6    0.02    0.08    0.29    1.06 v _165_/X (sky130_fd_sc_hd__and4_2)
                                         _157_ (net)
                  0.08    0.00    1.06 v _166_/B (sky130_fd_sc_hd__and2_2)
     5    0.02    0.07    0.25    1.31 v _166_/X (sky130_fd_sc_hd__and2_2)
                                         _158_ (net)
                  0.07    0.00    1.31 v _187_/A2 (sky130_fd_sc_hd__o31a_1)
     1    0.00    0.05    0.28    1.59 v _187_/X (sky130_fd_sc_hd__o31a_1)
                                         _072_ (net)
                  0.05    0.00    1.59 v _189_/B (sky130_fd_sc_hd__or3_1)
     1    0.01    0.10    0.40    1.99 v _189_/X (sky130_fd_sc_hd__or3_1)
                                         _074_ (net)
                  0.10    0.00    1.99 v _190_/B2 (sky130_fd_sc_hd__a22oi_4)
     9    0.03    0.25    0.26    2.25 ^ _190_/Y (sky130_fd_sc_hd__a22oi_4)
                                         _075_ (net)
                  0.25    0.00    2.25 ^ _191_/A (sky130_fd_sc_hd__buf_2)
    10    0.03    0.15    0.25    2.49 ^ _191_/X (sky130_fd_sc_hd__buf_2)
                                         _076_ (net)
                  0.15    0.00    2.49 ^ _247_/B (sky130_fd_sc_hd__and3b_1)
     1    0.01    0.09    0.20    2.70 ^ _247_/X (sky130_fd_sc_hd__and3b_1)
                                         _119_ (net)
                  0.09    0.00    2.70 ^ _248_/A (sky130_fd_sc_hd__buf_1)
     1    0.01    0.13    0.15    2.85 ^ _248_/X (sky130_fd_sc_hd__buf_1)
                                         _010_ (net)
                  0.13    0.00    2.85 ^ _350_/D (sky130_fd_sc_hd__dfrtp_4)
                                  2.85   data arrival time

                  0.00   10.00   10.00   clock core_clock (rise edge)
                          0.00   10.00   clock network delay (ideal)
                          0.00   10.00   clock reconvergence pessimism
                                 10.00 ^ _350_/CLK (sky130_fd_sc_hd__dfrtp_4)
                         -0.09    9.91   library setup time
                                  9.91   data required time
-----------------------------------------------------------------------------
                                  9.91   data required time
                                 -2.85   data arrival time
-----------------------------------------------------------------------------
                                  7.06   slack (MET)




===========================================================================
report_checks --slack_max -0.01
============================================================================
======================= Typical Corner ===================================

No paths found.


===========================================================================
 report_check_types -max_slew -max_cap -max_fanout -violators
============================================================================
======================= Typical Corner ===================================


max slew violations count Typical: 0
max fanout violations count Typical: 0
max cap violations count Typical: 0

===========================================================================
report_parasitic_annotation -report_unannotated
============================================================================
Found 1 unannotated drivers.
 clk
Found 0 partially unannotated drivers.

===========================================================================
max slew violation count 0
max fanout violation count 0
max cap violation count 0
============================================================================

===========================================================================
check_setup -verbose -unconstrained_endpoints -multiple_clock -no_clock -no_input_delay -loops -generated_clocks
===========================================================================
Warning: There is 1 input port missing set_input_delay.
  reset
Warning: There are 3 unconstrained endpoints.
  count[0]
  count[1]
  count[2]
