
===========================================================================
 report_power
============================================================================
======================= Fastest Corner ===================================

Group                  Internal  Switching    Leakage      Total
                          Power      Power      Power      Power (Watts)
----------------------------------------------------------------
Sequential             6.01e-03   8.64e-04   1.49e-08   6.87e-03  37.3%
Combinational          4.47e-03   2.97e-03   5.19e-08   7.43e-03  40.3%
Clock                  1.88e-03   2.25e-03   1.60e-08   4.12e-03  22.4%
Macro                  0.00e+00   0.00e+00   0.00e+00   0.00e+00   0.0%
Pad                    0.00e+00   0.00e+00   0.00e+00   0.00e+00   0.0%
----------------------------------------------------------------
Total                  1.24e-02   6.08e-03   8.28e-08   1.84e-02 100.0%
                          67.0%      33.0%       0.0%

======================= Slowest Corner ===================================

Group                  Internal  Switching    Leakage      Total
                          Power      Power      Power      Power (Watts)
----------------------------------------------------------------
Sequential             4.07e-03   5.49e-04   1.48e-05   4.64e-03  37.0%
Combinational          3.10e-03   1.94e-03   3.80e-05   5.08e-03  40.6%
Clock                  1.35e-03   1.45e-03   2.14e-06   2.80e-03  22.4%
Macro                  0.00e+00   0.00e+00   0.00e+00   0.00e+00   0.0%
Pad                    0.00e+00   0.00e+00   0.00e+00   0.00e+00   0.0%
----------------------------------------------------------------
Total                  8.53e-03   3.94e-03   5.50e-05   1.25e-02 100.0%
                          68.1%      31.5%       0.4%

======================= Typical Corner ===================================

Group                  Internal  Switching    Leakage      Total
                          Power      Power      Power      Power (Watts)
----------------------------------------------------------------
Sequential             5.20e-03   7.15e-04   8.57e-09   5.92e-03  37.3%
Combinational          3.93e-03   2.49e-03   2.61e-08   6.41e-03  40.4%
Clock                  1.64e-03   1.89e-03   1.08e-08   3.53e-03  22.3%
Macro                  0.00e+00   0.00e+00   0.00e+00   0.00e+00   0.0%
Pad                    0.00e+00   0.00e+00   0.00e+00   0.00e+00   0.0%
----------------------------------------------------------------
Total                  1.08e-02   5.09e-03   4.55e-08   1.59e-02 100.0%
                          67.9%      32.1%       0.0%

