Thu Jun 05 16:46:05 +0000 2025 - Executing "{openroad -exit -no_init -python /openlane/scripts/odbpy/lefutil.py get_metal_layers -o /openlane/designs/lab6/runs/RUN_2025.06.05_16.46.04/tmp/layers.list /Users/onurakkaya/.volare/sky130A/libs.ref/sky130_fd_sc_hd/techlef/sky130_fd_sc_hd__nom.tlef}"

Thu Jun 05 16:46:06 +0000 2025 - Executing "{/openlane/scripts/mergeLef.py -o /openlane/designs/lab6/runs/RUN_2025.06.05_16.46.04/tmp/merged.nom.lef -i /Users/onurakkaya/.volare/sky130A/libs.ref/sky130_fd_sc_hd/techlef/sky130_fd_sc_hd__nom.tlef {/Users/onurakkaya/.volare/sky130A/libs.ref/sky130_fd_sc_hd/lef/sky130_ef_sc_hd.lef /Users/onurakkaya/.volare/sky130A/libs.ref/sky130_fd_sc_hd/lef/sky130_fd_sc_hd.lef} |& tee /dev/null}"

Thu Jun 05 16:46:06 +0000 2025 - Executing "{/openlane/scripts/mergeLef.py -o /openlane/designs/lab6/runs/RUN_2025.06.05_16.46.04/tmp/merged.min.lef -i /Users/onurakkaya/.volare/sky130A/libs.ref/sky130_fd_sc_hd/techlef/sky130_fd_sc_hd__min.tlef {/Users/onurakkaya/.volare/sky130A/libs.ref/sky130_fd_sc_hd/lef/sky130_ef_sc_hd.lef /Users/onurakkaya/.volare/sky130A/libs.ref/sky130_fd_sc_hd/lef/sky130_fd_sc_hd.lef} |& tee /dev/null}"

Thu Jun 05 16:46:06 +0000 2025 - Executing "{/openlane/scripts/mergeLef.py -o /openlane/designs/lab6/runs/RUN_2025.06.05_16.46.04/tmp/merged.max.lef -i /Users/onurakkaya/.volare/sky130A/libs.ref/sky130_fd_sc_hd/techlef/sky130_fd_sc_hd__max.tlef {/Users/onurakkaya/.volare/sky130A/libs.ref/sky130_fd_sc_hd/lef/sky130_ef_sc_hd.lef /Users/onurakkaya/.volare/sky130A/libs.ref/sky130_fd_sc_hd/lef/sky130_fd_sc_hd.lef} |& tee /dev/null}"

Thu Jun 05 16:46:07 +0000 2025 - Executing "{python3 /openlane/scripts/mergeLib.py --output /openlane/designs/lab6/runs/RUN_2025.06.05_16.46.04/tmp/synthesis/merged.lib --name sky130A_merged /Users/onurakkaya/.volare/sky130A/libs.ref/sky130_fd_sc_hd/lib/sky130_fd_sc_hd__tt_025C_1v80.lib}"

Thu Jun 05 16:46:07 +0000 2025 - Executing "{python3 /openlane/scripts/libtrim.py --cell-file /openlane/designs/lab6/runs/RUN_2025.06.05_16.46.04/tmp/synthesis/trimmed.lib.exclude.list --output /openlane/designs/lab6/runs/RUN_2025.06.05_16.46.04/tmp/synthesis/trimmed.lib /openlane/designs/lab6/runs/RUN_2025.06.05_16.46.04/tmp/synthesis/merged.lib}"

Thu Jun 05 16:46:07 +0000 2025 - Executing "{python3 /openlane/scripts/libtrim.py --cell-file /openlane/designs/lab6/runs/RUN_2025.06.05_16.46.04/tmp/cts/cts.lib.exclude.list --output /openlane/designs/lab6/runs/RUN_2025.06.05_16.46.04/tmp/cts/cts.lib /Users/onurakkaya/.volare/sky130A/libs.ref/sky130_fd_sc_hd/lib/sky130_fd_sc_hd__tt_025C_1v80.lib}"

Thu Jun 05 16:46:08 +0000 2025 - Executing "{python3 /openlane/scripts/libtrim.py --cell-file /openlane/designs/lab6/runs/RUN_2025.06.05_16.46.04/tmp/cts/cts-fastest.lib.exclude.list --output /openlane/designs/lab6/runs/RUN_2025.06.05_16.46.04/tmp/cts/cts-fastest.lib /Users/onurakkaya/.volare/sky130A/libs.ref/sky130_fd_sc_hd/lib/sky130_fd_sc_hd__ff_n40C_1v95.lib}"

Thu Jun 05 16:46:12 +0000 2025 - Executing "{python3 /openlane/scripts/libtrim.py --cell-file /openlane/designs/lab6/runs/RUN_2025.06.05_16.46.04/tmp/cts/cts-slowest.lib.exclude.list --output /openlane/designs/lab6/runs/RUN_2025.06.05_16.46.04/tmp/cts/cts-slowest.lib /Users/onurakkaya/.volare/sky130A/libs.ref/sky130_fd_sc_hd/lib/sky130_fd_sc_hd__ss_100C_1v60.lib}"

Thu Jun 05 16:46:13 +0000 2025 - Executing "{python3 /openlane/scripts/new_tracks.py -i /Users/onurakkaya/.volare/sky130A/libs.tech/openlane/sky130_fd_sc_hd/tracks.info -o /openlane/designs/lab6/runs/RUN_2025.06.05_16.46.04/tmp/routing/config.tracks}"

Thu Jun 05 16:46:13 +0000 2025 - Executing "{echo {OpenLane 74b63b3939e536126e25c69b5a2bad6196e597fd} > /openlane/designs/lab6/runs/RUN_2025.06.05_16.46.04/OPENLANE_COMMIT}"

Thu Jun 05 16:46:13 +0000 2025 - Executing "{yosys -c /openlane/scripts/yosys/blackbox.tcl}"

Thu Jun 05 16:46:13 +0000 2025 - Executing "{verilator -Wall --lint-only --Wno-DECLFILENAME --top-module TopModule /openlane/designs/lab6/runs/RUN_2025.06.05_16.46.04/tmp/synthesis/blackbox/sky130_fd_sc_hd__blackbox.v /openlane/designs/lab6/src/TopModule.v /openlane/designs/lab6/src/ALU.v /openlane/designs/lab6/src/Decoder.v /openlane/designs/lab6/src/InstructionMemory.v /openlane/designs/lab6/src/ProgramCounter.v /openlane/designs/lab6/src/RegisterFile.v /openlane/designs/lab6/src/SevenSegmentDisplay.v -Wno-fatal --relative-includes |& tee /openlane/designs/lab6/runs/RUN_2025.06.05_16.46.04/logs/synthesis/linter.log /dev/null}"

Thu Jun 05 16:46:14 +0000 2025 - Executing "{sed -E {s/^([[:space:]]+)pg_pin(.*)/\1pin\2\n\1    direction : "inout";/g} /Users/onurakkaya/.volare/sky130A/libs.ref/sky130_fd_sc_hd/lib/sky130_fd_sc_hd__tt_025C_1v80.lib > /openlane/designs/lab6/runs/RUN_2025.06.05_16.46.04/tmp/synthesis/1-sky130_fd_sc_hd__tt_025C_1v80.no_pg.lib}"

Thu Jun 05 16:46:14 +0000 2025 - Executing "{sed -E {s/^([[:space:]]+)pg_pin(.*)/\1pin\2\n\1    direction : "inout";/g} /openlane/designs/lab6/runs/RUN_2025.06.05_16.46.04/tmp/synthesis/trimmed.lib > /openlane/designs/lab6/runs/RUN_2025.06.05_16.46.04/tmp/synthesis/1-trimmed.no_pg.lib}"

Thu Jun 05 16:46:15 +0000 2025 - Executing "yosys -c /openlane/scripts/yosys/synth.tcl |& tee /dev/null /openlane/designs/lab6/runs/RUN_2025.06.05_16.46.04/logs/synthesis/1-synthesis.log"

Thu Jun 05 16:46:15 +0000 2025 - Executing "{yosys -c /openlane/scripts/yosys/synth.tcl |& tee /dev/null /openlane/designs/lab6/runs/RUN_2025.06.05_16.46.04/logs/synthesis/1-synthesis.log}"

Thu Jun 05 16:46:17 +0000 2025 - Executing "{sed -i.bak -e {s/\(set ::env(CURRENT_NETLIST)\).*/\1 \/openlane\/designs\/lab6\/runs\/RUN_2025.06.05_16.46.04\/results\/synthesis\/TopModule.v/} /openlane/designs/lab6/runs/RUN_2025.06.05_16.46.04/config.tcl}"

Thu Jun 05 16:46:17 +0000 2025 - Executing "{sed -i.bak /defparam/d /openlane/designs/lab6/runs/RUN_2025.06.05_16.46.04/results/synthesis/TopModule.v}"

Thu Jun 05 16:46:17 +0000 2025 - Executing "sta -exit -no_init /openlane/scripts/openroad/sta/multi_corner.tcl |& tee /dev/null /openlane/designs/lab6/runs/RUN_2025.06.05_16.46.04/logs/synthesis/2-sta.log"

Thu Jun 05 16:46:17 +0000 2025 - Executing "{sta -exit -no_init /openlane/scripts/openroad/sta/multi_corner.tcl |& tee /dev/null /openlane/designs/lab6/runs/RUN_2025.06.05_16.46.04/logs/synthesis/2-sta.log}"

Thu Jun 05 16:46:18 +0000 2025 - Executing "openroad -exit /openlane/scripts/openroad/floorplan.tcl |& tee /dev/null /openlane/designs/lab6/runs/RUN_2025.06.05_16.46.04/logs/floorplan/3-initial_fp.log"

Thu Jun 05 16:46:18 +0000 2025 - Executing "{openroad -exit /openlane/scripts/openroad/floorplan.tcl |& tee /dev/null /openlane/designs/lab6/runs/RUN_2025.06.05_16.46.04/logs/floorplan/3-initial_fp.log}"

Thu Jun 05 16:46:19 +0000 2025 - Executing "{openroad -exit -no_init -python /openlane/scripts/odbpy/defutil.py extract_core_dims --output-data /openlane/designs/lab6/runs/RUN_2025.06.05_16.46.04/tmp/dimensions.txt --input-lef /openlane/designs/lab6/runs/RUN_2025.06.05_16.46.04/tmp/merged.nom.lef /openlane/designs/lab6/runs/RUN_2025.06.05_16.46.04/tmp/floorplan/3-initial_fp.def}"

Thu Jun 05 16:46:20 +0000 2025 - Executing "openroad -exit /openlane/scripts/openroad/ioplacer.tcl |& tee /dev/null /openlane/designs/lab6/runs/RUN_2025.06.05_16.46.04/logs/floorplan/4-io.log"

Thu Jun 05 16:46:20 +0000 2025 - Executing "{openroad -exit /openlane/scripts/openroad/ioplacer.tcl |& tee /dev/null /openlane/designs/lab6/runs/RUN_2025.06.05_16.46.04/logs/floorplan/4-io.log}"

Thu Jun 05 16:46:21 +0000 2025 - Executing "openroad -exit /openlane/scripts/openroad/tapcell.tcl |& tee /dev/null /openlane/designs/lab6/runs/RUN_2025.06.05_16.46.04/logs/floorplan/5-tap.log"

Thu Jun 05 16:46:21 +0000 2025 - Executing "{openroad -exit /openlane/scripts/openroad/tapcell.tcl |& tee /dev/null /openlane/designs/lab6/runs/RUN_2025.06.05_16.46.04/logs/floorplan/5-tap.log}"

Thu Jun 05 16:46:22 +0000 2025 - Executing "openroad -exit /openlane/scripts/openroad/pdn.tcl |& tee /dev/null /openlane/designs/lab6/runs/RUN_2025.06.05_16.46.04/logs/floorplan/6-pdn.log"

Thu Jun 05 16:46:22 +0000 2025 - Executing "{openroad -exit /openlane/scripts/openroad/pdn.tcl |& tee /dev/null /openlane/designs/lab6/runs/RUN_2025.06.05_16.46.04/logs/floorplan/6-pdn.log}"

Thu Jun 05 16:46:23 +0000 2025 - Executing "openroad -exit /openlane/scripts/openroad/gpl.tcl |& tee /dev/null /openlane/designs/lab6/runs/RUN_2025.06.05_16.46.04/logs/placement/6-global_skip_io.log"

Thu Jun 05 16:46:23 +0000 2025 - Executing "{openroad -exit /openlane/scripts/openroad/gpl.tcl |& tee /dev/null /openlane/designs/lab6/runs/RUN_2025.06.05_16.46.04/logs/placement/6-global_skip_io.log}"

Thu Jun 05 16:46:24 +0000 2025 - Executing "{sed -i.bak -e {s/\(set ::env(CURRENT_NETLIST)\).*/\1 \/openlane\/designs\/lab6\/runs\/RUN_2025.06.05_16.46.04\/tmp\/placement\/7-global_skip_io.nl.v/} /openlane/designs/lab6/runs/RUN_2025.06.05_16.46.04/config.tcl}"

Thu Jun 05 16:46:24 +0000 2025 - Executing "openroad -exit /openlane/scripts/openroad/sta/multi_corner.tcl |& tee /dev/null /openlane/designs/lab6/runs/RUN_2025.06.05_16.46.04/logs/placement/8-gpl_sta.log"

Thu Jun 05 16:46:24 +0000 2025 - Executing "{openroad -exit /openlane/scripts/openroad/sta/multi_corner.tcl |& tee /dev/null /openlane/designs/lab6/runs/RUN_2025.06.05_16.46.04/logs/placement/8-gpl_sta.log}"

Thu Jun 05 16:46:25 +0000 2025 - Executing "openroad -exit /openlane/scripts/openroad/ioplacer.tcl |& tee /dev/null /openlane/designs/lab6/runs/RUN_2025.06.05_16.46.04/logs/placement/9-io.log"

Thu Jun 05 16:46:25 +0000 2025 - Executing "{openroad -exit /openlane/scripts/openroad/ioplacer.tcl |& tee /dev/null /openlane/designs/lab6/runs/RUN_2025.06.05_16.46.04/logs/placement/9-io.log}"

Thu Jun 05 16:46:26 +0000 2025 - Executing "openroad -exit /openlane/scripts/openroad/gpl.tcl |& tee /dev/null /openlane/designs/lab6/runs/RUN_2025.06.05_16.46.04/logs/placement/9-global.log"

Thu Jun 05 16:46:26 +0000 2025 - Executing "{openroad -exit /openlane/scripts/openroad/gpl.tcl |& tee /dev/null /openlane/designs/lab6/runs/RUN_2025.06.05_16.46.04/logs/placement/9-global.log}"

Thu Jun 05 16:46:27 +0000 2025 - Executing "{sed -i.bak -e {s/\(set ::env(CURRENT_NETLIST)\).*/\1 \/openlane\/designs\/lab6\/runs\/RUN_2025.06.05_16.46.04\/tmp\/placement\/10-global.nl.v/} /openlane/designs/lab6/runs/RUN_2025.06.05_16.46.04/config.tcl}"

Thu Jun 05 16:46:27 +0000 2025 - Executing "openroad -exit /openlane/scripts/openroad/sta/multi_corner.tcl |& tee /dev/null /openlane/designs/lab6/runs/RUN_2025.06.05_16.46.04/logs/placement/11-gpl_sta.log"

Thu Jun 05 16:46:27 +0000 2025 - Executing "{openroad -exit /openlane/scripts/openroad/sta/multi_corner.tcl |& tee /dev/null /openlane/designs/lab6/runs/RUN_2025.06.05_16.46.04/logs/placement/11-gpl_sta.log}"

Thu Jun 05 16:46:28 +0000 2025 - Executing "openroad -exit /openlane/scripts/openroad/resizer.tcl |& tee /dev/null /openlane/designs/lab6/runs/RUN_2025.06.05_16.46.04/logs/placement/12-resizer.log"

Thu Jun 05 16:46:28 +0000 2025 - Executing "{openroad -exit /openlane/scripts/openroad/resizer.tcl |& tee /dev/null /openlane/designs/lab6/runs/RUN_2025.06.05_16.46.04/logs/placement/12-resizer.log}"

Thu Jun 05 16:46:31 +0000 2025 - Executing "{sed -i.bak -e {s/\(set ::env(CURRENT_NETLIST)\).*/\1 \/openlane\/designs\/lab6\/runs\/RUN_2025.06.05_16.46.04\/tmp\/placement\/12-resizer.nl.v/} /openlane/designs/lab6/runs/RUN_2025.06.05_16.46.04/config.tcl}"

Thu Jun 05 16:46:31 +0000 2025 - Executing "openroad -exit /openlane/scripts/openroad/dpl.tcl |& tee /dev/null /openlane/designs/lab6/runs/RUN_2025.06.05_16.46.04/logs/placement/13-detailed.log"

Thu Jun 05 16:46:31 +0000 2025 - Executing "{openroad -exit /openlane/scripts/openroad/dpl.tcl |& tee /dev/null /openlane/designs/lab6/runs/RUN_2025.06.05_16.46.04/logs/placement/13-detailed.log}"

Thu Jun 05 16:46:32 +0000 2025 - Executing "{sed -i.bak -e {s/\(set ::env(CURRENT_NETLIST)\).*/\1 \/openlane\/designs\/lab6\/runs\/RUN_2025.06.05_16.46.04\/results\/placement\/TopModule.nl.v/} /openlane/designs/lab6/runs/RUN_2025.06.05_16.46.04/config.tcl}"

Thu Jun 05 16:46:32 +0000 2025 - Executing "openroad -exit /openlane/scripts/openroad/sta/multi_corner.tcl |& tee /dev/null /openlane/designs/lab6/runs/RUN_2025.06.05_16.46.04/logs/placement/14-dpl_sta.log"

Thu Jun 05 16:46:32 +0000 2025 - Executing "{openroad -exit /openlane/scripts/openroad/sta/multi_corner.tcl |& tee /dev/null /openlane/designs/lab6/runs/RUN_2025.06.05_16.46.04/logs/placement/14-dpl_sta.log}"

Thu Jun 05 16:46:33 +0000 2025 - Executing "openroad -exit /openlane/scripts/openroad/cts.tcl |& tee /dev/null /openlane/designs/lab6/runs/RUN_2025.06.05_16.46.04/logs/cts/15-cts.log"

Thu Jun 05 16:46:33 +0000 2025 - Executing "{openroad -exit /openlane/scripts/openroad/cts.tcl |& tee /dev/null /openlane/designs/lab6/runs/RUN_2025.06.05_16.46.04/logs/cts/15-cts.log}"

Thu Jun 05 16:46:43 +0000 2025 - Executing "openroad -exit /openlane/scripts/openroad/sta/multi_corner.tcl |& tee /dev/null /openlane/designs/lab6/runs/RUN_2025.06.05_16.46.04/logs/cts/16-cts_sta.log"

Thu Jun 05 16:46:43 +0000 2025 - Executing "{openroad -exit /openlane/scripts/openroad/sta/multi_corner.tcl |& tee /dev/null /openlane/designs/lab6/runs/RUN_2025.06.05_16.46.04/logs/cts/16-cts_sta.log}"

Thu Jun 05 16:46:44 +0000 2025 - Executing "openroad -exit /openlane/scripts/openroad/resizer_timing.tcl |& tee /dev/null /openlane/designs/lab6/runs/RUN_2025.06.05_16.46.04/logs/cts/17-resizer.log"

Thu Jun 05 16:46:44 +0000 2025 - Executing "{openroad -exit /openlane/scripts/openroad/resizer_timing.tcl |& tee /dev/null /openlane/designs/lab6/runs/RUN_2025.06.05_16.46.04/logs/cts/17-resizer.log}"

Thu Jun 05 16:46:47 +0000 2025 - Executing "{sed -i.bak -e {s/\(set ::env(CURRENT_NETLIST)\).*/\1 \/openlane\/designs\/lab6\/runs\/RUN_2025.06.05_16.46.04\/tmp\/cts\/17-TopModule.resized.nl.v/} /openlane/designs/lab6/runs/RUN_2025.06.05_16.46.04/config.tcl}"

Thu Jun 05 16:46:47 +0000 2025 - Executing "openroad -exit /openlane/scripts/openroad/resizer_routing_design.tcl |& tee /dev/null /openlane/designs/lab6/runs/RUN_2025.06.05_16.46.04/logs/routing/18-resizer_design.log"

Thu Jun 05 16:46:47 +0000 2025 - Executing "{openroad -exit /openlane/scripts/openroad/resizer_routing_design.tcl |& tee /dev/null /openlane/designs/lab6/runs/RUN_2025.06.05_16.46.04/logs/routing/18-resizer_design.log}"

Thu Jun 05 16:46:49 +0000 2025 - Executing "{sed -i.bak -e {s/\(set ::env(CURRENT_NETLIST)\).*/\1 \/openlane\/designs\/lab6\/runs\/RUN_2025.06.05_16.46.04\/tmp\/18-TopModule.nl.v/} /openlane/designs/lab6/runs/RUN_2025.06.05_16.46.04/config.tcl}"

Thu Jun 05 16:46:50 +0000 2025 - Executing "openroad -exit /openlane/scripts/openroad/sta/multi_corner.tcl |& tee /dev/null /openlane/designs/lab6/runs/RUN_2025.06.05_16.46.04/logs/routing/19-rsz_design_sta.log"

Thu Jun 05 16:46:50 +0000 2025 - Executing "{openroad -exit /openlane/scripts/openroad/sta/multi_corner.tcl |& tee /dev/null /openlane/designs/lab6/runs/RUN_2025.06.05_16.46.04/logs/routing/19-rsz_design_sta.log}"

Thu Jun 05 16:46:51 +0000 2025 - Executing "openroad -exit /openlane/scripts/openroad/resizer_routing_timing.tcl |& tee /dev/null /openlane/designs/lab6/runs/RUN_2025.06.05_16.46.04/logs/routing/20-resizer_timing.log"

Thu Jun 05 16:46:51 +0000 2025 - Executing "{openroad -exit /openlane/scripts/openroad/resizer_routing_timing.tcl |& tee /dev/null /openlane/designs/lab6/runs/RUN_2025.06.05_16.46.04/logs/routing/20-resizer_timing.log}"

Thu Jun 05 16:46:53 +0000 2025 - Executing "{sed -i.bak -e {s/\(set ::env(CURRENT_NETLIST)\).*/\1 \/openlane\/designs\/lab6\/runs\/RUN_2025.06.05_16.46.04\/tmp\/20-TopModule.nl.v/} /openlane/designs/lab6/runs/RUN_2025.06.05_16.46.04/config.tcl}"

Thu Jun 05 16:46:54 +0000 2025 - Executing "openroad -exit /openlane/scripts/openroad/sta/multi_corner.tcl |& tee /dev/null /openlane/designs/lab6/runs/RUN_2025.06.05_16.46.04/logs/routing/21-rsz_timing_sta.log"

Thu Jun 05 16:46:54 +0000 2025 - Executing "{openroad -exit /openlane/scripts/openroad/sta/multi_corner.tcl |& tee /dev/null /openlane/designs/lab6/runs/RUN_2025.06.05_16.46.04/logs/routing/21-rsz_timing_sta.log}"

Thu Jun 05 16:46:54 +0000 2025 - Executing "openroad -exit /openlane/scripts/openroad/repair_antennas.tcl |& tee /dev/null /openlane/designs/lab6/runs/RUN_2025.06.05_16.46.04/logs/routing/22-global.log"

Thu Jun 05 16:46:54 +0000 2025 - Executing "{openroad -exit /openlane/scripts/openroad/repair_antennas.tcl |& tee /dev/null /openlane/designs/lab6/runs/RUN_2025.06.05_16.46.04/logs/routing/22-global.log}"

Thu Jun 05 16:46:55 +0000 2025 - Executing "openroad -exit /openlane/scripts/openroad/write_views.tcl |& tee /dev/null /openlane/designs/lab6/runs/RUN_2025.06.05_16.46.04/logs/routing/22-global_write_netlist.log"

Thu Jun 05 16:46:55 +0000 2025 - Executing "{openroad -exit /openlane/scripts/openroad/write_views.tcl |& tee /dev/null /openlane/designs/lab6/runs/RUN_2025.06.05_16.46.04/logs/routing/22-global_write_netlist.log}"

Thu Jun 05 16:46:56 +0000 2025 - Executing "{sed -i.bak -e {s/\(set ::env(CURRENT_NETLIST)\).*/\1 \/openlane\/designs\/lab6\/runs\/RUN_2025.06.05_16.46.04\/tmp\/routing\/global.nl.v/} /openlane/designs/lab6/runs/RUN_2025.06.05_16.46.04/config.tcl}"

Thu Jun 05 16:46:56 +0000 2025 - Executing "openroad -exit /openlane/scripts/openroad/sta/multi_corner.tcl |& tee /dev/null /openlane/designs/lab6/runs/RUN_2025.06.05_16.46.04/logs/routing/24-grt_sta.log"

Thu Jun 05 16:46:56 +0000 2025 - Executing "{openroad -exit /openlane/scripts/openroad/sta/multi_corner.tcl |& tee /dev/null /openlane/designs/lab6/runs/RUN_2025.06.05_16.46.04/logs/routing/24-grt_sta.log}"

Thu Jun 05 16:46:57 +0000 2025 - Executing "openroad -exit /openlane/scripts/openroad/fill.tcl |& tee /dev/null /openlane/designs/lab6/runs/RUN_2025.06.05_16.46.04/logs/routing/25-fill.log"

Thu Jun 05 16:46:57 +0000 2025 - Executing "{openroad -exit /openlane/scripts/openroad/fill.tcl |& tee /dev/null /openlane/designs/lab6/runs/RUN_2025.06.05_16.46.04/logs/routing/25-fill.log}"

Thu Jun 05 16:46:58 +0000 2025 - Executing "{sed -i.bak -e {s/\(set ::env(CURRENT_NETLIST)\).*/\1 \/openlane\/designs\/lab6\/runs\/RUN_2025.06.05_16.46.04\/tmp\/routing\/25-fill.nl.v/} /openlane/designs/lab6/runs/RUN_2025.06.05_16.46.04/config.tcl}"

Thu Jun 05 16:46:58 +0000 2025 - Executing "openroad -exit -metrics /openlane/designs/lab6/runs/RUN_2025.06.05_16.46.04/reports/routing/26-drt_metrics.json /openlane/scripts/openroad/droute.tcl |& tee /dev/null /openlane/designs/lab6/runs/RUN_2025.06.05_16.46.04/logs/routing/26-detailed.log"

Thu Jun 05 16:46:58 +0000 2025 - Executing "{openroad -exit -metrics /openlane/designs/lab6/runs/RUN_2025.06.05_16.46.04/reports/routing/26-drt_metrics.json /openlane/scripts/openroad/droute.tcl |& tee /dev/null /openlane/designs/lab6/runs/RUN_2025.06.05_16.46.04/logs/routing/26-detailed.log}"

Thu Jun 05 16:47:12 +0000 2025 - Executing "{sed -i.bak -e {s/\(set ::env(CURRENT_NETLIST)\).*/\1 \/openlane\/designs\/lab6\/runs\/RUN_2025.06.05_16.46.04\/results\/routing\/TopModule.nl.v/} /openlane/designs/lab6/runs/RUN_2025.06.05_16.46.04/config.tcl}"

Thu Jun 05 16:47:12 +0000 2025 - Executing "{python3 /openlane/scripts/drc_rosetta.py tr to_klayout -o /openlane/designs/lab6/runs/RUN_2025.06.05_16.46.04/reports/routing/drt.klayout.xml --design-name TopModule /openlane/designs/lab6/runs/RUN_2025.06.05_16.46.04/reports/routing/drt.drc}"

Thu Jun 05 16:47:12 +0000 2025 - Executing "{openroad -exit -no_init -python /openlane/scripts/odbpy/wire_lengths.py --report-out /openlane/designs/lab6/runs/RUN_2025.06.05_16.46.04/reports/routing/27-wire_lengths.csv --input-lef /openlane/designs/lab6/runs/RUN_2025.06.05_16.46.04/tmp/merged.nom.lef --output-def /openlane/designs/lab6/runs/RUN_2025.06.05_16.46.04/results/routing/TopModule.def --output /openlane/designs/lab6/runs/RUN_2025.06.05_16.46.04/results/routing/TopModule.odb /openlane/designs/lab6/runs/RUN_2025.06.05_16.46.04/results/routing/TopModule.odb |& tee /dev/null /openlane/designs/lab6/runs/RUN_2025.06.05_16.46.04/logs/routing/27-wire_lengths.log}"

Thu Jun 05 16:47:13 +0000 2025 - Executing "openroad -exit /openlane/scripts/openroad/rcx.tcl |& tee /dev/null /openlane/designs/lab6/runs/RUN_2025.06.05_16.46.04/logs/signoff/28-parasitics_extraction.min.log"

Thu Jun 05 16:47:13 +0000 2025 - Executing "{openroad -exit /openlane/scripts/openroad/rcx.tcl |& tee /dev/null /openlane/designs/lab6/runs/RUN_2025.06.05_16.46.04/logs/signoff/28-parasitics_extraction.min.log}"

Thu Jun 05 16:47:14 +0000 2025 - Executing "sta -exit -no_init /openlane/scripts/openroad/sta/multi_corner.tcl |& tee /dev/null /openlane/designs/lab6/runs/RUN_2025.06.05_16.46.04/logs/signoff/29-rcx_mcsta.min.log"

Thu Jun 05 16:47:14 +0000 2025 - Executing "{sta -exit -no_init /openlane/scripts/openroad/sta/multi_corner.tcl |& tee /dev/null /openlane/designs/lab6/runs/RUN_2025.06.05_16.46.04/logs/signoff/29-rcx_mcsta.min.log}"

Thu Jun 05 16:47:17 +0000 2025 - Executing "openroad -exit /openlane/scripts/openroad/rcx.tcl |& tee /dev/null /openlane/designs/lab6/runs/RUN_2025.06.05_16.46.04/logs/signoff/30-parasitics_extraction.max.log"

Thu Jun 05 16:47:17 +0000 2025 - Executing "{openroad -exit /openlane/scripts/openroad/rcx.tcl |& tee /dev/null /openlane/designs/lab6/runs/RUN_2025.06.05_16.46.04/logs/signoff/30-parasitics_extraction.max.log}"

Thu Jun 05 16:47:18 +0000 2025 - Executing "sta -exit -no_init /openlane/scripts/openroad/sta/multi_corner.tcl |& tee /dev/null /openlane/designs/lab6/runs/RUN_2025.06.05_16.46.04/logs/signoff/31-rcx_mcsta.max.log"

Thu Jun 05 16:47:18 +0000 2025 - Executing "{sta -exit -no_init /openlane/scripts/openroad/sta/multi_corner.tcl |& tee /dev/null /openlane/designs/lab6/runs/RUN_2025.06.05_16.46.04/logs/signoff/31-rcx_mcsta.max.log}"

Thu Jun 05 16:47:22 +0000 2025 - Executing "openroad -exit /openlane/scripts/openroad/rcx.tcl |& tee /dev/null /openlane/designs/lab6/runs/RUN_2025.06.05_16.46.04/logs/signoff/32-parasitics_extraction.nom.log"

Thu Jun 05 16:47:22 +0000 2025 - Executing "{openroad -exit /openlane/scripts/openroad/rcx.tcl |& tee /dev/null /openlane/designs/lab6/runs/RUN_2025.06.05_16.46.04/logs/signoff/32-parasitics_extraction.nom.log}"

Thu Jun 05 16:47:23 +0000 2025 - Executing "sta -exit -no_init /openlane/scripts/openroad/sta/multi_corner.tcl |& tee /dev/null /openlane/designs/lab6/runs/RUN_2025.06.05_16.46.04/logs/signoff/33-rcx_mcsta.nom.log"

Thu Jun 05 16:47:23 +0000 2025 - Executing "{sta -exit -no_init /openlane/scripts/openroad/sta/multi_corner.tcl |& tee /dev/null /openlane/designs/lab6/runs/RUN_2025.06.05_16.46.04/logs/signoff/33-rcx_mcsta.nom.log}"

Thu Jun 05 16:47:26 +0000 2025 - Executing "openroad -exit /openlane/scripts/openroad/irdrop.tcl |& tee /dev/null /openlane/designs/lab6/runs/RUN_2025.06.05_16.46.04/logs/signoff/34-irdrop.log"

Thu Jun 05 16:47:26 +0000 2025 - Executing "{openroad -exit /openlane/scripts/openroad/irdrop.tcl |& tee /dev/null /openlane/designs/lab6/runs/RUN_2025.06.05_16.46.04/logs/signoff/34-irdrop.log}"

Thu Jun 05 16:47:28 +0000 2025 - Executing "magic -noconsole -dnull -rcfile /Users/onurakkaya/.volare/sky130A/libs.tech/magic/sky130A.magicrc < /openlane/scripts/magic/wrapper.tcl |& tee /dev/null /openlane/designs/lab6/runs/RUN_2025.06.05_16.46.04/logs/signoff/35-gdsii.log"

Thu Jun 05 16:47:28 +0000 2025 - Executing "{magic -noconsole -dnull -rcfile /Users/onurakkaya/.volare/sky130A/libs.tech/magic/sky130A.magicrc < /openlane/scripts/magic/wrapper.tcl |& tee /dev/null /openlane/designs/lab6/runs/RUN_2025.06.05_16.46.04/logs/signoff/35-gdsii.log}"

Thu Jun 05 16:47:29 +0000 2025 - Executing "magic -noconsole -dnull -rcfile /Users/onurakkaya/.volare/sky130A/libs.tech/magic/sky130A.magicrc < /openlane/scripts/magic/wrapper.tcl |& tee /dev/null /openlane/designs/lab6/runs/RUN_2025.06.05_16.46.04/logs/signoff/35-gds_ptrs.log"

Thu Jun 05 16:47:29 +0000 2025 - Executing "{magic -noconsole -dnull -rcfile /Users/onurakkaya/.volare/sky130A/libs.tech/magic/sky130A.magicrc < /openlane/scripts/magic/wrapper.tcl |& tee /dev/null /openlane/designs/lab6/runs/RUN_2025.06.05_16.46.04/logs/signoff/35-gds_ptrs.log}"

Thu Jun 05 16:47:30 +0000 2025 - Executing "{sed -i.bak -n {/^<< properties >>/,/^<< end >>/p} /openlane/designs/lab6/runs/RUN_2025.06.05_16.46.04/tmp/signoff/gds_ptrs.mag}"

Thu Jun 05 16:47:30 +0000 2025 - Executing "magic -noconsole -dnull -rcfile /Users/onurakkaya/.volare/sky130A/libs.tech/magic/sky130A.magicrc < /openlane/scripts/magic/wrapper.tcl |& tee /dev/null /openlane/designs/lab6/runs/RUN_2025.06.05_16.46.04/logs/signoff/35-lef.log"

Thu Jun 05 16:47:30 +0000 2025 - Executing "{magic -noconsole -dnull -rcfile /Users/onurakkaya/.volare/sky130A/libs.tech/magic/sky130A.magicrc < /openlane/scripts/magic/wrapper.tcl |& tee /dev/null /openlane/designs/lab6/runs/RUN_2025.06.05_16.46.04/logs/signoff/35-lef.log}"

Thu Jun 05 16:47:31 +0000 2025 - Executing "magic -noconsole -dnull -rcfile /Users/onurakkaya/.volare/sky130A/libs.tech/magic/sky130A.magicrc < /openlane/scripts/magic/wrapper.tcl |& tee /dev/null /openlane/designs/lab6/runs/RUN_2025.06.05_16.46.04/logs/signoff/35-maglef.log"

Thu Jun 05 16:47:31 +0000 2025 - Executing "{magic -noconsole -dnull -rcfile /Users/onurakkaya/.volare/sky130A/libs.tech/magic/sky130A.magicrc < /openlane/scripts/magic/wrapper.tcl |& tee /dev/null /openlane/designs/lab6/runs/RUN_2025.06.05_16.46.04/logs/signoff/35-maglef.log}"

Thu Jun 05 16:47:31 +0000 2025 - Executing "{python3 /openlane/scripts/klayout/stream_out.py --output /openlane/designs/lab6/runs/RUN_2025.06.05_16.46.04/results/signoff/TopModule.klayout.gds --lyt /Users/onurakkaya/.volare/sky130A/libs.tech/klayout/tech/sky130A.lyt --lym /Users/onurakkaya/.volare/sky130A/libs.tech/klayout/tech/sky130A.map --lyp /Users/onurakkaya/.volare/sky130A/libs.tech/klayout/tech/sky130A.lyp --top TopModule --with-gds-file /Users/onurakkaya/.volare/sky130A/libs.ref/sky130_fd_sc_hd/gds/sky130_fd_sc_hd.gds --input-lef /openlane/designs/lab6/runs/RUN_2025.06.05_16.46.04/tmp/merged.nom.lef /openlane/designs/lab6/runs/RUN_2025.06.05_16.46.04/results/routing/TopModule.def |& tee /dev/null /openlane/designs/lab6/runs/RUN_2025.06.05_16.46.04/logs/signoff/36-gdsii-klayout.log}"

Thu Jun 05 16:47:32 +0000 2025 - Executing "{klayout -b -r /openlane/scripts/klayout/xor.drc -rd a=/openlane/designs/lab6/runs/RUN_2025.06.05_16.46.04/results/signoff/TopModule.gds -rd b=/openlane/designs/lab6/runs/RUN_2025.06.05_16.46.04/results/signoff/TopModule.klayout.gds -rd jobs=1 -rd rdb_out=/openlane/designs/lab6/runs/RUN_2025.06.05_16.46.04/reports/signoff/37-xor.xml -rd ignore=81/14 -rd rpt_out=/openlane/designs/lab6/runs/RUN_2025.06.05_16.46.04/reports/signoff/37-xor.rpt |& tee /dev/null /openlane/designs/lab6/runs/RUN_2025.06.05_16.46.04/logs/signoff/37-xor.log}"

Thu Jun 05 16:47:35 +0000 2025 - Executing "magic -noconsole -dnull -rcfile /Users/onurakkaya/.volare/sky130A/libs.tech/magic/sky130A.magicrc < /openlane/scripts/magic/wrapper.tcl |& tee /dev/null /openlane/designs/lab6/runs/RUN_2025.06.05_16.46.04/logs/signoff/38-spice.log"

Thu Jun 05 16:47:35 +0000 2025 - Executing "{magic -noconsole -dnull -rcfile /Users/onurakkaya/.volare/sky130A/libs.tech/magic/sky130A.magicrc < /openlane/scripts/magic/wrapper.tcl |& tee /dev/null /openlane/designs/lab6/runs/RUN_2025.06.05_16.46.04/logs/signoff/38-spice.log}"

Thu Jun 05 16:47:50 +0000 2025 - Executing "{openroad -exit -no_init -python /openlane/scripts/odbpy/power_utils.py write_powered_def --output /openlane/designs/lab6/runs/RUN_2025.06.05_16.46.04/tmp/signoff/38-TopModule.p.def --input-lef /openlane/designs/lab6/runs/RUN_2025.06.05_16.46.04/tmp/merged.nom.lef --power-port VPWR --ground-port VGND --powered-netlist {} /openlane/designs/lab6/runs/RUN_2025.06.05_16.46.04/results/routing/TopModule.def |& tee /dev/null /openlane/designs/lab6/runs/RUN_2025.06.05_16.46.04/logs/signoff/39-write_powered_def.log}"

Thu Jun 05 16:47:51 +0000 2025 - Executing "openroad -exit /openlane/scripts/openroad/write_views.tcl |& tee /dev/null /openlane/designs/lab6/runs/RUN_2025.06.05_16.46.04/logs/signoff/39-write_powered_verilog.log"

Thu Jun 05 16:47:51 +0000 2025 - Executing "{openroad -exit /openlane/scripts/openroad/write_views.tcl |& tee /dev/null /openlane/designs/lab6/runs/RUN_2025.06.05_16.46.04/logs/signoff/39-write_powered_verilog.log}"

Thu Jun 05 16:47:52 +0000 2025 - Executing "{sed -i.bak -e {s/\(set ::env(CURRENT_NETLIST)\).*/\1 \/openlane\/designs\/lab6\/runs\/RUN_2025.06.05_16.46.04\/tmp\/signoff\/38-TopModule.nl.v/} /openlane/designs/lab6/runs/RUN_2025.06.05_16.46.04/config.tcl}"

Thu Jun 05 16:47:52 +0000 2025 - Executing "{netgen -batch source /openlane/designs/lab6/runs/RUN_2025.06.05_16.46.04/tmp/signoff/41-setup_file.lef.lvs |& tee /dev/null /openlane/designs/lab6/runs/RUN_2025.06.05_16.46.04/logs/signoff/41-lvs.lef.log}"

Thu Jun 05 16:47:53 +0000 2025 - Executing "magic -noconsole -dnull -rcfile /Users/onurakkaya/.volare/sky130A/libs.tech/magic/sky130A.magicrc < /openlane/scripts/magic/wrapper.tcl |& tee /dev/null /openlane/designs/lab6/runs/RUN_2025.06.05_16.46.04/logs/signoff/42-drc.log"

Thu Jun 05 16:47:53 +0000 2025 - Executing "{magic -noconsole -dnull -rcfile /Users/onurakkaya/.volare/sky130A/libs.tech/magic/sky130A.magicrc < /openlane/scripts/magic/wrapper.tcl |& tee /dev/null /openlane/designs/lab6/runs/RUN_2025.06.05_16.46.04/logs/signoff/42-drc.log}"

Thu Jun 05 16:47:57 +0000 2025 - Executing "{python3 /openlane/scripts/drc_rosetta.py magic to_tcl -o /openlane/designs/lab6/runs/RUN_2025.06.05_16.46.04/reports/signoff/drc.tcl /openlane/designs/lab6/runs/RUN_2025.06.05_16.46.04/reports/signoff/drc.rpt}"

Thu Jun 05 16:47:57 +0000 2025 - Executing "{python3 /openlane/scripts/drc_rosetta.py magic to_tr -o /openlane/designs/lab6/runs/RUN_2025.06.05_16.46.04/reports/signoff/drc.tr /openlane/designs/lab6/runs/RUN_2025.06.05_16.46.04/reports/signoff/drc.rpt}"

Thu Jun 05 16:47:57 +0000 2025 - Executing "{python3 /openlane/scripts/drc_rosetta.py tr to_klayout -o /openlane/designs/lab6/runs/RUN_2025.06.05_16.46.04/reports/signoff/drc.klayout.xml --design-name TopModule /openlane/designs/lab6/runs/RUN_2025.06.05_16.46.04/reports/signoff/drc.tr}"

Thu Jun 05 16:47:57 +0000 2025 - Executing "{python3 /openlane/scripts/drc_rosetta.py magic to_rdb -o /openlane/designs/lab6/runs/RUN_2025.06.05_16.46.04/reports/signoff/drc.rdb /openlane/designs/lab6/runs/RUN_2025.06.05_16.46.04/reports/signoff/drc.rpt}"

Thu Jun 05 16:47:57 +0000 2025 - Executing "{klayout -b -zz -r /Users/onurakkaya/.volare/sky130A/libs.tech/klayout/drc/sky130A_mr.drc -rd topcell=TopModule -rd input=/openlane/designs/lab6/runs/RUN_2025.06.05_16.46.04/results/signoff/TopModule.gds -rd report=/openlane/designs/lab6/runs/RUN_2025.06.05_16.46.04/reports/signoff/violations.xml -rd feol=true -rd beol=true -rd floating_metal=false -rd seal=true -rd thread=1 |& tee /dev/null /openlane/designs/lab6/runs/RUN_2025.06.05_16.46.04/logs/signoff/43-drc-klayout.log}"

Thu Jun 05 16:48:07 +0000 2025 - Executing "{python3 /openlane/scripts/klayout/xml_drc_report_to_json.py --xml-file /openlane/designs/lab6/runs/RUN_2025.06.05_16.46.04/reports/signoff/violations.xml --json-file /openlane/designs/lab6/runs/RUN_2025.06.05_16.46.04/reports/signoff/violations.json}"

Thu Jun 05 16:48:07 +0000 2025 - Executing "openroad -exit /openlane/scripts/openroad/antenna_check.tcl |& tee /dev/null /openlane/designs/lab6/runs/RUN_2025.06.05_16.46.04/logs/signoff/44-arc.log"

Thu Jun 05 16:48:07 +0000 2025 - Executing "{openroad -exit /openlane/scripts/openroad/antenna_check.tcl |& tee /dev/null /openlane/designs/lab6/runs/RUN_2025.06.05_16.46.04/logs/signoff/44-arc.log}"

Thu Jun 05 16:48:08 +0000 2025 - Executing "{python3 /openlane/scripts/extract_antenna_violators.py --output /openlane/designs/lab6/runs/RUN_2025.06.05_16.46.04/reports/signoff/44-antenna_violators.rpt --plain-out /openlane/designs/lab6/runs/RUN_2025.06.05_16.46.04/reports/signoff/44-antenna_violators_pins.txt /openlane/designs/lab6/runs/RUN_2025.06.05_16.46.04/logs/signoff/44-arc.log}"

Thu Jun 05 16:48:08 +0000 2025 - Executing "{python3 /openlane/scripts/write_runtime.py --conclude --seconds --time-in 1749142088 {flow completed}}"

Thu Jun 05 16:48:09 +0000 2025 - Executing "{python3 /openlane/scripts/generate_reports.py -d /openlane/designs/lab6 --design_name TopModule --tag RUN_2025.06.05_16.46.04 --output_file /openlane/designs/lab6/runs/RUN_2025.06.05_16.46.04/reports/metrics.csv --man_report /openlane/designs/lab6/runs/RUN_2025.06.05_16.46.04/reports/manufacturability.rpt --run_path /openlane/designs/lab6/runs/RUN_2025.06.05_16.46.04}"

