
===========================================================================
report_checks -path_delay min (Hold)
============================================================================
======================= Fastest Corner ===================================

Startpoint: A[4] (input port clocked by __VIRTUAL_CLK__)
Endpoint: out[4] (output port clocked by __VIRTUAL_CLK__)
Path Group: __VIRTUAL_CLK__
Path Type: min
Corner: Fastest

Fanout     Cap    Slew   Delay    Time   Description
-----------------------------------------------------------------------------
                  0.00    0.00    0.00   clock __VIRTUAL_CLK__ (rise edge)
                          0.00    0.00   clock network delay (ideal)
                          2.00    2.00 ^ input external delay
     1    0.00    0.02    0.01    2.01 ^ A[4] (in)
                                         A[4] (net)
                  0.02    0.00    2.01 ^ input5/A (sky130_fd_sc_hd__clkbuf_2)
     6    0.03    0.13    0.13    2.14 ^ input5/X (sky130_fd_sc_hd__clkbuf_2)
                                         net5 (net)
                  0.13    0.00    2.14 ^ _161_/B2 (sky130_fd_sc_hd__o32a_1)
     1    0.01    0.05    0.08    2.21 ^ _161_/X (sky130_fd_sc_hd__o32a_1)
                                         _090_ (net)
                  0.05    0.00    2.21 ^ _162_/B (sky130_fd_sc_hd__nand2_1)
     1    0.00    0.03    0.04    2.25 v _162_/Y (sky130_fd_sc_hd__nand2_1)
                                         net24 (net)
                  0.03    0.00    2.25 v output24/A (sky130_fd_sc_hd__buf_2)
     1    0.04    0.07    0.11    2.36 v output24/X (sky130_fd_sc_hd__buf_2)
                                         out[4] (net)
                  0.07    0.00    2.36 v out[4] (out)
                                  2.36   data arrival time

                  0.00    0.00    0.00   clock __VIRTUAL_CLK__ (rise edge)
                          0.00    0.00   clock network delay (ideal)
                          0.25    0.25   clock uncertainty
                          0.00    0.25   clock reconvergence pessimism
                         -2.00   -1.75   output external delay
                                 -1.75   data required time
-----------------------------------------------------------------------------
                                 -1.75   data required time
                                 -2.36   data arrival time
-----------------------------------------------------------------------------
                                  4.11   slack (MET)


Startpoint: opcode[1] (input port clocked by __VIRTUAL_CLK__)
Endpoint: out[7] (output port clocked by __VIRTUAL_CLK__)
Path Group: __VIRTUAL_CLK__
Path Type: min
Corner: Fastest

Fanout     Cap    Slew   Delay    Time   Description
-----------------------------------------------------------------------------
                  0.00    0.00    0.00   clock __VIRTUAL_CLK__ (rise edge)
                          0.00    0.00   clock network delay (ideal)
                          2.00    2.00 ^ input external delay
     1    0.00    0.02    0.01    2.01 ^ opcode[1] (in)
                                         opcode[1] (net)
                  0.02    0.00    2.01 ^ input18/A (sky130_fd_sc_hd__buf_4)
     6    0.03    0.06    0.09    2.10 ^ input18/X (sky130_fd_sc_hd__buf_4)
                                         net18 (net)
                  0.06    0.00    2.10 ^ _127_/B (sky130_fd_sc_hd__nor2_1)
     4    0.02    0.07    0.07    2.17 v _127_/Y (sky130_fd_sc_hd__nor2_1)
                                         _058_ (net)
                  0.07    0.00    2.17 v _199_/A3 (sky130_fd_sc_hd__a31o_4)
     1    0.02    0.03    0.17    2.34 v _199_/X (sky130_fd_sc_hd__a31o_4)
                                         net27 (net)
                  0.03    0.00    2.34 v output27/A (sky130_fd_sc_hd__buf_6)
     1    0.04    0.03    0.09    2.43 v output27/X (sky130_fd_sc_hd__buf_6)
                                         out[7] (net)
                  0.03    0.00    2.43 v out[7] (out)
                                  2.43   data arrival time

                  0.00    0.00    0.00   clock __VIRTUAL_CLK__ (rise edge)
                          0.00    0.00   clock network delay (ideal)
                          0.25    0.25   clock uncertainty
                          0.00    0.25   clock reconvergence pessimism
                         -2.00   -1.75   output external delay
                                 -1.75   data required time
-----------------------------------------------------------------------------
                                 -1.75   data required time
                                 -2.43   data arrival time
-----------------------------------------------------------------------------
                                  4.18   slack (MET)


Startpoint: opcode[1] (input port clocked by __VIRTUAL_CLK__)
Endpoint: out[5] (output port clocked by __VIRTUAL_CLK__)
Path Group: __VIRTUAL_CLK__
Path Type: min
Corner: Fastest

Fanout     Cap    Slew   Delay    Time   Description
-----------------------------------------------------------------------------
                  0.00    0.00    0.00   clock __VIRTUAL_CLK__ (rise edge)
                          0.00    0.00   clock network delay (ideal)
                          2.00    2.00 ^ input external delay
     1    0.00    0.02    0.01    2.01 ^ opcode[1] (in)
                                         opcode[1] (net)
                  0.02    0.00    2.01 ^ input18/A (sky130_fd_sc_hd__buf_4)
     6    0.03    0.06    0.09    2.10 ^ input18/X (sky130_fd_sc_hd__buf_4)
                                         net18 (net)
                  0.06    0.00    2.10 ^ _127_/B (sky130_fd_sc_hd__nor2_1)
     4    0.02    0.07    0.07    2.17 v _127_/Y (sky130_fd_sc_hd__nor2_1)
                                         _058_ (net)
                  0.07    0.00    2.17 v _174_/A1 (sky130_fd_sc_hd__a31o_1)
     2    0.01    0.05    0.15    2.32 v _174_/X (sky130_fd_sc_hd__a31o_1)
                                         net25 (net)
                  0.05    0.00    2.32 v output25/A (sky130_fd_sc_hd__buf_2)
     1    0.03    0.06    0.12    2.43 v output25/X (sky130_fd_sc_hd__buf_2)
                                         out[5] (net)
                  0.06    0.00    2.43 v out[5] (out)
                                  2.43   data arrival time

                  0.00    0.00    0.00   clock __VIRTUAL_CLK__ (rise edge)
                          0.00    0.00   clock network delay (ideal)
                          0.25    0.25   clock uncertainty
                          0.00    0.25   clock reconvergence pessimism
                         -2.00   -1.75   output external delay
                                 -1.75   data required time
-----------------------------------------------------------------------------
                                 -1.75   data required time
                                 -2.43   data arrival time
-----------------------------------------------------------------------------
                                  4.18   slack (MET)


Startpoint: A[6] (input port clocked by __VIRTUAL_CLK__)
Endpoint: out[6] (output port clocked by __VIRTUAL_CLK__)
Path Group: __VIRTUAL_CLK__
Path Type: min
Corner: Fastest

Fanout     Cap    Slew   Delay    Time   Description
-----------------------------------------------------------------------------
                  0.00    0.00    0.00   clock __VIRTUAL_CLK__ (rise edge)
                          0.00    0.00   clock network delay (ideal)
                          2.00    2.00 ^ input external delay
     1    0.00    0.02    0.01    2.01 ^ A[6] (in)
                                         A[6] (net)
                  0.02    0.00    2.01 ^ input7/A (sky130_fd_sc_hd__clkbuf_2)
     6    0.03    0.15    0.14    2.14 ^ input7/X (sky130_fd_sc_hd__clkbuf_2)
                                         net7 (net)
                  0.15    0.00    2.15 ^ _186_/A1 (sky130_fd_sc_hd__a311o_1)
     1    0.01    0.06    0.12    2.27 ^ _186_/X (sky130_fd_sc_hd__a311o_1)
                                         _017_ (net)
                  0.06    0.00    2.27 ^ _187_/B1 (sky130_fd_sc_hd__a21o_1)
     1    0.00    0.03    0.05    2.32 ^ _187_/X (sky130_fd_sc_hd__a21o_1)
                                         net26 (net)
                  0.03    0.00    2.32 ^ output26/A (sky130_fd_sc_hd__buf_2)
     1    0.03    0.13    0.13    2.45 ^ output26/X (sky130_fd_sc_hd__buf_2)
                                         out[6] (net)
                  0.13    0.00    2.45 ^ out[6] (out)
                                  2.45   data arrival time

                  0.00    0.00    0.00   clock __VIRTUAL_CLK__ (rise edge)
                          0.00    0.00   clock network delay (ideal)
                          0.25    0.25   clock uncertainty
                          0.00    0.25   clock reconvergence pessimism
                         -2.00   -1.75   output external delay
                                 -1.75   data required time
-----------------------------------------------------------------------------
                                 -1.75   data required time
                                 -2.45   data arrival time
-----------------------------------------------------------------------------
                                  4.20   slack (MET)


Startpoint: opcode[2] (input port clocked by __VIRTUAL_CLK__)
Endpoint: out[0] (output port clocked by __VIRTUAL_CLK__)
Path Group: __VIRTUAL_CLK__
Path Type: min
Corner: Fastest

Fanout     Cap    Slew   Delay    Time   Description
-----------------------------------------------------------------------------
                  0.00    0.00    0.00   clock __VIRTUAL_CLK__ (rise edge)
                          0.00    0.00   clock network delay (ideal)
                          2.00    2.00 ^ input external delay
     1    0.00    0.02    0.01    2.01 ^ opcode[2] (in)
                                         opcode[2] (net)
                  0.02    0.00    2.01 ^ input19/A (sky130_fd_sc_hd__buf_4)
     6    0.04    0.09    0.11    2.11 ^ input19/X (sky130_fd_sc_hd__buf_4)
                                         net19 (net)
                  0.09    0.00    2.12 ^ _097_/A (sky130_fd_sc_hd__nor2b_4)
     9    0.05    0.05    0.06    2.18 v _097_/Y (sky130_fd_sc_hd__nor2b_4)
                                         _030_ (net)
                  0.06    0.00    2.18 v _107_/A2 (sky130_fd_sc_hd__a31o_1)
     1    0.01    0.04    0.16    2.34 v _107_/X (sky130_fd_sc_hd__a31o_1)
                                         net20 (net)
                  0.04    0.00    2.34 v output20/A (sky130_fd_sc_hd__buf_2)
     1    0.03    0.06    0.12    2.45 v output20/X (sky130_fd_sc_hd__buf_2)
                                         out[0] (net)
                  0.06    0.00    2.46 v out[0] (out)
                                  2.46   data arrival time

                  0.00    0.00    0.00   clock __VIRTUAL_CLK__ (rise edge)
                          0.00    0.00   clock network delay (ideal)
                          0.25    0.25   clock uncertainty
                          0.00    0.25   clock reconvergence pessimism
                         -2.00   -1.75   output external delay
                                 -1.75   data required time
-----------------------------------------------------------------------------
                                 -1.75   data required time
                                 -2.46   data arrival time
-----------------------------------------------------------------------------
                                  4.21   slack (MET)


Startpoint: A[3] (input port clocked by __VIRTUAL_CLK__)
Endpoint: out[3] (output port clocked by __VIRTUAL_CLK__)
Path Group: __VIRTUAL_CLK__
Path Type: min
Corner: Fastest

Fanout     Cap    Slew   Delay    Time   Description
-----------------------------------------------------------------------------
                  0.00    0.00    0.00   clock __VIRTUAL_CLK__ (rise edge)
                          0.00    0.00   clock network delay (ideal)
                          2.00    2.00 ^ input external delay
     1    0.00    0.02    0.01    2.01 ^ A[3] (in)
                                         A[3] (net)
                  0.02    0.00    2.01 ^ input4/A (sky130_fd_sc_hd__clkbuf_2)
     7    0.03    0.14    0.13    2.14 ^ input4/X (sky130_fd_sc_hd__clkbuf_2)
                                         net4 (net)
                  0.14    0.00    2.14 ^ _143_/A1 (sky130_fd_sc_hd__a31o_1)
     1    0.01    0.04    0.10    2.24 ^ _143_/X (sky130_fd_sc_hd__a31o_1)
                                         _073_ (net)
                  0.04    0.00    2.24 ^ _146_/B1 (sky130_fd_sc_hd__a211o_1)
     1    0.01    0.06    0.08    2.32 ^ _146_/X (sky130_fd_sc_hd__a211o_1)
                                         net23 (net)
                  0.06    0.00    2.32 ^ output23/A (sky130_fd_sc_hd__buf_2)
     1    0.03    0.13    0.14    2.46 ^ output23/X (sky130_fd_sc_hd__buf_2)
                                         out[3] (net)
                  0.13    0.00    2.46 ^ out[3] (out)
                                  2.46   data arrival time

                  0.00    0.00    0.00   clock __VIRTUAL_CLK__ (rise edge)
                          0.00    0.00   clock network delay (ideal)
                          0.25    0.25   clock uncertainty
                          0.00    0.25   clock reconvergence pessimism
                         -2.00   -1.75   output external delay
                                 -1.75   data required time
-----------------------------------------------------------------------------
                                 -1.75   data required time
                                 -2.46   data arrival time
-----------------------------------------------------------------------------
                                  4.21   slack (MET)


Startpoint: opcode[1] (input port clocked by __VIRTUAL_CLK__)
Endpoint: out[2] (output port clocked by __VIRTUAL_CLK__)
Path Group: __VIRTUAL_CLK__
Path Type: min
Corner: Fastest

Fanout     Cap    Slew   Delay    Time   Description
-----------------------------------------------------------------------------
                  0.00    0.00    0.00   clock __VIRTUAL_CLK__ (rise edge)
                          0.00    0.00   clock network delay (ideal)
                          2.00    2.00 ^ input external delay
     1    0.00    0.02    0.01    2.01 ^ opcode[1] (in)
                                         opcode[1] (net)
                  0.02    0.00    2.01 ^ input18/A (sky130_fd_sc_hd__buf_4)
     6    0.03    0.06    0.09    2.10 ^ input18/X (sky130_fd_sc_hd__buf_4)
                                         net18 (net)
                  0.06    0.00    2.10 ^ _127_/B (sky130_fd_sc_hd__nor2_1)
     4    0.02    0.07    0.07    2.17 v _127_/Y (sky130_fd_sc_hd__nor2_1)
                                         _058_ (net)
                  0.07    0.00    2.17 v _128_/B1 (sky130_fd_sc_hd__o21ai_1)
     1    0.01    0.09    0.09    2.26 ^ _128_/Y (sky130_fd_sc_hd__o21ai_1)
                                         _059_ (net)
                  0.09    0.00    2.26 ^ _133_/A2 (sky130_fd_sc_hd__o21bai_1)
     1    0.01    0.06    0.08    2.34 v _133_/Y (sky130_fd_sc_hd__o21bai_1)
                                         net22 (net)
                  0.06    0.00    2.34 v output22/A (sky130_fd_sc_hd__buf_2)
     1    0.03    0.06    0.12    2.47 v output22/X (sky130_fd_sc_hd__buf_2)
                                         out[2] (net)
                  0.06    0.00    2.47 v out[2] (out)
                                  2.47   data arrival time

                  0.00    0.00    0.00   clock __VIRTUAL_CLK__ (rise edge)
                          0.00    0.00   clock network delay (ideal)
                          0.25    0.25   clock uncertainty
                          0.00    0.25   clock reconvergence pessimism
                         -2.00   -1.75   output external delay
                                 -1.75   data required time
-----------------------------------------------------------------------------
                                 -1.75   data required time
                                 -2.47   data arrival time
-----------------------------------------------------------------------------
                                  4.22   slack (MET)


Startpoint: A[1] (input port clocked by __VIRTUAL_CLK__)
Endpoint: out[1] (output port clocked by __VIRTUAL_CLK__)
Path Group: __VIRTUAL_CLK__
Path Type: min
Corner: Fastest

Fanout     Cap    Slew   Delay    Time   Description
-----------------------------------------------------------------------------
                  0.00    0.00    0.00   clock __VIRTUAL_CLK__ (rise edge)
                          0.00    0.00   clock network delay (ideal)
                          2.00    2.00 v input external delay
     1    0.00    0.00    0.00    2.00 v A[1] (in)
                                         A[1] (net)
                  0.00    0.00    2.00 v input2/A (sky130_fd_sc_hd__clkbuf_2)
     6    0.04    0.09    0.11    2.11 v input2/X (sky130_fd_sc_hd__clkbuf_2)
                                         net2 (net)
                  0.09    0.00    2.12 v _112_/B1 (sky130_fd_sc_hd__o21ai_2)
     3    0.02    0.07    0.09    2.21 ^ _112_/Y (sky130_fd_sc_hd__o21ai_2)
                                         _044_ (net)
                  0.07    0.00    2.21 ^ _115_/A2 (sky130_fd_sc_hd__a31o_1)
     1    0.01    0.06    0.10    2.31 ^ _115_/X (sky130_fd_sc_hd__a31o_1)
                                         _047_ (net)
                  0.06    0.00    2.31 ^ _121_/A2 (sky130_fd_sc_hd__o21bai_1)
     1    0.01    0.04    0.06    2.37 v _121_/Y (sky130_fd_sc_hd__o21bai_1)
                                         net21 (net)
                  0.04    0.00    2.37 v output21/A (sky130_fd_sc_hd__buf_2)
     1    0.03    0.06    0.12    2.48 v output21/X (sky130_fd_sc_hd__buf_2)
                                         out[1] (net)
                  0.06    0.00    2.48 v out[1] (out)
                                  2.48   data arrival time

                  0.00    0.00    0.00   clock __VIRTUAL_CLK__ (rise edge)
                          0.00    0.00   clock network delay (ideal)
                          0.25    0.25   clock uncertainty
                          0.00    0.25   clock reconvergence pessimism
                         -2.00   -1.75   output external delay
                                 -1.75   data required time
-----------------------------------------------------------------------------
                                 -1.75   data required time
                                 -2.48   data arrival time
-----------------------------------------------------------------------------
                                  4.23   slack (MET)



worst slack corner Fastest: 4.1135
======================= Slowest Corner ===================================

Startpoint: A[4] (input port clocked by __VIRTUAL_CLK__)
Endpoint: out[4] (output port clocked by __VIRTUAL_CLK__)
Path Group: __VIRTUAL_CLK__
Path Type: min
Corner: Slowest

Fanout     Cap    Slew   Delay    Time   Description
-----------------------------------------------------------------------------
                  0.00    0.00    0.00   clock __VIRTUAL_CLK__ (rise edge)
                          0.00    0.00   clock network delay (ideal)
                          2.00    2.00 v input external delay
     1    0.00    0.02    0.01    2.01 v A[4] (in)
                                         A[4] (net)
                  0.02    0.00    2.01 v input5/A (sky130_fd_sc_hd__clkbuf_2)
     6    0.03    0.22    0.28    2.29 v input5/X (sky130_fd_sc_hd__clkbuf_2)
                                         net5 (net)
                  0.22    0.00    2.29 v _161_/B2 (sky130_fd_sc_hd__o32a_1)
     1    0.00    0.10    0.36    2.66 v _161_/X (sky130_fd_sc_hd__o32a_1)
                                         _090_ (net)
                  0.10    0.00    2.66 v _162_/B (sky130_fd_sc_hd__nand2_1)
     1    0.00    0.10    0.13    2.78 ^ _162_/Y (sky130_fd_sc_hd__nand2_1)
                                         net24 (net)
                  0.10    0.00    2.79 ^ output24/A (sky130_fd_sc_hd__buf_2)
     1    0.04    0.29    0.35    3.14 ^ output24/X (sky130_fd_sc_hd__buf_2)
                                         out[4] (net)
                  0.29    0.00    3.14 ^ out[4] (out)
                                  3.14   data arrival time

                  0.00    0.00    0.00   clock __VIRTUAL_CLK__ (rise edge)
                          0.00    0.00   clock network delay (ideal)
                          0.25    0.25   clock uncertainty
                          0.00    0.25   clock reconvergence pessimism
                         -2.00   -1.75   output external delay
                                 -1.75   data required time
-----------------------------------------------------------------------------
                                 -1.75   data required time
                                 -3.14   data arrival time
-----------------------------------------------------------------------------
                                  4.89   slack (MET)


Startpoint: opcode[1] (input port clocked by __VIRTUAL_CLK__)
Endpoint: out[7] (output port clocked by __VIRTUAL_CLK__)
Path Group: __VIRTUAL_CLK__
Path Type: min
Corner: Slowest

Fanout     Cap    Slew   Delay    Time   Description
-----------------------------------------------------------------------------
                  0.00    0.00    0.00   clock __VIRTUAL_CLK__ (rise edge)
                          0.00    0.00   clock network delay (ideal)
                          2.00    2.00 ^ input external delay
     1    0.00    0.04    0.02    2.02 ^ opcode[1] (in)
                                         opcode[1] (net)
                  0.04    0.00    2.02 ^ input18/A (sky130_fd_sc_hd__buf_4)
     6    0.03    0.14    0.23    2.26 ^ input18/X (sky130_fd_sc_hd__buf_4)
                                         net18 (net)
                  0.14    0.00    2.26 ^ _127_/B (sky130_fd_sc_hd__nor2_1)
     4    0.02    0.19    0.20    2.46 v _127_/Y (sky130_fd_sc_hd__nor2_1)
                                         _058_ (net)
                  0.19    0.00    2.46 v _199_/A3 (sky130_fd_sc_hd__a31o_4)
     1    0.02    0.09    0.49    2.95 v _199_/X (sky130_fd_sc_hd__a31o_4)
                                         net27 (net)
                  0.09    0.00    2.95 v output27/A (sky130_fd_sc_hd__buf_6)
     1    0.04    0.08    0.24    3.20 v output27/X (sky130_fd_sc_hd__buf_6)
                                         out[7] (net)
                  0.08    0.00    3.20 v out[7] (out)
                                  3.20   data arrival time

                  0.00    0.00    0.00   clock __VIRTUAL_CLK__ (rise edge)
                          0.00    0.00   clock network delay (ideal)
                          0.25    0.25   clock uncertainty
                          0.00    0.25   clock reconvergence pessimism
                         -2.00   -1.75   output external delay
                                 -1.75   data required time
-----------------------------------------------------------------------------
                                 -1.75   data required time
                                 -3.20   data arrival time
-----------------------------------------------------------------------------
                                  4.95   slack (MET)


Startpoint: opcode[1] (input port clocked by __VIRTUAL_CLK__)
Endpoint: out[5] (output port clocked by __VIRTUAL_CLK__)
Path Group: __VIRTUAL_CLK__
Path Type: min
Corner: Slowest

Fanout     Cap    Slew   Delay    Time   Description
-----------------------------------------------------------------------------
                  0.00    0.00    0.00   clock __VIRTUAL_CLK__ (rise edge)
                          0.00    0.00   clock network delay (ideal)
                          2.00    2.00 ^ input external delay
     1    0.00    0.04    0.02    2.02 ^ opcode[1] (in)
                                         opcode[1] (net)
                  0.04    0.00    2.02 ^ input18/A (sky130_fd_sc_hd__buf_4)
     6    0.03    0.14    0.23    2.26 ^ input18/X (sky130_fd_sc_hd__buf_4)
                                         net18 (net)
                  0.14    0.00    2.26 ^ _127_/B (sky130_fd_sc_hd__nor2_1)
     4    0.02    0.19    0.20    2.46 v _127_/Y (sky130_fd_sc_hd__nor2_1)
                                         _058_ (net)
                  0.19    0.00    2.46 v _174_/A1 (sky130_fd_sc_hd__a31o_1)
     2    0.01    0.14    0.43    2.89 v _174_/X (sky130_fd_sc_hd__a31o_1)
                                         net25 (net)
                  0.14    0.00    2.89 v output25/A (sky130_fd_sc_hd__buf_2)
     1    0.03    0.16    0.36    3.25 v output25/X (sky130_fd_sc_hd__buf_2)
                                         out[5] (net)
                  0.16    0.00    3.25 v out[5] (out)
                                  3.25   data arrival time

                  0.00    0.00    0.00   clock __VIRTUAL_CLK__ (rise edge)
                          0.00    0.00   clock network delay (ideal)
                          0.25    0.25   clock uncertainty
                          0.00    0.25   clock reconvergence pessimism
                         -2.00   -1.75   output external delay
                                 -1.75   data required time
-----------------------------------------------------------------------------
                                 -1.75   data required time
                                 -3.25   data arrival time
-----------------------------------------------------------------------------
                                  5.00   slack (MET)


Startpoint: A[6] (input port clocked by __VIRTUAL_CLK__)
Endpoint: out[6] (output port clocked by __VIRTUAL_CLK__)
Path Group: __VIRTUAL_CLK__
Path Type: min
Corner: Slowest

Fanout     Cap    Slew   Delay    Time   Description
-----------------------------------------------------------------------------
                  0.00    0.00    0.00   clock __VIRTUAL_CLK__ (rise edge)
                          0.00    0.00   clock network delay (ideal)
                          2.00    2.00 ^ input external delay
     1    0.00    0.04    0.02    2.02 ^ A[6] (in)
                                         A[6] (net)
                  0.04    0.00    2.02 ^ input7/A (sky130_fd_sc_hd__clkbuf_2)
     6    0.03    0.30    0.32    2.34 ^ input7/X (sky130_fd_sc_hd__clkbuf_2)
                                         net7 (net)
                  0.30    0.00    2.34 ^ _186_/A1 (sky130_fd_sc_hd__a311o_1)
     1    0.01    0.13    0.43    2.77 ^ _186_/X (sky130_fd_sc_hd__a311o_1)
                                         _017_ (net)
                  0.13    0.00    2.77 ^ _187_/B1 (sky130_fd_sc_hd__a21o_1)
     1    0.00    0.06    0.16    2.93 ^ _187_/X (sky130_fd_sc_hd__a21o_1)
                                         net26 (net)
                  0.06    0.00    2.93 ^ output26/A (sky130_fd_sc_hd__buf_2)
     1    0.03    0.28    0.33    3.26 ^ output26/X (sky130_fd_sc_hd__buf_2)
                                         out[6] (net)
                  0.28    0.00    3.26 ^ out[6] (out)
                                  3.26   data arrival time

                  0.00    0.00    0.00   clock __VIRTUAL_CLK__ (rise edge)
                          0.00    0.00   clock network delay (ideal)
                          0.25    0.25   clock uncertainty
                          0.00    0.25   clock reconvergence pessimism
                         -2.00   -1.75   output external delay
                                 -1.75   data required time
-----------------------------------------------------------------------------
                                 -1.75   data required time
                                 -3.26   data arrival time
-----------------------------------------------------------------------------
                                  5.01   slack (MET)


Startpoint: A[3] (input port clocked by __VIRTUAL_CLK__)
Endpoint: out[3] (output port clocked by __VIRTUAL_CLK__)
Path Group: __VIRTUAL_CLK__
Path Type: min
Corner: Slowest

Fanout     Cap    Slew   Delay    Time   Description
-----------------------------------------------------------------------------
                  0.00    0.00    0.00   clock __VIRTUAL_CLK__ (rise edge)
                          0.00    0.00   clock network delay (ideal)
                          2.00    2.00 ^ input external delay
     1    0.00    0.03    0.02    2.02 ^ A[3] (in)
                                         A[3] (net)
                  0.03    0.00    2.02 ^ input4/A (sky130_fd_sc_hd__clkbuf_2)
     7    0.03    0.28    0.31    2.33 ^ input4/X (sky130_fd_sc_hd__clkbuf_2)
                                         net4 (net)
                  0.28    0.00    2.33 ^ _143_/A1 (sky130_fd_sc_hd__a31o_1)
     1    0.00    0.10    0.35    2.68 ^ _143_/X (sky130_fd_sc_hd__a31o_1)
                                         _073_ (net)
                  0.10    0.00    2.68 ^ _146_/B1 (sky130_fd_sc_hd__a211o_1)
     1    0.01    0.13    0.22    2.91 ^ _146_/X (sky130_fd_sc_hd__a211o_1)
                                         net23 (net)
                  0.13    0.00    2.91 ^ output23/A (sky130_fd_sc_hd__buf_2)
     1    0.03    0.28    0.35    3.26 ^ output23/X (sky130_fd_sc_hd__buf_2)
                                         out[3] (net)
                  0.28    0.00    3.26 ^ out[3] (out)
                                  3.26   data arrival time

                  0.00    0.00    0.00   clock __VIRTUAL_CLK__ (rise edge)
                          0.00    0.00   clock network delay (ideal)
                          0.25    0.25   clock uncertainty
                          0.00    0.25   clock reconvergence pessimism
                         -2.00   -1.75   output external delay
                                 -1.75   data required time
-----------------------------------------------------------------------------
                                 -1.75   data required time
                                 -3.26   data arrival time
-----------------------------------------------------------------------------
                                  5.01   slack (MET)


Startpoint: opcode[2] (input port clocked by __VIRTUAL_CLK__)
Endpoint: out[0] (output port clocked by __VIRTUAL_CLK__)
Path Group: __VIRTUAL_CLK__
Path Type: min
Corner: Slowest

Fanout     Cap    Slew   Delay    Time   Description
-----------------------------------------------------------------------------
                  0.00    0.00    0.00   clock __VIRTUAL_CLK__ (rise edge)
                          0.00    0.00   clock network delay (ideal)
                          2.00    2.00 ^ input external delay
     1    0.00    0.04    0.02    2.02 ^ opcode[2] (in)
                                         opcode[2] (net)
                  0.04    0.00    2.02 ^ input19/A (sky130_fd_sc_hd__buf_4)
     6    0.04    0.19    0.27    2.29 ^ input19/X (sky130_fd_sc_hd__buf_4)
                                         net19 (net)
                  0.19    0.00    2.29 ^ _097_/A (sky130_fd_sc_hd__nor2b_4)
     9    0.05    0.13    0.18    2.47 v _097_/Y (sky130_fd_sc_hd__nor2b_4)
                                         _030_ (net)
                  0.13    0.00    2.48 v _107_/A2 (sky130_fd_sc_hd__a31o_1)
     1    0.01    0.13    0.44    2.92 v _107_/X (sky130_fd_sc_hd__a31o_1)
                                         net20 (net)
                  0.13    0.00    2.92 v output20/A (sky130_fd_sc_hd__buf_2)
     1    0.03    0.17    0.36    3.28 v output20/X (sky130_fd_sc_hd__buf_2)
                                         out[0] (net)
                  0.17    0.00    3.28 v out[0] (out)
                                  3.28   data arrival time

                  0.00    0.00    0.00   clock __VIRTUAL_CLK__ (rise edge)
                          0.00    0.00   clock network delay (ideal)
                          0.25    0.25   clock uncertainty
                          0.00    0.25   clock reconvergence pessimism
                         -2.00   -1.75   output external delay
                                 -1.75   data required time
-----------------------------------------------------------------------------
                                 -1.75   data required time
                                 -3.28   data arrival time
-----------------------------------------------------------------------------
                                  5.03   slack (MET)


Startpoint: A[1] (input port clocked by __VIRTUAL_CLK__)
Endpoint: out[1] (output port clocked by __VIRTUAL_CLK__)
Path Group: __VIRTUAL_CLK__
Path Type: min
Corner: Slowest

Fanout     Cap    Slew   Delay    Time   Description
-----------------------------------------------------------------------------
                  0.00    0.00    0.00   clock __VIRTUAL_CLK__ (rise edge)
                          0.00    0.00   clock network delay (ideal)
                          2.00    2.00 ^ input external delay
     1    0.00    0.03    0.02    2.02 ^ A[1] (in)
                                         A[1] (net)
                  0.03    0.00    2.02 ^ input2/A (sky130_fd_sc_hd__clkbuf_2)
     6    0.04    0.31    0.33    2.35 ^ input2/X (sky130_fd_sc_hd__clkbuf_2)
                                         net2 (net)
                  0.31    0.00    2.35 ^ _120_/A1 (sky130_fd_sc_hd__a311o_1)
     1    0.01    0.12    0.42    2.77 ^ _120_/X (sky130_fd_sc_hd__a311o_1)
                                         _052_ (net)
                  0.12    0.00    2.77 ^ _121_/B1_N (sky130_fd_sc_hd__o21bai_1)
     1    0.01    0.18    0.25    3.02 ^ _121_/Y (sky130_fd_sc_hd__o21bai_1)
                                         net21 (net)
                  0.18    0.00    3.02 ^ output21/A (sky130_fd_sc_hd__buf_2)
     1    0.03    0.27    0.38    3.40 ^ output21/X (sky130_fd_sc_hd__buf_2)
                                         out[1] (net)
                  0.27    0.00    3.40 ^ out[1] (out)
                                  3.40   data arrival time

                  0.00    0.00    0.00   clock __VIRTUAL_CLK__ (rise edge)
                          0.00    0.00   clock network delay (ideal)
                          0.25    0.25   clock uncertainty
                          0.00    0.25   clock reconvergence pessimism
                         -2.00   -1.75   output external delay
                                 -1.75   data required time
-----------------------------------------------------------------------------
                                 -1.75   data required time
                                 -3.40   data arrival time
-----------------------------------------------------------------------------
                                  5.15   slack (MET)


Startpoint: opcode[1] (input port clocked by __VIRTUAL_CLK__)
Endpoint: out[2] (output port clocked by __VIRTUAL_CLK__)
Path Group: __VIRTUAL_CLK__
Path Type: min
Corner: Slowest

Fanout     Cap    Slew   Delay    Time   Description
-----------------------------------------------------------------------------
                  0.00    0.00    0.00   clock __VIRTUAL_CLK__ (rise edge)
                          0.00    0.00   clock network delay (ideal)
                          2.00    2.00 ^ input external delay
     1    0.00    0.04    0.02    2.02 ^ opcode[1] (in)
                                         opcode[1] (net)
                  0.04    0.00    2.02 ^ input18/A (sky130_fd_sc_hd__buf_4)
     6    0.03    0.14    0.23    2.26 ^ input18/X (sky130_fd_sc_hd__buf_4)
                                         net18 (net)
                  0.14    0.00    2.26 ^ _127_/B (sky130_fd_sc_hd__nor2_1)
     4    0.02    0.19    0.20    2.46 v _127_/Y (sky130_fd_sc_hd__nor2_1)
                                         _058_ (net)
                  0.19    0.00    2.46 v _128_/B1 (sky130_fd_sc_hd__o21ai_1)
     1    0.01    0.26    0.26    2.72 ^ _128_/Y (sky130_fd_sc_hd__o21ai_1)
                                         _059_ (net)
                  0.26    0.00    2.72 ^ _133_/A2 (sky130_fd_sc_hd__o21bai_1)
     1    0.01    0.24    0.30    3.02 v _133_/Y (sky130_fd_sc_hd__o21bai_1)
                                         net22 (net)
                  0.24    0.00    3.02 v output22/A (sky130_fd_sc_hd__buf_2)
     1    0.03    0.17    0.41    3.43 v output22/X (sky130_fd_sc_hd__buf_2)
                                         out[2] (net)
                  0.17    0.00    3.43 v out[2] (out)
                                  3.43   data arrival time

                  0.00    0.00    0.00   clock __VIRTUAL_CLK__ (rise edge)
                          0.00    0.00   clock network delay (ideal)
                          0.25    0.25   clock uncertainty
                          0.00    0.25   clock reconvergence pessimism
                         -2.00   -1.75   output external delay
                                 -1.75   data required time
-----------------------------------------------------------------------------
                                 -1.75   data required time
                                 -3.43   data arrival time
-----------------------------------------------------------------------------
                                  5.18   slack (MET)



worst slack corner Slowest: 4.8873
======================= Typical Corner ===================================

Startpoint: A[4] (input port clocked by __VIRTUAL_CLK__)
Endpoint: out[4] (output port clocked by __VIRTUAL_CLK__)
Path Group: __VIRTUAL_CLK__
Path Type: min
Corner: Typical

Fanout     Cap    Slew   Delay    Time   Description
-----------------------------------------------------------------------------
                  0.00    0.00    0.00   clock __VIRTUAL_CLK__ (rise edge)
                          0.00    0.00   clock network delay (ideal)
                          2.00    2.00 ^ input external delay
     1    0.00    0.02    0.01    2.01 ^ A[4] (in)
                                         A[4] (net)
                  0.02    0.00    2.01 ^ input5/A (sky130_fd_sc_hd__clkbuf_2)
     6    0.03    0.17    0.18    2.19 ^ input5/X (sky130_fd_sc_hd__clkbuf_2)
                                         net5 (net)
                  0.17    0.00    2.19 ^ _161_/B2 (sky130_fd_sc_hd__o32a_1)
     1    0.01    0.07    0.16    2.36 ^ _161_/X (sky130_fd_sc_hd__o32a_1)
                                         _090_ (net)
                  0.07    0.00    2.36 ^ _162_/B (sky130_fd_sc_hd__nand2_1)
     1    0.00    0.04    0.06    2.42 v _162_/Y (sky130_fd_sc_hd__nand2_1)
                                         net24 (net)
                  0.04    0.00    2.42 v output24/A (sky130_fd_sc_hd__buf_2)
     1    0.04    0.09    0.18    2.59 v output24/X (sky130_fd_sc_hd__buf_2)
                                         out[4] (net)
                  0.09    0.00    2.59 v out[4] (out)
                                  2.59   data arrival time

                  0.00    0.00    0.00   clock __VIRTUAL_CLK__ (rise edge)
                          0.00    0.00   clock network delay (ideal)
                          0.25    0.25   clock uncertainty
                          0.00    0.25   clock reconvergence pessimism
                         -2.00   -1.75   output external delay
                                 -1.75   data required time
-----------------------------------------------------------------------------
                                 -1.75   data required time
                                 -2.59   data arrival time
-----------------------------------------------------------------------------
                                  4.34   slack (MET)


Startpoint: opcode[1] (input port clocked by __VIRTUAL_CLK__)
Endpoint: out[7] (output port clocked by __VIRTUAL_CLK__)
Path Group: __VIRTUAL_CLK__
Path Type: min
Corner: Typical

Fanout     Cap    Slew   Delay    Time   Description
-----------------------------------------------------------------------------
                  0.00    0.00    0.00   clock __VIRTUAL_CLK__ (rise edge)
                          0.00    0.00   clock network delay (ideal)
                          2.00    2.00 ^ input external delay
     1    0.00    0.03    0.01    2.01 ^ opcode[1] (in)
                                         opcode[1] (net)
                  0.03    0.00    2.01 ^ input18/A (sky130_fd_sc_hd__buf_4)
     6    0.03    0.09    0.13    2.14 ^ input18/X (sky130_fd_sc_hd__buf_4)
                                         net18 (net)
                  0.09    0.00    2.14 ^ _127_/B (sky130_fd_sc_hd__nor2_1)
     4    0.02    0.10    0.10    2.25 v _127_/Y (sky130_fd_sc_hd__nor2_1)
                                         _058_ (net)
                  0.10    0.00    2.25 v _199_/A3 (sky130_fd_sc_hd__a31o_4)
     1    0.02    0.05    0.27    2.52 v _199_/X (sky130_fd_sc_hd__a31o_4)
                                         net27 (net)
                  0.05    0.00    2.52 v output27/A (sky130_fd_sc_hd__buf_6)
     1    0.04    0.04    0.13    2.65 v output27/X (sky130_fd_sc_hd__buf_6)
                                         out[7] (net)
                  0.04    0.00    2.65 v out[7] (out)
                                  2.65   data arrival time

                  0.00    0.00    0.00   clock __VIRTUAL_CLK__ (rise edge)
                          0.00    0.00   clock network delay (ideal)
                          0.25    0.25   clock uncertainty
                          0.00    0.25   clock reconvergence pessimism
                         -2.00   -1.75   output external delay
                                 -1.75   data required time
-----------------------------------------------------------------------------
                                 -1.75   data required time
                                 -2.65   data arrival time
-----------------------------------------------------------------------------
                                  4.40   slack (MET)


Startpoint: opcode[1] (input port clocked by __VIRTUAL_CLK__)
Endpoint: out[5] (output port clocked by __VIRTUAL_CLK__)
Path Group: __VIRTUAL_CLK__
Path Type: min
Corner: Typical

Fanout     Cap    Slew   Delay    Time   Description
-----------------------------------------------------------------------------
                  0.00    0.00    0.00   clock __VIRTUAL_CLK__ (rise edge)
                          0.00    0.00   clock network delay (ideal)
                          2.00    2.00 ^ input external delay
     1    0.00    0.03    0.01    2.01 ^ opcode[1] (in)
                                         opcode[1] (net)
                  0.03    0.00    2.01 ^ input18/A (sky130_fd_sc_hd__buf_4)
     6    0.03    0.09    0.13    2.14 ^ input18/X (sky130_fd_sc_hd__buf_4)
                                         net18 (net)
                  0.09    0.00    2.14 ^ _127_/B (sky130_fd_sc_hd__nor2_1)
     4    0.02    0.10    0.10    2.25 v _127_/Y (sky130_fd_sc_hd__nor2_1)
                                         _058_ (net)
                  0.10    0.00    2.25 v _174_/A1 (sky130_fd_sc_hd__a31o_1)
     2    0.01    0.08    0.22    2.47 v _174_/X (sky130_fd_sc_hd__a31o_1)
                                         net25 (net)
                  0.08    0.00    2.47 v output25/A (sky130_fd_sc_hd__buf_2)
     1    0.03    0.09    0.18    2.66 v output25/X (sky130_fd_sc_hd__buf_2)
                                         out[5] (net)
                  0.09    0.00    2.66 v out[5] (out)
                                  2.66   data arrival time

                  0.00    0.00    0.00   clock __VIRTUAL_CLK__ (rise edge)
                          0.00    0.00   clock network delay (ideal)
                          0.25    0.25   clock uncertainty
                          0.00    0.25   clock reconvergence pessimism
                         -2.00   -1.75   output external delay
                                 -1.75   data required time
-----------------------------------------------------------------------------
                                 -1.75   data required time
                                 -2.66   data arrival time
-----------------------------------------------------------------------------
                                  4.41   slack (MET)


Startpoint: A[6] (input port clocked by __VIRTUAL_CLK__)
Endpoint: out[6] (output port clocked by __VIRTUAL_CLK__)
Path Group: __VIRTUAL_CLK__
Path Type: min
Corner: Typical

Fanout     Cap    Slew   Delay    Time   Description
-----------------------------------------------------------------------------
                  0.00    0.00    0.00   clock __VIRTUAL_CLK__ (rise edge)
                          0.00    0.00   clock network delay (ideal)
                          2.00    2.00 ^ input external delay
     1    0.00    0.02    0.01    2.01 ^ A[6] (in)
                                         A[6] (net)
                  0.02    0.00    2.01 ^ input7/A (sky130_fd_sc_hd__clkbuf_2)
     6    0.03    0.19    0.19    2.20 ^ input7/X (sky130_fd_sc_hd__clkbuf_2)
                                         net7 (net)
                  0.19    0.00    2.20 ^ _186_/A1 (sky130_fd_sc_hd__a311o_1)
     1    0.01    0.08    0.20    2.41 ^ _186_/X (sky130_fd_sc_hd__a311o_1)
                                         _017_ (net)
                  0.08    0.00    2.41 ^ _187_/B1 (sky130_fd_sc_hd__a21o_1)
     1    0.00    0.04    0.09    2.49 ^ _187_/X (sky130_fd_sc_hd__a21o_1)
                                         net26 (net)
                  0.04    0.00    2.49 ^ output26/A (sky130_fd_sc_hd__buf_2)
     1    0.03    0.17    0.19    2.68 ^ output26/X (sky130_fd_sc_hd__buf_2)
                                         out[6] (net)
                  0.17    0.00    2.68 ^ out[6] (out)
                                  2.68   data arrival time

                  0.00    0.00    0.00   clock __VIRTUAL_CLK__ (rise edge)
                          0.00    0.00   clock network delay (ideal)
                          0.25    0.25   clock uncertainty
                          0.00    0.25   clock reconvergence pessimism
                         -2.00   -1.75   output external delay
                                 -1.75   data required time
-----------------------------------------------------------------------------
                                 -1.75   data required time
                                 -2.68   data arrival time
-----------------------------------------------------------------------------
                                  4.43   slack (MET)


Startpoint: opcode[2] (input port clocked by __VIRTUAL_CLK__)
Endpoint: out[0] (output port clocked by __VIRTUAL_CLK__)
Path Group: __VIRTUAL_CLK__
Path Type: min
Corner: Typical

Fanout     Cap    Slew   Delay    Time   Description
-----------------------------------------------------------------------------
                  0.00    0.00    0.00   clock __VIRTUAL_CLK__ (rise edge)
                          0.00    0.00   clock network delay (ideal)
                          2.00    2.00 ^ input external delay
     1    0.00    0.02    0.01    2.01 ^ opcode[2] (in)
                                         opcode[2] (net)
                  0.02    0.00    2.01 ^ input19/A (sky130_fd_sc_hd__buf_4)
     6    0.04    0.12    0.15    2.16 ^ input19/X (sky130_fd_sc_hd__buf_4)
                                         net19 (net)
                  0.12    0.00    2.17 ^ _097_/A (sky130_fd_sc_hd__nor2b_4)
     9    0.05    0.07    0.09    2.26 v _097_/Y (sky130_fd_sc_hd__nor2b_4)
                                         _030_ (net)
                  0.08    0.00    2.26 v _107_/A2 (sky130_fd_sc_hd__a31o_1)
     1    0.01    0.07    0.24    2.50 v _107_/X (sky130_fd_sc_hd__a31o_1)
                                         net20 (net)
                  0.07    0.00    2.50 v output20/A (sky130_fd_sc_hd__buf_2)
     1    0.03    0.09    0.18    2.69 v output20/X (sky130_fd_sc_hd__buf_2)
                                         out[0] (net)
                  0.09    0.00    2.69 v out[0] (out)
                                  2.69   data arrival time

                  0.00    0.00    0.00   clock __VIRTUAL_CLK__ (rise edge)
                          0.00    0.00   clock network delay (ideal)
                          0.25    0.25   clock uncertainty
                          0.00    0.25   clock reconvergence pessimism
                         -2.00   -1.75   output external delay
                                 -1.75   data required time
-----------------------------------------------------------------------------
                                 -1.75   data required time
                                 -2.69   data arrival time
-----------------------------------------------------------------------------
                                  4.44   slack (MET)


Startpoint: A[3] (input port clocked by __VIRTUAL_CLK__)
Endpoint: out[3] (output port clocked by __VIRTUAL_CLK__)
Path Group: __VIRTUAL_CLK__
Path Type: min
Corner: Typical

Fanout     Cap    Slew   Delay    Time   Description
-----------------------------------------------------------------------------
                  0.00    0.00    0.00   clock __VIRTUAL_CLK__ (rise edge)
                          0.00    0.00   clock network delay (ideal)
                          2.00    2.00 ^ input external delay
     1    0.00    0.02    0.01    2.01 ^ A[3] (in)
                                         A[3] (net)
                  0.02    0.00    2.01 ^ input4/A (sky130_fd_sc_hd__clkbuf_2)
     7    0.03    0.18    0.18    2.19 ^ input4/X (sky130_fd_sc_hd__clkbuf_2)
                                         net4 (net)
                  0.18    0.00    2.20 ^ _143_/A1 (sky130_fd_sc_hd__a31o_1)
     1    0.00    0.06    0.17    2.36 ^ _143_/X (sky130_fd_sc_hd__a31o_1)
                                         _073_ (net)
                  0.06    0.00    2.36 ^ _146_/B1 (sky130_fd_sc_hd__a211o_1)
     1    0.01    0.08    0.12    2.49 ^ _146_/X (sky130_fd_sc_hd__a211o_1)
                                         net23 (net)
                  0.08    0.00    2.49 ^ output23/A (sky130_fd_sc_hd__buf_2)
     1    0.03    0.17    0.20    2.69 ^ output23/X (sky130_fd_sc_hd__buf_2)
                                         out[3] (net)
                  0.17    0.00    2.69 ^ out[3] (out)
                                  2.69   data arrival time

                  0.00    0.00    0.00   clock __VIRTUAL_CLK__ (rise edge)
                          0.00    0.00   clock network delay (ideal)
                          0.25    0.25   clock uncertainty
                          0.00    0.25   clock reconvergence pessimism
                         -2.00   -1.75   output external delay
                                 -1.75   data required time
-----------------------------------------------------------------------------
                                 -1.75   data required time
                                 -2.69   data arrival time
-----------------------------------------------------------------------------
                                  4.44   slack (MET)


Startpoint: opcode[1] (input port clocked by __VIRTUAL_CLK__)
Endpoint: out[2] (output port clocked by __VIRTUAL_CLK__)
Path Group: __VIRTUAL_CLK__
Path Type: min
Corner: Typical

Fanout     Cap    Slew   Delay    Time   Description
-----------------------------------------------------------------------------
                  0.00    0.00    0.00   clock __VIRTUAL_CLK__ (rise edge)
                          0.00    0.00   clock network delay (ideal)
                          2.00    2.00 ^ input external delay
     1    0.00    0.03    0.01    2.01 ^ opcode[1] (in)
                                         opcode[1] (net)
                  0.03    0.00    2.01 ^ input18/A (sky130_fd_sc_hd__buf_4)
     6    0.03    0.09    0.13    2.14 ^ input18/X (sky130_fd_sc_hd__buf_4)
                                         net18 (net)
                  0.09    0.00    2.14 ^ _127_/B (sky130_fd_sc_hd__nor2_1)
     4    0.02    0.10    0.10    2.25 v _127_/Y (sky130_fd_sc_hd__nor2_1)
                                         _058_ (net)
                  0.10    0.00    2.25 v _128_/B1 (sky130_fd_sc_hd__o21ai_1)
     1    0.01    0.15    0.14    2.39 ^ _128_/Y (sky130_fd_sc_hd__o21ai_1)
                                         _059_ (net)
                  0.15    0.00    2.39 ^ _133_/A2 (sky130_fd_sc_hd__o21bai_1)
     1    0.01    0.11    0.13    2.52 v _133_/Y (sky130_fd_sc_hd__o21bai_1)
                                         net22 (net)
                  0.11    0.00    2.52 v output22/A (sky130_fd_sc_hd__buf_2)
     1    0.03    0.09    0.20    2.72 v output22/X (sky130_fd_sc_hd__buf_2)
                                         out[2] (net)
                  0.09    0.00    2.73 v out[2] (out)
                                  2.73   data arrival time

                  0.00    0.00    0.00   clock __VIRTUAL_CLK__ (rise edge)
                          0.00    0.00   clock network delay (ideal)
                          0.25    0.25   clock uncertainty
                          0.00    0.25   clock reconvergence pessimism
                         -2.00   -1.75   output external delay
                                 -1.75   data required time
-----------------------------------------------------------------------------
                                 -1.75   data required time
                                 -2.73   data arrival time
-----------------------------------------------------------------------------
                                  4.48   slack (MET)


Startpoint: A[1] (input port clocked by __VIRTUAL_CLK__)
Endpoint: out[1] (output port clocked by __VIRTUAL_CLK__)
Path Group: __VIRTUAL_CLK__
Path Type: min
Corner: Typical

Fanout     Cap    Slew   Delay    Time   Description
-----------------------------------------------------------------------------
                  0.00    0.00    0.00   clock __VIRTUAL_CLK__ (rise edge)
                          0.00    0.00   clock network delay (ideal)
                          2.00    2.00 v input external delay
     1    0.00    0.01    0.00    2.00 v A[1] (in)
                                         A[1] (net)
                  0.01    0.00    2.00 v input2/A (sky130_fd_sc_hd__clkbuf_2)
     6    0.04    0.14    0.17    2.17 v input2/X (sky130_fd_sc_hd__clkbuf_2)
                                         net2 (net)
                  0.14    0.00    2.17 v _112_/B1 (sky130_fd_sc_hd__o21ai_2)
     3    0.02    0.11    0.13    2.30 ^ _112_/Y (sky130_fd_sc_hd__o21ai_2)
                                         _044_ (net)
                  0.11    0.00    2.30 ^ _115_/A2 (sky130_fd_sc_hd__a31o_1)
     1    0.01    0.08    0.17    2.47 ^ _115_/X (sky130_fd_sc_hd__a31o_1)
                                         _047_ (net)
                  0.08    0.00    2.47 ^ _121_/A2 (sky130_fd_sc_hd__o21bai_1)
     1    0.01    0.07    0.09    2.57 v _121_/Y (sky130_fd_sc_hd__o21bai_1)
                                         net21 (net)
                  0.07    0.00    2.57 v output21/A (sky130_fd_sc_hd__buf_2)
     1    0.03    0.09    0.18    2.75 v output21/X (sky130_fd_sc_hd__buf_2)
                                         out[1] (net)
                  0.09    0.00    2.75 v out[1] (out)
                                  2.75   data arrival time

                  0.00    0.00    0.00   clock __VIRTUAL_CLK__ (rise edge)
                          0.00    0.00   clock network delay (ideal)
                          0.25    0.25   clock uncertainty
                          0.00    0.25   clock reconvergence pessimism
                         -2.00   -1.75   output external delay
                                 -1.75   data required time
-----------------------------------------------------------------------------
                                 -1.75   data required time
                                 -2.75   data arrival time
-----------------------------------------------------------------------------
                                  4.50   slack (MET)



worst slack corner Typical: 4.3428
