
===========================================================================
report_checks -unconstrained
===========================================================================
======================= Fastest Corner ===================================

Startpoint: B[1] (input port clocked by __VIRTUAL_CLK__)
Endpoint: out[7] (output port clocked by __VIRTUAL_CLK__)
Path Group: __VIRTUAL_CLK__
Path Type: max
Corner: Fastest

Fanout     Cap    Slew   Delay    Time   Description
-----------------------------------------------------------------------------
                  0.00    0.00    0.00   clock __VIRTUAL_CLK__ (rise edge)
                          0.00    0.00   clock network delay (ideal)
                          2.00    2.00 v input external delay
     1    0.00    0.01    0.00    2.00 v B[1] (in)
                                         B[1] (net)
                  0.01    0.00    2.00 v input10/A (sky130_fd_sc_hd__clkbuf_2)
     7    0.04    0.10    0.13    2.14 v input10/X (sky130_fd_sc_hd__clkbuf_2)
                                         net10 (net)
                  0.10    0.00    2.14 v _134_/B (sky130_fd_sc_hd__or3_4)
     3    0.02    0.06    0.28    2.42 v _134_/X (sky130_fd_sc_hd__or3_4)
                                         _064_ (net)
                  0.06    0.00    2.42 v _151_/A2 (sky130_fd_sc_hd__o21a_1)
     2    0.01    0.05    0.15    2.57 v _151_/X (sky130_fd_sc_hd__o21a_1)
                                         _080_ (net)
                  0.05    0.00    2.57 v _152_/B (sky130_fd_sc_hd__xnor2_1)
     2    0.01    0.24    0.22    2.79 ^ _152_/Y (sky130_fd_sc_hd__xnor2_1)
                                         _081_ (net)
                  0.24    0.00    2.79 ^ _153_/B (sky130_fd_sc_hd__and2_1)
     5    0.03    0.25    0.26    3.06 ^ _153_/X (sky130_fd_sc_hd__and2_1)
                                         _082_ (net)
                  0.25    0.00    3.06 ^ _155_/A (sky130_fd_sc_hd__nor2_1)
     2    0.01    0.08    0.07    3.13 v _155_/Y (sky130_fd_sc_hd__nor2_1)
                                         _084_ (net)
                  0.08    0.00    3.13 v _160_/B (sky130_fd_sc_hd__and2_4)
     5    0.03    0.04    0.15    3.28 v _160_/X (sky130_fd_sc_hd__and2_4)
                                         _089_ (net)
                  0.04    0.00    3.28 v _181_/A3 (sky130_fd_sc_hd__o311a_4)
     3    0.02    0.06    0.23    3.51 v _181_/X (sky130_fd_sc_hd__o311a_4)
                                         _012_ (net)
                  0.06    0.00    3.52 v _195_/B (sky130_fd_sc_hd__or3_4)
     1    0.00    0.05    0.24    3.75 v _195_/X (sky130_fd_sc_hd__or3_4)
                                         _025_ (net)
                  0.05    0.00    3.75 v _199_/A1 (sky130_fd_sc_hd__a31o_4)
     1    0.02    0.04    0.17    3.92 v _199_/X (sky130_fd_sc_hd__a31o_4)
                                         net27 (net)
                  0.04    0.00    3.92 v output27/A (sky130_fd_sc_hd__buf_6)
     1    0.04    0.03    0.10    4.02 v output27/X (sky130_fd_sc_hd__buf_6)
                                         out[7] (net)
                  0.03    0.00    4.02 v out[7] (out)
                                  4.02   data arrival time

                  0.00   10.00   10.00   clock __VIRTUAL_CLK__ (rise edge)
                          0.00   10.00   clock network delay (ideal)
                         -0.25    9.75   clock uncertainty
                          0.00    9.75   clock reconvergence pessimism
                         -2.00    7.75   output external delay
                                  7.75   data required time
-----------------------------------------------------------------------------
                                  7.75   data required time
                                 -4.02   data arrival time
-----------------------------------------------------------------------------
                                  3.73   slack (MET)



======================= Slowest Corner ===================================

Startpoint: opcode[1] (input port clocked by __VIRTUAL_CLK__)
Endpoint: out[7] (output port clocked by __VIRTUAL_CLK__)
Path Group: __VIRTUAL_CLK__
Path Type: max
Corner: Slowest

Fanout     Cap    Slew   Delay    Time   Description
-----------------------------------------------------------------------------
                  0.00    0.00    0.00   clock __VIRTUAL_CLK__ (rise edge)
                          0.00    0.00   clock network delay (ideal)
                          2.00    2.00 v input external delay
     1    0.00    0.02    0.01    2.01 v opcode[1] (in)
                                         opcode[1] (net)
                  0.02    0.00    2.01 v input18/A (sky130_fd_sc_hd__buf_4)
     6    0.03    0.09    0.28    2.30 v input18/X (sky130_fd_sc_hd__buf_4)
                                         net18 (net)
                  0.09    0.00    2.30 v _108_/A (sky130_fd_sc_hd__or3b_4)
     2    0.01    0.14    0.84    3.14 v _108_/X (sky130_fd_sc_hd__or3b_4)
                                         _040_ (net)
                  0.14    0.00    3.14 v _109_/A (sky130_fd_sc_hd__buf_6)
     5    0.02    0.06    0.27    3.41 v _109_/X (sky130_fd_sc_hd__buf_6)
                                         _041_ (net)
                  0.06    0.00    3.41 v _111_/A (sky130_fd_sc_hd__and3_1)
     2    0.01    0.13    0.36    3.77 v _111_/X (sky130_fd_sc_hd__and3_1)
                                         _043_ (net)
                  0.13    0.00    3.78 v _113_/C (sky130_fd_sc_hd__or3_4)
     3    0.02    0.15    0.77    4.54 v _113_/X (sky130_fd_sc_hd__or3_4)
                                         _045_ (net)
                  0.15    0.00    4.54 v _122_/A2 (sky130_fd_sc_hd__a21bo_4)
     3    0.02    0.08    0.48    5.02 v _122_/X (sky130_fd_sc_hd__a21bo_4)
                                         _053_ (net)
                  0.08    0.00    5.02 v _158_/A1 (sky130_fd_sc_hd__a31o_1)
     2    0.01    0.14    0.42    5.43 v _158_/X (sky130_fd_sc_hd__a31o_1)
                                         _087_ (net)
                  0.14    0.00    5.43 v _160_/A (sky130_fd_sc_hd__and2_4)
     5    0.03    0.10    0.35    5.78 v _160_/X (sky130_fd_sc_hd__and2_4)
                                         _089_ (net)
                  0.10    0.00    5.78 v _181_/A3 (sky130_fd_sc_hd__o311a_4)
     3    0.02    0.14    0.67    6.45 v _181_/X (sky130_fd_sc_hd__o311a_4)
                                         _012_ (net)
                  0.14    0.00    6.45 v _195_/B (sky130_fd_sc_hd__or3_4)
     1    0.00    0.12    0.78    7.23 v _195_/X (sky130_fd_sc_hd__or3_4)
                                         _025_ (net)
                  0.12    0.00    7.23 v _199_/A1 (sky130_fd_sc_hd__a31o_4)
     1    0.02    0.09    0.47    7.70 v _199_/X (sky130_fd_sc_hd__a31o_4)
                                         net27 (net)
                  0.09    0.00    7.70 v output27/A (sky130_fd_sc_hd__buf_6)
     1    0.04    0.08    0.27    7.97 v output27/X (sky130_fd_sc_hd__buf_6)
                                         out[7] (net)
                  0.08    0.00    7.97 v out[7] (out)
                                  7.97   data arrival time

                  0.00   10.00   10.00   clock __VIRTUAL_CLK__ (rise edge)
                          0.00   10.00   clock network delay (ideal)
                         -0.25    9.75   clock uncertainty
                          0.00    9.75   clock reconvergence pessimism
                         -2.00    7.75   output external delay
                                  7.75   data required time
-----------------------------------------------------------------------------
                                  7.75   data required time
                                 -7.97   data arrival time
-----------------------------------------------------------------------------
                                 -0.22   slack (VIOLATED)



======================= Typical Corner ===================================

Startpoint: B[1] (input port clocked by __VIRTUAL_CLK__)
Endpoint: out[7] (output port clocked by __VIRTUAL_CLK__)
Path Group: __VIRTUAL_CLK__
Path Type: max
Corner: Typical

Fanout     Cap    Slew   Delay    Time   Description
-----------------------------------------------------------------------------
                  0.00    0.00    0.00   clock __VIRTUAL_CLK__ (rise edge)
                          0.00    0.00   clock network delay (ideal)
                          2.00    2.00 v input external delay
     1    0.00    0.01    0.00    2.00 v B[1] (in)
                                         B[1] (net)
                  0.01    0.00    2.00 v input10/A (sky130_fd_sc_hd__clkbuf_2)
     7    0.04    0.15    0.20    2.20 v input10/X (sky130_fd_sc_hd__clkbuf_2)
                                         net10 (net)
                  0.15    0.00    2.20 v _134_/B (sky130_fd_sc_hd__or3_4)
     3    0.02    0.09    0.46    2.66 v _134_/X (sky130_fd_sc_hd__or3_4)
                                         _064_ (net)
                  0.09    0.00    2.66 v _151_/A2 (sky130_fd_sc_hd__o21a_1)
     2    0.01    0.07    0.23    2.90 v _151_/X (sky130_fd_sc_hd__o21a_1)
                                         _080_ (net)
                  0.07    0.00    2.90 v _152_/B (sky130_fd_sc_hd__xnor2_1)
     2    0.01    0.34    0.32    3.22 ^ _152_/Y (sky130_fd_sc_hd__xnor2_1)
                                         _081_ (net)
                  0.34    0.00    3.22 ^ _153_/B (sky130_fd_sc_hd__and2_1)
     5    0.03    0.33    0.41    3.63 ^ _153_/X (sky130_fd_sc_hd__and2_1)
                                         _082_ (net)
                  0.33    0.00    3.63 ^ _155_/A (sky130_fd_sc_hd__nor2_1)
     2    0.01    0.10    0.15    3.78 v _155_/Y (sky130_fd_sc_hd__nor2_1)
                                         _084_ (net)
                  0.10    0.00    3.78 v _160_/B (sky130_fd_sc_hd__and2_4)
     5    0.03    0.05    0.22    4.00 v _160_/X (sky130_fd_sc_hd__and2_4)
                                         _089_ (net)
                  0.05    0.00    4.00 v _181_/A3 (sky130_fd_sc_hd__o311a_4)
     3    0.02    0.08    0.36    4.36 v _181_/X (sky130_fd_sc_hd__o311a_4)
                                         _012_ (net)
                  0.08    0.00    4.36 v _195_/B (sky130_fd_sc_hd__or3_4)
     1    0.00    0.07    0.39    4.75 v _195_/X (sky130_fd_sc_hd__or3_4)
                                         _025_ (net)
                  0.07    0.00    4.75 v _199_/A1 (sky130_fd_sc_hd__a31o_4)
     1    0.02    0.05    0.26    5.01 v _199_/X (sky130_fd_sc_hd__a31o_4)
                                         net27 (net)
                  0.05    0.00    5.01 v output27/A (sky130_fd_sc_hd__buf_6)
     1    0.04    0.04    0.15    5.16 v output27/X (sky130_fd_sc_hd__buf_6)
                                         out[7] (net)
                  0.04    0.00    5.16 v out[7] (out)
                                  5.16   data arrival time

                  0.00   10.00   10.00   clock __VIRTUAL_CLK__ (rise edge)
                          0.00   10.00   clock network delay (ideal)
                         -0.25    9.75   clock uncertainty
                          0.00    9.75   clock reconvergence pessimism
                         -2.00    7.75   output external delay
                                  7.75   data required time
-----------------------------------------------------------------------------
                                  7.75   data required time
                                 -5.16   data arrival time
-----------------------------------------------------------------------------
                                  2.59   slack (MET)




===========================================================================
report_checks --slack_max -0.01
============================================================================
======================= Fastest Corner ===================================

No paths found.

======================= Slowest Corner ===================================

Startpoint: opcode[1] (input port clocked by __VIRTUAL_CLK__)
Endpoint: out[7] (output port clocked by __VIRTUAL_CLK__)
Path Group: __VIRTUAL_CLK__
Path Type: max
Corner: Slowest

Fanout     Cap    Slew   Delay    Time   Description
-----------------------------------------------------------------------------
                  0.00    0.00    0.00   clock __VIRTUAL_CLK__ (rise edge)
                          0.00    0.00   clock network delay (ideal)
                          2.00    2.00 v input external delay
     1    0.00    0.02    0.01    2.01 v opcode[1] (in)
                                         opcode[1] (net)
                  0.02    0.00    2.01 v input18/A (sky130_fd_sc_hd__buf_4)
     6    0.03    0.09    0.28    2.30 v input18/X (sky130_fd_sc_hd__buf_4)
                                         net18 (net)
                  0.09    0.00    2.30 v _108_/A (sky130_fd_sc_hd__or3b_4)
     2    0.01    0.14    0.84    3.14 v _108_/X (sky130_fd_sc_hd__or3b_4)
                                         _040_ (net)
                  0.14    0.00    3.14 v _109_/A (sky130_fd_sc_hd__buf_6)
     5    0.02    0.06    0.27    3.41 v _109_/X (sky130_fd_sc_hd__buf_6)
                                         _041_ (net)
                  0.06    0.00    3.41 v _111_/A (sky130_fd_sc_hd__and3_1)
     2    0.01    0.13    0.36    3.77 v _111_/X (sky130_fd_sc_hd__and3_1)
                                         _043_ (net)
                  0.13    0.00    3.78 v _113_/C (sky130_fd_sc_hd__or3_4)
     3    0.02    0.15    0.77    4.54 v _113_/X (sky130_fd_sc_hd__or3_4)
                                         _045_ (net)
                  0.15    0.00    4.54 v _122_/A2 (sky130_fd_sc_hd__a21bo_4)
     3    0.02    0.08    0.48    5.02 v _122_/X (sky130_fd_sc_hd__a21bo_4)
                                         _053_ (net)
                  0.08    0.00    5.02 v _158_/A1 (sky130_fd_sc_hd__a31o_1)
     2    0.01    0.14    0.42    5.43 v _158_/X (sky130_fd_sc_hd__a31o_1)
                                         _087_ (net)
                  0.14    0.00    5.43 v _160_/A (sky130_fd_sc_hd__and2_4)
     5    0.03    0.10    0.35    5.78 v _160_/X (sky130_fd_sc_hd__and2_4)
                                         _089_ (net)
                  0.10    0.00    5.78 v _181_/A3 (sky130_fd_sc_hd__o311a_4)
     3    0.02    0.14    0.67    6.45 v _181_/X (sky130_fd_sc_hd__o311a_4)
                                         _012_ (net)
                  0.14    0.00    6.45 v _195_/B (sky130_fd_sc_hd__or3_4)
     1    0.00    0.12    0.78    7.23 v _195_/X (sky130_fd_sc_hd__or3_4)
                                         _025_ (net)
                  0.12    0.00    7.23 v _199_/A1 (sky130_fd_sc_hd__a31o_4)
     1    0.02    0.09    0.47    7.70 v _199_/X (sky130_fd_sc_hd__a31o_4)
                                         net27 (net)
                  0.09    0.00    7.70 v output27/A (sky130_fd_sc_hd__buf_6)
     1    0.04    0.08    0.27    7.97 v output27/X (sky130_fd_sc_hd__buf_6)
                                         out[7] (net)
                  0.08    0.00    7.97 v out[7] (out)
                                  7.97   data arrival time

                  0.00   10.00   10.00   clock __VIRTUAL_CLK__ (rise edge)
                          0.00   10.00   clock network delay (ideal)
                         -0.25    9.75   clock uncertainty
                          0.00    9.75   clock reconvergence pessimism
                         -2.00    7.75   output external delay
                                  7.75   data required time
-----------------------------------------------------------------------------
                                  7.75   data required time
                                 -7.97   data arrival time
-----------------------------------------------------------------------------
                                 -0.22   slack (VIOLATED)



======================= Typical Corner ===================================

No paths found.


===========================================================================
 report_check_types -max_slew -max_cap -max_fanout -violators
============================================================================
======================= Fastest Corner ===================================


max slew violations count Fastest: 0
max fanout violations count Fastest: 0
max cap violations count Fastest: 0
======================= Slowest Corner ===================================


max slew violations count Slowest: 0
max fanout violations count Slowest: 0
max cap violations count Slowest: 0
======================= Typical Corner ===================================


max slew violations count Typical: 0
max fanout violations count Typical: 0
max cap violations count Typical: 0

===========================================================================
report_parasitic_annotation -report_unannotated
============================================================================
Found 0 unannotated drivers.
Found 0 partially unannotated drivers.

===========================================================================
max slew violation count 0
max fanout violation count 0
max cap violation count 0
============================================================================

===========================================================================
check_setup -verbose -unconstrained_endpoints -multiple_clock -no_clock -no_input_delay -loops -generated_clocks
===========================================================================
