
===========================================================================
report_checks -path_delay max (Setup)
============================================================================
======================= Fastest Corner ===================================

Startpoint: B[1] (input port clocked by __VIRTUAL_CLK__)
Endpoint: out[7] (output port clocked by __VIRTUAL_CLK__)
Path Group: __VIRTUAL_CLK__
Path Type: max
Corner: Fastest

Fanout     Cap    Slew   Delay    Time   Description
-----------------------------------------------------------------------------
                  0.00    0.00    0.00   clock __VIRTUAL_CLK__ (rise edge)
                          0.00    0.00   clock network delay (ideal)
                          2.00    2.00 v input external delay
     1    0.00    0.01    0.00    2.00 v B[1] (in)
                                         B[1] (net)
                  0.01    0.00    2.00 v input10/A (sky130_fd_sc_hd__clkbuf_2)
     7    0.04    0.10    0.13    2.14 v input10/X (sky130_fd_sc_hd__clkbuf_2)
                                         net10 (net)
                  0.10    0.00    2.14 v _134_/B (sky130_fd_sc_hd__or3_4)
     3    0.02    0.06    0.28    2.42 v _134_/X (sky130_fd_sc_hd__or3_4)
                                         _064_ (net)
                  0.06    0.00    2.42 v _151_/A2 (sky130_fd_sc_hd__o21a_1)
     2    0.01    0.05    0.15    2.57 v _151_/X (sky130_fd_sc_hd__o21a_1)
                                         _080_ (net)
                  0.05    0.00    2.57 v _152_/B (sky130_fd_sc_hd__xnor2_1)
     2    0.01    0.24    0.22    2.79 ^ _152_/Y (sky130_fd_sc_hd__xnor2_1)
                                         _081_ (net)
                  0.24    0.00    2.79 ^ _153_/B (sky130_fd_sc_hd__and2_1)
     5    0.03    0.25    0.26    3.06 ^ _153_/X (sky130_fd_sc_hd__and2_1)
                                         _082_ (net)
                  0.25    0.00    3.06 ^ _155_/A (sky130_fd_sc_hd__nor2_1)
     2    0.01    0.08    0.07    3.13 v _155_/Y (sky130_fd_sc_hd__nor2_1)
                                         _084_ (net)
                  0.08    0.00    3.13 v _160_/B (sky130_fd_sc_hd__and2_4)
     5    0.03    0.04    0.15    3.28 v _160_/X (sky130_fd_sc_hd__and2_4)
                                         _089_ (net)
                  0.04    0.00    3.28 v _181_/A3 (sky130_fd_sc_hd__o311a_4)
     3    0.02    0.06    0.23    3.51 v _181_/X (sky130_fd_sc_hd__o311a_4)
                                         _012_ (net)
                  0.06    0.00    3.52 v _195_/B (sky130_fd_sc_hd__or3_4)
     1    0.00    0.05    0.24    3.75 v _195_/X (sky130_fd_sc_hd__or3_4)
                                         _025_ (net)
                  0.05    0.00    3.75 v _199_/A1 (sky130_fd_sc_hd__a31o_4)
     1    0.02    0.04    0.17    3.92 v _199_/X (sky130_fd_sc_hd__a31o_4)
                                         net27 (net)
                  0.04    0.00    3.92 v output27/A (sky130_fd_sc_hd__buf_6)
     1    0.04    0.03    0.10    4.02 v output27/X (sky130_fd_sc_hd__buf_6)
                                         out[7] (net)
                  0.03    0.00    4.02 v out[7] (out)
                                  4.02   data arrival time

                  0.00   10.00   10.00   clock __VIRTUAL_CLK__ (rise edge)
                          0.00   10.00   clock network delay (ideal)
                         -0.25    9.75   clock uncertainty
                          0.00    9.75   clock reconvergence pessimism
                         -2.00    7.75   output external delay
                                  7.75   data required time
-----------------------------------------------------------------------------
                                  7.75   data required time
                                 -4.02   data arrival time
-----------------------------------------------------------------------------
                                  3.73   slack (MET)


Startpoint: B[1] (input port clocked by __VIRTUAL_CLK__)
Endpoint: out[6] (output port clocked by __VIRTUAL_CLK__)
Path Group: __VIRTUAL_CLK__
Path Type: max
Corner: Fastest

Fanout     Cap    Slew   Delay    Time   Description
-----------------------------------------------------------------------------
                  0.00    0.00    0.00   clock __VIRTUAL_CLK__ (rise edge)
                          0.00    0.00   clock network delay (ideal)
                          2.00    2.00 v input external delay
     1    0.00    0.01    0.00    2.00 v B[1] (in)
                                         B[1] (net)
                  0.01    0.00    2.00 v input10/A (sky130_fd_sc_hd__clkbuf_2)
     7    0.04    0.10    0.13    2.14 v input10/X (sky130_fd_sc_hd__clkbuf_2)
                                         net10 (net)
                  0.10    0.00    2.14 v _134_/B (sky130_fd_sc_hd__or3_4)
     3    0.02    0.06    0.28    2.42 v _134_/X (sky130_fd_sc_hd__or3_4)
                                         _064_ (net)
                  0.06    0.00    2.42 v _151_/A2 (sky130_fd_sc_hd__o21a_1)
     2    0.01    0.05    0.15    2.57 v _151_/X (sky130_fd_sc_hd__o21a_1)
                                         _080_ (net)
                  0.05    0.00    2.57 v _152_/B (sky130_fd_sc_hd__xnor2_1)
     2    0.01    0.24    0.22    2.79 ^ _152_/Y (sky130_fd_sc_hd__xnor2_1)
                                         _081_ (net)
                  0.24    0.00    2.79 ^ _153_/B (sky130_fd_sc_hd__and2_1)
     5    0.03    0.25    0.26    3.06 ^ _153_/X (sky130_fd_sc_hd__and2_1)
                                         _082_ (net)
                  0.25    0.00    3.06 ^ _155_/A (sky130_fd_sc_hd__nor2_1)
     2    0.01    0.08    0.07    3.13 v _155_/Y (sky130_fd_sc_hd__nor2_1)
                                         _084_ (net)
                  0.08    0.00    3.13 v _160_/B (sky130_fd_sc_hd__and2_4)
     5    0.03    0.04    0.15    3.28 v _160_/X (sky130_fd_sc_hd__and2_4)
                                         _089_ (net)
                  0.04    0.00    3.28 v _181_/A3 (sky130_fd_sc_hd__o311a_4)
     3    0.02    0.06    0.23    3.51 v _181_/X (sky130_fd_sc_hd__o311a_4)
                                         _012_ (net)
                  0.06    0.00    3.52 v _182_/B (sky130_fd_sc_hd__nor2_1)
     1    0.01    0.11    0.11    3.63 ^ _182_/Y (sky130_fd_sc_hd__nor2_1)
                                         _013_ (net)
                  0.11    0.00    3.63 ^ _187_/A2 (sky130_fd_sc_hd__a21o_1)
     1    0.00    0.03    0.09    3.71 ^ _187_/X (sky130_fd_sc_hd__a21o_1)
                                         net26 (net)
                  0.03    0.00    3.71 ^ output26/A (sky130_fd_sc_hd__buf_2)
     1    0.03    0.13    0.15    3.86 ^ output26/X (sky130_fd_sc_hd__buf_2)
                                         out[6] (net)
                  0.13    0.00    3.86 ^ out[6] (out)
                                  3.86   data arrival time

                  0.00   10.00   10.00   clock __VIRTUAL_CLK__ (rise edge)
                          0.00   10.00   clock network delay (ideal)
                         -0.25    9.75   clock uncertainty
                          0.00    9.75   clock reconvergence pessimism
                         -2.00    7.75   output external delay
                                  7.75   data required time
-----------------------------------------------------------------------------
                                  7.75   data required time
                                 -3.86   data arrival time
-----------------------------------------------------------------------------
                                  3.89   slack (MET)


Startpoint: B[1] (input port clocked by __VIRTUAL_CLK__)
Endpoint: out[5] (output port clocked by __VIRTUAL_CLK__)
Path Group: __VIRTUAL_CLK__
Path Type: max
Corner: Fastest

Fanout     Cap    Slew   Delay    Time   Description
-----------------------------------------------------------------------------
                  0.00    0.00    0.00   clock __VIRTUAL_CLK__ (rise edge)
                          0.00    0.00   clock network delay (ideal)
                          2.00    2.00 v input external delay
     1    0.00    0.01    0.00    2.00 v B[1] (in)
                                         B[1] (net)
                  0.01    0.00    2.00 v input10/A (sky130_fd_sc_hd__clkbuf_2)
     7    0.04    0.10    0.13    2.14 v input10/X (sky130_fd_sc_hd__clkbuf_2)
                                         net10 (net)
                  0.10    0.00    2.14 v _134_/B (sky130_fd_sc_hd__or3_4)
     3    0.02    0.06    0.28    2.42 v _134_/X (sky130_fd_sc_hd__or3_4)
                                         _064_ (net)
                  0.06    0.00    2.42 v _151_/A2 (sky130_fd_sc_hd__o21a_1)
     2    0.01    0.05    0.15    2.57 v _151_/X (sky130_fd_sc_hd__o21a_1)
                                         _080_ (net)
                  0.05    0.00    2.57 v _152_/B (sky130_fd_sc_hd__xnor2_1)
     2    0.01    0.24    0.22    2.79 ^ _152_/Y (sky130_fd_sc_hd__xnor2_1)
                                         _081_ (net)
                  0.24    0.00    2.79 ^ _153_/B (sky130_fd_sc_hd__and2_1)
     5    0.03    0.25    0.26    3.06 ^ _153_/X (sky130_fd_sc_hd__and2_1)
                                         _082_ (net)
                  0.25    0.00    3.06 ^ _155_/A (sky130_fd_sc_hd__nor2_1)
     2    0.01    0.08    0.07    3.13 v _155_/Y (sky130_fd_sc_hd__nor2_1)
                                         _084_ (net)
                  0.08    0.00    3.13 v _160_/B (sky130_fd_sc_hd__and2_4)
     5    0.03    0.04    0.15    3.28 v _160_/X (sky130_fd_sc_hd__and2_4)
                                         _089_ (net)
                  0.04    0.00    3.28 v _169_/A2 (sky130_fd_sc_hd__o211ai_1)
     1    0.01    0.15    0.15    3.44 ^ _169_/Y (sky130_fd_sc_hd__o211ai_1)
                                         _001_ (net)
                  0.15    0.00    3.44 ^ _174_/A3 (sky130_fd_sc_hd__a31o_1)
     2    0.01    0.10    0.15    3.59 ^ _174_/X (sky130_fd_sc_hd__a31o_1)
                                         net25 (net)
                  0.10    0.00    3.59 ^ output25/A (sky130_fd_sc_hd__buf_2)
     1    0.03    0.13    0.16    3.75 ^ output25/X (sky130_fd_sc_hd__buf_2)
                                         out[5] (net)
                  0.13    0.00    3.75 ^ out[5] (out)
                                  3.75   data arrival time

                  0.00   10.00   10.00   clock __VIRTUAL_CLK__ (rise edge)
                          0.00   10.00   clock network delay (ideal)
                         -0.25    9.75   clock uncertainty
                          0.00    9.75   clock reconvergence pessimism
                         -2.00    7.75   output external delay
                                  7.75   data required time
-----------------------------------------------------------------------------
                                  7.75   data required time
                                 -3.75   data arrival time
-----------------------------------------------------------------------------
                                  4.00   slack (MET)


Startpoint: B[1] (input port clocked by __VIRTUAL_CLK__)
Endpoint: out[4] (output port clocked by __VIRTUAL_CLK__)
Path Group: __VIRTUAL_CLK__
Path Type: max
Corner: Fastest

Fanout     Cap    Slew   Delay    Time   Description
-----------------------------------------------------------------------------
                  0.00    0.00    0.00   clock __VIRTUAL_CLK__ (rise edge)
                          0.00    0.00   clock network delay (ideal)
                          2.00    2.00 v input external delay
     1    0.00    0.01    0.00    2.00 v B[1] (in)
                                         B[1] (net)
                  0.01    0.00    2.00 v input10/A (sky130_fd_sc_hd__clkbuf_2)
     7    0.04    0.10    0.13    2.14 v input10/X (sky130_fd_sc_hd__clkbuf_2)
                                         net10 (net)
                  0.10    0.00    2.14 v _134_/B (sky130_fd_sc_hd__or3_4)
     3    0.02    0.06    0.28    2.42 v _134_/X (sky130_fd_sc_hd__or3_4)
                                         _064_ (net)
                  0.06    0.00    2.42 v _151_/A2 (sky130_fd_sc_hd__o21a_1)
     2    0.01    0.05    0.15    2.57 v _151_/X (sky130_fd_sc_hd__o21a_1)
                                         _080_ (net)
                  0.05    0.00    2.57 v _152_/B (sky130_fd_sc_hd__xnor2_1)
     2    0.01    0.24    0.22    2.79 ^ _152_/Y (sky130_fd_sc_hd__xnor2_1)
                                         _081_ (net)
                  0.24    0.00    2.79 ^ _153_/B (sky130_fd_sc_hd__and2_1)
     5    0.03    0.25    0.26    3.06 ^ _153_/X (sky130_fd_sc_hd__and2_1)
                                         _082_ (net)
                  0.25    0.00    3.06 ^ _155_/A (sky130_fd_sc_hd__nor2_1)
     2    0.01    0.08    0.07    3.13 v _155_/Y (sky130_fd_sc_hd__nor2_1)
                                         _084_ (net)
                  0.08    0.00    3.13 v _160_/B (sky130_fd_sc_hd__and2_4)
     5    0.03    0.04    0.15    3.28 v _160_/X (sky130_fd_sc_hd__and2_4)
                                         _089_ (net)
                  0.04    0.00    3.28 v _161_/A3 (sky130_fd_sc_hd__o32a_1)
     1    0.00    0.04    0.18    3.46 v _161_/X (sky130_fd_sc_hd__o32a_1)
                                         _090_ (net)
                  0.04    0.00    3.46 v _162_/B (sky130_fd_sc_hd__nand2_1)
     1    0.00    0.05    0.06    3.52 ^ _162_/Y (sky130_fd_sc_hd__nand2_1)
                                         net24 (net)
                  0.05    0.00    3.52 ^ output24/A (sky130_fd_sc_hd__buf_2)
     1    0.04    0.14    0.16    3.68 ^ output24/X (sky130_fd_sc_hd__buf_2)
                                         out[4] (net)
                  0.14    0.00    3.68 ^ out[4] (out)
                                  3.68   data arrival time

                  0.00   10.00   10.00   clock __VIRTUAL_CLK__ (rise edge)
                          0.00   10.00   clock network delay (ideal)
                         -0.25    9.75   clock uncertainty
                          0.00    9.75   clock reconvergence pessimism
                         -2.00    7.75   output external delay
                                  7.75   data required time
-----------------------------------------------------------------------------
                                  7.75   data required time
                                 -3.68   data arrival time
-----------------------------------------------------------------------------
                                  4.07   slack (MET)


Startpoint: opcode[1] (input port clocked by __VIRTUAL_CLK__)
Endpoint: out[3] (output port clocked by __VIRTUAL_CLK__)
Path Group: __VIRTUAL_CLK__
Path Type: max
Corner: Fastest

Fanout     Cap    Slew   Delay    Time   Description
-----------------------------------------------------------------------------
                  0.00    0.00    0.00   clock __VIRTUAL_CLK__ (rise edge)
                          0.00    0.00   clock network delay (ideal)
                          2.00    2.00 v input external delay
     1    0.00    0.01    0.00    2.00 v opcode[1] (in)
                                         opcode[1] (net)
                  0.01    0.00    2.00 v input18/A (sky130_fd_sc_hd__buf_4)
     6    0.03    0.04    0.10    2.10 v input18/X (sky130_fd_sc_hd__buf_4)
                                         net18 (net)
                  0.04    0.00    2.11 v _108_/A (sky130_fd_sc_hd__or3b_4)
     2    0.01    0.05    0.26    2.37 v _108_/X (sky130_fd_sc_hd__or3b_4)
                                         _040_ (net)
                  0.05    0.00    2.37 v _109_/A (sky130_fd_sc_hd__buf_6)
     5    0.02    0.03    0.10    2.47 v _109_/X (sky130_fd_sc_hd__buf_6)
                                         _041_ (net)
                  0.03    0.00    2.47 v _123_/B1 (sky130_fd_sc_hd__o21a_1)
     1    0.02    0.07    0.10    2.56 v _123_/X (sky130_fd_sc_hd__o21a_1)
                                         _054_ (net)
                  0.07    0.00    2.56 v _124_/B (sky130_fd_sc_hd__xnor2_2)
     3    0.02    0.19    0.18    2.75 ^ _124_/Y (sky130_fd_sc_hd__xnor2_2)
                                         _055_ (net)
                  0.19    0.00    2.75 ^ _125_/B (sky130_fd_sc_hd__xor2_1)
     3    0.02    0.26    0.24    2.99 ^ _125_/X (sky130_fd_sc_hd__xor2_1)
                                         _056_ (net)
                  0.26    0.00    2.99 ^ _126_/B (sky130_fd_sc_hd__and2_1)
     2    0.01    0.10    0.16    3.15 ^ _126_/X (sky130_fd_sc_hd__and2_1)
                                         _057_ (net)
                  0.10    0.00    3.15 ^ _140_/B1 (sky130_fd_sc_hd__a21oi_1)
     1    0.01    0.07    0.06    3.20 v _140_/Y (sky130_fd_sc_hd__a21oi_1)
                                         _070_ (net)
                  0.07    0.00    3.20 v _141_/B (sky130_fd_sc_hd__xnor2_1)
     1    0.00    0.05    0.10    3.30 v _141_/Y (sky130_fd_sc_hd__xnor2_1)
                                         _071_ (net)
                  0.05    0.00    3.30 v _146_/A2 (sky130_fd_sc_hd__a211o_1)
     1    0.01    0.05    0.22    3.52 v _146_/X (sky130_fd_sc_hd__a211o_1)
                                         net23 (net)
                  0.05    0.00    3.52 v output23/A (sky130_fd_sc_hd__buf_2)
     1    0.03    0.06    0.13    3.65 v output23/X (sky130_fd_sc_hd__buf_2)
                                         out[3] (net)
                  0.06    0.00    3.65 v out[3] (out)
                                  3.65   data arrival time

                  0.00   10.00   10.00   clock __VIRTUAL_CLK__ (rise edge)
                          0.00   10.00   clock network delay (ideal)
                         -0.25    9.75   clock uncertainty
                          0.00    9.75   clock reconvergence pessimism
                         -2.00    7.75   output external delay
                                  7.75   data required time
-----------------------------------------------------------------------------
                                  7.75   data required time
                                 -3.65   data arrival time
-----------------------------------------------------------------------------
                                  4.10   slack (MET)


Startpoint: opcode[0] (input port clocked by __VIRTUAL_CLK__)
Endpoint: out[2] (output port clocked by __VIRTUAL_CLK__)
Path Group: __VIRTUAL_CLK__
Path Type: max
Corner: Fastest

Fanout     Cap    Slew   Delay    Time   Description
-----------------------------------------------------------------------------
                  0.00    0.00    0.00   clock __VIRTUAL_CLK__ (rise edge)
                          0.00    0.00   clock network delay (ideal)
                          2.00    2.00 v input external delay
     1    0.01    0.01    0.01    2.01 v opcode[0] (in)
                                         opcode[0] (net)
                  0.01    0.00    2.01 v input17/A (sky130_fd_sc_hd__buf_6)
     8    0.04    0.04    0.09    2.09 v input17/X (sky130_fd_sc_hd__buf_6)
                                         net17 (net)
                  0.04    0.00    2.10 v _108_/C_N (sky130_fd_sc_hd__or3b_4)
     2    0.01    0.04    0.17    2.27 ^ _108_/X (sky130_fd_sc_hd__or3b_4)
                                         _040_ (net)
                  0.04    0.00    2.27 ^ rebuffer3/A (sky130_fd_sc_hd__clkbuf_1)
     1    0.00    0.03    0.05    2.32 ^ rebuffer3/X (sky130_fd_sc_hd__clkbuf_1)
                                         net30 (net)
                  0.03    0.00    2.32 ^ rebuffer2/A (sky130_fd_sc_hd__clkbuf_1)
     1    0.00    0.04    0.06    2.38 ^ rebuffer2/X (sky130_fd_sc_hd__clkbuf_1)
                                         net29 (net)
                  0.04    0.00    2.38 ^ clone1/A (sky130_fd_sc_hd__buf_2)
     4    0.02    0.07    0.11    2.49 ^ clone1/X (sky130_fd_sc_hd__buf_2)
                                         net28 (net)
                  0.07    0.00    2.49 ^ _110_/A2 (sky130_fd_sc_hd__a21oi_1)
     2    0.01    0.07    0.07    2.56 v _110_/Y (sky130_fd_sc_hd__a21oi_1)
                                         _042_ (net)
                  0.07    0.00    2.56 v _113_/B (sky130_fd_sc_hd__or3_4)
     3    0.02    0.06    0.26    2.83 v _113_/X (sky130_fd_sc_hd__or3_4)
                                         _045_ (net)
                  0.06    0.00    2.83 v _122_/A2 (sky130_fd_sc_hd__a21bo_4)
     3    0.02    0.04    0.17    2.99 v _122_/X (sky130_fd_sc_hd__a21bo_4)
                                         _053_ (net)
                  0.04    0.00    2.99 v _126_/A (sky130_fd_sc_hd__and2_1)
     2    0.01    0.05    0.12    3.11 v _126_/X (sky130_fd_sc_hd__and2_1)
                                         _057_ (net)
                  0.05    0.00    3.11 v _133_/A1 (sky130_fd_sc_hd__o21bai_1)
     1    0.01    0.21    0.21    3.32 ^ _133_/Y (sky130_fd_sc_hd__o21bai_1)
                                         net22 (net)
                  0.21    0.00    3.32 ^ output22/A (sky130_fd_sc_hd__buf_2)
     1    0.03    0.13    0.18    3.50 ^ output22/X (sky130_fd_sc_hd__buf_2)
                                         out[2] (net)
                  0.13    0.00    3.50 ^ out[2] (out)
                                  3.50   data arrival time

                  0.00   10.00   10.00   clock __VIRTUAL_CLK__ (rise edge)
                          0.00   10.00   clock network delay (ideal)
                         -0.25    9.75   clock uncertainty
                          0.00    9.75   clock reconvergence pessimism
                         -2.00    7.75   output external delay
                                  7.75   data required time
-----------------------------------------------------------------------------
                                  7.75   data required time
                                 -3.50   data arrival time
-----------------------------------------------------------------------------
                                  4.25   slack (MET)


Startpoint: opcode[1] (input port clocked by __VIRTUAL_CLK__)
Endpoint: out[1] (output port clocked by __VIRTUAL_CLK__)
Path Group: __VIRTUAL_CLK__
Path Type: max
Corner: Fastest

Fanout     Cap    Slew   Delay    Time   Description
-----------------------------------------------------------------------------
                  0.00    0.00    0.00   clock __VIRTUAL_CLK__ (rise edge)
                          0.00    0.00   clock network delay (ideal)
                          2.00    2.00 v input external delay
     1    0.00    0.01    0.00    2.00 v opcode[1] (in)
                                         opcode[1] (net)
                  0.01    0.00    2.00 v input18/A (sky130_fd_sc_hd__buf_4)
     6    0.03    0.04    0.10    2.10 v input18/X (sky130_fd_sc_hd__buf_4)
                                         net18 (net)
                  0.04    0.00    2.11 v _108_/A (sky130_fd_sc_hd__or3b_4)
     2    0.01    0.05    0.26    2.37 v _108_/X (sky130_fd_sc_hd__or3b_4)
                                         _040_ (net)
                  0.05    0.00    2.37 v rebuffer3/A (sky130_fd_sc_hd__clkbuf_1)
     1    0.00    0.02    0.07    2.44 v rebuffer3/X (sky130_fd_sc_hd__clkbuf_1)
                                         net30 (net)
                  0.02    0.00    2.44 v rebuffer2/A (sky130_fd_sc_hd__clkbuf_1)
     1    0.00    0.02    0.06    2.49 v rebuffer2/X (sky130_fd_sc_hd__clkbuf_1)
                                         net29 (net)
                  0.02    0.00    2.49 v clone1/A (sky130_fd_sc_hd__buf_2)
     4    0.02    0.04    0.10    2.59 v clone1/X (sky130_fd_sc_hd__buf_2)
                                         net28 (net)
                  0.04    0.00    2.59 v _110_/A2 (sky130_fd_sc_hd__a21oi_1)
     2    0.01    0.18    0.19    2.78 ^ _110_/Y (sky130_fd_sc_hd__a21oi_1)
                                         _042_ (net)
                  0.18    0.00    2.78 ^ _112_/A1 (sky130_fd_sc_hd__o21ai_2)
     3    0.01    0.06    0.08    2.85 v _112_/Y (sky130_fd_sc_hd__o21ai_2)
                                         _044_ (net)
                  0.06    0.00    2.85 v _115_/A2 (sky130_fd_sc_hd__a31o_1)
     1    0.01    0.04    0.16    3.02 v _115_/X (sky130_fd_sc_hd__a31o_1)
                                         _047_ (net)
                  0.04    0.00    3.02 v _121_/A2 (sky130_fd_sc_hd__o21bai_1)
     1    0.01    0.15    0.14    3.16 ^ _121_/Y (sky130_fd_sc_hd__o21bai_1)
                                         net21 (net)
                  0.15    0.00    3.16 ^ output21/A (sky130_fd_sc_hd__buf_2)
     1    0.03    0.13    0.17    3.33 ^ output21/X (sky130_fd_sc_hd__buf_2)
                                         out[1] (net)
                  0.13    0.00    3.33 ^ out[1] (out)
                                  3.33   data arrival time

                  0.00   10.00   10.00   clock __VIRTUAL_CLK__ (rise edge)
                          0.00   10.00   clock network delay (ideal)
                         -0.25    9.75   clock uncertainty
                          0.00    9.75   clock reconvergence pessimism
                         -2.00    7.75   output external delay
                                  7.75   data required time
-----------------------------------------------------------------------------
                                  7.75   data required time
                                 -3.33   data arrival time
-----------------------------------------------------------------------------
                                  4.42   slack (MET)


Startpoint: opcode[2] (input port clocked by __VIRTUAL_CLK__)
Endpoint: out[0] (output port clocked by __VIRTUAL_CLK__)
Path Group: __VIRTUAL_CLK__
Path Type: max
Corner: Fastest

Fanout     Cap    Slew   Delay    Time   Description
-----------------------------------------------------------------------------
                  0.00    0.00    0.00   clock __VIRTUAL_CLK__ (rise edge)
                          0.00    0.00   clock network delay (ideal)
                          2.00    2.00 ^ input external delay
     1    0.00    0.02    0.01    2.01 ^ opcode[2] (in)
                                         opcode[2] (net)
                  0.02    0.00    2.01 ^ input19/A (sky130_fd_sc_hd__buf_4)
     6    0.04    0.09    0.12    2.13 ^ input19/X (sky130_fd_sc_hd__buf_4)
                                         net19 (net)
                  0.09    0.00    2.13 ^ _099_/C_N (sky130_fd_sc_hd__or3b_1)
     1    0.01    0.07    0.24    2.37 v _099_/X (sky130_fd_sc_hd__or3b_1)
                                         _032_ (net)
                  0.07    0.00    2.37 v _100_/A (sky130_fd_sc_hd__buf_2)
     8    0.03    0.06    0.14    2.50 v _100_/X (sky130_fd_sc_hd__buf_2)
                                         _033_ (net)
                  0.06    0.00    2.50 v _106_/A2 (sky130_fd_sc_hd__o21ai_1)
     1    0.01    0.20    0.19    2.69 ^ _106_/Y (sky130_fd_sc_hd__o21ai_1)
                                         _039_ (net)
                  0.20    0.00    2.69 ^ _107_/B1 (sky130_fd_sc_hd__a31o_1)
     1    0.01    0.09    0.11    2.80 ^ _107_/X (sky130_fd_sc_hd__a31o_1)
                                         net20 (net)
                  0.09    0.00    2.80 ^ output20/A (sky130_fd_sc_hd__buf_2)
     1    0.03    0.13    0.16    2.96 ^ output20/X (sky130_fd_sc_hd__buf_2)
                                         out[0] (net)
                  0.13    0.00    2.96 ^ out[0] (out)
                                  2.96   data arrival time

                  0.00   10.00   10.00   clock __VIRTUAL_CLK__ (rise edge)
                          0.00   10.00   clock network delay (ideal)
                         -0.25    9.75   clock uncertainty
                          0.00    9.75   clock reconvergence pessimism
                         -2.00    7.75   output external delay
                                  7.75   data required time
-----------------------------------------------------------------------------
                                  7.75   data required time
                                 -2.96   data arrival time
-----------------------------------------------------------------------------
                                  4.79   slack (MET)



worst slack corner Fastest: 3.7310
======================= Slowest Corner ===================================

Startpoint: opcode[1] (input port clocked by __VIRTUAL_CLK__)
Endpoint: out[7] (output port clocked by __VIRTUAL_CLK__)
Path Group: __VIRTUAL_CLK__
Path Type: max
Corner: Slowest

Fanout     Cap    Slew   Delay    Time   Description
-----------------------------------------------------------------------------
                  0.00    0.00    0.00   clock __VIRTUAL_CLK__ (rise edge)
                          0.00    0.00   clock network delay (ideal)
                          2.00    2.00 v input external delay
     1    0.00    0.02    0.01    2.01 v opcode[1] (in)
                                         opcode[1] (net)
                  0.02    0.00    2.01 v input18/A (sky130_fd_sc_hd__buf_4)
     6    0.03    0.09    0.28    2.30 v input18/X (sky130_fd_sc_hd__buf_4)
                                         net18 (net)
                  0.09    0.00    2.30 v _108_/A (sky130_fd_sc_hd__or3b_4)
     2    0.01    0.14    0.84    3.14 v _108_/X (sky130_fd_sc_hd__or3b_4)
                                         _040_ (net)
                  0.14    0.00    3.14 v _109_/A (sky130_fd_sc_hd__buf_6)
     5    0.02    0.06    0.27    3.41 v _109_/X (sky130_fd_sc_hd__buf_6)
                                         _041_ (net)
                  0.06    0.00    3.41 v _111_/A (sky130_fd_sc_hd__and3_1)
     2    0.01    0.13    0.36    3.77 v _111_/X (sky130_fd_sc_hd__and3_1)
                                         _043_ (net)
                  0.13    0.00    3.78 v _113_/C (sky130_fd_sc_hd__or3_4)
     3    0.02    0.15    0.77    4.54 v _113_/X (sky130_fd_sc_hd__or3_4)
                                         _045_ (net)
                  0.15    0.00    4.54 v _122_/A2 (sky130_fd_sc_hd__a21bo_4)
     3    0.02    0.08    0.48    5.02 v _122_/X (sky130_fd_sc_hd__a21bo_4)
                                         _053_ (net)
                  0.08    0.00    5.02 v _158_/A1 (sky130_fd_sc_hd__a31o_1)
     2    0.01    0.14    0.42    5.43 v _158_/X (sky130_fd_sc_hd__a31o_1)
                                         _087_ (net)
                  0.14    0.00    5.43 v _160_/A (sky130_fd_sc_hd__and2_4)
     5    0.03    0.10    0.35    5.78 v _160_/X (sky130_fd_sc_hd__and2_4)
                                         _089_ (net)
                  0.10    0.00    5.78 v _181_/A3 (sky130_fd_sc_hd__o311a_4)
     3    0.02    0.14    0.67    6.45 v _181_/X (sky130_fd_sc_hd__o311a_4)
                                         _012_ (net)
                  0.14    0.00    6.45 v _195_/B (sky130_fd_sc_hd__or3_4)
     1    0.00    0.12    0.78    7.23 v _195_/X (sky130_fd_sc_hd__or3_4)
                                         _025_ (net)
                  0.12    0.00    7.23 v _199_/A1 (sky130_fd_sc_hd__a31o_4)
     1    0.02    0.09    0.47    7.70 v _199_/X (sky130_fd_sc_hd__a31o_4)
                                         net27 (net)
                  0.09    0.00    7.70 v output27/A (sky130_fd_sc_hd__buf_6)
     1    0.04    0.08    0.27    7.97 v output27/X (sky130_fd_sc_hd__buf_6)
                                         out[7] (net)
                  0.08    0.00    7.97 v out[7] (out)
                                  7.97   data arrival time

                  0.00   10.00   10.00   clock __VIRTUAL_CLK__ (rise edge)
                          0.00   10.00   clock network delay (ideal)
                         -0.25    9.75   clock uncertainty
                          0.00    9.75   clock reconvergence pessimism
                         -2.00    7.75   output external delay
                                  7.75   data required time
-----------------------------------------------------------------------------
                                  7.75   data required time
                                 -7.97   data arrival time
-----------------------------------------------------------------------------
                                 -0.22   slack (VIOLATED)


Startpoint: opcode[1] (input port clocked by __VIRTUAL_CLK__)
Endpoint: out[6] (output port clocked by __VIRTUAL_CLK__)
Path Group: __VIRTUAL_CLK__
Path Type: max
Corner: Slowest

Fanout     Cap    Slew   Delay    Time   Description
-----------------------------------------------------------------------------
                  0.00    0.00    0.00   clock __VIRTUAL_CLK__ (rise edge)
                          0.00    0.00   clock network delay (ideal)
                          2.00    2.00 v input external delay
     1    0.00    0.02    0.01    2.01 v opcode[1] (in)
                                         opcode[1] (net)
                  0.02    0.00    2.01 v input18/A (sky130_fd_sc_hd__buf_4)
     6    0.03    0.09    0.28    2.30 v input18/X (sky130_fd_sc_hd__buf_4)
                                         net18 (net)
                  0.09    0.00    2.30 v _108_/A (sky130_fd_sc_hd__or3b_4)
     2    0.01    0.14    0.84    3.14 v _108_/X (sky130_fd_sc_hd__or3b_4)
                                         _040_ (net)
                  0.14    0.00    3.14 v _109_/A (sky130_fd_sc_hd__buf_6)
     5    0.02    0.06    0.27    3.41 v _109_/X (sky130_fd_sc_hd__buf_6)
                                         _041_ (net)
                  0.06    0.00    3.41 v _111_/A (sky130_fd_sc_hd__and3_1)
     2    0.01    0.13    0.36    3.77 v _111_/X (sky130_fd_sc_hd__and3_1)
                                         _043_ (net)
                  0.13    0.00    3.78 v _113_/C (sky130_fd_sc_hd__or3_4)
     3    0.02    0.15    0.77    4.54 v _113_/X (sky130_fd_sc_hd__or3_4)
                                         _045_ (net)
                  0.15    0.00    4.54 v _122_/A2 (sky130_fd_sc_hd__a21bo_4)
     3    0.02    0.08    0.48    5.02 v _122_/X (sky130_fd_sc_hd__a21bo_4)
                                         _053_ (net)
                  0.08    0.00    5.02 v _158_/A1 (sky130_fd_sc_hd__a31o_1)
     2    0.01    0.14    0.42    5.43 v _158_/X (sky130_fd_sc_hd__a31o_1)
                                         _087_ (net)
                  0.14    0.00    5.43 v _160_/A (sky130_fd_sc_hd__and2_4)
     5    0.03    0.10    0.35    5.78 v _160_/X (sky130_fd_sc_hd__and2_4)
                                         _089_ (net)
                  0.10    0.00    5.78 v _179_/A2 (sky130_fd_sc_hd__o31a_1)
     1    0.00    0.08    0.55    6.33 v _179_/X (sky130_fd_sc_hd__o31a_1)
                                         _010_ (net)
                  0.08    0.00    6.33 v _180_/B (sky130_fd_sc_hd__or2_1)
     1    0.01    0.12    0.52    6.85 v _180_/X (sky130_fd_sc_hd__or2_1)
                                         _011_ (net)
                  0.12    0.00    6.85 v _187_/A1 (sky130_fd_sc_hd__a21o_1)
     1    0.00    0.06    0.33    7.17 v _187_/X (sky130_fd_sc_hd__a21o_1)
                                         net26 (net)
                  0.06    0.00    7.17 v output26/A (sky130_fd_sc_hd__buf_2)
     1    0.03    0.17    0.36    7.54 v output26/X (sky130_fd_sc_hd__buf_2)
                                         out[6] (net)
                  0.17    0.00    7.54 v out[6] (out)
                                  7.54   data arrival time

                  0.00   10.00   10.00   clock __VIRTUAL_CLK__ (rise edge)
                          0.00   10.00   clock network delay (ideal)
                         -0.25    9.75   clock uncertainty
                          0.00    9.75   clock reconvergence pessimism
                         -2.00    7.75   output external delay
                                  7.75   data required time
-----------------------------------------------------------------------------
                                  7.75   data required time
                                 -7.54   data arrival time
-----------------------------------------------------------------------------
                                  0.21   slack (MET)


Startpoint: B[1] (input port clocked by __VIRTUAL_CLK__)
Endpoint: out[5] (output port clocked by __VIRTUAL_CLK__)
Path Group: __VIRTUAL_CLK__
Path Type: max
Corner: Slowest

Fanout     Cap    Slew   Delay    Time   Description
-----------------------------------------------------------------------------
                  0.00    0.00    0.00   clock __VIRTUAL_CLK__ (rise edge)
                          0.00    0.00   clock network delay (ideal)
                          2.00    2.00 v input external delay
     1    0.00    0.02    0.01    2.01 v B[1] (in)
                                         B[1] (net)
                  0.02    0.00    2.01 v input10/A (sky130_fd_sc_hd__clkbuf_2)
     7    0.04    0.28    0.36    2.37 v input10/X (sky130_fd_sc_hd__clkbuf_2)
                                         net10 (net)
                  0.28    0.00    2.37 v _134_/B (sky130_fd_sc_hd__or3_4)
     3    0.02    0.16    0.91    3.28 v _134_/X (sky130_fd_sc_hd__or3_4)
                                         _064_ (net)
                  0.16    0.00    3.28 v _151_/A2 (sky130_fd_sc_hd__o21a_1)
     2    0.01    0.14    0.44    3.72 v _151_/X (sky130_fd_sc_hd__o21a_1)
                                         _080_ (net)
                  0.14    0.00    3.72 v _163_/B1 (sky130_fd_sc_hd__a21o_1)
     3    0.01    0.15    0.41    4.13 v _163_/X (sky130_fd_sc_hd__a21o_1)
                                         _091_ (net)
                  0.15    0.00    4.14 v _165_/B (sky130_fd_sc_hd__and2_1)
     3    0.02    0.16    0.47    4.61 v _165_/X (sky130_fd_sc_hd__and2_1)
                                         _093_ (net)
                  0.16    0.00    4.61 v _166_/C (sky130_fd_sc_hd__or3_2)
     4    0.02    0.25    1.22    5.83 v _166_/X (sky130_fd_sc_hd__or3_2)
                                         _094_ (net)
                  0.25    0.00    5.83 v _168_/A1 (sky130_fd_sc_hd__a211o_1)
     1    0.01    0.17    0.69    6.52 v _168_/X (sky130_fd_sc_hd__a211o_1)
                                         _000_ (net)
                  0.17    0.00    6.52 v _174_/A2 (sky130_fd_sc_hd__a31o_1)
     2    0.01    0.15    0.52    7.04 v _174_/X (sky130_fd_sc_hd__a31o_1)
                                         net25 (net)
                  0.15    0.00    7.04 v output25/A (sky130_fd_sc_hd__buf_2)
     1    0.03    0.16    0.40    7.44 v output25/X (sky130_fd_sc_hd__buf_2)
                                         out[5] (net)
                  0.16    0.00    7.44 v out[5] (out)
                                  7.44   data arrival time

                  0.00   10.00   10.00   clock __VIRTUAL_CLK__ (rise edge)
                          0.00   10.00   clock network delay (ideal)
                         -0.25    9.75   clock uncertainty
                          0.00    9.75   clock reconvergence pessimism
                         -2.00    7.75   output external delay
                                  7.75   data required time
-----------------------------------------------------------------------------
                                  7.75   data required time
                                 -7.44   data arrival time
-----------------------------------------------------------------------------
                                  0.31   slack (MET)


Startpoint: opcode[1] (input port clocked by __VIRTUAL_CLK__)
Endpoint: out[3] (output port clocked by __VIRTUAL_CLK__)
Path Group: __VIRTUAL_CLK__
Path Type: max
Corner: Slowest

Fanout     Cap    Slew   Delay    Time   Description
-----------------------------------------------------------------------------
                  0.00    0.00    0.00   clock __VIRTUAL_CLK__ (rise edge)
                          0.00    0.00   clock network delay (ideal)
                          2.00    2.00 v input external delay
     1    0.00    0.02    0.01    2.01 v opcode[1] (in)
                                         opcode[1] (net)
                  0.02    0.00    2.01 v input18/A (sky130_fd_sc_hd__buf_4)
     6    0.03    0.09    0.28    2.30 v input18/X (sky130_fd_sc_hd__buf_4)
                                         net18 (net)
                  0.09    0.00    2.30 v _108_/A (sky130_fd_sc_hd__or3b_4)
     2    0.01    0.14    0.84    3.14 v _108_/X (sky130_fd_sc_hd__or3b_4)
                                         _040_ (net)
                  0.14    0.00    3.14 v _109_/A (sky130_fd_sc_hd__buf_6)
     5    0.02    0.06    0.27    3.41 v _109_/X (sky130_fd_sc_hd__buf_6)
                                         _041_ (net)
                  0.06    0.00    3.41 v _111_/A (sky130_fd_sc_hd__and3_1)
     2    0.01    0.13    0.36    3.77 v _111_/X (sky130_fd_sc_hd__and3_1)
                                         _043_ (net)
                  0.13    0.00    3.78 v _113_/C (sky130_fd_sc_hd__or3_4)
     3    0.02    0.15    0.77    4.54 v _113_/X (sky130_fd_sc_hd__or3_4)
                                         _045_ (net)
                  0.15    0.00    4.54 v _122_/A2 (sky130_fd_sc_hd__a21bo_4)
     3    0.02    0.08    0.48    5.02 v _122_/X (sky130_fd_sc_hd__a21bo_4)
                                         _053_ (net)
                  0.08    0.00    5.02 v _126_/A (sky130_fd_sc_hd__and2_1)
     2    0.01    0.15    0.38    5.40 v _126_/X (sky130_fd_sc_hd__and2_1)
                                         _057_ (net)
                  0.15    0.00    5.40 v _140_/B1 (sky130_fd_sc_hd__a21oi_1)
     1    0.01    0.38    0.40    5.79 ^ _140_/Y (sky130_fd_sc_hd__a21oi_1)
                                         _070_ (net)
                  0.38    0.00    5.79 ^ _141_/B (sky130_fd_sc_hd__xnor2_1)
     1    0.00    0.12    0.23    6.02 v _141_/Y (sky130_fd_sc_hd__xnor2_1)
                                         _071_ (net)
                  0.12    0.00    6.02 v _146_/A2 (sky130_fd_sc_hd__a211o_1)
     1    0.01    0.13    0.65    6.67 v _146_/X (sky130_fd_sc_hd__a211o_1)
                                         net23 (net)
                  0.13    0.00    6.67 v output23/A (sky130_fd_sc_hd__buf_2)
     1    0.03    0.17    0.39    7.06 v output23/X (sky130_fd_sc_hd__buf_2)
                                         out[3] (net)
                  0.17    0.00    7.07 v out[3] (out)
                                  7.07   data arrival time

                  0.00   10.00   10.00   clock __VIRTUAL_CLK__ (rise edge)
                          0.00   10.00   clock network delay (ideal)
                         -0.25    9.75   clock uncertainty
                          0.00    9.75   clock reconvergence pessimism
                         -2.00    7.75   output external delay
                                  7.75   data required time
-----------------------------------------------------------------------------
                                  7.75   data required time
                                 -7.07   data arrival time
-----------------------------------------------------------------------------
                                  0.68   slack (MET)


Startpoint: opcode[1] (input port clocked by __VIRTUAL_CLK__)
Endpoint: out[4] (output port clocked by __VIRTUAL_CLK__)
Path Group: __VIRTUAL_CLK__
Path Type: max
Corner: Slowest

Fanout     Cap    Slew   Delay    Time   Description
-----------------------------------------------------------------------------
                  0.00    0.00    0.00   clock __VIRTUAL_CLK__ (rise edge)
                          0.00    0.00   clock network delay (ideal)
                          2.00    2.00 v input external delay
     1    0.00    0.02    0.01    2.01 v opcode[1] (in)
                                         opcode[1] (net)
                  0.02    0.00    2.01 v input18/A (sky130_fd_sc_hd__buf_4)
     6    0.03    0.09    0.28    2.30 v input18/X (sky130_fd_sc_hd__buf_4)
                                         net18 (net)
                  0.09    0.00    2.30 v _108_/A (sky130_fd_sc_hd__or3b_4)
     2    0.01    0.14    0.84    3.14 v _108_/X (sky130_fd_sc_hd__or3b_4)
                                         _040_ (net)
                  0.14    0.00    3.14 v _109_/A (sky130_fd_sc_hd__buf_6)
     5    0.02    0.06    0.27    3.41 v _109_/X (sky130_fd_sc_hd__buf_6)
                                         _041_ (net)
                  0.06    0.00    3.41 v _111_/A (sky130_fd_sc_hd__and3_1)
     2    0.01    0.13    0.36    3.77 v _111_/X (sky130_fd_sc_hd__and3_1)
                                         _043_ (net)
                  0.13    0.00    3.78 v _113_/C (sky130_fd_sc_hd__or3_4)
     3    0.02    0.15    0.77    4.54 v _113_/X (sky130_fd_sc_hd__or3_4)
                                         _045_ (net)
                  0.15    0.00    4.54 v _122_/A2 (sky130_fd_sc_hd__a21bo_4)
     3    0.02    0.08    0.48    5.02 v _122_/X (sky130_fd_sc_hd__a21bo_4)
                                         _053_ (net)
                  0.08    0.00    5.02 v _158_/A1 (sky130_fd_sc_hd__a31o_1)
     2    0.01    0.14    0.42    5.43 v _158_/X (sky130_fd_sc_hd__a31o_1)
                                         _087_ (net)
                  0.14    0.00    5.43 v _160_/A (sky130_fd_sc_hd__and2_4)
     5    0.03    0.10    0.35    5.78 v _160_/X (sky130_fd_sc_hd__and2_4)
                                         _089_ (net)
                  0.10    0.00    5.78 v _161_/A3 (sky130_fd_sc_hd__o32a_1)
     1    0.00    0.14    0.59    6.38 v _161_/X (sky130_fd_sc_hd__o32a_1)
                                         _090_ (net)
                  0.14    0.00    6.38 v _162_/B (sky130_fd_sc_hd__nand2_1)
     1    0.00    0.10    0.16    6.54 ^ _162_/Y (sky130_fd_sc_hd__nand2_1)
                                         net24 (net)
                  0.10    0.00    6.54 ^ output24/A (sky130_fd_sc_hd__buf_2)
     1    0.04    0.29    0.39    6.93 ^ output24/X (sky130_fd_sc_hd__buf_2)
                                         out[4] (net)
                  0.29    0.00    6.93 ^ out[4] (out)
                                  6.93   data arrival time

                  0.00   10.00   10.00   clock __VIRTUAL_CLK__ (rise edge)
                          0.00   10.00   clock network delay (ideal)
                         -0.25    9.75   clock uncertainty
                          0.00    9.75   clock reconvergence pessimism
                         -2.00    7.75   output external delay
                                  7.75   data required time
-----------------------------------------------------------------------------
                                  7.75   data required time
                                 -6.93   data arrival time
-----------------------------------------------------------------------------
                                  0.82   slack (MET)


Startpoint: opcode[1] (input port clocked by __VIRTUAL_CLK__)
Endpoint: out[2] (output port clocked by __VIRTUAL_CLK__)
Path Group: __VIRTUAL_CLK__
Path Type: max
Corner: Slowest

Fanout     Cap    Slew   Delay    Time   Description
-----------------------------------------------------------------------------
                  0.00    0.00    0.00   clock __VIRTUAL_CLK__ (rise edge)
                          0.00    0.00   clock network delay (ideal)
                          2.00    2.00 v input external delay
     1    0.00    0.02    0.01    2.01 v opcode[1] (in)
                                         opcode[1] (net)
                  0.02    0.00    2.01 v input18/A (sky130_fd_sc_hd__buf_4)
     6    0.03    0.09    0.28    2.30 v input18/X (sky130_fd_sc_hd__buf_4)
                                         net18 (net)
                  0.09    0.00    2.30 v _108_/A (sky130_fd_sc_hd__or3b_4)
     2    0.01    0.14    0.84    3.14 v _108_/X (sky130_fd_sc_hd__or3b_4)
                                         _040_ (net)
                  0.14    0.00    3.14 v _109_/A (sky130_fd_sc_hd__buf_6)
     5    0.02    0.06    0.27    3.41 v _109_/X (sky130_fd_sc_hd__buf_6)
                                         _041_ (net)
                  0.06    0.00    3.41 v _111_/A (sky130_fd_sc_hd__and3_1)
     2    0.01    0.13    0.36    3.77 v _111_/X (sky130_fd_sc_hd__and3_1)
                                         _043_ (net)
                  0.13    0.00    3.78 v _113_/C (sky130_fd_sc_hd__or3_4)
     3    0.02    0.15    0.77    4.54 v _113_/X (sky130_fd_sc_hd__or3_4)
                                         _045_ (net)
                  0.15    0.00    4.54 v _122_/A2 (sky130_fd_sc_hd__a21bo_4)
     3    0.02    0.08    0.48    5.02 v _122_/X (sky130_fd_sc_hd__a21bo_4)
                                         _053_ (net)
                  0.08    0.00    5.02 v _126_/A (sky130_fd_sc_hd__and2_1)
     2    0.01    0.15    0.38    5.40 v _126_/X (sky130_fd_sc_hd__and2_1)
                                         _057_ (net)
                  0.15    0.00    5.40 v _133_/A1 (sky130_fd_sc_hd__o21bai_1)
     1    0.01    0.50    0.54    5.93 ^ _133_/Y (sky130_fd_sc_hd__o21bai_1)
                                         net22 (net)
                  0.50    0.00    5.93 ^ output22/A (sky130_fd_sc_hd__buf_2)
     1    0.03    0.28    0.55    6.49 ^ output22/X (sky130_fd_sc_hd__buf_2)
                                         out[2] (net)
                  0.28    0.00    6.49 ^ out[2] (out)
                                  6.49   data arrival time

                  0.00   10.00   10.00   clock __VIRTUAL_CLK__ (rise edge)
                          0.00   10.00   clock network delay (ideal)
                         -0.25    9.75   clock uncertainty
                          0.00    9.75   clock reconvergence pessimism
                         -2.00    7.75   output external delay
                                  7.75   data required time
-----------------------------------------------------------------------------
                                  7.75   data required time
                                 -6.49   data arrival time
-----------------------------------------------------------------------------
                                  1.26   slack (MET)


Startpoint: opcode[1] (input port clocked by __VIRTUAL_CLK__)
Endpoint: out[1] (output port clocked by __VIRTUAL_CLK__)
Path Group: __VIRTUAL_CLK__
Path Type: max
Corner: Slowest

Fanout     Cap    Slew   Delay    Time   Description
-----------------------------------------------------------------------------
                  0.00    0.00    0.00   clock __VIRTUAL_CLK__ (rise edge)
                          0.00    0.00   clock network delay (ideal)
                          2.00    2.00 v input external delay
     1    0.00    0.02    0.01    2.01 v opcode[1] (in)
                                         opcode[1] (net)
                  0.02    0.00    2.01 v input18/A (sky130_fd_sc_hd__buf_4)
     6    0.03    0.09    0.28    2.30 v input18/X (sky130_fd_sc_hd__buf_4)
                                         net18 (net)
                  0.09    0.00    2.30 v _108_/A (sky130_fd_sc_hd__or3b_4)
     2    0.01    0.14    0.84    3.14 v _108_/X (sky130_fd_sc_hd__or3b_4)
                                         _040_ (net)
                  0.14    0.00    3.14 v rebuffer3/A (sky130_fd_sc_hd__clkbuf_1)
     1    0.00    0.04    0.20    3.33 v rebuffer3/X (sky130_fd_sc_hd__clkbuf_1)
                                         net30 (net)
                  0.04    0.00    3.33 v rebuffer2/A (sky130_fd_sc_hd__clkbuf_1)
     1    0.00    0.06    0.16    3.50 v rebuffer2/X (sky130_fd_sc_hd__clkbuf_1)
                                         net29 (net)
                  0.06    0.00    3.50 v clone1/A (sky130_fd_sc_hd__buf_2)
     4    0.02    0.10    0.30    3.80 v clone1/X (sky130_fd_sc_hd__buf_2)
                                         net28 (net)
                  0.10    0.00    3.80 v _110_/A2 (sky130_fd_sc_hd__a21oi_1)
     2    0.01    0.41    0.44    4.24 ^ _110_/Y (sky130_fd_sc_hd__a21oi_1)
                                         _042_ (net)
                  0.41    0.00    4.24 ^ _112_/A1 (sky130_fd_sc_hd__o21ai_2)
     3    0.01    0.17    0.32    4.56 v _112_/Y (sky130_fd_sc_hd__o21ai_2)
                                         _044_ (net)
                  0.17    0.00    4.56 v _115_/A2 (sky130_fd_sc_hd__a31o_1)
     1    0.01    0.10    0.47    5.03 v _115_/X (sky130_fd_sc_hd__a31o_1)
                                         _047_ (net)
                  0.10    0.00    5.03 v _121_/A2 (sky130_fd_sc_hd__o21bai_1)
     1    0.01    0.35    0.36    5.40 ^ _121_/Y (sky130_fd_sc_hd__o21bai_1)
                                         net21 (net)
                  0.35    0.00    5.40 ^ output21/A (sky130_fd_sc_hd__buf_2)
     1    0.03    0.27    0.49    5.88 ^ output21/X (sky130_fd_sc_hd__buf_2)
                                         out[1] (net)
                  0.27    0.00    5.88 ^ out[1] (out)
                                  5.88   data arrival time

                  0.00   10.00   10.00   clock __VIRTUAL_CLK__ (rise edge)
                          0.00   10.00   clock network delay (ideal)
                         -0.25    9.75   clock uncertainty
                          0.00    9.75   clock reconvergence pessimism
                         -2.00    7.75   output external delay
                                  7.75   data required time
-----------------------------------------------------------------------------
                                  7.75   data required time
                                 -5.88   data arrival time
-----------------------------------------------------------------------------
                                  1.87   slack (MET)


Startpoint: opcode[1] (input port clocked by __VIRTUAL_CLK__)
Endpoint: out[0] (output port clocked by __VIRTUAL_CLK__)
Path Group: __VIRTUAL_CLK__
Path Type: max
Corner: Slowest

Fanout     Cap    Slew   Delay    Time   Description
-----------------------------------------------------------------------------
                  0.00    0.00    0.00   clock __VIRTUAL_CLK__ (rise edge)
                          0.00    0.00   clock network delay (ideal)
                          2.00    2.00 v input external delay
     1    0.00    0.02    0.01    2.01 v opcode[1] (in)
                                         opcode[1] (net)
                  0.02    0.00    2.01 v input18/A (sky130_fd_sc_hd__buf_4)
     6    0.03    0.09    0.28    2.30 v input18/X (sky130_fd_sc_hd__buf_4)
                                         net18 (net)
                  0.09    0.00    2.30 v _099_/A (sky130_fd_sc_hd__or3b_1)
     1    0.01    0.20    1.00    3.29 v _099_/X (sky130_fd_sc_hd__or3b_1)
                                         _032_ (net)
                  0.20    0.00    3.30 v _100_/A (sky130_fd_sc_hd__buf_2)
     8    0.03    0.16    0.42    3.72 v _100_/X (sky130_fd_sc_hd__buf_2)
                                         _033_ (net)
                  0.16    0.00    3.72 v _106_/A2 (sky130_fd_sc_hd__o21ai_1)
     1    0.01    0.46    0.48    4.20 ^ _106_/Y (sky130_fd_sc_hd__o21ai_1)
                                         _039_ (net)
                  0.46    0.00    4.20 ^ _107_/B1 (sky130_fd_sc_hd__a31o_1)
     1    0.01    0.20    0.42    4.62 ^ _107_/X (sky130_fd_sc_hd__a31o_1)
                                         net20 (net)
                  0.20    0.00    4.62 ^ output20/A (sky130_fd_sc_hd__buf_2)
     1    0.03    0.27    0.43    5.05 ^ output20/X (sky130_fd_sc_hd__buf_2)
                                         out[0] (net)
                  0.27    0.00    5.05 ^ out[0] (out)
                                  5.05   data arrival time

                  0.00   10.00   10.00   clock __VIRTUAL_CLK__ (rise edge)
                          0.00   10.00   clock network delay (ideal)
                         -0.25    9.75   clock uncertainty
                          0.00    9.75   clock reconvergence pessimism
                         -2.00    7.75   output external delay
                                  7.75   data required time
-----------------------------------------------------------------------------
                                  7.75   data required time
                                 -5.05   data arrival time
-----------------------------------------------------------------------------
                                  2.70   slack (MET)



worst slack corner Slowest: -0.2205
======================= Typical Corner ===================================

Startpoint: B[1] (input port clocked by __VIRTUAL_CLK__)
Endpoint: out[7] (output port clocked by __VIRTUAL_CLK__)
Path Group: __VIRTUAL_CLK__
Path Type: max
Corner: Typical

Fanout     Cap    Slew   Delay    Time   Description
-----------------------------------------------------------------------------
                  0.00    0.00    0.00   clock __VIRTUAL_CLK__ (rise edge)
                          0.00    0.00   clock network delay (ideal)
                          2.00    2.00 v input external delay
     1    0.00    0.01    0.00    2.00 v B[1] (in)
                                         B[1] (net)
                  0.01    0.00    2.00 v input10/A (sky130_fd_sc_hd__clkbuf_2)
     7    0.04    0.15    0.20    2.20 v input10/X (sky130_fd_sc_hd__clkbuf_2)
                                         net10 (net)
                  0.15    0.00    2.20 v _134_/B (sky130_fd_sc_hd__or3_4)
     3    0.02    0.09    0.46    2.66 v _134_/X (sky130_fd_sc_hd__or3_4)
                                         _064_ (net)
                  0.09    0.00    2.66 v _151_/A2 (sky130_fd_sc_hd__o21a_1)
     2    0.01    0.07    0.23    2.90 v _151_/X (sky130_fd_sc_hd__o21a_1)
                                         _080_ (net)
                  0.07    0.00    2.90 v _152_/B (sky130_fd_sc_hd__xnor2_1)
     2    0.01    0.34    0.32    3.22 ^ _152_/Y (sky130_fd_sc_hd__xnor2_1)
                                         _081_ (net)
                  0.34    0.00    3.22 ^ _153_/B (sky130_fd_sc_hd__and2_1)
     5    0.03    0.33    0.41    3.63 ^ _153_/X (sky130_fd_sc_hd__and2_1)
                                         _082_ (net)
                  0.33    0.00    3.63 ^ _155_/A (sky130_fd_sc_hd__nor2_1)
     2    0.01    0.10    0.15    3.78 v _155_/Y (sky130_fd_sc_hd__nor2_1)
                                         _084_ (net)
                  0.10    0.00    3.78 v _160_/B (sky130_fd_sc_hd__and2_4)
     5    0.03    0.05    0.22    4.00 v _160_/X (sky130_fd_sc_hd__and2_4)
                                         _089_ (net)
                  0.05    0.00    4.00 v _181_/A3 (sky130_fd_sc_hd__o311a_4)
     3    0.02    0.08    0.36    4.36 v _181_/X (sky130_fd_sc_hd__o311a_4)
                                         _012_ (net)
                  0.08    0.00    4.36 v _195_/B (sky130_fd_sc_hd__or3_4)
     1    0.00    0.07    0.39    4.75 v _195_/X (sky130_fd_sc_hd__or3_4)
                                         _025_ (net)
                  0.07    0.00    4.75 v _199_/A1 (sky130_fd_sc_hd__a31o_4)
     1    0.02    0.05    0.26    5.01 v _199_/X (sky130_fd_sc_hd__a31o_4)
                                         net27 (net)
                  0.05    0.00    5.01 v output27/A (sky130_fd_sc_hd__buf_6)
     1    0.04    0.04    0.15    5.16 v output27/X (sky130_fd_sc_hd__buf_6)
                                         out[7] (net)
                  0.04    0.00    5.16 v out[7] (out)
                                  5.16   data arrival time

                  0.00   10.00   10.00   clock __VIRTUAL_CLK__ (rise edge)
                          0.00   10.00   clock network delay (ideal)
                         -0.25    9.75   clock uncertainty
                          0.00    9.75   clock reconvergence pessimism
                         -2.00    7.75   output external delay
                                  7.75   data required time
-----------------------------------------------------------------------------
                                  7.75   data required time
                                 -5.16   data arrival time
-----------------------------------------------------------------------------
                                  2.59   slack (MET)


Startpoint: B[1] (input port clocked by __VIRTUAL_CLK__)
Endpoint: out[6] (output port clocked by __VIRTUAL_CLK__)
Path Group: __VIRTUAL_CLK__
Path Type: max
Corner: Typical

Fanout     Cap    Slew   Delay    Time   Description
-----------------------------------------------------------------------------
                  0.00    0.00    0.00   clock __VIRTUAL_CLK__ (rise edge)
                          0.00    0.00   clock network delay (ideal)
                          2.00    2.00 v input external delay
     1    0.00    0.01    0.00    2.00 v B[1] (in)
                                         B[1] (net)
                  0.01    0.00    2.00 v input10/A (sky130_fd_sc_hd__clkbuf_2)
     7    0.04    0.15    0.20    2.20 v input10/X (sky130_fd_sc_hd__clkbuf_2)
                                         net10 (net)
                  0.15    0.00    2.20 v _134_/B (sky130_fd_sc_hd__or3_4)
     3    0.02    0.09    0.46    2.66 v _134_/X (sky130_fd_sc_hd__or3_4)
                                         _064_ (net)
                  0.09    0.00    2.66 v _151_/A2 (sky130_fd_sc_hd__o21a_1)
     2    0.01    0.07    0.23    2.90 v _151_/X (sky130_fd_sc_hd__o21a_1)
                                         _080_ (net)
                  0.07    0.00    2.90 v _152_/B (sky130_fd_sc_hd__xnor2_1)
     2    0.01    0.34    0.32    3.22 ^ _152_/Y (sky130_fd_sc_hd__xnor2_1)
                                         _081_ (net)
                  0.34    0.00    3.22 ^ _153_/B (sky130_fd_sc_hd__and2_1)
     5    0.03    0.33    0.41    3.63 ^ _153_/X (sky130_fd_sc_hd__and2_1)
                                         _082_ (net)
                  0.33    0.00    3.63 ^ _155_/A (sky130_fd_sc_hd__nor2_1)
     2    0.01    0.10    0.15    3.78 v _155_/Y (sky130_fd_sc_hd__nor2_1)
                                         _084_ (net)
                  0.10    0.00    3.78 v _160_/B (sky130_fd_sc_hd__and2_4)
     5    0.03    0.05    0.22    4.00 v _160_/X (sky130_fd_sc_hd__and2_4)
                                         _089_ (net)
                  0.05    0.00    4.00 v _181_/A3 (sky130_fd_sc_hd__o311a_4)
     3    0.02    0.08    0.36    4.36 v _181_/X (sky130_fd_sc_hd__o311a_4)
                                         _012_ (net)
                  0.08    0.00    4.36 v _182_/B (sky130_fd_sc_hd__nor2_1)
     1    0.01    0.15    0.16    4.52 ^ _182_/Y (sky130_fd_sc_hd__nor2_1)
                                         _013_ (net)
                  0.15    0.00    4.52 ^ _187_/A2 (sky130_fd_sc_hd__a21o_1)
     1    0.00    0.04    0.14    4.67 ^ _187_/X (sky130_fd_sc_hd__a21o_1)
                                         net26 (net)
                  0.04    0.00    4.67 ^ output26/A (sky130_fd_sc_hd__buf_2)
     1    0.03    0.17    0.21    4.88 ^ output26/X (sky130_fd_sc_hd__buf_2)
                                         out[6] (net)
                  0.17    0.00    4.88 ^ out[6] (out)
                                  4.88   data arrival time

                  0.00   10.00   10.00   clock __VIRTUAL_CLK__ (rise edge)
                          0.00   10.00   clock network delay (ideal)
                         -0.25    9.75   clock uncertainty
                          0.00    9.75   clock reconvergence pessimism
                         -2.00    7.75   output external delay
                                  7.75   data required time
-----------------------------------------------------------------------------
                                  7.75   data required time
                                 -4.88   data arrival time
-----------------------------------------------------------------------------
                                  2.87   slack (MET)


Startpoint: B[1] (input port clocked by __VIRTUAL_CLK__)
Endpoint: out[5] (output port clocked by __VIRTUAL_CLK__)
Path Group: __VIRTUAL_CLK__
Path Type: max
Corner: Typical

Fanout     Cap    Slew   Delay    Time   Description
-----------------------------------------------------------------------------
                  0.00    0.00    0.00   clock __VIRTUAL_CLK__ (rise edge)
                          0.00    0.00   clock network delay (ideal)
                          2.00    2.00 v input external delay
     1    0.00    0.01    0.00    2.00 v B[1] (in)
                                         B[1] (net)
                  0.01    0.00    2.00 v input10/A (sky130_fd_sc_hd__clkbuf_2)
     7    0.04    0.15    0.20    2.20 v input10/X (sky130_fd_sc_hd__clkbuf_2)
                                         net10 (net)
                  0.15    0.00    2.20 v _134_/B (sky130_fd_sc_hd__or3_4)
     3    0.02    0.09    0.46    2.66 v _134_/X (sky130_fd_sc_hd__or3_4)
                                         _064_ (net)
                  0.09    0.00    2.66 v _151_/A2 (sky130_fd_sc_hd__o21a_1)
     2    0.01    0.07    0.23    2.90 v _151_/X (sky130_fd_sc_hd__o21a_1)
                                         _080_ (net)
                  0.07    0.00    2.90 v _152_/B (sky130_fd_sc_hd__xnor2_1)
     2    0.01    0.34    0.32    3.22 ^ _152_/Y (sky130_fd_sc_hd__xnor2_1)
                                         _081_ (net)
                  0.34    0.00    3.22 ^ _153_/B (sky130_fd_sc_hd__and2_1)
     5    0.03    0.33    0.41    3.63 ^ _153_/X (sky130_fd_sc_hd__and2_1)
                                         _082_ (net)
                  0.33    0.00    3.63 ^ _155_/A (sky130_fd_sc_hd__nor2_1)
     2    0.01    0.10    0.15    3.78 v _155_/Y (sky130_fd_sc_hd__nor2_1)
                                         _084_ (net)
                  0.10    0.00    3.78 v _160_/B (sky130_fd_sc_hd__and2_4)
     5    0.03    0.05    0.22    4.00 v _160_/X (sky130_fd_sc_hd__and2_4)
                                         _089_ (net)
                  0.05    0.00    4.00 v _168_/C1 (sky130_fd_sc_hd__a211o_1)
     1    0.01    0.09    0.29    4.29 v _168_/X (sky130_fd_sc_hd__a211o_1)
                                         _000_ (net)
                  0.09    0.00    4.29 v _174_/A2 (sky130_fd_sc_hd__a31o_1)
     2    0.01    0.08    0.28    4.57 v _174_/X (sky130_fd_sc_hd__a31o_1)
                                         net25 (net)
                  0.08    0.00    4.57 v output25/A (sky130_fd_sc_hd__buf_2)
     1    0.03    0.09    0.20    4.77 v output25/X (sky130_fd_sc_hd__buf_2)
                                         out[5] (net)
                  0.09    0.00    4.78 v out[5] (out)
                                  4.78   data arrival time

                  0.00   10.00   10.00   clock __VIRTUAL_CLK__ (rise edge)
                          0.00   10.00   clock network delay (ideal)
                         -0.25    9.75   clock uncertainty
                          0.00    9.75   clock reconvergence pessimism
                         -2.00    7.75   output external delay
                                  7.75   data required time
-----------------------------------------------------------------------------
                                  7.75   data required time
                                 -4.78   data arrival time
-----------------------------------------------------------------------------
                                  2.97   slack (MET)


Startpoint: opcode[1] (input port clocked by __VIRTUAL_CLK__)
Endpoint: out[3] (output port clocked by __VIRTUAL_CLK__)
Path Group: __VIRTUAL_CLK__
Path Type: max
Corner: Typical

Fanout     Cap    Slew   Delay    Time   Description
-----------------------------------------------------------------------------
                  0.00    0.00    0.00   clock __VIRTUAL_CLK__ (rise edge)
                          0.00    0.00   clock network delay (ideal)
                          2.00    2.00 v input external delay
     1    0.00    0.01    0.01    2.01 v opcode[1] (in)
                                         opcode[1] (net)
                  0.01    0.00    2.01 v input18/A (sky130_fd_sc_hd__buf_4)
     6    0.03    0.05    0.15    2.16 v input18/X (sky130_fd_sc_hd__buf_4)
                                         net18 (net)
                  0.05    0.00    2.16 v _108_/A (sky130_fd_sc_hd__or3b_4)
     2    0.01    0.08    0.43    2.59 v _108_/X (sky130_fd_sc_hd__or3b_4)
                                         _040_ (net)
                  0.08    0.00    2.59 v _109_/A (sky130_fd_sc_hd__buf_6)
     5    0.02    0.03    0.15    2.74 v _109_/X (sky130_fd_sc_hd__buf_6)
                                         _041_ (net)
                  0.03    0.00    2.74 v _111_/A (sky130_fd_sc_hd__and3_1)
     2    0.01    0.07    0.18    2.91 v _111_/X (sky130_fd_sc_hd__and3_1)
                                         _043_ (net)
                  0.07    0.00    2.91 v _113_/C (sky130_fd_sc_hd__or3_4)
     3    0.02    0.09    0.38    3.30 v _113_/X (sky130_fd_sc_hd__or3_4)
                                         _045_ (net)
                  0.09    0.00    3.30 v _122_/A2 (sky130_fd_sc_hd__a21bo_4)
     3    0.02    0.05    0.26    3.56 v _122_/X (sky130_fd_sc_hd__a21bo_4)
                                         _053_ (net)
                  0.05    0.00    3.56 v _126_/A (sky130_fd_sc_hd__and2_1)
     2    0.01    0.08    0.18    3.74 v _126_/X (sky130_fd_sc_hd__and2_1)
                                         _057_ (net)
                  0.08    0.00    3.74 v _140_/B1 (sky130_fd_sc_hd__a21oi_1)
     1    0.01    0.24    0.23    3.98 ^ _140_/Y (sky130_fd_sc_hd__a21oi_1)
                                         _070_ (net)
                  0.24    0.00    3.98 ^ _141_/B (sky130_fd_sc_hd__xnor2_1)
     1    0.00    0.07    0.10    4.08 v _141_/Y (sky130_fd_sc_hd__xnor2_1)
                                         _071_ (net)
                  0.07    0.00    4.08 v _146_/A2 (sky130_fd_sc_hd__a211o_1)
     1    0.01    0.07    0.34    4.42 v _146_/X (sky130_fd_sc_hd__a211o_1)
                                         net23 (net)
                  0.07    0.00    4.42 v output23/A (sky130_fd_sc_hd__buf_2)
     1    0.03    0.09    0.20    4.62 v output23/X (sky130_fd_sc_hd__buf_2)
                                         out[3] (net)
                  0.09    0.00    4.62 v out[3] (out)
                                  4.62   data arrival time

                  0.00   10.00   10.00   clock __VIRTUAL_CLK__ (rise edge)
                          0.00   10.00   clock network delay (ideal)
                         -0.25    9.75   clock uncertainty
                          0.00    9.75   clock reconvergence pessimism
                         -2.00    7.75   output external delay
                                  7.75   data required time
-----------------------------------------------------------------------------
                                  7.75   data required time
                                 -4.62   data arrival time
-----------------------------------------------------------------------------
                                  3.13   slack (MET)


Startpoint: B[1] (input port clocked by __VIRTUAL_CLK__)
Endpoint: out[4] (output port clocked by __VIRTUAL_CLK__)
Path Group: __VIRTUAL_CLK__
Path Type: max
Corner: Typical

Fanout     Cap    Slew   Delay    Time   Description
-----------------------------------------------------------------------------
                  0.00    0.00    0.00   clock __VIRTUAL_CLK__ (rise edge)
                          0.00    0.00   clock network delay (ideal)
                          2.00    2.00 v input external delay
     1    0.00    0.01    0.00    2.00 v B[1] (in)
                                         B[1] (net)
                  0.01    0.00    2.00 v input10/A (sky130_fd_sc_hd__clkbuf_2)
     7    0.04    0.15    0.20    2.20 v input10/X (sky130_fd_sc_hd__clkbuf_2)
                                         net10 (net)
                  0.15    0.00    2.20 v _134_/B (sky130_fd_sc_hd__or3_4)
     3    0.02    0.09    0.46    2.66 v _134_/X (sky130_fd_sc_hd__or3_4)
                                         _064_ (net)
                  0.09    0.00    2.66 v _151_/A2 (sky130_fd_sc_hd__o21a_1)
     2    0.01    0.07    0.23    2.90 v _151_/X (sky130_fd_sc_hd__o21a_1)
                                         _080_ (net)
                  0.07    0.00    2.90 v _152_/B (sky130_fd_sc_hd__xnor2_1)
     2    0.01    0.34    0.32    3.22 ^ _152_/Y (sky130_fd_sc_hd__xnor2_1)
                                         _081_ (net)
                  0.34    0.00    3.22 ^ _153_/B (sky130_fd_sc_hd__and2_1)
     5    0.03    0.33    0.41    3.63 ^ _153_/X (sky130_fd_sc_hd__and2_1)
                                         _082_ (net)
                  0.33    0.00    3.63 ^ _155_/A (sky130_fd_sc_hd__nor2_1)
     2    0.01    0.10    0.15    3.78 v _155_/Y (sky130_fd_sc_hd__nor2_1)
                                         _084_ (net)
                  0.10    0.00    3.78 v _160_/B (sky130_fd_sc_hd__and2_4)
     5    0.03    0.05    0.22    4.00 v _160_/X (sky130_fd_sc_hd__and2_4)
                                         _089_ (net)
                  0.05    0.00    4.00 v _161_/A3 (sky130_fd_sc_hd__o32a_1)
     1    0.00    0.06    0.31    4.31 v _161_/X (sky130_fd_sc_hd__o32a_1)
                                         _090_ (net)
                  0.06    0.00    4.31 v _162_/B (sky130_fd_sc_hd__nand2_1)
     1    0.00    0.06    0.08    4.39 ^ _162_/Y (sky130_fd_sc_hd__nand2_1)
                                         net24 (net)
                  0.06    0.00    4.40 ^ output24/A (sky130_fd_sc_hd__buf_2)
     1    0.04    0.18    0.22    4.62 ^ output24/X (sky130_fd_sc_hd__buf_2)
                                         out[4] (net)
                  0.18    0.00    4.62 ^ out[4] (out)
                                  4.62   data arrival time

                  0.00   10.00   10.00   clock __VIRTUAL_CLK__ (rise edge)
                          0.00   10.00   clock network delay (ideal)
                         -0.25    9.75   clock uncertainty
                          0.00    9.75   clock reconvergence pessimism
                         -2.00    7.75   output external delay
                                  7.75   data required time
-----------------------------------------------------------------------------
                                  7.75   data required time
                                 -4.62   data arrival time
-----------------------------------------------------------------------------
                                  3.13   slack (MET)


Startpoint: opcode[1] (input port clocked by __VIRTUAL_CLK__)
Endpoint: out[2] (output port clocked by __VIRTUAL_CLK__)
Path Group: __VIRTUAL_CLK__
Path Type: max
Corner: Typical

Fanout     Cap    Slew   Delay    Time   Description
-----------------------------------------------------------------------------
                  0.00    0.00    0.00   clock __VIRTUAL_CLK__ (rise edge)
                          0.00    0.00   clock network delay (ideal)
                          2.00    2.00 v input external delay
     1    0.00    0.01    0.01    2.01 v opcode[1] (in)
                                         opcode[1] (net)
                  0.01    0.00    2.01 v input18/A (sky130_fd_sc_hd__buf_4)
     6    0.03    0.05    0.15    2.16 v input18/X (sky130_fd_sc_hd__buf_4)
                                         net18 (net)
                  0.05    0.00    2.16 v _108_/A (sky130_fd_sc_hd__or3b_4)
     2    0.01    0.08    0.43    2.59 v _108_/X (sky130_fd_sc_hd__or3b_4)
                                         _040_ (net)
                  0.08    0.00    2.59 v _109_/A (sky130_fd_sc_hd__buf_6)
     5    0.02    0.03    0.15    2.74 v _109_/X (sky130_fd_sc_hd__buf_6)
                                         _041_ (net)
                  0.03    0.00    2.74 v _111_/A (sky130_fd_sc_hd__and3_1)
     2    0.01    0.07    0.18    2.91 v _111_/X (sky130_fd_sc_hd__and3_1)
                                         _043_ (net)
                  0.07    0.00    2.91 v _113_/C (sky130_fd_sc_hd__or3_4)
     3    0.02    0.09    0.38    3.30 v _113_/X (sky130_fd_sc_hd__or3_4)
                                         _045_ (net)
                  0.09    0.00    3.30 v _122_/A2 (sky130_fd_sc_hd__a21bo_4)
     3    0.02    0.05    0.26    3.56 v _122_/X (sky130_fd_sc_hd__a21bo_4)
                                         _053_ (net)
                  0.05    0.00    3.56 v _126_/A (sky130_fd_sc_hd__and2_1)
     2    0.01    0.08    0.18    3.74 v _126_/X (sky130_fd_sc_hd__and2_1)
                                         _057_ (net)
                  0.08    0.00    3.74 v _133_/A1 (sky130_fd_sc_hd__o21bai_1)
     1    0.01    0.30    0.31    4.05 ^ _133_/Y (sky130_fd_sc_hd__o21bai_1)
                                         net22 (net)
                  0.30    0.00    4.05 ^ output22/A (sky130_fd_sc_hd__buf_2)
     1    0.03    0.17    0.29    4.34 ^ output22/X (sky130_fd_sc_hd__buf_2)
                                         out[2] (net)
                  0.17    0.00    4.34 ^ out[2] (out)
                                  4.34   data arrival time

                  0.00   10.00   10.00   clock __VIRTUAL_CLK__ (rise edge)
                          0.00   10.00   clock network delay (ideal)
                         -0.25    9.75   clock uncertainty
                          0.00    9.75   clock reconvergence pessimism
                         -2.00    7.75   output external delay
                                  7.75   data required time
-----------------------------------------------------------------------------
                                  7.75   data required time
                                 -4.34   data arrival time
-----------------------------------------------------------------------------
                                  3.41   slack (MET)


Startpoint: opcode[1] (input port clocked by __VIRTUAL_CLK__)
Endpoint: out[1] (output port clocked by __VIRTUAL_CLK__)
Path Group: __VIRTUAL_CLK__
Path Type: max
Corner: Typical

Fanout     Cap    Slew   Delay    Time   Description
-----------------------------------------------------------------------------
                  0.00    0.00    0.00   clock __VIRTUAL_CLK__ (rise edge)
                          0.00    0.00   clock network delay (ideal)
                          2.00    2.00 v input external delay
     1    0.00    0.01    0.01    2.01 v opcode[1] (in)
                                         opcode[1] (net)
                  0.01    0.00    2.01 v input18/A (sky130_fd_sc_hd__buf_4)
     6    0.03    0.05    0.15    2.16 v input18/X (sky130_fd_sc_hd__buf_4)
                                         net18 (net)
                  0.05    0.00    2.16 v _108_/A (sky130_fd_sc_hd__or3b_4)
     2    0.01    0.08    0.43    2.59 v _108_/X (sky130_fd_sc_hd__or3b_4)
                                         _040_ (net)
                  0.08    0.00    2.59 v rebuffer3/A (sky130_fd_sc_hd__clkbuf_1)
     1    0.00    0.02    0.10    2.69 v rebuffer3/X (sky130_fd_sc_hd__clkbuf_1)
                                         net30 (net)
                  0.02    0.00    2.69 v rebuffer2/A (sky130_fd_sc_hd__clkbuf_1)
     1    0.00    0.03    0.09    2.78 v rebuffer2/X (sky130_fd_sc_hd__clkbuf_1)
                                         net29 (net)
                  0.03    0.00    2.78 v clone1/A (sky130_fd_sc_hd__buf_2)
     4    0.02    0.06    0.15    2.93 v clone1/X (sky130_fd_sc_hd__buf_2)
                                         net28 (net)
                  0.06    0.00    2.93 v _110_/A2 (sky130_fd_sc_hd__a21oi_1)
     2    0.01    0.25    0.26    3.19 ^ _110_/Y (sky130_fd_sc_hd__a21oi_1)
                                         _042_ (net)
                  0.25    0.00    3.19 ^ _112_/A1 (sky130_fd_sc_hd__o21ai_2)
     3    0.01    0.09    0.14    3.34 v _112_/Y (sky130_fd_sc_hd__o21ai_2)
                                         _044_ (net)
                  0.09    0.00    3.34 v _115_/A2 (sky130_fd_sc_hd__a31o_1)
     1    0.01    0.06    0.25    3.59 v _115_/X (sky130_fd_sc_hd__a31o_1)
                                         _047_ (net)
                  0.06    0.00    3.59 v _121_/A2 (sky130_fd_sc_hd__o21bai_1)
     1    0.01    0.21    0.21    3.80 ^ _121_/Y (sky130_fd_sc_hd__o21bai_1)
                                         net21 (net)
                  0.21    0.00    3.80 ^ output21/A (sky130_fd_sc_hd__buf_2)
     1    0.03    0.17    0.26    4.06 ^ output21/X (sky130_fd_sc_hd__buf_2)
                                         out[1] (net)
                  0.17    0.00    4.06 ^ out[1] (out)
                                  4.06   data arrival time

                  0.00   10.00   10.00   clock __VIRTUAL_CLK__ (rise edge)
                          0.00   10.00   clock network delay (ideal)
                         -0.25    9.75   clock uncertainty
                          0.00    9.75   clock reconvergence pessimism
                         -2.00    7.75   output external delay
                                  7.75   data required time
-----------------------------------------------------------------------------
                                  7.75   data required time
                                 -4.06   data arrival time
-----------------------------------------------------------------------------
                                  3.69   slack (MET)


Startpoint: opcode[2] (input port clocked by __VIRTUAL_CLK__)
Endpoint: out[0] (output port clocked by __VIRTUAL_CLK__)
Path Group: __VIRTUAL_CLK__
Path Type: max
Corner: Typical

Fanout     Cap    Slew   Delay    Time   Description
-----------------------------------------------------------------------------
                  0.00    0.00    0.00   clock __VIRTUAL_CLK__ (rise edge)
                          0.00    0.00   clock network delay (ideal)
                          2.00    2.00 ^ input external delay
     1    0.00    0.02    0.01    2.01 ^ opcode[2] (in)
                                         opcode[2] (net)
                  0.02    0.00    2.01 ^ input19/A (sky130_fd_sc_hd__buf_4)
     6    0.04    0.12    0.17    2.18 ^ input19/X (sky130_fd_sc_hd__buf_4)
                                         net19 (net)
                  0.12    0.00    2.18 ^ _099_/C_N (sky130_fd_sc_hd__or3b_1)
     1    0.01    0.10    0.42    2.61 v _099_/X (sky130_fd_sc_hd__or3b_1)
                                         _032_ (net)
                  0.10    0.00    2.61 v _100_/A (sky130_fd_sc_hd__buf_2)
     8    0.03    0.09    0.21    2.82 v _100_/X (sky130_fd_sc_hd__buf_2)
                                         _033_ (net)
                  0.09    0.00    2.82 v _106_/A2 (sky130_fd_sc_hd__o21ai_1)
     1    0.01    0.28    0.28    3.09 ^ _106_/Y (sky130_fd_sc_hd__o21ai_1)
                                         _039_ (net)
                  0.28    0.00    3.09 ^ _107_/B1 (sky130_fd_sc_hd__a31o_1)
     1    0.01    0.12    0.21    3.31 ^ _107_/X (sky130_fd_sc_hd__a31o_1)
                                         net20 (net)
                  0.12    0.00    3.31 ^ output20/A (sky130_fd_sc_hd__buf_2)
     1    0.03    0.17    0.24    3.54 ^ output20/X (sky130_fd_sc_hd__buf_2)
                                         out[0] (net)
                  0.17    0.00    3.54 ^ out[0] (out)
                                  3.54   data arrival time

                  0.00   10.00   10.00   clock __VIRTUAL_CLK__ (rise edge)
                          0.00   10.00   clock network delay (ideal)
                         -0.25    9.75   clock uncertainty
                          0.00    9.75   clock reconvergence pessimism
                         -2.00    7.75   output external delay
                                  7.75   data required time
-----------------------------------------------------------------------------
                                  7.75   data required time
                                 -3.54   data arrival time
-----------------------------------------------------------------------------
                                  4.21   slack (MET)



worst slack corner Typical: 2.5918
