OpenROAD b16bda7e82721d10566ff7e2b68f1ff0be9f9e38 
Features included (+) or not (-): +Charts +GPU +GUI +Python
This program is licensed under the BSD-3 license. See the LICENSE file for details.
Components of this program may be licensed under more restrictive licenses which must be honored.
define_corners Typical
read_liberty -corner Typical /Users/onurakkaya/.volare/sky130A/libs.ref/sky130_fd_sc_hd/lib/sky130_fd_sc_hd__tt_025C_1v80.lib
Using 1e-12 for capacitance...
Using 1e+03 for resistance...
Using 1e-09 for time...
Using 1e+00 for voltage...
Using 1e-03 for current...
Using 1e-09 for power...
Using 1e-06 for distance...
[INFO]: Reading ODB at '/openlane/designs/my_second_design/runs/RUN_2025.05.07_23.45.03/tmp/16-ALU.odb'…
Reading design constraints file at '/openlane/scripts/base.sdc'…
[INFO]: Setting output delay to: 2.0
[INFO]: Setting input delay to: 2.0
[WARNING STA-0366] port '__VIRTUAL_CLK__' not found.
[INFO]: Setting load to: 0.033442
[INFO]: Setting clock uncertainty to: 0.25
[INFO]: Setting clock transition to: 0.15
[WARNING STA-0419] transition time can not be specified for virtual clocks.
[INFO]: Setting timing derate to: 5.0 %
[INFO]: Propagating all clocks
[WARNING STA-0450] virtual clock __VIRTUAL_CLK__ can not be propagated.
[INFO]: Setting RC values...
[WARNING GRT-0026] Missing route to pin _183_/Y.
[WARNING GRT-0026] Missing route to pin _199_/B1.
[WARNING GRT-0026] Missing route to pin _183_/B1.
[WARNING GRT-0026] Missing route to pin _158_/A1.
[WARNING GRT-0026] Missing route to pin _158_/A2.
[WARNING GRT-0026] Missing route to pin _164_/B.
[WARNING GRT-0026] Missing route to pin _183_/A1.
[WARNING GRT-0026] Missing route to pin _134_/B.
[WARNING GRT-0026] Missing route to pin _164_/A.
[WARNING GRT-0026] Missing route to pin _183_/A2.
[WARNING GRT-0026] Missing route to pin _199_/X.
[WARNING GRT-0026] Missing route to pin _175_/B1.
min_report

===========================================================================
report_checks -path_delay min (Hold)
============================================================================
======================= Typical Corner ===================================

Startpoint: opcode[1] (input port clocked by __VIRTUAL_CLK__)
Endpoint: out[2] (output port clocked by __VIRTUAL_CLK__)
Path Group: __VIRTUAL_CLK__
Path Type: min

Fanout     Cap    Slew   Delay    Time   Description
-----------------------------------------------------------------------------
                  0.00    0.00    0.00   clock __VIRTUAL_CLK__ (rise edge)
                          0.00    0.00   clock network delay (ideal)
                          2.00    2.00 ^ input external delay
     1    0.00    0.02    0.01    2.01 ^ opcode[1] (in)
                                         opcode[1] (net)
                  0.02    0.00    2.01 ^ input18/A (sky130_fd_sc_hd__buf_4)
     6    0.01    0.05    0.10    2.11 ^ input18/X (sky130_fd_sc_hd__buf_4)
                                         net18 (net)
                  0.05    0.00    2.11 ^ _127_/B (sky130_fd_sc_hd__nor2_1)
     4    0.02    0.08    0.08    2.19 v _127_/Y (sky130_fd_sc_hd__nor2_1)
                                         _058_ (net)
                  0.08    0.00    2.19 v _128_/B1 (sky130_fd_sc_hd__o21ai_1)
     1    0.00    0.07    0.08    2.26 ^ _128_/Y (sky130_fd_sc_hd__o21ai_1)
                                         _059_ (net)
                  0.07    0.00    2.26 ^ _133_/A2 (sky130_fd_sc_hd__o21bai_1)
     1    0.00    0.05    0.07    2.34 v _133_/Y (sky130_fd_sc_hd__o21bai_1)
                                         net22 (net)
                  0.05    0.00    2.34 v output22/A (sky130_fd_sc_hd__buf_2)
     1    0.04    0.09    0.18    2.51 v output22/X (sky130_fd_sc_hd__buf_2)
                                         out[2] (net)
                  0.09    0.00    2.51 v out[2] (out)
                                  2.51   data arrival time

                  0.00    0.00    0.00   clock __VIRTUAL_CLK__ (rise edge)
                          0.00    0.00   clock network delay (ideal)
                          0.25    0.25   clock uncertainty
                          0.00    0.25   clock reconvergence pessimism
                         -2.00   -1.75   output external delay
                                 -1.75   data required time
-----------------------------------------------------------------------------
                                 -1.75   data required time
                                 -2.51   data arrival time
-----------------------------------------------------------------------------
                                  4.26   slack (MET)


Startpoint: opcode[1] (input port clocked by __VIRTUAL_CLK__)
Endpoint: out[5] (output port clocked by __VIRTUAL_CLK__)
Path Group: __VIRTUAL_CLK__
Path Type: min

Fanout     Cap    Slew   Delay    Time   Description
-----------------------------------------------------------------------------
                  0.00    0.00    0.00   clock __VIRTUAL_CLK__ (rise edge)
                          0.00    0.00   clock network delay (ideal)
                          2.00    2.00 ^ input external delay
     1    0.00    0.02    0.01    2.01 ^ opcode[1] (in)
                                         opcode[1] (net)
                  0.02    0.00    2.01 ^ input18/A (sky130_fd_sc_hd__buf_4)
     6    0.01    0.05    0.10    2.11 ^ input18/X (sky130_fd_sc_hd__buf_4)
                                         net18 (net)
                  0.05    0.00    2.11 ^ _127_/B (sky130_fd_sc_hd__nor2_1)
     4    0.02    0.08    0.08    2.19 v _127_/Y (sky130_fd_sc_hd__nor2_1)
                                         _058_ (net)
                  0.08    0.00    2.19 v _174_/A1 (sky130_fd_sc_hd__a31o_1)
     1    0.00    0.03    0.17    2.35 v _174_/X (sky130_fd_sc_hd__a31o_1)
                                         net25 (net)
                  0.03    0.00    2.35 v output25/A (sky130_fd_sc_hd__buf_2)
     1    0.03    0.09    0.16    2.52 v output25/X (sky130_fd_sc_hd__buf_2)
                                         out[5] (net)
                  0.09    0.00    2.52 v out[5] (out)
                                  2.52   data arrival time

                  0.00    0.00    0.00   clock __VIRTUAL_CLK__ (rise edge)
                          0.00    0.00   clock network delay (ideal)
                          0.25    0.25   clock uncertainty
                          0.00    0.25   clock reconvergence pessimism
                         -2.00   -1.75   output external delay
                                 -1.75   data required time
-----------------------------------------------------------------------------
                                 -1.75   data required time
                                 -2.52   data arrival time
-----------------------------------------------------------------------------
                                  4.27   slack (MET)


Startpoint: A[4] (input port clocked by __VIRTUAL_CLK__)
Endpoint: out[4] (output port clocked by __VIRTUAL_CLK__)
Path Group: __VIRTUAL_CLK__
Path Type: min

Fanout     Cap    Slew   Delay    Time   Description
-----------------------------------------------------------------------------
                  0.00    0.00    0.00   clock __VIRTUAL_CLK__ (rise edge)
                          0.00    0.00   clock network delay (ideal)
                          2.00    2.00 ^ input external delay
     1    0.00    0.02    0.01    2.01 ^ A[4] (in)
                                         A[4] (net)
                  0.02    0.00    2.01 ^ input5/A (sky130_fd_sc_hd__clkbuf_2)
     6    0.02    0.12    0.14    2.15 ^ input5/X (sky130_fd_sc_hd__clkbuf_2)
                                         net5 (net)
                  0.12    0.00    2.15 ^ _161_/B2 (sky130_fd_sc_hd__o32a_1)
     1    0.00    0.06    0.15    2.30 ^ _161_/X (sky130_fd_sc_hd__o32a_1)
                                         _090_ (net)
                  0.06    0.00    2.30 ^ _162_/B (sky130_fd_sc_hd__nand2_1)
     1    0.00    0.03    0.05    2.35 v _162_/Y (sky130_fd_sc_hd__nand2_1)
                                         net24 (net)
                  0.03    0.00    2.35 v output24/A (sky130_fd_sc_hd__buf_2)
     1    0.04    0.09    0.17    2.52 v output24/X (sky130_fd_sc_hd__buf_2)
                                         out[4] (net)
                  0.09    0.00    2.52 v out[4] (out)
                                  2.52   data arrival time

                  0.00    0.00    0.00   clock __VIRTUAL_CLK__ (rise edge)
                          0.00    0.00   clock network delay (ideal)
                          0.25    0.25   clock uncertainty
                          0.00    0.25   clock reconvergence pessimism
                         -2.00   -1.75   output external delay
                                 -1.75   data required time
-----------------------------------------------------------------------------
                                 -1.75   data required time
                                 -2.52   data arrival time
-----------------------------------------------------------------------------
                                  4.27   slack (MET)


Startpoint: opcode[0] (input port clocked by __VIRTUAL_CLK__)
Endpoint: out[7] (output port clocked by __VIRTUAL_CLK__)
Path Group: __VIRTUAL_CLK__
Path Type: min

Fanout     Cap    Slew   Delay    Time   Description
-----------------------------------------------------------------------------
                  0.00    0.00    0.00   clock __VIRTUAL_CLK__ (rise edge)
                          0.00    0.00   clock network delay (ideal)
                          2.00    2.00 ^ input external delay
     1    0.00    0.03    0.02    2.02 ^ opcode[0] (in)
                                         opcode[0] (net)
                  0.03    0.00    2.02 ^ input17/A (sky130_fd_sc_hd__buf_6)
     8    0.02    0.06    0.10    2.12 ^ input17/X (sky130_fd_sc_hd__buf_6)
                                         net17 (net)
                  0.06    0.00    2.12 ^ _196_/B1 (sky130_fd_sc_hd__a21o_1)
     1    0.00    0.03    0.07    2.19 ^ _196_/X (sky130_fd_sc_hd__a21o_1)
                                         _026_ (net)
                  0.03    0.00    2.19 ^ _198_/A3 (sky130_fd_sc_hd__a31o_1)
     1    0.00    0.06    0.14    2.33 ^ _198_/X (sky130_fd_sc_hd__a31o_1)
                                         _028_ (net)
                  0.06    0.00    2.33 ^ _199_/B1 (sky130_fd_sc_hd__a31o_4)
     1    0.00    0.03    0.09    2.41 ^ _199_/X (sky130_fd_sc_hd__a31o_4)
                                         net27 (net)
                  0.03    0.00    2.41 ^ output27/A (sky130_fd_sc_hd__buf_6)
     1    0.04    0.08    0.12    2.53 ^ output27/X (sky130_fd_sc_hd__buf_6)
                                         out[7] (net)
                  0.08    0.00    2.53 ^ out[7] (out)
                                  2.53   data arrival time

                  0.00    0.00    0.00   clock __VIRTUAL_CLK__ (rise edge)
                          0.00    0.00   clock network delay (ideal)
                          0.25    0.25   clock uncertainty
                          0.00    0.25   clock reconvergence pessimism
                         -2.00   -1.75   output external delay
                                 -1.75   data required time
-----------------------------------------------------------------------------
                                 -1.75   data required time
                                 -2.53   data arrival time
-----------------------------------------------------------------------------
                                  4.28   slack (MET)


Startpoint: opcode[0] (input port clocked by __VIRTUAL_CLK__)
Endpoint: out[0] (output port clocked by __VIRTUAL_CLK__)
Path Group: __VIRTUAL_CLK__
Path Type: min

Fanout     Cap    Slew   Delay    Time   Description
-----------------------------------------------------------------------------
                  0.00    0.00    0.00   clock __VIRTUAL_CLK__ (rise edge)
                          0.00    0.00   clock network delay (ideal)
                          2.00    2.00 ^ input external delay
     1    0.00    0.03    0.02    2.02 ^ opcode[0] (in)
                                         opcode[0] (net)
                  0.03    0.00    2.02 ^ input17/A (sky130_fd_sc_hd__buf_6)
     8    0.02    0.06    0.10    2.12 ^ input17/X (sky130_fd_sc_hd__buf_6)
                                         net17 (net)
                  0.06    0.00    2.12 ^ _096_/A2 (sky130_fd_sc_hd__a21o_1)
     1    0.00    0.03    0.10    2.21 ^ _096_/X (sky130_fd_sc_hd__a21o_1)
                                         _029_ (net)
                  0.03    0.00    2.21 ^ _107_/A1 (sky130_fd_sc_hd__a31o_1)
     1    0.00    0.05    0.12    2.34 ^ _107_/X (sky130_fd_sc_hd__a31o_1)
                                         net20 (net)
                  0.05    0.00    2.34 ^ output20/A (sky130_fd_sc_hd__buf_2)
     1    0.04    0.18    0.20    2.54 ^ output20/X (sky130_fd_sc_hd__buf_2)
                                         out[0] (net)
                  0.18    0.00    2.54 ^ out[0] (out)
                                  2.54   data arrival time

                  0.00    0.00    0.00   clock __VIRTUAL_CLK__ (rise edge)
                          0.00    0.00   clock network delay (ideal)
                          0.25    0.25   clock uncertainty
                          0.00    0.25   clock reconvergence pessimism
                         -2.00   -1.75   output external delay
                                 -1.75   data required time
-----------------------------------------------------------------------------
                                 -1.75   data required time
                                 -2.54   data arrival time
-----------------------------------------------------------------------------
                                  4.29   slack (MET)


Startpoint: B[3] (input port clocked by __VIRTUAL_CLK__)
Endpoint: out[3] (output port clocked by __VIRTUAL_CLK__)
Path Group: __VIRTUAL_CLK__
Path Type: min

Fanout     Cap    Slew   Delay    Time   Description
-----------------------------------------------------------------------------
                  0.00    0.00    0.00   clock __VIRTUAL_CLK__ (rise edge)
                          0.00    0.00   clock network delay (ideal)
                          2.00    2.00 ^ input external delay
     1    0.00    0.02    0.01    2.01 ^ B[3] (in)
                                         B[3] (net)
                  0.02    0.00    2.01 ^ input12/A (sky130_fd_sc_hd__clkbuf_2)
     6    0.02    0.09    0.12    2.14 ^ input12/X (sky130_fd_sc_hd__clkbuf_2)
                                         net12 (net)
                  0.09    0.00    2.14 ^ _145_/A2 (sky130_fd_sc_hd__o22a_1)
     1    0.00    0.06    0.14    2.28 ^ _145_/X (sky130_fd_sc_hd__o22a_1)
                                         _075_ (net)
                  0.06    0.00    2.28 ^ _146_/C1 (sky130_fd_sc_hd__a211o_1)
     1    0.00    0.05    0.10    2.37 ^ _146_/X (sky130_fd_sc_hd__a211o_1)
                                         net23 (net)
                  0.05    0.00    2.37 ^ output23/A (sky130_fd_sc_hd__buf_2)
     1    0.04    0.18    0.20    2.57 ^ output23/X (sky130_fd_sc_hd__buf_2)
                                         out[3] (net)
                  0.18    0.00    2.57 ^ out[3] (out)
                                  2.57   data arrival time

                  0.00    0.00    0.00   clock __VIRTUAL_CLK__ (rise edge)
                          0.00    0.00   clock network delay (ideal)
                          0.25    0.25   clock uncertainty
                          0.00    0.25   clock reconvergence pessimism
                         -2.00   -1.75   output external delay
                                 -1.75   data required time
-----------------------------------------------------------------------------
                                 -1.75   data required time
                                 -2.57   data arrival time
-----------------------------------------------------------------------------
                                  4.32   slack (MET)


Startpoint: A[1] (input port clocked by __VIRTUAL_CLK__)
Endpoint: out[1] (output port clocked by __VIRTUAL_CLK__)
Path Group: __VIRTUAL_CLK__
Path Type: min

Fanout     Cap    Slew   Delay    Time   Description
-----------------------------------------------------------------------------
                  0.00    0.00    0.00   clock __VIRTUAL_CLK__ (rise edge)
                          0.00    0.00   clock network delay (ideal)
                          2.00    2.00 v input external delay
     1    0.00    0.01    0.01    2.01 v A[1] (in)
                                         A[1] (net)
                  0.01    0.00    2.01 v input2/A (sky130_fd_sc_hd__clkbuf_2)
     6    0.02    0.08    0.13    2.13 v input2/X (sky130_fd_sc_hd__clkbuf_2)
                                         net2 (net)
                  0.08    0.00    2.14 v _112_/B1 (sky130_fd_sc_hd__o21ai_2)
     3    0.01    0.07    0.08    2.22 ^ _112_/Y (sky130_fd_sc_hd__o21ai_2)
                                         _044_ (net)
                  0.07    0.00    2.22 ^ _115_/A2 (sky130_fd_sc_hd__a31o_1)
     1    0.00    0.04    0.13    2.35 ^ _115_/X (sky130_fd_sc_hd__a31o_1)
                                         _047_ (net)
                  0.04    0.00    2.35 ^ _121_/A2 (sky130_fd_sc_hd__o21bai_1)
     1    0.01    0.05    0.06    2.41 v _121_/Y (sky130_fd_sc_hd__o21bai_1)
                                         net21 (net)
                  0.05    0.00    2.41 v output21/A (sky130_fd_sc_hd__buf_2)
     1    0.03    0.09    0.17    2.58 v output21/X (sky130_fd_sc_hd__buf_2)
                                         out[1] (net)
                  0.09    0.00    2.58 v out[1] (out)
                                  2.58   data arrival time

                  0.00    0.00    0.00   clock __VIRTUAL_CLK__ (rise edge)
                          0.00    0.00   clock network delay (ideal)
                          0.25    0.25   clock uncertainty
                          0.00    0.25   clock reconvergence pessimism
                         -2.00   -1.75   output external delay
                                 -1.75   data required time
-----------------------------------------------------------------------------
                                 -1.75   data required time
                                 -2.58   data arrival time
-----------------------------------------------------------------------------
                                  4.33   slack (MET)


Startpoint: B[6] (input port clocked by __VIRTUAL_CLK__)
Endpoint: out[6] (output port clocked by __VIRTUAL_CLK__)
Path Group: __VIRTUAL_CLK__
Path Type: min

Fanout     Cap    Slew   Delay    Time   Description
-----------------------------------------------------------------------------
                  0.00    0.00    0.00   clock __VIRTUAL_CLK__ (rise edge)
                          0.00    0.00   clock network delay (ideal)
                          2.00    2.00 ^ input external delay
     1    0.00    0.02    0.01    2.01 ^ B[6] (in)
                                         B[6] (net)
                  0.02    0.00    2.01 ^ input15/A (sky130_fd_sc_hd__clkbuf_2)
     5    0.02    0.11    0.13    2.15 ^ input15/X (sky130_fd_sc_hd__clkbuf_2)
                                         net15 (net)
                  0.11    0.00    2.15 ^ _186_/A2 (sky130_fd_sc_hd__a311o_1)
     1    0.00    0.06    0.18    2.32 ^ _186_/X (sky130_fd_sc_hd__a311o_1)
                                         _017_ (net)
                  0.06    0.00    2.32 ^ _187_/B1 (sky130_fd_sc_hd__a21o_1)
     1    0.00    0.04    0.08    2.40 ^ _187_/X (sky130_fd_sc_hd__a21o_1)
                                         net26 (net)
                  0.04    0.00    2.40 ^ output26/A (sky130_fd_sc_hd__buf_2)
     1    0.04    0.18    0.19    2.59 ^ output26/X (sky130_fd_sc_hd__buf_2)
                                         out[6] (net)
                  0.18    0.00    2.60 ^ out[6] (out)
                                  2.60   data arrival time

                  0.00    0.00    0.00   clock __VIRTUAL_CLK__ (rise edge)
                          0.00    0.00   clock network delay (ideal)
                          0.25    0.25   clock uncertainty
                          0.00    0.25   clock reconvergence pessimism
                         -2.00   -1.75   output external delay
                                 -1.75   data required time
-----------------------------------------------------------------------------
                                 -1.75   data required time
                                 -2.60   data arrival time
-----------------------------------------------------------------------------
                                  4.35   slack (MET)



worst slack corner Typical: 4.2641
min_report_end
max_report

===========================================================================
report_checks -path_delay max (Setup)
============================================================================
======================= Typical Corner ===================================

Startpoint: opcode[2] (input port clocked by __VIRTUAL_CLK__)
Endpoint: out[7] (output port clocked by __VIRTUAL_CLK__)
Path Group: __VIRTUAL_CLK__
Path Type: max

Fanout     Cap    Slew   Delay    Time   Description
-----------------------------------------------------------------------------
                  0.00    0.00    0.00   clock __VIRTUAL_CLK__ (rise edge)
                          0.00    0.00   clock network delay (ideal)
                          2.00    2.00 v input external delay
     1    0.00    0.01    0.01    2.01 v opcode[2] (in)
                                         opcode[2] (net)
                  0.01    0.00    2.01 v input19/A (sky130_fd_sc_hd__buf_4)
     6    0.02    0.05    0.15    2.16 v input19/X (sky130_fd_sc_hd__buf_4)
                                         net19 (net)
                  0.05    0.00    2.16 v _108_/B (sky130_fd_sc_hd__or3b_4)
     2    0.01    0.08    0.40    2.56 v _108_/X (sky130_fd_sc_hd__or3b_4)
                                         _040_ (net)
                  0.08    0.00    2.56 v _109_/A (sky130_fd_sc_hd__buf_6)
     5    0.02    0.03    0.14    2.70 v _109_/X (sky130_fd_sc_hd__buf_6)
                                         _041_ (net)
                  0.03    0.00    2.70 v _111_/A (sky130_fd_sc_hd__and3_1)
     2    0.01    0.06    0.17    2.87 v _111_/X (sky130_fd_sc_hd__and3_1)
                                         _043_ (net)
                  0.06    0.00    2.87 v _113_/C (sky130_fd_sc_hd__or3_4)
     3    0.01    0.07    0.36    3.23 v _113_/X (sky130_fd_sc_hd__or3_4)
                                         _045_ (net)
                  0.07    0.00    3.23 v _122_/A2 (sky130_fd_sc_hd__a21bo_4)
     3    0.01    0.04    0.23    3.46 v _122_/X (sky130_fd_sc_hd__a21bo_4)
                                         _053_ (net)
                  0.04    0.00    3.46 v _158_/A1 (sky130_fd_sc_hd__a31o_1)
     2    0.01    0.06    0.20    3.66 v _158_/X (sky130_fd_sc_hd__a31o_1)
                                         _087_ (net)
                  0.06    0.00    3.66 v _160_/A (sky130_fd_sc_hd__and2_4)
     5    0.02    0.05    0.17    3.83 v _160_/X (sky130_fd_sc_hd__and2_4)
                                         _089_ (net)
                  0.05    0.00    3.83 v _181_/A3 (sky130_fd_sc_hd__o311a_4)
     3    0.01    0.06    0.32    4.15 v _181_/X (sky130_fd_sc_hd__o311a_4)
                                         _012_ (net)
                  0.06    0.00    4.15 v _195_/B (sky130_fd_sc_hd__or3_4)
     1    0.00    0.07    0.38    4.53 v _195_/X (sky130_fd_sc_hd__or3_4)
                                         _025_ (net)
                  0.07    0.00    4.53 v _199_/A1 (sky130_fd_sc_hd__a31o_4)
     1    0.00    0.04    0.23    4.76 v _199_/X (sky130_fd_sc_hd__a31o_4)
                                         net27 (net)
                  0.04    0.00    4.76 v output27/A (sky130_fd_sc_hd__buf_6)
     1    0.04    0.05    0.14    4.90 v output27/X (sky130_fd_sc_hd__buf_6)
                                         out[7] (net)
                  0.05    0.00    4.90 v out[7] (out)
                                  4.90   data arrival time

                  0.00   10.00   10.00   clock __VIRTUAL_CLK__ (rise edge)
                          0.00   10.00   clock network delay (ideal)
                         -0.25    9.75   clock uncertainty
                          0.00    9.75   clock reconvergence pessimism
                         -2.00    7.75   output external delay
                                  7.75   data required time
-----------------------------------------------------------------------------
                                  7.75   data required time
                                 -4.90   data arrival time
-----------------------------------------------------------------------------
                                  2.85   slack (MET)


Startpoint: opcode[2] (input port clocked by __VIRTUAL_CLK__)
Endpoint: out[6] (output port clocked by __VIRTUAL_CLK__)
Path Group: __VIRTUAL_CLK__
Path Type: max

Fanout     Cap    Slew   Delay    Time   Description
-----------------------------------------------------------------------------
                  0.00    0.00    0.00   clock __VIRTUAL_CLK__ (rise edge)
                          0.00    0.00   clock network delay (ideal)
                          2.00    2.00 v input external delay
     1    0.00    0.01    0.01    2.01 v opcode[2] (in)
                                         opcode[2] (net)
                  0.01    0.00    2.01 v input19/A (sky130_fd_sc_hd__buf_4)
     6    0.02    0.05    0.15    2.16 v input19/X (sky130_fd_sc_hd__buf_4)
                                         net19 (net)
                  0.05    0.00    2.16 v _108_/B (sky130_fd_sc_hd__or3b_4)
     2    0.01    0.08    0.40    2.56 v _108_/X (sky130_fd_sc_hd__or3b_4)
                                         _040_ (net)
                  0.08    0.00    2.56 v _109_/A (sky130_fd_sc_hd__buf_6)
     5    0.02    0.03    0.14    2.70 v _109_/X (sky130_fd_sc_hd__buf_6)
                                         _041_ (net)
                  0.03    0.00    2.70 v _111_/A (sky130_fd_sc_hd__and3_1)
     2    0.01    0.06    0.17    2.87 v _111_/X (sky130_fd_sc_hd__and3_1)
                                         _043_ (net)
                  0.06    0.00    2.87 v _113_/C (sky130_fd_sc_hd__or3_4)
     3    0.01    0.07    0.36    3.23 v _113_/X (sky130_fd_sc_hd__or3_4)
                                         _045_ (net)
                  0.07    0.00    3.23 v _122_/A2 (sky130_fd_sc_hd__a21bo_4)
     3    0.01    0.04    0.23    3.46 v _122_/X (sky130_fd_sc_hd__a21bo_4)
                                         _053_ (net)
                  0.04    0.00    3.46 v _158_/A1 (sky130_fd_sc_hd__a31o_1)
     2    0.01    0.06    0.20    3.66 v _158_/X (sky130_fd_sc_hd__a31o_1)
                                         _087_ (net)
                  0.06    0.00    3.66 v _160_/A (sky130_fd_sc_hd__and2_4)
     5    0.02    0.05    0.17    3.83 v _160_/X (sky130_fd_sc_hd__and2_4)
                                         _089_ (net)
                  0.05    0.00    3.83 v _179_/A2 (sky130_fd_sc_hd__o31a_1)
     1    0.00    0.04    0.28    4.11 v _179_/X (sky130_fd_sc_hd__o31a_1)
                                         _010_ (net)
                  0.04    0.00    4.11 v _180_/B (sky130_fd_sc_hd__or2_1)
     1    0.00    0.05    0.21    4.32 v _180_/X (sky130_fd_sc_hd__or2_1)
                                         _011_ (net)
                  0.05    0.00    4.32 v _187_/A1 (sky130_fd_sc_hd__a21o_1)
     1    0.00    0.03    0.16    4.47 v _187_/X (sky130_fd_sc_hd__a21o_1)
                                         net26 (net)
                  0.03    0.00    4.47 v output26/A (sky130_fd_sc_hd__buf_2)
     1    0.04    0.09    0.19    4.66 v output26/X (sky130_fd_sc_hd__buf_2)
                                         out[6] (net)
                  0.09    0.00    4.66 v out[6] (out)
                                  4.66   data arrival time

                  0.00   10.00   10.00   clock __VIRTUAL_CLK__ (rise edge)
                          0.00   10.00   clock network delay (ideal)
                         -0.25    9.75   clock uncertainty
                          0.00    9.75   clock reconvergence pessimism
                         -2.00    7.75   output external delay
                                  7.75   data required time
-----------------------------------------------------------------------------
                                  7.75   data required time
                                 -4.66   data arrival time
-----------------------------------------------------------------------------
                                  3.09   slack (MET)


Startpoint: opcode[2] (input port clocked by __VIRTUAL_CLK__)
Endpoint: out[5] (output port clocked by __VIRTUAL_CLK__)
Path Group: __VIRTUAL_CLK__
Path Type: max

Fanout     Cap    Slew   Delay    Time   Description
-----------------------------------------------------------------------------
                  0.00    0.00    0.00   clock __VIRTUAL_CLK__ (rise edge)
                          0.00    0.00   clock network delay (ideal)
                          2.00    2.00 v input external delay
     1    0.00    0.01    0.01    2.01 v opcode[2] (in)
                                         opcode[2] (net)
                  0.01    0.00    2.01 v input19/A (sky130_fd_sc_hd__buf_4)
     6    0.02    0.05    0.15    2.16 v input19/X (sky130_fd_sc_hd__buf_4)
                                         net19 (net)
                  0.05    0.00    2.16 v _108_/B (sky130_fd_sc_hd__or3b_4)
     2    0.01    0.08    0.40    2.56 v _108_/X (sky130_fd_sc_hd__or3b_4)
                                         _040_ (net)
                  0.08    0.00    2.56 v _109_/A (sky130_fd_sc_hd__buf_6)
     5    0.02    0.03    0.14    2.70 v _109_/X (sky130_fd_sc_hd__buf_6)
                                         _041_ (net)
                  0.03    0.00    2.70 v _111_/A (sky130_fd_sc_hd__and3_1)
     2    0.01    0.06    0.17    2.87 v _111_/X (sky130_fd_sc_hd__and3_1)
                                         _043_ (net)
                  0.06    0.00    2.87 v _113_/C (sky130_fd_sc_hd__or3_4)
     3    0.01    0.07    0.36    3.23 v _113_/X (sky130_fd_sc_hd__or3_4)
                                         _045_ (net)
                  0.07    0.00    3.23 v _122_/A2 (sky130_fd_sc_hd__a21bo_4)
     3    0.01    0.04    0.23    3.46 v _122_/X (sky130_fd_sc_hd__a21bo_4)
                                         _053_ (net)
                  0.04    0.00    3.46 v _158_/A1 (sky130_fd_sc_hd__a31o_1)
     2    0.01    0.06    0.20    3.66 v _158_/X (sky130_fd_sc_hd__a31o_1)
                                         _087_ (net)
                  0.06    0.00    3.66 v _160_/A (sky130_fd_sc_hd__and2_4)
     5    0.02    0.05    0.17    3.83 v _160_/X (sky130_fd_sc_hd__and2_4)
                                         _089_ (net)
                  0.05    0.00    3.83 v _168_/C1 (sky130_fd_sc_hd__a211o_1)
     1    0.00    0.05    0.23    4.06 v _168_/X (sky130_fd_sc_hd__a211o_1)
                                         _000_ (net)
                  0.05    0.00    4.06 v _174_/A2 (sky130_fd_sc_hd__a31o_1)
     1    0.00    0.03    0.20    4.26 v _174_/X (sky130_fd_sc_hd__a31o_1)
                                         net25 (net)
                  0.03    0.00    4.26 v output25/A (sky130_fd_sc_hd__buf_2)
     1    0.03    0.09    0.18    4.44 v output25/X (sky130_fd_sc_hd__buf_2)
                                         out[5] (net)
                  0.09    0.00    4.44 v out[5] (out)
                                  4.44   data arrival time

                  0.00   10.00   10.00   clock __VIRTUAL_CLK__ (rise edge)
                          0.00   10.00   clock network delay (ideal)
                         -0.25    9.75   clock uncertainty
                          0.00    9.75   clock reconvergence pessimism
                         -2.00    7.75   output external delay
                                  7.75   data required time
-----------------------------------------------------------------------------
                                  7.75   data required time
                                 -4.44   data arrival time
-----------------------------------------------------------------------------
                                  3.31   slack (MET)


Startpoint: opcode[2] (input port clocked by __VIRTUAL_CLK__)
Endpoint: out[4] (output port clocked by __VIRTUAL_CLK__)
Path Group: __VIRTUAL_CLK__
Path Type: max

Fanout     Cap    Slew   Delay    Time   Description
-----------------------------------------------------------------------------
                  0.00    0.00    0.00   clock __VIRTUAL_CLK__ (rise edge)
                          0.00    0.00   clock network delay (ideal)
                          2.00    2.00 v input external delay
     1    0.00    0.01    0.01    2.01 v opcode[2] (in)
                                         opcode[2] (net)
                  0.01    0.00    2.01 v input19/A (sky130_fd_sc_hd__buf_4)
     6    0.02    0.05    0.15    2.16 v input19/X (sky130_fd_sc_hd__buf_4)
                                         net19 (net)
                  0.05    0.00    2.16 v _108_/B (sky130_fd_sc_hd__or3b_4)
     2    0.01    0.08    0.40    2.56 v _108_/X (sky130_fd_sc_hd__or3b_4)
                                         _040_ (net)
                  0.08    0.00    2.56 v _109_/A (sky130_fd_sc_hd__buf_6)
     5    0.02    0.03    0.14    2.70 v _109_/X (sky130_fd_sc_hd__buf_6)
                                         _041_ (net)
                  0.03    0.00    2.70 v _111_/A (sky130_fd_sc_hd__and3_1)
     2    0.01    0.06    0.17    2.87 v _111_/X (sky130_fd_sc_hd__and3_1)
                                         _043_ (net)
                  0.06    0.00    2.87 v _113_/C (sky130_fd_sc_hd__or3_4)
     3    0.01    0.07    0.36    3.23 v _113_/X (sky130_fd_sc_hd__or3_4)
                                         _045_ (net)
                  0.07    0.00    3.23 v _122_/A2 (sky130_fd_sc_hd__a21bo_4)
     3    0.01    0.04    0.23    3.46 v _122_/X (sky130_fd_sc_hd__a21bo_4)
                                         _053_ (net)
                  0.04    0.00    3.46 v _158_/A1 (sky130_fd_sc_hd__a31o_1)
     2    0.01    0.06    0.20    3.66 v _158_/X (sky130_fd_sc_hd__a31o_1)
                                         _087_ (net)
                  0.06    0.00    3.66 v _160_/A (sky130_fd_sc_hd__and2_4)
     5    0.02    0.05    0.17    3.83 v _160_/X (sky130_fd_sc_hd__and2_4)
                                         _089_ (net)
                  0.05    0.00    3.83 v _161_/A3 (sky130_fd_sc_hd__o32a_1)
     1    0.00    0.06    0.30    4.13 v _161_/X (sky130_fd_sc_hd__o32a_1)
                                         _090_ (net)
                  0.06    0.00    4.13 v _162_/B (sky130_fd_sc_hd__nand2_1)
     1    0.00    0.05    0.07    4.21 ^ _162_/Y (sky130_fd_sc_hd__nand2_1)
                                         net24 (net)
                  0.05    0.00    4.21 ^ output24/A (sky130_fd_sc_hd__buf_2)
     1    0.04    0.18    0.22    4.42 ^ output24/X (sky130_fd_sc_hd__buf_2)
                                         out[4] (net)
                  0.18    0.00    4.42 ^ out[4] (out)
                                  4.42   data arrival time

                  0.00   10.00   10.00   clock __VIRTUAL_CLK__ (rise edge)
                          0.00   10.00   clock network delay (ideal)
                         -0.25    9.75   clock uncertainty
                          0.00    9.75   clock reconvergence pessimism
                         -2.00    7.75   output external delay
                                  7.75   data required time
-----------------------------------------------------------------------------
                                  7.75   data required time
                                 -4.42   data arrival time
-----------------------------------------------------------------------------
                                  3.33   slack (MET)


Startpoint: opcode[2] (input port clocked by __VIRTUAL_CLK__)
Endpoint: out[3] (output port clocked by __VIRTUAL_CLK__)
Path Group: __VIRTUAL_CLK__
Path Type: max

Fanout     Cap    Slew   Delay    Time   Description
-----------------------------------------------------------------------------
                  0.00    0.00    0.00   clock __VIRTUAL_CLK__ (rise edge)
                          0.00    0.00   clock network delay (ideal)
                          2.00    2.00 v input external delay
     1    0.00    0.01    0.01    2.01 v opcode[2] (in)
                                         opcode[2] (net)
                  0.01    0.00    2.01 v input19/A (sky130_fd_sc_hd__buf_4)
     6    0.02    0.05    0.15    2.16 v input19/X (sky130_fd_sc_hd__buf_4)
                                         net19 (net)
                  0.05    0.00    2.16 v _108_/B (sky130_fd_sc_hd__or3b_4)
     2    0.01    0.08    0.40    2.56 v _108_/X (sky130_fd_sc_hd__or3b_4)
                                         _040_ (net)
                  0.08    0.00    2.56 v _109_/A (sky130_fd_sc_hd__buf_6)
     5    0.02    0.03    0.14    2.70 v _109_/X (sky130_fd_sc_hd__buf_6)
                                         _041_ (net)
                  0.03    0.00    2.70 v _111_/A (sky130_fd_sc_hd__and3_1)
     2    0.01    0.06    0.17    2.87 v _111_/X (sky130_fd_sc_hd__and3_1)
                                         _043_ (net)
                  0.06    0.00    2.87 v _113_/C (sky130_fd_sc_hd__or3_4)
     3    0.01    0.07    0.36    3.23 v _113_/X (sky130_fd_sc_hd__or3_4)
                                         _045_ (net)
                  0.07    0.00    3.23 v _122_/A2 (sky130_fd_sc_hd__a21bo_4)
     3    0.01    0.04    0.23    3.46 v _122_/X (sky130_fd_sc_hd__a21bo_4)
                                         _053_ (net)
                  0.04    0.00    3.46 v _126_/A (sky130_fd_sc_hd__and2_1)
     2    0.01    0.06    0.16    3.62 v _126_/X (sky130_fd_sc_hd__and2_1)
                                         _057_ (net)
                  0.06    0.00    3.62 v _140_/B1 (sky130_fd_sc_hd__a21oi_1)
     1    0.01    0.18    0.18    3.80 ^ _140_/Y (sky130_fd_sc_hd__a21oi_1)
                                         _070_ (net)
                  0.18    0.00    3.80 ^ _141_/B (sky130_fd_sc_hd__xnor2_1)
     1    0.00    0.06    0.10    3.90 v _141_/Y (sky130_fd_sc_hd__xnor2_1)
                                         _071_ (net)
                  0.06    0.00    3.90 v _146_/A2 (sky130_fd_sc_hd__a211o_1)
     1    0.00    0.06    0.32    4.22 v _146_/X (sky130_fd_sc_hd__a211o_1)
                                         net23 (net)
                  0.06    0.00    4.22 v output23/A (sky130_fd_sc_hd__buf_2)
     1    0.04    0.09    0.20    4.42 v output23/X (sky130_fd_sc_hd__buf_2)
                                         out[3] (net)
                  0.09    0.00    4.42 v out[3] (out)
                                  4.42   data arrival time

                  0.00   10.00   10.00   clock __VIRTUAL_CLK__ (rise edge)
                          0.00   10.00   clock network delay (ideal)
                         -0.25    9.75   clock uncertainty
                          0.00    9.75   clock reconvergence pessimism
                         -2.00    7.75   output external delay
                                  7.75   data required time
-----------------------------------------------------------------------------
                                  7.75   data required time
                                 -4.42   data arrival time
-----------------------------------------------------------------------------
                                  3.33   slack (MET)


Startpoint: opcode[2] (input port clocked by __VIRTUAL_CLK__)
Endpoint: out[2] (output port clocked by __VIRTUAL_CLK__)
Path Group: __VIRTUAL_CLK__
Path Type: max

Fanout     Cap    Slew   Delay    Time   Description
-----------------------------------------------------------------------------
                  0.00    0.00    0.00   clock __VIRTUAL_CLK__ (rise edge)
                          0.00    0.00   clock network delay (ideal)
                          2.00    2.00 v input external delay
     1    0.00    0.01    0.01    2.01 v opcode[2] (in)
                                         opcode[2] (net)
                  0.01    0.00    2.01 v input19/A (sky130_fd_sc_hd__buf_4)
     6    0.02    0.05    0.15    2.16 v input19/X (sky130_fd_sc_hd__buf_4)
                                         net19 (net)
                  0.05    0.00    2.16 v _108_/B (sky130_fd_sc_hd__or3b_4)
     2    0.01    0.08    0.40    2.56 v _108_/X (sky130_fd_sc_hd__or3b_4)
                                         _040_ (net)
                  0.08    0.00    2.56 v _109_/A (sky130_fd_sc_hd__buf_6)
     5    0.02    0.03    0.14    2.70 v _109_/X (sky130_fd_sc_hd__buf_6)
                                         _041_ (net)
                  0.03    0.00    2.70 v _111_/A (sky130_fd_sc_hd__and3_1)
     2    0.01    0.06    0.17    2.87 v _111_/X (sky130_fd_sc_hd__and3_1)
                                         _043_ (net)
                  0.06    0.00    2.87 v _113_/C (sky130_fd_sc_hd__or3_4)
     3    0.01    0.07    0.36    3.23 v _113_/X (sky130_fd_sc_hd__or3_4)
                                         _045_ (net)
                  0.07    0.00    3.23 v _122_/A2 (sky130_fd_sc_hd__a21bo_4)
     3    0.01    0.04    0.23    3.46 v _122_/X (sky130_fd_sc_hd__a21bo_4)
                                         _053_ (net)
                  0.04    0.00    3.46 v _126_/A (sky130_fd_sc_hd__and2_1)
     2    0.01    0.06    0.16    3.62 v _126_/X (sky130_fd_sc_hd__and2_1)
                                         _057_ (net)
                  0.06    0.00    3.62 v _133_/A1 (sky130_fd_sc_hd__o21bai_1)
     1    0.00    0.14    0.17    3.79 ^ _133_/Y (sky130_fd_sc_hd__o21bai_1)
                                         net22 (net)
                  0.14    0.00    3.79 ^ output22/A (sky130_fd_sc_hd__buf_2)
     1    0.04    0.18    0.25    4.05 ^ output22/X (sky130_fd_sc_hd__buf_2)
                                         out[2] (net)
                  0.18    0.00    4.05 ^ out[2] (out)
                                  4.05   data arrival time

                  0.00   10.00   10.00   clock __VIRTUAL_CLK__ (rise edge)
                          0.00   10.00   clock network delay (ideal)
                         -0.25    9.75   clock uncertainty
                          0.00    9.75   clock reconvergence pessimism
                         -2.00    7.75   output external delay
                                  7.75   data required time
-----------------------------------------------------------------------------
                                  7.75   data required time
                                 -4.05   data arrival time
-----------------------------------------------------------------------------
                                  3.70   slack (MET)


Startpoint: opcode[2] (input port clocked by __VIRTUAL_CLK__)
Endpoint: out[1] (output port clocked by __VIRTUAL_CLK__)
Path Group: __VIRTUAL_CLK__
Path Type: max

Fanout     Cap    Slew   Delay    Time   Description
-----------------------------------------------------------------------------
                  0.00    0.00    0.00   clock __VIRTUAL_CLK__ (rise edge)
                          0.00    0.00   clock network delay (ideal)
                          2.00    2.00 v input external delay
     1    0.00    0.01    0.01    2.01 v opcode[2] (in)
                                         opcode[2] (net)
                  0.01    0.00    2.01 v input19/A (sky130_fd_sc_hd__buf_4)
     6    0.02    0.05    0.15    2.16 v input19/X (sky130_fd_sc_hd__buf_4)
                                         net19 (net)
                  0.05    0.00    2.16 v _108_/B (sky130_fd_sc_hd__or3b_4)
     2    0.01    0.08    0.40    2.56 v _108_/X (sky130_fd_sc_hd__or3b_4)
                                         _040_ (net)
                  0.08    0.00    2.56 v _109_/A (sky130_fd_sc_hd__buf_6)
     5    0.02    0.03    0.14    2.70 v _109_/X (sky130_fd_sc_hd__buf_6)
                                         _041_ (net)
                  0.03    0.00    2.70 v _111_/A (sky130_fd_sc_hd__and3_1)
     2    0.01    0.06    0.17    2.87 v _111_/X (sky130_fd_sc_hd__and3_1)
                                         _043_ (net)
                  0.06    0.00    2.87 v _113_/C (sky130_fd_sc_hd__or3_4)
     3    0.01    0.07    0.36    3.23 v _113_/X (sky130_fd_sc_hd__or3_4)
                                         _045_ (net)
                  0.07    0.00    3.23 v _115_/A3 (sky130_fd_sc_hd__a31o_1)
     1    0.00    0.03    0.23    3.46 v _115_/X (sky130_fd_sc_hd__a31o_1)
                                         _047_ (net)
                  0.03    0.00    3.46 v _121_/A2 (sky130_fd_sc_hd__o21bai_1)
     1    0.01    0.15    0.15    3.61 ^ _121_/Y (sky130_fd_sc_hd__o21bai_1)
                                         net21 (net)
                  0.15    0.00    3.61 ^ output21/A (sky130_fd_sc_hd__buf_2)
     1    0.03    0.17    0.24    3.85 ^ output21/X (sky130_fd_sc_hd__buf_2)
                                         out[1] (net)
                  0.17    0.00    3.86 ^ out[1] (out)
                                  3.86   data arrival time

                  0.00   10.00   10.00   clock __VIRTUAL_CLK__ (rise edge)
                          0.00   10.00   clock network delay (ideal)
                         -0.25    9.75   clock uncertainty
                          0.00    9.75   clock reconvergence pessimism
                         -2.00    7.75   output external delay
                                  7.75   data required time
-----------------------------------------------------------------------------
                                  7.75   data required time
                                 -3.86   data arrival time
-----------------------------------------------------------------------------
                                  3.89   slack (MET)


Startpoint: opcode[2] (input port clocked by __VIRTUAL_CLK__)
Endpoint: out[0] (output port clocked by __VIRTUAL_CLK__)
Path Group: __VIRTUAL_CLK__
Path Type: max

Fanout     Cap    Slew   Delay    Time   Description
-----------------------------------------------------------------------------
                  0.00    0.00    0.00   clock __VIRTUAL_CLK__ (rise edge)
                          0.00    0.00   clock network delay (ideal)
                          2.00    2.00 ^ input external delay
     1    0.00    0.02    0.01    2.01 ^ opcode[2] (in)
                                         opcode[2] (net)
                  0.02    0.00    2.01 ^ input19/A (sky130_fd_sc_hd__buf_4)
     6    0.03    0.08    0.14    2.15 ^ input19/X (sky130_fd_sc_hd__buf_4)
                                         net19 (net)
                  0.08    0.00    2.15 ^ _099_/C_N (sky130_fd_sc_hd__or3b_1)
     1    0.01    0.08    0.39    2.54 v _099_/X (sky130_fd_sc_hd__or3b_1)
                                         _032_ (net)
                  0.08    0.00    2.54 v _100_/A (sky130_fd_sc_hd__buf_2)
     8    0.03    0.07    0.19    2.73 v _100_/X (sky130_fd_sc_hd__buf_2)
                                         _033_ (net)
                  0.07    0.00    2.73 v _106_/A2 (sky130_fd_sc_hd__o21ai_1)
     1    0.01    0.16    0.18    2.91 ^ _106_/Y (sky130_fd_sc_hd__o21ai_1)
                                         _039_ (net)
                  0.16    0.00    2.91 ^ _107_/B1 (sky130_fd_sc_hd__a31o_1)
     1    0.00    0.06    0.13    3.04 ^ _107_/X (sky130_fd_sc_hd__a31o_1)
                                         net20 (net)
                  0.06    0.00    3.04 ^ output20/A (sky130_fd_sc_hd__buf_2)
     1    0.04    0.18    0.22    3.26 ^ output20/X (sky130_fd_sc_hd__buf_2)
                                         out[0] (net)
                  0.18    0.00    3.27 ^ out[0] (out)
                                  3.27   data arrival time

                  0.00   10.00   10.00   clock __VIRTUAL_CLK__ (rise edge)
                          0.00   10.00   clock network delay (ideal)
                         -0.25    9.75   clock uncertainty
                          0.00    9.75   clock reconvergence pessimism
                         -2.00    7.75   output external delay
                                  7.75   data required time
-----------------------------------------------------------------------------
                                  7.75   data required time
                                 -3.27   data arrival time
-----------------------------------------------------------------------------
                                  4.48   slack (MET)



worst slack corner Typical: 2.8460
max_report_end
checks_report

===========================================================================
report_checks -unconstrained
===========================================================================
======================= Typical Corner ===================================

Startpoint: opcode[2] (input port clocked by __VIRTUAL_CLK__)
Endpoint: out[7] (output port clocked by __VIRTUAL_CLK__)
Path Group: __VIRTUAL_CLK__
Path Type: max

Fanout     Cap    Slew   Delay    Time   Description
-----------------------------------------------------------------------------
                  0.00    0.00    0.00   clock __VIRTUAL_CLK__ (rise edge)
                          0.00    0.00   clock network delay (ideal)
                          2.00    2.00 v input external delay
     1    0.00    0.01    0.01    2.01 v opcode[2] (in)
                                         opcode[2] (net)
                  0.01    0.00    2.01 v input19/A (sky130_fd_sc_hd__buf_4)
     6    0.02    0.05    0.15    2.16 v input19/X (sky130_fd_sc_hd__buf_4)
                                         net19 (net)
                  0.05    0.00    2.16 v _108_/B (sky130_fd_sc_hd__or3b_4)
     2    0.01    0.08    0.40    2.56 v _108_/X (sky130_fd_sc_hd__or3b_4)
                                         _040_ (net)
                  0.08    0.00    2.56 v _109_/A (sky130_fd_sc_hd__buf_6)
     5    0.02    0.03    0.14    2.70 v _109_/X (sky130_fd_sc_hd__buf_6)
                                         _041_ (net)
                  0.03    0.00    2.70 v _111_/A (sky130_fd_sc_hd__and3_1)
     2    0.01    0.06    0.17    2.87 v _111_/X (sky130_fd_sc_hd__and3_1)
                                         _043_ (net)
                  0.06    0.00    2.87 v _113_/C (sky130_fd_sc_hd__or3_4)
     3    0.01    0.07    0.36    3.23 v _113_/X (sky130_fd_sc_hd__or3_4)
                                         _045_ (net)
                  0.07    0.00    3.23 v _122_/A2 (sky130_fd_sc_hd__a21bo_4)
     3    0.01    0.04    0.23    3.46 v _122_/X (sky130_fd_sc_hd__a21bo_4)
                                         _053_ (net)
                  0.04    0.00    3.46 v _158_/A1 (sky130_fd_sc_hd__a31o_1)
     2    0.01    0.06    0.20    3.66 v _158_/X (sky130_fd_sc_hd__a31o_1)
                                         _087_ (net)
                  0.06    0.00    3.66 v _160_/A (sky130_fd_sc_hd__and2_4)
     5    0.02    0.05    0.17    3.83 v _160_/X (sky130_fd_sc_hd__and2_4)
                                         _089_ (net)
                  0.05    0.00    3.83 v _181_/A3 (sky130_fd_sc_hd__o311a_4)
     3    0.01    0.06    0.32    4.15 v _181_/X (sky130_fd_sc_hd__o311a_4)
                                         _012_ (net)
                  0.06    0.00    4.15 v _195_/B (sky130_fd_sc_hd__or3_4)
     1    0.00    0.07    0.38    4.53 v _195_/X (sky130_fd_sc_hd__or3_4)
                                         _025_ (net)
                  0.07    0.00    4.53 v _199_/A1 (sky130_fd_sc_hd__a31o_4)
     1    0.00    0.04    0.23    4.76 v _199_/X (sky130_fd_sc_hd__a31o_4)
                                         net27 (net)
                  0.04    0.00    4.76 v output27/A (sky130_fd_sc_hd__buf_6)
     1    0.04    0.05    0.14    4.90 v output27/X (sky130_fd_sc_hd__buf_6)
                                         out[7] (net)
                  0.05    0.00    4.90 v out[7] (out)
                                  4.90   data arrival time

                  0.00   10.00   10.00   clock __VIRTUAL_CLK__ (rise edge)
                          0.00   10.00   clock network delay (ideal)
                         -0.25    9.75   clock uncertainty
                          0.00    9.75   clock reconvergence pessimism
                         -2.00    7.75   output external delay
                                  7.75   data required time
-----------------------------------------------------------------------------
                                  7.75   data required time
                                 -4.90   data arrival time
-----------------------------------------------------------------------------
                                  2.85   slack (MET)




===========================================================================
report_checks --slack_max -0.01
============================================================================
======================= Typical Corner ===================================

No paths found.


===========================================================================
 report_check_types -max_slew -max_cap -max_fanout -violators
============================================================================
======================= Typical Corner ===================================


max slew violations count Typical: 0
max fanout violations count Typical: 0
max cap violations count Typical: 0

===========================================================================
report_parasitic_annotation -report_unannotated
============================================================================
Found 0 unannotated drivers.
Found 71 partially unannotated drivers.
 A[2]
 A[4]
 A[7]
 B[2]
 B[4]
 B[7]
 opcode[0]
 opcode[1]
 _096_/X
 _097_/Y
 _101_/X
 _102_/Y
 _104_/X
 _107_/X
 _112_/Y
 _113_/X
 _115_/X
 _116_/X
 _117_/Y
 _118_/X
 _119_/Y
 _122_/X
 _123_/X
 _124_/Y
 _125_/X
 _128_/Y
 _131_/Y
 _132_/X
 _133_/Y
 _134_/X
 _137_/Y
 _147_/X
 _150_/X
 _152_/Y
 _154_/Y
 _156_/X
 _159_/Y
 _163_/X
 _164_/Y
 _165_/X
 _168_/X
 _171_/X
 _174_/X
 _175_/X
 _176_/Y
 _180_/X
 _181_/X
 _183_/Y
 _185_/Y
 _188_/X
 _193_/Y
 _194_/Y
 _196_/X
 _198_/X
 _199_/X
 clone1/X
 input1/X
 input10/X
 input11/X
 input12/X
 input13/X
 input14/X
 input15/X
 input16/X
 input17/X
 input18/X
 input19/X
 input2/X
 input3/X
 input7/X
 input9/X

===========================================================================
max slew violation count 0
max fanout violation count 0
max cap violation count 0
============================================================================

===========================================================================
check_setup -verbose -unconstrained_endpoints -multiple_clock -no_clock -no_input_delay -loops -generated_clocks
===========================================================================
checks_report_end
power_report

===========================================================================
 report_power
============================================================================
======================= Typical Corner ===================================

Group                  Internal  Switching    Leakage      Total
                          Power      Power      Power      Power (Watts)
----------------------------------------------------------------
Sequential             0.00e+00   0.00e+00   0.00e+00   0.00e+00   0.0%
Combinational          2.91e-05   3.59e-05   4.58e-10   6.50e-05 100.0%
Clock                  0.00e+00   0.00e+00   9.07e-11   9.07e-11   0.0%
Macro                  0.00e+00   0.00e+00   0.00e+00   0.00e+00   0.0%
Pad                    0.00e+00   0.00e+00   0.00e+00   0.00e+00   0.0%
----------------------------------------------------------------
Total                  2.91e-05   3.59e-05   5.49e-10   6.50e-05 100.0%
                          44.8%      55.2%       0.0%

power_report_end
summary_report

===========================================================================
report_tns
============================================================================
tns 0.00

===========================================================================
report_wns
============================================================================
wns 0.00

===========================================================================
report_worst_slack -max (Setup)
============================================================================
worst slack 2.85

===========================================================================
report_worst_slack -min (Hold)
============================================================================
worst slack 4.26
summary_report_end
area_report

===========================================================================
report_design_area
============================================================================
Design area 996 u^2 54% utilization.
area_report_end
check_nonpropagated_clocks
__VIRTUAL_CLK__
check_nonpropagated_clocks_end
[WARNING] Did not save OpenROAD database!
Writing SDF to '/openlane/designs/my_second_design/runs/RUN_2025.05.07_23.45.03/results/signoff/ALU.sdf'…
Writing timing model to '/openlane/designs/my_second_design/runs/RUN_2025.05.07_23.45.03/results/signoff/ALU.lib'…
