OpenROAD b16bda7e82721d10566ff7e2b68f1ff0be9f9e38 
Features included (+) or not (-): +Charts +GPU +GUI +Python
This program is licensed under the BSD-3 license. See the LICENSE file for details.
Components of this program may be licensed under more restrictive licenses which must be honored.
define_corners Typical
read_liberty -corner Typical /Users/onurakkaya/.volare/sky130A/libs.ref/sky130_fd_sc_hd/lib/sky130_fd_sc_hd__tt_025C_1v80.lib
Using 1e-12 for capacitance...
Using 1e+03 for resistance...
Using 1e-09 for time...
Using 1e+00 for voltage...
Using 1e-03 for current...
Using 1e-09 for power...
Using 1e-06 for distance...
[INFO]: Reading ODB at '/openlane/designs/my_second_design/runs/RUN_2025.05.07_23.45.03/tmp/routing/18-global.odb'…
Reading design constraints file at '/openlane/scripts/base.sdc'…
[INFO]: Setting output delay to: 2.0
[INFO]: Setting input delay to: 2.0
[WARNING STA-0366] port '__VIRTUAL_CLK__' not found.
[INFO]: Setting load to: 0.033442
[INFO]: Setting clock uncertainty to: 0.25
[INFO]: Setting clock transition to: 0.15
[WARNING STA-0419] transition time can not be specified for virtual clocks.
[INFO]: Setting timing derate to: 5.0 %
[INFO]: Propagating all clocks
[WARNING STA-0450] virtual clock __VIRTUAL_CLK__ can not be propagated.
min_report

===========================================================================
report_checks -path_delay min (Hold)
============================================================================
======================= Typical Corner ===================================

Startpoint: A[4] (input port clocked by __VIRTUAL_CLK__)
Endpoint: out[4] (output port clocked by __VIRTUAL_CLK__)
Path Group: __VIRTUAL_CLK__
Path Type: min

Fanout     Cap    Slew   Delay    Time   Description
-----------------------------------------------------------------------------
                  0.00    0.00    0.00   clock __VIRTUAL_CLK__ (rise edge)
                          0.00    0.00   clock network delay (ideal)
                          2.00    2.00 ^ input external delay
     1    0.00    0.02    0.01    2.01 ^ A[4] (in)
                                         A[4] (net)
                  0.02    0.00    2.01 ^ input5/A (sky130_fd_sc_hd__clkbuf_2)
     6    0.01    0.08    0.11    2.12 ^ input5/X (sky130_fd_sc_hd__clkbuf_2)
                                         net5 (net)
                  0.08    0.00    2.12 ^ _161_/B2 (sky130_fd_sc_hd__o32a_1)
     1    0.00    0.04    0.12    2.24 ^ _161_/X (sky130_fd_sc_hd__o32a_1)
                                         _090_ (net)
                  0.04    0.00    2.24 ^ _162_/B (sky130_fd_sc_hd__nand2_1)
     1    0.00    0.02    0.04    2.28 v _162_/Y (sky130_fd_sc_hd__nand2_1)
                                         net24 (net)
                  0.02    0.00    2.28 v output24/A (sky130_fd_sc_hd__buf_2)
     1    0.03    0.09    0.16    2.44 v output24/X (sky130_fd_sc_hd__buf_2)
                                         out[4] (net)
                  0.09    0.00    2.44 v out[4] (out)
                                  2.44   data arrival time

                  0.00    0.00    0.00   clock __VIRTUAL_CLK__ (rise edge)
                          0.00    0.00   clock network delay (ideal)
                          0.25    0.25   clock uncertainty
                          0.00    0.25   clock reconvergence pessimism
                         -2.00   -1.75   output external delay
                                 -1.75   data required time
-----------------------------------------------------------------------------
                                 -1.75   data required time
                                 -2.44   data arrival time
-----------------------------------------------------------------------------
                                  4.19   slack (MET)


Startpoint: opcode[1] (input port clocked by __VIRTUAL_CLK__)
Endpoint: out[2] (output port clocked by __VIRTUAL_CLK__)
Path Group: __VIRTUAL_CLK__
Path Type: min

Fanout     Cap    Slew   Delay    Time   Description
-----------------------------------------------------------------------------
                  0.00    0.00    0.00   clock __VIRTUAL_CLK__ (rise edge)
                          0.00    0.00   clock network delay (ideal)
                          2.00    2.00 ^ input external delay
     1    0.00    0.02    0.01    2.01 ^ opcode[1] (in)
                                         opcode[1] (net)
                  0.02    0.00    2.01 ^ input18/A (sky130_fd_sc_hd__buf_4)
     6    0.01    0.05    0.10    2.11 ^ input18/X (sky130_fd_sc_hd__buf_4)
                                         net18 (net)
                  0.05    0.00    2.11 ^ _127_/B (sky130_fd_sc_hd__nor2_1)
     4    0.01    0.06    0.06    2.17 v _127_/Y (sky130_fd_sc_hd__nor2_1)
                                         _058_ (net)
                  0.06    0.00    2.17 v _128_/B1 (sky130_fd_sc_hd__o21ai_1)
     1    0.00    0.07    0.07    2.24 ^ _128_/Y (sky130_fd_sc_hd__o21ai_1)
                                         _059_ (net)
                  0.07    0.00    2.24 ^ _133_/A2 (sky130_fd_sc_hd__o21bai_1)
     1    0.00    0.03    0.05    2.29 v _133_/Y (sky130_fd_sc_hd__o21bai_1)
                                         net22 (net)
                  0.03    0.00    2.29 v output22/A (sky130_fd_sc_hd__buf_2)
     1    0.03    0.09    0.16    2.45 v output22/X (sky130_fd_sc_hd__buf_2)
                                         out[2] (net)
                  0.09    0.00    2.45 v out[2] (out)
                                  2.45   data arrival time

                  0.00    0.00    0.00   clock __VIRTUAL_CLK__ (rise edge)
                          0.00    0.00   clock network delay (ideal)
                          0.25    0.25   clock uncertainty
                          0.00    0.25   clock reconvergence pessimism
                         -2.00   -1.75   output external delay
                                 -1.75   data required time
-----------------------------------------------------------------------------
                                 -1.75   data required time
                                 -2.45   data arrival time
-----------------------------------------------------------------------------
                                  4.20   slack (MET)


Startpoint: B[3] (input port clocked by __VIRTUAL_CLK__)
Endpoint: out[3] (output port clocked by __VIRTUAL_CLK__)
Path Group: __VIRTUAL_CLK__
Path Type: min

Fanout     Cap    Slew   Delay    Time   Description
-----------------------------------------------------------------------------
                  0.00    0.00    0.00   clock __VIRTUAL_CLK__ (rise edge)
                          0.00    0.00   clock network delay (ideal)
                          2.00    2.00 ^ input external delay
     1    0.00    0.02    0.01    2.01 ^ B[3] (in)
                                         B[3] (net)
                  0.02    0.00    2.01 ^ input12/A (sky130_fd_sc_hd__clkbuf_2)
     6    0.01    0.08    0.12    2.12 ^ input12/X (sky130_fd_sc_hd__clkbuf_2)
                                         net12 (net)
                  0.08    0.00    2.12 ^ _145_/A2 (sky130_fd_sc_hd__o22a_1)
     1    0.00    0.04    0.12    2.24 ^ _145_/X (sky130_fd_sc_hd__o22a_1)
                                         _075_ (net)
                  0.04    0.00    2.24 ^ _146_/C1 (sky130_fd_sc_hd__a211o_1)
     1    0.00    0.03    0.07    2.32 ^ _146_/X (sky130_fd_sc_hd__a211o_1)
                                         net23 (net)
                  0.03    0.00    2.32 ^ output23/A (sky130_fd_sc_hd__buf_2)
     1    0.03    0.17    0.18    2.50 ^ output23/X (sky130_fd_sc_hd__buf_2)
                                         out[3] (net)
                  0.17    0.00    2.50 ^ out[3] (out)
                                  2.50   data arrival time

                  0.00    0.00    0.00   clock __VIRTUAL_CLK__ (rise edge)
                          0.00    0.00   clock network delay (ideal)
                          0.25    0.25   clock uncertainty
                          0.00    0.25   clock reconvergence pessimism
                         -2.00   -1.75   output external delay
                                 -1.75   data required time
-----------------------------------------------------------------------------
                                 -1.75   data required time
                                 -2.50   data arrival time
-----------------------------------------------------------------------------
                                  4.25   slack (MET)


Startpoint: B[0] (input port clocked by __VIRTUAL_CLK__)
Endpoint: out[0] (output port clocked by __VIRTUAL_CLK__)
Path Group: __VIRTUAL_CLK__
Path Type: min

Fanout     Cap    Slew   Delay    Time   Description
-----------------------------------------------------------------------------
                  0.00    0.00    0.00   clock __VIRTUAL_CLK__ (rise edge)
                          0.00    0.00   clock network delay (ideal)
                          2.00    2.00 ^ input external delay
     1    0.00    0.02    0.01    2.01 ^ B[0] (in)
                                         B[0] (net)
                  0.02    0.00    2.01 ^ input9/A (sky130_fd_sc_hd__clkbuf_2)
     7    0.01    0.09    0.12    2.13 ^ input9/X (sky130_fd_sc_hd__clkbuf_2)
                                         net9 (net)
                  0.09    0.00    2.13 ^ _096_/B1 (sky130_fd_sc_hd__a21o_1)
     1    0.00    0.03    0.08    2.21 ^ _096_/X (sky130_fd_sc_hd__a21o_1)
                                         _029_ (net)
                  0.03    0.00    2.21 ^ _107_/A1 (sky130_fd_sc_hd__a31o_1)
     1    0.00    0.03    0.10    2.32 ^ _107_/X (sky130_fd_sc_hd__a31o_1)
                                         net20 (net)
                  0.03    0.00    2.32 ^ output20/A (sky130_fd_sc_hd__buf_2)
     1    0.03    0.17    0.18    2.50 ^ output20/X (sky130_fd_sc_hd__buf_2)
                                         out[0] (net)
                  0.17    0.00    2.50 ^ out[0] (out)
                                  2.50   data arrival time

                  0.00    0.00    0.00   clock __VIRTUAL_CLK__ (rise edge)
                          0.00    0.00   clock network delay (ideal)
                          0.25    0.25   clock uncertainty
                          0.00    0.25   clock reconvergence pessimism
                         -2.00   -1.75   output external delay
                                 -1.75   data required time
-----------------------------------------------------------------------------
                                 -1.75   data required time
                                 -2.50   data arrival time
-----------------------------------------------------------------------------
                                  4.25   slack (MET)


Startpoint: opcode[1] (input port clocked by __VIRTUAL_CLK__)
Endpoint: out[5] (output port clocked by __VIRTUAL_CLK__)
Path Group: __VIRTUAL_CLK__
Path Type: min

Fanout     Cap    Slew   Delay    Time   Description
-----------------------------------------------------------------------------
                  0.00    0.00    0.00   clock __VIRTUAL_CLK__ (rise edge)
                          0.00    0.00   clock network delay (ideal)
                          2.00    2.00 ^ input external delay
     1    0.00    0.02    0.01    2.01 ^ opcode[1] (in)
                                         opcode[1] (net)
                  0.02    0.00    2.01 ^ input18/A (sky130_fd_sc_hd__buf_4)
     6    0.01    0.05    0.10    2.11 ^ input18/X (sky130_fd_sc_hd__buf_4)
                                         net18 (net)
                  0.05    0.00    2.11 ^ _127_/B (sky130_fd_sc_hd__nor2_1)
     4    0.01    0.06    0.06    2.17 v _127_/Y (sky130_fd_sc_hd__nor2_1)
                                         _058_ (net)
                  0.06    0.00    2.17 v _174_/A1 (sky130_fd_sc_hd__a31o_1)
     2    0.00    0.03    0.16    2.33 v _174_/X (sky130_fd_sc_hd__a31o_1)
                                         net25 (net)
                  0.03    0.00    2.33 v output25/A (sky130_fd_sc_hd__buf_2)
     1    0.03    0.09    0.17    2.50 v output25/X (sky130_fd_sc_hd__buf_2)
                                         out[5] (net)
                  0.09    0.00    2.50 v out[5] (out)
                                  2.50   data arrival time

                  0.00    0.00    0.00   clock __VIRTUAL_CLK__ (rise edge)
                          0.00    0.00   clock network delay (ideal)
                          0.25    0.25   clock uncertainty
                          0.00    0.25   clock reconvergence pessimism
                         -2.00   -1.75   output external delay
                                 -1.75   data required time
-----------------------------------------------------------------------------
                                 -1.75   data required time
                                 -2.50   data arrival time
-----------------------------------------------------------------------------
                                  4.25   slack (MET)


Startpoint: opcode[1] (input port clocked by __VIRTUAL_CLK__)
Endpoint: out[7] (output port clocked by __VIRTUAL_CLK__)
Path Group: __VIRTUAL_CLK__
Path Type: min

Fanout     Cap    Slew   Delay    Time   Description
-----------------------------------------------------------------------------
                  0.00    0.00    0.00   clock __VIRTUAL_CLK__ (rise edge)
                          0.00    0.00   clock network delay (ideal)
                          2.00    2.00 ^ input external delay
     1    0.00    0.02    0.01    2.01 ^ opcode[1] (in)
                                         opcode[1] (net)
                  0.02    0.00    2.01 ^ input18/A (sky130_fd_sc_hd__buf_4)
     6    0.01    0.05    0.10    2.11 ^ input18/X (sky130_fd_sc_hd__buf_4)
                                         net18 (net)
                  0.05    0.00    2.11 ^ _127_/B (sky130_fd_sc_hd__nor2_1)
     4    0.01    0.06    0.06    2.17 v _127_/Y (sky130_fd_sc_hd__nor2_1)
                                         _058_ (net)
                  0.06    0.00    2.17 v _199_/A3 (sky130_fd_sc_hd__a31o_4)
     1    0.00    0.04    0.22    2.40 v _199_/X (sky130_fd_sc_hd__a31o_4)
                                         net27 (net)
                  0.04    0.00    2.40 v output27/A (sky130_fd_sc_hd__buf_6)
     1    0.03    0.04    0.13    2.52 v output27/X (sky130_fd_sc_hd__buf_6)
                                         out[7] (net)
                  0.04    0.00    2.52 v out[7] (out)
                                  2.52   data arrival time

                  0.00    0.00    0.00   clock __VIRTUAL_CLK__ (rise edge)
                          0.00    0.00   clock network delay (ideal)
                          0.25    0.25   clock uncertainty
                          0.00    0.25   clock reconvergence pessimism
                         -2.00   -1.75   output external delay
                                 -1.75   data required time
-----------------------------------------------------------------------------
                                 -1.75   data required time
                                 -2.52   data arrival time
-----------------------------------------------------------------------------
                                  4.27   slack (MET)


Startpoint: A[1] (input port clocked by __VIRTUAL_CLK__)
Endpoint: out[1] (output port clocked by __VIRTUAL_CLK__)
Path Group: __VIRTUAL_CLK__
Path Type: min

Fanout     Cap    Slew   Delay    Time   Description
-----------------------------------------------------------------------------
                  0.00    0.00    0.00   clock __VIRTUAL_CLK__ (rise edge)
                          0.00    0.00   clock network delay (ideal)
                          2.00    2.00 v input external delay
     1    0.00    0.01    0.00    2.00 v A[1] (in)
                                         A[1] (net)
                  0.01    0.00    2.00 v input2/A (sky130_fd_sc_hd__clkbuf_2)
     6    0.02    0.07    0.11    2.12 v input2/X (sky130_fd_sc_hd__clkbuf_2)
                                         net2 (net)
                  0.07    0.00    2.12 v _112_/B1 (sky130_fd_sc_hd__o21ai_2)
     3    0.01    0.07    0.07    2.19 ^ _112_/Y (sky130_fd_sc_hd__o21ai_2)
                                         _044_ (net)
                  0.07    0.00    2.19 ^ _115_/A2 (sky130_fd_sc_hd__a31o_1)
     1    0.00    0.04    0.13    2.32 ^ _115_/X (sky130_fd_sc_hd__a31o_1)
                                         _047_ (net)
                  0.04    0.00    2.32 ^ _121_/A2 (sky130_fd_sc_hd__o21bai_1)
     1    0.00    0.03    0.05    2.36 v _121_/Y (sky130_fd_sc_hd__o21bai_1)
                                         net21 (net)
                  0.03    0.00    2.36 v output21/A (sky130_fd_sc_hd__buf_2)
     1    0.03    0.09    0.16    2.52 v output21/X (sky130_fd_sc_hd__buf_2)
                                         out[1] (net)
                  0.09    0.00    2.52 v out[1] (out)
                                  2.52   data arrival time

                  0.00    0.00    0.00   clock __VIRTUAL_CLK__ (rise edge)
                          0.00    0.00   clock network delay (ideal)
                          0.25    0.25   clock uncertainty
                          0.00    0.25   clock reconvergence pessimism
                         -2.00   -1.75   output external delay
                                 -1.75   data required time
-----------------------------------------------------------------------------
                                 -1.75   data required time
                                 -2.52   data arrival time
-----------------------------------------------------------------------------
                                  4.27   slack (MET)


Startpoint: A[6] (input port clocked by __VIRTUAL_CLK__)
Endpoint: out[6] (output port clocked by __VIRTUAL_CLK__)
Path Group: __VIRTUAL_CLK__
Path Type: min

Fanout     Cap    Slew   Delay    Time   Description
-----------------------------------------------------------------------------
                  0.00    0.00    0.00   clock __VIRTUAL_CLK__ (rise edge)
                          0.00    0.00   clock network delay (ideal)
                          2.00    2.00 ^ input external delay
     1    0.00    0.02    0.01    2.01 ^ A[6] (in)
                                         A[6] (net)
                  0.02    0.00    2.01 ^ input7/A (sky130_fd_sc_hd__clkbuf_2)
     6    0.02    0.10    0.12    2.13 ^ input7/X (sky130_fd_sc_hd__clkbuf_2)
                                         net7 (net)
                  0.10    0.00    2.13 ^ _186_/A1 (sky130_fd_sc_hd__a311o_1)
     1    0.00    0.05    0.15    2.28 ^ _186_/X (sky130_fd_sc_hd__a311o_1)
                                         _017_ (net)
                  0.05    0.00    2.28 ^ _187_/B1 (sky130_fd_sc_hd__a21o_1)
     1    0.00    0.03    0.07    2.35 ^ _187_/X (sky130_fd_sc_hd__a21o_1)
                                         net26 (net)
                  0.03    0.00    2.35 ^ output26/A (sky130_fd_sc_hd__buf_2)
     1    0.03    0.17    0.18    2.53 ^ output26/X (sky130_fd_sc_hd__buf_2)
                                         out[6] (net)
                  0.17    0.00    2.53 ^ out[6] (out)
                                  2.53   data arrival time

                  0.00    0.00    0.00   clock __VIRTUAL_CLK__ (rise edge)
                          0.00    0.00   clock network delay (ideal)
                          0.25    0.25   clock uncertainty
                          0.00    0.25   clock reconvergence pessimism
                         -2.00   -1.75   output external delay
                                 -1.75   data required time
-----------------------------------------------------------------------------
                                 -1.75   data required time
                                 -2.53   data arrival time
-----------------------------------------------------------------------------
                                  4.28   slack (MET)



worst slack corner Typical: 4.1927
min_report_end
max_report

===========================================================================
report_checks -path_delay max (Setup)
============================================================================
======================= Typical Corner ===================================

Startpoint: opcode[1] (input port clocked by __VIRTUAL_CLK__)
Endpoint: out[7] (output port clocked by __VIRTUAL_CLK__)
Path Group: __VIRTUAL_CLK__
Path Type: max

Fanout     Cap    Slew   Delay    Time   Description
-----------------------------------------------------------------------------
                  0.00    0.00    0.00   clock __VIRTUAL_CLK__ (rise edge)
                          0.00    0.00   clock network delay (ideal)
                          2.00    2.00 v input external delay
     1    0.00    0.01    0.00    2.00 v opcode[1] (in)
                                         opcode[1] (net)
                  0.01    0.00    2.00 v input18/A (sky130_fd_sc_hd__buf_4)
     6    0.01    0.04    0.13    2.14 v input18/X (sky130_fd_sc_hd__buf_4)
                                         net18 (net)
                  0.04    0.00    2.14 v _108_/A (sky130_fd_sc_hd__or3b_4)
     2    0.01    0.07    0.41    2.54 v _108_/X (sky130_fd_sc_hd__or3b_4)
                                         _040_ (net)
                  0.07    0.00    2.54 v _109_/A (sky130_fd_sc_hd__buf_6)
     5    0.01    0.03    0.13    2.68 v _109_/X (sky130_fd_sc_hd__buf_6)
                                         _041_ (net)
                  0.03    0.00    2.68 v _111_/A (sky130_fd_sc_hd__and3_1)
     2    0.01    0.05    0.16    2.83 v _111_/X (sky130_fd_sc_hd__and3_1)
                                         _043_ (net)
                  0.05    0.00    2.83 v _113_/C (sky130_fd_sc_hd__or3_4)
     3    0.01    0.07    0.36    3.19 v _113_/X (sky130_fd_sc_hd__or3_4)
                                         _045_ (net)
                  0.07    0.00    3.19 v _122_/A2 (sky130_fd_sc_hd__a21bo_4)
     3    0.01    0.04    0.23    3.42 v _122_/X (sky130_fd_sc_hd__a21bo_4)
                                         _053_ (net)
                  0.04    0.00    3.42 v _158_/A1 (sky130_fd_sc_hd__a31o_1)
     2    0.00    0.05    0.18    3.61 v _158_/X (sky130_fd_sc_hd__a31o_1)
                                         _087_ (net)
                  0.05    0.00    3.61 v _160_/A (sky130_fd_sc_hd__and2_4)
     5    0.01    0.04    0.15    3.76 v _160_/X (sky130_fd_sc_hd__and2_4)
                                         _089_ (net)
                  0.04    0.00    3.76 v _181_/A3 (sky130_fd_sc_hd__o311a_4)
     3    0.01    0.06    0.32    4.08 v _181_/X (sky130_fd_sc_hd__o311a_4)
                                         _012_ (net)
                  0.06    0.00    4.08 v _195_/B (sky130_fd_sc_hd__or3_4)
     1    0.00    0.06    0.38    4.46 v _195_/X (sky130_fd_sc_hd__or3_4)
                                         _025_ (net)
                  0.06    0.00    4.46 v _199_/A1 (sky130_fd_sc_hd__a31o_4)
     1    0.00    0.04    0.23    4.69 v _199_/X (sky130_fd_sc_hd__a31o_4)
                                         net27 (net)
                  0.04    0.00    4.69 v output27/A (sky130_fd_sc_hd__buf_6)
     1    0.03    0.04    0.14    4.83 v output27/X (sky130_fd_sc_hd__buf_6)
                                         out[7] (net)
                  0.04    0.00    4.83 v out[7] (out)
                                  4.83   data arrival time

                  0.00   10.00   10.00   clock __VIRTUAL_CLK__ (rise edge)
                          0.00   10.00   clock network delay (ideal)
                         -0.25    9.75   clock uncertainty
                          0.00    9.75   clock reconvergence pessimism
                         -2.00    7.75   output external delay
                                  7.75   data required time
-----------------------------------------------------------------------------
                                  7.75   data required time
                                 -4.83   data arrival time
-----------------------------------------------------------------------------
                                  2.92   slack (MET)


Startpoint: opcode[1] (input port clocked by __VIRTUAL_CLK__)
Endpoint: out[6] (output port clocked by __VIRTUAL_CLK__)
Path Group: __VIRTUAL_CLK__
Path Type: max

Fanout     Cap    Slew   Delay    Time   Description
-----------------------------------------------------------------------------
                  0.00    0.00    0.00   clock __VIRTUAL_CLK__ (rise edge)
                          0.00    0.00   clock network delay (ideal)
                          2.00    2.00 v input external delay
     1    0.00    0.01    0.00    2.00 v opcode[1] (in)
                                         opcode[1] (net)
                  0.01    0.00    2.00 v input18/A (sky130_fd_sc_hd__buf_4)
     6    0.01    0.04    0.13    2.14 v input18/X (sky130_fd_sc_hd__buf_4)
                                         net18 (net)
                  0.04    0.00    2.14 v _108_/A (sky130_fd_sc_hd__or3b_4)
     2    0.01    0.07    0.41    2.54 v _108_/X (sky130_fd_sc_hd__or3b_4)
                                         _040_ (net)
                  0.07    0.00    2.54 v _109_/A (sky130_fd_sc_hd__buf_6)
     5    0.01    0.03    0.13    2.68 v _109_/X (sky130_fd_sc_hd__buf_6)
                                         _041_ (net)
                  0.03    0.00    2.68 v _111_/A (sky130_fd_sc_hd__and3_1)
     2    0.01    0.05    0.16    2.83 v _111_/X (sky130_fd_sc_hd__and3_1)
                                         _043_ (net)
                  0.05    0.00    2.83 v _113_/C (sky130_fd_sc_hd__or3_4)
     3    0.01    0.07    0.36    3.19 v _113_/X (sky130_fd_sc_hd__or3_4)
                                         _045_ (net)
                  0.07    0.00    3.19 v _122_/A2 (sky130_fd_sc_hd__a21bo_4)
     3    0.01    0.04    0.23    3.42 v _122_/X (sky130_fd_sc_hd__a21bo_4)
                                         _053_ (net)
                  0.04    0.00    3.42 v _158_/A1 (sky130_fd_sc_hd__a31o_1)
     2    0.00    0.05    0.18    3.61 v _158_/X (sky130_fd_sc_hd__a31o_1)
                                         _087_ (net)
                  0.05    0.00    3.61 v _160_/A (sky130_fd_sc_hd__and2_4)
     5    0.01    0.04    0.15    3.76 v _160_/X (sky130_fd_sc_hd__and2_4)
                                         _089_ (net)
                  0.04    0.00    3.76 v _179_/A2 (sky130_fd_sc_hd__o31a_1)
     1    0.00    0.04    0.27    4.03 v _179_/X (sky130_fd_sc_hd__o31a_1)
                                         _010_ (net)
                  0.04    0.00    4.03 v _180_/B (sky130_fd_sc_hd__or2_1)
     1    0.00    0.05    0.21    4.23 v _180_/X (sky130_fd_sc_hd__or2_1)
                                         _011_ (net)
                  0.05    0.00    4.23 v _187_/A1 (sky130_fd_sc_hd__a21o_1)
     1    0.00    0.03    0.15    4.39 v _187_/X (sky130_fd_sc_hd__a21o_1)
                                         net26 (net)
                  0.03    0.00    4.39 v output26/A (sky130_fd_sc_hd__buf_2)
     1    0.03    0.09    0.18    4.57 v output26/X (sky130_fd_sc_hd__buf_2)
                                         out[6] (net)
                  0.09    0.00    4.57 v out[6] (out)
                                  4.57   data arrival time

                  0.00   10.00   10.00   clock __VIRTUAL_CLK__ (rise edge)
                          0.00   10.00   clock network delay (ideal)
                         -0.25    9.75   clock uncertainty
                          0.00    9.75   clock reconvergence pessimism
                         -2.00    7.75   output external delay
                                  7.75   data required time
-----------------------------------------------------------------------------
                                  7.75   data required time
                                 -4.57   data arrival time
-----------------------------------------------------------------------------
                                  3.18   slack (MET)


Startpoint: opcode[1] (input port clocked by __VIRTUAL_CLK__)
Endpoint: out[5] (output port clocked by __VIRTUAL_CLK__)
Path Group: __VIRTUAL_CLK__
Path Type: max

Fanout     Cap    Slew   Delay    Time   Description
-----------------------------------------------------------------------------
                  0.00    0.00    0.00   clock __VIRTUAL_CLK__ (rise edge)
                          0.00    0.00   clock network delay (ideal)
                          2.00    2.00 v input external delay
     1    0.00    0.01    0.00    2.00 v opcode[1] (in)
                                         opcode[1] (net)
                  0.01    0.00    2.00 v input18/A (sky130_fd_sc_hd__buf_4)
     6    0.01    0.04    0.13    2.14 v input18/X (sky130_fd_sc_hd__buf_4)
                                         net18 (net)
                  0.04    0.00    2.14 v _108_/A (sky130_fd_sc_hd__or3b_4)
     2    0.01    0.07    0.41    2.54 v _108_/X (sky130_fd_sc_hd__or3b_4)
                                         _040_ (net)
                  0.07    0.00    2.54 v _109_/A (sky130_fd_sc_hd__buf_6)
     5    0.01    0.03    0.13    2.68 v _109_/X (sky130_fd_sc_hd__buf_6)
                                         _041_ (net)
                  0.03    0.00    2.68 v _111_/A (sky130_fd_sc_hd__and3_1)
     2    0.01    0.05    0.16    2.83 v _111_/X (sky130_fd_sc_hd__and3_1)
                                         _043_ (net)
                  0.05    0.00    2.83 v _113_/C (sky130_fd_sc_hd__or3_4)
     3    0.01    0.07    0.36    3.19 v _113_/X (sky130_fd_sc_hd__or3_4)
                                         _045_ (net)
                  0.07    0.00    3.19 v _122_/A2 (sky130_fd_sc_hd__a21bo_4)
     3    0.01    0.04    0.23    3.42 v _122_/X (sky130_fd_sc_hd__a21bo_4)
                                         _053_ (net)
                  0.04    0.00    3.42 v _158_/A1 (sky130_fd_sc_hd__a31o_1)
     2    0.00    0.05    0.18    3.61 v _158_/X (sky130_fd_sc_hd__a31o_1)
                                         _087_ (net)
                  0.05    0.00    3.61 v _160_/A (sky130_fd_sc_hd__and2_4)
     5    0.01    0.04    0.15    3.76 v _160_/X (sky130_fd_sc_hd__and2_4)
                                         _089_ (net)
                  0.04    0.00    3.76 v _168_/C1 (sky130_fd_sc_hd__a211o_1)
     1    0.00    0.05    0.23    3.99 v _168_/X (sky130_fd_sc_hd__a211o_1)
                                         _000_ (net)
                  0.05    0.00    3.99 v _174_/A2 (sky130_fd_sc_hd__a31o_1)
     2    0.00    0.04    0.21    4.19 v _174_/X (sky130_fd_sc_hd__a31o_1)
                                         net25 (net)
                  0.04    0.00    4.19 v output25/A (sky130_fd_sc_hd__buf_2)
     1    0.03    0.09    0.18    4.38 v output25/X (sky130_fd_sc_hd__buf_2)
                                         out[5] (net)
                  0.09    0.00    4.38 v out[5] (out)
                                  4.38   data arrival time

                  0.00   10.00   10.00   clock __VIRTUAL_CLK__ (rise edge)
                          0.00   10.00   clock network delay (ideal)
                         -0.25    9.75   clock uncertainty
                          0.00    9.75   clock reconvergence pessimism
                         -2.00    7.75   output external delay
                                  7.75   data required time
-----------------------------------------------------------------------------
                                  7.75   data required time
                                 -4.38   data arrival time
-----------------------------------------------------------------------------
                                  3.37   slack (MET)


Startpoint: opcode[1] (input port clocked by __VIRTUAL_CLK__)
Endpoint: out[4] (output port clocked by __VIRTUAL_CLK__)
Path Group: __VIRTUAL_CLK__
Path Type: max

Fanout     Cap    Slew   Delay    Time   Description
-----------------------------------------------------------------------------
                  0.00    0.00    0.00   clock __VIRTUAL_CLK__ (rise edge)
                          0.00    0.00   clock network delay (ideal)
                          2.00    2.00 v input external delay
     1    0.00    0.01    0.00    2.00 v opcode[1] (in)
                                         opcode[1] (net)
                  0.01    0.00    2.00 v input18/A (sky130_fd_sc_hd__buf_4)
     6    0.01    0.04    0.13    2.14 v input18/X (sky130_fd_sc_hd__buf_4)
                                         net18 (net)
                  0.04    0.00    2.14 v _108_/A (sky130_fd_sc_hd__or3b_4)
     2    0.01    0.07    0.41    2.54 v _108_/X (sky130_fd_sc_hd__or3b_4)
                                         _040_ (net)
                  0.07    0.00    2.54 v _109_/A (sky130_fd_sc_hd__buf_6)
     5    0.01    0.03    0.13    2.68 v _109_/X (sky130_fd_sc_hd__buf_6)
                                         _041_ (net)
                  0.03    0.00    2.68 v _111_/A (sky130_fd_sc_hd__and3_1)
     2    0.01    0.05    0.16    2.83 v _111_/X (sky130_fd_sc_hd__and3_1)
                                         _043_ (net)
                  0.05    0.00    2.83 v _113_/C (sky130_fd_sc_hd__or3_4)
     3    0.01    0.07    0.36    3.19 v _113_/X (sky130_fd_sc_hd__or3_4)
                                         _045_ (net)
                  0.07    0.00    3.19 v _122_/A2 (sky130_fd_sc_hd__a21bo_4)
     3    0.01    0.04    0.23    3.42 v _122_/X (sky130_fd_sc_hd__a21bo_4)
                                         _053_ (net)
                  0.04    0.00    3.42 v _158_/A1 (sky130_fd_sc_hd__a31o_1)
     2    0.00    0.05    0.18    3.61 v _158_/X (sky130_fd_sc_hd__a31o_1)
                                         _087_ (net)
                  0.05    0.00    3.61 v _160_/A (sky130_fd_sc_hd__and2_4)
     5    0.01    0.04    0.15    3.76 v _160_/X (sky130_fd_sc_hd__and2_4)
                                         _089_ (net)
                  0.04    0.00    3.76 v _161_/A3 (sky130_fd_sc_hd__o32a_1)
     1    0.00    0.05    0.29    4.05 v _161_/X (sky130_fd_sc_hd__o32a_1)
                                         _090_ (net)
                  0.05    0.00    4.05 v _162_/B (sky130_fd_sc_hd__nand2_1)
     1    0.00    0.04    0.06    4.11 ^ _162_/Y (sky130_fd_sc_hd__nand2_1)
                                         net24 (net)
                  0.04    0.00    4.11 ^ output24/A (sky130_fd_sc_hd__buf_2)
     1    0.03    0.17    0.20    4.31 ^ output24/X (sky130_fd_sc_hd__buf_2)
                                         out[4] (net)
                  0.17    0.00    4.31 ^ out[4] (out)
                                  4.31   data arrival time

                  0.00   10.00   10.00   clock __VIRTUAL_CLK__ (rise edge)
                          0.00   10.00   clock network delay (ideal)
                         -0.25    9.75   clock uncertainty
                          0.00    9.75   clock reconvergence pessimism
                         -2.00    7.75   output external delay
                                  7.75   data required time
-----------------------------------------------------------------------------
                                  7.75   data required time
                                 -4.31   data arrival time
-----------------------------------------------------------------------------
                                  3.44   slack (MET)


Startpoint: opcode[1] (input port clocked by __VIRTUAL_CLK__)
Endpoint: out[3] (output port clocked by __VIRTUAL_CLK__)
Path Group: __VIRTUAL_CLK__
Path Type: max

Fanout     Cap    Slew   Delay    Time   Description
-----------------------------------------------------------------------------
                  0.00    0.00    0.00   clock __VIRTUAL_CLK__ (rise edge)
                          0.00    0.00   clock network delay (ideal)
                          2.00    2.00 v input external delay
     1    0.00    0.01    0.00    2.00 v opcode[1] (in)
                                         opcode[1] (net)
                  0.01    0.00    2.00 v input18/A (sky130_fd_sc_hd__buf_4)
     6    0.01    0.04    0.13    2.14 v input18/X (sky130_fd_sc_hd__buf_4)
                                         net18 (net)
                  0.04    0.00    2.14 v _108_/A (sky130_fd_sc_hd__or3b_4)
     2    0.01    0.07    0.41    2.54 v _108_/X (sky130_fd_sc_hd__or3b_4)
                                         _040_ (net)
                  0.07    0.00    2.54 v _109_/A (sky130_fd_sc_hd__buf_6)
     5    0.01    0.03    0.13    2.68 v _109_/X (sky130_fd_sc_hd__buf_6)
                                         _041_ (net)
                  0.03    0.00    2.68 v _111_/A (sky130_fd_sc_hd__and3_1)
     2    0.01    0.05    0.16    2.83 v _111_/X (sky130_fd_sc_hd__and3_1)
                                         _043_ (net)
                  0.05    0.00    2.83 v _113_/C (sky130_fd_sc_hd__or3_4)
     3    0.01    0.07    0.36    3.19 v _113_/X (sky130_fd_sc_hd__or3_4)
                                         _045_ (net)
                  0.07    0.00    3.19 v _122_/A2 (sky130_fd_sc_hd__a21bo_4)
     3    0.01    0.04    0.23    3.42 v _122_/X (sky130_fd_sc_hd__a21bo_4)
                                         _053_ (net)
                  0.04    0.00    3.42 v _126_/A (sky130_fd_sc_hd__and2_1)
     2    0.00    0.04    0.14    3.57 v _126_/X (sky130_fd_sc_hd__and2_1)
                                         _057_ (net)
                  0.04    0.00    3.57 v _140_/B1 (sky130_fd_sc_hd__a21oi_1)
     1    0.00    0.14    0.14    3.71 ^ _140_/Y (sky130_fd_sc_hd__a21oi_1)
                                         _070_ (net)
                  0.14    0.00    3.71 ^ _141_/B (sky130_fd_sc_hd__xnor2_1)
     1    0.00    0.05    0.08    3.79 v _141_/Y (sky130_fd_sc_hd__xnor2_1)
                                         _071_ (net)
                  0.05    0.00    3.79 v _146_/A2 (sky130_fd_sc_hd__a211o_1)
     1    0.00    0.04    0.29    4.08 v _146_/X (sky130_fd_sc_hd__a211o_1)
                                         net23 (net)
                  0.04    0.00    4.08 v output23/A (sky130_fd_sc_hd__buf_2)
     1    0.03    0.09    0.19    4.26 v output23/X (sky130_fd_sc_hd__buf_2)
                                         out[3] (net)
                  0.09    0.00    4.26 v out[3] (out)
                                  4.26   data arrival time

                  0.00   10.00   10.00   clock __VIRTUAL_CLK__ (rise edge)
                          0.00   10.00   clock network delay (ideal)
                         -0.25    9.75   clock uncertainty
                          0.00    9.75   clock reconvergence pessimism
                         -2.00    7.75   output external delay
                                  7.75   data required time
-----------------------------------------------------------------------------
                                  7.75   data required time
                                 -4.26   data arrival time
-----------------------------------------------------------------------------
                                  3.49   slack (MET)


Startpoint: opcode[1] (input port clocked by __VIRTUAL_CLK__)
Endpoint: out[2] (output port clocked by __VIRTUAL_CLK__)
Path Group: __VIRTUAL_CLK__
Path Type: max

Fanout     Cap    Slew   Delay    Time   Description
-----------------------------------------------------------------------------
                  0.00    0.00    0.00   clock __VIRTUAL_CLK__ (rise edge)
                          0.00    0.00   clock network delay (ideal)
                          2.00    2.00 v input external delay
     1    0.00    0.01    0.00    2.00 v opcode[1] (in)
                                         opcode[1] (net)
                  0.01    0.00    2.00 v input18/A (sky130_fd_sc_hd__buf_4)
     6    0.01    0.04    0.13    2.14 v input18/X (sky130_fd_sc_hd__buf_4)
                                         net18 (net)
                  0.04    0.00    2.14 v _108_/A (sky130_fd_sc_hd__or3b_4)
     2    0.01    0.07    0.41    2.54 v _108_/X (sky130_fd_sc_hd__or3b_4)
                                         _040_ (net)
                  0.07    0.00    2.54 v _109_/A (sky130_fd_sc_hd__buf_6)
     5    0.01    0.03    0.13    2.68 v _109_/X (sky130_fd_sc_hd__buf_6)
                                         _041_ (net)
                  0.03    0.00    2.68 v _111_/A (sky130_fd_sc_hd__and3_1)
     2    0.01    0.05    0.16    2.83 v _111_/X (sky130_fd_sc_hd__and3_1)
                                         _043_ (net)
                  0.05    0.00    2.83 v _113_/C (sky130_fd_sc_hd__or3_4)
     3    0.01    0.07    0.36    3.19 v _113_/X (sky130_fd_sc_hd__or3_4)
                                         _045_ (net)
                  0.07    0.00    3.19 v _122_/A2 (sky130_fd_sc_hd__a21bo_4)
     3    0.01    0.04    0.23    3.42 v _122_/X (sky130_fd_sc_hd__a21bo_4)
                                         _053_ (net)
                  0.04    0.00    3.42 v _126_/A (sky130_fd_sc_hd__and2_1)
     2    0.00    0.04    0.14    3.57 v _126_/X (sky130_fd_sc_hd__and2_1)
                                         _057_ (net)
                  0.04    0.00    3.57 v _133_/A1 (sky130_fd_sc_hd__o21bai_1)
     1    0.00    0.09    0.12    3.69 ^ _133_/Y (sky130_fd_sc_hd__o21bai_1)
                                         net22 (net)
                  0.09    0.00    3.69 ^ output22/A (sky130_fd_sc_hd__buf_2)
     1    0.03    0.17    0.22    3.91 ^ output22/X (sky130_fd_sc_hd__buf_2)
                                         out[2] (net)
                  0.17    0.00    3.91 ^ out[2] (out)
                                  3.91   data arrival time

                  0.00   10.00   10.00   clock __VIRTUAL_CLK__ (rise edge)
                          0.00   10.00   clock network delay (ideal)
                         -0.25    9.75   clock uncertainty
                          0.00    9.75   clock reconvergence pessimism
                         -2.00    7.75   output external delay
                                  7.75   data required time
-----------------------------------------------------------------------------
                                  7.75   data required time
                                 -3.91   data arrival time
-----------------------------------------------------------------------------
                                  3.84   slack (MET)


Startpoint: opcode[1] (input port clocked by __VIRTUAL_CLK__)
Endpoint: out[1] (output port clocked by __VIRTUAL_CLK__)
Path Group: __VIRTUAL_CLK__
Path Type: max

Fanout     Cap    Slew   Delay    Time   Description
-----------------------------------------------------------------------------
                  0.00    0.00    0.00   clock __VIRTUAL_CLK__ (rise edge)
                          0.00    0.00   clock network delay (ideal)
                          2.00    2.00 v input external delay
     1    0.00    0.01    0.00    2.00 v opcode[1] (in)
                                         opcode[1] (net)
                  0.01    0.00    2.00 v input18/A (sky130_fd_sc_hd__buf_4)
     6    0.01    0.04    0.13    2.14 v input18/X (sky130_fd_sc_hd__buf_4)
                                         net18 (net)
                  0.04    0.00    2.14 v _108_/A (sky130_fd_sc_hd__or3b_4)
     2    0.01    0.07    0.41    2.54 v _108_/X (sky130_fd_sc_hd__or3b_4)
                                         _040_ (net)
                  0.07    0.00    2.54 v _109_/A (sky130_fd_sc_hd__buf_6)
     5    0.01    0.03    0.13    2.68 v _109_/X (sky130_fd_sc_hd__buf_6)
                                         _041_ (net)
                  0.03    0.00    2.68 v _111_/A (sky130_fd_sc_hd__and3_1)
     2    0.01    0.05    0.16    2.83 v _111_/X (sky130_fd_sc_hd__and3_1)
                                         _043_ (net)
                  0.05    0.00    2.83 v _113_/C (sky130_fd_sc_hd__or3_4)
     3    0.01    0.07    0.36    3.19 v _113_/X (sky130_fd_sc_hd__or3_4)
                                         _045_ (net)
                  0.07    0.00    3.19 v _115_/A3 (sky130_fd_sc_hd__a31o_1)
     1    0.00    0.03    0.23    3.42 v _115_/X (sky130_fd_sc_hd__a31o_1)
                                         _047_ (net)
                  0.03    0.00    3.42 v _121_/A2 (sky130_fd_sc_hd__o21bai_1)
     1    0.00    0.09    0.10    3.52 ^ _121_/Y (sky130_fd_sc_hd__o21bai_1)
                                         net21 (net)
                  0.09    0.00    3.52 ^ output21/A (sky130_fd_sc_hd__buf_2)
     1    0.03    0.17    0.22    3.74 ^ output21/X (sky130_fd_sc_hd__buf_2)
                                         out[1] (net)
                  0.17    0.00    3.74 ^ out[1] (out)
                                  3.74   data arrival time

                  0.00   10.00   10.00   clock __VIRTUAL_CLK__ (rise edge)
                          0.00   10.00   clock network delay (ideal)
                         -0.25    9.75   clock uncertainty
                          0.00    9.75   clock reconvergence pessimism
                         -2.00    7.75   output external delay
                                  7.75   data required time
-----------------------------------------------------------------------------
                                  7.75   data required time
                                 -3.74   data arrival time
-----------------------------------------------------------------------------
                                  4.01   slack (MET)


Startpoint: opcode[1] (input port clocked by __VIRTUAL_CLK__)
Endpoint: out[0] (output port clocked by __VIRTUAL_CLK__)
Path Group: __VIRTUAL_CLK__
Path Type: max

Fanout     Cap    Slew   Delay    Time   Description
-----------------------------------------------------------------------------
                  0.00    0.00    0.00   clock __VIRTUAL_CLK__ (rise edge)
                          0.00    0.00   clock network delay (ideal)
                          2.00    2.00 v input external delay
     1    0.00    0.01    0.00    2.00 v opcode[1] (in)
                                         opcode[1] (net)
                  0.01    0.00    2.00 v input18/A (sky130_fd_sc_hd__buf_4)
     6    0.01    0.04    0.13    2.14 v input18/X (sky130_fd_sc_hd__buf_4)
                                         net18 (net)
                  0.04    0.00    2.14 v _099_/A (sky130_fd_sc_hd__or3b_1)
     1    0.00    0.06    0.37    2.50 v _099_/X (sky130_fd_sc_hd__or3b_1)
                                         _032_ (net)
                  0.06    0.00    2.50 v _100_/A (sky130_fd_sc_hd__buf_2)
     8    0.02    0.06    0.16    2.67 v _100_/X (sky130_fd_sc_hd__buf_2)
                                         _033_ (net)
                  0.06    0.00    2.67 v _106_/A2 (sky130_fd_sc_hd__o21ai_1)
     1    0.00    0.10    0.12    2.78 ^ _106_/Y (sky130_fd_sc_hd__o21ai_1)
                                         _039_ (net)
                  0.10    0.00    2.78 ^ _107_/B1 (sky130_fd_sc_hd__a31o_1)
     1    0.00    0.04    0.10    2.88 ^ _107_/X (sky130_fd_sc_hd__a31o_1)
                                         net20 (net)
                  0.04    0.00    2.88 ^ output20/A (sky130_fd_sc_hd__buf_2)
     1    0.03    0.17    0.20    3.09 ^ output20/X (sky130_fd_sc_hd__buf_2)
                                         out[0] (net)
                  0.17    0.00    3.09 ^ out[0] (out)
                                  3.09   data arrival time

                  0.00   10.00   10.00   clock __VIRTUAL_CLK__ (rise edge)
                          0.00   10.00   clock network delay (ideal)
                         -0.25    9.75   clock uncertainty
                          0.00    9.75   clock reconvergence pessimism
                         -2.00    7.75   output external delay
                                  7.75   data required time
-----------------------------------------------------------------------------
                                  7.75   data required time
                                 -3.09   data arrival time
-----------------------------------------------------------------------------
                                  4.66   slack (MET)



worst slack corner Typical: 2.9234
max_report_end
checks_report

===========================================================================
report_checks -unconstrained
===========================================================================
======================= Typical Corner ===================================

Startpoint: opcode[1] (input port clocked by __VIRTUAL_CLK__)
Endpoint: out[7] (output port clocked by __VIRTUAL_CLK__)
Path Group: __VIRTUAL_CLK__
Path Type: max

Fanout     Cap    Slew   Delay    Time   Description
-----------------------------------------------------------------------------
                  0.00    0.00    0.00   clock __VIRTUAL_CLK__ (rise edge)
                          0.00    0.00   clock network delay (ideal)
                          2.00    2.00 v input external delay
     1    0.00    0.01    0.00    2.00 v opcode[1] (in)
                                         opcode[1] (net)
                  0.01    0.00    2.00 v input18/A (sky130_fd_sc_hd__buf_4)
     6    0.01    0.04    0.13    2.14 v input18/X (sky130_fd_sc_hd__buf_4)
                                         net18 (net)
                  0.04    0.00    2.14 v _108_/A (sky130_fd_sc_hd__or3b_4)
     2    0.01    0.07    0.41    2.54 v _108_/X (sky130_fd_sc_hd__or3b_4)
                                         _040_ (net)
                  0.07    0.00    2.54 v _109_/A (sky130_fd_sc_hd__buf_6)
     5    0.01    0.03    0.13    2.68 v _109_/X (sky130_fd_sc_hd__buf_6)
                                         _041_ (net)
                  0.03    0.00    2.68 v _111_/A (sky130_fd_sc_hd__and3_1)
     2    0.01    0.05    0.16    2.83 v _111_/X (sky130_fd_sc_hd__and3_1)
                                         _043_ (net)
                  0.05    0.00    2.83 v _113_/C (sky130_fd_sc_hd__or3_4)
     3    0.01    0.07    0.36    3.19 v _113_/X (sky130_fd_sc_hd__or3_4)
                                         _045_ (net)
                  0.07    0.00    3.19 v _122_/A2 (sky130_fd_sc_hd__a21bo_4)
     3    0.01    0.04    0.23    3.42 v _122_/X (sky130_fd_sc_hd__a21bo_4)
                                         _053_ (net)
                  0.04    0.00    3.42 v _158_/A1 (sky130_fd_sc_hd__a31o_1)
     2    0.00    0.05    0.18    3.61 v _158_/X (sky130_fd_sc_hd__a31o_1)
                                         _087_ (net)
                  0.05    0.00    3.61 v _160_/A (sky130_fd_sc_hd__and2_4)
     5    0.01    0.04    0.15    3.76 v _160_/X (sky130_fd_sc_hd__and2_4)
                                         _089_ (net)
                  0.04    0.00    3.76 v _181_/A3 (sky130_fd_sc_hd__o311a_4)
     3    0.01    0.06    0.32    4.08 v _181_/X (sky130_fd_sc_hd__o311a_4)
                                         _012_ (net)
                  0.06    0.00    4.08 v _195_/B (sky130_fd_sc_hd__or3_4)
     1    0.00    0.06    0.38    4.46 v _195_/X (sky130_fd_sc_hd__or3_4)
                                         _025_ (net)
                  0.06    0.00    4.46 v _199_/A1 (sky130_fd_sc_hd__a31o_4)
     1    0.00    0.04    0.23    4.69 v _199_/X (sky130_fd_sc_hd__a31o_4)
                                         net27 (net)
                  0.04    0.00    4.69 v output27/A (sky130_fd_sc_hd__buf_6)
     1    0.03    0.04    0.14    4.83 v output27/X (sky130_fd_sc_hd__buf_6)
                                         out[7] (net)
                  0.04    0.00    4.83 v out[7] (out)
                                  4.83   data arrival time

                  0.00   10.00   10.00   clock __VIRTUAL_CLK__ (rise edge)
                          0.00   10.00   clock network delay (ideal)
                         -0.25    9.75   clock uncertainty
                          0.00    9.75   clock reconvergence pessimism
                         -2.00    7.75   output external delay
                                  7.75   data required time
-----------------------------------------------------------------------------
                                  7.75   data required time
                                 -4.83   data arrival time
-----------------------------------------------------------------------------
                                  2.92   slack (MET)




===========================================================================
report_checks --slack_max -0.01
============================================================================
======================= Typical Corner ===================================

No paths found.


===========================================================================
 report_check_types -max_slew -max_cap -max_fanout -violators
============================================================================
======================= Typical Corner ===================================


max slew violations count Typical: 0
max fanout violations count Typical: 0
max cap violations count Typical: 0

===========================================================================
report_parasitic_annotation -report_unannotated
============================================================================
Found 153 unannotated drivers.
 A[0]
 A[1]
 A[2]
 A[3]
 A[4]
 A[5]
 A[6]
 A[7]
 B[0]
 B[1]
 B[2]
 B[3]
 B[4]
 B[5]
 B[6]
 B[7]
 opcode[0]
 opcode[1]
 opcode[2]
 _096_/X
 _097_/Y
 _098_/X
 _099_/X
 _100_/X
 _101_/X
 _102_/Y
 _103_/X
 _104_/X
 _105_/X
 _106_/Y
 _107_/X
 _108_/X
 _109_/X
 _110_/Y
 _111_/X
 _112_/Y
 _113_/X
 _114_/Y
 _115_/X
 _116_/X
 _117_/Y
 _118_/X
 _119_/Y
 _120_/X
 _121_/Y
 _122_/X
 _123_/X
 _124_/Y
 _125_/X
 _126_/X
 _127_/Y
 _128_/Y
 _129_/Y
 _130_/X
 _131_/Y
 _132_/X
 _133_/Y
 _134_/X
 _135_/X
 _136_/Y
 _137_/Y
 _138_/X
 _139_/Y
 _140_/Y
 _141_/Y
 _142_/Y
 _143_/X
 _144_/Y
 _145_/X
 _146_/X
 _147_/X
 _148_/X
 _149_/Y
 _150_/X
 _151_/X
 _152_/Y
 _153_/X
 _154_/Y
 _155_/Y
 _156_/X
 _157_/X
 _158_/X
 _159_/Y
 _160_/X
 _161_/X
 _162_/Y
 _163_/X
 _164_/Y
 _165_/X
 _166_/X
 _167_/Y
 _168_/X
 _169_/Y
 _170_/Y
 _171_/X
 _172_/Y
 _173_/X
 _174_/X
 _175_/X
 _176_/Y
 _177_/X
 _178_/X
 _179_/X
 _180_/X
 _181_/X
 _182_/Y
 _183_/Y
 _184_/X
 _185_/Y
 _186_/X
 _187_/X
 _188_/X
 _189_/Y
 _190_/X
 _191_/Y
 _192_/Y
 _193_/Y
 _194_/Y
 _195_/X
 _196_/X
 _197_/Y
 _198_/X
 _199_/X
 clone1/X
 input1/X
 input10/X
 input11/X
 input12/X
 input13/X
 input14/X
 input15/X
 input16/X
 input17/X
 input18/X
 input19/X
 input2/X
 input3/X
 input4/X
 input5/X
 input6/X
 input7/X
 input8/X
 input9/X
 output20/X
 output21/X
 output22/X
 output23/X
 output24/X
 output25/X
 output26/X
 output27/X
 rebuffer2/X
 rebuffer3/X
Found 0 partially unannotated drivers.

===========================================================================
max slew violation count 0
max fanout violation count 0
max cap violation count 0
============================================================================

===========================================================================
check_setup -verbose -unconstrained_endpoints -multiple_clock -no_clock -no_input_delay -loops -generated_clocks
===========================================================================
checks_report_end
power_report

===========================================================================
 report_power
============================================================================
======================= Typical Corner ===================================

Group                  Internal  Switching    Leakage      Total
                          Power      Power      Power      Power (Watts)
----------------------------------------------------------------
Sequential             0.00e+00   0.00e+00   0.00e+00   0.00e+00   0.0%
Combinational          2.90e-05   2.89e-05   4.58e-10   5.79e-05 100.0%
Clock                  3.32e-12   0.00e+00   9.07e-11   9.40e-11   0.0%
Macro                  0.00e+00   0.00e+00   0.00e+00   0.00e+00   0.0%
Pad                    0.00e+00   0.00e+00   0.00e+00   0.00e+00   0.0%
----------------------------------------------------------------
Total                  2.90e-05   2.89e-05   5.49e-10   5.79e-05 100.0%
                          50.0%      50.0%       0.0%

power_report_end
summary_report

===========================================================================
report_tns
============================================================================
tns 0.00

===========================================================================
report_wns
============================================================================
wns 0.00

===========================================================================
report_worst_slack -max (Setup)
============================================================================
worst slack 2.92

===========================================================================
report_worst_slack -min (Hold)
============================================================================
worst slack 4.19
summary_report_end
area_report

===========================================================================
report_design_area
============================================================================
Design area 998 u^2 54% utilization.
area_report_end
check_nonpropagated_clocks
__VIRTUAL_CLK__
check_nonpropagated_clocks_end
[WARNING] Did not save OpenROAD database!
