
===========================================================================
 report_power
============================================================================
======================= Fastest Corner ===================================

Group                  Internal  Switching    Leakage      Total
                          Power      Power      Power      Power (Watts)
----------------------------------------------------------------
Sequential             1.42e-04   0.00e+00   3.00e-08   1.42e-04  39.6%
Combinational          2.37e-06   1.15e-05   8.68e-10   1.39e-05   3.9%
Clock                  1.40e-04   6.15e-05   1.10e-09   2.02e-04  56.5%
Macro                  0.00e+00   0.00e+00   0.00e+00   0.00e+00   0.0%
Pad                    0.00e+00   0.00e+00   0.00e+00   0.00e+00   0.0%
----------------------------------------------------------------
Total                  2.84e-04   7.30e-05   3.19e-08   3.57e-04 100.0%
                          79.6%      20.4%       0.0%

======================= Slowest Corner ===================================

Group                  Internal  Switching    Leakage      Total
                          Power      Power      Power      Power (Watts)
----------------------------------------------------------------
Sequential             9.35e-05   0.00e+00   5.67e-07   9.40e-05  38.5%
Combinational          1.61e-06   7.60e-06   7.89e-07   1.00e-05   4.1%
Clock                  1.00e-04   4.00e-05   1.33e-07   1.40e-04  57.4%
Macro                  0.00e+00   0.00e+00   0.00e+00   0.00e+00   0.0%
Pad                    0.00e+00   0.00e+00   0.00e+00   0.00e+00   0.0%
----------------------------------------------------------------
Total                  1.95e-04   4.76e-05   1.49e-06   2.44e-04 100.0%
                          79.9%      19.5%       0.6%

======================= Typical Corner ===================================

Group                  Internal  Switching    Leakage      Total
                          Power      Power      Power      Power (Watts)
----------------------------------------------------------------
Sequential             1.22e-04   0.00e+00   2.97e-08   1.22e-04  39.5%
Combinational          1.97e-06   9.78e-06   6.81e-10   1.17e-05   3.8%
Clock                  1.23e-04   5.15e-05   7.54e-10   1.74e-04  56.7%
Macro                  0.00e+00   0.00e+00   0.00e+00   0.00e+00   0.0%
Pad                    0.00e+00   0.00e+00   0.00e+00   0.00e+00   0.0%
----------------------------------------------------------------
Total                  2.46e-04   6.13e-05   3.11e-08   3.07e-04 100.0%
                          80.1%      19.9%       0.0%

