OpenROAD b16bda7e82721d10566ff7e2b68f1ff0be9f9e38 
Features included (+) or not (-): +Charts +GPU +GUI +Python
This program is licensed under the BSD-3 license. See the LICENSE file for details.
Components of this program may be licensed under more restrictive licenses which must be honored.
define_corners Typical
read_liberty -corner Typical /Users/onurakkaya/.volare/sky130A/libs.ref/sky130_fd_sc_hd/lib/sky130_fd_sc_hd__tt_025C_1v80.lib
Using 1e-12 for capacitance...
Using 1e+03 for resistance...
Using 1e-09 for time...
Using 1e+00 for voltage...
Using 1e-03 for current...
Using 1e-09 for power...
Using 1e-06 for distance...
[INFO]: Reading ODB at '/openlane/designs/lab4/runs/RUN_2025.06.04_20.56.52/results/routing/top.odb'…
Reading design constraints file at '/openlane/scripts/base.sdc'…
[INFO]: Setting output delay to: 2.0
[INFO]: Setting input delay to: 2.0
[INFO]: Setting load to: 0.033442
[INFO]: Setting clock uncertainty to: 0.25
[INFO]: Setting clock transition to: 0.15
[INFO]: Setting timing derate to: 5.0 %
Net: _1686_
  Pin: _5432_/A1 (sky130_fd_sc_hd__o211a_1)
    Layer: met3
      Partial area ratio:   43.33
      Required ratio:    0.00 (Gate area) 
      Partial area ratio:  233.01
      Required ratio: 3134.60 (Side area) 
      Cumulative area ratio:   50.62
      Required ratio:    0.00 (Cumulative area) 
      Cumulative area ratio:  271.44
      Required ratio:    0.00 (Cumulative side area) 

    Layer: met2
      Partial area ratio:    6.68
      Required ratio:    0.00 (Gate area) 
      Partial area ratio:   34.59
      Required ratio:  400.00 (Side area) 
      Cumulative area ratio:    7.29
      Required ratio:    0.00 (Cumulative area) 
      Cumulative area ratio:   38.44
      Required ratio:    0.00 (Cumulative side area) 

    Layer: met1
      Partial area ratio:    0.61
      Required ratio:    0.00 (Gate area) 
      Partial area ratio:    3.85
      Required ratio:  400.00 (Side area) 
      Cumulative area ratio:    0.61
      Required ratio:    0.00 (Cumulative area) 
      Cumulative area ratio:    3.85
      Required ratio:    0.00 (Cumulative side area) 

    Layer: li1
      Partial area ratio:    0.00
      Required ratio:    0.00 (Gate area) 
      Partial area ratio:    0.00
      Required ratio:   75.00 (Side area) 
      Cumulative area ratio:    0.00
      Required ratio:    0.00 (Cumulative area) 
      Cumulative area ratio:    0.00
      Required ratio:    0.00 (Cumulative side area) 

    Layer: met4
      Partial area ratio:   24.94
      Required ratio:    0.00 (Gate area) 
      Partial area ratio:  134.01
      Required ratio: 3134.60 (Side area) 
      Cumulative area ratio:   75.56
      Required ratio:    0.00 (Cumulative area) 
      Cumulative area ratio:  405.45
      Required ratio:    0.00 (Cumulative side area) 

    Via: M3M4_PR
      Partial area ratio:    0.05
      Required ratio:    6.00 (Gate area) 
      Cumulative area ratio:    0.58
      Required ratio:    0.00 (Cumulative area) 

    Via: M2M3_PR
      Partial area ratio:    0.32
      Required ratio:    6.00 (Gate area) 
      Cumulative area ratio:    0.53
      Required ratio:    0.00 (Cumulative area) 

    Via: M1M2_PR
      Partial area ratio:    0.09
      Required ratio:    6.00 (Gate area) 
      Cumulative area ratio:    0.21
      Required ratio:    0.00 (Cumulative area) 

    Via: L1M1_PR_MR
      Partial area ratio:    0.12
      Required ratio:    3.00 (Gate area) 
      Cumulative area ratio:    0.12
      Required ratio:    0.00 (Cumulative area) 

  Pin: _5092_/S (sky130_fd_sc_hd__mux2_1)
    Layer: met3
      Partial area ratio:   43.33
      Required ratio:    0.00 (Gate area) 
      Partial area ratio:  233.01
      Required ratio: 3134.60 (Side area) 
      Cumulative area ratio:   54.53
      Required ratio:    0.00 (Cumulative area) 
      Cumulative area ratio:  291.37
      Required ratio:    0.00 (Cumulative side area) 

    Layer: met2
      Partial area ratio:    3.67
      Required ratio:    0.00 (Gate area) 
      Partial area ratio:   18.72
      Required ratio:  400.00 (Side area) 
      Cumulative area ratio:    4.52
      Required ratio:    0.00 (Cumulative area) 
      Cumulative area ratio:   23.78
      Required ratio:    0.00 (Cumulative side area) 

    Layer: met1
      Partial area ratio:    0.86
      Required ratio:    0.00 (Gate area) 
      Partial area ratio:    5.06
      Required ratio:  400.00 (Side area) 
      Cumulative area ratio:    0.86
      Required ratio:    0.00 (Cumulative area) 
      Cumulative area ratio:    5.06
      Required ratio:    0.00 (Cumulative side area) 

    Layer: li1
      Partial area ratio:    0.00
      Required ratio:    0.00 (Gate area) 
      Partial area ratio:    0.00
      Required ratio:   75.00 (Side area) 
      Cumulative area ratio:    0.00
      Required ratio:    0.00 (Cumulative area) 
      Cumulative area ratio:    0.00
      Required ratio:    0.00 (Cumulative side area) 

    Layer: met4
      Partial area ratio:   24.94
      Required ratio:    0.00 (Gate area) 
      Partial area ratio:  134.01
      Required ratio: 3134.60 (Side area) 
      Cumulative area ratio:   79.47
      Required ratio:    0.00 (Cumulative area) 
      Cumulative area ratio:  425.38
      Required ratio:    0.00 (Cumulative side area) 

    Via: M3M4_PR
      Partial area ratio:    0.05
      Required ratio:    6.00 (Gate area) 
      Cumulative area ratio:    0.66
      Required ratio:    0.00 (Cumulative area) 

    Via: M2M3_PR
      Partial area ratio:    0.08
      Required ratio:    6.00 (Gate area) 
      Cumulative area ratio:    0.28
      Required ratio:    0.00 (Cumulative area) 

    Via: M1M2_PR
      Partial area ratio:    0.09
      Required ratio:    6.00 (Gate area) 
      Cumulative area ratio:    0.20
      Required ratio:    0.00 (Cumulative area) 

    Via: L1M1_PR_MR
      Partial area ratio:    0.11
      Required ratio:    3.00 (Gate area) 
      Cumulative area ratio:    0.11
      Required ratio:    0.00 (Cumulative area) 

  Pin: _5089_/S (sky130_fd_sc_hd__mux2_1)
    Layer: met3
      Partial area ratio:   43.33
      Required ratio:    0.00 (Gate area) 
      Partial area ratio:  233.01
      Required ratio: 3134.60 (Side area) 
      Cumulative area ratio:   55.03
      Required ratio:    0.00 (Cumulative area) 
      Cumulative area ratio:  293.48
      Required ratio:    0.00 (Cumulative side area) 

    Layer: met2
      Partial area ratio:    3.67
      Required ratio:    0.00 (Gate area) 
      Partial area ratio:   18.72
      Required ratio:  400.00 (Side area) 
      Cumulative area ratio:    5.02
      Required ratio:    0.00 (Cumulative area) 
      Cumulative area ratio:   25.89
      Required ratio:    0.00 (Cumulative side area) 

    Layer: met1
      Partial area ratio:    1.36
      Required ratio:    0.00 (Gate area) 
      Partial area ratio:    7.17
      Required ratio:  400.00 (Side area) 
      Cumulative area ratio:    1.36
      Required ratio:    0.00 (Cumulative area) 
      Cumulative area ratio:    7.17
      Required ratio:    0.00 (Cumulative side area) 

    Layer: li1
      Partial area ratio:    0.00
      Required ratio:    0.00 (Gate area) 
      Partial area ratio:    0.00
      Required ratio:   75.00 (Side area) 
      Cumulative area ratio:    0.00
      Required ratio:    0.00 (Cumulative area) 
      Cumulative area ratio:    0.00
      Required ratio:    0.00 (Cumulative side area) 

    Layer: met4
      Partial area ratio:   24.94
      Required ratio:    0.00 (Gate area) 
      Partial area ratio:  134.01
      Required ratio: 3134.60 (Side area) 
      Cumulative area ratio:   79.97
      Required ratio:    0.00 (Cumulative area) 
      Cumulative area ratio:  427.50
      Required ratio:    0.00 (Cumulative side area) 

    Via: M3M4_PR
      Partial area ratio:    0.05
      Required ratio:    6.00 (Gate area) 
      Cumulative area ratio:    0.66
      Required ratio:    0.00 (Cumulative area) 

    Via: M2M3_PR
      Partial area ratio:    0.08
      Required ratio:    6.00 (Gate area) 
      Cumulative area ratio:    0.28
      Required ratio:    0.00 (Cumulative area) 

    Via: M1M2_PR
      Partial area ratio:    0.09
      Required ratio:    6.00 (Gate area) 
      Cumulative area ratio:    0.20
      Required ratio:    0.00 (Cumulative area) 

    Via: L1M1_PR_MR
      Partial area ratio:    0.11
      Required ratio:    3.00 (Gate area) 
      Cumulative area ratio:    0.11
      Required ratio:    0.00 (Cumulative area) 

  Pin: _5062_/S (sky130_fd_sc_hd__mux2_1)
    Layer: met4
      Partial area ratio:   24.94
      Required ratio:    0.00 (Gate area) 
      Partial area ratio:  134.01
      Required ratio: 3134.60 (Side area) 
      Cumulative area ratio:   26.91
      Required ratio:    0.00 (Cumulative area) 
      Cumulative area ratio:  147.14
      Required ratio:    0.00 (Cumulative side area) 

    Layer: met3
      Partial area ratio:    0.63
      Required ratio:    0.00 (Gate area) 
      Partial area ratio:    5.27
      Required ratio:  400.00 (Side area) 
      Cumulative area ratio:    1.97
      Required ratio:    0.00 (Cumulative area) 
      Cumulative area ratio:   13.13
      Required ratio:    0.00 (Cumulative side area) 

    Layer: met2
      Partial area ratio:    0.74
      Required ratio:    0.00 (Gate area) 
      Partial area ratio:    4.08
      Required ratio:  400.00 (Side area) 
      Cumulative area ratio:    1.34
      Required ratio:    0.00 (Cumulative area) 
      Cumulative area ratio:    7.86
      Required ratio:    0.00 (Cumulative side area) 

    Layer: met1
      Partial area ratio:    0.60
      Required ratio:    0.00 (Gate area) 
      Partial area ratio:    3.78
      Required ratio:  400.00 (Side area) 
      Cumulative area ratio:    0.60
      Required ratio:    0.00 (Cumulative area) 
      Cumulative area ratio:    3.78
      Required ratio:    0.00 (Cumulative side area) 

    Layer: li1
      Partial area ratio:    0.00
      Required ratio:    0.00 (Gate area) 
      Partial area ratio:    0.00
      Required ratio:   75.00 (Side area) 
      Cumulative area ratio:    0.00
      Required ratio:    0.00 (Cumulative area) 
      Cumulative area ratio:    0.00
      Required ratio:    0.00 (Cumulative side area) 

    Via: M3M4_PR
      Partial area ratio:    0.16
      Required ratio:    6.00 (Gate area) 
      Cumulative area ratio:    0.52
      Required ratio:    0.00 (Cumulative area) 

    Via: M2M3_PR
      Partial area ratio:    0.16
      Required ratio:    6.00 (Gate area) 
      Cumulative area ratio:    0.36
      Required ratio:    0.00 (Cumulative area) 

    Via: M1M2_PR
      Partial area ratio:    0.09
      Required ratio:    6.00 (Gate area) 
      Cumulative area ratio:    0.20
      Required ratio:    0.00 (Cumulative area) 

    Via: L1M1_PR_MR
      Partial area ratio:    0.11
      Required ratio:    3.00 (Gate area) 
      Cumulative area ratio:    0.11
      Required ratio:    0.00 (Cumulative area) 

  Pin: _5080_/S (sky130_fd_sc_hd__mux2_1)
    Layer: met4
      Partial area ratio:   24.94
      Required ratio:    0.00 (Gate area) 
      Partial area ratio:  134.01
      Required ratio: 3134.60 (Side area) 
      Cumulative area ratio:  118.12
      Required ratio:    0.00 (Cumulative area) 
      Cumulative area ratio:  634.87
      Required ratio:    0.00 (Cumulative side area) 

    Layer: met3
      Partial area ratio:   84.23
      Required ratio:    0.00 (Gate area) 
      Partial area ratio:  454.58
      Required ratio:  400.00 (Side area) (VIOLATED)
      Cumulative area ratio:   93.18
      Required ratio:    0.00 (Cumulative area) 
      Cumulative area ratio:  500.86
      Required ratio:    0.00 (Cumulative side area) 

    Layer: met2
      Partial area ratio:    8.09
      Required ratio:    0.00 (Gate area) 
      Partial area ratio:   41.22
      Required ratio:  400.00 (Side area) 
      Cumulative area ratio:    8.94
      Required ratio:    0.00 (Cumulative area) 
      Cumulative area ratio:   46.28
      Required ratio:    0.00 (Cumulative side area) 

    Layer: met1
      Partial area ratio:    0.86
      Required ratio:    0.00 (Gate area) 
      Partial area ratio:    5.06
      Required ratio:  400.00 (Side area) 
      Cumulative area ratio:    0.86
      Required ratio:    0.00 (Cumulative area) 
      Cumulative area ratio:    5.06
      Required ratio:    0.00 (Cumulative side area) 

    Layer: li1
      Partial area ratio:    0.00
      Required ratio:    0.00 (Gate area) 
      Partial area ratio:    0.00
      Required ratio:   75.00 (Side area) 
      Cumulative area ratio:    0.00
      Required ratio:    0.00 (Cumulative area) 
      Cumulative area ratio:    0.00
      Required ratio:    0.00 (Cumulative side area) 

    Via: M3M4_PR
      Partial area ratio:    0.13
      Required ratio:    6.00 (Gate area) 
      Cumulative area ratio:    0.65
      Required ratio:    0.00 (Cumulative area) 

    Via: M2M3_PR
      Partial area ratio:    0.32
      Required ratio:    6.00 (Gate area) 
      Cumulative area ratio:    0.52
      Required ratio:    0.00 (Cumulative area) 

    Via: M1M2_PR
      Partial area ratio:    0.09
      Required ratio:    6.00 (Gate area) 
      Cumulative area ratio:    0.20
      Required ratio:    0.00 (Cumulative area) 

    Via: L1M1_PR_MR
      Partial area ratio:    0.11
      Required ratio:    3.00 (Gate area) 
      Cumulative area ratio:    0.11
      Required ratio:    0.00 (Cumulative area) 

  Pin: _5076_/S (sky130_fd_sc_hd__mux2_1)
    Layer: met4
      Partial area ratio:   24.94
      Required ratio:    0.00 (Gate area) 
      Partial area ratio:  134.01
      Required ratio: 3134.60 (Side area) 
      Cumulative area ratio:  117.43
      Required ratio:    0.00 (Cumulative area) 
      Cumulative area ratio:  631.06
      Required ratio:    0.00 (Cumulative side area) 

    Layer: met3
      Partial area ratio:   84.23
      Required ratio:    0.00 (Gate area) 
      Partial area ratio:  454.58
      Required ratio:  400.00 (Side area) (VIOLATED)
      Cumulative area ratio:   92.49
      Required ratio:    0.00 (Cumulative area) 
      Cumulative area ratio:  497.05
      Required ratio:    0.00 (Cumulative side area) 

    Layer: met2
      Partial area ratio:    0.17
      Required ratio:    0.00 (Gate area) 
      Partial area ratio:    1.25
      Required ratio:  400.00 (Side area) 
      Cumulative area ratio:    0.17
      Required ratio:    0.00 (Cumulative area) 
      Cumulative area ratio:    1.25
      Required ratio:    0.00 (Cumulative side area) 

    Layer: met1
      Partial area ratio:    0.00
      Required ratio:    0.00 (Gate area) 
      Partial area ratio:    0.00
      Required ratio:  400.00 (Side area) 
      Cumulative area ratio:    0.00
      Required ratio:    0.00 (Cumulative area) 
      Cumulative area ratio:    0.00
      Required ratio:    0.00 (Cumulative side area) 

    Layer: li1
      Partial area ratio:    0.00
      Required ratio:    0.00 (Gate area) 
      Partial area ratio:    0.00
      Required ratio:   75.00 (Side area) 
      Cumulative area ratio:    0.00
      Required ratio:    0.00 (Cumulative area) 
      Cumulative area ratio:    0.00
      Required ratio:    0.00 (Cumulative side area) 

    Via: M3M4_PR
      Partial area ratio:    0.13
      Required ratio:    6.00 (Gate area) 
      Cumulative area ratio:    0.81
      Required ratio:    0.00 (Cumulative area) 

    Via: M2M3_PR
      Partial area ratio:    0.16
      Required ratio:    6.00 (Gate area) 
      Cumulative area ratio:    0.36
      Required ratio:    0.00 (Cumulative area) 

    Via: M1M2_PR
      Partial area ratio:    0.09
      Required ratio:    6.00 (Gate area) 
      Cumulative area ratio:    0.20
      Required ratio:    0.00 (Cumulative area) 

    Via: L1M1_PR_MR
      Partial area ratio:    0.11
      Required ratio:    3.00 (Gate area) 
      Cumulative area ratio:    0.11
      Required ratio:    0.00 (Cumulative area) 

  Pin: _4939_/S (sky130_fd_sc_hd__mux2_1)
    Layer: met4
      Partial area ratio:   24.94
      Required ratio:    0.00 (Gate area) 
      Partial area ratio:  134.01
      Required ratio: 3134.60 (Side area) 
      Cumulative area ratio:  156.78
      Required ratio:    0.00 (Cumulative area) 
      Cumulative area ratio:  844.90
      Required ratio:    0.00 (Cumulative side area) 

    Layer: met3
      Partial area ratio:   46.02
      Required ratio:    0.00 (Gate area) 
      Partial area ratio:  247.97
      Required ratio:  400.00 (Side area) 
      Cumulative area ratio:   47.60
      Required ratio:    0.00 (Cumulative area) 
      Cumulative area ratio:  256.31
      Required ratio:    0.00 (Cumulative side area) 

    Layer: met2
      Partial area ratio:    1.59
      Required ratio:    0.00 (Gate area) 
      Partial area ratio:    8.33
      Required ratio:  400.00 (Side area) 
      Cumulative area ratio:    1.59
      Required ratio:    0.00 (Cumulative area) 
      Cumulative area ratio:    8.33
      Required ratio:    0.00 (Cumulative side area) 

    Layer: met1
      Partial area ratio:    0.00
      Required ratio:    0.00 (Gate area) 
      Partial area ratio:    0.00
      Required ratio:  400.00 (Side area) 
      Cumulative area ratio:    0.00
      Required ratio:    0.00 (Cumulative area) 
      Cumulative area ratio:    0.00
      Required ratio:    0.00 (Cumulative side area) 

    Layer: li1
      Partial area ratio:    0.00
      Required ratio:    0.00 (Gate area) 
      Partial area ratio:    0.00
      Required ratio:   75.00 (Side area) 
      Cumulative area ratio:    0.00
      Required ratio:    0.00 (Cumulative area) 
      Cumulative area ratio:    0.00
      Required ratio:    0.00 (Cumulative side area) 

    Via: M3M4_PR
      Partial area ratio:    0.05
      Required ratio:    6.00 (Gate area) 
      Cumulative area ratio:    0.34
      Required ratio:    0.00 (Cumulative area) 

    Via: M2M3_PR
      Partial area ratio:    0.08
      Required ratio:    6.00 (Gate area) 
      Cumulative area ratio:    0.28
      Required ratio:    0.00 (Cumulative area) 

    Via: M1M2_PR
      Partial area ratio:    0.09
      Required ratio:    6.00 (Gate area) 
      Cumulative area ratio:    0.20
      Required ratio:    0.00 (Cumulative area) 

    Via: L1M1_PR_MR
      Partial area ratio:    0.11
      Required ratio:    3.00 (Gate area) 
      Cumulative area ratio:    0.11
      Required ratio:    0.00 (Cumulative area) 

  Pin: _4931_/S (sky130_fd_sc_hd__mux2_1)
    Layer: met4
      Partial area ratio:   24.94
      Required ratio:    0.00 (Gate area) 
      Partial area ratio:  134.01
      Required ratio: 3134.60 (Side area) 
      Cumulative area ratio:  156.78
      Required ratio:    0.00 (Cumulative area) 
      Cumulative area ratio:  844.90
      Required ratio:    0.00 (Cumulative side area) 

    Layer: met3
      Partial area ratio:   46.02
      Required ratio:    0.00 (Gate area) 
      Partial area ratio:  247.97
      Required ratio:  400.00 (Side area) 
      Cumulative area ratio:   47.60
      Required ratio:    0.00 (Cumulative area) 
      Cumulative area ratio:  256.31
      Required ratio:    0.00 (Cumulative side area) 

    Layer: met2
      Partial area ratio:    1.59
      Required ratio:    0.00 (Gate area) 
      Partial area ratio:    8.33
      Required ratio:  400.00 (Side area) 
      Cumulative area ratio:    1.59
      Required ratio:    0.00 (Cumulative area) 
      Cumulative area ratio:    8.33
      Required ratio:    0.00 (Cumulative side area) 

    Layer: met1
      Partial area ratio:    0.00
      Required ratio:    0.00 (Gate area) 
      Partial area ratio:    0.00
      Required ratio:  400.00 (Side area) 
      Cumulative area ratio:    0.00
      Required ratio:    0.00 (Cumulative area) 
      Cumulative area ratio:    0.00
      Required ratio:    0.00 (Cumulative side area) 

    Layer: li1
      Partial area ratio:    0.00
      Required ratio:    0.00 (Gate area) 
      Partial area ratio:    0.00
      Required ratio:   75.00 (Side area) 
      Cumulative area ratio:    0.00
      Required ratio:    0.00 (Cumulative area) 
      Cumulative area ratio:    0.00
      Required ratio:    0.00 (Cumulative side area) 

    Via: M3M4_PR
      Partial area ratio:    0.05
      Required ratio:    6.00 (Gate area) 
      Cumulative area ratio:    0.34
      Required ratio:    0.00 (Cumulative area) 

    Via: M2M3_PR
      Partial area ratio:    0.08
      Required ratio:    6.00 (Gate area) 
      Cumulative area ratio:    0.28
      Required ratio:    0.00 (Cumulative area) 

    Via: M1M2_PR
      Partial area ratio:    0.09
      Required ratio:    6.00 (Gate area) 
      Cumulative area ratio:    0.20
      Required ratio:    0.00 (Cumulative area) 

    Via: L1M1_PR_MR
      Partial area ratio:    0.11
      Required ratio:    3.00 (Gate area) 
      Cumulative area ratio:    0.11
      Required ratio:    0.00 (Cumulative area) 

  Pin: _4989_/A (sky130_fd_sc_hd__buf_4)
    Layer: met4
      Partial area ratio:   24.94
      Required ratio:    0.00 (Gate area) 
      Partial area ratio:  134.01
      Required ratio: 3134.60 (Side area) 
      Cumulative area ratio:  155.56
      Required ratio:    0.00 (Cumulative area) 
      Cumulative area ratio:  838.80
      Required ratio:    0.00 (Cumulative side area) 

    Layer: met3
      Partial area ratio:   46.02
      Required ratio:    0.00 (Gate area) 
      Partial area ratio:  247.97
      Required ratio:  400.00 (Side area) 
      Cumulative area ratio:   46.38
      Required ratio:    0.00 (Cumulative area) 
      Cumulative area ratio:  250.21
      Required ratio:    0.00 (Cumulative side area) 

    Layer: met2
      Partial area ratio:    0.37
      Required ratio:    0.00 (Gate area) 
      Partial area ratio:    2.23
      Required ratio:  400.00 (Side area) 
      Cumulative area ratio:    0.37
      Required ratio:    0.00 (Cumulative area) 
      Cumulative area ratio:    2.23
      Required ratio:    0.00 (Cumulative side area) 

    Layer: met1
      Partial area ratio:    0.00
      Required ratio:    0.00 (Gate area) 
      Partial area ratio:    0.00
      Required ratio:  400.00 (Side area) 
      Cumulative area ratio:    0.00
      Required ratio:    0.00 (Cumulative area) 
      Cumulative area ratio:    0.00
      Required ratio:    0.00 (Cumulative side area) 

    Layer: li1
      Partial area ratio:    0.00
      Required ratio:    0.00 (Gate area) 
      Partial area ratio:    0.00
      Required ratio:   75.00 (Side area) 
      Cumulative area ratio:    0.00
      Required ratio:    0.00 (Cumulative area) 
      Cumulative area ratio:    0.00
      Required ratio:    0.00 (Cumulative side area) 

    Via: M3M4_PR
      Partial area ratio:    0.05
      Required ratio:    6.00 (Gate area) 
      Cumulative area ratio:    0.42
      Required ratio:    0.00 (Cumulative area) 

    Via: M2M3_PR
      Partial area ratio:    0.16
      Required ratio:    6.00 (Gate area) 
      Cumulative area ratio:    0.37
      Required ratio:    0.00 (Cumulative area) 

    Via: M1M2_PR
      Partial area ratio:    0.09
      Required ratio:    6.00 (Gate area) 
      Cumulative area ratio:    0.21
      Required ratio:    0.00 (Cumulative area) 

    Via: L1M1_PR_MR
      Partial area ratio:    0.12
      Required ratio:    3.00 (Gate area) 
      Cumulative area ratio:    0.12
      Required ratio:    0.00 (Cumulative area) 

  Pin: _5035_/A (sky130_fd_sc_hd__and2_1)
    Layer: met4
      Partial area ratio:   24.94
      Required ratio:    0.00 (Gate area) 
      Partial area ratio:  134.01
      Required ratio: 3134.60 (Side area) 
      Cumulative area ratio:  116.36
      Required ratio:    0.00 (Cumulative area) 
      Cumulative area ratio:  627.64
      Required ratio:    0.00 (Cumulative side area) 

    Layer: met3
      Partial area ratio:   84.23
      Required ratio:    0.00 (Gate area) 
      Partial area ratio:  454.58
      Required ratio:  400.00 (Side area) (VIOLATED)
      Cumulative area ratio:   91.42
      Required ratio:    0.00 (Cumulative area) 
      Cumulative area ratio:  493.63
      Required ratio:    0.00 (Cumulative side area) 

    Layer: met2
      Partial area ratio:    0.72
      Required ratio:    0.00 (Gate area) 
      Partial area ratio:    4.39
      Required ratio:  400.00 (Side area) 
      Cumulative area ratio:    7.19
      Required ratio:    0.00 (Cumulative area) 
      Cumulative area ratio:   39.06
      Required ratio:    0.00 (Cumulative side area) 

    Layer: met1
      Partial area ratio:    6.47
      Required ratio:    0.00 (Gate area) 
      Partial area ratio:   34.67
      Required ratio:  400.00 (Side area) 
      Cumulative area ratio:    6.47
      Required ratio:    0.00 (Cumulative area) 
      Cumulative area ratio:   34.67
      Required ratio:    0.00 (Cumulative side area) 

    Layer: li1
      Partial area ratio:    0.00
      Required ratio:    0.00 (Gate area) 
      Partial area ratio:    0.00
      Required ratio:   75.00 (Side area) 
      Cumulative area ratio:    0.00
      Required ratio:    0.00 (Cumulative area) 
      Cumulative area ratio:    0.00
      Required ratio:    0.00 (Cumulative side area) 

    Via: M3M4_PR
      Partial area ratio:    0.13
      Required ratio:    6.00 (Gate area) 
      Cumulative area ratio:    0.85
      Required ratio:    0.00 (Cumulative area) 

    Via: M2M3_PR
      Partial area ratio:    0.32
      Required ratio:    6.00 (Gate area) 
      Cumulative area ratio:    0.73
      Required ratio:    0.00 (Cumulative area) 

    Via: M1M2_PR
      Partial area ratio:    0.18
      Required ratio:    6.00 (Gate area) 
      Cumulative area ratio:    0.41
      Required ratio:    0.00 (Cumulative area) 

    Via: L1M1_PR_MR
      Partial area ratio:    0.23
      Required ratio:    3.00 (Gate area) 
      Cumulative area ratio:    0.23
      Required ratio:    0.00 (Cumulative area) 


Net: _1712_
  Pin: _5428_/S0 (sky130_fd_sc_hd__mux4_1)
    Layer: met3
      Partial area ratio:   33.39
      Required ratio:    0.00 (Gate area) 
      Partial area ratio:  179.08
      Required ratio: 3236.16 (Side area) 
      Cumulative area ratio:   34.39
      Required ratio:    0.00 (Cumulative area) 
      Cumulative area ratio:  184.32
      Required ratio:    0.00 (Cumulative side area) 

    Layer: met2
      Partial area ratio:    1.00
      Required ratio:    0.00 (Gate area) 
      Partial area ratio:    5.24
      Required ratio:  400.00 (Side area) 
      Cumulative area ratio:    1.00
      Required ratio:    0.00 (Cumulative area) 
      Cumulative area ratio:    5.24
      Required ratio:    0.00 (Cumulative side area) 

    Layer: met1
      Partial area ratio:    0.00
      Required ratio:    0.00 (Gate area) 
      Partial area ratio:    0.00
      Required ratio:  400.00 (Side area) 
      Cumulative area ratio:    0.00
      Required ratio:    0.00 (Cumulative area) 
      Cumulative area ratio:    0.00
      Required ratio:    0.00 (Cumulative side area) 

    Layer: li1
      Partial area ratio:    0.00
      Required ratio:    0.00 (Gate area) 
      Partial area ratio:    0.00
      Required ratio:   75.00 (Side area) 
      Cumulative area ratio:    0.00
      Required ratio:    0.00 (Cumulative area) 
      Cumulative area ratio:    0.00
      Required ratio:    0.00 (Cumulative side area) 

    Via: M2M3_PR
      Partial area ratio:    0.11
      Required ratio:    6.00 (Gate area) 
      Cumulative area ratio:    0.24
      Required ratio:    0.00 (Cumulative area) 

    Via: M1M2_PR
      Partial area ratio:    0.06
      Required ratio:    6.00 (Gate area) 
      Cumulative area ratio:    0.14
      Required ratio:    0.00 (Cumulative area) 

    Via: L1M1_PR_MR
      Partial area ratio:    0.08
      Required ratio:    3.00 (Gate area) 
      Cumulative area ratio:    0.08
      Required ratio:    0.00 (Cumulative area) 

  Pin: _5509_/S (sky130_fd_sc_hd__mux2_1)
    Layer: met2
      Partial area ratio:   20.55
      Required ratio:    0.00 (Gate area) 
      Partial area ratio:  104.49
      Required ratio: 3236.16 (Side area) 
      Cumulative area ratio:   23.01
      Required ratio:    0.00 (Cumulative area) 
      Cumulative area ratio:  117.99
      Required ratio:    0.00 (Cumulative side area) 

    Layer: met3
      Partial area ratio:   33.39
      Required ratio:    0.00 (Gate area) 
      Partial area ratio:  179.08
      Required ratio: 3236.16 (Side area) 
      Cumulative area ratio:   56.40
      Required ratio:    0.00 (Cumulative area) 
      Cumulative area ratio:  297.07
      Required ratio:    0.00 (Cumulative side area) 

    Layer: met1
      Partial area ratio:    0.00
      Required ratio:    0.00 (Gate area) 
      Partial area ratio:    0.00
      Required ratio:  400.00 (Side area) 
      Cumulative area ratio:    0.00
      Required ratio:    0.00 (Cumulative area) 
      Cumulative area ratio:    0.00
      Required ratio:    0.00 (Cumulative side area) 

    Layer: li1
      Partial area ratio:    0.00
      Required ratio:    0.00 (Gate area) 
      Partial area ratio:    0.00
      Required ratio:   75.00 (Side area) 
      Cumulative area ratio:    0.00
      Required ratio:    0.00 (Cumulative area) 
      Cumulative area ratio:    0.00
      Required ratio:    0.00 (Cumulative side area) 

    Layer: met4
      Partial area ratio:   10.98
      Required ratio:    0.00 (Gate area) 
      Partial area ratio:   59.32
      Required ratio: 3236.16 (Side area) 
      Cumulative area ratio:   34.00
      Required ratio:    0.00 (Cumulative area) 
      Cumulative area ratio:  177.31
      Required ratio:    0.00 (Cumulative side area) 

    Via: M2M3_PR
      Partial area ratio:    0.16
      Required ratio:    6.00 (Gate area) 
      Cumulative area ratio:    0.54
      Required ratio:    0.00 (Cumulative area) 

    Via: M1M2_PR
      Partial area ratio:    0.09
      Required ratio:    6.00 (Gate area) 
      Cumulative area ratio:    0.20
      Required ratio:    0.00 (Cumulative area) 

    Via: L1M1_PR_MR
      Partial area ratio:    0.11
      Required ratio:    3.00 (Gate area) 
      Cumulative area ratio:    0.11
      Required ratio:    0.00 (Cumulative area) 

    Via: M3M4_PR
      Partial area ratio:    0.03
      Required ratio:    6.00 (Gate area) 
      Cumulative area ratio:    0.57
      Required ratio:    0.00 (Cumulative area) 

  Pin: _4957_/A (sky130_fd_sc_hd__clkbuf_8)
    Layer: met2
      Partial area ratio:    2.27
      Required ratio:    0.00 (Gate area) 
      Partial area ratio:   11.70
      Required ratio:  400.00 (Side area) 
      Cumulative area ratio:    9.78
      Required ratio:    0.00 (Cumulative area) 
      Cumulative area ratio:   51.28
      Required ratio:    0.00 (Cumulative side area) 

    Layer: met1
      Partial area ratio:    4.13
      Required ratio:    0.00 (Gate area) 
      Partial area ratio:   21.13
      Required ratio:  400.00 (Side area) 
      Cumulative area ratio:    4.13
      Required ratio:    0.00 (Cumulative area) 
      Cumulative area ratio:   21.13
      Required ratio:    0.00 (Cumulative side area) 

    Layer: li1
      Partial area ratio:    0.00
      Required ratio:    0.00 (Gate area) 
      Partial area ratio:    0.00
      Required ratio:   75.00 (Side area) 
      Cumulative area ratio:    0.00
      Required ratio:    0.00 (Cumulative area) 
      Cumulative area ratio:    0.00
      Required ratio:    0.00 (Cumulative side area) 

    Layer: met4
      Partial area ratio:   10.98
      Required ratio:    0.00 (Gate area) 
      Partial area ratio:   59.32
      Required ratio: 3236.16 (Side area) 
      Cumulative area ratio:   20.76
      Required ratio:    0.00 (Cumulative area) 
      Cumulative area ratio:  110.60
      Required ratio:    0.00 (Cumulative side area) 

    Via: M3M4_PR
      Partial area ratio:    0.03
      Required ratio:    6.00 (Gate area) 
      Cumulative area ratio:    0.58
      Required ratio:    0.00 (Cumulative area) 

    Via: M2M3_PR
      Partial area ratio:    0.07
      Required ratio:    6.00 (Gate area) 
      Cumulative area ratio:    0.55
      Required ratio:    0.00 (Cumulative area) 

    Via: M1M2_PR
      Partial area ratio:    0.05
      Required ratio:    6.00 (Gate area) 
      Cumulative area ratio:    0.12
      Required ratio:    0.00 (Cumulative area) 

    Via: L1M1_PR_MR
      Partial area ratio:    0.07
      Required ratio:    3.00 (Gate area) 
      Cumulative area ratio:    0.07
      Required ratio:    0.00 (Cumulative area) 

  Pin: _5356_/A (sky130_fd_sc_hd__or2_1)
    Layer: met2
      Partial area ratio:    2.27
      Required ratio:    0.00 (Gate area) 
      Partial area ratio:   11.70
      Required ratio:  400.00 (Side area) 
      Cumulative area ratio:    5.65
      Required ratio:    0.00 (Cumulative area) 
      Cumulative area ratio:   30.15
      Required ratio:    0.00 (Cumulative side area) 

    Layer: met1
      Partial area ratio:    3.38
      Required ratio:    0.00 (Gate area) 
      Partial area ratio:   18.44
      Required ratio:  400.00 (Side area) 
      Cumulative area ratio:    3.38
      Required ratio:    0.00 (Cumulative area) 
      Cumulative area ratio:   18.44
      Required ratio:    0.00 (Cumulative side area) 

    Layer: li1
      Partial area ratio:    0.00
      Required ratio:    0.00 (Gate area) 
      Partial area ratio:    0.00
      Required ratio:   75.00 (Side area) 
      Cumulative area ratio:    0.00
      Required ratio:    0.00 (Cumulative area) 
      Cumulative area ratio:    0.00
      Required ratio:    0.00 (Cumulative side area) 

    Layer: met4
      Partial area ratio:   10.98
      Required ratio:    0.00 (Gate area) 
      Partial area ratio:   59.32
      Required ratio: 3236.16 (Side area) 
      Cumulative area ratio:   16.63
      Required ratio:    0.00 (Cumulative area) 
      Cumulative area ratio:   89.47
      Required ratio:    0.00 (Cumulative side area) 

    Via: M3M4_PR
      Partial area ratio:    0.03
      Required ratio:    6.00 (Gate area) 
      Cumulative area ratio:    0.69
      Required ratio:    0.00 (Cumulative area) 

    Via: M2M3_PR
      Partial area ratio:    0.07
      Required ratio:    6.00 (Gate area) 
      Cumulative area ratio:    0.66
      Required ratio:    0.00 (Cumulative area) 

    Via: M1M2_PR
      Partial area ratio:    0.36
      Required ratio:    6.00 (Gate area) 
      Cumulative area ratio:    0.59
      Required ratio:    0.00 (Cumulative area) 

    Via: L1M1_PR_MR
      Partial area ratio:    0.23
      Required ratio:    3.00 (Gate area) 
      Cumulative area ratio:    0.23
      Required ratio:    0.00 (Cumulative area) 

  Pin: _5477_/S (sky130_fd_sc_hd__mux2_1)
    Layer: met4
      Partial area ratio:   10.98
      Required ratio:    0.00 (Gate area) 
      Partial area ratio:   59.32
      Required ratio: 3236.16 (Side area) 
      Cumulative area ratio:   11.79
      Required ratio:    0.00 (Cumulative area) 
      Cumulative area ratio:   65.84
      Required ratio:    0.00 (Cumulative side area) 

    Layer: met3
      Partial area ratio:    0.63
      Required ratio:    0.00 (Gate area) 
      Partial area ratio:    5.27
      Required ratio:  400.00 (Side area) 
      Cumulative area ratio:    0.80
      Required ratio:    0.00 (Cumulative area) 
      Cumulative area ratio:    6.52
      Required ratio:    0.00 (Cumulative side area) 

    Layer: met2
      Partial area ratio:    0.17
      Required ratio:    0.00 (Gate area) 
      Partial area ratio:    1.25
      Required ratio:  400.00 (Side area) 
      Cumulative area ratio:    0.17
      Required ratio:    0.00 (Cumulative area) 
      Cumulative area ratio:    1.25
      Required ratio:    0.00 (Cumulative side area) 

    Layer: met1
      Partial area ratio:    0.00
      Required ratio:    0.00 (Gate area) 
      Partial area ratio:    0.00
      Required ratio:  400.00 (Side area) 
      Cumulative area ratio:    0.00
      Required ratio:    0.00 (Cumulative area) 
      Cumulative area ratio:    0.00
      Required ratio:    0.00 (Cumulative side area) 

    Layer: li1
      Partial area ratio:    0.00
      Required ratio:    0.00 (Gate area) 
      Partial area ratio:    0.00
      Required ratio:   75.00 (Side area) 
      Cumulative area ratio:    0.00
      Required ratio:    0.00 (Cumulative area) 
      Cumulative area ratio:    0.00
      Required ratio:    0.00 (Cumulative side area) 

    Via: M3M4_PR
      Partial area ratio:    0.16
      Required ratio:    6.00 (Gate area) 
      Cumulative area ratio:    0.52
      Required ratio:    0.00 (Cumulative area) 

    Via: M2M3_PR
      Partial area ratio:    0.16
      Required ratio:    6.00 (Gate area) 
      Cumulative area ratio:    0.36
      Required ratio:    0.00 (Cumulative area) 

    Via: M1M2_PR
      Partial area ratio:    0.09
      Required ratio:    6.00 (Gate area) 
      Cumulative area ratio:    0.20
      Required ratio:    0.00 (Cumulative area) 

    Via: L1M1_PR_MR
      Partial area ratio:    0.11
      Required ratio:    3.00 (Gate area) 
      Cumulative area ratio:    0.11
      Required ratio:    0.00 (Cumulative area) 

  Pin: _5488_/A1 (sky130_fd_sc_hd__o21a_1)
    Layer: met4
      Partial area ratio:   10.98
      Required ratio:    0.00 (Gate area) 
      Partial area ratio:   59.32
      Required ratio: 3236.16 (Side area) 
      Cumulative area ratio:   45.00
      Required ratio:    0.00 (Cumulative area) 
      Cumulative area ratio:  240.72
      Required ratio:    0.00 (Cumulative side area) 

    Layer: met3
      Partial area ratio:   26.29
      Required ratio:    0.00 (Gate area) 
      Partial area ratio:  141.17
      Required ratio:  400.00 (Side area) 
      Cumulative area ratio:   34.02
      Required ratio:    0.00 (Cumulative area) 
      Cumulative area ratio:  181.40
      Required ratio:    0.00 (Cumulative side area) 

    Layer: met2
      Partial area ratio:    0.28
      Required ratio:    0.00 (Gate area) 
      Partial area ratio:    1.58
      Required ratio:  400.00 (Side area) 
      Cumulative area ratio:    7.73
      Required ratio:    0.00 (Cumulative area) 
      Cumulative area ratio:   40.23
      Required ratio:    0.00 (Cumulative side area) 

    Layer: met1
      Partial area ratio:    7.46
      Required ratio:    0.00 (Gate area) 
      Partial area ratio:   38.65
      Required ratio:  400.00 (Side area) 
      Cumulative area ratio:    7.46
      Required ratio:    0.00 (Cumulative area) 
      Cumulative area ratio:   38.65
      Required ratio:    0.00 (Cumulative side area) 

    Layer: li1
      Partial area ratio:    0.00
      Required ratio:    0.00 (Gate area) 
      Partial area ratio:    0.00
      Required ratio:   75.00 (Side area) 
      Cumulative area ratio:    0.00
      Required ratio:    0.00 (Cumulative area) 
      Cumulative area ratio:    0.00
      Required ratio:    0.00 (Cumulative side area) 

    Via: M3M4_PR
      Partial area ratio:    0.08
      Required ratio:    6.00 (Gate area) 
      Cumulative area ratio:    0.32
      Required ratio:    0.00 (Cumulative area) 

    Via: M2M3_PR
      Partial area ratio:    0.08
      Required ratio:    6.00 (Gate area) 
      Cumulative area ratio:    0.24
      Required ratio:    0.00 (Cumulative area) 

    Via: M1M2_PR
      Partial area ratio:    0.05
      Required ratio:    6.00 (Gate area) 
      Cumulative area ratio:    0.16
      Required ratio:    0.00 (Cumulative area) 

    Via: L1M1_PR_MR
      Partial area ratio:    0.12
      Required ratio:    3.00 (Gate area) 
      Cumulative area ratio:    0.12
      Required ratio:    0.00 (Cumulative area) 

  Pin: _5467_/S (sky130_fd_sc_hd__mux2_1)
    Layer: met4
      Partial area ratio:   10.98
      Required ratio:    0.00 (Gate area) 
      Partial area ratio:   59.32
      Required ratio: 3236.16 (Side area) 
      Cumulative area ratio:   45.00
      Required ratio:    0.00 (Cumulative area) 
      Cumulative area ratio:  240.72
      Required ratio:    0.00 (Cumulative side area) 

    Layer: met3
      Partial area ratio:   26.29
      Required ratio:    0.00 (Gate area) 
      Partial area ratio:  141.17
      Required ratio:  400.00 (Side area) 
      Cumulative area ratio:   34.02
      Required ratio:    0.00 (Cumulative area) 
      Cumulative area ratio:  181.40
      Required ratio:    0.00 (Cumulative side area) 

    Layer: met2
      Partial area ratio:    0.28
      Required ratio:    0.00 (Gate area) 
      Partial area ratio:    1.58
      Required ratio:  400.00 (Side area) 
      Cumulative area ratio:    7.73
      Required ratio:    0.00 (Cumulative area) 
      Cumulative area ratio:   40.23
      Required ratio:    0.00 (Cumulative side area) 

    Layer: met1
      Partial area ratio:    7.46
      Required ratio:    0.00 (Gate area) 
      Partial area ratio:   38.65
      Required ratio:  400.00 (Side area) 
      Cumulative area ratio:    7.46
      Required ratio:    0.00 (Cumulative area) 
      Cumulative area ratio:   38.65
      Required ratio:    0.00 (Cumulative side area) 

    Layer: li1
      Partial area ratio:    0.00
      Required ratio:    0.00 (Gate area) 
      Partial area ratio:    0.00
      Required ratio:   75.00 (Side area) 
      Cumulative area ratio:    0.00
      Required ratio:    0.00 (Cumulative area) 
      Cumulative area ratio:    0.00
      Required ratio:    0.00 (Cumulative side area) 

    Via: M3M4_PR
      Partial area ratio:    0.08
      Required ratio:    6.00 (Gate area) 
      Cumulative area ratio:    0.32
      Required ratio:    0.00 (Cumulative area) 

    Via: M2M3_PR
      Partial area ratio:    0.08
      Required ratio:    6.00 (Gate area) 
      Cumulative area ratio:    0.24
      Required ratio:    0.00 (Cumulative area) 

    Via: M1M2_PR
      Partial area ratio:    0.05
      Required ratio:    6.00 (Gate area) 
      Cumulative area ratio:    0.16
      Required ratio:    0.00 (Cumulative area) 

    Via: L1M1_PR_MR
      Partial area ratio:    0.11
      Required ratio:    3.00 (Gate area) 
      Cumulative area ratio:    0.11
      Required ratio:    0.00 (Cumulative area) 

  Pin: _5037_/A1 (sky130_fd_sc_hd__a21o_1)
    Layer: met4
      Partial area ratio:   10.98
      Required ratio:    0.00 (Gate area) 
      Partial area ratio:   59.32
      Required ratio: 3236.16 (Side area) 
      Cumulative area ratio:   29.47
      Required ratio:    0.00 (Cumulative area) 
      Cumulative area ratio:  161.17
      Required ratio:    0.00 (Cumulative side area) 

    Layer: met3
      Partial area ratio:   11.88
      Required ratio:    0.00 (Gate area) 
      Partial area ratio:   67.23
      Required ratio:  400.00 (Side area) 
      Cumulative area ratio:   18.49
      Required ratio:    0.00 (Cumulative area) 
      Cumulative area ratio:  101.85
      Required ratio:    0.00 (Cumulative side area) 

    Layer: met2
      Partial area ratio:    6.61
      Required ratio:    0.00 (Gate area) 
      Partial area ratio:   34.62
      Required ratio:  400.00 (Side area) 
      Cumulative area ratio:    6.61
      Required ratio:    0.00 (Cumulative area) 
      Cumulative area ratio:   34.62
      Required ratio:    0.00 (Cumulative side area) 

    Layer: met1
      Partial area ratio:    0.00
      Required ratio:    0.00 (Gate area) 
      Partial area ratio:    0.00
      Required ratio:  400.00 (Side area) 
      Cumulative area ratio:    0.00
      Required ratio:    0.00 (Cumulative area) 
      Cumulative area ratio:    0.00
      Required ratio:    0.00 (Cumulative side area) 

    Layer: li1
      Partial area ratio:    0.00
      Required ratio:    0.00 (Gate area) 
      Partial area ratio:    0.00
      Required ratio:   75.00 (Side area) 
      Cumulative area ratio:    0.00
      Required ratio:    0.00 (Cumulative area) 
      Cumulative area ratio:    0.00
      Required ratio:    0.00 (Cumulative side area) 

    Via: M3M4_PR
      Partial area ratio:    0.32
      Required ratio:    6.00 (Gate area) 
      Cumulative area ratio:    0.85
      Required ratio:    0.00 (Cumulative area) 

    Via: M2M3_PR
      Partial area ratio:    0.32
      Required ratio:    6.00 (Gate area) 
      Cumulative area ratio:    0.53
      Required ratio:    0.00 (Cumulative area) 

    Via: M1M2_PR
      Partial area ratio:    0.09
      Required ratio:    6.00 (Gate area) 
      Cumulative area ratio:    0.21
      Required ratio:    0.00 (Cumulative area) 

    Via: L1M1_PR_MR
      Partial area ratio:    0.12
      Required ratio:    3.00 (Gate area) 
      Cumulative area ratio:    0.12
      Required ratio:    0.00 (Cumulative area) 

  Pin: _4992_/A (sky130_fd_sc_hd__or2_1)
    Layer: met4
      Partial area ratio:   10.98
      Required ratio:    0.00 (Gate area) 
      Partial area ratio:   59.32
      Required ratio: 3236.16 (Side area) 
      Cumulative area ratio:  246.10
      Required ratio:    0.00 (Cumulative area) 
      Cumulative area ratio: 1308.66
      Required ratio:    0.00 (Cumulative side area) 

    Layer: met3
      Partial area ratio:  169.93
      Required ratio:    0.00 (Gate area) 
      Partial area ratio:  910.10
      Required ratio:  400.00 (Side area) (VIOLATED)
      Cumulative area ratio:  216.63
      Required ratio:    0.00 (Cumulative area) 
      Cumulative area ratio: 1147.48
      Required ratio:    0.00 (Cumulative side area) 

    Layer: met2
      Partial area ratio:    7.52
      Required ratio:    0.00 (Gate area) 
      Partial area ratio:   38.39
      Required ratio:  400.00 (Side area) 
      Cumulative area ratio:   46.70
      Required ratio:    0.00 (Cumulative area) 
      Cumulative area ratio:  237.39
      Required ratio:    0.00 (Cumulative side area) 

    Layer: met1
      Partial area ratio:   39.18
      Required ratio:    0.00 (Gate area) 
      Partial area ratio:  199.00
      Required ratio:  400.00 (Side area) 
      Cumulative area ratio:   39.18
      Required ratio:    0.00 (Cumulative area) 
      Cumulative area ratio:  199.00
      Required ratio:    0.00 (Cumulative side area) 

    Layer: li1
      Partial area ratio:    0.00
      Required ratio:    0.00 (Gate area) 
      Partial area ratio:    0.00
      Required ratio:   75.00 (Side area) 
      Cumulative area ratio:    0.00
      Required ratio:    0.00 (Cumulative area) 
      Cumulative area ratio:    0.00
      Required ratio:    0.00 (Cumulative side area) 

    Via: M3M4_PR
      Partial area ratio:    0.32
      Required ratio:    6.00 (Gate area) 
      Cumulative area ratio:    1.04
      Required ratio:    0.00 (Cumulative area) 

    Via: M2M3_PR
      Partial area ratio:    0.32
      Required ratio:    6.00 (Gate area) 
      Cumulative area ratio:    0.73
      Required ratio:    0.00 (Cumulative area) 

    Via: M1M2_PR
      Partial area ratio:    0.18
      Required ratio:    6.00 (Gate area) 
      Cumulative area ratio:    0.41
      Required ratio:    0.00 (Cumulative area) 

    Via: L1M1_PR_MR
      Partial area ratio:    0.23
      Required ratio:    3.00 (Gate area) 
      Cumulative area ratio:    0.23
      Required ratio:    0.00 (Cumulative area) 

  Pin: _5300_/S (sky130_fd_sc_hd__mux2_1)
    Layer: met2
      Partial area ratio:   20.55
      Required ratio:    0.00 (Gate area) 
      Partial area ratio:  104.49
      Required ratio: 3236.16 (Side area) 
      Cumulative area ratio:   23.01
      Required ratio:    0.00 (Cumulative area) 
      Cumulative area ratio:  117.99
      Required ratio:    0.00 (Cumulative side area) 

    Layer: met3
      Partial area ratio:   33.39
      Required ratio:    0.00 (Gate area) 
      Partial area ratio:  179.08
      Required ratio: 3236.16 (Side area) 
      Cumulative area ratio:   56.40
      Required ratio:    0.00 (Cumulative area) 
      Cumulative area ratio:  297.07
      Required ratio:    0.00 (Cumulative side area) 

    Layer: met1
      Partial area ratio:    2.47
      Required ratio:    0.00 (Gate area) 
      Partial area ratio:   13.50
      Required ratio:  400.00 (Side area) 
      Cumulative area ratio:    2.47
      Required ratio:    0.00 (Cumulative area) 
      Cumulative area ratio:   13.50
      Required ratio:    0.00 (Cumulative side area) 

    Layer: met4
      Partial area ratio:   10.98
      Required ratio:    0.00 (Gate area) 
      Partial area ratio:   59.32
      Required ratio: 3236.16 (Side area) 
      Cumulative area ratio:   34.00
      Required ratio:    0.00 (Cumulative area) 
      Cumulative area ratio:  177.31
      Required ratio:    0.00 (Cumulative side area) 

    Layer: li1
      Partial area ratio:    0.00
      Required ratio:    0.00 (Gate area) 
      Partial area ratio:    0.00
      Required ratio:   75.00 (Side area) 
      Cumulative area ratio:    0.00
      Required ratio:    0.00 (Cumulative area) 
      Cumulative area ratio:    0.00
      Required ratio:    0.00 (Cumulative side area) 

    Via: M2M3_PR
      Partial area ratio:    0.16
      Required ratio:    6.00 (Gate area) 
      Cumulative area ratio:    0.45
      Required ratio:    0.00 (Cumulative area) 

    Via: M1M2_PR
      Partial area ratio:    0.18
      Required ratio:    6.00 (Gate area) 
      Cumulative area ratio:    0.29
      Required ratio:    0.00 (Cumulative area) 

    Via: M3M4_PR
      Partial area ratio:    0.03
      Required ratio:    6.00 (Gate area) 
      Cumulative area ratio:    0.48
      Required ratio:    0.00 (Cumulative area) 

    Via: L1M1_PR_MR
      Partial area ratio:    0.11
      Required ratio:    3.00 (Gate area) 
      Cumulative area ratio:    0.11
      Required ratio:    0.00 (Cumulative area) 


Net: _3974_
  Pin: _8017_/S (sky130_fd_sc_hd__mux2_1)
    Layer: met2
      Partial area ratio:   12.21
      Required ratio:    0.00 (Gate area) 
      Partial area ratio:   61.84
      Required ratio: 3134.60 (Side area) 
      Cumulative area ratio:  117.80
      Required ratio:    0.00 (Cumulative area) 
      Cumulative area ratio:  597.18
      Required ratio:    0.00 (Cumulative side area) 

    Layer: met1
      Partial area ratio:   10.72
      Required ratio:    0.00 (Gate area) 
      Partial area ratio:   55.17
      Required ratio:  400.00 (Side area) 
      Cumulative area ratio:   10.72
      Required ratio:    0.00 (Cumulative area) 
      Cumulative area ratio:   55.17
      Required ratio:    0.00 (Cumulative side area) 

    Layer: li1
      Partial area ratio:    0.00
      Required ratio:    0.00 (Gate area) 
      Partial area ratio:    0.00
      Required ratio:   75.00 (Side area) 
      Cumulative area ratio:    0.00
      Required ratio:    0.00 (Cumulative area) 
      Cumulative area ratio:    0.00
      Required ratio:    0.00 (Cumulative side area) 

    Layer: met3
      Partial area ratio:    0.39
      Required ratio:    0.00 (Gate area) 
      Partial area ratio:    2.73
      Required ratio: 3134.60 (Side area) 
      Cumulative area ratio:  118.19
      Required ratio:    0.00 (Cumulative area) 
      Cumulative area ratio:  599.91
      Required ratio:    0.00 (Cumulative side area) 

    Layer: met4
      Partial area ratio:   11.89
      Required ratio:    0.00 (Gate area) 
      Partial area ratio:   63.80
      Required ratio: 3134.60 (Side area) 
      Cumulative area ratio:  130.09
      Required ratio:    0.00 (Cumulative area) 
      Cumulative area ratio:  663.70
      Required ratio:    0.00 (Cumulative side area) 

    Via: M2M3_PR
      Partial area ratio:    0.05
      Required ratio:    6.00 (Gate area) 
      Cumulative area ratio:    0.52
      Required ratio:    0.00 (Cumulative area) 

    Via: M1M2_PR
      Partial area ratio:    0.18
      Required ratio:    6.00 (Gate area) 
      Cumulative area ratio:    0.29
      Required ratio:    0.00 (Cumulative area) 

    Via: L1M1_PR_MR
      Partial area ratio:    0.11
      Required ratio:    3.00 (Gate area) 
      Cumulative area ratio:    0.11
      Required ratio:    0.00 (Cumulative area) 

    Via: M3M4_PR
      Partial area ratio:    0.05
      Required ratio:    6.00 (Gate area) 
      Cumulative area ratio:    0.58
      Required ratio:    0.00 (Cumulative area) 

  Pin: _8029_/S (sky130_fd_sc_hd__mux2_1)
    Layer: met2
      Partial area ratio:   12.21
      Required ratio:    0.00 (Gate area) 
      Partial area ratio:   61.84
      Required ratio: 3134.60 (Side area) 
      Cumulative area ratio:  118.90
      Required ratio:    0.00 (Cumulative area) 
      Cumulative area ratio:  603.06
      Required ratio:    0.00 (Cumulative side area) 

    Layer: met1
      Partial area ratio:    1.10
      Required ratio:    0.00 (Gate area) 
      Partial area ratio:    5.89
      Required ratio:  400.00 (Side area) 
      Cumulative area ratio:    1.10
      Required ratio:    0.00 (Cumulative area) 
      Cumulative area ratio:    5.89
      Required ratio:    0.00 (Cumulative side area) 

    Layer: li1
      Partial area ratio:    0.00
      Required ratio:    0.00 (Gate area) 
      Partial area ratio:    0.00
      Required ratio:   75.00 (Side area) 
      Cumulative area ratio:    0.00
      Required ratio:    0.00 (Cumulative area) 
      Cumulative area ratio:    0.00
      Required ratio:    0.00 (Cumulative side area) 

    Layer: met3
      Partial area ratio:    0.39
      Required ratio:    0.00 (Gate area) 
      Partial area ratio:    2.73
      Required ratio: 3134.60 (Side area) 
      Cumulative area ratio:  119.29
      Required ratio:    0.00 (Cumulative area) 
      Cumulative area ratio:  605.79
      Required ratio:    0.00 (Cumulative side area) 

    Layer: met4
      Partial area ratio:   11.89
      Required ratio:    0.00 (Gate area) 
      Partial area ratio:   63.80
      Required ratio: 3134.60 (Side area) 
      Cumulative area ratio:  131.19
      Required ratio:    0.00 (Cumulative area) 
      Cumulative area ratio:  669.59
      Required ratio:    0.00 (Cumulative side area) 

    Via: M2M3_PR
      Partial area ratio:    0.05
      Required ratio:    6.00 (Gate area) 
      Cumulative area ratio:    0.61
      Required ratio:    0.00 (Cumulative area) 

    Via: M1M2_PR
      Partial area ratio:    0.09
      Required ratio:    6.00 (Gate area) 
      Cumulative area ratio:    0.20
      Required ratio:    0.00 (Cumulative area) 

    Via: L1M1_PR_MR
      Partial area ratio:    0.11
      Required ratio:    3.00 (Gate area) 
      Cumulative area ratio:    0.11
      Required ratio:    0.00 (Cumulative area) 

    Via: M3M4_PR
      Partial area ratio:    0.05
      Required ratio:    6.00 (Gate area) 
      Cumulative area ratio:    0.67
      Required ratio:    0.00 (Cumulative area) 

  Pin: _8025_/S (sky130_fd_sc_hd__mux2_1)
    Layer: met2
      Partial area ratio:   12.21
      Required ratio:    0.00 (Gate area) 
      Partial area ratio:   61.84
      Required ratio: 3134.60 (Side area) 
      Cumulative area ratio:  107.08
      Required ratio:    0.00 (Cumulative area) 
      Cumulative area ratio:  542.01
      Required ratio:    0.00 (Cumulative side area) 

    Layer: met1
      Partial area ratio:   94.87
      Required ratio:    0.00 (Gate area) 
      Partial area ratio:  480.17
      Required ratio:  400.00 (Side area) (VIOLATED)
      Cumulative area ratio:   94.87
      Required ratio:    0.00 (Cumulative area) 
      Cumulative area ratio:  480.17
      Required ratio:    0.00 (Cumulative side area) 

    Layer: li1
      Partial area ratio:    0.00
      Required ratio:    0.00 (Gate area) 
      Partial area ratio:    0.00
      Required ratio:   75.00 (Side area) 
      Cumulative area ratio:    0.00
      Required ratio:    0.00 (Cumulative area) 
      Cumulative area ratio:    0.00
      Required ratio:    0.00 (Cumulative side area) 

    Layer: met3
      Partial area ratio:    0.39
      Required ratio:    0.00 (Gate area) 
      Partial area ratio:    2.73
      Required ratio: 3134.60 (Side area) 
      Cumulative area ratio:  107.47
      Required ratio:    0.00 (Cumulative area) 
      Cumulative area ratio:  544.74
      Required ratio:    0.00 (Cumulative side area) 

    Layer: met4
      Partial area ratio:   11.89
      Required ratio:    0.00 (Gate area) 
      Partial area ratio:   63.80
      Required ratio: 3134.60 (Side area) 
      Cumulative area ratio:  119.36
      Required ratio:    0.00 (Cumulative area) 
      Cumulative area ratio:  608.54
      Required ratio:    0.00 (Cumulative side area) 

    Via: M2M3_PR
      Partial area ratio:    0.05
      Required ratio:    6.00 (Gate area) 
      Cumulative area ratio:    0.35
      Required ratio:    0.00 (Cumulative area) 

    Via: M1M2_PR
      Partial area ratio:    0.18
      Required ratio:    6.00 (Gate area) 
      Cumulative area ratio:    0.29
      Required ratio:    0.00 (Cumulative area) 

    Via: L1M1_PR_MR
      Partial area ratio:    0.11
      Required ratio:    3.00 (Gate area) 
      Cumulative area ratio:    0.11
      Required ratio:    0.00 (Cumulative area) 

    Via: M3M4_PR
      Partial area ratio:    0.05
      Required ratio:    6.00 (Gate area) 
      Cumulative area ratio:    0.40
      Required ratio:    0.00 (Cumulative area) 

  Pin: _8027_/S (sky130_fd_sc_hd__mux2_1)
    Layer: met4
      Partial area ratio:   11.89
      Required ratio:    0.00 (Gate area) 
      Partial area ratio:   63.80
      Required ratio: 3134.60 (Side area) 
      Cumulative area ratio:   48.51
      Required ratio:    0.00 (Cumulative area) 
      Cumulative area ratio:  263.24
      Required ratio:    0.00 (Cumulative side area) 

    Layer: met3
      Partial area ratio:   36.45
      Required ratio:    0.00 (Gate area) 
      Partial area ratio:  198.19
      Required ratio:  400.00 (Side area) 
      Cumulative area ratio:   36.62
      Required ratio:    0.00 (Cumulative area) 
      Cumulative area ratio:  199.44
      Required ratio:    0.00 (Cumulative side area) 

    Layer: met2
      Partial area ratio:    0.17
      Required ratio:    0.00 (Gate area) 
      Partial area ratio:    1.25
      Required ratio:  400.00 (Side area) 
      Cumulative area ratio:    0.17
      Required ratio:    0.00 (Cumulative area) 
      Cumulative area ratio:    1.25
      Required ratio:    0.00 (Cumulative side area) 

    Layer: met1
      Partial area ratio:    0.00
      Required ratio:    0.00 (Gate area) 
      Partial area ratio:    0.00
      Required ratio:  400.00 (Side area) 
      Cumulative area ratio:    0.00
      Required ratio:    0.00 (Cumulative area) 
      Cumulative area ratio:    0.00
      Required ratio:    0.00 (Cumulative side area) 

    Layer: li1
      Partial area ratio:    0.00
      Required ratio:    0.00 (Gate area) 
      Partial area ratio:    0.00
      Required ratio:   75.00 (Side area) 
      Cumulative area ratio:    0.00
      Required ratio:    0.00 (Cumulative area) 
      Cumulative area ratio:    0.00
      Required ratio:    0.00 (Cumulative side area) 

    Via: M3M4_PR
      Partial area ratio:    0.16
      Required ratio:    6.00 (Gate area) 
      Cumulative area ratio:    0.52
      Required ratio:    0.00 (Cumulative area) 

    Via: M2M3_PR
      Partial area ratio:    0.16
      Required ratio:    6.00 (Gate area) 
      Cumulative area ratio:    0.36
      Required ratio:    0.00 (Cumulative area) 

    Via: M1M2_PR
      Partial area ratio:    0.09
      Required ratio:    6.00 (Gate area) 
      Cumulative area ratio:    0.20
      Required ratio:    0.00 (Cumulative area) 

    Via: L1M1_PR_MR
      Partial area ratio:    0.11
      Required ratio:    3.00 (Gate area) 
      Cumulative area ratio:    0.11
      Required ratio:    0.00 (Cumulative area) 

  Pin: _8031_/S (sky130_fd_sc_hd__mux2_1)
    Layer: met4
      Partial area ratio:   11.89
      Required ratio:    0.00 (Gate area) 
      Partial area ratio:   63.80
      Required ratio: 3134.60 (Side area) 
      Cumulative area ratio:  123.81
      Required ratio:    0.00 (Cumulative area) 
      Cumulative area ratio:  656.26
      Required ratio:    0.00 (Cumulative side area) 

    Layer: met3
      Partial area ratio:   28.68
      Required ratio:    0.00 (Gate area) 
      Partial area ratio:  155.26
      Required ratio:  400.00 (Side area) 
      Cumulative area ratio:   75.48
      Required ratio:    0.00 (Cumulative area) 
      Cumulative area ratio:  394.28
      Required ratio:    0.00 (Cumulative side area) 

    Layer: met2
      Partial area ratio:   11.84
      Required ratio:    0.00 (Gate area) 
      Partial area ratio:   59.57
      Required ratio:  400.00 (Side area) 
      Cumulative area ratio:   46.79
      Required ratio:    0.00 (Cumulative area) 
      Cumulative area ratio:  239.01
      Required ratio:    0.00 (Cumulative side area) 

    Layer: met1
      Partial area ratio:    6.93
      Required ratio:    0.00 (Gate area) 
      Partial area ratio:   35.83
      Required ratio:  400.00 (Side area) 
      Cumulative area ratio:    6.93
      Required ratio:    0.00 (Cumulative area) 
      Cumulative area ratio:   35.83
      Required ratio:    0.00 (Cumulative side area) 

    Layer: li1
      Partial area ratio:    0.00
      Required ratio:    0.00 (Gate area) 
      Partial area ratio:    0.00
      Required ratio:   75.00 (Side area) 
      Cumulative area ratio:    0.00
      Required ratio:    0.00 (Cumulative area) 
      Cumulative area ratio:    0.00
      Required ratio:    0.00 (Cumulative side area) 

    Via: M3M4_PR
      Partial area ratio:    0.03
      Required ratio:    6.00 (Gate area) 
      Cumulative area ratio:    0.49
      Required ratio:    0.00 (Cumulative area) 

    Via: M2M3_PR
      Partial area ratio:    0.08
      Required ratio:    6.00 (Gate area) 
      Cumulative area ratio:    0.46
      Required ratio:    0.00 (Cumulative area) 

    Via: M1M2_PR
      Partial area ratio:    0.09
      Required ratio:    6.00 (Gate area) 
      Cumulative area ratio:    0.20
      Required ratio:    0.00 (Cumulative area) 

    Via: L1M1_PR_MR
      Partial area ratio:    0.11
      Required ratio:    3.00 (Gate area) 
      Cumulative area ratio:    0.11
      Required ratio:    0.00 (Cumulative area) 

  Pin: _8015_/S (sky130_fd_sc_hd__mux2_1)
    Layer: met4
      Partial area ratio:   11.89
      Required ratio:    0.00 (Gate area) 
      Partial area ratio:   63.80
      Required ratio: 3134.60 (Side area) 
      Cumulative area ratio:  116.88
      Required ratio:    0.00 (Cumulative area) 
      Cumulative area ratio:  620.43
      Required ratio:    0.00 (Cumulative side area) 

    Layer: met3
      Partial area ratio:   28.68
      Required ratio:    0.00 (Gate area) 
      Partial area ratio:  155.26
      Required ratio:  400.00 (Side area) 
      Cumulative area ratio:   68.54
      Required ratio:    0.00 (Cumulative area) 
      Cumulative area ratio:  358.44
      Required ratio:    0.00 (Cumulative side area) 

    Layer: met2
      Partial area ratio:   11.84
      Required ratio:    0.00 (Gate area) 
      Partial area ratio:   59.57
      Required ratio:  400.00 (Side area) 
      Cumulative area ratio:   39.86
      Required ratio:    0.00 (Cumulative area) 
      Cumulative area ratio:  203.18
      Required ratio:    0.00 (Cumulative side area) 

    Layer: met1
      Partial area ratio:   28.02
      Required ratio:    0.00 (Gate area) 
      Partial area ratio:  143.61
      Required ratio:  400.00 (Side area) 
      Cumulative area ratio:   28.02
      Required ratio:    0.00 (Cumulative area) 
      Cumulative area ratio:  143.61
      Required ratio:    0.00 (Cumulative side area) 

    Layer: li1
      Partial area ratio:    0.00
      Required ratio:    0.00 (Gate area) 
      Partial area ratio:    0.00
      Required ratio:   75.00 (Side area) 
      Cumulative area ratio:    0.00
      Required ratio:    0.00 (Cumulative area) 
      Cumulative area ratio:    0.00
      Required ratio:    0.00 (Cumulative side area) 

    Via: M3M4_PR
      Partial area ratio:    0.03
      Required ratio:    6.00 (Gate area) 
      Cumulative area ratio:    0.40
      Required ratio:    0.00 (Cumulative area) 

    Via: M2M3_PR
      Partial area ratio:    0.08
      Required ratio:    6.00 (Gate area) 
      Cumulative area ratio:    0.37
      Required ratio:    0.00 (Cumulative area) 

    Via: M1M2_PR
      Partial area ratio:    0.18
      Required ratio:    6.00 (Gate area) 
      Cumulative area ratio:    0.29
      Required ratio:    0.00 (Cumulative area) 

    Via: L1M1_PR_MR
      Partial area ratio:    0.11
      Required ratio:    3.00 (Gate area) 
      Cumulative area ratio:    0.11
      Required ratio:    0.00 (Cumulative area) 

  Pin: _8019_/S (sky130_fd_sc_hd__mux2_1)
    Layer: met4
      Partial area ratio:   11.89
      Required ratio:    0.00 (Gate area) 
      Partial area ratio:   63.80
      Required ratio: 3134.60 (Side area) 
      Cumulative area ratio:   77.38
      Required ratio:    0.00 (Cumulative area) 
      Cumulative area ratio:  419.45
      Required ratio:    0.00 (Cumulative side area) 

    Layer: met3
      Partial area ratio:   28.68
      Required ratio:    0.00 (Gate area) 
      Partial area ratio:  155.26
      Required ratio:  400.00 (Side area) 
      Cumulative area ratio:   29.04
      Required ratio:    0.00 (Cumulative area) 
      Cumulative area ratio:  157.46
      Required ratio:    0.00 (Cumulative side area) 

    Layer: met2
      Partial area ratio:    0.36
      Required ratio:    0.00 (Gate area) 
      Partial area ratio:    2.19
      Required ratio:  400.00 (Side area) 
      Cumulative area ratio:    0.36
      Required ratio:    0.00 (Cumulative area) 
      Cumulative area ratio:    2.19
      Required ratio:    0.00 (Cumulative side area) 

    Layer: met1
      Partial area ratio:    0.00
      Required ratio:    0.00 (Gate area) 
      Partial area ratio:    0.00
      Required ratio:  400.00 (Side area) 
      Cumulative area ratio:    0.00
      Required ratio:    0.00 (Cumulative area) 
      Cumulative area ratio:    0.00
      Required ratio:    0.00 (Cumulative side area) 

    Layer: li1
      Partial area ratio:    0.00
      Required ratio:    0.00 (Gate area) 
      Partial area ratio:    0.00
      Required ratio:   75.00 (Side area) 
      Cumulative area ratio:    0.00
      Required ratio:    0.00 (Cumulative area) 
      Cumulative area ratio:    0.00
      Required ratio:    0.00 (Cumulative side area) 

    Via: M3M4_PR
      Partial area ratio:    0.03
      Required ratio:    6.00 (Gate area) 
      Cumulative area ratio:    0.39
      Required ratio:    0.00 (Cumulative area) 

    Via: M2M3_PR
      Partial area ratio:    0.16
      Required ratio:    6.00 (Gate area) 
      Cumulative area ratio:    0.36
      Required ratio:    0.00 (Cumulative area) 

    Via: M1M2_PR
      Partial area ratio:    0.09
      Required ratio:    6.00 (Gate area) 
      Cumulative area ratio:    0.20
      Required ratio:    0.00 (Cumulative area) 

    Via: L1M1_PR_MR
      Partial area ratio:    0.11
      Required ratio:    3.00 (Gate area) 
      Cumulative area ratio:    0.11
      Required ratio:    0.00 (Cumulative area) 

  Pin: _8023_/S (sky130_fd_sc_hd__mux2_1)
    Layer: met4
      Partial area ratio:   11.89
      Required ratio:    0.00 (Gate area) 
      Partial area ratio:   63.80
      Required ratio: 3134.60 (Side area) 
      Cumulative area ratio:   79.84
      Required ratio:    0.00 (Cumulative area) 
      Cumulative area ratio:  431.72
      Required ratio:    0.00 (Cumulative side area) 

    Layer: met3
      Partial area ratio:   28.68
      Required ratio:    0.00 (Gate area) 
      Partial area ratio:  155.26
      Required ratio:  400.00 (Side area) 
      Cumulative area ratio:   31.50
      Required ratio:    0.00 (Cumulative area) 
      Cumulative area ratio:  169.74
      Required ratio:    0.00 (Cumulative side area) 

    Layer: met2
      Partial area ratio:    2.82
      Required ratio:    0.00 (Gate area) 
      Partial area ratio:   14.47
      Required ratio:  400.00 (Side area) 
      Cumulative area ratio:    2.82
      Required ratio:    0.00 (Cumulative area) 
      Cumulative area ratio:   14.47
      Required ratio:    0.00 (Cumulative side area) 

    Layer: met1
      Partial area ratio:    0.00
      Required ratio:    0.00 (Gate area) 
      Partial area ratio:    0.00
      Required ratio:  400.00 (Side area) 
      Cumulative area ratio:    0.00
      Required ratio:    0.00 (Cumulative area) 
      Cumulative area ratio:    0.00
      Required ratio:    0.00 (Cumulative side area) 

    Layer: li1
      Partial area ratio:    0.00
      Required ratio:    0.00 (Gate area) 
      Partial area ratio:    0.00
      Required ratio:   75.00 (Side area) 
      Cumulative area ratio:    0.00
      Required ratio:    0.00 (Cumulative area) 
      Cumulative area ratio:    0.00
      Required ratio:    0.00 (Cumulative side area) 

    Via: M3M4_PR
      Partial area ratio:    0.03
      Required ratio:    6.00 (Gate area) 
      Cumulative area ratio:    0.39
      Required ratio:    0.00 (Cumulative area) 

    Via: M2M3_PR
      Partial area ratio:    0.16
      Required ratio:    6.00 (Gate area) 
      Cumulative area ratio:    0.36
      Required ratio:    0.00 (Cumulative area) 

    Via: M1M2_PR
      Partial area ratio:    0.09
      Required ratio:    6.00 (Gate area) 
      Cumulative area ratio:    0.20
      Required ratio:    0.00 (Cumulative area) 

    Via: L1M1_PR_MR
      Partial area ratio:    0.11
      Required ratio:    3.00 (Gate area) 
      Cumulative area ratio:    0.11
      Required ratio:    0.00 (Cumulative area) 

  Pin: _8021_/S (sky130_fd_sc_hd__mux2_1)
    Layer: met4
      Partial area ratio:   11.89
      Required ratio:    0.00 (Gate area) 
      Partial area ratio:   63.80
      Required ratio: 3134.60 (Side area) 
      Cumulative area ratio:   77.19
      Required ratio:    0.00 (Cumulative area) 
      Cumulative area ratio:  418.50
      Required ratio:    0.00 (Cumulative side area) 

    Layer: met3
      Partial area ratio:   28.68
      Required ratio:    0.00 (Gate area) 
      Partial area ratio:  155.26
      Required ratio:  400.00 (Side area) 
      Cumulative area ratio:   28.86
      Required ratio:    0.00 (Cumulative area) 
      Cumulative area ratio:  156.51
      Required ratio:    0.00 (Cumulative side area) 

    Layer: met2
      Partial area ratio:    0.17
      Required ratio:    0.00 (Gate area) 
      Partial area ratio:    1.25
      Required ratio:  400.00 (Side area) 
      Cumulative area ratio:    0.17
      Required ratio:    0.00 (Cumulative area) 
      Cumulative area ratio:    1.25
      Required ratio:    0.00 (Cumulative side area) 

    Layer: met1
      Partial area ratio:    0.00
      Required ratio:    0.00 (Gate area) 
      Partial area ratio:    0.00
      Required ratio:  400.00 (Side area) 
      Cumulative area ratio:    0.00
      Required ratio:    0.00 (Cumulative area) 
      Cumulative area ratio:    0.00
      Required ratio:    0.00 (Cumulative side area) 

    Layer: li1
      Partial area ratio:    0.00
      Required ratio:    0.00 (Gate area) 
      Partial area ratio:    0.00
      Required ratio:   75.00 (Side area) 
      Cumulative area ratio:    0.00
      Required ratio:    0.00 (Cumulative area) 
      Cumulative area ratio:    0.00
      Required ratio:    0.00 (Cumulative side area) 

    Via: M3M4_PR
      Partial area ratio:    0.03
      Required ratio:    6.00 (Gate area) 
      Cumulative area ratio:    0.39
      Required ratio:    0.00 (Cumulative area) 

    Via: M2M3_PR
      Partial area ratio:    0.16
      Required ratio:    6.00 (Gate area) 
      Cumulative area ratio:    0.36
      Required ratio:    0.00 (Cumulative area) 

    Via: M1M2_PR
      Partial area ratio:    0.09
      Required ratio:    6.00 (Gate area) 
      Cumulative area ratio:    0.20
      Required ratio:    0.00 (Cumulative area) 

    Via: L1M1_PR_MR
      Partial area ratio:    0.11
      Required ratio:    3.00 (Gate area) 
      Cumulative area ratio:    0.11
      Required ratio:    0.00 (Cumulative area) 

  Pin: _8013_/S (sky130_fd_sc_hd__mux2_1)
    Layer: met4
      Partial area ratio:   11.89
      Required ratio:    0.00 (Gate area) 
      Partial area ratio:   63.80
      Required ratio: 3134.60 (Side area) 
      Cumulative area ratio:   48.70
      Required ratio:    0.00 (Cumulative area) 
      Cumulative area ratio:  264.18
      Required ratio:    0.00 (Cumulative side area) 

    Layer: met3
      Partial area ratio:   36.45
      Required ratio:    0.00 (Gate area) 
      Partial area ratio:  198.19
      Required ratio:  400.00 (Side area) 
      Cumulative area ratio:   36.81
      Required ratio:    0.00 (Cumulative area) 
      Cumulative area ratio:  200.38
      Required ratio:    0.00 (Cumulative side area) 

    Layer: met2
      Partial area ratio:    0.36
      Required ratio:    0.00 (Gate area) 
      Partial area ratio:    2.19
      Required ratio:  400.00 (Side area) 
      Cumulative area ratio:    0.36
      Required ratio:    0.00 (Cumulative area) 
      Cumulative area ratio:    2.19
      Required ratio:    0.00 (Cumulative side area) 

    Layer: met1
      Partial area ratio:    0.00
      Required ratio:    0.00 (Gate area) 
      Partial area ratio:    0.00
      Required ratio:  400.00 (Side area) 
      Cumulative area ratio:    0.00
      Required ratio:    0.00 (Cumulative area) 
      Cumulative area ratio:    0.00
      Required ratio:    0.00 (Cumulative side area) 

    Layer: li1
      Partial area ratio:    0.00
      Required ratio:    0.00 (Gate area) 
      Partial area ratio:    0.00
      Required ratio:   75.00 (Side area) 
      Cumulative area ratio:    0.00
      Required ratio:    0.00 (Cumulative area) 
      Cumulative area ratio:    0.00
      Required ratio:    0.00 (Cumulative side area) 

    Via: M3M4_PR
      Partial area ratio:    0.16
      Required ratio:    6.00 (Gate area) 
      Cumulative area ratio:    0.52
      Required ratio:    0.00 (Cumulative area) 

    Via: M2M3_PR
      Partial area ratio:    0.16
      Required ratio:    6.00 (Gate area) 
      Cumulative area ratio:    0.36
      Required ratio:    0.00 (Cumulative area) 

    Via: M1M2_PR
      Partial area ratio:    0.09
      Required ratio:    6.00 (Gate area) 
      Cumulative area ratio:    0.20
      Required ratio:    0.00 (Cumulative area) 

    Via: L1M1_PR_MR
      Partial area ratio:    0.11
      Required ratio:    3.00 (Gate area) 
      Cumulative area ratio:    0.11
      Required ratio:    0.00 (Cumulative area) 


[INFO ANT-0002] Found 3 net violations.
[INFO ANT-0001] Found 5 pin violations.
