
64. Printing statistics.

=== zero_to_five_counter ===

   Number of wires:                194
   Number of wire bits:            196
   Number of public wires:          30
   Number of public wire bits:      32
   Number of memories:               0
   Number of memory bits:            0
   Number of processes:              0
   Number of cells:                194
     sky130_fd_sc_hd__a21boi_2       1
     sky130_fd_sc_hd__a21o_2         9
     sky130_fd_sc_hd__a22oi_2        1
     sky130_fd_sc_hd__a31o_2         2
     sky130_fd_sc_hd__and2_2         9
     sky130_fd_sc_hd__and2b_2        1
     sky130_fd_sc_hd__and3_2        18
     sky130_fd_sc_hd__and3b_2       15
     sky130_fd_sc_hd__and4_2         6
     sky130_fd_sc_hd__and4b_2        1
     sky130_fd_sc_hd__buf_1         31
     sky130_fd_sc_hd__dfrtp_2       30
     sky130_fd_sc_hd__inv_2         33
     sky130_fd_sc_hd__nand2_2       11
     sky130_fd_sc_hd__nand3_2        2
     sky130_fd_sc_hd__nor3_2         1
     sky130_fd_sc_hd__o211a_2        1
     sky130_fd_sc_hd__o31a_2         1
     sky130_fd_sc_hd__or2_2         15
     sky130_fd_sc_hd__or3_2          1
     sky130_fd_sc_hd__or3b_2         1
     sky130_fd_sc_hd__or4_2          1
     sky130_fd_sc_hd__or4b_2         1
     sky130_fd_sc_hd__xnor2_2        2

   Chip area for module '\zero_to_five_counter': 1861.785600

