
===========================================================================
report_checks -path_delay max (Setup)
============================================================================
======================= Typical Corner ===================================

Startpoint: _331_ (rising edge-triggered flip-flop clocked by core_clock)
Endpoint: _332_ (rising edge-triggered flip-flop clocked by core_clock)
Path Group: core_clock
Path Type: max

Fanout     Cap    Slew   Delay    Time   Description
-----------------------------------------------------------------------------
                  0.00    0.00    0.00   clock core_clock (rise edge)
                          0.00    0.00   clock network delay (ideal)
                  0.00    0.00    0.00 ^ _331_/CLK (sky130_fd_sc_hd__dfrtp_2)
     7    0.02    0.08    0.41    0.41 v _331_/Q (sky130_fd_sc_hd__dfrtp_2)
                                         one_second_counter[0] (net)
                  0.08    0.00    0.41 v _164_/D (sky130_fd_sc_hd__and4_2)
     6    0.01    0.06    0.27    0.68 v _164_/X (sky130_fd_sc_hd__and4_2)
                                         _156_ (net)
                  0.06    0.00    0.68 v _165_/D (sky130_fd_sc_hd__and4_2)
     6    0.01    0.06    0.26    0.94 v _165_/X (sky130_fd_sc_hd__and4_2)
                                         _157_ (net)
                  0.06    0.00    0.94 v _166_/B (sky130_fd_sc_hd__and2_2)
     5    0.01    0.06    0.21    1.16 v _166_/X (sky130_fd_sc_hd__and2_2)
                                         _158_ (net)
                  0.06    0.00    1.16 v _187_/A2 (sky130_fd_sc_hd__o31a_2)
     1    0.00    0.05    0.31    1.47 v _187_/X (sky130_fd_sc_hd__o31a_2)
                                         _072_ (net)
                  0.05    0.00    1.47 v _189_/B (sky130_fd_sc_hd__or3_2)
     1    0.00    0.08    0.45    1.92 v _189_/X (sky130_fd_sc_hd__or3_2)
                                         _074_ (net)
                  0.08    0.00    1.92 v _190_/B2 (sky130_fd_sc_hd__a22oi_2)
     9    0.02    0.26    0.25    2.16 ^ _190_/Y (sky130_fd_sc_hd__a22oi_2)
                                         _075_ (net)
                  0.26    0.00    2.16 ^ _199_/A (sky130_fd_sc_hd__buf_1)
    10    0.02    0.20    0.23    2.39 ^ _199_/X (sky130_fd_sc_hd__buf_1)
                                         _082_ (net)
                  0.20    0.00    2.39 ^ _279_/B (sky130_fd_sc_hd__and3_2)
     1    0.00    0.04    0.20    2.59 ^ _279_/X (sky130_fd_sc_hd__and3_2)
                                         _142_ (net)
                  0.04    0.00    2.59 ^ _280_/A (sky130_fd_sc_hd__buf_1)
     1    0.00    0.04    0.07    2.66 ^ _280_/X (sky130_fd_sc_hd__buf_1)
                                         _011_ (net)
                  0.04    0.00    2.66 ^ _332_/D (sky130_fd_sc_hd__dfrtp_2)
                                  2.66   data arrival time

                  0.00   10.00   10.00   clock core_clock (rise edge)
                          0.00   10.00   clock network delay (ideal)
                          0.00   10.00   clock reconvergence pessimism
                                 10.00 ^ _332_/CLK (sky130_fd_sc_hd__dfrtp_2)
                         -0.07    9.93   library setup time
                                  9.93   data required time
-----------------------------------------------------------------------------
                                  9.93   data required time
                                 -2.66   data arrival time
-----------------------------------------------------------------------------
                                  7.27   slack (MET)


Startpoint: _331_ (rising edge-triggered flip-flop clocked by core_clock)
Endpoint: _339_ (rising edge-triggered flip-flop clocked by core_clock)
Path Group: core_clock
Path Type: max

Fanout     Cap    Slew   Delay    Time   Description
-----------------------------------------------------------------------------
                  0.00    0.00    0.00   clock core_clock (rise edge)
                          0.00    0.00   clock network delay (ideal)
                  0.00    0.00    0.00 ^ _331_/CLK (sky130_fd_sc_hd__dfrtp_2)
     7    0.02    0.08    0.41    0.41 v _331_/Q (sky130_fd_sc_hd__dfrtp_2)
                                         one_second_counter[0] (net)
                  0.08    0.00    0.41 v _164_/D (sky130_fd_sc_hd__and4_2)
     6    0.01    0.06    0.27    0.68 v _164_/X (sky130_fd_sc_hd__and4_2)
                                         _156_ (net)
                  0.06    0.00    0.68 v _165_/D (sky130_fd_sc_hd__and4_2)
     6    0.01    0.06    0.26    0.94 v _165_/X (sky130_fd_sc_hd__and4_2)
                                         _157_ (net)
                  0.06    0.00    0.94 v _166_/B (sky130_fd_sc_hd__and2_2)
     5    0.01    0.06    0.21    1.16 v _166_/X (sky130_fd_sc_hd__and2_2)
                                         _158_ (net)
                  0.06    0.00    1.16 v _187_/A2 (sky130_fd_sc_hd__o31a_2)
     1    0.00    0.05    0.31    1.47 v _187_/X (sky130_fd_sc_hd__o31a_2)
                                         _072_ (net)
                  0.05    0.00    1.47 v _189_/B (sky130_fd_sc_hd__or3_2)
     1    0.00    0.08    0.45    1.92 v _189_/X (sky130_fd_sc_hd__or3_2)
                                         _074_ (net)
                  0.08    0.00    1.92 v _190_/B2 (sky130_fd_sc_hd__a22oi_2)
     9    0.02    0.26    0.25    2.16 ^ _190_/Y (sky130_fd_sc_hd__a22oi_2)
                                         _075_ (net)
                  0.26    0.00    2.16 ^ _199_/A (sky130_fd_sc_hd__buf_1)
    10    0.02    0.20    0.23    2.39 ^ _199_/X (sky130_fd_sc_hd__buf_1)
                                         _082_ (net)
                  0.20    0.00    2.39 ^ _202_/A (sky130_fd_sc_hd__and3_2)
     1    0.00    0.04    0.20    2.59 ^ _202_/X (sky130_fd_sc_hd__and3_2)
                                         _085_ (net)
                  0.04    0.00    2.59 ^ _203_/A (sky130_fd_sc_hd__buf_1)
     1    0.00    0.04    0.07    2.66 ^ _203_/X (sky130_fd_sc_hd__buf_1)
                                         _025_ (net)
                  0.04    0.00    2.66 ^ _339_/D (sky130_fd_sc_hd__dfrtp_2)
                                  2.66   data arrival time

                  0.00   10.00   10.00   clock core_clock (rise edge)
                          0.00   10.00   clock network delay (ideal)
                          0.00   10.00   clock reconvergence pessimism
                                 10.00 ^ _339_/CLK (sky130_fd_sc_hd__dfrtp_2)
                         -0.07    9.93   library setup time
                                  9.93   data required time
-----------------------------------------------------------------------------
                                  9.93   data required time
                                 -2.66   data arrival time
-----------------------------------------------------------------------------
                                  7.27   slack (MET)


Startpoint: _331_ (rising edge-triggered flip-flop clocked by core_clock)
Endpoint: _341_ (rising edge-triggered flip-flop clocked by core_clock)
Path Group: core_clock
Path Type: max

Fanout     Cap    Slew   Delay    Time   Description
-----------------------------------------------------------------------------
                  0.00    0.00    0.00   clock core_clock (rise edge)
                          0.00    0.00   clock network delay (ideal)
                  0.00    0.00    0.00 ^ _331_/CLK (sky130_fd_sc_hd__dfrtp_2)
     7    0.02    0.08    0.41    0.41 v _331_/Q (sky130_fd_sc_hd__dfrtp_2)
                                         one_second_counter[0] (net)
                  0.08    0.00    0.41 v _164_/D (sky130_fd_sc_hd__and4_2)
     6    0.01    0.06    0.27    0.68 v _164_/X (sky130_fd_sc_hd__and4_2)
                                         _156_ (net)
                  0.06    0.00    0.68 v _165_/D (sky130_fd_sc_hd__and4_2)
     6    0.01    0.06    0.26    0.94 v _165_/X (sky130_fd_sc_hd__and4_2)
                                         _157_ (net)
                  0.06    0.00    0.94 v _166_/B (sky130_fd_sc_hd__and2_2)
     5    0.01    0.06    0.21    1.16 v _166_/X (sky130_fd_sc_hd__and2_2)
                                         _158_ (net)
                  0.06    0.00    1.16 v _187_/A2 (sky130_fd_sc_hd__o31a_2)
     1    0.00    0.05    0.31    1.47 v _187_/X (sky130_fd_sc_hd__o31a_2)
                                         _072_ (net)
                  0.05    0.00    1.47 v _189_/B (sky130_fd_sc_hd__or3_2)
     1    0.00    0.08    0.45    1.92 v _189_/X (sky130_fd_sc_hd__or3_2)
                                         _074_ (net)
                  0.08    0.00    1.92 v _190_/B2 (sky130_fd_sc_hd__a22oi_2)
     9    0.02    0.26    0.25    2.16 ^ _190_/Y (sky130_fd_sc_hd__a22oi_2)
                                         _075_ (net)
                  0.26    0.00    2.16 ^ _199_/A (sky130_fd_sc_hd__buf_1)
    10    0.02    0.20    0.23    2.39 ^ _199_/X (sky130_fd_sc_hd__buf_1)
                                         _082_ (net)
                  0.20    0.00    2.39 ^ _211_/A (sky130_fd_sc_hd__and3_2)
     1    0.00    0.04    0.20    2.59 ^ _211_/X (sky130_fd_sc_hd__and3_2)
                                         _092_ (net)
                  0.04    0.00    2.59 ^ _212_/A (sky130_fd_sc_hd__buf_1)
     1    0.00    0.04    0.07    2.66 ^ _212_/X (sky130_fd_sc_hd__buf_1)
                                         _001_ (net)
                  0.04    0.00    2.66 ^ _341_/D (sky130_fd_sc_hd__dfrtp_2)
                                  2.66   data arrival time

                  0.00   10.00   10.00   clock core_clock (rise edge)
                          0.00   10.00   clock network delay (ideal)
                          0.00   10.00   clock reconvergence pessimism
                                 10.00 ^ _341_/CLK (sky130_fd_sc_hd__dfrtp_2)
                         -0.07    9.93   library setup time
                                  9.93   data required time
-----------------------------------------------------------------------------
                                  9.93   data required time
                                 -2.66   data arrival time
-----------------------------------------------------------------------------
                                  7.27   slack (MET)


Startpoint: _331_ (rising edge-triggered flip-flop clocked by core_clock)
Endpoint: _348_ (rising edge-triggered flip-flop clocked by core_clock)
Path Group: core_clock
Path Type: max

Fanout     Cap    Slew   Delay    Time   Description
-----------------------------------------------------------------------------
                  0.00    0.00    0.00   clock core_clock (rise edge)
                          0.00    0.00   clock network delay (ideal)
                  0.00    0.00    0.00 ^ _331_/CLK (sky130_fd_sc_hd__dfrtp_2)
     7    0.02    0.08    0.41    0.41 v _331_/Q (sky130_fd_sc_hd__dfrtp_2)
                                         one_second_counter[0] (net)
                  0.08    0.00    0.41 v _164_/D (sky130_fd_sc_hd__and4_2)
     6    0.01    0.06    0.27    0.68 v _164_/X (sky130_fd_sc_hd__and4_2)
                                         _156_ (net)
                  0.06    0.00    0.68 v _165_/D (sky130_fd_sc_hd__and4_2)
     6    0.01    0.06    0.26    0.94 v _165_/X (sky130_fd_sc_hd__and4_2)
                                         _157_ (net)
                  0.06    0.00    0.94 v _166_/B (sky130_fd_sc_hd__and2_2)
     5    0.01    0.06    0.21    1.16 v _166_/X (sky130_fd_sc_hd__and2_2)
                                         _158_ (net)
                  0.06    0.00    1.16 v _187_/A2 (sky130_fd_sc_hd__o31a_2)
     1    0.00    0.05    0.31    1.47 v _187_/X (sky130_fd_sc_hd__o31a_2)
                                         _072_ (net)
                  0.05    0.00    1.47 v _189_/B (sky130_fd_sc_hd__or3_2)
     1    0.00    0.08    0.45    1.92 v _189_/X (sky130_fd_sc_hd__or3_2)
                                         _074_ (net)
                  0.08    0.00    1.92 v _190_/B2 (sky130_fd_sc_hd__a22oi_2)
     9    0.02    0.26    0.25    2.16 ^ _190_/Y (sky130_fd_sc_hd__a22oi_2)
                                         _075_ (net)
                  0.26    0.00    2.16 ^ _199_/A (sky130_fd_sc_hd__buf_1)
    10    0.02    0.20    0.23    2.39 ^ _199_/X (sky130_fd_sc_hd__buf_1)
                                         _082_ (net)
                  0.20    0.00    2.39 ^ _239_/A (sky130_fd_sc_hd__and3_2)
     1    0.00    0.04    0.20    2.59 ^ _239_/X (sky130_fd_sc_hd__and3_2)
                                         _113_ (net)
                  0.04    0.00    2.59 ^ _240_/A (sky130_fd_sc_hd__buf_1)
     1    0.00    0.04    0.07    2.66 ^ _240_/X (sky130_fd_sc_hd__buf_1)
                                         _008_ (net)
                  0.04    0.00    2.66 ^ _348_/D (sky130_fd_sc_hd__dfrtp_2)
                                  2.66   data arrival time

                  0.00   10.00   10.00   clock core_clock (rise edge)
                          0.00   10.00   clock network delay (ideal)
                          0.00   10.00   clock reconvergence pessimism
                                 10.00 ^ _348_/CLK (sky130_fd_sc_hd__dfrtp_2)
                         -0.07    9.93   library setup time
                                  9.93   data required time
-----------------------------------------------------------------------------
                                  9.93   data required time
                                 -2.66   data arrival time
-----------------------------------------------------------------------------
                                  7.27   slack (MET)


Startpoint: _331_ (rising edge-triggered flip-flop clocked by core_clock)
Endpoint: _352_ (rising edge-triggered flip-flop clocked by core_clock)
Path Group: core_clock
Path Type: max

Fanout     Cap    Slew   Delay    Time   Description
-----------------------------------------------------------------------------
                  0.00    0.00    0.00   clock core_clock (rise edge)
                          0.00    0.00   clock network delay (ideal)
                  0.00    0.00    0.00 ^ _331_/CLK (sky130_fd_sc_hd__dfrtp_2)
     7    0.02    0.08    0.41    0.41 v _331_/Q (sky130_fd_sc_hd__dfrtp_2)
                                         one_second_counter[0] (net)
                  0.08    0.00    0.41 v _164_/D (sky130_fd_sc_hd__and4_2)
     6    0.01    0.06    0.27    0.68 v _164_/X (sky130_fd_sc_hd__and4_2)
                                         _156_ (net)
                  0.06    0.00    0.68 v _165_/D (sky130_fd_sc_hd__and4_2)
     6    0.01    0.06    0.26    0.94 v _165_/X (sky130_fd_sc_hd__and4_2)
                                         _157_ (net)
                  0.06    0.00    0.94 v _166_/B (sky130_fd_sc_hd__and2_2)
     5    0.01    0.06    0.21    1.16 v _166_/X (sky130_fd_sc_hd__and2_2)
                                         _158_ (net)
                  0.06    0.00    1.16 v _187_/A2 (sky130_fd_sc_hd__o31a_2)
     1    0.00    0.05    0.31    1.47 v _187_/X (sky130_fd_sc_hd__o31a_2)
                                         _072_ (net)
                  0.05    0.00    1.47 v _189_/B (sky130_fd_sc_hd__or3_2)
     1    0.00    0.08    0.45    1.92 v _189_/X (sky130_fd_sc_hd__or3_2)
                                         _074_ (net)
                  0.08    0.00    1.92 v _190_/B2 (sky130_fd_sc_hd__a22oi_2)
     9    0.02    0.26    0.25    2.16 ^ _190_/Y (sky130_fd_sc_hd__a22oi_2)
                                         _075_ (net)
                  0.26    0.00    2.16 ^ _199_/A (sky130_fd_sc_hd__buf_1)
    10    0.02    0.20    0.23    2.39 ^ _199_/X (sky130_fd_sc_hd__buf_1)
                                         _082_ (net)
                  0.20    0.00    2.39 ^ _255_/A (sky130_fd_sc_hd__and3_2)
     1    0.00    0.04    0.20    2.59 ^ _255_/X (sky130_fd_sc_hd__and3_2)
                                         _125_ (net)
                  0.04    0.00    2.59 ^ _256_/A (sky130_fd_sc_hd__buf_1)
     1    0.00    0.04    0.07    2.66 ^ _256_/X (sky130_fd_sc_hd__buf_1)
                                         _013_ (net)
                  0.04    0.00    2.66 ^ _352_/D (sky130_fd_sc_hd__dfrtp_2)
                                  2.66   data arrival time

                  0.00   10.00   10.00   clock core_clock (rise edge)
                          0.00   10.00   clock network delay (ideal)
                          0.00   10.00   clock reconvergence pessimism
                                 10.00 ^ _352_/CLK (sky130_fd_sc_hd__dfrtp_2)
                         -0.07    9.93   library setup time
                                  9.93   data required time
-----------------------------------------------------------------------------
                                  9.93   data required time
                                 -2.66   data arrival time
-----------------------------------------------------------------------------
                                  7.27   slack (MET)


Startpoint: _331_ (rising edge-triggered flip-flop clocked by core_clock)
Endpoint: _355_ (rising edge-triggered flip-flop clocked by core_clock)
Path Group: core_clock
Path Type: max

Fanout     Cap    Slew   Delay    Time   Description
-----------------------------------------------------------------------------
                  0.00    0.00    0.00   clock core_clock (rise edge)
                          0.00    0.00   clock network delay (ideal)
                  0.00    0.00    0.00 ^ _331_/CLK (sky130_fd_sc_hd__dfrtp_2)
     7    0.02    0.08    0.41    0.41 v _331_/Q (sky130_fd_sc_hd__dfrtp_2)
                                         one_second_counter[0] (net)
                  0.08    0.00    0.41 v _164_/D (sky130_fd_sc_hd__and4_2)
     6    0.01    0.06    0.27    0.68 v _164_/X (sky130_fd_sc_hd__and4_2)
                                         _156_ (net)
                  0.06    0.00    0.68 v _165_/D (sky130_fd_sc_hd__and4_2)
     6    0.01    0.06    0.26    0.94 v _165_/X (sky130_fd_sc_hd__and4_2)
                                         _157_ (net)
                  0.06    0.00    0.94 v _166_/B (sky130_fd_sc_hd__and2_2)
     5    0.01    0.06    0.21    1.16 v _166_/X (sky130_fd_sc_hd__and2_2)
                                         _158_ (net)
                  0.06    0.00    1.16 v _187_/A2 (sky130_fd_sc_hd__o31a_2)
     1    0.00    0.05    0.31    1.47 v _187_/X (sky130_fd_sc_hd__o31a_2)
                                         _072_ (net)
                  0.05    0.00    1.47 v _189_/B (sky130_fd_sc_hd__or3_2)
     1    0.00    0.08    0.45    1.92 v _189_/X (sky130_fd_sc_hd__or3_2)
                                         _074_ (net)
                  0.08    0.00    1.92 v _190_/B2 (sky130_fd_sc_hd__a22oi_2)
     9    0.02    0.26    0.25    2.16 ^ _190_/Y (sky130_fd_sc_hd__a22oi_2)
                                         _075_ (net)
                  0.26    0.00    2.16 ^ _199_/A (sky130_fd_sc_hd__buf_1)
    10    0.02    0.20    0.23    2.39 ^ _199_/X (sky130_fd_sc_hd__buf_1)
                                         _082_ (net)
                  0.20    0.00    2.39 ^ _267_/A (sky130_fd_sc_hd__and3_2)
     1    0.00    0.04    0.20    2.59 ^ _267_/X (sky130_fd_sc_hd__and3_2)
                                         _134_ (net)
                  0.04    0.00    2.59 ^ _268_/A (sky130_fd_sc_hd__buf_1)
     1    0.00    0.04    0.07    2.66 ^ _268_/X (sky130_fd_sc_hd__buf_1)
                                         _016_ (net)
                  0.04    0.00    2.66 ^ _355_/D (sky130_fd_sc_hd__dfrtp_2)
                                  2.66   data arrival time

                  0.00   10.00   10.00   clock core_clock (rise edge)
                          0.00   10.00   clock network delay (ideal)
                          0.00   10.00   clock reconvergence pessimism
                                 10.00 ^ _355_/CLK (sky130_fd_sc_hd__dfrtp_2)
                         -0.07    9.93   library setup time
                                  9.93   data required time
-----------------------------------------------------------------------------
                                  9.93   data required time
                                 -2.66   data arrival time
-----------------------------------------------------------------------------
                                  7.27   slack (MET)


Startpoint: _331_ (rising edge-triggered flip-flop clocked by core_clock)
Endpoint: _356_ (rising edge-triggered flip-flop clocked by core_clock)
Path Group: core_clock
Path Type: max

Fanout     Cap    Slew   Delay    Time   Description
-----------------------------------------------------------------------------
                  0.00    0.00    0.00   clock core_clock (rise edge)
                          0.00    0.00   clock network delay (ideal)
                  0.00    0.00    0.00 ^ _331_/CLK (sky130_fd_sc_hd__dfrtp_2)
     7    0.02    0.08    0.41    0.41 v _331_/Q (sky130_fd_sc_hd__dfrtp_2)
                                         one_second_counter[0] (net)
                  0.08    0.00    0.41 v _164_/D (sky130_fd_sc_hd__and4_2)
     6    0.01    0.06    0.27    0.68 v _164_/X (sky130_fd_sc_hd__and4_2)
                                         _156_ (net)
                  0.06    0.00    0.68 v _165_/D (sky130_fd_sc_hd__and4_2)
     6    0.01    0.06    0.26    0.94 v _165_/X (sky130_fd_sc_hd__and4_2)
                                         _157_ (net)
                  0.06    0.00    0.94 v _166_/B (sky130_fd_sc_hd__and2_2)
     5    0.01    0.06    0.21    1.16 v _166_/X (sky130_fd_sc_hd__and2_2)
                                         _158_ (net)
                  0.06    0.00    1.16 v _187_/A2 (sky130_fd_sc_hd__o31a_2)
     1    0.00    0.05    0.31    1.47 v _187_/X (sky130_fd_sc_hd__o31a_2)
                                         _072_ (net)
                  0.05    0.00    1.47 v _189_/B (sky130_fd_sc_hd__or3_2)
     1    0.00    0.08    0.45    1.92 v _189_/X (sky130_fd_sc_hd__or3_2)
                                         _074_ (net)
                  0.08    0.00    1.92 v _190_/B2 (sky130_fd_sc_hd__a22oi_2)
     9    0.02    0.26    0.25    2.16 ^ _190_/Y (sky130_fd_sc_hd__a22oi_2)
                                         _075_ (net)
                  0.26    0.00    2.16 ^ _199_/A (sky130_fd_sc_hd__buf_1)
    10    0.02    0.20    0.23    2.39 ^ _199_/X (sky130_fd_sc_hd__buf_1)
                                         _082_ (net)
                  0.20    0.00    2.39 ^ _271_/A (sky130_fd_sc_hd__and3_2)
     1    0.00    0.04    0.20    2.59 ^ _271_/X (sky130_fd_sc_hd__and3_2)
                                         _137_ (net)
                  0.04    0.00    2.59 ^ _272_/A (sky130_fd_sc_hd__buf_1)
     1    0.00    0.04    0.07    2.66 ^ _272_/X (sky130_fd_sc_hd__buf_1)
                                         _017_ (net)
                  0.04    0.00    2.66 ^ _356_/D (sky130_fd_sc_hd__dfrtp_2)
                                  2.66   data arrival time

                  0.00   10.00   10.00   clock core_clock (rise edge)
                          0.00   10.00   clock network delay (ideal)
                          0.00   10.00   clock reconvergence pessimism
                                 10.00 ^ _356_/CLK (sky130_fd_sc_hd__dfrtp_2)
                         -0.07    9.93   library setup time
                                  9.93   data required time
-----------------------------------------------------------------------------
                                  9.93   data required time
                                 -2.66   data arrival time
-----------------------------------------------------------------------------
                                  7.27   slack (MET)


Startpoint: _331_ (rising edge-triggered flip-flop clocked by core_clock)
Endpoint: _337_ (rising edge-triggered flip-flop clocked by core_clock)
Path Group: core_clock
Path Type: max

Fanout     Cap    Slew   Delay    Time   Description
-----------------------------------------------------------------------------
                  0.00    0.00    0.00   clock core_clock (rise edge)
                          0.00    0.00   clock network delay (ideal)
                  0.00    0.00    0.00 ^ _331_/CLK (sky130_fd_sc_hd__dfrtp_2)
     7    0.02    0.08    0.41    0.41 v _331_/Q (sky130_fd_sc_hd__dfrtp_2)
                                         one_second_counter[0] (net)
                  0.08    0.00    0.41 v _164_/D (sky130_fd_sc_hd__and4_2)
     6    0.01    0.06    0.27    0.68 v _164_/X (sky130_fd_sc_hd__and4_2)
                                         _156_ (net)
                  0.06    0.00    0.68 v _165_/D (sky130_fd_sc_hd__and4_2)
     6    0.01    0.06    0.26    0.94 v _165_/X (sky130_fd_sc_hd__and4_2)
                                         _157_ (net)
                  0.06    0.00    0.94 v _166_/B (sky130_fd_sc_hd__and2_2)
     5    0.01    0.06    0.21    1.16 v _166_/X (sky130_fd_sc_hd__and2_2)
                                         _158_ (net)
                  0.06    0.00    1.16 v _187_/A2 (sky130_fd_sc_hd__o31a_2)
     1    0.00    0.05    0.31    1.47 v _187_/X (sky130_fd_sc_hd__o31a_2)
                                         _072_ (net)
                  0.05    0.00    1.47 v _189_/B (sky130_fd_sc_hd__or3_2)
     1    0.00    0.08    0.45    1.92 v _189_/X (sky130_fd_sc_hd__or3_2)
                                         _074_ (net)
                  0.08    0.00    1.92 v _190_/B2 (sky130_fd_sc_hd__a22oi_2)
     9    0.02    0.26    0.25    2.16 ^ _190_/Y (sky130_fd_sc_hd__a22oi_2)
                                         _075_ (net)
                  0.26    0.00    2.16 ^ _191_/A (sky130_fd_sc_hd__buf_1)
    10    0.02    0.19    0.22    2.38 ^ _191_/X (sky130_fd_sc_hd__buf_1)
                                         _076_ (net)
                  0.19    0.00    2.38 ^ _194_/B (sky130_fd_sc_hd__and3b_2)
     1    0.00    0.04    0.20    2.58 ^ _194_/X (sky130_fd_sc_hd__and3b_2)
                                         _079_ (net)
                  0.04    0.00    2.58 ^ _195_/A (sky130_fd_sc_hd__buf_1)
     1    0.00    0.04    0.07    2.66 ^ _195_/X (sky130_fd_sc_hd__buf_1)
                                         _023_ (net)
                  0.04    0.00    2.66 ^ _337_/D (sky130_fd_sc_hd__dfrtp_2)
                                  2.66   data arrival time

                  0.00   10.00   10.00   clock core_clock (rise edge)
                          0.00   10.00   clock network delay (ideal)
                          0.00   10.00   clock reconvergence pessimism
                                 10.00 ^ _337_/CLK (sky130_fd_sc_hd__dfrtp_2)
                         -0.07    9.93   library setup time
                                  9.93   data required time
-----------------------------------------------------------------------------
                                  9.93   data required time
                                 -2.66   data arrival time
-----------------------------------------------------------------------------
                                  7.28   slack (MET)


Startpoint: _331_ (rising edge-triggered flip-flop clocked by core_clock)
Endpoint: _338_ (rising edge-triggered flip-flop clocked by core_clock)
Path Group: core_clock
Path Type: max

Fanout     Cap    Slew   Delay    Time   Description
-----------------------------------------------------------------------------
                  0.00    0.00    0.00   clock core_clock (rise edge)
                          0.00    0.00   clock network delay (ideal)
                  0.00    0.00    0.00 ^ _331_/CLK (sky130_fd_sc_hd__dfrtp_2)
     7    0.02    0.08    0.41    0.41 v _331_/Q (sky130_fd_sc_hd__dfrtp_2)
                                         one_second_counter[0] (net)
                  0.08    0.00    0.41 v _164_/D (sky130_fd_sc_hd__and4_2)
     6    0.01    0.06    0.27    0.68 v _164_/X (sky130_fd_sc_hd__and4_2)
                                         _156_ (net)
                  0.06    0.00    0.68 v _165_/D (sky130_fd_sc_hd__and4_2)
     6    0.01    0.06    0.26    0.94 v _165_/X (sky130_fd_sc_hd__and4_2)
                                         _157_ (net)
                  0.06    0.00    0.94 v _166_/B (sky130_fd_sc_hd__and2_2)
     5    0.01    0.06    0.21    1.16 v _166_/X (sky130_fd_sc_hd__and2_2)
                                         _158_ (net)
                  0.06    0.00    1.16 v _187_/A2 (sky130_fd_sc_hd__o31a_2)
     1    0.00    0.05    0.31    1.47 v _187_/X (sky130_fd_sc_hd__o31a_2)
                                         _072_ (net)
                  0.05    0.00    1.47 v _189_/B (sky130_fd_sc_hd__or3_2)
     1    0.00    0.08    0.45    1.92 v _189_/X (sky130_fd_sc_hd__or3_2)
                                         _074_ (net)
                  0.08    0.00    1.92 v _190_/B2 (sky130_fd_sc_hd__a22oi_2)
     9    0.02    0.26    0.25    2.16 ^ _190_/Y (sky130_fd_sc_hd__a22oi_2)
                                         _075_ (net)
                  0.26    0.00    2.16 ^ _191_/A (sky130_fd_sc_hd__buf_1)
    10    0.02    0.19    0.22    2.38 ^ _191_/X (sky130_fd_sc_hd__buf_1)
                                         _076_ (net)
                  0.19    0.00    2.38 ^ _197_/B (sky130_fd_sc_hd__and3b_2)
     1    0.00    0.04    0.20    2.58 ^ _197_/X (sky130_fd_sc_hd__and3b_2)
                                         _081_ (net)
                  0.04    0.00    2.58 ^ _198_/A (sky130_fd_sc_hd__buf_1)
     1    0.00    0.04    0.07    2.66 ^ _198_/X (sky130_fd_sc_hd__buf_1)
                                         _024_ (net)
                  0.04    0.00    2.66 ^ _338_/D (sky130_fd_sc_hd__dfrtp_2)
                                  2.66   data arrival time

                  0.00   10.00   10.00   clock core_clock (rise edge)
                          0.00   10.00   clock network delay (ideal)
                          0.00   10.00   clock reconvergence pessimism
                                 10.00 ^ _338_/CLK (sky130_fd_sc_hd__dfrtp_2)
                         -0.07    9.93   library setup time
                                  9.93   data required time
-----------------------------------------------------------------------------
                                  9.93   data required time
                                 -2.66   data arrival time
-----------------------------------------------------------------------------
                                  7.28   slack (MET)


Startpoint: _331_ (rising edge-triggered flip-flop clocked by core_clock)
Endpoint: _344_ (rising edge-triggered flip-flop clocked by core_clock)
Path Group: core_clock
Path Type: max

Fanout     Cap    Slew   Delay    Time   Description
-----------------------------------------------------------------------------
                  0.00    0.00    0.00   clock core_clock (rise edge)
                          0.00    0.00   clock network delay (ideal)
                  0.00    0.00    0.00 ^ _331_/CLK (sky130_fd_sc_hd__dfrtp_2)
     7    0.02    0.08    0.41    0.41 v _331_/Q (sky130_fd_sc_hd__dfrtp_2)
                                         one_second_counter[0] (net)
                  0.08    0.00    0.41 v _164_/D (sky130_fd_sc_hd__and4_2)
     6    0.01    0.06    0.27    0.68 v _164_/X (sky130_fd_sc_hd__and4_2)
                                         _156_ (net)
                  0.06    0.00    0.68 v _165_/D (sky130_fd_sc_hd__and4_2)
     6    0.01    0.06    0.26    0.94 v _165_/X (sky130_fd_sc_hd__and4_2)
                                         _157_ (net)
                  0.06    0.00    0.94 v _166_/B (sky130_fd_sc_hd__and2_2)
     5    0.01    0.06    0.21    1.16 v _166_/X (sky130_fd_sc_hd__and2_2)
                                         _158_ (net)
                  0.06    0.00    1.16 v _187_/A2 (sky130_fd_sc_hd__o31a_2)
     1    0.00    0.05    0.31    1.47 v _187_/X (sky130_fd_sc_hd__o31a_2)
                                         _072_ (net)
                  0.05    0.00    1.47 v _189_/B (sky130_fd_sc_hd__or3_2)
     1    0.00    0.08    0.45    1.92 v _189_/X (sky130_fd_sc_hd__or3_2)
                                         _074_ (net)
                  0.08    0.00    1.92 v _190_/B2 (sky130_fd_sc_hd__a22oi_2)
     9    0.02    0.26    0.25    2.16 ^ _190_/Y (sky130_fd_sc_hd__a22oi_2)
                                         _075_ (net)
                  0.26    0.00    2.16 ^ _191_/A (sky130_fd_sc_hd__buf_1)
    10    0.02    0.19    0.22    2.38 ^ _191_/X (sky130_fd_sc_hd__buf_1)
                                         _076_ (net)
                  0.19    0.00    2.38 ^ _224_/B (sky130_fd_sc_hd__and3b_2)
     1    0.00    0.04    0.20    2.58 ^ _224_/X (sky130_fd_sc_hd__and3b_2)
                                         _102_ (net)
                  0.04    0.00    2.58 ^ _225_/A (sky130_fd_sc_hd__buf_1)
     1    0.00    0.04    0.07    2.66 ^ _225_/X (sky130_fd_sc_hd__buf_1)
                                         _004_ (net)
                  0.04    0.00    2.66 ^ _344_/D (sky130_fd_sc_hd__dfrtp_2)
                                  2.66   data arrival time

                  0.00   10.00   10.00   clock core_clock (rise edge)
                          0.00   10.00   clock network delay (ideal)
                          0.00   10.00   clock reconvergence pessimism
                                 10.00 ^ _344_/CLK (sky130_fd_sc_hd__dfrtp_2)
                         -0.07    9.93   library setup time
                                  9.93   data required time
-----------------------------------------------------------------------------
                                  9.93   data required time
                                 -2.66   data arrival time
-----------------------------------------------------------------------------
                                  7.28   slack (MET)


Startpoint: _331_ (rising edge-triggered flip-flop clocked by core_clock)
Endpoint: _346_ (rising edge-triggered flip-flop clocked by core_clock)
Path Group: core_clock
Path Type: max

Fanout     Cap    Slew   Delay    Time   Description
-----------------------------------------------------------------------------
                  0.00    0.00    0.00   clock core_clock (rise edge)
                          0.00    0.00   clock network delay (ideal)
                  0.00    0.00    0.00 ^ _331_/CLK (sky130_fd_sc_hd__dfrtp_2)
     7    0.02    0.08    0.41    0.41 v _331_/Q (sky130_fd_sc_hd__dfrtp_2)
                                         one_second_counter[0] (net)
                  0.08    0.00    0.41 v _164_/D (sky130_fd_sc_hd__and4_2)
     6    0.01    0.06    0.27    0.68 v _164_/X (sky130_fd_sc_hd__and4_2)
                                         _156_ (net)
                  0.06    0.00    0.68 v _165_/D (sky130_fd_sc_hd__and4_2)
     6    0.01    0.06    0.26    0.94 v _165_/X (sky130_fd_sc_hd__and4_2)
                                         _157_ (net)
                  0.06    0.00    0.94 v _166_/B (sky130_fd_sc_hd__and2_2)
     5    0.01    0.06    0.21    1.16 v _166_/X (sky130_fd_sc_hd__and2_2)
                                         _158_ (net)
                  0.06    0.00    1.16 v _187_/A2 (sky130_fd_sc_hd__o31a_2)
     1    0.00    0.05    0.31    1.47 v _187_/X (sky130_fd_sc_hd__o31a_2)
                                         _072_ (net)
                  0.05    0.00    1.47 v _189_/B (sky130_fd_sc_hd__or3_2)
     1    0.00    0.08    0.45    1.92 v _189_/X (sky130_fd_sc_hd__or3_2)
                                         _074_ (net)
                  0.08    0.00    1.92 v _190_/B2 (sky130_fd_sc_hd__a22oi_2)
     9    0.02    0.26    0.25    2.16 ^ _190_/Y (sky130_fd_sc_hd__a22oi_2)
                                         _075_ (net)
                  0.26    0.00    2.16 ^ _191_/A (sky130_fd_sc_hd__buf_1)
    10    0.02    0.19    0.22    2.38 ^ _191_/X (sky130_fd_sc_hd__buf_1)
                                         _076_ (net)
                  0.19    0.00    2.38 ^ _231_/B (sky130_fd_sc_hd__and3b_2)
     1    0.00    0.04    0.20    2.58 ^ _231_/X (sky130_fd_sc_hd__and3b_2)
                                         _107_ (net)
                  0.04    0.00    2.58 ^ _232_/A (sky130_fd_sc_hd__buf_1)
     1    0.00    0.04    0.07    2.66 ^ _232_/X (sky130_fd_sc_hd__buf_1)
                                         _006_ (net)
                  0.04    0.00    2.66 ^ _346_/D (sky130_fd_sc_hd__dfrtp_2)
                                  2.66   data arrival time

                  0.00   10.00   10.00   clock core_clock (rise edge)
                          0.00   10.00   clock network delay (ideal)
                          0.00   10.00   clock reconvergence pessimism
                                 10.00 ^ _346_/CLK (sky130_fd_sc_hd__dfrtp_2)
                         -0.07    9.93   library setup time
                                  9.93   data required time
-----------------------------------------------------------------------------
                                  9.93   data required time
                                 -2.66   data arrival time
-----------------------------------------------------------------------------
                                  7.28   slack (MET)


Startpoint: _331_ (rising edge-triggered flip-flop clocked by core_clock)
Endpoint: _349_ (rising edge-triggered flip-flop clocked by core_clock)
Path Group: core_clock
Path Type: max

Fanout     Cap    Slew   Delay    Time   Description
-----------------------------------------------------------------------------
                  0.00    0.00    0.00   clock core_clock (rise edge)
                          0.00    0.00   clock network delay (ideal)
                  0.00    0.00    0.00 ^ _331_/CLK (sky130_fd_sc_hd__dfrtp_2)
     7    0.02    0.08    0.41    0.41 v _331_/Q (sky130_fd_sc_hd__dfrtp_2)
                                         one_second_counter[0] (net)
                  0.08    0.00    0.41 v _164_/D (sky130_fd_sc_hd__and4_2)
     6    0.01    0.06    0.27    0.68 v _164_/X (sky130_fd_sc_hd__and4_2)
                                         _156_ (net)
                  0.06    0.00    0.68 v _165_/D (sky130_fd_sc_hd__and4_2)
     6    0.01    0.06    0.26    0.94 v _165_/X (sky130_fd_sc_hd__and4_2)
                                         _157_ (net)
                  0.06    0.00    0.94 v _166_/B (sky130_fd_sc_hd__and2_2)
     5    0.01    0.06    0.21    1.16 v _166_/X (sky130_fd_sc_hd__and2_2)
                                         _158_ (net)
                  0.06    0.00    1.16 v _187_/A2 (sky130_fd_sc_hd__o31a_2)
     1    0.00    0.05    0.31    1.47 v _187_/X (sky130_fd_sc_hd__o31a_2)
                                         _072_ (net)
                  0.05    0.00    1.47 v _189_/B (sky130_fd_sc_hd__or3_2)
     1    0.00    0.08    0.45    1.92 v _189_/X (sky130_fd_sc_hd__or3_2)
                                         _074_ (net)
                  0.08    0.00    1.92 v _190_/B2 (sky130_fd_sc_hd__a22oi_2)
     9    0.02    0.26    0.25    2.16 ^ _190_/Y (sky130_fd_sc_hd__a22oi_2)
                                         _075_ (net)
                  0.26    0.00    2.16 ^ _191_/A (sky130_fd_sc_hd__buf_1)
    10    0.02    0.19    0.22    2.38 ^ _191_/X (sky130_fd_sc_hd__buf_1)
                                         _076_ (net)
                  0.19    0.00    2.38 ^ _243_/B (sky130_fd_sc_hd__and3b_2)
     1    0.00    0.04    0.20    2.58 ^ _243_/X (sky130_fd_sc_hd__and3b_2)
                                         _116_ (net)
                  0.04    0.00    2.58 ^ _244_/A (sky130_fd_sc_hd__buf_1)
     1    0.00    0.04    0.07    2.66 ^ _244_/X (sky130_fd_sc_hd__buf_1)
                                         _009_ (net)
                  0.04    0.00    2.66 ^ _349_/D (sky130_fd_sc_hd__dfrtp_2)
                                  2.66   data arrival time

                  0.00   10.00   10.00   clock core_clock (rise edge)
                          0.00   10.00   clock network delay (ideal)
                          0.00   10.00   clock reconvergence pessimism
                                 10.00 ^ _349_/CLK (sky130_fd_sc_hd__dfrtp_2)
                         -0.07    9.93   library setup time
                                  9.93   data required time
-----------------------------------------------------------------------------
                                  9.93   data required time
                                 -2.66   data arrival time
-----------------------------------------------------------------------------
                                  7.28   slack (MET)


Startpoint: _331_ (rising edge-triggered flip-flop clocked by core_clock)
Endpoint: _350_ (rising edge-triggered flip-flop clocked by core_clock)
Path Group: core_clock
Path Type: max

Fanout     Cap    Slew   Delay    Time   Description
-----------------------------------------------------------------------------
                  0.00    0.00    0.00   clock core_clock (rise edge)
                          0.00    0.00   clock network delay (ideal)
                  0.00    0.00    0.00 ^ _331_/CLK (sky130_fd_sc_hd__dfrtp_2)
     7    0.02    0.08    0.41    0.41 v _331_/Q (sky130_fd_sc_hd__dfrtp_2)
                                         one_second_counter[0] (net)
                  0.08    0.00    0.41 v _164_/D (sky130_fd_sc_hd__and4_2)
     6    0.01    0.06    0.27    0.68 v _164_/X (sky130_fd_sc_hd__and4_2)
                                         _156_ (net)
                  0.06    0.00    0.68 v _165_/D (sky130_fd_sc_hd__and4_2)
     6    0.01    0.06    0.26    0.94 v _165_/X (sky130_fd_sc_hd__and4_2)
                                         _157_ (net)
                  0.06    0.00    0.94 v _166_/B (sky130_fd_sc_hd__and2_2)
     5    0.01    0.06    0.21    1.16 v _166_/X (sky130_fd_sc_hd__and2_2)
                                         _158_ (net)
                  0.06    0.00    1.16 v _187_/A2 (sky130_fd_sc_hd__o31a_2)
     1    0.00    0.05    0.31    1.47 v _187_/X (sky130_fd_sc_hd__o31a_2)
                                         _072_ (net)
                  0.05    0.00    1.47 v _189_/B (sky130_fd_sc_hd__or3_2)
     1    0.00    0.08    0.45    1.92 v _189_/X (sky130_fd_sc_hd__or3_2)
                                         _074_ (net)
                  0.08    0.00    1.92 v _190_/B2 (sky130_fd_sc_hd__a22oi_2)
     9    0.02    0.26    0.25    2.16 ^ _190_/Y (sky130_fd_sc_hd__a22oi_2)
                                         _075_ (net)
                  0.26    0.00    2.16 ^ _191_/A (sky130_fd_sc_hd__buf_1)
    10    0.02    0.19    0.22    2.38 ^ _191_/X (sky130_fd_sc_hd__buf_1)
                                         _076_ (net)
                  0.19    0.00    2.38 ^ _247_/B (sky130_fd_sc_hd__and3b_2)
     1    0.00    0.04    0.20    2.58 ^ _247_/X (sky130_fd_sc_hd__and3b_2)
                                         _119_ (net)
                  0.04    0.00    2.58 ^ _248_/A (sky130_fd_sc_hd__buf_1)
     1    0.00    0.04    0.07    2.66 ^ _248_/X (sky130_fd_sc_hd__buf_1)
                                         _010_ (net)
                  0.04    0.00    2.66 ^ _350_/D (sky130_fd_sc_hd__dfrtp_2)
                                  2.66   data arrival time

                  0.00   10.00   10.00   clock core_clock (rise edge)
                          0.00   10.00   clock network delay (ideal)
                          0.00   10.00   clock reconvergence pessimism
                                 10.00 ^ _350_/CLK (sky130_fd_sc_hd__dfrtp_2)
                         -0.07    9.93   library setup time
                                  9.93   data required time
-----------------------------------------------------------------------------
                                  9.93   data required time
                                 -2.66   data arrival time
-----------------------------------------------------------------------------
                                  7.28   slack (MET)


Startpoint: _331_ (rising edge-triggered flip-flop clocked by core_clock)
Endpoint: _351_ (rising edge-triggered flip-flop clocked by core_clock)
Path Group: core_clock
Path Type: max

Fanout     Cap    Slew   Delay    Time   Description
-----------------------------------------------------------------------------
                  0.00    0.00    0.00   clock core_clock (rise edge)
                          0.00    0.00   clock network delay (ideal)
                  0.00    0.00    0.00 ^ _331_/CLK (sky130_fd_sc_hd__dfrtp_2)
     7    0.02    0.08    0.41    0.41 v _331_/Q (sky130_fd_sc_hd__dfrtp_2)
                                         one_second_counter[0] (net)
                  0.08    0.00    0.41 v _164_/D (sky130_fd_sc_hd__and4_2)
     6    0.01    0.06    0.27    0.68 v _164_/X (sky130_fd_sc_hd__and4_2)
                                         _156_ (net)
                  0.06    0.00    0.68 v _165_/D (sky130_fd_sc_hd__and4_2)
     6    0.01    0.06    0.26    0.94 v _165_/X (sky130_fd_sc_hd__and4_2)
                                         _157_ (net)
                  0.06    0.00    0.94 v _166_/B (sky130_fd_sc_hd__and2_2)
     5    0.01    0.06    0.21    1.16 v _166_/X (sky130_fd_sc_hd__and2_2)
                                         _158_ (net)
                  0.06    0.00    1.16 v _187_/A2 (sky130_fd_sc_hd__o31a_2)
     1    0.00    0.05    0.31    1.47 v _187_/X (sky130_fd_sc_hd__o31a_2)
                                         _072_ (net)
                  0.05    0.00    1.47 v _189_/B (sky130_fd_sc_hd__or3_2)
     1    0.00    0.08    0.45    1.92 v _189_/X (sky130_fd_sc_hd__or3_2)
                                         _074_ (net)
                  0.08    0.00    1.92 v _190_/B2 (sky130_fd_sc_hd__a22oi_2)
     9    0.02    0.26    0.25    2.16 ^ _190_/Y (sky130_fd_sc_hd__a22oi_2)
                                         _075_ (net)
                  0.26    0.00    2.16 ^ _191_/A (sky130_fd_sc_hd__buf_1)
    10    0.02    0.19    0.22    2.38 ^ _191_/X (sky130_fd_sc_hd__buf_1)
                                         _076_ (net)
                  0.19    0.00    2.38 ^ _251_/B (sky130_fd_sc_hd__and3b_2)
     1    0.00    0.04    0.20    2.58 ^ _251_/X (sky130_fd_sc_hd__and3b_2)
                                         _122_ (net)
                  0.04    0.00    2.58 ^ _252_/A (sky130_fd_sc_hd__buf_1)
     1    0.00    0.04    0.07    2.66 ^ _252_/X (sky130_fd_sc_hd__buf_1)
                                         _012_ (net)
                  0.04    0.00    2.66 ^ _351_/D (sky130_fd_sc_hd__dfrtp_2)
                                  2.66   data arrival time

                  0.00   10.00   10.00   clock core_clock (rise edge)
                          0.00   10.00   clock network delay (ideal)
                          0.00   10.00   clock reconvergence pessimism
                                 10.00 ^ _351_/CLK (sky130_fd_sc_hd__dfrtp_2)
                         -0.07    9.93   library setup time
                                  9.93   data required time
-----------------------------------------------------------------------------
                                  9.93   data required time
                                 -2.66   data arrival time
-----------------------------------------------------------------------------
                                  7.28   slack (MET)


Startpoint: _331_ (rising edge-triggered flip-flop clocked by core_clock)
Endpoint: _353_ (rising edge-triggered flip-flop clocked by core_clock)
Path Group: core_clock
Path Type: max

Fanout     Cap    Slew   Delay    Time   Description
-----------------------------------------------------------------------------
                  0.00    0.00    0.00   clock core_clock (rise edge)
                          0.00    0.00   clock network delay (ideal)
                  0.00    0.00    0.00 ^ _331_/CLK (sky130_fd_sc_hd__dfrtp_2)
     7    0.02    0.08    0.41    0.41 v _331_/Q (sky130_fd_sc_hd__dfrtp_2)
                                         one_second_counter[0] (net)
                  0.08    0.00    0.41 v _164_/D (sky130_fd_sc_hd__and4_2)
     6    0.01    0.06    0.27    0.68 v _164_/X (sky130_fd_sc_hd__and4_2)
                                         _156_ (net)
                  0.06    0.00    0.68 v _165_/D (sky130_fd_sc_hd__and4_2)
     6    0.01    0.06    0.26    0.94 v _165_/X (sky130_fd_sc_hd__and4_2)
                                         _157_ (net)
                  0.06    0.00    0.94 v _166_/B (sky130_fd_sc_hd__and2_2)
     5    0.01    0.06    0.21    1.16 v _166_/X (sky130_fd_sc_hd__and2_2)
                                         _158_ (net)
                  0.06    0.00    1.16 v _187_/A2 (sky130_fd_sc_hd__o31a_2)
     1    0.00    0.05    0.31    1.47 v _187_/X (sky130_fd_sc_hd__o31a_2)
                                         _072_ (net)
                  0.05    0.00    1.47 v _189_/B (sky130_fd_sc_hd__or3_2)
     1    0.00    0.08    0.45    1.92 v _189_/X (sky130_fd_sc_hd__or3_2)
                                         _074_ (net)
                  0.08    0.00    1.92 v _190_/B2 (sky130_fd_sc_hd__a22oi_2)
     9    0.02    0.26    0.25    2.16 ^ _190_/Y (sky130_fd_sc_hd__a22oi_2)
                                         _075_ (net)
                  0.26    0.00    2.16 ^ _191_/A (sky130_fd_sc_hd__buf_1)
    10    0.02    0.19    0.22    2.38 ^ _191_/X (sky130_fd_sc_hd__buf_1)
                                         _076_ (net)
                  0.19    0.00    2.38 ^ _259_/B (sky130_fd_sc_hd__and3b_2)
     1    0.00    0.04    0.20    2.58 ^ _259_/X (sky130_fd_sc_hd__and3b_2)
                                         _128_ (net)
                  0.04    0.00    2.58 ^ _260_/A (sky130_fd_sc_hd__buf_1)
     1    0.00    0.04    0.07    2.66 ^ _260_/X (sky130_fd_sc_hd__buf_1)
                                         _014_ (net)
                  0.04    0.00    2.66 ^ _353_/D (sky130_fd_sc_hd__dfrtp_2)
                                  2.66   data arrival time

                  0.00   10.00   10.00   clock core_clock (rise edge)
                          0.00   10.00   clock network delay (ideal)
                          0.00   10.00   clock reconvergence pessimism
                                 10.00 ^ _353_/CLK (sky130_fd_sc_hd__dfrtp_2)
                         -0.07    9.93   library setup time
                                  9.93   data required time
-----------------------------------------------------------------------------
                                  9.93   data required time
                                 -2.66   data arrival time
-----------------------------------------------------------------------------
                                  7.28   slack (MET)


Startpoint: _331_ (rising edge-triggered flip-flop clocked by core_clock)
Endpoint: _333_ (rising edge-triggered flip-flop clocked by core_clock)
Path Group: core_clock
Path Type: max

Fanout     Cap    Slew   Delay    Time   Description
-----------------------------------------------------------------------------
                  0.00    0.00    0.00   clock core_clock (rise edge)
                          0.00    0.00   clock network delay (ideal)
                  0.00    0.00    0.00 ^ _331_/CLK (sky130_fd_sc_hd__dfrtp_2)
     7    0.02    0.08    0.41    0.41 v _331_/Q (sky130_fd_sc_hd__dfrtp_2)
                                         one_second_counter[0] (net)
                  0.08    0.00    0.41 v _164_/D (sky130_fd_sc_hd__and4_2)
     6    0.01    0.06    0.27    0.68 v _164_/X (sky130_fd_sc_hd__and4_2)
                                         _156_ (net)
                  0.06    0.00    0.68 v _165_/D (sky130_fd_sc_hd__and4_2)
     6    0.01    0.06    0.26    0.94 v _165_/X (sky130_fd_sc_hd__and4_2)
                                         _157_ (net)
                  0.06    0.00    0.94 v _166_/B (sky130_fd_sc_hd__and2_2)
     5    0.01    0.06    0.21    1.16 v _166_/X (sky130_fd_sc_hd__and2_2)
                                         _158_ (net)
                  0.06    0.00    1.16 v _187_/A2 (sky130_fd_sc_hd__o31a_2)
     1    0.00    0.05    0.31    1.47 v _187_/X (sky130_fd_sc_hd__o31a_2)
                                         _072_ (net)
                  0.05    0.00    1.47 v _189_/B (sky130_fd_sc_hd__or3_2)
     1    0.00    0.08    0.45    1.92 v _189_/X (sky130_fd_sc_hd__or3_2)
                                         _074_ (net)
                  0.08    0.00    1.92 v _190_/B2 (sky130_fd_sc_hd__a22oi_2)
     9    0.02    0.26    0.25    2.16 ^ _190_/Y (sky130_fd_sc_hd__a22oi_2)
                                         _075_ (net)
                  0.26    0.00    2.16 ^ _191_/A (sky130_fd_sc_hd__buf_1)
    10    0.02    0.19    0.22    2.38 ^ _191_/X (sky130_fd_sc_hd__buf_1)
                                         _076_ (net)
                  0.19    0.00    2.38 ^ _283_/B (sky130_fd_sc_hd__and3_2)
     1    0.00    0.04    0.20    2.58 ^ _283_/X (sky130_fd_sc_hd__and3_2)
                                         _145_ (net)
                  0.04    0.00    2.58 ^ _284_/A (sky130_fd_sc_hd__buf_1)
     1    0.00    0.04    0.07    2.65 ^ _284_/X (sky130_fd_sc_hd__buf_1)
                                         _019_ (net)
                  0.04    0.00    2.65 ^ _333_/D (sky130_fd_sc_hd__dfrtp_2)
                                  2.65   data arrival time

                  0.00   10.00   10.00   clock core_clock (rise edge)
                          0.00   10.00   clock network delay (ideal)
                          0.00   10.00   clock reconvergence pessimism
                                 10.00 ^ _333_/CLK (sky130_fd_sc_hd__dfrtp_2)
                         -0.07    9.93   library setup time
                                  9.93   data required time
-----------------------------------------------------------------------------
                                  9.93   data required time
                                 -2.65   data arrival time
-----------------------------------------------------------------------------
                                  7.28   slack (MET)


Startpoint: _331_ (rising edge-triggered flip-flop clocked by core_clock)
Endpoint: _335_ (rising edge-triggered flip-flop clocked by core_clock)
Path Group: core_clock
Path Type: max

Fanout     Cap    Slew   Delay    Time   Description
-----------------------------------------------------------------------------
                  0.00    0.00    0.00   clock core_clock (rise edge)
                          0.00    0.00   clock network delay (ideal)
                  0.00    0.00    0.00 ^ _331_/CLK (sky130_fd_sc_hd__dfrtp_2)
     7    0.02    0.08    0.41    0.41 v _331_/Q (sky130_fd_sc_hd__dfrtp_2)
                                         one_second_counter[0] (net)
                  0.08    0.00    0.41 v _164_/D (sky130_fd_sc_hd__and4_2)
     6    0.01    0.06    0.27    0.68 v _164_/X (sky130_fd_sc_hd__and4_2)
                                         _156_ (net)
                  0.06    0.00    0.68 v _165_/D (sky130_fd_sc_hd__and4_2)
     6    0.01    0.06    0.26    0.94 v _165_/X (sky130_fd_sc_hd__and4_2)
                                         _157_ (net)
                  0.06    0.00    0.94 v _166_/B (sky130_fd_sc_hd__and2_2)
     5    0.01    0.06    0.21    1.16 v _166_/X (sky130_fd_sc_hd__and2_2)
                                         _158_ (net)
                  0.06    0.00    1.16 v _187_/A2 (sky130_fd_sc_hd__o31a_2)
     1    0.00    0.05    0.31    1.47 v _187_/X (sky130_fd_sc_hd__o31a_2)
                                         _072_ (net)
                  0.05    0.00    1.47 v _189_/B (sky130_fd_sc_hd__or3_2)
     1    0.00    0.08    0.45    1.92 v _189_/X (sky130_fd_sc_hd__or3_2)
                                         _074_ (net)
                  0.08    0.00    1.92 v _190_/B2 (sky130_fd_sc_hd__a22oi_2)
     9    0.02    0.26    0.25    2.16 ^ _190_/Y (sky130_fd_sc_hd__a22oi_2)
                                         _075_ (net)
                  0.26    0.00    2.16 ^ _191_/A (sky130_fd_sc_hd__buf_1)
    10    0.02    0.19    0.22    2.38 ^ _191_/X (sky130_fd_sc_hd__buf_1)
                                         _076_ (net)
                  0.19    0.00    2.38 ^ _290_/B (sky130_fd_sc_hd__and3_2)
     1    0.00    0.04    0.20    2.58 ^ _290_/X (sky130_fd_sc_hd__and3_2)
                                         _150_ (net)
                  0.04    0.00    2.58 ^ _291_/A (sky130_fd_sc_hd__buf_1)
     1    0.00    0.04    0.07    2.65 ^ _291_/X (sky130_fd_sc_hd__buf_1)
                                         _021_ (net)
                  0.04    0.00    2.65 ^ _335_/D (sky130_fd_sc_hd__dfrtp_2)
                                  2.65   data arrival time

                  0.00   10.00   10.00   clock core_clock (rise edge)
                          0.00   10.00   clock network delay (ideal)
                          0.00   10.00   clock reconvergence pessimism
                                 10.00 ^ _335_/CLK (sky130_fd_sc_hd__dfrtp_2)
                         -0.07    9.93   library setup time
                                  9.93   data required time
-----------------------------------------------------------------------------
                                  9.93   data required time
                                 -2.65   data arrival time
-----------------------------------------------------------------------------
                                  7.28   slack (MET)


Startpoint: _331_ (rising edge-triggered flip-flop clocked by core_clock)
Endpoint: _331_ (rising edge-triggered flip-flop clocked by core_clock)
Path Group: core_clock
Path Type: max

Fanout     Cap    Slew   Delay    Time   Description
-----------------------------------------------------------------------------
                  0.00    0.00    0.00   clock core_clock (rise edge)
                          0.00    0.00   clock network delay (ideal)
                  0.00    0.00    0.00 ^ _331_/CLK (sky130_fd_sc_hd__dfrtp_2)
     7    0.02    0.08    0.41    0.41 v _331_/Q (sky130_fd_sc_hd__dfrtp_2)
                                         one_second_counter[0] (net)
                  0.08    0.00    0.41 v _164_/D (sky130_fd_sc_hd__and4_2)
     6    0.01    0.06    0.27    0.68 v _164_/X (sky130_fd_sc_hd__and4_2)
                                         _156_ (net)
                  0.06    0.00    0.68 v _165_/D (sky130_fd_sc_hd__and4_2)
     6    0.01    0.06    0.26    0.94 v _165_/X (sky130_fd_sc_hd__and4_2)
                                         _157_ (net)
                  0.06    0.00    0.94 v _166_/B (sky130_fd_sc_hd__and2_2)
     5    0.01    0.06    0.21    1.16 v _166_/X (sky130_fd_sc_hd__and2_2)
                                         _158_ (net)
                  0.06    0.00    1.16 v _187_/A2 (sky130_fd_sc_hd__o31a_2)
     1    0.00    0.05    0.31    1.47 v _187_/X (sky130_fd_sc_hd__o31a_2)
                                         _072_ (net)
                  0.05    0.00    1.47 v _189_/B (sky130_fd_sc_hd__or3_2)
     1    0.00    0.08    0.45    1.92 v _189_/X (sky130_fd_sc_hd__or3_2)
                                         _074_ (net)
                  0.08    0.00    1.92 v _190_/B2 (sky130_fd_sc_hd__a22oi_2)
     9    0.02    0.26    0.25    2.16 ^ _190_/Y (sky130_fd_sc_hd__a22oi_2)
                                         _075_ (net)
                  0.26    0.00    2.16 ^ _199_/A (sky130_fd_sc_hd__buf_1)
    10    0.02    0.20    0.23    2.39 ^ _199_/X (sky130_fd_sc_hd__buf_1)
                                         _082_ (net)
                  0.20    0.00    2.39 ^ _275_/B (sky130_fd_sc_hd__and2b_2)
     1    0.00    0.03    0.16    2.55 ^ _275_/X (sky130_fd_sc_hd__and2b_2)
                                         _139_ (net)
                  0.03    0.00    2.55 ^ _276_/A (sky130_fd_sc_hd__buf_1)
     1    0.00    0.04    0.07    2.62 ^ _276_/X (sky130_fd_sc_hd__buf_1)
                                         _000_ (net)
                  0.04    0.00    2.62 ^ _331_/D (sky130_fd_sc_hd__dfrtp_2)
                                  2.62   data arrival time

                  0.00   10.00   10.00   clock core_clock (rise edge)
                          0.00   10.00   clock network delay (ideal)
                          0.00   10.00   clock reconvergence pessimism
                                 10.00 ^ _331_/CLK (sky130_fd_sc_hd__dfrtp_2)
                         -0.07    9.93   library setup time
                                  9.93   data required time
-----------------------------------------------------------------------------
                                  9.93   data required time
                                 -2.62   data arrival time
-----------------------------------------------------------------------------
                                  7.31   slack (MET)


Startpoint: _331_ (rising edge-triggered flip-flop clocked by core_clock)
Endpoint: _345_ (rising edge-triggered flip-flop clocked by core_clock)
Path Group: core_clock
Path Type: max

Fanout     Cap    Slew   Delay    Time   Description
-----------------------------------------------------------------------------
                  0.00    0.00    0.00   clock core_clock (rise edge)
                          0.00    0.00   clock network delay (ideal)
                  0.00    0.00    0.00 ^ _331_/CLK (sky130_fd_sc_hd__dfrtp_2)
     7    0.02    0.08    0.41    0.41 v _331_/Q (sky130_fd_sc_hd__dfrtp_2)
                                         one_second_counter[0] (net)
                  0.08    0.00    0.41 v _164_/D (sky130_fd_sc_hd__and4_2)
     6    0.01    0.06    0.27    0.68 v _164_/X (sky130_fd_sc_hd__and4_2)
                                         _156_ (net)
                  0.06    0.00    0.68 v _165_/D (sky130_fd_sc_hd__and4_2)
     6    0.01    0.06    0.26    0.94 v _165_/X (sky130_fd_sc_hd__and4_2)
                                         _157_ (net)
                  0.06    0.00    0.94 v _166_/B (sky130_fd_sc_hd__and2_2)
     5    0.01    0.06    0.21    1.16 v _166_/X (sky130_fd_sc_hd__and2_2)
                                         _158_ (net)
                  0.06    0.00    1.16 v _187_/A2 (sky130_fd_sc_hd__o31a_2)
     1    0.00    0.05    0.31    1.47 v _187_/X (sky130_fd_sc_hd__o31a_2)
                                         _072_ (net)
                  0.05    0.00    1.47 v _189_/B (sky130_fd_sc_hd__or3_2)
     1    0.00    0.08    0.45    1.92 v _189_/X (sky130_fd_sc_hd__or3_2)
                                         _074_ (net)
                  0.08    0.00    1.92 v _190_/B2 (sky130_fd_sc_hd__a22oi_2)
     9    0.02    0.26    0.25    2.16 ^ _190_/Y (sky130_fd_sc_hd__a22oi_2)
                                         _075_ (net)
                  0.26    0.00    2.16 ^ _199_/A (sky130_fd_sc_hd__buf_1)
    10    0.02    0.20    0.23    2.39 ^ _199_/X (sky130_fd_sc_hd__buf_1)
                                         _082_ (net)
                  0.20    0.00    2.39 ^ _227_/C1 (sky130_fd_sc_hd__o211a_2)
     1    0.00    0.04    0.19    2.58 ^ _227_/X (sky130_fd_sc_hd__o211a_2)
                                         _005_ (net)
                  0.04    0.00    2.58 ^ _345_/D (sky130_fd_sc_hd__dfrtp_2)
                                  2.58   data arrival time

                  0.00   10.00   10.00   clock core_clock (rise edge)
                          0.00   10.00   clock network delay (ideal)
                          0.00   10.00   clock reconvergence pessimism
                                 10.00 ^ _345_/CLK (sky130_fd_sc_hd__dfrtp_2)
                         -0.07    9.93   library setup time
                                  9.93   data required time
-----------------------------------------------------------------------------
                                  9.93   data required time
                                 -2.58   data arrival time
-----------------------------------------------------------------------------
                                  7.35   slack (MET)


Startpoint: _331_ (rising edge-triggered flip-flop clocked by core_clock)
Endpoint: _357_ (rising edge-triggered flip-flop clocked by core_clock)
Path Group: core_clock
Path Type: max

Fanout     Cap    Slew   Delay    Time   Description
-----------------------------------------------------------------------------
                  0.00    0.00    0.00   clock core_clock (rise edge)
                          0.00    0.00   clock network delay (ideal)
                  0.00    0.00    0.00 ^ _331_/CLK (sky130_fd_sc_hd__dfrtp_2)
     7    0.02    0.08    0.41    0.41 v _331_/Q (sky130_fd_sc_hd__dfrtp_2)
                                         one_second_counter[0] (net)
                  0.08    0.00    0.41 v _164_/D (sky130_fd_sc_hd__and4_2)
     6    0.01    0.06    0.27    0.68 v _164_/X (sky130_fd_sc_hd__and4_2)
                                         _156_ (net)
                  0.06    0.00    0.68 v _165_/D (sky130_fd_sc_hd__and4_2)
     6    0.01    0.06    0.26    0.94 v _165_/X (sky130_fd_sc_hd__and4_2)
                                         _157_ (net)
                  0.06    0.00    0.94 v _166_/B (sky130_fd_sc_hd__and2_2)
     5    0.01    0.06    0.21    1.16 v _166_/X (sky130_fd_sc_hd__and2_2)
                                         _158_ (net)
                  0.06    0.00    1.16 v _187_/A2 (sky130_fd_sc_hd__o31a_2)
     1    0.00    0.05    0.31    1.47 v _187_/X (sky130_fd_sc_hd__o31a_2)
                                         _072_ (net)
                  0.05    0.00    1.47 v _189_/B (sky130_fd_sc_hd__or3_2)
     1    0.00    0.08    0.45    1.92 v _189_/X (sky130_fd_sc_hd__or3_2)
                                         _074_ (net)
                  0.08    0.00    1.92 v _190_/B2 (sky130_fd_sc_hd__a22oi_2)
     9    0.02    0.26    0.25    2.16 ^ _190_/Y (sky130_fd_sc_hd__a22oi_2)
                                         _075_ (net)
                  0.26    0.00    2.16 ^ _199_/A (sky130_fd_sc_hd__buf_1)
    10    0.02    0.20    0.23    2.39 ^ _199_/X (sky130_fd_sc_hd__buf_1)
                                         _082_ (net)
                  0.20    0.00    2.39 ^ _274_/B1_N (sky130_fd_sc_hd__a21boi_2)
     1    0.00    0.07    0.18    2.56 ^ _274_/Y (sky130_fd_sc_hd__a21boi_2)
                                         _018_ (net)
                  0.07    0.00    2.56 ^ _357_/D (sky130_fd_sc_hd__dfrtp_2)
                                  2.56   data arrival time

                  0.00   10.00   10.00   clock core_clock (rise edge)
                          0.00   10.00   clock network delay (ideal)
                          0.00   10.00   clock reconvergence pessimism
                                 10.00 ^ _357_/CLK (sky130_fd_sc_hd__dfrtp_2)
                         -0.08    9.92   library setup time
                                  9.92   data required time
-----------------------------------------------------------------------------
                                  9.92   data required time
                                 -2.56   data arrival time
-----------------------------------------------------------------------------
                                  7.36   slack (MET)


Startpoint: _331_ (rising edge-triggered flip-flop clocked by core_clock)
Endpoint: _334_ (rising edge-triggered flip-flop clocked by core_clock)
Path Group: core_clock
Path Type: max

Fanout     Cap    Slew   Delay    Time   Description
-----------------------------------------------------------------------------
                  0.00    0.00    0.00   clock core_clock (rise edge)
                          0.00    0.00   clock network delay (ideal)
                  0.00    0.00    0.00 ^ _331_/CLK (sky130_fd_sc_hd__dfrtp_2)
     7    0.02    0.08    0.41    0.41 v _331_/Q (sky130_fd_sc_hd__dfrtp_2)
                                         one_second_counter[0] (net)
                  0.08    0.00    0.41 v _164_/D (sky130_fd_sc_hd__and4_2)
     6    0.01    0.06    0.27    0.68 v _164_/X (sky130_fd_sc_hd__and4_2)
                                         _156_ (net)
                  0.06    0.00    0.68 v _165_/D (sky130_fd_sc_hd__and4_2)
     6    0.01    0.06    0.26    0.94 v _165_/X (sky130_fd_sc_hd__and4_2)
                                         _157_ (net)
                  0.06    0.00    0.94 v _166_/B (sky130_fd_sc_hd__and2_2)
     5    0.01    0.06    0.21    1.16 v _166_/X (sky130_fd_sc_hd__and2_2)
                                         _158_ (net)
                  0.06    0.00    1.16 v _187_/A2 (sky130_fd_sc_hd__o31a_2)
     1    0.00    0.05    0.31    1.47 v _187_/X (sky130_fd_sc_hd__o31a_2)
                                         _072_ (net)
                  0.05    0.00    1.47 v _189_/B (sky130_fd_sc_hd__or3_2)
     1    0.00    0.08    0.45    1.92 v _189_/X (sky130_fd_sc_hd__or3_2)
                                         _074_ (net)
                  0.08    0.00    1.92 v _190_/B2 (sky130_fd_sc_hd__a22oi_2)
     9    0.02    0.26    0.25    2.16 ^ _190_/Y (sky130_fd_sc_hd__a22oi_2)
                                         _075_ (net)
                  0.26    0.00    2.16 ^ _286_/B (sky130_fd_sc_hd__and3b_2)
     1    0.00    0.04    0.22    2.38 ^ _286_/X (sky130_fd_sc_hd__and3b_2)
                                         _147_ (net)
                  0.04    0.00    2.38 ^ _287_/A (sky130_fd_sc_hd__buf_1)
     1    0.00    0.04    0.07    2.45 ^ _287_/X (sky130_fd_sc_hd__buf_1)
                                         _020_ (net)
                  0.04    0.00    2.45 ^ _334_/D (sky130_fd_sc_hd__dfrtp_2)
                                  2.45   data arrival time

                  0.00   10.00   10.00   clock core_clock (rise edge)
                          0.00   10.00   clock network delay (ideal)
                          0.00   10.00   clock reconvergence pessimism
                                 10.00 ^ _334_/CLK (sky130_fd_sc_hd__dfrtp_2)
                         -0.07    9.93   library setup time
                                  9.93   data required time
-----------------------------------------------------------------------------
                                  9.93   data required time
                                 -2.45   data arrival time
-----------------------------------------------------------------------------
                                  7.48   slack (MET)


Startpoint: _331_ (rising edge-triggered flip-flop clocked by core_clock)
Endpoint: _336_ (rising edge-triggered flip-flop clocked by core_clock)
Path Group: core_clock
Path Type: max

Fanout     Cap    Slew   Delay    Time   Description
-----------------------------------------------------------------------------
                  0.00    0.00    0.00   clock core_clock (rise edge)
                          0.00    0.00   clock network delay (ideal)
                  0.00    0.00    0.00 ^ _331_/CLK (sky130_fd_sc_hd__dfrtp_2)
     7    0.02    0.08    0.41    0.41 v _331_/Q (sky130_fd_sc_hd__dfrtp_2)
                                         one_second_counter[0] (net)
                  0.08    0.00    0.41 v _164_/D (sky130_fd_sc_hd__and4_2)
     6    0.01    0.06    0.27    0.68 v _164_/X (sky130_fd_sc_hd__and4_2)
                                         _156_ (net)
                  0.06    0.00    0.68 v _165_/D (sky130_fd_sc_hd__and4_2)
     6    0.01    0.06    0.26    0.94 v _165_/X (sky130_fd_sc_hd__and4_2)
                                         _157_ (net)
                  0.06    0.00    0.94 v _166_/B (sky130_fd_sc_hd__and2_2)
     5    0.01    0.06    0.21    1.16 v _166_/X (sky130_fd_sc_hd__and2_2)
                                         _158_ (net)
                  0.06    0.00    1.16 v _187_/A2 (sky130_fd_sc_hd__o31a_2)
     1    0.00    0.05    0.31    1.47 v _187_/X (sky130_fd_sc_hd__o31a_2)
                                         _072_ (net)
                  0.05    0.00    1.47 v _189_/B (sky130_fd_sc_hd__or3_2)
     1    0.00    0.08    0.45    1.92 v _189_/X (sky130_fd_sc_hd__or3_2)
                                         _074_ (net)
                  0.08    0.00    1.92 v _190_/B2 (sky130_fd_sc_hd__a22oi_2)
     9    0.02    0.26    0.25    2.16 ^ _190_/Y (sky130_fd_sc_hd__a22oi_2)
                                         _075_ (net)
                  0.26    0.00    2.16 ^ _293_/B (sky130_fd_sc_hd__and3b_2)
     1    0.00    0.04    0.22    2.38 ^ _293_/X (sky130_fd_sc_hd__and3b_2)
                                         _152_ (net)
                  0.04    0.00    2.38 ^ _294_/A (sky130_fd_sc_hd__buf_1)
     1    0.00    0.04    0.07    2.45 ^ _294_/X (sky130_fd_sc_hd__buf_1)
                                         _022_ (net)
                  0.04    0.00    2.45 ^ _336_/D (sky130_fd_sc_hd__dfrtp_2)
                                  2.45   data arrival time

                  0.00   10.00   10.00   clock core_clock (rise edge)
                          0.00   10.00   clock network delay (ideal)
                          0.00   10.00   clock reconvergence pessimism
                                 10.00 ^ _336_/CLK (sky130_fd_sc_hd__dfrtp_2)
                         -0.07    9.93   library setup time
                                  9.93   data required time
-----------------------------------------------------------------------------
                                  9.93   data required time
                                 -2.45   data arrival time
-----------------------------------------------------------------------------
                                  7.48   slack (MET)


Startpoint: _331_ (rising edge-triggered flip-flop clocked by core_clock)
Endpoint: _354_ (rising edge-triggered flip-flop clocked by core_clock)
Path Group: core_clock
Path Type: max

Fanout     Cap    Slew   Delay    Time   Description
-----------------------------------------------------------------------------
                  0.00    0.00    0.00   clock core_clock (rise edge)
                          0.00    0.00   clock network delay (ideal)
                  0.00    0.00    0.00 ^ _331_/CLK (sky130_fd_sc_hd__dfrtp_2)
     7    0.02    0.08    0.41    0.41 v _331_/Q (sky130_fd_sc_hd__dfrtp_2)
                                         one_second_counter[0] (net)
                  0.08    0.00    0.41 v _164_/D (sky130_fd_sc_hd__and4_2)
     6    0.01    0.06    0.27    0.68 v _164_/X (sky130_fd_sc_hd__and4_2)
                                         _156_ (net)
                  0.06    0.00    0.68 v _165_/D (sky130_fd_sc_hd__and4_2)
     6    0.01    0.06    0.26    0.94 v _165_/X (sky130_fd_sc_hd__and4_2)
                                         _157_ (net)
                  0.06    0.00    0.94 v _166_/B (sky130_fd_sc_hd__and2_2)
     5    0.01    0.06    0.21    1.16 v _166_/X (sky130_fd_sc_hd__and2_2)
                                         _158_ (net)
                  0.06    0.00    1.16 v _187_/A2 (sky130_fd_sc_hd__o31a_2)
     1    0.00    0.05    0.31    1.47 v _187_/X (sky130_fd_sc_hd__o31a_2)
                                         _072_ (net)
                  0.05    0.00    1.47 v _189_/B (sky130_fd_sc_hd__or3_2)
     1    0.00    0.08    0.45    1.92 v _189_/X (sky130_fd_sc_hd__or3_2)
                                         _074_ (net)
                  0.08    0.00    1.92 v _190_/B2 (sky130_fd_sc_hd__a22oi_2)
     9    0.02    0.26    0.25    2.16 ^ _190_/Y (sky130_fd_sc_hd__a22oi_2)
                                         _075_ (net)
                  0.26    0.00    2.16 ^ _263_/B (sky130_fd_sc_hd__and3b_2)
     1    0.00    0.04    0.22    2.38 ^ _263_/X (sky130_fd_sc_hd__and3b_2)
                                         _131_ (net)
                  0.04    0.00    2.38 ^ _264_/A (sky130_fd_sc_hd__buf_1)
     1    0.00    0.04    0.07    2.45 ^ _264_/X (sky130_fd_sc_hd__buf_1)
                                         _015_ (net)
                  0.04    0.00    2.45 ^ _354_/D (sky130_fd_sc_hd__dfrtp_2)
                                  2.45   data arrival time

                  0.00   10.00   10.00   clock core_clock (rise edge)
                          0.00   10.00   clock network delay (ideal)
                          0.00   10.00   clock reconvergence pessimism
                                 10.00 ^ _354_/CLK (sky130_fd_sc_hd__dfrtp_2)
                         -0.07    9.93   library setup time
                                  9.93   data required time
-----------------------------------------------------------------------------
                                  9.93   data required time
                                 -2.45   data arrival time
-----------------------------------------------------------------------------
                                  7.48   slack (MET)


Startpoint: _331_ (rising edge-triggered flip-flop clocked by core_clock)
Endpoint: _340_ (rising edge-triggered flip-flop clocked by core_clock)
Path Group: core_clock
Path Type: max

Fanout     Cap    Slew   Delay    Time   Description
-----------------------------------------------------------------------------
                  0.00    0.00    0.00   clock core_clock (rise edge)
                          0.00    0.00   clock network delay (ideal)
                  0.00    0.00    0.00 ^ _331_/CLK (sky130_fd_sc_hd__dfrtp_2)
     7    0.02    0.08    0.41    0.41 v _331_/Q (sky130_fd_sc_hd__dfrtp_2)
                                         one_second_counter[0] (net)
                  0.08    0.00    0.41 v _164_/D (sky130_fd_sc_hd__and4_2)
     6    0.01    0.06    0.27    0.68 v _164_/X (sky130_fd_sc_hd__and4_2)
                                         _156_ (net)
                  0.06    0.00    0.68 v _165_/D (sky130_fd_sc_hd__and4_2)
     6    0.01    0.06    0.26    0.94 v _165_/X (sky130_fd_sc_hd__and4_2)
                                         _157_ (net)
                  0.06    0.00    0.94 v _166_/B (sky130_fd_sc_hd__and2_2)
     5    0.01    0.06    0.21    1.16 v _166_/X (sky130_fd_sc_hd__and2_2)
                                         _158_ (net)
                  0.06    0.00    1.16 v _187_/A2 (sky130_fd_sc_hd__o31a_2)
     1    0.00    0.05    0.31    1.47 v _187_/X (sky130_fd_sc_hd__o31a_2)
                                         _072_ (net)
                  0.05    0.00    1.47 v _189_/B (sky130_fd_sc_hd__or3_2)
     1    0.00    0.08    0.45    1.92 v _189_/X (sky130_fd_sc_hd__or3_2)
                                         _074_ (net)
                  0.08    0.00    1.92 v _190_/B2 (sky130_fd_sc_hd__a22oi_2)
     9    0.02    0.26    0.25    2.16 ^ _190_/Y (sky130_fd_sc_hd__a22oi_2)
                                         _075_ (net)
                  0.26    0.00    2.16 ^ _207_/C (sky130_fd_sc_hd__and3b_2)
     1    0.00    0.04    0.21    2.37 ^ _207_/X (sky130_fd_sc_hd__and3b_2)
                                         _089_ (net)
                  0.04    0.00    2.37 ^ _208_/A (sky130_fd_sc_hd__buf_1)
     1    0.00    0.04    0.07    2.45 ^ _208_/X (sky130_fd_sc_hd__buf_1)
                                         _026_ (net)
                  0.04    0.00    2.45 ^ _340_/D (sky130_fd_sc_hd__dfrtp_2)
                                  2.45   data arrival time

                  0.00   10.00   10.00   clock core_clock (rise edge)
                          0.00   10.00   clock network delay (ideal)
                          0.00   10.00   clock reconvergence pessimism
                                 10.00 ^ _340_/CLK (sky130_fd_sc_hd__dfrtp_2)
                         -0.07    9.93   library setup time
                                  9.93   data required time
-----------------------------------------------------------------------------
                                  9.93   data required time
                                 -2.45   data arrival time
-----------------------------------------------------------------------------
                                  7.48   slack (MET)


Startpoint: _331_ (rising edge-triggered flip-flop clocked by core_clock)
Endpoint: _342_ (rising edge-triggered flip-flop clocked by core_clock)
Path Group: core_clock
Path Type: max

Fanout     Cap    Slew   Delay    Time   Description
-----------------------------------------------------------------------------
                  0.00    0.00    0.00   clock core_clock (rise edge)
                          0.00    0.00   clock network delay (ideal)
                  0.00    0.00    0.00 ^ _331_/CLK (sky130_fd_sc_hd__dfrtp_2)
     7    0.02    0.08    0.41    0.41 v _331_/Q (sky130_fd_sc_hd__dfrtp_2)
                                         one_second_counter[0] (net)
                  0.08    0.00    0.41 v _164_/D (sky130_fd_sc_hd__and4_2)
     6    0.01    0.06    0.27    0.68 v _164_/X (sky130_fd_sc_hd__and4_2)
                                         _156_ (net)
                  0.06    0.00    0.68 v _165_/D (sky130_fd_sc_hd__and4_2)
     6    0.01    0.06    0.26    0.94 v _165_/X (sky130_fd_sc_hd__and4_2)
                                         _157_ (net)
                  0.06    0.00    0.94 v _166_/B (sky130_fd_sc_hd__and2_2)
     5    0.01    0.06    0.21    1.16 v _166_/X (sky130_fd_sc_hd__and2_2)
                                         _158_ (net)
                  0.06    0.00    1.16 v _187_/A2 (sky130_fd_sc_hd__o31a_2)
     1    0.00    0.05    0.31    1.47 v _187_/X (sky130_fd_sc_hd__o31a_2)
                                         _072_ (net)
                  0.05    0.00    1.47 v _189_/B (sky130_fd_sc_hd__or3_2)
     1    0.00    0.08    0.45    1.92 v _189_/X (sky130_fd_sc_hd__or3_2)
                                         _074_ (net)
                  0.08    0.00    1.92 v _190_/B2 (sky130_fd_sc_hd__a22oi_2)
     9    0.02    0.26    0.25    2.16 ^ _190_/Y (sky130_fd_sc_hd__a22oi_2)
                                         _075_ (net)
                  0.26    0.00    2.16 ^ _216_/C (sky130_fd_sc_hd__and3b_2)
     1    0.00    0.04    0.21    2.37 ^ _216_/X (sky130_fd_sc_hd__and3b_2)
                                         _096_ (net)
                  0.04    0.00    2.37 ^ _217_/A (sky130_fd_sc_hd__buf_1)
     1    0.00    0.04    0.07    2.45 ^ _217_/X (sky130_fd_sc_hd__buf_1)
                                         _002_ (net)
                  0.04    0.00    2.45 ^ _342_/D (sky130_fd_sc_hd__dfrtp_2)
                                  2.45   data arrival time

                  0.00   10.00   10.00   clock core_clock (rise edge)
                          0.00   10.00   clock network delay (ideal)
                          0.00   10.00   clock reconvergence pessimism
                                 10.00 ^ _342_/CLK (sky130_fd_sc_hd__dfrtp_2)
                         -0.07    9.93   library setup time
                                  9.93   data required time
-----------------------------------------------------------------------------
                                  9.93   data required time
                                 -2.45   data arrival time
-----------------------------------------------------------------------------
                                  7.48   slack (MET)


Startpoint: _331_ (rising edge-triggered flip-flop clocked by core_clock)
Endpoint: _343_ (rising edge-triggered flip-flop clocked by core_clock)
Path Group: core_clock
Path Type: max

Fanout     Cap    Slew   Delay    Time   Description
-----------------------------------------------------------------------------
                  0.00    0.00    0.00   clock core_clock (rise edge)
                          0.00    0.00   clock network delay (ideal)
                  0.00    0.00    0.00 ^ _331_/CLK (sky130_fd_sc_hd__dfrtp_2)
     7    0.02    0.08    0.41    0.41 v _331_/Q (sky130_fd_sc_hd__dfrtp_2)
                                         one_second_counter[0] (net)
                  0.08    0.00    0.41 v _164_/D (sky130_fd_sc_hd__and4_2)
     6    0.01    0.06    0.27    0.68 v _164_/X (sky130_fd_sc_hd__and4_2)
                                         _156_ (net)
                  0.06    0.00    0.68 v _165_/D (sky130_fd_sc_hd__and4_2)
     6    0.01    0.06    0.26    0.94 v _165_/X (sky130_fd_sc_hd__and4_2)
                                         _157_ (net)
                  0.06    0.00    0.94 v _166_/B (sky130_fd_sc_hd__and2_2)
     5    0.01    0.06    0.21    1.16 v _166_/X (sky130_fd_sc_hd__and2_2)
                                         _158_ (net)
                  0.06    0.00    1.16 v _187_/A2 (sky130_fd_sc_hd__o31a_2)
     1    0.00    0.05    0.31    1.47 v _187_/X (sky130_fd_sc_hd__o31a_2)
                                         _072_ (net)
                  0.05    0.00    1.47 v _189_/B (sky130_fd_sc_hd__or3_2)
     1    0.00    0.08    0.45    1.92 v _189_/X (sky130_fd_sc_hd__or3_2)
                                         _074_ (net)
                  0.08    0.00    1.92 v _190_/B2 (sky130_fd_sc_hd__a22oi_2)
     9    0.02    0.26    0.25    2.16 ^ _190_/Y (sky130_fd_sc_hd__a22oi_2)
                                         _075_ (net)
                  0.26    0.00    2.16 ^ _220_/C (sky130_fd_sc_hd__and3b_2)
     1    0.00    0.04    0.21    2.37 ^ _220_/X (sky130_fd_sc_hd__and3b_2)
                                         _099_ (net)
                  0.04    0.00    2.37 ^ _221_/A (sky130_fd_sc_hd__buf_1)
     1    0.00    0.04    0.07    2.45 ^ _221_/X (sky130_fd_sc_hd__buf_1)
                                         _003_ (net)
                  0.04    0.00    2.45 ^ _343_/D (sky130_fd_sc_hd__dfrtp_2)
                                  2.45   data arrival time

                  0.00   10.00   10.00   clock core_clock (rise edge)
                          0.00   10.00   clock network delay (ideal)
                          0.00   10.00   clock reconvergence pessimism
                                 10.00 ^ _343_/CLK (sky130_fd_sc_hd__dfrtp_2)
                         -0.07    9.93   library setup time
                                  9.93   data required time
-----------------------------------------------------------------------------
                                  9.93   data required time
                                 -2.45   data arrival time
-----------------------------------------------------------------------------
                                  7.48   slack (MET)


Startpoint: _331_ (rising edge-triggered flip-flop clocked by core_clock)
Endpoint: _347_ (rising edge-triggered flip-flop clocked by core_clock)
Path Group: core_clock
Path Type: max

Fanout     Cap    Slew   Delay    Time   Description
-----------------------------------------------------------------------------
                  0.00    0.00    0.00   clock core_clock (rise edge)
                          0.00    0.00   clock network delay (ideal)
                  0.00    0.00    0.00 ^ _331_/CLK (sky130_fd_sc_hd__dfrtp_2)
     7    0.02    0.08    0.41    0.41 v _331_/Q (sky130_fd_sc_hd__dfrtp_2)
                                         one_second_counter[0] (net)
                  0.08    0.00    0.41 v _164_/D (sky130_fd_sc_hd__and4_2)
     6    0.01    0.06    0.27    0.68 v _164_/X (sky130_fd_sc_hd__and4_2)
                                         _156_ (net)
                  0.06    0.00    0.68 v _165_/D (sky130_fd_sc_hd__and4_2)
     6    0.01    0.06    0.26    0.94 v _165_/X (sky130_fd_sc_hd__and4_2)
                                         _157_ (net)
                  0.06    0.00    0.94 v _166_/B (sky130_fd_sc_hd__and2_2)
     5    0.01    0.06    0.21    1.16 v _166_/X (sky130_fd_sc_hd__and2_2)
                                         _158_ (net)
                  0.06    0.00    1.16 v _187_/A2 (sky130_fd_sc_hd__o31a_2)
     1    0.00    0.05    0.31    1.47 v _187_/X (sky130_fd_sc_hd__o31a_2)
                                         _072_ (net)
                  0.05    0.00    1.47 v _189_/B (sky130_fd_sc_hd__or3_2)
     1    0.00    0.08    0.45    1.92 v _189_/X (sky130_fd_sc_hd__or3_2)
                                         _074_ (net)
                  0.08    0.00    1.92 v _190_/B2 (sky130_fd_sc_hd__a22oi_2)
     9    0.02    0.26    0.25    2.16 ^ _190_/Y (sky130_fd_sc_hd__a22oi_2)
                                         _075_ (net)
                  0.26    0.00    2.16 ^ _235_/C (sky130_fd_sc_hd__and3b_2)
     1    0.00    0.04    0.21    2.37 ^ _235_/X (sky130_fd_sc_hd__and3b_2)
                                         _110_ (net)
                  0.04    0.00    2.37 ^ _236_/A (sky130_fd_sc_hd__buf_1)
     1    0.00    0.04    0.07    2.45 ^ _236_/X (sky130_fd_sc_hd__buf_1)
                                         _007_ (net)
                  0.04    0.00    2.45 ^ _347_/D (sky130_fd_sc_hd__dfrtp_2)
                                  2.45   data arrival time

                  0.00   10.00   10.00   clock core_clock (rise edge)
                          0.00   10.00   clock network delay (ideal)
                          0.00   10.00   clock reconvergence pessimism
                                 10.00 ^ _347_/CLK (sky130_fd_sc_hd__dfrtp_2)
                         -0.07    9.93   library setup time
                                  9.93   data required time
-----------------------------------------------------------------------------
                                  9.93   data required time
                                 -2.45   data arrival time
-----------------------------------------------------------------------------
                                  7.48   slack (MET)


Startpoint: _345_ (rising edge-triggered flip-flop clocked by core_clock)
Endpoint: _328_ (rising edge-triggered flip-flop clocked by core_clock)
Path Group: core_clock
Path Type: max

Fanout     Cap    Slew   Delay    Time   Description
-----------------------------------------------------------------------------
                  0.00    0.00    0.00   clock core_clock (rise edge)
                          0.00    0.00   clock network delay (ideal)
                  0.00    0.00    0.00 ^ _345_/CLK (sky130_fd_sc_hd__dfrtp_2)
     4    0.01    0.08    0.35    0.35 ^ _345_/Q (sky130_fd_sc_hd__dfrtp_2)
                                         one_second_counter[14] (net)
                  0.08    0.00    0.35 ^ _171_/B (sky130_fd_sc_hd__and3_2)
     2    0.00    0.04    0.17    0.52 ^ _171_/X (sky130_fd_sc_hd__and3_2)
                                         _163_ (net)
                  0.04    0.00    0.52 ^ _172_/D_N (sky130_fd_sc_hd__or4b_2)
     2    0.01    0.13    0.62    1.14 v _172_/X (sky130_fd_sc_hd__or4b_2)
                                         _060_ (net)
                  0.13    0.00    1.14 v _173_/C (sky130_fd_sc_hd__nor3_2)
     1    0.00    0.10    0.11    1.25 ^ _173_/Y (sky130_fd_sc_hd__nor3_2)
                                         _061_ (net)
                  0.10    0.00    1.25 ^ _174_/D (sky130_fd_sc_hd__and4b_2)
     4    0.01    0.10    0.28    1.53 ^ _174_/X (sky130_fd_sc_hd__and4b_2)
                                         _062_ (net)
                  0.10    0.00    1.53 ^ _181_/B (sky130_fd_sc_hd__nand2_2)
     2    0.01    0.05    0.08    1.61 v _181_/Y (sky130_fd_sc_hd__nand2_2)
                                         _068_ (net)
                  0.05    0.00    1.61 v _184_/A (sky130_fd_sc_hd__and2_2)
     1    0.00    0.03    0.16    1.77 v _184_/X (sky130_fd_sc_hd__and2_2)
                                         _070_ (net)
                  0.03    0.00    1.77 v _185_/A (sky130_fd_sc_hd__buf_1)
     1    0.00    0.02    0.08    1.85 v _185_/X (sky130_fd_sc_hd__buf_1)
                                         _057_ (net)
                  0.02    0.00    1.85 v _328_/D (sky130_fd_sc_hd__dfrtp_2)
                                  1.85   data arrival time

                  0.00   10.00   10.00   clock core_clock (rise edge)
                          0.00   10.00   clock network delay (ideal)
                          0.00   10.00   clock reconvergence pessimism
                                 10.00 ^ _328_/CLK (sky130_fd_sc_hd__dfrtp_2)
                         -0.12    9.88   library setup time
                                  9.88   data required time
-----------------------------------------------------------------------------
                                  9.88   data required time
                                 -1.85   data arrival time
-----------------------------------------------------------------------------
                                  8.04   slack (MET)


Startpoint: _345_ (rising edge-triggered flip-flop clocked by core_clock)
Endpoint: _330_ (rising edge-triggered flip-flop clocked by core_clock)
Path Group: core_clock
Path Type: max

Fanout     Cap    Slew   Delay    Time   Description
-----------------------------------------------------------------------------
                  0.00    0.00    0.00   clock core_clock (rise edge)
                          0.00    0.00   clock network delay (ideal)
                  0.00    0.00    0.00 ^ _345_/CLK (sky130_fd_sc_hd__dfrtp_2)
     4    0.01    0.08    0.35    0.35 ^ _345_/Q (sky130_fd_sc_hd__dfrtp_2)
                                         one_second_counter[14] (net)
                  0.08    0.00    0.35 ^ _171_/B (sky130_fd_sc_hd__and3_2)
     2    0.00    0.04    0.17    0.52 ^ _171_/X (sky130_fd_sc_hd__and3_2)
                                         _163_ (net)
                  0.04    0.00    0.52 ^ _172_/D_N (sky130_fd_sc_hd__or4b_2)
     2    0.01    0.13    0.62    1.14 v _172_/X (sky130_fd_sc_hd__or4b_2)
                                         _060_ (net)
                  0.13    0.00    1.14 v _173_/C (sky130_fd_sc_hd__nor3_2)
     1    0.00    0.10    0.11    1.25 ^ _173_/Y (sky130_fd_sc_hd__nor3_2)
                                         _061_ (net)
                  0.10    0.00    1.25 ^ _174_/D (sky130_fd_sc_hd__and4b_2)
     4    0.01    0.10    0.28    1.53 ^ _174_/X (sky130_fd_sc_hd__and4b_2)
                                         _062_ (net)
                  0.10    0.00    1.53 ^ _175_/A (sky130_fd_sc_hd__inv_2)
     1    0.00    0.02    0.03    1.56 v _175_/Y (sky130_fd_sc_hd__inv_2)
                                         _063_ (net)
                  0.02    0.00    1.56 v _180_/A2 (sky130_fd_sc_hd__a21o_2)
     1    0.00    0.03    0.19    1.75 v _180_/X (sky130_fd_sc_hd__a21o_2)
                                         _059_ (net)
                  0.03    0.00    1.75 v _330_/D (sky130_fd_sc_hd__dfrtp_2)
                                  1.75   data arrival time

                  0.00   10.00   10.00   clock core_clock (rise edge)
                          0.00   10.00   clock network delay (ideal)
                          0.00   10.00   clock reconvergence pessimism
                                 10.00 ^ _330_/CLK (sky130_fd_sc_hd__dfrtp_2)
                         -0.12    9.88   library setup time
                                  9.88   data required time
-----------------------------------------------------------------------------
                                  9.88   data required time
                                 -1.75   data arrival time
-----------------------------------------------------------------------------
                                  8.13   slack (MET)


Startpoint: _345_ (rising edge-triggered flip-flop clocked by core_clock)
Endpoint: _329_ (rising edge-triggered flip-flop clocked by core_clock)
Path Group: core_clock
Path Type: max

Fanout     Cap    Slew   Delay    Time   Description
-----------------------------------------------------------------------------
                  0.00    0.00    0.00   clock core_clock (rise edge)
                          0.00    0.00   clock network delay (ideal)
                  0.00    0.00    0.00 ^ _345_/CLK (sky130_fd_sc_hd__dfrtp_2)
     4    0.01    0.08    0.35    0.35 ^ _345_/Q (sky130_fd_sc_hd__dfrtp_2)
                                         one_second_counter[14] (net)
                  0.08    0.00    0.35 ^ _171_/B (sky130_fd_sc_hd__and3_2)
     2    0.00    0.04    0.17    0.52 ^ _171_/X (sky130_fd_sc_hd__and3_2)
                                         _163_ (net)
                  0.04    0.00    0.52 ^ _172_/D_N (sky130_fd_sc_hd__or4b_2)
     2    0.01    0.13    0.62    1.14 v _172_/X (sky130_fd_sc_hd__or4b_2)
                                         _060_ (net)
                  0.13    0.00    1.14 v _173_/C (sky130_fd_sc_hd__nor3_2)
     1    0.00    0.10    0.11    1.25 ^ _173_/Y (sky130_fd_sc_hd__nor3_2)
                                         _061_ (net)
                  0.10    0.00    1.25 ^ _174_/D (sky130_fd_sc_hd__and4b_2)
     4    0.01    0.10    0.28    1.53 ^ _174_/X (sky130_fd_sc_hd__and4b_2)
                                         _062_ (net)
                  0.10    0.00    1.53 ^ _181_/B (sky130_fd_sc_hd__nand2_2)
     2    0.01    0.05    0.08    1.61 v _181_/Y (sky130_fd_sc_hd__nand2_2)
                                         _068_ (net)
                  0.05    0.00    1.61 v _182_/B (sky130_fd_sc_hd__xnor2_2)
     1    0.00    0.04    0.12    1.73 v _182_/Y (sky130_fd_sc_hd__xnor2_2)
                                         _058_ (net)
                  0.04    0.00    1.73 v _329_/D (sky130_fd_sc_hd__dfrtp_2)
                                  1.73   data arrival time

                  0.00   10.00   10.00   clock core_clock (rise edge)
                          0.00   10.00   clock network delay (ideal)
                          0.00   10.00   clock reconvergence pessimism
                                 10.00 ^ _329_/CLK (sky130_fd_sc_hd__dfrtp_2)
                         -0.12    9.88   library setup time
                                  9.88   data required time
-----------------------------------------------------------------------------
                                  9.88   data required time
                                 -1.73   data arrival time
-----------------------------------------------------------------------------
                                  8.15   slack (MET)



worst slack corner Typical: 7.2706
