
===========================================================================
report_checks -path_delay min (Hold)
============================================================================
======================= Typical Corner ===================================

Startpoint: _329_ (rising edge-triggered flip-flop clocked by core_clock)
Endpoint: _329_ (rising edge-triggered flip-flop clocked by core_clock)
Path Group: core_clock
Path Type: min

Fanout     Cap    Slew   Delay    Time   Description
-----------------------------------------------------------------------------
                  0.00    0.00    0.00   clock core_clock (rise edge)
                          0.00    0.00   clock network delay (ideal)
                  0.00    0.00    0.00 ^ _329_/CLK (sky130_fd_sc_hd__dfrtp_2)
     4    0.02    0.09    0.37    0.37 ^ _329_/Q (sky130_fd_sc_hd__dfrtp_2)
                                         count[1] (net)
                  0.09    0.00    0.37 ^ _182_/A (sky130_fd_sc_hd__xnor2_2)
     1    0.00    0.03    0.07    0.43 v _182_/Y (sky130_fd_sc_hd__xnor2_2)
                                         _058_ (net)
                  0.03    0.00    0.43 v _329_/D (sky130_fd_sc_hd__dfrtp_2)
                                  0.43   data arrival time

                  0.00    0.00    0.00   clock core_clock (rise edge)
                          0.00    0.00   clock network delay (ideal)
                          0.00    0.00   clock reconvergence pessimism
                                  0.00 ^ _329_/CLK (sky130_fd_sc_hd__dfrtp_2)
                         -0.04   -0.04   library hold time
                                 -0.04   data required time
-----------------------------------------------------------------------------
                                 -0.04   data required time
                                 -0.43   data arrival time
-----------------------------------------------------------------------------
                                  0.48   slack (MET)


Startpoint: _330_ (rising edge-triggered flip-flop clocked by core_clock)
Endpoint: _330_ (rising edge-triggered flip-flop clocked by core_clock)
Path Group: core_clock
Path Type: min

Fanout     Cap    Slew   Delay    Time   Description
-----------------------------------------------------------------------------
                  0.00    0.00    0.00   clock core_clock (rise edge)
                          0.00    0.00   clock network delay (ideal)
                  0.00    0.00    0.00 ^ _330_/CLK (sky130_fd_sc_hd__dfrtp_2)
     4    0.01    0.08    0.36    0.36 ^ _330_/Q (sky130_fd_sc_hd__dfrtp_2)
                                         count[2] (net)
                  0.08    0.00    0.36 ^ _180_/A1 (sky130_fd_sc_hd__a21o_2)
     1    0.00    0.02    0.11    0.48 ^ _180_/X (sky130_fd_sc_hd__a21o_2)
                                         _059_ (net)
                  0.02    0.00    0.48 ^ _330_/D (sky130_fd_sc_hd__dfrtp_2)
                                  0.48   data arrival time

                  0.00    0.00    0.00   clock core_clock (rise edge)
                          0.00    0.00   clock network delay (ideal)
                          0.00    0.00   clock reconvergence pessimism
                                  0.00 ^ _330_/CLK (sky130_fd_sc_hd__dfrtp_2)
                         -0.04   -0.04   library hold time
                                 -0.04   data required time
-----------------------------------------------------------------------------
                                 -0.04   data required time
                                 -0.48   data arrival time
-----------------------------------------------------------------------------
                                  0.51   slack (MET)


Startpoint: _357_ (rising edge-triggered flip-flop clocked by core_clock)
Endpoint: _357_ (rising edge-triggered flip-flop clocked by core_clock)
Path Group: core_clock
Path Type: min

Fanout     Cap    Slew   Delay    Time   Description
-----------------------------------------------------------------------------
                  0.00    0.00    0.00   clock core_clock (rise edge)
                          0.00    0.00   clock network delay (ideal)
                  0.00    0.00    0.00 ^ _357_/CLK (sky130_fd_sc_hd__dfrtp_2)
     3    0.01    0.07    0.35    0.35 ^ _357_/Q (sky130_fd_sc_hd__dfrtp_2)
                                         one_second_counter[26] (net)
                  0.07    0.00    0.35 ^ _273_/A (sky130_fd_sc_hd__inv_2)
     1    0.00    0.02    0.04    0.39 v _273_/Y (sky130_fd_sc_hd__inv_2)
                                         _138_ (net)
                  0.02    0.00    0.39 v _274_/A1 (sky130_fd_sc_hd__a21boi_2)
     1    0.00    0.06    0.09    0.48 ^ _274_/Y (sky130_fd_sc_hd__a21boi_2)
                                         _018_ (net)
                  0.06    0.00    0.48 ^ _357_/D (sky130_fd_sc_hd__dfrtp_2)
                                  0.48   data arrival time

                  0.00    0.00    0.00   clock core_clock (rise edge)
                          0.00    0.00   clock network delay (ideal)
                          0.00    0.00   clock reconvergence pessimism
                                  0.00 ^ _357_/CLK (sky130_fd_sc_hd__dfrtp_2)
                         -0.04   -0.04   library hold time
                                 -0.04   data required time
-----------------------------------------------------------------------------
                                 -0.04   data required time
                                 -0.48   data arrival time
-----------------------------------------------------------------------------
                                  0.52   slack (MET)


Startpoint: _345_ (rising edge-triggered flip-flop clocked by core_clock)
Endpoint: _345_ (rising edge-triggered flip-flop clocked by core_clock)
Path Group: core_clock
Path Type: min

Fanout     Cap    Slew   Delay    Time   Description
-----------------------------------------------------------------------------
                  0.00    0.00    0.00   clock core_clock (rise edge)
                          0.00    0.00   clock network delay (ideal)
                  0.00    0.00    0.00 ^ _345_/CLK (sky130_fd_sc_hd__dfrtp_2)
     4    0.01    0.08    0.35    0.35 ^ _345_/Q (sky130_fd_sc_hd__dfrtp_2)
                                         one_second_counter[14] (net)
                  0.08    0.00    0.35 ^ _226_/A (sky130_fd_sc_hd__nand2_2)
     1    0.00    0.03    0.04    0.39 v _226_/Y (sky130_fd_sc_hd__nand2_2)
                                         _103_ (net)
                  0.03    0.00    0.39 v _227_/B1 (sky130_fd_sc_hd__o211a_2)
     1    0.00    0.02    0.12    0.51 v _227_/X (sky130_fd_sc_hd__o211a_2)
                                         _005_ (net)
                  0.02    0.00    0.51 v _345_/D (sky130_fd_sc_hd__dfrtp_2)
                                  0.51   data arrival time

                  0.00    0.00    0.00   clock core_clock (rise edge)
                          0.00    0.00   clock network delay (ideal)
                          0.00    0.00   clock reconvergence pessimism
                                  0.00 ^ _345_/CLK (sky130_fd_sc_hd__dfrtp_2)
                         -0.04   -0.04   library hold time
                                 -0.04   data required time
-----------------------------------------------------------------------------
                                 -0.04   data required time
                                 -0.51   data arrival time
-----------------------------------------------------------------------------
                                  0.55   slack (MET)


Startpoint: _346_ (rising edge-triggered flip-flop clocked by core_clock)
Endpoint: _346_ (rising edge-triggered flip-flop clocked by core_clock)
Path Group: core_clock
Path Type: min

Fanout     Cap    Slew   Delay    Time   Description
-----------------------------------------------------------------------------
                  0.00    0.00    0.00   clock core_clock (rise edge)
                          0.00    0.00   clock network delay (ideal)
                  0.00    0.00    0.00 ^ _346_/CLK (sky130_fd_sc_hd__dfrtp_2)
     2    0.00    0.05    0.32    0.32 ^ _346_/Q (sky130_fd_sc_hd__dfrtp_2)
                                         one_second_counter[15] (net)
                  0.05    0.00    0.32 ^ _230_/B1 (sky130_fd_sc_hd__a21o_2)
     1    0.00    0.02    0.07    0.40 ^ _230_/X (sky130_fd_sc_hd__a21o_2)
                                         _106_ (net)
                  0.02    0.00    0.40 ^ _231_/C (sky130_fd_sc_hd__and3b_2)
     1    0.00    0.04    0.16    0.56 ^ _231_/X (sky130_fd_sc_hd__and3b_2)
                                         _107_ (net)
                  0.04    0.00    0.56 ^ _232_/A (sky130_fd_sc_hd__buf_1)
     1    0.00    0.04    0.07    0.63 ^ _232_/X (sky130_fd_sc_hd__buf_1)
                                         _006_ (net)
                  0.04    0.00    0.63 ^ _346_/D (sky130_fd_sc_hd__dfrtp_2)
                                  0.63   data arrival time

                  0.00    0.00    0.00   clock core_clock (rise edge)
                          0.00    0.00   clock network delay (ideal)
                          0.00    0.00   clock reconvergence pessimism
                                  0.00 ^ _346_/CLK (sky130_fd_sc_hd__dfrtp_2)
                         -0.04   -0.04   library hold time
                                 -0.04   data required time
-----------------------------------------------------------------------------
                                 -0.04   data required time
                                 -0.63   data arrival time
-----------------------------------------------------------------------------
                                  0.67   slack (MET)


Startpoint: _353_ (rising edge-triggered flip-flop clocked by core_clock)
Endpoint: _353_ (rising edge-triggered flip-flop clocked by core_clock)
Path Group: core_clock
Path Type: min

Fanout     Cap    Slew   Delay    Time   Description
-----------------------------------------------------------------------------
                  0.00    0.00    0.00   clock core_clock (rise edge)
                          0.00    0.00   clock network delay (ideal)
                  0.00    0.00    0.00 ^ _353_/CLK (sky130_fd_sc_hd__dfrtp_2)
     2    0.00    0.05    0.32    0.32 ^ _353_/Q (sky130_fd_sc_hd__dfrtp_2)
                                         one_second_counter[22] (net)
                  0.05    0.00    0.32 ^ _258_/B1 (sky130_fd_sc_hd__a21o_2)
     1    0.00    0.02    0.07    0.40 ^ _258_/X (sky130_fd_sc_hd__a21o_2)
                                         _127_ (net)
                  0.02    0.00    0.40 ^ _259_/C (sky130_fd_sc_hd__and3b_2)
     1    0.00    0.04    0.16    0.56 ^ _259_/X (sky130_fd_sc_hd__and3b_2)
                                         _128_ (net)
                  0.04    0.00    0.56 ^ _260_/A (sky130_fd_sc_hd__buf_1)
     1    0.00    0.04    0.07    0.63 ^ _260_/X (sky130_fd_sc_hd__buf_1)
                                         _014_ (net)
                  0.04    0.00    0.63 ^ _353_/D (sky130_fd_sc_hd__dfrtp_2)
                                  0.63   data arrival time

                  0.00    0.00    0.00   clock core_clock (rise edge)
                          0.00    0.00   clock network delay (ideal)
                          0.00    0.00   clock reconvergence pessimism
                                  0.00 ^ _353_/CLK (sky130_fd_sc_hd__dfrtp_2)
                         -0.04   -0.04   library hold time
                                 -0.04   data required time
-----------------------------------------------------------------------------
                                 -0.04   data required time
                                 -0.63   data arrival time
-----------------------------------------------------------------------------
                                  0.67   slack (MET)


Startpoint: _342_ (rising edge-triggered flip-flop clocked by core_clock)
Endpoint: _342_ (rising edge-triggered flip-flop clocked by core_clock)
Path Group: core_clock
Path Type: min

Fanout     Cap    Slew   Delay    Time   Description
-----------------------------------------------------------------------------
                  0.00    0.00    0.00   clock core_clock (rise edge)
                          0.00    0.00   clock network delay (ideal)
                  0.00    0.00    0.00 ^ _342_/CLK (sky130_fd_sc_hd__dfrtp_2)
     3    0.01    0.05    0.33    0.33 ^ _342_/Q (sky130_fd_sc_hd__dfrtp_2)
                                         one_second_counter[11] (net)
                  0.05    0.00    0.33 ^ _215_/B1 (sky130_fd_sc_hd__a21o_2)
     1    0.00    0.02    0.08    0.40 ^ _215_/X (sky130_fd_sc_hd__a21o_2)
                                         _095_ (net)
                  0.02    0.00    0.40 ^ _216_/B (sky130_fd_sc_hd__and3b_2)
     1    0.00    0.04    0.15    0.56 ^ _216_/X (sky130_fd_sc_hd__and3b_2)
                                         _096_ (net)
                  0.04    0.00    0.56 ^ _217_/A (sky130_fd_sc_hd__buf_1)
     1    0.00    0.04    0.07    0.63 ^ _217_/X (sky130_fd_sc_hd__buf_1)
                                         _002_ (net)
                  0.04    0.00    0.63 ^ _342_/D (sky130_fd_sc_hd__dfrtp_2)
                                  0.63   data arrival time

                  0.00    0.00    0.00   clock core_clock (rise edge)
                          0.00    0.00   clock network delay (ideal)
                          0.00    0.00   clock reconvergence pessimism
                                  0.00 ^ _342_/CLK (sky130_fd_sc_hd__dfrtp_2)
                         -0.04   -0.04   library hold time
                                 -0.04   data required time
-----------------------------------------------------------------------------
                                 -0.04   data required time
                                 -0.63   data arrival time
-----------------------------------------------------------------------------
                                  0.67   slack (MET)


Startpoint: _335_ (rising edge-triggered flip-flop clocked by core_clock)
Endpoint: _335_ (rising edge-triggered flip-flop clocked by core_clock)
Path Group: core_clock
Path Type: min

Fanout     Cap    Slew   Delay    Time   Description
-----------------------------------------------------------------------------
                  0.00    0.00    0.00   clock core_clock (rise edge)
                          0.00    0.00   clock network delay (ideal)
                  0.00    0.00    0.00 ^ _335_/CLK (sky130_fd_sc_hd__dfrtp_2)
     5    0.01    0.08    0.35    0.35 ^ _335_/Q (sky130_fd_sc_hd__dfrtp_2)
                                         one_second_counter[4] (net)
                  0.08    0.00    0.35 ^ _288_/A (sky130_fd_sc_hd__nand2_2)
     1    0.00    0.03    0.04    0.39 v _288_/Y (sky130_fd_sc_hd__nand2_2)
                                         _148_ (net)
                  0.03    0.00    0.39 v _290_/A (sky130_fd_sc_hd__and3_2)
     1    0.00    0.03    0.15    0.55 v _290_/X (sky130_fd_sc_hd__and3_2)
                                         _150_ (net)
                  0.03    0.00    0.55 v _291_/A (sky130_fd_sc_hd__buf_1)
     1    0.00    0.02    0.08    0.62 v _291_/X (sky130_fd_sc_hd__buf_1)
                                         _021_ (net)
                  0.02    0.00    0.62 v _335_/D (sky130_fd_sc_hd__dfrtp_2)
                                  0.62   data arrival time

                  0.00    0.00    0.00   clock core_clock (rise edge)
                          0.00    0.00   clock network delay (ideal)
                          0.00    0.00   clock reconvergence pessimism
                                  0.00 ^ _335_/CLK (sky130_fd_sc_hd__dfrtp_2)
                         -0.04   -0.04   library hold time
                                 -0.04   data required time
-----------------------------------------------------------------------------
                                 -0.04   data required time
                                 -0.62   data arrival time
-----------------------------------------------------------------------------
                                  0.67   slack (MET)


Startpoint: _328_ (rising edge-triggered flip-flop clocked by core_clock)
Endpoint: _328_ (rising edge-triggered flip-flop clocked by core_clock)
Path Group: core_clock
Path Type: min

Fanout     Cap    Slew   Delay    Time   Description
-----------------------------------------------------------------------------
                  0.00    0.00    0.00   clock core_clock (rise edge)
                          0.00    0.00   clock network delay (ideal)
                  0.00    0.00    0.00 ^ _328_/CLK (sky130_fd_sc_hd__dfrtp_2)
     5    0.01    0.09    0.36    0.36 ^ _328_/Q (sky130_fd_sc_hd__dfrtp_2)
                                         count[0] (net)
                  0.09    0.00    0.36 ^ _183_/B1 (sky130_fd_sc_hd__a21o_2)
     1    0.00    0.02    0.09    0.45 ^ _183_/X (sky130_fd_sc_hd__a21o_2)
                                         _069_ (net)
                  0.02    0.00    0.45 ^ _184_/B (sky130_fd_sc_hd__and2_2)
     1    0.00    0.03    0.12    0.57 ^ _184_/X (sky130_fd_sc_hd__and2_2)
                                         _070_ (net)
                  0.03    0.00    0.57 ^ _185_/A (sky130_fd_sc_hd__buf_1)
     1    0.00    0.04    0.07    0.64 ^ _185_/X (sky130_fd_sc_hd__buf_1)
                                         _057_ (net)
                  0.04    0.00    0.64 ^ _328_/D (sky130_fd_sc_hd__dfrtp_2)
                                  0.64   data arrival time

                  0.00    0.00    0.00   clock core_clock (rise edge)
                          0.00    0.00   clock network delay (ideal)
                          0.00    0.00   clock reconvergence pessimism
                                  0.00 ^ _328_/CLK (sky130_fd_sc_hd__dfrtp_2)
                         -0.04   -0.04   library hold time
                                 -0.04   data required time
-----------------------------------------------------------------------------
                                 -0.04   data required time
                                 -0.64   data arrival time
-----------------------------------------------------------------------------
                                  0.68   slack (MET)


Startpoint: _337_ (rising edge-triggered flip-flop clocked by core_clock)
Endpoint: _337_ (rising edge-triggered flip-flop clocked by core_clock)
Path Group: core_clock
Path Type: min

Fanout     Cap    Slew   Delay    Time   Description
-----------------------------------------------------------------------------
                  0.00    0.00    0.00   clock core_clock (rise edge)
                          0.00    0.00   clock network delay (ideal)
                  0.00    0.00    0.00 ^ _337_/CLK (sky130_fd_sc_hd__dfrtp_2)
     2    0.00    0.04    0.32    0.32 ^ _337_/Q (sky130_fd_sc_hd__dfrtp_2)
                                         one_second_counter[6] (net)
                  0.04    0.00    0.32 ^ _193_/A (sky130_fd_sc_hd__or2_2)
     1    0.00    0.02    0.09    0.40 ^ _193_/X (sky130_fd_sc_hd__or2_2)
                                         _078_ (net)
                  0.02    0.00    0.40 ^ _194_/C (sky130_fd_sc_hd__and3b_2)
     1    0.00    0.04    0.16    0.56 ^ _194_/X (sky130_fd_sc_hd__and3b_2)
                                         _079_ (net)
                  0.04    0.00    0.56 ^ _195_/A (sky130_fd_sc_hd__buf_1)
     1    0.00    0.04    0.07    0.64 ^ _195_/X (sky130_fd_sc_hd__buf_1)
                                         _023_ (net)
                  0.04    0.00    0.64 ^ _337_/D (sky130_fd_sc_hd__dfrtp_2)
                                  0.64   data arrival time

                  0.00    0.00    0.00   clock core_clock (rise edge)
                          0.00    0.00   clock network delay (ideal)
                          0.00    0.00   clock reconvergence pessimism
                                  0.00 ^ _337_/CLK (sky130_fd_sc_hd__dfrtp_2)
                         -0.04   -0.04   library hold time
                                 -0.04   data required time
-----------------------------------------------------------------------------
                                 -0.04   data required time
                                 -0.64   data arrival time
-----------------------------------------------------------------------------
                                  0.68   slack (MET)


Startpoint: _336_ (rising edge-triggered flip-flop clocked by core_clock)
Endpoint: _336_ (rising edge-triggered flip-flop clocked by core_clock)
Path Group: core_clock
Path Type: min

Fanout     Cap    Slew   Delay    Time   Description
-----------------------------------------------------------------------------
                  0.00    0.00    0.00   clock core_clock (rise edge)
                          0.00    0.00   clock network delay (ideal)
                  0.00    0.00    0.00 ^ _336_/CLK (sky130_fd_sc_hd__dfrtp_2)
     3    0.01    0.05    0.33    0.33 ^ _336_/Q (sky130_fd_sc_hd__dfrtp_2)
                                         one_second_counter[5] (net)
                  0.05    0.00    0.33 ^ _292_/B1 (sky130_fd_sc_hd__a21o_2)
     1    0.00    0.02    0.08    0.41 ^ _292_/X (sky130_fd_sc_hd__a21o_2)
                                         _151_ (net)
                  0.02    0.00    0.41 ^ _293_/C (sky130_fd_sc_hd__and3b_2)
     1    0.00    0.04    0.16    0.56 ^ _293_/X (sky130_fd_sc_hd__and3b_2)
                                         _152_ (net)
                  0.04    0.00    0.56 ^ _294_/A (sky130_fd_sc_hd__buf_1)
     1    0.00    0.04    0.07    0.64 ^ _294_/X (sky130_fd_sc_hd__buf_1)
                                         _022_ (net)
                  0.04    0.00    0.64 ^ _336_/D (sky130_fd_sc_hd__dfrtp_2)
                                  0.64   data arrival time

                  0.00    0.00    0.00   clock core_clock (rise edge)
                          0.00    0.00   clock network delay (ideal)
                          0.00    0.00   clock reconvergence pessimism
                                  0.00 ^ _336_/CLK (sky130_fd_sc_hd__dfrtp_2)
                         -0.04   -0.04   library hold time
                                 -0.04   data required time
-----------------------------------------------------------------------------
                                 -0.04   data required time
                                 -0.64   data arrival time
-----------------------------------------------------------------------------
                                  0.68   slack (MET)


Startpoint: _334_ (rising edge-triggered flip-flop clocked by core_clock)
Endpoint: _334_ (rising edge-triggered flip-flop clocked by core_clock)
Path Group: core_clock
Path Type: min

Fanout     Cap    Slew   Delay    Time   Description
-----------------------------------------------------------------------------
                  0.00    0.00    0.00   clock core_clock (rise edge)
                          0.00    0.00   clock network delay (ideal)
                  0.00    0.00    0.00 ^ _334_/CLK (sky130_fd_sc_hd__dfrtp_2)
     2    0.00    0.05    0.32    0.32 ^ _334_/Q (sky130_fd_sc_hd__dfrtp_2)
                                         one_second_counter[3] (net)
                  0.05    0.00    0.32 ^ _285_/B1 (sky130_fd_sc_hd__a31o_2)
     1    0.00    0.03    0.08    0.40 ^ _285_/X (sky130_fd_sc_hd__a31o_2)
                                         _146_ (net)
                  0.03    0.00    0.40 ^ _286_/C (sky130_fd_sc_hd__and3b_2)
     1    0.00    0.04    0.16    0.56 ^ _286_/X (sky130_fd_sc_hd__and3b_2)
                                         _147_ (net)
                  0.04    0.00    0.56 ^ _287_/A (sky130_fd_sc_hd__buf_1)
     1    0.00    0.04    0.07    0.64 ^ _287_/X (sky130_fd_sc_hd__buf_1)
                                         _020_ (net)
                  0.04    0.00    0.64 ^ _334_/D (sky130_fd_sc_hd__dfrtp_2)
                                  0.64   data arrival time

                  0.00    0.00    0.00   clock core_clock (rise edge)
                          0.00    0.00   clock network delay (ideal)
                          0.00    0.00   clock reconvergence pessimism
                                  0.00 ^ _334_/CLK (sky130_fd_sc_hd__dfrtp_2)
                         -0.04   -0.04   library hold time
                                 -0.04   data required time
-----------------------------------------------------------------------------
                                 -0.04   data required time
                                 -0.64   data arrival time
-----------------------------------------------------------------------------
                                  0.68   slack (MET)


Startpoint: _340_ (rising edge-triggered flip-flop clocked by core_clock)
Endpoint: _340_ (rising edge-triggered flip-flop clocked by core_clock)
Path Group: core_clock
Path Type: min

Fanout     Cap    Slew   Delay    Time   Description
-----------------------------------------------------------------------------
                  0.00    0.00    0.00   clock core_clock (rise edge)
                          0.00    0.00   clock network delay (ideal)
                  0.00    0.00    0.00 ^ _340_/CLK (sky130_fd_sc_hd__dfrtp_2)
     3    0.01    0.05    0.33    0.33 ^ _340_/Q (sky130_fd_sc_hd__dfrtp_2)
                                         one_second_counter[9] (net)
                  0.05    0.00    0.33 ^ _206_/B1 (sky130_fd_sc_hd__a31o_2)
     1    0.00    0.03    0.09    0.42 ^ _206_/X (sky130_fd_sc_hd__a31o_2)
                                         _088_ (net)
                  0.03    0.00    0.42 ^ _207_/B (sky130_fd_sc_hd__and3b_2)
     1    0.00    0.04    0.15    0.57 ^ _207_/X (sky130_fd_sc_hd__and3b_2)
                                         _089_ (net)
                  0.04    0.00    0.57 ^ _208_/A (sky130_fd_sc_hd__buf_1)
     1    0.00    0.04    0.07    0.64 ^ _208_/X (sky130_fd_sc_hd__buf_1)
                                         _026_ (net)
                  0.04    0.00    0.64 ^ _340_/D (sky130_fd_sc_hd__dfrtp_2)
                                  0.64   data arrival time

                  0.00    0.00    0.00   clock core_clock (rise edge)
                          0.00    0.00   clock network delay (ideal)
                          0.00    0.00   clock reconvergence pessimism
                                  0.00 ^ _340_/CLK (sky130_fd_sc_hd__dfrtp_2)
                         -0.04   -0.04   library hold time
                                 -0.04   data required time
-----------------------------------------------------------------------------
                                 -0.04   data required time
                                 -0.64   data arrival time
-----------------------------------------------------------------------------
                                  0.68   slack (MET)


Startpoint: _333_ (rising edge-triggered flip-flop clocked by core_clock)
Endpoint: _333_ (rising edge-triggered flip-flop clocked by core_clock)
Path Group: core_clock
Path Type: min

Fanout     Cap    Slew   Delay    Time   Description
-----------------------------------------------------------------------------
                  0.00    0.00    0.00   clock core_clock (rise edge)
                          0.00    0.00   clock network delay (ideal)
                  0.00    0.00    0.00 ^ _333_/CLK (sky130_fd_sc_hd__dfrtp_2)
     4    0.01    0.08    0.35    0.35 ^ _333_/Q (sky130_fd_sc_hd__dfrtp_2)
                                         one_second_counter[2] (net)
                  0.08    0.00    0.35 ^ _281_/A (sky130_fd_sc_hd__nand3_2)
     1    0.00    0.04    0.05    0.40 v _281_/Y (sky130_fd_sc_hd__nand3_2)
                                         _143_ (net)
                  0.04    0.00    0.40 v _283_/A (sky130_fd_sc_hd__and3_2)
     1    0.00    0.03    0.16    0.56 v _283_/X (sky130_fd_sc_hd__and3_2)
                                         _145_ (net)
                  0.03    0.00    0.56 v _284_/A (sky130_fd_sc_hd__buf_1)
     1    0.00    0.02    0.08    0.64 v _284_/X (sky130_fd_sc_hd__buf_1)
                                         _019_ (net)
                  0.02    0.00    0.64 v _333_/D (sky130_fd_sc_hd__dfrtp_2)
                                  0.64   data arrival time

                  0.00    0.00    0.00   clock core_clock (rise edge)
                          0.00    0.00   clock network delay (ideal)
                          0.00    0.00   clock reconvergence pessimism
                                  0.00 ^ _333_/CLK (sky130_fd_sc_hd__dfrtp_2)
                         -0.04   -0.04   library hold time
                                 -0.04   data required time
-----------------------------------------------------------------------------
                                 -0.04   data required time
                                 -0.64   data arrival time
-----------------------------------------------------------------------------
                                  0.68   slack (MET)


Startpoint: _339_ (rising edge-triggered flip-flop clocked by core_clock)
Endpoint: _339_ (rising edge-triggered flip-flop clocked by core_clock)
Path Group: core_clock
Path Type: min

Fanout     Cap    Slew   Delay    Time   Description
-----------------------------------------------------------------------------
                  0.00    0.00    0.00   clock core_clock (rise edge)
                          0.00    0.00   clock network delay (ideal)
                  0.00    0.00    0.00 ^ _339_/CLK (sky130_fd_sc_hd__dfrtp_2)
     5    0.01    0.08    0.35    0.35 ^ _339_/Q (sky130_fd_sc_hd__dfrtp_2)
                                         one_second_counter[8] (net)
                  0.08    0.00    0.35 ^ _200_/A (sky130_fd_sc_hd__nand2_2)
     1    0.00    0.02    0.04    0.39 v _200_/Y (sky130_fd_sc_hd__nand2_2)
                                         _083_ (net)
                  0.02    0.00    0.39 v _202_/B (sky130_fd_sc_hd__and3_2)
     1    0.00    0.03    0.17    0.57 v _202_/X (sky130_fd_sc_hd__and3_2)
                                         _085_ (net)
                  0.03    0.00    0.57 v _203_/A (sky130_fd_sc_hd__buf_1)
     1    0.00    0.02    0.08    0.64 v _203_/X (sky130_fd_sc_hd__buf_1)
                                         _025_ (net)
                  0.02    0.00    0.64 v _339_/D (sky130_fd_sc_hd__dfrtp_2)
                                  0.64   data arrival time

                  0.00    0.00    0.00   clock core_clock (rise edge)
                          0.00    0.00   clock network delay (ideal)
                          0.00    0.00   clock reconvergence pessimism
                                  0.00 ^ _339_/CLK (sky130_fd_sc_hd__dfrtp_2)
                         -0.04   -0.04   library hold time
                                 -0.04   data required time
-----------------------------------------------------------------------------
                                 -0.04   data required time
                                 -0.64   data arrival time
-----------------------------------------------------------------------------
                                  0.69   slack (MET)


Startpoint: _351_ (rising edge-triggered flip-flop clocked by core_clock)
Endpoint: _351_ (rising edge-triggered flip-flop clocked by core_clock)
Path Group: core_clock
Path Type: min

Fanout     Cap    Slew   Delay    Time   Description
-----------------------------------------------------------------------------
                  0.00    0.00    0.00   clock core_clock (rise edge)
                          0.00    0.00   clock network delay (ideal)
                  0.00    0.00    0.00 ^ _351_/CLK (sky130_fd_sc_hd__dfrtp_2)
     3    0.00    0.05    0.32    0.32 ^ _351_/Q (sky130_fd_sc_hd__dfrtp_2)
                                         one_second_counter[20] (net)
                  0.05    0.00    0.32 ^ _250_/A (sky130_fd_sc_hd__or2_2)
     1    0.00    0.02    0.09    0.42 ^ _250_/X (sky130_fd_sc_hd__or2_2)
                                         _121_ (net)
                  0.02    0.00    0.42 ^ _251_/C (sky130_fd_sc_hd__and3b_2)
     1    0.00    0.04    0.16    0.58 ^ _251_/X (sky130_fd_sc_hd__and3b_2)
                                         _122_ (net)
                  0.04    0.00    0.58 ^ _252_/A (sky130_fd_sc_hd__buf_1)
     1    0.00    0.04    0.07    0.65 ^ _252_/X (sky130_fd_sc_hd__buf_1)
                                         _012_ (net)
                  0.04    0.00    0.65 ^ _351_/D (sky130_fd_sc_hd__dfrtp_2)
                                  0.65   data arrival time

                  0.00    0.00    0.00   clock core_clock (rise edge)
                          0.00    0.00   clock network delay (ideal)
                          0.00    0.00   clock reconvergence pessimism
                                  0.00 ^ _351_/CLK (sky130_fd_sc_hd__dfrtp_2)
                         -0.04   -0.04   library hold time
                                 -0.04   data required time
-----------------------------------------------------------------------------
                                 -0.04   data required time
                                 -0.65   data arrival time
-----------------------------------------------------------------------------
                                  0.69   slack (MET)


Startpoint: _344_ (rising edge-triggered flip-flop clocked by core_clock)
Endpoint: _344_ (rising edge-triggered flip-flop clocked by core_clock)
Path Group: core_clock
Path Type: min

Fanout     Cap    Slew   Delay    Time   Description
-----------------------------------------------------------------------------
                  0.00    0.00    0.00   clock core_clock (rise edge)
                          0.00    0.00   clock network delay (ideal)
                  0.00    0.00    0.00 ^ _344_/CLK (sky130_fd_sc_hd__dfrtp_2)
     3    0.00    0.05    0.32    0.32 ^ _344_/Q (sky130_fd_sc_hd__dfrtp_2)
                                         one_second_counter[13] (net)
                  0.05    0.00    0.32 ^ _223_/A (sky130_fd_sc_hd__or2_2)
     1    0.00    0.02    0.09    0.42 ^ _223_/X (sky130_fd_sc_hd__or2_2)
                                         _101_ (net)
                  0.02    0.00    0.42 ^ _224_/C (sky130_fd_sc_hd__and3b_2)
     1    0.00    0.04    0.16    0.58 ^ _224_/X (sky130_fd_sc_hd__and3b_2)
                                         _102_ (net)
                  0.04    0.00    0.58 ^ _225_/A (sky130_fd_sc_hd__buf_1)
     1    0.00    0.04    0.07    0.65 ^ _225_/X (sky130_fd_sc_hd__buf_1)
                                         _004_ (net)
                  0.04    0.00    0.65 ^ _344_/D (sky130_fd_sc_hd__dfrtp_2)
                                  0.65   data arrival time

                  0.00    0.00    0.00   clock core_clock (rise edge)
                          0.00    0.00   clock network delay (ideal)
                          0.00    0.00   clock reconvergence pessimism
                                  0.00 ^ _344_/CLK (sky130_fd_sc_hd__dfrtp_2)
                         -0.04   -0.04   library hold time
                                 -0.04   data required time
-----------------------------------------------------------------------------
                                 -0.04   data required time
                                 -0.65   data arrival time
-----------------------------------------------------------------------------
                                  0.69   slack (MET)


Startpoint: _341_ (rising edge-triggered flip-flop clocked by core_clock)
Endpoint: _341_ (rising edge-triggered flip-flop clocked by core_clock)
Path Group: core_clock
Path Type: min

Fanout     Cap    Slew   Delay    Time   Description
-----------------------------------------------------------------------------
                  0.00    0.00    0.00   clock core_clock (rise edge)
                          0.00    0.00   clock network delay (ideal)
                  0.00    0.00    0.00 ^ _341_/CLK (sky130_fd_sc_hd__dfrtp_2)
     5    0.01    0.08    0.35    0.35 ^ _341_/Q (sky130_fd_sc_hd__dfrtp_2)
                                         one_second_counter[10] (net)
                  0.08    0.00    0.35 ^ _209_/A (sky130_fd_sc_hd__nand2_2)
     1    0.00    0.02    0.04    0.39 v _209_/Y (sky130_fd_sc_hd__nand2_2)
                                         _090_ (net)
                  0.02    0.00    0.39 v _211_/B (sky130_fd_sc_hd__and3_2)
     1    0.00    0.03    0.17    0.57 v _211_/X (sky130_fd_sc_hd__and3_2)
                                         _092_ (net)
                  0.03    0.00    0.57 v _212_/A (sky130_fd_sc_hd__buf_1)
     1    0.00    0.02    0.08    0.64 v _212_/X (sky130_fd_sc_hd__buf_1)
                                         _001_ (net)
                  0.02    0.00    0.64 v _341_/D (sky130_fd_sc_hd__dfrtp_2)
                                  0.64   data arrival time

                  0.00    0.00    0.00   clock core_clock (rise edge)
                          0.00    0.00   clock network delay (ideal)
                          0.00    0.00   clock reconvergence pessimism
                                  0.00 ^ _341_/CLK (sky130_fd_sc_hd__dfrtp_2)
                         -0.04   -0.04   library hold time
                                 -0.04   data required time
-----------------------------------------------------------------------------
                                 -0.04   data required time
                                 -0.64   data arrival time
-----------------------------------------------------------------------------
                                  0.69   slack (MET)


Startpoint: _354_ (rising edge-triggered flip-flop clocked by core_clock)
Endpoint: _354_ (rising edge-triggered flip-flop clocked by core_clock)
Path Group: core_clock
Path Type: min

Fanout     Cap    Slew   Delay    Time   Description
-----------------------------------------------------------------------------
                  0.00    0.00    0.00   clock core_clock (rise edge)
                          0.00    0.00   clock network delay (ideal)
                  0.00    0.00    0.00 ^ _354_/CLK (sky130_fd_sc_hd__dfrtp_2)
     3    0.00    0.05    0.32    0.32 ^ _354_/Q (sky130_fd_sc_hd__dfrtp_2)
                                         one_second_counter[23] (net)
                  0.05    0.00    0.32 ^ _262_/A (sky130_fd_sc_hd__or2_2)
     1    0.00    0.02    0.09    0.42 ^ _262_/X (sky130_fd_sc_hd__or2_2)
                                         _130_ (net)
                  0.02    0.00    0.42 ^ _263_/C (sky130_fd_sc_hd__and3b_2)
     1    0.00    0.04    0.16    0.58 ^ _263_/X (sky130_fd_sc_hd__and3b_2)
                                         _131_ (net)
                  0.04    0.00    0.58 ^ _264_/A (sky130_fd_sc_hd__buf_1)
     1    0.00    0.04    0.07    0.65 ^ _264_/X (sky130_fd_sc_hd__buf_1)
                                         _015_ (net)
                  0.04    0.00    0.65 ^ _354_/D (sky130_fd_sc_hd__dfrtp_2)
                                  0.65   data arrival time

                  0.00    0.00    0.00   clock core_clock (rise edge)
                          0.00    0.00   clock network delay (ideal)
                          0.00    0.00   clock reconvergence pessimism
                                  0.00 ^ _354_/CLK (sky130_fd_sc_hd__dfrtp_2)
                         -0.04   -0.04   library hold time
                                 -0.04   data required time
-----------------------------------------------------------------------------
                                 -0.04   data required time
                                 -0.65   data arrival time
-----------------------------------------------------------------------------
                                  0.69   slack (MET)


Startpoint: _332_ (rising edge-triggered flip-flop clocked by core_clock)
Endpoint: _332_ (rising edge-triggered flip-flop clocked by core_clock)
Path Group: core_clock
Path Type: min

Fanout     Cap    Slew   Delay    Time   Description
-----------------------------------------------------------------------------
                  0.00    0.00    0.00   clock core_clock (rise edge)
                          0.00    0.00   clock network delay (ideal)
                  0.00    0.00    0.00 ^ _332_/CLK (sky130_fd_sc_hd__dfrtp_2)
     6    0.02    0.10    0.37    0.37 ^ _332_/Q (sky130_fd_sc_hd__dfrtp_2)
                                         one_second_counter[1] (net)
                  0.10    0.00    0.37 ^ _277_/A (sky130_fd_sc_hd__nand2_2)
     1    0.00    0.03    0.04    0.42 v _277_/Y (sky130_fd_sc_hd__nand2_2)
                                         _140_ (net)
                  0.03    0.00    0.42 v _279_/A (sky130_fd_sc_hd__and3_2)
     1    0.00    0.03    0.16    0.57 v _279_/X (sky130_fd_sc_hd__and3_2)
                                         _142_ (net)
                  0.03    0.00    0.57 v _280_/A (sky130_fd_sc_hd__buf_1)
     1    0.00    0.02    0.08    0.65 v _280_/X (sky130_fd_sc_hd__buf_1)
                                         _011_ (net)
                  0.02    0.00    0.65 v _332_/D (sky130_fd_sc_hd__dfrtp_2)
                                  0.65   data arrival time

                  0.00    0.00    0.00   clock core_clock (rise edge)
                          0.00    0.00   clock network delay (ideal)
                          0.00    0.00   clock reconvergence pessimism
                                  0.00 ^ _332_/CLK (sky130_fd_sc_hd__dfrtp_2)
                         -0.04   -0.04   library hold time
                                 -0.04   data required time
-----------------------------------------------------------------------------
                                 -0.04   data required time
                                 -0.65   data arrival time
-----------------------------------------------------------------------------
                                  0.69   slack (MET)


Startpoint: _352_ (rising edge-triggered flip-flop clocked by core_clock)
Endpoint: _352_ (rising edge-triggered flip-flop clocked by core_clock)
Path Group: core_clock
Path Type: min

Fanout     Cap    Slew   Delay    Time   Description
-----------------------------------------------------------------------------
                  0.00    0.00    0.00   clock core_clock (rise edge)
                          0.00    0.00   clock network delay (ideal)
                  0.00    0.00    0.00 ^ _352_/CLK (sky130_fd_sc_hd__dfrtp_2)
     4    0.01    0.07    0.35    0.35 ^ _352_/Q (sky130_fd_sc_hd__dfrtp_2)
                                         one_second_counter[21] (net)
                  0.07    0.00    0.35 ^ _254_/A (sky130_fd_sc_hd__nand2_2)
     1    0.00    0.02    0.04    0.39 v _254_/Y (sky130_fd_sc_hd__nand2_2)
                                         _124_ (net)
                  0.02    0.00    0.39 v _255_/C (sky130_fd_sc_hd__and3_2)
     1    0.00    0.03    0.19    0.57 v _255_/X (sky130_fd_sc_hd__and3_2)
                                         _125_ (net)
                  0.03    0.00    0.57 v _256_/A (sky130_fd_sc_hd__buf_1)
     1    0.00    0.02    0.08    0.65 v _256_/X (sky130_fd_sc_hd__buf_1)
                                         _013_ (net)
                  0.02    0.00    0.65 v _352_/D (sky130_fd_sc_hd__dfrtp_2)
                                  0.65   data arrival time

                  0.00    0.00    0.00   clock core_clock (rise edge)
                          0.00    0.00   clock network delay (ideal)
                          0.00    0.00   clock reconvergence pessimism
                                  0.00 ^ _352_/CLK (sky130_fd_sc_hd__dfrtp_2)
                         -0.04   -0.04   library hold time
                                 -0.04   data required time
-----------------------------------------------------------------------------
                                 -0.04   data required time
                                 -0.65   data arrival time
-----------------------------------------------------------------------------
                                  0.69   slack (MET)


Startpoint: _349_ (rising edge-triggered flip-flop clocked by core_clock)
Endpoint: _349_ (rising edge-triggered flip-flop clocked by core_clock)
Path Group: core_clock
Path Type: min

Fanout     Cap    Slew   Delay    Time   Description
-----------------------------------------------------------------------------
                  0.00    0.00    0.00   clock core_clock (rise edge)
                          0.00    0.00   clock network delay (ideal)
                  0.00    0.00    0.00 ^ _349_/CLK (sky130_fd_sc_hd__dfrtp_2)
     3    0.01    0.07    0.34    0.34 ^ _349_/Q (sky130_fd_sc_hd__dfrtp_2)
                                         one_second_counter[18] (net)
                  0.07    0.00    0.34 ^ _242_/B1 (sky130_fd_sc_hd__a21o_2)
     1    0.00    0.02    0.08    0.42 ^ _242_/X (sky130_fd_sc_hd__a21o_2)
                                         _115_ (net)
                  0.02    0.00    0.42 ^ _243_/C (sky130_fd_sc_hd__and3b_2)
     1    0.00    0.04    0.16    0.58 ^ _243_/X (sky130_fd_sc_hd__and3b_2)
                                         _116_ (net)
                  0.04    0.00    0.58 ^ _244_/A (sky130_fd_sc_hd__buf_1)
     1    0.00    0.04    0.07    0.65 ^ _244_/X (sky130_fd_sc_hd__buf_1)
                                         _009_ (net)
                  0.04    0.00    0.65 ^ _349_/D (sky130_fd_sc_hd__dfrtp_2)
                                  0.65   data arrival time

                  0.00    0.00    0.00   clock core_clock (rise edge)
                          0.00    0.00   clock network delay (ideal)
                          0.00    0.00   clock reconvergence pessimism
                                  0.00 ^ _349_/CLK (sky130_fd_sc_hd__dfrtp_2)
                         -0.04   -0.04   library hold time
                                 -0.04   data required time
-----------------------------------------------------------------------------
                                 -0.04   data required time
                                 -0.65   data arrival time
-----------------------------------------------------------------------------
                                  0.69   slack (MET)


Startpoint: _348_ (rising edge-triggered flip-flop clocked by core_clock)
Endpoint: _348_ (rising edge-triggered flip-flop clocked by core_clock)
Path Group: core_clock
Path Type: min

Fanout     Cap    Slew   Delay    Time   Description
-----------------------------------------------------------------------------
                  0.00    0.00    0.00   clock core_clock (rise edge)
                          0.00    0.00   clock network delay (ideal)
                  0.00    0.00    0.00 ^ _348_/CLK (sky130_fd_sc_hd__dfrtp_2)
     5    0.01    0.08    0.35    0.35 ^ _348_/Q (sky130_fd_sc_hd__dfrtp_2)
                                         one_second_counter[17] (net)
                  0.08    0.00    0.35 ^ _238_/A (sky130_fd_sc_hd__nand2_2)
     1    0.00    0.02    0.04    0.39 v _238_/Y (sky130_fd_sc_hd__nand2_2)
                                         _112_ (net)
                  0.02    0.00    0.39 v _239_/C (sky130_fd_sc_hd__and3_2)
     1    0.00    0.03    0.19    0.58 v _239_/X (sky130_fd_sc_hd__and3_2)
                                         _113_ (net)
                  0.03    0.00    0.58 v _240_/A (sky130_fd_sc_hd__buf_1)
     1    0.00    0.02    0.08    0.66 v _240_/X (sky130_fd_sc_hd__buf_1)
                                         _008_ (net)
                  0.02    0.00    0.66 v _348_/D (sky130_fd_sc_hd__dfrtp_2)
                                  0.66   data arrival time

                  0.00    0.00    0.00   clock core_clock (rise edge)
                          0.00    0.00   clock network delay (ideal)
                          0.00    0.00   clock reconvergence pessimism
                                  0.00 ^ _348_/CLK (sky130_fd_sc_hd__dfrtp_2)
                         -0.04   -0.04   library hold time
                                 -0.04   data required time
-----------------------------------------------------------------------------
                                 -0.04   data required time
                                 -0.66   data arrival time
-----------------------------------------------------------------------------
                                  0.70   slack (MET)


Startpoint: _347_ (rising edge-triggered flip-flop clocked by core_clock)
Endpoint: _347_ (rising edge-triggered flip-flop clocked by core_clock)
Path Group: core_clock
Path Type: min

Fanout     Cap    Slew   Delay    Time   Description
-----------------------------------------------------------------------------
                  0.00    0.00    0.00   clock core_clock (rise edge)
                          0.00    0.00   clock network delay (ideal)
                  0.00    0.00    0.00 ^ _347_/CLK (sky130_fd_sc_hd__dfrtp_2)
     4    0.01    0.07    0.34    0.34 ^ _347_/Q (sky130_fd_sc_hd__dfrtp_2)
                                         one_second_counter[16] (net)
                  0.07    0.00    0.34 ^ _234_/A (sky130_fd_sc_hd__or2_2)
     1    0.00    0.02    0.10    0.44 ^ _234_/X (sky130_fd_sc_hd__or2_2)
                                         _109_ (net)
                  0.02    0.00    0.44 ^ _235_/B (sky130_fd_sc_hd__and3b_2)
     1    0.00    0.04    0.15    0.59 ^ _235_/X (sky130_fd_sc_hd__and3b_2)
                                         _110_ (net)
                  0.04    0.00    0.59 ^ _236_/A (sky130_fd_sc_hd__buf_1)
     1    0.00    0.04    0.07    0.67 ^ _236_/X (sky130_fd_sc_hd__buf_1)
                                         _007_ (net)
                  0.04    0.00    0.67 ^ _347_/D (sky130_fd_sc_hd__dfrtp_2)
                                  0.67   data arrival time

                  0.00    0.00    0.00   clock core_clock (rise edge)
                          0.00    0.00   clock network delay (ideal)
                          0.00    0.00   clock reconvergence pessimism
                                  0.00 ^ _347_/CLK (sky130_fd_sc_hd__dfrtp_2)
                         -0.04   -0.04   library hold time
                                 -0.04   data required time
-----------------------------------------------------------------------------
                                 -0.04   data required time
                                 -0.67   data arrival time
-----------------------------------------------------------------------------
                                  0.71   slack (MET)


Startpoint: _356_ (rising edge-triggered flip-flop clocked by core_clock)
Endpoint: _356_ (rising edge-triggered flip-flop clocked by core_clock)
Path Group: core_clock
Path Type: min

Fanout     Cap    Slew   Delay    Time   Description
-----------------------------------------------------------------------------
                  0.00    0.00    0.00   clock core_clock (rise edge)
                          0.00    0.00   clock network delay (ideal)
                  0.00    0.00    0.00 ^ _356_/CLK (sky130_fd_sc_hd__dfrtp_2)
     4    0.01    0.08    0.36    0.36 ^ _356_/Q (sky130_fd_sc_hd__dfrtp_2)
                                         one_second_counter[25] (net)
                  0.08    0.00    0.36 ^ _269_/B1 (sky130_fd_sc_hd__a21o_2)
     1    0.00    0.02    0.09    0.45 ^ _269_/X (sky130_fd_sc_hd__a21o_2)
                                         _135_ (net)
                  0.02    0.00    0.45 ^ _271_/B (sky130_fd_sc_hd__and3_2)
     1    0.00    0.04    0.15    0.60 ^ _271_/X (sky130_fd_sc_hd__and3_2)
                                         _137_ (net)
                  0.04    0.00    0.60 ^ _272_/A (sky130_fd_sc_hd__buf_1)
     1    0.00    0.04    0.07    0.67 ^ _272_/X (sky130_fd_sc_hd__buf_1)
                                         _017_ (net)
                  0.04    0.00    0.67 ^ _356_/D (sky130_fd_sc_hd__dfrtp_2)
                                  0.67   data arrival time

                  0.00    0.00    0.00   clock core_clock (rise edge)
                          0.00    0.00   clock network delay (ideal)
                          0.00    0.00   clock reconvergence pessimism
                                  0.00 ^ _356_/CLK (sky130_fd_sc_hd__dfrtp_2)
                         -0.04   -0.04   library hold time
                                 -0.04   data required time
-----------------------------------------------------------------------------
                                 -0.04   data required time
                                 -0.67   data arrival time
-----------------------------------------------------------------------------
                                  0.71   slack (MET)


Startpoint: _338_ (rising edge-triggered flip-flop clocked by core_clock)
Endpoint: _338_ (rising edge-triggered flip-flop clocked by core_clock)
Path Group: core_clock
Path Type: min

Fanout     Cap    Slew   Delay    Time   Description
-----------------------------------------------------------------------------
                  0.00    0.00    0.00   clock core_clock (rise edge)
                          0.00    0.00   clock network delay (ideal)
                  0.00    0.00    0.00 ^ _338_/CLK (sky130_fd_sc_hd__dfrtp_2)
     5    0.01    0.06    0.34    0.34 ^ _338_/Q (sky130_fd_sc_hd__dfrtp_2)
                                         one_second_counter[7] (net)
                  0.06    0.00    0.34 ^ _196_/A (sky130_fd_sc_hd__or2_2)
     1    0.00    0.02    0.10    0.44 ^ _196_/X (sky130_fd_sc_hd__or2_2)
                                         _080_ (net)
                  0.02    0.00    0.44 ^ _197_/C (sky130_fd_sc_hd__and3b_2)
     1    0.00    0.04    0.16    0.60 ^ _197_/X (sky130_fd_sc_hd__and3b_2)
                                         _081_ (net)
                  0.04    0.00    0.60 ^ _198_/A (sky130_fd_sc_hd__buf_1)
     1    0.00    0.04    0.07    0.67 ^ _198_/X (sky130_fd_sc_hd__buf_1)
                                         _024_ (net)
                  0.04    0.00    0.67 ^ _338_/D (sky130_fd_sc_hd__dfrtp_2)
                                  0.67   data arrival time

                  0.00    0.00    0.00   clock core_clock (rise edge)
                          0.00    0.00   clock network delay (ideal)
                          0.00    0.00   clock reconvergence pessimism
                                  0.00 ^ _338_/CLK (sky130_fd_sc_hd__dfrtp_2)
                         -0.04   -0.04   library hold time
                                 -0.04   data required time
-----------------------------------------------------------------------------
                                 -0.04   data required time
                                 -0.67   data arrival time
-----------------------------------------------------------------------------
                                  0.71   slack (MET)


Startpoint: _355_ (rising edge-triggered flip-flop clocked by core_clock)
Endpoint: _355_ (rising edge-triggered flip-flop clocked by core_clock)
Path Group: core_clock
Path Type: min

Fanout     Cap    Slew   Delay    Time   Description
-----------------------------------------------------------------------------
                  0.00    0.00    0.00   clock core_clock (rise edge)
                          0.00    0.00   clock network delay (ideal)
                  0.00    0.00    0.00 ^ _355_/CLK (sky130_fd_sc_hd__dfrtp_2)
     5    0.01    0.09    0.37    0.37 ^ _355_/Q (sky130_fd_sc_hd__dfrtp_2)
                                         one_second_counter[24] (net)
                  0.09    0.00    0.37 ^ _266_/A (sky130_fd_sc_hd__nand2_2)
     1    0.00    0.03    0.04    0.41 v _266_/Y (sky130_fd_sc_hd__nand2_2)
                                         _133_ (net)
                  0.03    0.00    0.41 v _267_/C (sky130_fd_sc_hd__and3_2)
     1    0.00    0.03    0.19    0.59 v _267_/X (sky130_fd_sc_hd__and3_2)
                                         _134_ (net)
                  0.03    0.00    0.59 v _268_/A (sky130_fd_sc_hd__buf_1)
     1    0.00    0.02    0.08    0.67 v _268_/X (sky130_fd_sc_hd__buf_1)
                                         _016_ (net)
                  0.02    0.00    0.67 v _355_/D (sky130_fd_sc_hd__dfrtp_2)
                                  0.67   data arrival time

                  0.00    0.00    0.00   clock core_clock (rise edge)
                          0.00    0.00   clock network delay (ideal)
                          0.00    0.00   clock reconvergence pessimism
                                  0.00 ^ _355_/CLK (sky130_fd_sc_hd__dfrtp_2)
                         -0.04   -0.04   library hold time
                                 -0.04   data required time
-----------------------------------------------------------------------------
                                 -0.04   data required time
                                 -0.67   data arrival time
-----------------------------------------------------------------------------
                                  0.72   slack (MET)


Startpoint: _331_ (rising edge-triggered flip-flop clocked by core_clock)
Endpoint: _331_ (rising edge-triggered flip-flop clocked by core_clock)
Path Group: core_clock
Path Type: min

Fanout     Cap    Slew   Delay    Time   Description
-----------------------------------------------------------------------------
                  0.00    0.00    0.00   clock core_clock (rise edge)
                          0.00    0.00   clock network delay (ideal)
                  0.00    0.00    0.00 ^ _331_/CLK (sky130_fd_sc_hd__dfrtp_2)
     7    0.02    0.11    0.38    0.38 ^ _331_/Q (sky130_fd_sc_hd__dfrtp_2)
                                         one_second_counter[0] (net)
                  0.11    0.00    0.38 ^ _275_/A_N (sky130_fd_sc_hd__and2b_2)
     1    0.00    0.03    0.22    0.60 v _275_/X (sky130_fd_sc_hd__and2b_2)
                                         _139_ (net)
                  0.03    0.00    0.60 v _276_/A (sky130_fd_sc_hd__buf_1)
     1    0.00    0.02    0.08    0.68 v _276_/X (sky130_fd_sc_hd__buf_1)
                                         _000_ (net)
                  0.02    0.00    0.68 v _331_/D (sky130_fd_sc_hd__dfrtp_2)
                                  0.68   data arrival time

                  0.00    0.00    0.00   clock core_clock (rise edge)
                          0.00    0.00   clock network delay (ideal)
                          0.00    0.00   clock reconvergence pessimism
                                  0.00 ^ _331_/CLK (sky130_fd_sc_hd__dfrtp_2)
                         -0.04   -0.04   library hold time
                                 -0.04   data required time
-----------------------------------------------------------------------------
                                 -0.04   data required time
                                 -0.68   data arrival time
-----------------------------------------------------------------------------
                                  0.72   slack (MET)


Startpoint: _350_ (rising edge-triggered flip-flop clocked by core_clock)
Endpoint: _350_ (rising edge-triggered flip-flop clocked by core_clock)
Path Group: core_clock
Path Type: min

Fanout     Cap    Slew   Delay    Time   Description
-----------------------------------------------------------------------------
                  0.00    0.00    0.00   clock core_clock (rise edge)
                          0.00    0.00   clock network delay (ideal)
                  0.00    0.00    0.00 ^ _350_/CLK (sky130_fd_sc_hd__dfrtp_2)
     7    0.01    0.07    0.35    0.35 ^ _350_/Q (sky130_fd_sc_hd__dfrtp_2)
                                         one_second_counter[19] (net)
                  0.07    0.00    0.35 ^ _246_/A (sky130_fd_sc_hd__or2_2)
     1    0.00    0.02    0.10    0.45 ^ _246_/X (sky130_fd_sc_hd__or2_2)
                                         _118_ (net)
                  0.02    0.00    0.45 ^ _247_/C (sky130_fd_sc_hd__and3b_2)
     1    0.00    0.04    0.16    0.61 ^ _247_/X (sky130_fd_sc_hd__and3b_2)
                                         _119_ (net)
                  0.04    0.00    0.61 ^ _248_/A (sky130_fd_sc_hd__buf_1)
     1    0.00    0.04    0.07    0.68 ^ _248_/X (sky130_fd_sc_hd__buf_1)
                                         _010_ (net)
                  0.04    0.00    0.68 ^ _350_/D (sky130_fd_sc_hd__dfrtp_2)
                                  0.68   data arrival time

                  0.00    0.00    0.00   clock core_clock (rise edge)
                          0.00    0.00   clock network delay (ideal)
                          0.00    0.00   clock reconvergence pessimism
                                  0.00 ^ _350_/CLK (sky130_fd_sc_hd__dfrtp_2)
                         -0.04   -0.04   library hold time
                                 -0.04   data required time
-----------------------------------------------------------------------------
                                 -0.04   data required time
                                 -0.68   data arrival time
-----------------------------------------------------------------------------
                                  0.72   slack (MET)


Startpoint: _343_ (rising edge-triggered flip-flop clocked by core_clock)
Endpoint: _343_ (rising edge-triggered flip-flop clocked by core_clock)
Path Group: core_clock
Path Type: min

Fanout     Cap    Slew   Delay    Time   Description
-----------------------------------------------------------------------------
                  0.00    0.00    0.00   clock core_clock (rise edge)
                          0.00    0.00   clock network delay (ideal)
                  0.00    0.00    0.00 ^ _343_/CLK (sky130_fd_sc_hd__dfrtp_2)
     6    0.01    0.08    0.36    0.36 ^ _343_/Q (sky130_fd_sc_hd__dfrtp_2)
                                         one_second_counter[12] (net)
                  0.08    0.00    0.36 ^ _219_/A (sky130_fd_sc_hd__or2_2)
     1    0.00    0.02    0.10    0.47 ^ _219_/X (sky130_fd_sc_hd__or2_2)
                                         _098_ (net)
                  0.02    0.00    0.47 ^ _220_/B (sky130_fd_sc_hd__and3b_2)
     1    0.00    0.04    0.15    0.62 ^ _220_/X (sky130_fd_sc_hd__and3b_2)
                                         _099_ (net)
                  0.04    0.00    0.62 ^ _221_/A (sky130_fd_sc_hd__buf_1)
     1    0.00    0.04    0.07    0.69 ^ _221_/X (sky130_fd_sc_hd__buf_1)
                                         _003_ (net)
                  0.04    0.00    0.69 ^ _343_/D (sky130_fd_sc_hd__dfrtp_2)
                                  0.69   data arrival time

                  0.00    0.00    0.00   clock core_clock (rise edge)
                          0.00    0.00   clock network delay (ideal)
                          0.00    0.00   clock reconvergence pessimism
                                  0.00 ^ _343_/CLK (sky130_fd_sc_hd__dfrtp_2)
                         -0.04   -0.04   library hold time
                                 -0.04   data required time
-----------------------------------------------------------------------------
                                 -0.04   data required time
                                 -0.69   data arrival time
-----------------------------------------------------------------------------
                                  0.73   slack (MET)



worst slack corner Typical: 0.4788
