
===========================================================================
report_checks -path_delay min (Hold)
============================================================================
======================= Typical Corner ===================================

Startpoint: opcode[1] (input port clocked by __VIRTUAL_CLK__)
Endpoint: out[2] (output port clocked by __VIRTUAL_CLK__)
Path Group: __VIRTUAL_CLK__
Path Type: min

Fanout     Cap    Slew   Delay    Time   Description
-----------------------------------------------------------------------------
                  0.00    0.00    0.00   clock __VIRTUAL_CLK__ (rise edge)
                          0.00    0.00   clock network delay (ideal)
                          2.00    2.00 ^ input external delay
     1    0.00    0.02    0.01    2.01 ^ opcode[1] (in)
                                         opcode[1] (net)
                  0.02    0.00    2.01 ^ input18/A (sky130_fd_sc_hd__buf_4)
     6    0.01    0.05    0.10    2.11 ^ input18/X (sky130_fd_sc_hd__buf_4)
                                         net18 (net)
                  0.05    0.00    2.11 ^ _127_/B (sky130_fd_sc_hd__nor2_1)
     4    0.01    0.07    0.07    2.18 v _127_/Y (sky130_fd_sc_hd__nor2_1)
                                         _058_ (net)
                  0.07    0.00    2.18 v _128_/B1 (sky130_fd_sc_hd__o21ai_1)
     1    0.00    0.07    0.07    2.25 ^ _128_/Y (sky130_fd_sc_hd__o21ai_1)
                                         _059_ (net)
                  0.07    0.00    2.25 ^ _133_/A2 (sky130_fd_sc_hd__o21bai_1)
     1    0.00    0.05    0.07    2.32 v _133_/Y (sky130_fd_sc_hd__o21bai_1)
                                         net22 (net)
                  0.05    0.00    2.32 v output22/A (sky130_fd_sc_hd__buf_2)
     1    0.04    0.09    0.18    2.50 v output22/X (sky130_fd_sc_hd__buf_2)
                                         out[2] (net)
                  0.09    0.00    2.50 v out[2] (out)
                                  2.50   data arrival time

                  0.00    0.00    0.00   clock __VIRTUAL_CLK__ (rise edge)
                          0.00    0.00   clock network delay (ideal)
                          0.25    0.25   clock uncertainty
                          0.00    0.25   clock reconvergence pessimism
                         -2.00   -1.75   output external delay
                                 -1.75   data required time
-----------------------------------------------------------------------------
                                 -1.75   data required time
                                 -2.50   data arrival time
-----------------------------------------------------------------------------
                                  4.25   slack (MET)


Startpoint: opcode[1] (input port clocked by __VIRTUAL_CLK__)
Endpoint: out[5] (output port clocked by __VIRTUAL_CLK__)
Path Group: __VIRTUAL_CLK__
Path Type: min

Fanout     Cap    Slew   Delay    Time   Description
-----------------------------------------------------------------------------
                  0.00    0.00    0.00   clock __VIRTUAL_CLK__ (rise edge)
                          0.00    0.00   clock network delay (ideal)
                          2.00    2.00 ^ input external delay
     1    0.00    0.02    0.01    2.01 ^ opcode[1] (in)
                                         opcode[1] (net)
                  0.02    0.00    2.01 ^ input18/A (sky130_fd_sc_hd__buf_4)
     6    0.01    0.05    0.10    2.11 ^ input18/X (sky130_fd_sc_hd__buf_4)
                                         net18 (net)
                  0.05    0.00    2.11 ^ _127_/B (sky130_fd_sc_hd__nor2_1)
     4    0.01    0.07    0.07    2.18 v _127_/Y (sky130_fd_sc_hd__nor2_1)
                                         _058_ (net)
                  0.07    0.00    2.18 v _174_/A1 (sky130_fd_sc_hd__a31o_1)
     1    0.00    0.03    0.16    2.34 v _174_/X (sky130_fd_sc_hd__a31o_1)
                                         net25 (net)
                  0.03    0.00    2.34 v output25/A (sky130_fd_sc_hd__buf_2)
     1    0.03    0.09    0.16    2.51 v output25/X (sky130_fd_sc_hd__buf_2)
                                         out[5] (net)
                  0.09    0.00    2.51 v out[5] (out)
                                  2.51   data arrival time

                  0.00    0.00    0.00   clock __VIRTUAL_CLK__ (rise edge)
                          0.00    0.00   clock network delay (ideal)
                          0.25    0.25   clock uncertainty
                          0.00    0.25   clock reconvergence pessimism
                         -2.00   -1.75   output external delay
                                 -1.75   data required time
-----------------------------------------------------------------------------
                                 -1.75   data required time
                                 -2.51   data arrival time
-----------------------------------------------------------------------------
                                  4.26   slack (MET)


Startpoint: A[4] (input port clocked by __VIRTUAL_CLK__)
Endpoint: out[4] (output port clocked by __VIRTUAL_CLK__)
Path Group: __VIRTUAL_CLK__
Path Type: min

Fanout     Cap    Slew   Delay    Time   Description
-----------------------------------------------------------------------------
                  0.00    0.00    0.00   clock __VIRTUAL_CLK__ (rise edge)
                          0.00    0.00   clock network delay (ideal)
                          2.00    2.00 ^ input external delay
     1    0.00    0.02    0.01    2.01 ^ A[4] (in)
                                         A[4] (net)
                  0.02    0.00    2.01 ^ input5/A (sky130_fd_sc_hd__clkbuf_2)
     6    0.02    0.12    0.14    2.15 ^ input5/X (sky130_fd_sc_hd__clkbuf_2)
                                         net5 (net)
                  0.12    0.00    2.15 ^ _161_/B2 (sky130_fd_sc_hd__o32a_1)
     1    0.00    0.06    0.15    2.30 ^ _161_/X (sky130_fd_sc_hd__o32a_1)
                                         _090_ (net)
                  0.06    0.00    2.30 ^ _162_/B (sky130_fd_sc_hd__nand2_1)
     1    0.00    0.03    0.05    2.35 v _162_/Y (sky130_fd_sc_hd__nand2_1)
                                         net24 (net)
                  0.03    0.00    2.35 v output24/A (sky130_fd_sc_hd__buf_2)
     1    0.04    0.09    0.17    2.52 v output24/X (sky130_fd_sc_hd__buf_2)
                                         out[4] (net)
                  0.09    0.00    2.52 v out[4] (out)
                                  2.52   data arrival time

                  0.00    0.00    0.00   clock __VIRTUAL_CLK__ (rise edge)
                          0.00    0.00   clock network delay (ideal)
                          0.25    0.25   clock uncertainty
                          0.00    0.25   clock reconvergence pessimism
                         -2.00   -1.75   output external delay
                                 -1.75   data required time
-----------------------------------------------------------------------------
                                 -1.75   data required time
                                 -2.52   data arrival time
-----------------------------------------------------------------------------
                                  4.27   slack (MET)


Startpoint: opcode[1] (input port clocked by __VIRTUAL_CLK__)
Endpoint: out[7] (output port clocked by __VIRTUAL_CLK__)
Path Group: __VIRTUAL_CLK__
Path Type: min

Fanout     Cap    Slew   Delay    Time   Description
-----------------------------------------------------------------------------
                  0.00    0.00    0.00   clock __VIRTUAL_CLK__ (rise edge)
                          0.00    0.00   clock network delay (ideal)
                          2.00    2.00 ^ input external delay
     1    0.00    0.02    0.01    2.01 ^ opcode[1] (in)
                                         opcode[1] (net)
                  0.02    0.00    2.01 ^ input18/A (sky130_fd_sc_hd__buf_4)
     6    0.01    0.05    0.10    2.11 ^ input18/X (sky130_fd_sc_hd__buf_4)
                                         net18 (net)
                  0.05    0.00    2.11 ^ _127_/B (sky130_fd_sc_hd__nor2_1)
     4    0.01    0.07    0.07    2.18 v _127_/Y (sky130_fd_sc_hd__nor2_1)
                                         _058_ (net)
                  0.07    0.00    2.18 v _199_/A3 (sky130_fd_sc_hd__a31o_1)
     1    0.00    0.04    0.22    2.40 v _199_/X (sky130_fd_sc_hd__a31o_1)
                                         net27 (net)
                  0.04    0.00    2.40 v output27/A (sky130_fd_sc_hd__buf_6)
     1    0.04    0.05    0.13    2.53 v output27/X (sky130_fd_sc_hd__buf_6)
                                         out[7] (net)
                  0.05    0.00    2.53 v out[7] (out)
                                  2.53   data arrival time

                  0.00    0.00    0.00   clock __VIRTUAL_CLK__ (rise edge)
                          0.00    0.00   clock network delay (ideal)
                          0.25    0.25   clock uncertainty
                          0.00    0.25   clock reconvergence pessimism
                         -2.00   -1.75   output external delay
                                 -1.75   data required time
-----------------------------------------------------------------------------
                                 -1.75   data required time
                                 -2.53   data arrival time
-----------------------------------------------------------------------------
                                  4.28   slack (MET)


Startpoint: B[0] (input port clocked by __VIRTUAL_CLK__)
Endpoint: out[0] (output port clocked by __VIRTUAL_CLK__)
Path Group: __VIRTUAL_CLK__
Path Type: min

Fanout     Cap    Slew   Delay    Time   Description
-----------------------------------------------------------------------------
                  0.00    0.00    0.00   clock __VIRTUAL_CLK__ (rise edge)
                          0.00    0.00   clock network delay (ideal)
                          2.00    2.00 ^ input external delay
     1    0.00    0.02    0.01    2.01 ^ B[0] (in)
                                         B[0] (net)
                  0.02    0.00    2.01 ^ input9/A (sky130_fd_sc_hd__clkbuf_2)
     7    0.01    0.09    0.12    2.13 ^ input9/X (sky130_fd_sc_hd__clkbuf_2)
                                         net9 (net)
                  0.09    0.00    2.13 ^ _096_/B1 (sky130_fd_sc_hd__a21o_1)
     1    0.00    0.03    0.08    2.21 ^ _096_/X (sky130_fd_sc_hd__a21o_1)
                                         _029_ (net)
                  0.03    0.00    2.21 ^ _107_/A1 (sky130_fd_sc_hd__a31o_1)
     1    0.00    0.05    0.12    2.34 ^ _107_/X (sky130_fd_sc_hd__a31o_1)
                                         net20 (net)
                  0.05    0.00    2.34 ^ output20/A (sky130_fd_sc_hd__buf_2)
     1    0.04    0.18    0.20    2.54 ^ output20/X (sky130_fd_sc_hd__buf_2)
                                         out[0] (net)
                  0.18    0.00    2.54 ^ out[0] (out)
                                  2.54   data arrival time

                  0.00    0.00    0.00   clock __VIRTUAL_CLK__ (rise edge)
                          0.00    0.00   clock network delay (ideal)
                          0.25    0.25   clock uncertainty
                          0.00    0.25   clock reconvergence pessimism
                         -2.00   -1.75   output external delay
                                 -1.75   data required time
-----------------------------------------------------------------------------
                                 -1.75   data required time
                                 -2.54   data arrival time
-----------------------------------------------------------------------------
                                  4.29   slack (MET)


Startpoint: B[3] (input port clocked by __VIRTUAL_CLK__)
Endpoint: out[3] (output port clocked by __VIRTUAL_CLK__)
Path Group: __VIRTUAL_CLK__
Path Type: min

Fanout     Cap    Slew   Delay    Time   Description
-----------------------------------------------------------------------------
                  0.00    0.00    0.00   clock __VIRTUAL_CLK__ (rise edge)
                          0.00    0.00   clock network delay (ideal)
                          2.00    2.00 ^ input external delay
     1    0.00    0.02    0.01    2.01 ^ B[3] (in)
                                         B[3] (net)
                  0.02    0.00    2.01 ^ input12/A (sky130_fd_sc_hd__clkbuf_2)
     6    0.02    0.09    0.12    2.14 ^ input12/X (sky130_fd_sc_hd__clkbuf_2)
                                         net12 (net)
                  0.09    0.00    2.14 ^ _145_/A2 (sky130_fd_sc_hd__o22a_1)
     1    0.00    0.06    0.14    2.28 ^ _145_/X (sky130_fd_sc_hd__o22a_1)
                                         _075_ (net)
                  0.06    0.00    2.28 ^ _146_/C1 (sky130_fd_sc_hd__a211o_1)
     1    0.00    0.05    0.10    2.37 ^ _146_/X (sky130_fd_sc_hd__a211o_1)
                                         net23 (net)
                  0.05    0.00    2.37 ^ output23/A (sky130_fd_sc_hd__buf_2)
     1    0.04    0.18    0.20    2.57 ^ output23/X (sky130_fd_sc_hd__buf_2)
                                         out[3] (net)
                  0.18    0.00    2.57 ^ out[3] (out)
                                  2.57   data arrival time

                  0.00    0.00    0.00   clock __VIRTUAL_CLK__ (rise edge)
                          0.00    0.00   clock network delay (ideal)
                          0.25    0.25   clock uncertainty
                          0.00    0.25   clock reconvergence pessimism
                         -2.00   -1.75   output external delay
                                 -1.75   data required time
-----------------------------------------------------------------------------
                                 -1.75   data required time
                                 -2.57   data arrival time
-----------------------------------------------------------------------------
                                  4.32   slack (MET)


Startpoint: A[1] (input port clocked by __VIRTUAL_CLK__)
Endpoint: out[1] (output port clocked by __VIRTUAL_CLK__)
Path Group: __VIRTUAL_CLK__
Path Type: min

Fanout     Cap    Slew   Delay    Time   Description
-----------------------------------------------------------------------------
                  0.00    0.00    0.00   clock __VIRTUAL_CLK__ (rise edge)
                          0.00    0.00   clock network delay (ideal)
                          2.00    2.00 v input external delay
     1    0.00    0.01    0.01    2.01 v A[1] (in)
                                         A[1] (net)
                  0.01    0.00    2.01 v input2/A (sky130_fd_sc_hd__clkbuf_2)
     6    0.02    0.08    0.13    2.13 v input2/X (sky130_fd_sc_hd__clkbuf_2)
                                         net2 (net)
                  0.08    0.00    2.14 v _112_/B1 (sky130_fd_sc_hd__o21ai_2)
     3    0.01    0.07    0.08    2.21 ^ _112_/Y (sky130_fd_sc_hd__o21ai_2)
                                         _044_ (net)
                  0.07    0.00    2.22 ^ _115_/A2 (sky130_fd_sc_hd__a31o_1)
     1    0.00    0.04    0.13    2.34 ^ _115_/X (sky130_fd_sc_hd__a31o_1)
                                         _047_ (net)
                  0.04    0.00    2.34 ^ _121_/A2 (sky130_fd_sc_hd__o21bai_1)
     1    0.01    0.05    0.06    2.41 v _121_/Y (sky130_fd_sc_hd__o21bai_1)
                                         net21 (net)
                  0.05    0.00    2.41 v output21/A (sky130_fd_sc_hd__buf_2)
     1    0.03    0.09    0.17    2.58 v output21/X (sky130_fd_sc_hd__buf_2)
                                         out[1] (net)
                  0.09    0.00    2.58 v out[1] (out)
                                  2.58   data arrival time

                  0.00    0.00    0.00   clock __VIRTUAL_CLK__ (rise edge)
                          0.00    0.00   clock network delay (ideal)
                          0.25    0.25   clock uncertainty
                          0.00    0.25   clock reconvergence pessimism
                         -2.00   -1.75   output external delay
                                 -1.75   data required time
-----------------------------------------------------------------------------
                                 -1.75   data required time
                                 -2.58   data arrival time
-----------------------------------------------------------------------------
                                  4.33   slack (MET)


Startpoint: B[6] (input port clocked by __VIRTUAL_CLK__)
Endpoint: out[6] (output port clocked by __VIRTUAL_CLK__)
Path Group: __VIRTUAL_CLK__
Path Type: min

Fanout     Cap    Slew   Delay    Time   Description
-----------------------------------------------------------------------------
                  0.00    0.00    0.00   clock __VIRTUAL_CLK__ (rise edge)
                          0.00    0.00   clock network delay (ideal)
                          2.00    2.00 ^ input external delay
     1    0.00    0.02    0.01    2.01 ^ B[6] (in)
                                         B[6] (net)
                  0.02    0.00    2.01 ^ input15/A (sky130_fd_sc_hd__clkbuf_2)
     5    0.02    0.12    0.14    2.16 ^ input15/X (sky130_fd_sc_hd__clkbuf_2)
                                         net15 (net)
                  0.12    0.00    2.16 ^ _186_/A2 (sky130_fd_sc_hd__a311o_1)
     1    0.00    0.06    0.18    2.34 ^ _186_/X (sky130_fd_sc_hd__a311o_1)
                                         _017_ (net)
                  0.06    0.00    2.34 ^ _187_/B1 (sky130_fd_sc_hd__a21o_1)
     1    0.00    0.04    0.08    2.41 ^ _187_/X (sky130_fd_sc_hd__a21o_1)
                                         net26 (net)
                  0.04    0.00    2.41 ^ output26/A (sky130_fd_sc_hd__buf_2)
     1    0.04    0.18    0.19    2.61 ^ output26/X (sky130_fd_sc_hd__buf_2)
                                         out[6] (net)
                  0.18    0.00    2.61 ^ out[6] (out)
                                  2.61   data arrival time

                  0.00    0.00    0.00   clock __VIRTUAL_CLK__ (rise edge)
                          0.00    0.00   clock network delay (ideal)
                          0.25    0.25   clock uncertainty
                          0.00    0.25   clock reconvergence pessimism
                         -2.00   -1.75   output external delay
                                 -1.75   data required time
-----------------------------------------------------------------------------
                                 -1.75   data required time
                                 -2.61   data arrival time
-----------------------------------------------------------------------------
                                  4.36   slack (MET)



worst slack corner Typical: 4.2513
