
===========================================================================
report_checks -path_delay max (Setup)
============================================================================
======================= Typical Corner ===================================

Startpoint: opcode[2] (input port clocked by __VIRTUAL_CLK__)
Endpoint: out[7] (output port clocked by __VIRTUAL_CLK__)
Path Group: __VIRTUAL_CLK__
Path Type: max

Fanout     Cap    Slew   Delay    Time   Description
-----------------------------------------------------------------------------
                  0.00    0.00    0.00   clock __VIRTUAL_CLK__ (rise edge)
                          0.00    0.00   clock network delay (ideal)
                          2.00    2.00 v input external delay
     1    0.00    0.01    0.01    2.01 v opcode[2] (in)
                                         opcode[2] (net)
                  0.01    0.00    2.01 v input19/A (sky130_fd_sc_hd__buf_4)
     6    0.02    0.05    0.15    2.16 v input19/X (sky130_fd_sc_hd__buf_4)
                                         net19 (net)
                  0.05    0.00    2.16 v _108_/B (sky130_fd_sc_hd__or3b_4)
     2    0.01    0.08    0.40    2.56 v _108_/X (sky130_fd_sc_hd__or3b_4)
                                         _040_ (net)
                  0.08    0.00    2.56 v _109_/A (sky130_fd_sc_hd__buf_6)
     5    0.02    0.03    0.14    2.70 v _109_/X (sky130_fd_sc_hd__buf_6)
                                         _041_ (net)
                  0.03    0.00    2.70 v _111_/A (sky130_fd_sc_hd__and3_1)
     2    0.01    0.06    0.17    2.87 v _111_/X (sky130_fd_sc_hd__and3_1)
                                         _043_ (net)
                  0.06    0.00    2.87 v _113_/C (sky130_fd_sc_hd__or3_4)
     3    0.01    0.07    0.36    3.23 v _113_/X (sky130_fd_sc_hd__or3_4)
                                         _045_ (net)
                  0.07    0.00    3.23 v _122_/A2 (sky130_fd_sc_hd__a21bo_4)
     3    0.01    0.04    0.23    3.46 v _122_/X (sky130_fd_sc_hd__a21bo_4)
                                         _053_ (net)
                  0.04    0.00    3.46 v _158_/A1 (sky130_fd_sc_hd__a31o_1)
     2    0.01    0.06    0.20    3.66 v _158_/X (sky130_fd_sc_hd__a31o_1)
                                         _087_ (net)
                  0.06    0.00    3.66 v _160_/A (sky130_fd_sc_hd__and2_4)
     5    0.02    0.05    0.17    3.83 v _160_/X (sky130_fd_sc_hd__and2_4)
                                         _089_ (net)
                  0.05    0.00    3.83 v _181_/A3 (sky130_fd_sc_hd__o311a_4)
     3    0.01    0.06    0.32    4.15 v _181_/X (sky130_fd_sc_hd__o311a_4)
                                         _012_ (net)
                  0.06    0.00    4.15 v _195_/B (sky130_fd_sc_hd__or3_4)
     1    0.00    0.07    0.38    4.53 v _195_/X (sky130_fd_sc_hd__or3_4)
                                         _025_ (net)
                  0.07    0.00    4.53 v _199_/A1 (sky130_fd_sc_hd__a31o_4)
     1    0.00    0.04    0.23    4.76 v _199_/X (sky130_fd_sc_hd__a31o_4)
                                         net27 (net)
                  0.04    0.00    4.76 v output27/A (sky130_fd_sc_hd__buf_6)
     1    0.04    0.05    0.14    4.90 v output27/X (sky130_fd_sc_hd__buf_6)
                                         out[7] (net)
                  0.05    0.00    4.90 v out[7] (out)
                                  4.90   data arrival time

                  0.00   10.00   10.00   clock __VIRTUAL_CLK__ (rise edge)
                          0.00   10.00   clock network delay (ideal)
                         -0.25    9.75   clock uncertainty
                          0.00    9.75   clock reconvergence pessimism
                         -2.00    7.75   output external delay
                                  7.75   data required time
-----------------------------------------------------------------------------
                                  7.75   data required time
                                 -4.90   data arrival time
-----------------------------------------------------------------------------
                                  2.85   slack (MET)


Startpoint: opcode[2] (input port clocked by __VIRTUAL_CLK__)
Endpoint: out[6] (output port clocked by __VIRTUAL_CLK__)
Path Group: __VIRTUAL_CLK__
Path Type: max

Fanout     Cap    Slew   Delay    Time   Description
-----------------------------------------------------------------------------
                  0.00    0.00    0.00   clock __VIRTUAL_CLK__ (rise edge)
                          0.00    0.00   clock network delay (ideal)
                          2.00    2.00 v input external delay
     1    0.00    0.01    0.01    2.01 v opcode[2] (in)
                                         opcode[2] (net)
                  0.01    0.00    2.01 v input19/A (sky130_fd_sc_hd__buf_4)
     6    0.02    0.05    0.15    2.16 v input19/X (sky130_fd_sc_hd__buf_4)
                                         net19 (net)
                  0.05    0.00    2.16 v _108_/B (sky130_fd_sc_hd__or3b_4)
     2    0.01    0.08    0.40    2.56 v _108_/X (sky130_fd_sc_hd__or3b_4)
                                         _040_ (net)
                  0.08    0.00    2.56 v _109_/A (sky130_fd_sc_hd__buf_6)
     5    0.02    0.03    0.14    2.70 v _109_/X (sky130_fd_sc_hd__buf_6)
                                         _041_ (net)
                  0.03    0.00    2.70 v _111_/A (sky130_fd_sc_hd__and3_1)
     2    0.01    0.06    0.17    2.87 v _111_/X (sky130_fd_sc_hd__and3_1)
                                         _043_ (net)
                  0.06    0.00    2.87 v _113_/C (sky130_fd_sc_hd__or3_4)
     3    0.01    0.07    0.36    3.23 v _113_/X (sky130_fd_sc_hd__or3_4)
                                         _045_ (net)
                  0.07    0.00    3.23 v _122_/A2 (sky130_fd_sc_hd__a21bo_4)
     3    0.01    0.04    0.23    3.46 v _122_/X (sky130_fd_sc_hd__a21bo_4)
                                         _053_ (net)
                  0.04    0.00    3.46 v _158_/A1 (sky130_fd_sc_hd__a31o_1)
     2    0.01    0.06    0.20    3.66 v _158_/X (sky130_fd_sc_hd__a31o_1)
                                         _087_ (net)
                  0.06    0.00    3.66 v _160_/A (sky130_fd_sc_hd__and2_4)
     5    0.02    0.05    0.17    3.83 v _160_/X (sky130_fd_sc_hd__and2_4)
                                         _089_ (net)
                  0.05    0.00    3.83 v _179_/A2 (sky130_fd_sc_hd__o31a_1)
     1    0.00    0.04    0.28    4.11 v _179_/X (sky130_fd_sc_hd__o31a_1)
                                         _010_ (net)
                  0.04    0.00    4.11 v _180_/B (sky130_fd_sc_hd__or2_1)
     1    0.00    0.05    0.21    4.32 v _180_/X (sky130_fd_sc_hd__or2_1)
                                         _011_ (net)
                  0.05    0.00    4.32 v _187_/A1 (sky130_fd_sc_hd__a21o_1)
     1    0.00    0.03    0.16    4.47 v _187_/X (sky130_fd_sc_hd__a21o_1)
                                         net26 (net)
                  0.03    0.00    4.47 v output26/A (sky130_fd_sc_hd__buf_2)
     1    0.04    0.09    0.19    4.66 v output26/X (sky130_fd_sc_hd__buf_2)
                                         out[6] (net)
                  0.09    0.00    4.66 v out[6] (out)
                                  4.66   data arrival time

                  0.00   10.00   10.00   clock __VIRTUAL_CLK__ (rise edge)
                          0.00   10.00   clock network delay (ideal)
                         -0.25    9.75   clock uncertainty
                          0.00    9.75   clock reconvergence pessimism
                         -2.00    7.75   output external delay
                                  7.75   data required time
-----------------------------------------------------------------------------
                                  7.75   data required time
                                 -4.66   data arrival time
-----------------------------------------------------------------------------
                                  3.09   slack (MET)


Startpoint: opcode[2] (input port clocked by __VIRTUAL_CLK__)
Endpoint: out[5] (output port clocked by __VIRTUAL_CLK__)
Path Group: __VIRTUAL_CLK__
Path Type: max

Fanout     Cap    Slew   Delay    Time   Description
-----------------------------------------------------------------------------
                  0.00    0.00    0.00   clock __VIRTUAL_CLK__ (rise edge)
                          0.00    0.00   clock network delay (ideal)
                          2.00    2.00 v input external delay
     1    0.00    0.01    0.01    2.01 v opcode[2] (in)
                                         opcode[2] (net)
                  0.01    0.00    2.01 v input19/A (sky130_fd_sc_hd__buf_4)
     6    0.02    0.05    0.15    2.16 v input19/X (sky130_fd_sc_hd__buf_4)
                                         net19 (net)
                  0.05    0.00    2.16 v _108_/B (sky130_fd_sc_hd__or3b_4)
     2    0.01    0.08    0.40    2.56 v _108_/X (sky130_fd_sc_hd__or3b_4)
                                         _040_ (net)
                  0.08    0.00    2.56 v _109_/A (sky130_fd_sc_hd__buf_6)
     5    0.02    0.03    0.14    2.70 v _109_/X (sky130_fd_sc_hd__buf_6)
                                         _041_ (net)
                  0.03    0.00    2.70 v _111_/A (sky130_fd_sc_hd__and3_1)
     2    0.01    0.06    0.17    2.87 v _111_/X (sky130_fd_sc_hd__and3_1)
                                         _043_ (net)
                  0.06    0.00    2.87 v _113_/C (sky130_fd_sc_hd__or3_4)
     3    0.01    0.07    0.36    3.23 v _113_/X (sky130_fd_sc_hd__or3_4)
                                         _045_ (net)
                  0.07    0.00    3.23 v _122_/A2 (sky130_fd_sc_hd__a21bo_4)
     3    0.01    0.04    0.23    3.46 v _122_/X (sky130_fd_sc_hd__a21bo_4)
                                         _053_ (net)
                  0.04    0.00    3.46 v _158_/A1 (sky130_fd_sc_hd__a31o_1)
     2    0.01    0.06    0.20    3.66 v _158_/X (sky130_fd_sc_hd__a31o_1)
                                         _087_ (net)
                  0.06    0.00    3.66 v _160_/A (sky130_fd_sc_hd__and2_4)
     5    0.02    0.05    0.17    3.83 v _160_/X (sky130_fd_sc_hd__and2_4)
                                         _089_ (net)
                  0.05    0.00    3.83 v _168_/C1 (sky130_fd_sc_hd__a211o_1)
     1    0.00    0.05    0.23    4.06 v _168_/X (sky130_fd_sc_hd__a211o_1)
                                         _000_ (net)
                  0.05    0.00    4.06 v _174_/A2 (sky130_fd_sc_hd__a31o_1)
     1    0.00    0.03    0.20    4.26 v _174_/X (sky130_fd_sc_hd__a31o_1)
                                         net25 (net)
                  0.03    0.00    4.26 v output25/A (sky130_fd_sc_hd__buf_2)
     1    0.03    0.09    0.18    4.44 v output25/X (sky130_fd_sc_hd__buf_2)
                                         out[5] (net)
                  0.09    0.00    4.44 v out[5] (out)
                                  4.44   data arrival time

                  0.00   10.00   10.00   clock __VIRTUAL_CLK__ (rise edge)
                          0.00   10.00   clock network delay (ideal)
                         -0.25    9.75   clock uncertainty
                          0.00    9.75   clock reconvergence pessimism
                         -2.00    7.75   output external delay
                                  7.75   data required time
-----------------------------------------------------------------------------
                                  7.75   data required time
                                 -4.44   data arrival time
-----------------------------------------------------------------------------
                                  3.31   slack (MET)


Startpoint: opcode[2] (input port clocked by __VIRTUAL_CLK__)
Endpoint: out[4] (output port clocked by __VIRTUAL_CLK__)
Path Group: __VIRTUAL_CLK__
Path Type: max

Fanout     Cap    Slew   Delay    Time   Description
-----------------------------------------------------------------------------
                  0.00    0.00    0.00   clock __VIRTUAL_CLK__ (rise edge)
                          0.00    0.00   clock network delay (ideal)
                          2.00    2.00 v input external delay
     1    0.00    0.01    0.01    2.01 v opcode[2] (in)
                                         opcode[2] (net)
                  0.01    0.00    2.01 v input19/A (sky130_fd_sc_hd__buf_4)
     6    0.02    0.05    0.15    2.16 v input19/X (sky130_fd_sc_hd__buf_4)
                                         net19 (net)
                  0.05    0.00    2.16 v _108_/B (sky130_fd_sc_hd__or3b_4)
     2    0.01    0.08    0.40    2.56 v _108_/X (sky130_fd_sc_hd__or3b_4)
                                         _040_ (net)
                  0.08    0.00    2.56 v _109_/A (sky130_fd_sc_hd__buf_6)
     5    0.02    0.03    0.14    2.70 v _109_/X (sky130_fd_sc_hd__buf_6)
                                         _041_ (net)
                  0.03    0.00    2.70 v _111_/A (sky130_fd_sc_hd__and3_1)
     2    0.01    0.06    0.17    2.87 v _111_/X (sky130_fd_sc_hd__and3_1)
                                         _043_ (net)
                  0.06    0.00    2.87 v _113_/C (sky130_fd_sc_hd__or3_4)
     3    0.01    0.07    0.36    3.23 v _113_/X (sky130_fd_sc_hd__or3_4)
                                         _045_ (net)
                  0.07    0.00    3.23 v _122_/A2 (sky130_fd_sc_hd__a21bo_4)
     3    0.01    0.04    0.23    3.46 v _122_/X (sky130_fd_sc_hd__a21bo_4)
                                         _053_ (net)
                  0.04    0.00    3.46 v _158_/A1 (sky130_fd_sc_hd__a31o_1)
     2    0.01    0.06    0.20    3.66 v _158_/X (sky130_fd_sc_hd__a31o_1)
                                         _087_ (net)
                  0.06    0.00    3.66 v _160_/A (sky130_fd_sc_hd__and2_4)
     5    0.02    0.05    0.17    3.83 v _160_/X (sky130_fd_sc_hd__and2_4)
                                         _089_ (net)
                  0.05    0.00    3.83 v _161_/A3 (sky130_fd_sc_hd__o32a_1)
     1    0.00    0.06    0.30    4.13 v _161_/X (sky130_fd_sc_hd__o32a_1)
                                         _090_ (net)
                  0.06    0.00    4.13 v _162_/B (sky130_fd_sc_hd__nand2_1)
     1    0.00    0.05    0.07    4.21 ^ _162_/Y (sky130_fd_sc_hd__nand2_1)
                                         net24 (net)
                  0.05    0.00    4.21 ^ output24/A (sky130_fd_sc_hd__buf_2)
     1    0.04    0.18    0.22    4.42 ^ output24/X (sky130_fd_sc_hd__buf_2)
                                         out[4] (net)
                  0.18    0.00    4.42 ^ out[4] (out)
                                  4.42   data arrival time

                  0.00   10.00   10.00   clock __VIRTUAL_CLK__ (rise edge)
                          0.00   10.00   clock network delay (ideal)
                         -0.25    9.75   clock uncertainty
                          0.00    9.75   clock reconvergence pessimism
                         -2.00    7.75   output external delay
                                  7.75   data required time
-----------------------------------------------------------------------------
                                  7.75   data required time
                                 -4.42   data arrival time
-----------------------------------------------------------------------------
                                  3.33   slack (MET)


Startpoint: opcode[2] (input port clocked by __VIRTUAL_CLK__)
Endpoint: out[3] (output port clocked by __VIRTUAL_CLK__)
Path Group: __VIRTUAL_CLK__
Path Type: max

Fanout     Cap    Slew   Delay    Time   Description
-----------------------------------------------------------------------------
                  0.00    0.00    0.00   clock __VIRTUAL_CLK__ (rise edge)
                          0.00    0.00   clock network delay (ideal)
                          2.00    2.00 v input external delay
     1    0.00    0.01    0.01    2.01 v opcode[2] (in)
                                         opcode[2] (net)
                  0.01    0.00    2.01 v input19/A (sky130_fd_sc_hd__buf_4)
     6    0.02    0.05    0.15    2.16 v input19/X (sky130_fd_sc_hd__buf_4)
                                         net19 (net)
                  0.05    0.00    2.16 v _108_/B (sky130_fd_sc_hd__or3b_4)
     2    0.01    0.08    0.40    2.56 v _108_/X (sky130_fd_sc_hd__or3b_4)
                                         _040_ (net)
                  0.08    0.00    2.56 v _109_/A (sky130_fd_sc_hd__buf_6)
     5    0.02    0.03    0.14    2.70 v _109_/X (sky130_fd_sc_hd__buf_6)
                                         _041_ (net)
                  0.03    0.00    2.70 v _111_/A (sky130_fd_sc_hd__and3_1)
     2    0.01    0.06    0.17    2.87 v _111_/X (sky130_fd_sc_hd__and3_1)
                                         _043_ (net)
                  0.06    0.00    2.87 v _113_/C (sky130_fd_sc_hd__or3_4)
     3    0.01    0.07    0.36    3.23 v _113_/X (sky130_fd_sc_hd__or3_4)
                                         _045_ (net)
                  0.07    0.00    3.23 v _122_/A2 (sky130_fd_sc_hd__a21bo_4)
     3    0.01    0.04    0.23    3.46 v _122_/X (sky130_fd_sc_hd__a21bo_4)
                                         _053_ (net)
                  0.04    0.00    3.46 v _126_/A (sky130_fd_sc_hd__and2_1)
     2    0.01    0.06    0.16    3.62 v _126_/X (sky130_fd_sc_hd__and2_1)
                                         _057_ (net)
                  0.06    0.00    3.62 v _140_/B1 (sky130_fd_sc_hd__a21oi_1)
     1    0.01    0.18    0.18    3.80 ^ _140_/Y (sky130_fd_sc_hd__a21oi_1)
                                         _070_ (net)
                  0.18    0.00    3.80 ^ _141_/B (sky130_fd_sc_hd__xnor2_1)
     1    0.00    0.06    0.10    3.90 v _141_/Y (sky130_fd_sc_hd__xnor2_1)
                                         _071_ (net)
                  0.06    0.00    3.90 v _146_/A2 (sky130_fd_sc_hd__a211o_1)
     1    0.00    0.06    0.32    4.22 v _146_/X (sky130_fd_sc_hd__a211o_1)
                                         net23 (net)
                  0.06    0.00    4.22 v output23/A (sky130_fd_sc_hd__buf_2)
     1    0.04    0.09    0.20    4.42 v output23/X (sky130_fd_sc_hd__buf_2)
                                         out[3] (net)
                  0.09    0.00    4.42 v out[3] (out)
                                  4.42   data arrival time

                  0.00   10.00   10.00   clock __VIRTUAL_CLK__ (rise edge)
                          0.00   10.00   clock network delay (ideal)
                         -0.25    9.75   clock uncertainty
                          0.00    9.75   clock reconvergence pessimism
                         -2.00    7.75   output external delay
                                  7.75   data required time
-----------------------------------------------------------------------------
                                  7.75   data required time
                                 -4.42   data arrival time
-----------------------------------------------------------------------------
                                  3.33   slack (MET)


Startpoint: opcode[2] (input port clocked by __VIRTUAL_CLK__)
Endpoint: out[2] (output port clocked by __VIRTUAL_CLK__)
Path Group: __VIRTUAL_CLK__
Path Type: max

Fanout     Cap    Slew   Delay    Time   Description
-----------------------------------------------------------------------------
                  0.00    0.00    0.00   clock __VIRTUAL_CLK__ (rise edge)
                          0.00    0.00   clock network delay (ideal)
                          2.00    2.00 v input external delay
     1    0.00    0.01    0.01    2.01 v opcode[2] (in)
                                         opcode[2] (net)
                  0.01    0.00    2.01 v input19/A (sky130_fd_sc_hd__buf_4)
     6    0.02    0.05    0.15    2.16 v input19/X (sky130_fd_sc_hd__buf_4)
                                         net19 (net)
                  0.05    0.00    2.16 v _108_/B (sky130_fd_sc_hd__or3b_4)
     2    0.01    0.08    0.40    2.56 v _108_/X (sky130_fd_sc_hd__or3b_4)
                                         _040_ (net)
                  0.08    0.00    2.56 v _109_/A (sky130_fd_sc_hd__buf_6)
     5    0.02    0.03    0.14    2.70 v _109_/X (sky130_fd_sc_hd__buf_6)
                                         _041_ (net)
                  0.03    0.00    2.70 v _111_/A (sky130_fd_sc_hd__and3_1)
     2    0.01    0.06    0.17    2.87 v _111_/X (sky130_fd_sc_hd__and3_1)
                                         _043_ (net)
                  0.06    0.00    2.87 v _113_/C (sky130_fd_sc_hd__or3_4)
     3    0.01    0.07    0.36    3.23 v _113_/X (sky130_fd_sc_hd__or3_4)
                                         _045_ (net)
                  0.07    0.00    3.23 v _122_/A2 (sky130_fd_sc_hd__a21bo_4)
     3    0.01    0.04    0.23    3.46 v _122_/X (sky130_fd_sc_hd__a21bo_4)
                                         _053_ (net)
                  0.04    0.00    3.46 v _126_/A (sky130_fd_sc_hd__and2_1)
     2    0.01    0.06    0.16    3.62 v _126_/X (sky130_fd_sc_hd__and2_1)
                                         _057_ (net)
                  0.06    0.00    3.62 v _133_/A1 (sky130_fd_sc_hd__o21bai_1)
     1    0.00    0.14    0.17    3.79 ^ _133_/Y (sky130_fd_sc_hd__o21bai_1)
                                         net22 (net)
                  0.14    0.00    3.79 ^ output22/A (sky130_fd_sc_hd__buf_2)
     1    0.04    0.18    0.25    4.05 ^ output22/X (sky130_fd_sc_hd__buf_2)
                                         out[2] (net)
                  0.18    0.00    4.05 ^ out[2] (out)
                                  4.05   data arrival time

                  0.00   10.00   10.00   clock __VIRTUAL_CLK__ (rise edge)
                          0.00   10.00   clock network delay (ideal)
                         -0.25    9.75   clock uncertainty
                          0.00    9.75   clock reconvergence pessimism
                         -2.00    7.75   output external delay
                                  7.75   data required time
-----------------------------------------------------------------------------
                                  7.75   data required time
                                 -4.05   data arrival time
-----------------------------------------------------------------------------
                                  3.70   slack (MET)


Startpoint: opcode[2] (input port clocked by __VIRTUAL_CLK__)
Endpoint: out[1] (output port clocked by __VIRTUAL_CLK__)
Path Group: __VIRTUAL_CLK__
Path Type: max

Fanout     Cap    Slew   Delay    Time   Description
-----------------------------------------------------------------------------
                  0.00    0.00    0.00   clock __VIRTUAL_CLK__ (rise edge)
                          0.00    0.00   clock network delay (ideal)
                          2.00    2.00 v input external delay
     1    0.00    0.01    0.01    2.01 v opcode[2] (in)
                                         opcode[2] (net)
                  0.01    0.00    2.01 v input19/A (sky130_fd_sc_hd__buf_4)
     6    0.02    0.05    0.15    2.16 v input19/X (sky130_fd_sc_hd__buf_4)
                                         net19 (net)
                  0.05    0.00    2.16 v _108_/B (sky130_fd_sc_hd__or3b_4)
     2    0.01    0.08    0.40    2.56 v _108_/X (sky130_fd_sc_hd__or3b_4)
                                         _040_ (net)
                  0.08    0.00    2.56 v _109_/A (sky130_fd_sc_hd__buf_6)
     5    0.02    0.03    0.14    2.70 v _109_/X (sky130_fd_sc_hd__buf_6)
                                         _041_ (net)
                  0.03    0.00    2.70 v _111_/A (sky130_fd_sc_hd__and3_1)
     2    0.01    0.06    0.17    2.87 v _111_/X (sky130_fd_sc_hd__and3_1)
                                         _043_ (net)
                  0.06    0.00    2.87 v _113_/C (sky130_fd_sc_hd__or3_4)
     3    0.01    0.07    0.36    3.23 v _113_/X (sky130_fd_sc_hd__or3_4)
                                         _045_ (net)
                  0.07    0.00    3.23 v _115_/A3 (sky130_fd_sc_hd__a31o_1)
     1    0.00    0.03    0.23    3.46 v _115_/X (sky130_fd_sc_hd__a31o_1)
                                         _047_ (net)
                  0.03    0.00    3.46 v _121_/A2 (sky130_fd_sc_hd__o21bai_1)
     1    0.01    0.15    0.15    3.61 ^ _121_/Y (sky130_fd_sc_hd__o21bai_1)
                                         net21 (net)
                  0.15    0.00    3.61 ^ output21/A (sky130_fd_sc_hd__buf_2)
     1    0.03    0.17    0.24    3.85 ^ output21/X (sky130_fd_sc_hd__buf_2)
                                         out[1] (net)
                  0.17    0.00    3.86 ^ out[1] (out)
                                  3.86   data arrival time

                  0.00   10.00   10.00   clock __VIRTUAL_CLK__ (rise edge)
                          0.00   10.00   clock network delay (ideal)
                         -0.25    9.75   clock uncertainty
                          0.00    9.75   clock reconvergence pessimism
                         -2.00    7.75   output external delay
                                  7.75   data required time
-----------------------------------------------------------------------------
                                  7.75   data required time
                                 -3.86   data arrival time
-----------------------------------------------------------------------------
                                  3.89   slack (MET)


Startpoint: opcode[2] (input port clocked by __VIRTUAL_CLK__)
Endpoint: out[0] (output port clocked by __VIRTUAL_CLK__)
Path Group: __VIRTUAL_CLK__
Path Type: max

Fanout     Cap    Slew   Delay    Time   Description
-----------------------------------------------------------------------------
                  0.00    0.00    0.00   clock __VIRTUAL_CLK__ (rise edge)
                          0.00    0.00   clock network delay (ideal)
                          2.00    2.00 ^ input external delay
     1    0.00    0.02    0.01    2.01 ^ opcode[2] (in)
                                         opcode[2] (net)
                  0.02    0.00    2.01 ^ input19/A (sky130_fd_sc_hd__buf_4)
     6    0.03    0.08    0.14    2.15 ^ input19/X (sky130_fd_sc_hd__buf_4)
                                         net19 (net)
                  0.08    0.00    2.15 ^ _099_/C_N (sky130_fd_sc_hd__or3b_1)
     1    0.01    0.08    0.39    2.54 v _099_/X (sky130_fd_sc_hd__or3b_1)
                                         _032_ (net)
                  0.08    0.00    2.54 v _100_/A (sky130_fd_sc_hd__buf_2)
     8    0.03    0.07    0.19    2.73 v _100_/X (sky130_fd_sc_hd__buf_2)
                                         _033_ (net)
                  0.07    0.00    2.73 v _106_/A2 (sky130_fd_sc_hd__o21ai_1)
     1    0.01    0.16    0.18    2.91 ^ _106_/Y (sky130_fd_sc_hd__o21ai_1)
                                         _039_ (net)
                  0.16    0.00    2.91 ^ _107_/B1 (sky130_fd_sc_hd__a31o_1)
     1    0.00    0.06    0.13    3.04 ^ _107_/X (sky130_fd_sc_hd__a31o_1)
                                         net20 (net)
                  0.06    0.00    3.04 ^ output20/A (sky130_fd_sc_hd__buf_2)
     1    0.04    0.18    0.22    3.26 ^ output20/X (sky130_fd_sc_hd__buf_2)
                                         out[0] (net)
                  0.18    0.00    3.27 ^ out[0] (out)
                                  3.27   data arrival time

                  0.00   10.00   10.00   clock __VIRTUAL_CLK__ (rise edge)
                          0.00   10.00   clock network delay (ideal)
                         -0.25    9.75   clock uncertainty
                          0.00    9.75   clock reconvergence pessimism
                         -2.00    7.75   output external delay
                                  7.75   data required time
-----------------------------------------------------------------------------
                                  7.75   data required time
                                 -3.27   data arrival time
-----------------------------------------------------------------------------
                                  4.48   slack (MET)



worst slack corner Typical: 2.8460
