
===========================================================================
report_checks -path_delay max (Setup)
============================================================================
======================= Typical Corner ===================================

Startpoint: opcode[1] (input port clocked by __VIRTUAL_CLK__)
Endpoint: out[7] (output port clocked by __VIRTUAL_CLK__)
Path Group: __VIRTUAL_CLK__
Path Type: max

Fanout     Cap    Slew   Delay    Time   Description
-----------------------------------------------------------------------------
                  0.00    0.00    0.00   clock __VIRTUAL_CLK__ (rise edge)
                          0.00    0.00   clock network delay (ideal)
                          2.00    2.00 v input external delay
     1    0.00    0.01    0.00    2.00 v opcode[1] (in)
                                         opcode[1] (net)
                  0.01    0.00    2.00 v input18/A (sky130_fd_sc_hd__buf_4)
     6    0.01    0.04    0.13    2.14 v input18/X (sky130_fd_sc_hd__buf_4)
                                         net18 (net)
                  0.04    0.00    2.14 v _108_/A (sky130_fd_sc_hd__or3b_4)
     2    0.01    0.07    0.41    2.54 v _108_/X (sky130_fd_sc_hd__or3b_4)
                                         _040_ (net)
                  0.07    0.00    2.54 v _109_/A (sky130_fd_sc_hd__buf_6)
     5    0.01    0.03    0.13    2.68 v _109_/X (sky130_fd_sc_hd__buf_6)
                                         _041_ (net)
                  0.03    0.00    2.68 v _111_/A (sky130_fd_sc_hd__and3_1)
     2    0.01    0.05    0.16    2.83 v _111_/X (sky130_fd_sc_hd__and3_1)
                                         _043_ (net)
                  0.05    0.00    2.83 v _113_/C (sky130_fd_sc_hd__or3_4)
     3    0.01    0.07    0.36    3.19 v _113_/X (sky130_fd_sc_hd__or3_4)
                                         _045_ (net)
                  0.07    0.00    3.19 v _122_/A2 (sky130_fd_sc_hd__a21bo_4)
     3    0.01    0.04    0.23    3.42 v _122_/X (sky130_fd_sc_hd__a21bo_4)
                                         _053_ (net)
                  0.04    0.00    3.42 v _158_/A1 (sky130_fd_sc_hd__a31o_1)
     2    0.00    0.05    0.18    3.61 v _158_/X (sky130_fd_sc_hd__a31o_1)
                                         _087_ (net)
                  0.05    0.00    3.61 v _160_/A (sky130_fd_sc_hd__and2_4)
     5    0.01    0.04    0.15    3.76 v _160_/X (sky130_fd_sc_hd__and2_4)
                                         _089_ (net)
                  0.04    0.00    3.76 v _181_/A3 (sky130_fd_sc_hd__o311a_4)
     3    0.01    0.06    0.32    4.08 v _181_/X (sky130_fd_sc_hd__o311a_4)
                                         _012_ (net)
                  0.06    0.00    4.08 v _195_/B (sky130_fd_sc_hd__or3_4)
     1    0.00    0.06    0.38    4.46 v _195_/X (sky130_fd_sc_hd__or3_4)
                                         _025_ (net)
                  0.06    0.00    4.46 v _199_/A1 (sky130_fd_sc_hd__a31o_4)
     1    0.00    0.04    0.23    4.69 v _199_/X (sky130_fd_sc_hd__a31o_4)
                                         net27 (net)
                  0.04    0.00    4.69 v output27/A (sky130_fd_sc_hd__buf_6)
     1    0.03    0.04    0.14    4.83 v output27/X (sky130_fd_sc_hd__buf_6)
                                         out[7] (net)
                  0.04    0.00    4.83 v out[7] (out)
                                  4.83   data arrival time

                  0.00   10.00   10.00   clock __VIRTUAL_CLK__ (rise edge)
                          0.00   10.00   clock network delay (ideal)
                         -0.25    9.75   clock uncertainty
                          0.00    9.75   clock reconvergence pessimism
                         -2.00    7.75   output external delay
                                  7.75   data required time
-----------------------------------------------------------------------------
                                  7.75   data required time
                                 -4.83   data arrival time
-----------------------------------------------------------------------------
                                  2.92   slack (MET)


Startpoint: opcode[1] (input port clocked by __VIRTUAL_CLK__)
Endpoint: out[6] (output port clocked by __VIRTUAL_CLK__)
Path Group: __VIRTUAL_CLK__
Path Type: max

Fanout     Cap    Slew   Delay    Time   Description
-----------------------------------------------------------------------------
                  0.00    0.00    0.00   clock __VIRTUAL_CLK__ (rise edge)
                          0.00    0.00   clock network delay (ideal)
                          2.00    2.00 v input external delay
     1    0.00    0.01    0.00    2.00 v opcode[1] (in)
                                         opcode[1] (net)
                  0.01    0.00    2.00 v input18/A (sky130_fd_sc_hd__buf_4)
     6    0.01    0.04    0.13    2.14 v input18/X (sky130_fd_sc_hd__buf_4)
                                         net18 (net)
                  0.04    0.00    2.14 v _108_/A (sky130_fd_sc_hd__or3b_4)
     2    0.01    0.07    0.41    2.54 v _108_/X (sky130_fd_sc_hd__or3b_4)
                                         _040_ (net)
                  0.07    0.00    2.54 v _109_/A (sky130_fd_sc_hd__buf_6)
     5    0.01    0.03    0.13    2.68 v _109_/X (sky130_fd_sc_hd__buf_6)
                                         _041_ (net)
                  0.03    0.00    2.68 v _111_/A (sky130_fd_sc_hd__and3_1)
     2    0.01    0.05    0.16    2.83 v _111_/X (sky130_fd_sc_hd__and3_1)
                                         _043_ (net)
                  0.05    0.00    2.83 v _113_/C (sky130_fd_sc_hd__or3_4)
     3    0.01    0.07    0.36    3.19 v _113_/X (sky130_fd_sc_hd__or3_4)
                                         _045_ (net)
                  0.07    0.00    3.19 v _122_/A2 (sky130_fd_sc_hd__a21bo_4)
     3    0.01    0.04    0.23    3.42 v _122_/X (sky130_fd_sc_hd__a21bo_4)
                                         _053_ (net)
                  0.04    0.00    3.42 v _158_/A1 (sky130_fd_sc_hd__a31o_1)
     2    0.00    0.05    0.18    3.61 v _158_/X (sky130_fd_sc_hd__a31o_1)
                                         _087_ (net)
                  0.05    0.00    3.61 v _160_/A (sky130_fd_sc_hd__and2_4)
     5    0.01    0.04    0.15    3.76 v _160_/X (sky130_fd_sc_hd__and2_4)
                                         _089_ (net)
                  0.04    0.00    3.76 v _179_/A2 (sky130_fd_sc_hd__o31a_1)
     1    0.00    0.04    0.27    4.03 v _179_/X (sky130_fd_sc_hd__o31a_1)
                                         _010_ (net)
                  0.04    0.00    4.03 v _180_/B (sky130_fd_sc_hd__or2_1)
     1    0.00    0.05    0.21    4.23 v _180_/X (sky130_fd_sc_hd__or2_1)
                                         _011_ (net)
                  0.05    0.00    4.23 v _187_/A1 (sky130_fd_sc_hd__a21o_1)
     1    0.00    0.03    0.15    4.39 v _187_/X (sky130_fd_sc_hd__a21o_1)
                                         net26 (net)
                  0.03    0.00    4.39 v output26/A (sky130_fd_sc_hd__buf_2)
     1    0.03    0.09    0.18    4.57 v output26/X (sky130_fd_sc_hd__buf_2)
                                         out[6] (net)
                  0.09    0.00    4.57 v out[6] (out)
                                  4.57   data arrival time

                  0.00   10.00   10.00   clock __VIRTUAL_CLK__ (rise edge)
                          0.00   10.00   clock network delay (ideal)
                         -0.25    9.75   clock uncertainty
                          0.00    9.75   clock reconvergence pessimism
                         -2.00    7.75   output external delay
                                  7.75   data required time
-----------------------------------------------------------------------------
                                  7.75   data required time
                                 -4.57   data arrival time
-----------------------------------------------------------------------------
                                  3.18   slack (MET)


Startpoint: opcode[1] (input port clocked by __VIRTUAL_CLK__)
Endpoint: out[5] (output port clocked by __VIRTUAL_CLK__)
Path Group: __VIRTUAL_CLK__
Path Type: max

Fanout     Cap    Slew   Delay    Time   Description
-----------------------------------------------------------------------------
                  0.00    0.00    0.00   clock __VIRTUAL_CLK__ (rise edge)
                          0.00    0.00   clock network delay (ideal)
                          2.00    2.00 v input external delay
     1    0.00    0.01    0.00    2.00 v opcode[1] (in)
                                         opcode[1] (net)
                  0.01    0.00    2.00 v input18/A (sky130_fd_sc_hd__buf_4)
     6    0.01    0.04    0.13    2.14 v input18/X (sky130_fd_sc_hd__buf_4)
                                         net18 (net)
                  0.04    0.00    2.14 v _108_/A (sky130_fd_sc_hd__or3b_4)
     2    0.01    0.07    0.41    2.54 v _108_/X (sky130_fd_sc_hd__or3b_4)
                                         _040_ (net)
                  0.07    0.00    2.54 v _109_/A (sky130_fd_sc_hd__buf_6)
     5    0.01    0.03    0.13    2.68 v _109_/X (sky130_fd_sc_hd__buf_6)
                                         _041_ (net)
                  0.03    0.00    2.68 v _111_/A (sky130_fd_sc_hd__and3_1)
     2    0.01    0.05    0.16    2.83 v _111_/X (sky130_fd_sc_hd__and3_1)
                                         _043_ (net)
                  0.05    0.00    2.83 v _113_/C (sky130_fd_sc_hd__or3_4)
     3    0.01    0.07    0.36    3.19 v _113_/X (sky130_fd_sc_hd__or3_4)
                                         _045_ (net)
                  0.07    0.00    3.19 v _122_/A2 (sky130_fd_sc_hd__a21bo_4)
     3    0.01    0.04    0.23    3.42 v _122_/X (sky130_fd_sc_hd__a21bo_4)
                                         _053_ (net)
                  0.04    0.00    3.42 v _158_/A1 (sky130_fd_sc_hd__a31o_1)
     2    0.00    0.05    0.18    3.61 v _158_/X (sky130_fd_sc_hd__a31o_1)
                                         _087_ (net)
                  0.05    0.00    3.61 v _160_/A (sky130_fd_sc_hd__and2_4)
     5    0.01    0.04    0.15    3.76 v _160_/X (sky130_fd_sc_hd__and2_4)
                                         _089_ (net)
                  0.04    0.00    3.76 v _168_/C1 (sky130_fd_sc_hd__a211o_1)
     1    0.00    0.05    0.23    3.99 v _168_/X (sky130_fd_sc_hd__a211o_1)
                                         _000_ (net)
                  0.05    0.00    3.99 v _174_/A2 (sky130_fd_sc_hd__a31o_1)
     2    0.00    0.04    0.21    4.19 v _174_/X (sky130_fd_sc_hd__a31o_1)
                                         net25 (net)
                  0.04    0.00    4.19 v output25/A (sky130_fd_sc_hd__buf_2)
     1    0.03    0.09    0.18    4.38 v output25/X (sky130_fd_sc_hd__buf_2)
                                         out[5] (net)
                  0.09    0.00    4.38 v out[5] (out)
                                  4.38   data arrival time

                  0.00   10.00   10.00   clock __VIRTUAL_CLK__ (rise edge)
                          0.00   10.00   clock network delay (ideal)
                         -0.25    9.75   clock uncertainty
                          0.00    9.75   clock reconvergence pessimism
                         -2.00    7.75   output external delay
                                  7.75   data required time
-----------------------------------------------------------------------------
                                  7.75   data required time
                                 -4.38   data arrival time
-----------------------------------------------------------------------------
                                  3.37   slack (MET)


Startpoint: opcode[1] (input port clocked by __VIRTUAL_CLK__)
Endpoint: out[4] (output port clocked by __VIRTUAL_CLK__)
Path Group: __VIRTUAL_CLK__
Path Type: max

Fanout     Cap    Slew   Delay    Time   Description
-----------------------------------------------------------------------------
                  0.00    0.00    0.00   clock __VIRTUAL_CLK__ (rise edge)
                          0.00    0.00   clock network delay (ideal)
                          2.00    2.00 v input external delay
     1    0.00    0.01    0.00    2.00 v opcode[1] (in)
                                         opcode[1] (net)
                  0.01    0.00    2.00 v input18/A (sky130_fd_sc_hd__buf_4)
     6    0.01    0.04    0.13    2.14 v input18/X (sky130_fd_sc_hd__buf_4)
                                         net18 (net)
                  0.04    0.00    2.14 v _108_/A (sky130_fd_sc_hd__or3b_4)
     2    0.01    0.07    0.41    2.54 v _108_/X (sky130_fd_sc_hd__or3b_4)
                                         _040_ (net)
                  0.07    0.00    2.54 v _109_/A (sky130_fd_sc_hd__buf_6)
     5    0.01    0.03    0.13    2.68 v _109_/X (sky130_fd_sc_hd__buf_6)
                                         _041_ (net)
                  0.03    0.00    2.68 v _111_/A (sky130_fd_sc_hd__and3_1)
     2    0.01    0.05    0.16    2.83 v _111_/X (sky130_fd_sc_hd__and3_1)
                                         _043_ (net)
                  0.05    0.00    2.83 v _113_/C (sky130_fd_sc_hd__or3_4)
     3    0.01    0.07    0.36    3.19 v _113_/X (sky130_fd_sc_hd__or3_4)
                                         _045_ (net)
                  0.07    0.00    3.19 v _122_/A2 (sky130_fd_sc_hd__a21bo_4)
     3    0.01    0.04    0.23    3.42 v _122_/X (sky130_fd_sc_hd__a21bo_4)
                                         _053_ (net)
                  0.04    0.00    3.42 v _158_/A1 (sky130_fd_sc_hd__a31o_1)
     2    0.00    0.05    0.18    3.61 v _158_/X (sky130_fd_sc_hd__a31o_1)
                                         _087_ (net)
                  0.05    0.00    3.61 v _160_/A (sky130_fd_sc_hd__and2_4)
     5    0.01    0.04    0.15    3.76 v _160_/X (sky130_fd_sc_hd__and2_4)
                                         _089_ (net)
                  0.04    0.00    3.76 v _161_/A3 (sky130_fd_sc_hd__o32a_1)
     1    0.00    0.05    0.29    4.05 v _161_/X (sky130_fd_sc_hd__o32a_1)
                                         _090_ (net)
                  0.05    0.00    4.05 v _162_/B (sky130_fd_sc_hd__nand2_1)
     1    0.00    0.04    0.06    4.11 ^ _162_/Y (sky130_fd_sc_hd__nand2_1)
                                         net24 (net)
                  0.04    0.00    4.11 ^ output24/A (sky130_fd_sc_hd__buf_2)
     1    0.03    0.17    0.20    4.31 ^ output24/X (sky130_fd_sc_hd__buf_2)
                                         out[4] (net)
                  0.17    0.00    4.31 ^ out[4] (out)
                                  4.31   data arrival time

                  0.00   10.00   10.00   clock __VIRTUAL_CLK__ (rise edge)
                          0.00   10.00   clock network delay (ideal)
                         -0.25    9.75   clock uncertainty
                          0.00    9.75   clock reconvergence pessimism
                         -2.00    7.75   output external delay
                                  7.75   data required time
-----------------------------------------------------------------------------
                                  7.75   data required time
                                 -4.31   data arrival time
-----------------------------------------------------------------------------
                                  3.44   slack (MET)


Startpoint: opcode[1] (input port clocked by __VIRTUAL_CLK__)
Endpoint: out[3] (output port clocked by __VIRTUAL_CLK__)
Path Group: __VIRTUAL_CLK__
Path Type: max

Fanout     Cap    Slew   Delay    Time   Description
-----------------------------------------------------------------------------
                  0.00    0.00    0.00   clock __VIRTUAL_CLK__ (rise edge)
                          0.00    0.00   clock network delay (ideal)
                          2.00    2.00 v input external delay
     1    0.00    0.01    0.00    2.00 v opcode[1] (in)
                                         opcode[1] (net)
                  0.01    0.00    2.00 v input18/A (sky130_fd_sc_hd__buf_4)
     6    0.01    0.04    0.13    2.14 v input18/X (sky130_fd_sc_hd__buf_4)
                                         net18 (net)
                  0.04    0.00    2.14 v _108_/A (sky130_fd_sc_hd__or3b_4)
     2    0.01    0.07    0.41    2.54 v _108_/X (sky130_fd_sc_hd__or3b_4)
                                         _040_ (net)
                  0.07    0.00    2.54 v _109_/A (sky130_fd_sc_hd__buf_6)
     5    0.01    0.03    0.13    2.68 v _109_/X (sky130_fd_sc_hd__buf_6)
                                         _041_ (net)
                  0.03    0.00    2.68 v _111_/A (sky130_fd_sc_hd__and3_1)
     2    0.01    0.05    0.16    2.83 v _111_/X (sky130_fd_sc_hd__and3_1)
                                         _043_ (net)
                  0.05    0.00    2.83 v _113_/C (sky130_fd_sc_hd__or3_4)
     3    0.01    0.07    0.36    3.19 v _113_/X (sky130_fd_sc_hd__or3_4)
                                         _045_ (net)
                  0.07    0.00    3.19 v _122_/A2 (sky130_fd_sc_hd__a21bo_4)
     3    0.01    0.04    0.23    3.42 v _122_/X (sky130_fd_sc_hd__a21bo_4)
                                         _053_ (net)
                  0.04    0.00    3.42 v _126_/A (sky130_fd_sc_hd__and2_1)
     2    0.00    0.04    0.14    3.57 v _126_/X (sky130_fd_sc_hd__and2_1)
                                         _057_ (net)
                  0.04    0.00    3.57 v _140_/B1 (sky130_fd_sc_hd__a21oi_1)
     1    0.00    0.14    0.14    3.71 ^ _140_/Y (sky130_fd_sc_hd__a21oi_1)
                                         _070_ (net)
                  0.14    0.00    3.71 ^ _141_/B (sky130_fd_sc_hd__xnor2_1)
     1    0.00    0.05    0.08    3.79 v _141_/Y (sky130_fd_sc_hd__xnor2_1)
                                         _071_ (net)
                  0.05    0.00    3.79 v _146_/A2 (sky130_fd_sc_hd__a211o_1)
     1    0.00    0.04    0.29    4.08 v _146_/X (sky130_fd_sc_hd__a211o_1)
                                         net23 (net)
                  0.04    0.00    4.08 v output23/A (sky130_fd_sc_hd__buf_2)
     1    0.03    0.09    0.19    4.26 v output23/X (sky130_fd_sc_hd__buf_2)
                                         out[3] (net)
                  0.09    0.00    4.26 v out[3] (out)
                                  4.26   data arrival time

                  0.00   10.00   10.00   clock __VIRTUAL_CLK__ (rise edge)
                          0.00   10.00   clock network delay (ideal)
                         -0.25    9.75   clock uncertainty
                          0.00    9.75   clock reconvergence pessimism
                         -2.00    7.75   output external delay
                                  7.75   data required time
-----------------------------------------------------------------------------
                                  7.75   data required time
                                 -4.26   data arrival time
-----------------------------------------------------------------------------
                                  3.49   slack (MET)


Startpoint: opcode[1] (input port clocked by __VIRTUAL_CLK__)
Endpoint: out[2] (output port clocked by __VIRTUAL_CLK__)
Path Group: __VIRTUAL_CLK__
Path Type: max

Fanout     Cap    Slew   Delay    Time   Description
-----------------------------------------------------------------------------
                  0.00    0.00    0.00   clock __VIRTUAL_CLK__ (rise edge)
                          0.00    0.00   clock network delay (ideal)
                          2.00    2.00 v input external delay
     1    0.00    0.01    0.00    2.00 v opcode[1] (in)
                                         opcode[1] (net)
                  0.01    0.00    2.00 v input18/A (sky130_fd_sc_hd__buf_4)
     6    0.01    0.04    0.13    2.14 v input18/X (sky130_fd_sc_hd__buf_4)
                                         net18 (net)
                  0.04    0.00    2.14 v _108_/A (sky130_fd_sc_hd__or3b_4)
     2    0.01    0.07    0.41    2.54 v _108_/X (sky130_fd_sc_hd__or3b_4)
                                         _040_ (net)
                  0.07    0.00    2.54 v _109_/A (sky130_fd_sc_hd__buf_6)
     5    0.01    0.03    0.13    2.68 v _109_/X (sky130_fd_sc_hd__buf_6)
                                         _041_ (net)
                  0.03    0.00    2.68 v _111_/A (sky130_fd_sc_hd__and3_1)
     2    0.01    0.05    0.16    2.83 v _111_/X (sky130_fd_sc_hd__and3_1)
                                         _043_ (net)
                  0.05    0.00    2.83 v _113_/C (sky130_fd_sc_hd__or3_4)
     3    0.01    0.07    0.36    3.19 v _113_/X (sky130_fd_sc_hd__or3_4)
                                         _045_ (net)
                  0.07    0.00    3.19 v _122_/A2 (sky130_fd_sc_hd__a21bo_4)
     3    0.01    0.04    0.23    3.42 v _122_/X (sky130_fd_sc_hd__a21bo_4)
                                         _053_ (net)
                  0.04    0.00    3.42 v _126_/A (sky130_fd_sc_hd__and2_1)
     2    0.00    0.04    0.14    3.57 v _126_/X (sky130_fd_sc_hd__and2_1)
                                         _057_ (net)
                  0.04    0.00    3.57 v _133_/A1 (sky130_fd_sc_hd__o21bai_1)
     1    0.00    0.09    0.12    3.69 ^ _133_/Y (sky130_fd_sc_hd__o21bai_1)
                                         net22 (net)
                  0.09    0.00    3.69 ^ output22/A (sky130_fd_sc_hd__buf_2)
     1    0.03    0.17    0.22    3.91 ^ output22/X (sky130_fd_sc_hd__buf_2)
                                         out[2] (net)
                  0.17    0.00    3.91 ^ out[2] (out)
                                  3.91   data arrival time

                  0.00   10.00   10.00   clock __VIRTUAL_CLK__ (rise edge)
                          0.00   10.00   clock network delay (ideal)
                         -0.25    9.75   clock uncertainty
                          0.00    9.75   clock reconvergence pessimism
                         -2.00    7.75   output external delay
                                  7.75   data required time
-----------------------------------------------------------------------------
                                  7.75   data required time
                                 -3.91   data arrival time
-----------------------------------------------------------------------------
                                  3.84   slack (MET)


Startpoint: opcode[1] (input port clocked by __VIRTUAL_CLK__)
Endpoint: out[1] (output port clocked by __VIRTUAL_CLK__)
Path Group: __VIRTUAL_CLK__
Path Type: max

Fanout     Cap    Slew   Delay    Time   Description
-----------------------------------------------------------------------------
                  0.00    0.00    0.00   clock __VIRTUAL_CLK__ (rise edge)
                          0.00    0.00   clock network delay (ideal)
                          2.00    2.00 v input external delay
     1    0.00    0.01    0.00    2.00 v opcode[1] (in)
                                         opcode[1] (net)
                  0.01    0.00    2.00 v input18/A (sky130_fd_sc_hd__buf_4)
     6    0.01    0.04    0.13    2.14 v input18/X (sky130_fd_sc_hd__buf_4)
                                         net18 (net)
                  0.04    0.00    2.14 v _108_/A (sky130_fd_sc_hd__or3b_4)
     2    0.01    0.07    0.41    2.54 v _108_/X (sky130_fd_sc_hd__or3b_4)
                                         _040_ (net)
                  0.07    0.00    2.54 v _109_/A (sky130_fd_sc_hd__buf_6)
     5    0.01    0.03    0.13    2.68 v _109_/X (sky130_fd_sc_hd__buf_6)
                                         _041_ (net)
                  0.03    0.00    2.68 v _111_/A (sky130_fd_sc_hd__and3_1)
     2    0.01    0.05    0.16    2.83 v _111_/X (sky130_fd_sc_hd__and3_1)
                                         _043_ (net)
                  0.05    0.00    2.83 v _113_/C (sky130_fd_sc_hd__or3_4)
     3    0.01    0.07    0.36    3.19 v _113_/X (sky130_fd_sc_hd__or3_4)
                                         _045_ (net)
                  0.07    0.00    3.19 v _115_/A3 (sky130_fd_sc_hd__a31o_1)
     1    0.00    0.03    0.23    3.42 v _115_/X (sky130_fd_sc_hd__a31o_1)
                                         _047_ (net)
                  0.03    0.00    3.42 v _121_/A2 (sky130_fd_sc_hd__o21bai_1)
     1    0.00    0.09    0.10    3.52 ^ _121_/Y (sky130_fd_sc_hd__o21bai_1)
                                         net21 (net)
                  0.09    0.00    3.52 ^ output21/A (sky130_fd_sc_hd__buf_2)
     1    0.03    0.17    0.22    3.74 ^ output21/X (sky130_fd_sc_hd__buf_2)
                                         out[1] (net)
                  0.17    0.00    3.74 ^ out[1] (out)
                                  3.74   data arrival time

                  0.00   10.00   10.00   clock __VIRTUAL_CLK__ (rise edge)
                          0.00   10.00   clock network delay (ideal)
                         -0.25    9.75   clock uncertainty
                          0.00    9.75   clock reconvergence pessimism
                         -2.00    7.75   output external delay
                                  7.75   data required time
-----------------------------------------------------------------------------
                                  7.75   data required time
                                 -3.74   data arrival time
-----------------------------------------------------------------------------
                                  4.01   slack (MET)


Startpoint: opcode[1] (input port clocked by __VIRTUAL_CLK__)
Endpoint: out[0] (output port clocked by __VIRTUAL_CLK__)
Path Group: __VIRTUAL_CLK__
Path Type: max

Fanout     Cap    Slew   Delay    Time   Description
-----------------------------------------------------------------------------
                  0.00    0.00    0.00   clock __VIRTUAL_CLK__ (rise edge)
                          0.00    0.00   clock network delay (ideal)
                          2.00    2.00 v input external delay
     1    0.00    0.01    0.00    2.00 v opcode[1] (in)
                                         opcode[1] (net)
                  0.01    0.00    2.00 v input18/A (sky130_fd_sc_hd__buf_4)
     6    0.01    0.04    0.13    2.14 v input18/X (sky130_fd_sc_hd__buf_4)
                                         net18 (net)
                  0.04    0.00    2.14 v _099_/A (sky130_fd_sc_hd__or3b_1)
     1    0.00    0.06    0.37    2.50 v _099_/X (sky130_fd_sc_hd__or3b_1)
                                         _032_ (net)
                  0.06    0.00    2.50 v _100_/A (sky130_fd_sc_hd__buf_2)
     8    0.02    0.06    0.16    2.67 v _100_/X (sky130_fd_sc_hd__buf_2)
                                         _033_ (net)
                  0.06    0.00    2.67 v _106_/A2 (sky130_fd_sc_hd__o21ai_1)
     1    0.00    0.10    0.12    2.78 ^ _106_/Y (sky130_fd_sc_hd__o21ai_1)
                                         _039_ (net)
                  0.10    0.00    2.78 ^ _107_/B1 (sky130_fd_sc_hd__a31o_1)
     1    0.00    0.04    0.10    2.88 ^ _107_/X (sky130_fd_sc_hd__a31o_1)
                                         net20 (net)
                  0.04    0.00    2.88 ^ output20/A (sky130_fd_sc_hd__buf_2)
     1    0.03    0.17    0.20    3.09 ^ output20/X (sky130_fd_sc_hd__buf_2)
                                         out[0] (net)
                  0.17    0.00    3.09 ^ out[0] (out)
                                  3.09   data arrival time

                  0.00   10.00   10.00   clock __VIRTUAL_CLK__ (rise edge)
                          0.00   10.00   clock network delay (ideal)
                         -0.25    9.75   clock uncertainty
                          0.00    9.75   clock reconvergence pessimism
                         -2.00    7.75   output external delay
                                  7.75   data required time
-----------------------------------------------------------------------------
                                  7.75   data required time
                                 -3.09   data arrival time
-----------------------------------------------------------------------------
                                  4.66   slack (MET)



worst slack corner Typical: 2.9234
