
===========================================================================
 report_power
============================================================================
======================= Fastest Corner ===================================

Group                  Internal  Switching    Leakage      Total
                          Power      Power      Power      Power (Watts)
----------------------------------------------------------------
Sequential             1.02e-04   0.00e+00   3.18e-10   1.02e-04  52.5%
Combinational          0.00e+00   0.00e+00   9.14e-10   9.14e-10   0.0%
Clock                  5.99e-05   3.25e-05   2.20e-09   9.24e-05  47.5%
Macro                  0.00e+00   0.00e+00   0.00e+00   0.00e+00   0.0%
Pad                    0.00e+00   0.00e+00   0.00e+00   0.00e+00   0.0%
----------------------------------------------------------------
Total                  1.62e-04   3.25e-05   3.43e-09   1.94e-04 100.0%
                          83.3%      16.7%       0.0%

======================= Slowest Corner ===================================

Group                  Internal  Switching    Leakage      Total
                          Power      Power      Power      Power (Watts)
----------------------------------------------------------------
Sequential             6.80e-05   0.00e+00   2.98e-07   6.83e-05  51.7%
Combinational          0.00e+00   0.00e+00   4.85e-07   4.85e-07   0.4%
Clock                  4.26e-05   2.06e-05   5.91e-08   6.32e-05  47.9%
Macro                  0.00e+00   0.00e+00   0.00e+00   0.00e+00   0.0%
Pad                    0.00e+00   0.00e+00   0.00e+00   0.00e+00   0.0%
----------------------------------------------------------------
Total                  1.11e-04   2.06e-05   8.42e-07   1.32e-04 100.0%
                          83.8%      15.6%       0.6%

======================= Typical Corner ===================================

Group                  Internal  Switching    Leakage      Total
                          Power      Power      Power      Power (Watts)
----------------------------------------------------------------
Sequential             8.77e-05   0.00e+00   1.77e-10   8.77e-05  52.4%
Combinational          0.00e+00   0.00e+00   4.60e-10   4.60e-10   0.0%
Clock                  5.23e-05   2.72e-05   2.05e-09   7.95e-05  47.6%
Macro                  0.00e+00   0.00e+00   0.00e+00   0.00e+00   0.0%
Pad                    0.00e+00   0.00e+00   0.00e+00   0.00e+00   0.0%
----------------------------------------------------------------
Total                  1.40e-04   2.72e-05   2.69e-09   1.67e-04 100.0%
                          83.7%      16.3%       0.0%

