
63. Printing statistics.

=== ALU ===

   Number of wires:                100
   Number of wire bits:            123
   Number of public wires:           4
   Number of public wire bits:      27
   Number of memories:               0
   Number of memory bits:            0
   Number of processes:              0
   Number of cells:                104
     sky130_fd_sc_hd__a211o_2        2
     sky130_fd_sc_hd__a21bo_2        2
     sky130_fd_sc_hd__a21o_2         7
     sky130_fd_sc_hd__a21oi_2        9
     sky130_fd_sc_hd__a22o_2         1
     sky130_fd_sc_hd__a2bb2o_2       1
     sky130_fd_sc_hd__a311o_2        4
     sky130_fd_sc_hd__a31o_2         8
     sky130_fd_sc_hd__and2_2         6
     sky130_fd_sc_hd__and3_2         2
     sky130_fd_sc_hd__buf_1          2
     sky130_fd_sc_hd__nand2_2        4
     sky130_fd_sc_hd__nand3b_2       2
     sky130_fd_sc_hd__nor2_2        12
     sky130_fd_sc_hd__nor2b_2        1
     sky130_fd_sc_hd__o211ai_2       1
     sky130_fd_sc_hd__o21a_2         4
     sky130_fd_sc_hd__o21ai_2        6
     sky130_fd_sc_hd__o21bai_2       2
     sky130_fd_sc_hd__o22a_2         5
     sky130_fd_sc_hd__o22ai_2        1
     sky130_fd_sc_hd__o311a_2        1
     sky130_fd_sc_hd__o31a_2         1
     sky130_fd_sc_hd__o32a_2         1
     sky130_fd_sc_hd__or2_2          4
     sky130_fd_sc_hd__or2b_2         2
     sky130_fd_sc_hd__or3_2          4
     sky130_fd_sc_hd__or3b_2         2
     sky130_fd_sc_hd__xnor2_2        5
     sky130_fd_sc_hd__xor2_2         2

   Chip area for module '\ALU': 937.148800

