
===========================================================================
report_checks -path_delay max (Setup)
============================================================================
======================= Typical Corner ===================================

Startpoint: opcode[0] (input port clocked by __VIRTUAL_CLK__)
Endpoint: out[7] (output port clocked by __VIRTUAL_CLK__)
Path Group: __VIRTUAL_CLK__
Path Type: max

Fanout     Cap    Slew   Delay    Time   Description
-----------------------------------------------------------------------------
                  0.00    0.00    0.00   clock __VIRTUAL_CLK__ (rise edge)
                          0.00    0.00   clock network delay (ideal)
                          2.00    2.00 ^ input external delay
     8    0.02    0.09    0.06    2.06 ^ opcode[0] (in)
                                         opcode[0] (net)
                  0.09    0.00    2.06 ^ _108_/C_N (sky130_fd_sc_hd__or3b_2)
     1    0.00    0.07    0.46    2.52 v _108_/X (sky130_fd_sc_hd__or3b_2)
                                         _040_ (net)
                  0.07    0.00    2.52 v _109_/A (sky130_fd_sc_hd__buf_1)
     9    0.03    0.15    0.21    2.73 v _109_/X (sky130_fd_sc_hd__buf_1)
                                         _041_ (net)
                  0.15    0.00    2.73 v _111_/C (sky130_fd_sc_hd__and3_2)
     2    0.01    0.05    0.28    3.01 v _111_/X (sky130_fd_sc_hd__and3_2)
                                         _043_ (net)
                  0.05    0.00    3.01 v _113_/C (sky130_fd_sc_hd__or3_2)
     3    0.01    0.10    0.46    3.47 v _113_/X (sky130_fd_sc_hd__or3_2)
                                         _045_ (net)
                  0.10    0.00    3.47 v _122_/A2 (sky130_fd_sc_hd__a21bo_2)
     3    0.01    0.05    0.26    3.73 v _122_/X (sky130_fd_sc_hd__a21bo_2)
                                         _053_ (net)
                  0.05    0.00    3.73 v _158_/A1 (sky130_fd_sc_hd__a31o_2)
     2    0.01    0.05    0.22    3.94 v _158_/X (sky130_fd_sc_hd__a31o_2)
                                         _087_ (net)
                  0.05    0.00    3.94 v _160_/B (sky130_fd_sc_hd__and2_2)
     5    0.01    0.06    0.23    4.17 v _160_/X (sky130_fd_sc_hd__and2_2)
                                         _089_ (net)
                  0.06    0.00    4.17 v _181_/A2 (sky130_fd_sc_hd__o311a_2)
     3    0.01    0.08    0.42    4.59 v _181_/X (sky130_fd_sc_hd__o311a_2)
                                         _012_ (net)
                  0.08    0.00    4.59 v _195_/B (sky130_fd_sc_hd__or3_2)
     1    0.00    0.07    0.47    5.06 v _195_/X (sky130_fd_sc_hd__or3_2)
                                         _025_ (net)
                  0.07    0.00    5.06 v _199_/A3 (sky130_fd_sc_hd__a31o_2)
     1    0.03    0.11    0.35    5.41 v _199_/X (sky130_fd_sc_hd__a31o_2)
                                         out[7] (net)
                  0.11    0.00    5.41 v out[7] (out)
                                  5.41   data arrival time

                  0.00   10.00   10.00   clock __VIRTUAL_CLK__ (rise edge)
                          0.00   10.00   clock network delay (ideal)
                         -0.25    9.75   clock uncertainty
                          0.00    9.75   clock reconvergence pessimism
                         -2.00    7.75   output external delay
                                  7.75   data required time
-----------------------------------------------------------------------------
                                  7.75   data required time
                                 -5.41   data arrival time
-----------------------------------------------------------------------------
                                  2.34   slack (MET)


Startpoint: opcode[0] (input port clocked by __VIRTUAL_CLK__)
Endpoint: out[6] (output port clocked by __VIRTUAL_CLK__)
Path Group: __VIRTUAL_CLK__
Path Type: max

Fanout     Cap    Slew   Delay    Time   Description
-----------------------------------------------------------------------------
                  0.00    0.00    0.00   clock __VIRTUAL_CLK__ (rise edge)
                          0.00    0.00   clock network delay (ideal)
                          2.00    2.00 ^ input external delay
     8    0.02    0.09    0.06    2.06 ^ opcode[0] (in)
                                         opcode[0] (net)
                  0.09    0.00    2.06 ^ _108_/C_N (sky130_fd_sc_hd__or3b_2)
     1    0.00    0.07    0.46    2.52 v _108_/X (sky130_fd_sc_hd__or3b_2)
                                         _040_ (net)
                  0.07    0.00    2.52 v _109_/A (sky130_fd_sc_hd__buf_1)
     9    0.03    0.15    0.21    2.73 v _109_/X (sky130_fd_sc_hd__buf_1)
                                         _041_ (net)
                  0.15    0.00    2.73 v _111_/C (sky130_fd_sc_hd__and3_2)
     2    0.01    0.05    0.28    3.01 v _111_/X (sky130_fd_sc_hd__and3_2)
                                         _043_ (net)
                  0.05    0.00    3.01 v _113_/C (sky130_fd_sc_hd__or3_2)
     3    0.01    0.10    0.46    3.47 v _113_/X (sky130_fd_sc_hd__or3_2)
                                         _045_ (net)
                  0.10    0.00    3.47 v _122_/A2 (sky130_fd_sc_hd__a21bo_2)
     3    0.01    0.05    0.26    3.73 v _122_/X (sky130_fd_sc_hd__a21bo_2)
                                         _053_ (net)
                  0.05    0.00    3.73 v _158_/A1 (sky130_fd_sc_hd__a31o_2)
     2    0.01    0.05    0.22    3.94 v _158_/X (sky130_fd_sc_hd__a31o_2)
                                         _087_ (net)
                  0.05    0.00    3.94 v _160_/B (sky130_fd_sc_hd__and2_2)
     5    0.01    0.06    0.23    4.17 v _160_/X (sky130_fd_sc_hd__and2_2)
                                         _089_ (net)
                  0.06    0.00    4.17 v _179_/A2 (sky130_fd_sc_hd__o31a_2)
     1    0.00    0.05    0.33    4.49 v _179_/X (sky130_fd_sc_hd__o31a_2)
                                         _010_ (net)
                  0.05    0.00    4.49 v _180_/B (sky130_fd_sc_hd__or2_2)
     1    0.00    0.05    0.28    4.77 v _180_/X (sky130_fd_sc_hd__or2_2)
                                         _011_ (net)
                  0.05    0.00    4.77 v _187_/A1 (sky130_fd_sc_hd__a21o_2)
     1    0.03    0.10    0.28    5.05 v _187_/X (sky130_fd_sc_hd__a21o_2)
                                         out[6] (net)
                  0.10    0.00    5.05 v out[6] (out)
                                  5.05   data arrival time

                  0.00   10.00   10.00   clock __VIRTUAL_CLK__ (rise edge)
                          0.00   10.00   clock network delay (ideal)
                         -0.25    9.75   clock uncertainty
                          0.00    9.75   clock reconvergence pessimism
                         -2.00    7.75   output external delay
                                  7.75   data required time
-----------------------------------------------------------------------------
                                  7.75   data required time
                                 -5.05   data arrival time
-----------------------------------------------------------------------------
                                  2.70   slack (MET)


Startpoint: opcode[0] (input port clocked by __VIRTUAL_CLK__)
Endpoint: out[5] (output port clocked by __VIRTUAL_CLK__)
Path Group: __VIRTUAL_CLK__
Path Type: max

Fanout     Cap    Slew   Delay    Time   Description
-----------------------------------------------------------------------------
                  0.00    0.00    0.00   clock __VIRTUAL_CLK__ (rise edge)
                          0.00    0.00   clock network delay (ideal)
                          2.00    2.00 ^ input external delay
     8    0.02    0.09    0.06    2.06 ^ opcode[0] (in)
                                         opcode[0] (net)
                  0.09    0.00    2.06 ^ _108_/C_N (sky130_fd_sc_hd__or3b_2)
     1    0.00    0.07    0.46    2.52 v _108_/X (sky130_fd_sc_hd__or3b_2)
                                         _040_ (net)
                  0.07    0.00    2.52 v _109_/A (sky130_fd_sc_hd__buf_1)
     9    0.03    0.15    0.21    2.73 v _109_/X (sky130_fd_sc_hd__buf_1)
                                         _041_ (net)
                  0.15    0.00    2.73 v _111_/C (sky130_fd_sc_hd__and3_2)
     2    0.01    0.05    0.28    3.01 v _111_/X (sky130_fd_sc_hd__and3_2)
                                         _043_ (net)
                  0.05    0.00    3.01 v _113_/C (sky130_fd_sc_hd__or3_2)
     3    0.01    0.10    0.46    3.47 v _113_/X (sky130_fd_sc_hd__or3_2)
                                         _045_ (net)
                  0.10    0.00    3.47 v _122_/A2 (sky130_fd_sc_hd__a21bo_2)
     3    0.01    0.05    0.26    3.73 v _122_/X (sky130_fd_sc_hd__a21bo_2)
                                         _053_ (net)
                  0.05    0.00    3.73 v _158_/A1 (sky130_fd_sc_hd__a31o_2)
     2    0.01    0.05    0.22    3.94 v _158_/X (sky130_fd_sc_hd__a31o_2)
                                         _087_ (net)
                  0.05    0.00    3.94 v _160_/B (sky130_fd_sc_hd__and2_2)
     5    0.01    0.06    0.23    4.17 v _160_/X (sky130_fd_sc_hd__and2_2)
                                         _089_ (net)
                  0.06    0.00    4.17 v _168_/C1 (sky130_fd_sc_hd__a211o_2)
     1    0.00    0.05    0.27    4.44 v _168_/X (sky130_fd_sc_hd__a211o_2)
                                         _000_ (net)
                  0.05    0.00    4.44 v _174_/A2 (sky130_fd_sc_hd__a31o_2)
     1    0.03    0.11    0.32    4.76 v _174_/X (sky130_fd_sc_hd__a31o_2)
                                         out[5] (net)
                  0.11    0.00    4.76 v out[5] (out)
                                  4.76   data arrival time

                  0.00   10.00   10.00   clock __VIRTUAL_CLK__ (rise edge)
                          0.00   10.00   clock network delay (ideal)
                         -0.25    9.75   clock uncertainty
                          0.00    9.75   clock reconvergence pessimism
                         -2.00    7.75   output external delay
                                  7.75   data required time
-----------------------------------------------------------------------------
                                  7.75   data required time
                                 -4.76   data arrival time
-----------------------------------------------------------------------------
                                  2.99   slack (MET)


Startpoint: opcode[0] (input port clocked by __VIRTUAL_CLK__)
Endpoint: out[4] (output port clocked by __VIRTUAL_CLK__)
Path Group: __VIRTUAL_CLK__
Path Type: max

Fanout     Cap    Slew   Delay    Time   Description
-----------------------------------------------------------------------------
                  0.00    0.00    0.00   clock __VIRTUAL_CLK__ (rise edge)
                          0.00    0.00   clock network delay (ideal)
                          2.00    2.00 ^ input external delay
     8    0.02    0.09    0.06    2.06 ^ opcode[0] (in)
                                         opcode[0] (net)
                  0.09    0.00    2.06 ^ _108_/C_N (sky130_fd_sc_hd__or3b_2)
     1    0.00    0.07    0.46    2.52 v _108_/X (sky130_fd_sc_hd__or3b_2)
                                         _040_ (net)
                  0.07    0.00    2.52 v _109_/A (sky130_fd_sc_hd__buf_1)
     9    0.03    0.15    0.21    2.73 v _109_/X (sky130_fd_sc_hd__buf_1)
                                         _041_ (net)
                  0.15    0.00    2.73 v _111_/C (sky130_fd_sc_hd__and3_2)
     2    0.01    0.05    0.28    3.01 v _111_/X (sky130_fd_sc_hd__and3_2)
                                         _043_ (net)
                  0.05    0.00    3.01 v _113_/C (sky130_fd_sc_hd__or3_2)
     3    0.01    0.10    0.46    3.47 v _113_/X (sky130_fd_sc_hd__or3_2)
                                         _045_ (net)
                  0.10    0.00    3.47 v _122_/A2 (sky130_fd_sc_hd__a21bo_2)
     3    0.01    0.05    0.26    3.73 v _122_/X (sky130_fd_sc_hd__a21bo_2)
                                         _053_ (net)
                  0.05    0.00    3.73 v _158_/A1 (sky130_fd_sc_hd__a31o_2)
     2    0.01    0.05    0.22    3.94 v _158_/X (sky130_fd_sc_hd__a31o_2)
                                         _087_ (net)
                  0.05    0.00    3.94 v _160_/B (sky130_fd_sc_hd__and2_2)
     5    0.01    0.06    0.23    4.17 v _160_/X (sky130_fd_sc_hd__and2_2)
                                         _089_ (net)
                  0.06    0.00    4.17 v _161_/A3 (sky130_fd_sc_hd__o32a_2)
     1    0.00    0.06    0.34    4.51 v _161_/X (sky130_fd_sc_hd__o32a_2)
                                         _090_ (net)
                  0.06    0.00    4.51 v _162_/B (sky130_fd_sc_hd__nand2_2)
     1    0.03    0.19    0.18    4.69 ^ _162_/Y (sky130_fd_sc_hd__nand2_2)
                                         out[4] (net)
                  0.19    0.00    4.69 ^ out[4] (out)
                                  4.69   data arrival time

                  0.00   10.00   10.00   clock __VIRTUAL_CLK__ (rise edge)
                          0.00   10.00   clock network delay (ideal)
                         -0.25    9.75   clock uncertainty
                          0.00    9.75   clock reconvergence pessimism
                         -2.00    7.75   output external delay
                                  7.75   data required time
-----------------------------------------------------------------------------
                                  7.75   data required time
                                 -4.69   data arrival time
-----------------------------------------------------------------------------
                                  3.06   slack (MET)


Startpoint: opcode[0] (input port clocked by __VIRTUAL_CLK__)
Endpoint: out[3] (output port clocked by __VIRTUAL_CLK__)
Path Group: __VIRTUAL_CLK__
Path Type: max

Fanout     Cap    Slew   Delay    Time   Description
-----------------------------------------------------------------------------
                  0.00    0.00    0.00   clock __VIRTUAL_CLK__ (rise edge)
                          0.00    0.00   clock network delay (ideal)
                          2.00    2.00 ^ input external delay
     8    0.02    0.09    0.06    2.06 ^ opcode[0] (in)
                                         opcode[0] (net)
                  0.09    0.00    2.06 ^ _108_/C_N (sky130_fd_sc_hd__or3b_2)
     1    0.00    0.07    0.46    2.52 v _108_/X (sky130_fd_sc_hd__or3b_2)
                                         _040_ (net)
                  0.07    0.00    2.52 v _109_/A (sky130_fd_sc_hd__buf_1)
     9    0.03    0.15    0.21    2.73 v _109_/X (sky130_fd_sc_hd__buf_1)
                                         _041_ (net)
                  0.15    0.00    2.73 v _111_/C (sky130_fd_sc_hd__and3_2)
     2    0.01    0.05    0.28    3.01 v _111_/X (sky130_fd_sc_hd__and3_2)
                                         _043_ (net)
                  0.05    0.00    3.01 v _113_/C (sky130_fd_sc_hd__or3_2)
     3    0.01    0.10    0.46    3.47 v _113_/X (sky130_fd_sc_hd__or3_2)
                                         _045_ (net)
                  0.10    0.00    3.47 v _122_/A2 (sky130_fd_sc_hd__a21bo_2)
     3    0.01    0.05    0.26    3.73 v _122_/X (sky130_fd_sc_hd__a21bo_2)
                                         _053_ (net)
                  0.05    0.00    3.73 v _126_/A (sky130_fd_sc_hd__and2_2)
     2    0.01    0.05    0.19    3.92 v _126_/X (sky130_fd_sc_hd__and2_2)
                                         _057_ (net)
                  0.05    0.00    3.92 v _140_/B1 (sky130_fd_sc_hd__a21oi_2)
     1    0.01    0.14    0.15    4.06 ^ _140_/Y (sky130_fd_sc_hd__a21oi_2)
                                         _070_ (net)
                  0.14    0.00    4.06 ^ _141_/B (sky130_fd_sc_hd__xnor2_2)
     1    0.00    0.04    0.07    4.13 v _141_/Y (sky130_fd_sc_hd__xnor2_2)
                                         _071_ (net)
                  0.04    0.00    4.13 v _146_/A2 (sky130_fd_sc_hd__a211o_2)
     1    0.03    0.12    0.44    4.57 v _146_/X (sky130_fd_sc_hd__a211o_2)
                                         out[3] (net)
                  0.12    0.00    4.57 v out[3] (out)
                                  4.57   data arrival time

                  0.00   10.00   10.00   clock __VIRTUAL_CLK__ (rise edge)
                          0.00   10.00   clock network delay (ideal)
                         -0.25    9.75   clock uncertainty
                          0.00    9.75   clock reconvergence pessimism
                         -2.00    7.75   output external delay
                                  7.75   data required time
-----------------------------------------------------------------------------
                                  7.75   data required time
                                 -4.57   data arrival time
-----------------------------------------------------------------------------
                                  3.18   slack (MET)


Startpoint: opcode[0] (input port clocked by __VIRTUAL_CLK__)
Endpoint: out[2] (output port clocked by __VIRTUAL_CLK__)
Path Group: __VIRTUAL_CLK__
Path Type: max

Fanout     Cap    Slew   Delay    Time   Description
-----------------------------------------------------------------------------
                  0.00    0.00    0.00   clock __VIRTUAL_CLK__ (rise edge)
                          0.00    0.00   clock network delay (ideal)
                          2.00    2.00 ^ input external delay
     8    0.02    0.09    0.06    2.06 ^ opcode[0] (in)
                                         opcode[0] (net)
                  0.09    0.00    2.06 ^ _108_/C_N (sky130_fd_sc_hd__or3b_2)
     1    0.00    0.07    0.46    2.52 v _108_/X (sky130_fd_sc_hd__or3b_2)
                                         _040_ (net)
                  0.07    0.00    2.52 v _109_/A (sky130_fd_sc_hd__buf_1)
     9    0.03    0.15    0.21    2.73 v _109_/X (sky130_fd_sc_hd__buf_1)
                                         _041_ (net)
                  0.15    0.00    2.73 v _111_/C (sky130_fd_sc_hd__and3_2)
     2    0.01    0.05    0.28    3.01 v _111_/X (sky130_fd_sc_hd__and3_2)
                                         _043_ (net)
                  0.05    0.00    3.01 v _113_/C (sky130_fd_sc_hd__or3_2)
     3    0.01    0.10    0.46    3.47 v _113_/X (sky130_fd_sc_hd__or3_2)
                                         _045_ (net)
                  0.10    0.00    3.47 v _122_/A2 (sky130_fd_sc_hd__a21bo_2)
     3    0.01    0.05    0.26    3.73 v _122_/X (sky130_fd_sc_hd__a21bo_2)
                                         _053_ (net)
                  0.05    0.00    3.73 v _126_/A (sky130_fd_sc_hd__and2_2)
     2    0.01    0.05    0.19    3.92 v _126_/X (sky130_fd_sc_hd__and2_2)
                                         _057_ (net)
                  0.05    0.00    3.92 v _133_/A1 (sky130_fd_sc_hd__o21bai_2)
     1    0.03    0.40    0.37    4.29 ^ _133_/Y (sky130_fd_sc_hd__o21bai_2)
                                         out[2] (net)
                  0.40    0.00    4.29 ^ out[2] (out)
                                  4.29   data arrival time

                  0.00   10.00   10.00   clock __VIRTUAL_CLK__ (rise edge)
                          0.00   10.00   clock network delay (ideal)
                         -0.25    9.75   clock uncertainty
                          0.00    9.75   clock reconvergence pessimism
                         -2.00    7.75   output external delay
                                  7.75   data required time
-----------------------------------------------------------------------------
                                  7.75   data required time
                                 -4.29   data arrival time
-----------------------------------------------------------------------------
                                  3.46   slack (MET)


Startpoint: opcode[0] (input port clocked by __VIRTUAL_CLK__)
Endpoint: out[1] (output port clocked by __VIRTUAL_CLK__)
Path Group: __VIRTUAL_CLK__
Path Type: max

Fanout     Cap    Slew   Delay    Time   Description
-----------------------------------------------------------------------------
                  0.00    0.00    0.00   clock __VIRTUAL_CLK__ (rise edge)
                          0.00    0.00   clock network delay (ideal)
                          2.00    2.00 ^ input external delay
     8    0.02    0.09    0.06    2.06 ^ opcode[0] (in)
                                         opcode[0] (net)
                  0.09    0.00    2.06 ^ _108_/C_N (sky130_fd_sc_hd__or3b_2)
     1    0.00    0.07    0.46    2.52 v _108_/X (sky130_fd_sc_hd__or3b_2)
                                         _040_ (net)
                  0.07    0.00    2.52 v _109_/A (sky130_fd_sc_hd__buf_1)
     9    0.03    0.15    0.21    2.73 v _109_/X (sky130_fd_sc_hd__buf_1)
                                         _041_ (net)
                  0.15    0.00    2.73 v _111_/C (sky130_fd_sc_hd__and3_2)
     2    0.01    0.05    0.28    3.01 v _111_/X (sky130_fd_sc_hd__and3_2)
                                         _043_ (net)
                  0.05    0.00    3.01 v _113_/C (sky130_fd_sc_hd__or3_2)
     3    0.01    0.10    0.46    3.47 v _113_/X (sky130_fd_sc_hd__or3_2)
                                         _045_ (net)
                  0.10    0.00    3.47 v _115_/A3 (sky130_fd_sc_hd__a31o_2)
     1    0.00    0.04    0.28    3.75 v _115_/X (sky130_fd_sc_hd__a31o_2)
                                         _047_ (net)
                  0.04    0.00    3.75 v _121_/A2 (sky130_fd_sc_hd__o21bai_2)
     1    0.03    0.40    0.34    4.09 ^ _121_/Y (sky130_fd_sc_hd__o21bai_2)
                                         out[1] (net)
                  0.40    0.00    4.09 ^ out[1] (out)
                                  4.09   data arrival time

                  0.00   10.00   10.00   clock __VIRTUAL_CLK__ (rise edge)
                          0.00   10.00   clock network delay (ideal)
                         -0.25    9.75   clock uncertainty
                          0.00    9.75   clock reconvergence pessimism
                         -2.00    7.75   output external delay
                                  7.75   data required time
-----------------------------------------------------------------------------
                                  7.75   data required time
                                 -4.09   data arrival time
-----------------------------------------------------------------------------
                                  3.66   slack (MET)


Startpoint: opcode[2] (input port clocked by __VIRTUAL_CLK__)
Endpoint: out[0] (output port clocked by __VIRTUAL_CLK__)
Path Group: __VIRTUAL_CLK__
Path Type: max

Fanout     Cap    Slew   Delay    Time   Description
-----------------------------------------------------------------------------
                  0.00    0.00    0.00   clock __VIRTUAL_CLK__ (rise edge)
                          0.00    0.00   clock network delay (ideal)
                          2.00    2.00 ^ input external delay
     6    0.02    0.09    0.06    2.06 ^ opcode[2] (in)
                                         opcode[2] (net)
                  0.09    0.00    2.06 ^ _099_/C_N (sky130_fd_sc_hd__or3b_2)
     1    0.00    0.07    0.46    2.52 v _099_/X (sky130_fd_sc_hd__or3b_2)
                                         _032_ (net)
                  0.07    0.00    2.52 v _100_/A (sky130_fd_sc_hd__buf_1)
     8    0.03    0.18    0.23    2.75 v _100_/X (sky130_fd_sc_hd__buf_1)
                                         _033_ (net)
                  0.18    0.00    2.75 v _106_/A2 (sky130_fd_sc_hd__o21ai_2)
     1    0.00    0.09    0.16    2.91 ^ _106_/Y (sky130_fd_sc_hd__o21ai_2)
                                         _039_ (net)
                  0.09    0.00    2.91 ^ _107_/B1 (sky130_fd_sc_hd__a31o_2)
     1    0.03    0.20    0.24    3.15 ^ _107_/X (sky130_fd_sc_hd__a31o_2)
                                         out[0] (net)
                  0.20    0.00    3.15 ^ out[0] (out)
                                  3.15   data arrival time

                  0.00   10.00   10.00   clock __VIRTUAL_CLK__ (rise edge)
                          0.00   10.00   clock network delay (ideal)
                         -0.25    9.75   clock uncertainty
                          0.00    9.75   clock reconvergence pessimism
                         -2.00    7.75   output external delay
                                  7.75   data required time
-----------------------------------------------------------------------------
                                  7.75   data required time
                                 -3.15   data arrival time
-----------------------------------------------------------------------------
                                  4.60   slack (MET)



worst slack corner Typical: 2.3438
