
===========================================================================
report_checks -path_delay min (Hold)
============================================================================
======================= Typical Corner ===================================

Startpoint: opcode[1] (input port clocked by __VIRTUAL_CLK__)
Endpoint: out[2] (output port clocked by __VIRTUAL_CLK__)
Path Group: __VIRTUAL_CLK__
Path Type: min

Fanout     Cap    Slew   Delay    Time   Description
-----------------------------------------------------------------------------
                  0.00    0.00    0.00   clock __VIRTUAL_CLK__ (rise edge)
                          0.00    0.00   clock network delay (ideal)
                          2.00    2.00 ^ input external delay
     6    0.01    0.06    0.04    2.04 ^ opcode[1] (in)
                                         opcode[1] (net)
                  0.06    0.00    2.04 ^ _127_/B (sky130_fd_sc_hd__nor2_2)
     4    0.01    0.03    0.05    2.09 v _127_/Y (sky130_fd_sc_hd__nor2_2)
                                         _058_ (net)
                  0.03    0.00    2.09 v _128_/B1 (sky130_fd_sc_hd__o21ai_2)
     1    0.00    0.05    0.05    2.14 ^ _128_/Y (sky130_fd_sc_hd__o21ai_2)
                                         _059_ (net)
                  0.05    0.00    2.14 ^ _133_/A2 (sky130_fd_sc_hd__o21bai_2)
     1    0.03    0.14    0.13    2.27 v _133_/Y (sky130_fd_sc_hd__o21bai_2)
                                         out[2] (net)
                  0.14    0.00    2.27 v out[2] (out)
                                  2.27   data arrival time

                  0.00    0.00    0.00   clock __VIRTUAL_CLK__ (rise edge)
                          0.00    0.00   clock network delay (ideal)
                          0.25    0.25   clock uncertainty
                          0.00    0.25   clock reconvergence pessimism
                         -2.00   -1.75   output external delay
                                 -1.75   data required time
-----------------------------------------------------------------------------
                                 -1.75   data required time
                                 -2.27   data arrival time
-----------------------------------------------------------------------------
                                  4.02   slack (MET)


Startpoint: A[4] (input port clocked by __VIRTUAL_CLK__)
Endpoint: out[4] (output port clocked by __VIRTUAL_CLK__)
Path Group: __VIRTUAL_CLK__
Path Type: min

Fanout     Cap    Slew   Delay    Time   Description
-----------------------------------------------------------------------------
                  0.00    0.00    0.00   clock __VIRTUAL_CLK__ (rise edge)
                          0.00    0.00   clock network delay (ideal)
                          2.00    2.00 ^ input external delay
     6    0.02    0.08    0.05    2.05 ^ A[4] (in)
                                         A[4] (net)
                  0.08    0.00    2.05 ^ _161_/B2 (sky130_fd_sc_hd__o32a_2)
     1    0.00    0.04    0.13    2.18 ^ _161_/X (sky130_fd_sc_hd__o32a_2)
                                         _090_ (net)
                  0.04    0.00    2.18 ^ _162_/B (sky130_fd_sc_hd__nand2_2)
     1    0.03    0.14    0.12    2.30 v _162_/Y (sky130_fd_sc_hd__nand2_2)
                                         out[4] (net)
                  0.14    0.00    2.30 v out[4] (out)
                                  2.30   data arrival time

                  0.00    0.00    0.00   clock __VIRTUAL_CLK__ (rise edge)
                          0.00    0.00   clock network delay (ideal)
                          0.25    0.25   clock uncertainty
                          0.00    0.25   clock reconvergence pessimism
                         -2.00   -1.75   output external delay
                                 -1.75   data required time
-----------------------------------------------------------------------------
                                 -1.75   data required time
                                 -2.30   data arrival time
-----------------------------------------------------------------------------
                                  4.05   slack (MET)


Startpoint: A[0] (input port clocked by __VIRTUAL_CLK__)
Endpoint: out[0] (output port clocked by __VIRTUAL_CLK__)
Path Group: __VIRTUAL_CLK__
Path Type: min

Fanout     Cap    Slew   Delay    Time   Description
-----------------------------------------------------------------------------
                  0.00    0.00    0.00   clock __VIRTUAL_CLK__ (rise edge)
                          0.00    0.00   clock network delay (ideal)
                          2.00    2.00 v input external delay
     5    0.01    0.03    0.02    2.02 v A[0] (in)
                                         A[0] (net)
                  0.03    0.00    2.02 v _106_/A1 (sky130_fd_sc_hd__o21ai_2)
     1    0.00    0.04    0.10    2.12 ^ _106_/Y (sky130_fd_sc_hd__o21ai_2)
                                         _039_ (net)
                  0.04    0.00    2.12 ^ _107_/B1 (sky130_fd_sc_hd__a31o_2)
     1    0.03    0.19    0.20    2.32 ^ _107_/X (sky130_fd_sc_hd__a31o_2)
                                         out[0] (net)
                  0.19    0.00    2.32 ^ out[0] (out)
                                  2.32   data arrival time

                  0.00    0.00    0.00   clock __VIRTUAL_CLK__ (rise edge)
                          0.00    0.00   clock network delay (ideal)
                          0.25    0.25   clock uncertainty
                          0.00    0.25   clock reconvergence pessimism
                         -2.00   -1.75   output external delay
                                 -1.75   data required time
-----------------------------------------------------------------------------
                                 -1.75   data required time
                                 -2.32   data arrival time
-----------------------------------------------------------------------------
                                  4.07   slack (MET)


Startpoint: B[3] (input port clocked by __VIRTUAL_CLK__)
Endpoint: out[3] (output port clocked by __VIRTUAL_CLK__)
Path Group: __VIRTUAL_CLK__
Path Type: min

Fanout     Cap    Slew   Delay    Time   Description
-----------------------------------------------------------------------------
                  0.00    0.00    0.00   clock __VIRTUAL_CLK__ (rise edge)
                          0.00    0.00   clock network delay (ideal)
                          2.00    2.00 ^ input external delay
     6    0.02    0.08    0.05    2.05 ^ B[3] (in)
                                         B[3] (net)
                  0.08    0.00    2.05 ^ _145_/A2 (sky130_fd_sc_hd__o22a_2)
     1    0.00    0.03    0.12    2.17 ^ _145_/X (sky130_fd_sc_hd__o22a_2)
                                         _075_ (net)
                  0.03    0.00    2.17 ^ _146_/C1 (sky130_fd_sc_hd__a211o_2)
     1    0.03    0.16    0.17    2.34 ^ _146_/X (sky130_fd_sc_hd__a211o_2)
                                         out[3] (net)
                  0.16    0.00    2.34 ^ out[3] (out)
                                  2.34   data arrival time

                  0.00    0.00    0.00   clock __VIRTUAL_CLK__ (rise edge)
                          0.00    0.00   clock network delay (ideal)
                          0.25    0.25   clock uncertainty
                          0.00    0.25   clock reconvergence pessimism
                         -2.00   -1.75   output external delay
                                 -1.75   data required time
-----------------------------------------------------------------------------
                                 -1.75   data required time
                                 -2.34   data arrival time
-----------------------------------------------------------------------------
                                  4.09   slack (MET)


Startpoint: opcode[1] (input port clocked by __VIRTUAL_CLK__)
Endpoint: out[5] (output port clocked by __VIRTUAL_CLK__)
Path Group: __VIRTUAL_CLK__
Path Type: min

Fanout     Cap    Slew   Delay    Time   Description
-----------------------------------------------------------------------------
                  0.00    0.00    0.00   clock __VIRTUAL_CLK__ (rise edge)
                          0.00    0.00   clock network delay (ideal)
                          2.00    2.00 ^ input external delay
     6    0.01    0.06    0.04    2.04 ^ opcode[1] (in)
                                         opcode[1] (net)
                  0.06    0.00    2.04 ^ _127_/B (sky130_fd_sc_hd__nor2_2)
     4    0.01    0.03    0.05    2.09 v _127_/Y (sky130_fd_sc_hd__nor2_2)
                                         _058_ (net)
                  0.03    0.00    2.09 v _174_/A1 (sky130_fd_sc_hd__a31o_2)
     1    0.03    0.10    0.26    2.34 v _174_/X (sky130_fd_sc_hd__a31o_2)
                                         out[5] (net)
                  0.10    0.00    2.34 v out[5] (out)
                                  2.34   data arrival time

                  0.00    0.00    0.00   clock __VIRTUAL_CLK__ (rise edge)
                          0.00    0.00   clock network delay (ideal)
                          0.25    0.25   clock uncertainty
                          0.00    0.25   clock reconvergence pessimism
                         -2.00   -1.75   output external delay
                                 -1.75   data required time
-----------------------------------------------------------------------------
                                 -1.75   data required time
                                 -2.34   data arrival time
-----------------------------------------------------------------------------
                                  4.09   slack (MET)


Startpoint: opcode[1] (input port clocked by __VIRTUAL_CLK__)
Endpoint: out[7] (output port clocked by __VIRTUAL_CLK__)
Path Group: __VIRTUAL_CLK__
Path Type: min

Fanout     Cap    Slew   Delay    Time   Description
-----------------------------------------------------------------------------
                  0.00    0.00    0.00   clock __VIRTUAL_CLK__ (rise edge)
                          0.00    0.00   clock network delay (ideal)
                          2.00    2.00 ^ input external delay
     6    0.01    0.06    0.04    2.04 ^ opcode[1] (in)
                                         opcode[1] (net)
                  0.06    0.00    2.04 ^ _127_/B (sky130_fd_sc_hd__nor2_2)
     4    0.01    0.03    0.05    2.09 v _127_/Y (sky130_fd_sc_hd__nor2_2)
                                         _058_ (net)
                  0.03    0.00    2.09 v _199_/A1 (sky130_fd_sc_hd__a31o_2)
     1    0.03    0.10    0.26    2.34 v _199_/X (sky130_fd_sc_hd__a31o_2)
                                         out[7] (net)
                  0.10    0.00    2.34 v out[7] (out)
                                  2.34   data arrival time

                  0.00    0.00    0.00   clock __VIRTUAL_CLK__ (rise edge)
                          0.00    0.00   clock network delay (ideal)
                          0.25    0.25   clock uncertainty
                          0.00    0.25   clock reconvergence pessimism
                         -2.00   -1.75   output external delay
                                 -1.75   data required time
-----------------------------------------------------------------------------
                                 -1.75   data required time
                                 -2.34   data arrival time
-----------------------------------------------------------------------------
                                  4.09   slack (MET)


Startpoint: A[1] (input port clocked by __VIRTUAL_CLK__)
Endpoint: out[1] (output port clocked by __VIRTUAL_CLK__)
Path Group: __VIRTUAL_CLK__
Path Type: min

Fanout     Cap    Slew   Delay    Time   Description
-----------------------------------------------------------------------------
                  0.00    0.00    0.00   clock __VIRTUAL_CLK__ (rise edge)
                          0.00    0.00   clock network delay (ideal)
                          2.00    2.00 v input external delay
     6    0.02    0.04    0.03    2.03 v A[1] (in)
                                         A[1] (net)
                  0.04    0.00    2.03 v _112_/B1 (sky130_fd_sc_hd__o21ai_2)
     3    0.01    0.07    0.07    2.09 ^ _112_/Y (sky130_fd_sc_hd__o21ai_2)
                                         _044_ (net)
                  0.07    0.00    2.09 ^ _115_/A2 (sky130_fd_sc_hd__a31o_2)
     1    0.00    0.04    0.15    2.24 ^ _115_/X (sky130_fd_sc_hd__a31o_2)
                                         _047_ (net)
                  0.04    0.00    2.24 ^ _121_/A2 (sky130_fd_sc_hd__o21bai_2)
     1    0.03    0.14    0.13    2.37 v _121_/Y (sky130_fd_sc_hd__o21bai_2)
                                         out[1] (net)
                  0.14    0.00    2.37 v out[1] (out)
                                  2.37   data arrival time

                  0.00    0.00    0.00   clock __VIRTUAL_CLK__ (rise edge)
                          0.00    0.00   clock network delay (ideal)
                          0.25    0.25   clock uncertainty
                          0.00    0.25   clock reconvergence pessimism
                         -2.00   -1.75   output external delay
                                 -1.75   data required time
-----------------------------------------------------------------------------
                                 -1.75   data required time
                                 -2.37   data arrival time
-----------------------------------------------------------------------------
                                  4.12   slack (MET)


Startpoint: A[6] (input port clocked by __VIRTUAL_CLK__)
Endpoint: out[6] (output port clocked by __VIRTUAL_CLK__)
Path Group: __VIRTUAL_CLK__
Path Type: min

Fanout     Cap    Slew   Delay    Time   Description
-----------------------------------------------------------------------------
                  0.00    0.00    0.00   clock __VIRTUAL_CLK__ (rise edge)
                          0.00    0.00   clock network delay (ideal)
                          2.00    2.00 v input external delay
     6    0.02    0.05    0.03    2.03 v A[6] (in)
                                         A[6] (net)
                  0.05    0.00    2.03 v _185_/A (sky130_fd_sc_hd__nor2_2)
     1    0.00    0.06    0.09    2.12 ^ _185_/Y (sky130_fd_sc_hd__nor2_2)
                                         _016_ (net)
                  0.06    0.00    2.12 ^ _186_/C1 (sky130_fd_sc_hd__a311o_2)
     1    0.00    0.03    0.09    2.21 ^ _186_/X (sky130_fd_sc_hd__a311o_2)
                                         _017_ (net)
                  0.03    0.00    2.21 ^ _187_/B1 (sky130_fd_sc_hd__a21o_2)
     1    0.03    0.17    0.17    2.38 ^ _187_/X (sky130_fd_sc_hd__a21o_2)
                                         out[6] (net)
                  0.17    0.00    2.38 ^ out[6] (out)
                                  2.38   data arrival time

                  0.00    0.00    0.00   clock __VIRTUAL_CLK__ (rise edge)
                          0.00    0.00   clock network delay (ideal)
                          0.25    0.25   clock uncertainty
                          0.00    0.25   clock reconvergence pessimism
                         -2.00   -1.75   output external delay
                                 -1.75   data required time
-----------------------------------------------------------------------------
                                 -1.75   data required time
                                 -2.38   data arrival time
-----------------------------------------------------------------------------
                                  4.13   slack (MET)



worst slack corner Typical: 4.0204
