
===========================================================================
 report_power
============================================================================
======================= Fastest Corner ===================================

Group                  Internal  Switching    Leakage      Total
                          Power      Power      Power      Power (Watts)
----------------------------------------------------------------
Sequential             6.01e-03   8.26e-04   1.49e-08   6.83e-03  37.6%
Combinational          4.46e-03   2.83e-03   5.19e-08   7.29e-03  40.2%
Clock                  1.88e-03   2.16e-03   1.60e-08   4.04e-03  22.2%
Macro                  0.00e+00   0.00e+00   0.00e+00   0.00e+00   0.0%
Pad                    0.00e+00   0.00e+00   0.00e+00   0.00e+00   0.0%
----------------------------------------------------------------
Total                  1.23e-02   5.82e-03   8.28e-08   1.82e-02 100.0%
                          68.0%      32.0%       0.0%

======================= Slowest Corner ===================================

Group                  Internal  Switching    Leakage      Total
                          Power      Power      Power      Power (Watts)
----------------------------------------------------------------
Sequential             4.07e-03   5.24e-04   1.48e-05   4.61e-03  37.4%
Combinational          3.10e-03   1.85e-03   3.80e-05   4.99e-03  40.4%
Clock                  1.35e-03   1.39e-03   2.14e-06   2.75e-03  22.2%
Macro                  0.00e+00   0.00e+00   0.00e+00   0.00e+00   0.0%
Pad                    0.00e+00   0.00e+00   0.00e+00   0.00e+00   0.0%
----------------------------------------------------------------
Total                  8.53e-03   3.77e-03   5.50e-05   1.23e-02 100.0%
                          69.1%      30.5%       0.4%

======================= Typical Corner ===================================

Group                  Internal  Switching    Leakage      Total
                          Power      Power      Power      Power (Watts)
----------------------------------------------------------------
Sequential             5.20e-03   6.83e-04   8.57e-09   5.89e-03  37.6%
Combinational          3.93e-03   2.37e-03   2.61e-08   6.30e-03  40.3%
Clock                  1.64e-03   1.82e-03   1.08e-08   3.46e-03  22.1%
Macro                  0.00e+00   0.00e+00   0.00e+00   0.00e+00   0.0%
Pad                    0.00e+00   0.00e+00   0.00e+00   0.00e+00   0.0%
----------------------------------------------------------------
Total                  1.08e-02   4.87e-03   4.55e-08   1.56e-02 100.0%
                          68.9%      31.1%       0.0%

