Instance,Terminal,Layer,X location,Y location,Voltage
FILLER_0_9_69,VPWR,li1,38.1800,35.3600,1.799996
FILLER_0_9_57,VPWR,li1,34.5000,35.3600,1.799997
FILLER_0_9_48,VPWR,li1,29.4400,35.3600,1.799997
FILLER_0_9_36,VPWR,li1,24.8400,35.3600,1.799997
FILLER_0_9_25,VPWR,li1,17.7100,35.3600,1.799997
FILLER_0_9_13,VPWR,li1,14.2600,35.3600,1.799997
FILLER_0_8_69,VPWR,li1,39.1000,35.3600,1.799995
FILLER_0_8_65,VPWR,li1,35.6500,35.3600,1.799997
FILLER_0_8_59,VPWR,li1,34.0400,35.3600,1.799997
FILLER_0_8_53,VPWR,li1,30.1300,35.3600,1.799997
FILLER_0_8_41,VPWR,li1,27.1400,35.3600,1.799997
FILLER_0_8_29,VPWR,li1,21.6200,35.3600,1.799997
FILLER_0_8_25,VPWR,li1,17.7100,35.3600,1.799997
FILLER_0_8_13,VPWR,li1,14.2600,35.3600,1.799997
FILLER_0_7_80,VPWR,li1,42.5500,29.9200,1.799997
FILLER_0_7_76,VPWR,li1,41.4000,29.9200,1.799997
FILLER_0_7_64,VPWR,li1,37.7200,29.9200,1.799998
FILLER_0_7_57,VPWR,li1,31.9700,29.9200,1.799998
FILLER_0_7_50,VPWR,li1,29.9000,29.9200,1.799998
FILLER_0_7_38,VPWR,li1,25.7600,29.9200,1.799998
FILLER_0_7_26,VPWR,li1,20.2400,29.9200,1.799998
FILLER_0_7_14,VPWR,li1,14.7200,29.9200,1.799999
FILLER_0_7_3,VPWR,li1,8.2800,29.9200,1.799999
FILLER_0_6_74,VPWR,li1,40.2500,29.9200,1.799997
FILLER_0_6_64,VPWR,li1,35.6500,29.9200,1.799998
FILLER_0_6_52,VPWR,li1,32.2000,29.9200,1.799998
FILLER_0_6_41,VPWR,li1,25.3000,29.9200,1.799998
FILLER_0_6_29,VPWR,li1,21.6200,29.9200,1.799998
FILLER_0_6_27,VPWR,li1,18.1700,29.9200,1.799998
FILLER_0_6_15,VPWR,li1,15.1800,29.9200,1.799999
FILLER_0_6_6,VPWR,li1,9.6600,29.9200,1.799999
FILLER_0_5_73,VPWR,li1,40.9400,24.4800,1.799998
FILLER_0_5_61,VPWR,li1,36.3400,24.4800,1.799998
FILLER_0_5_57,VPWR,li1,31.9700,24.4800,1.799998
FILLER_0_5_44,VPWR,li1,28.5200,24.4800,1.799998
FILLER_0_5_32,VPWR,li1,23.0000,24.4800,1.799999
FILLER_0_5_20,VPWR,li1,17.4800,24.4800,1.799999
FILLER_0_5_11,VPWR,li1,11.2700,24.4800,1.799999
FILLER_0_5_3,VPWR,li1,8.7400,24.4800,1.799999
FILLER_0_4_76,VPWR,li1,40.7100,24.4800,1.799998
FILLER_0_4_72,VPWR,li1,39.5600,24.4800,1.799998
FILLER_0_4_60,VPWR,li1,35.8800,24.4800,1.799998
FILLER_0_4_48,VPWR,li1,30.3600,24.4800,1.799998
FILLER_0_4_36,VPWR,li1,24.8400,24.4800,1.799999
FILLER_0_4_26,VPWR,li1,17.9400,24.4800,1.799999
FILLER_0_4_18,VPWR,li1,15.6400,24.4800,1.799999
FILLER_0_4_6,VPWR,li1,11.0400,24.4800,1.799999
FILLER_0_3_69,VPWR,li1,40.0200,19.0400,1.799998
FILLER_0_3_57,VPWR,li1,34.5000,19.0400,1.799999
FILLER_0_3_55,VPWR,li1,31.0500,19.0400,1.799999
FILLER_0_3_51,VPWR,li1,29.9000,19.0400,1.799999
FILLER_0_3_39,VPWR,li1,26.2200,19.0400,1.799999
FILLER_0_3_27,VPWR,li1,20.7000,19.0400,1.799999
FILLER_0_3_15,VPWR,li1,15.1800,19.0400,1.799999
FILLER_0_3_7,VPWR,li1,8.9700,19.0400,1.799999
FILLER_0_3_3,VPWR,li1,7.8200,19.0400,1.799999
FILLER_0_2_76,VPWR,li1,40.7100,19.0400,1.799998
FILLER_0_2_72,VPWR,li1,39.5600,19.0400,1.799998
FILLER_0_2_60,VPWR,li1,35.8800,19.0400,1.799999
FILLER_0_2_49,VPWR,li1,28.2900,19.0400,1.799999
FILLER_0_2_41,VPWR,li1,26.2200,19.0400,1.799999
FILLER_0_2_29,VPWR,li1,21.6200,19.0400,1.799999
FILLER_0_2_26,VPWR,li1,17.9400,19.0400,1.799999
FILLER_0_2_18,VPWR,li1,15.6400,19.0400,1.799999
FILLER_0_2_6,VPWR,li1,11.0400,19.0400,1.799999
FILLER_0_1_69,VPWR,li1,40.0200,13.6000,1.799998
FILLER_0_1_57,VPWR,li1,34.5000,13.6000,1.799998
FILLER_0_1_55,VPWR,li1,31.0500,13.6000,1.799998
FILLER_0_1_43,VPWR,li1,28.0600,13.6000,1.799998
FILLER_0_1_37,VPWR,li1,23.2300,13.6000,1.799998
FILLER_0_1_29,VPWR,li1,20.7000,13.6000,1.799999
FILLER_0_1_17,VPWR,li1,16.1000,13.6000,1.799999
FILLER_0_1_11,VPWR,li1,10.8100,13.6000,1.799999
FILLER_0_1_3,VPWR,li1,8.7400,13.6000,1.799999
FILLER_0_0_69,VPWR,li1,38.1800,13.6000,1.799998
FILLER_0_0_57,VPWR,li1,34.5000,13.6000,1.799998
FILLER_0_0_53,VPWR,li1,30.5900,13.6000,1.799998
FILLER_0_0_41,VPWR,li1,27.1400,13.6000,1.799998
FILLER_0_0_29,VPWR,li1,21.6200,13.6000,1.799999
FILLER_0_0_27,VPWR,li1,18.1700,13.6000,1.799999
FILLER_0_0_21,VPWR,li1,16.5600,13.6000,1.799999
FILLER_0_0_9,VPWR,li1,12.4200,13.6000,1.799999
output16,VPWR,li1,40.0200,13.6000,1.799998
output15,VPWR,li1,41.8600,13.6000,1.799997
output14,VPWR,li1,41.8600,19.0400,1.799998
output13,VPWR,li1,41.8600,24.4800,1.799998
output12,VPWR,li1,41.8600,29.9200,1.799997
output11,VPWR,li1,41.8600,35.3600,1.799995
output10,VPWR,li1,41.8600,35.3600,1.799995
output9,VPWR,li1,40.0200,35.3600,1.799995
input8,VPWR,li1,8.9700,13.6000,1.799999
input7,VPWR,li1,7.5900,13.6000,1.799999
input6,VPWR,li1,7.5900,19.0400,1.799999
input5,VPWR,li1,7.5900,24.4800,1.799999
input4,VPWR,li1,7.5900,29.9200,1.799999
input3,VPWR,li1,9.4300,35.3600,1.799997
input2,VPWR,li1,9.2000,35.3600,1.799997
input1,VPWR,li1,7.8200,35.3600,1.799997
TAP_TAPCELL_ROW_9_31,VPWR,li1,31.5100,35.6660,1.799997
TAP_TAPCELL_ROW_9_30,VPWR,li1,18.6300,35.6660,1.799997
TAP_TAPCELL_ROW_8_29,VPWR,li1,18.6300,35.0530,1.799997
TAP_TAPCELL_ROW_7_28,VPWR,li1,31.5100,30.2260,1.799998
TAP_TAPCELL_ROW_6_27,VPWR,li1,18.6300,29.6130,1.799998
TAP_TAPCELL_ROW_5_26,VPWR,li1,31.5100,24.7860,1.799998
TAP_TAPCELL_ROW_4_25,VPWR,li1,18.6300,24.1730,1.799999
TAP_TAPCELL_ROW_3_24,VPWR,li1,31.5100,19.3460,1.799999
TAP_TAPCELL_ROW_2_23,VPWR,li1,18.6300,18.7330,1.799999
TAP_TAPCELL_ROW_1_22,VPWR,li1,31.5100,13.9060,1.799998
TAP_TAPCELL_ROW_0_21,VPWR,li1,31.5100,13.2930,1.799998
TAP_TAPCELL_ROW_0_20,VPWR,li1,18.6300,13.2930,1.799999
PHY_EDGE_ROW_9_Left_19,VPWR,li1,6.2100,35.3600,1.799997
PHY_EDGE_ROW_8_Left_18,VPWR,li1,6.2100,35.3600,1.799997
PHY_EDGE_ROW_7_Left_17,VPWR,li1,6.2100,29.9200,1.799999
PHY_EDGE_ROW_6_Left_16,VPWR,li1,6.2100,29.9200,1.799999
PHY_EDGE_ROW_5_Left_15,VPWR,li1,6.2100,24.4800,1.799999
PHY_EDGE_ROW_4_Left_14,VPWR,li1,6.2100,24.4800,1.799999
PHY_EDGE_ROW_3_Left_13,VPWR,li1,6.2100,19.0400,1.799999
PHY_EDGE_ROW_2_Left_12,VPWR,li1,6.2100,19.0400,1.799999
PHY_EDGE_ROW_1_Left_11,VPWR,li1,6.2100,13.6000,1.799999
PHY_EDGE_ROW_0_Left_10,VPWR,li1,6.2100,13.6000,1.799999
PHY_EDGE_ROW_9_Right_9,VPWR,li1,43.4700,35.3600,1.799995
PHY_EDGE_ROW_8_Right_8,VPWR,li1,43.4700,35.3600,1.799995
PHY_EDGE_ROW_7_Right_7,VPWR,li1,43.4700,29.9200,1.799997
PHY_EDGE_ROW_6_Right_6,VPWR,li1,43.4700,29.9200,1.799997
PHY_EDGE_ROW_5_Right_5,VPWR,li1,43.4700,24.4800,1.799998
PHY_EDGE_ROW_4_Right_4,VPWR,li1,43.4700,24.4800,1.799998
PHY_EDGE_ROW_3_Right_3,VPWR,li1,43.4700,19.0400,1.799998
PHY_EDGE_ROW_2_Right_2,VPWR,li1,43.4700,19.0400,1.799998
PHY_EDGE_ROW_1_Right_1,VPWR,li1,43.4700,13.6000,1.799997
PHY_EDGE_ROW_0_Right_0,VPWR,li1,43.4700,13.6000,1.799997
_25_,VPWR,li1,24.6100,13.6000,1.799998
_24_,VPWR,li1,33.5800,29.9200,1.799998
_23_,VPWR,li1,32.8900,24.4800,1.799998
_22_,VPWR,li1,31.5100,35.3600,1.799997
_21_,VPWR,li1,32.2000,19.0400,1.799999
_20_,VPWR,li1,12.1900,13.6000,1.799999
_19_,VPWR,li1,37.9500,29.9200,1.799998
_18_,VPWR,li1,20.4700,35.3600,1.799997
_17_,VPWR,li1,10.8100,35.3600,1.799997
_16_,VPWR,li1,29.9000,19.0400,1.799999
_15_,VPWR,li1,13.3400,24.4800,1.799999
_14_,VPWR,li1,10.8100,19.0400,1.799999
_13_,VPWR,li1,27.8300,29.9200,1.799998
_12_,VPWR,li1,36.5700,35.3600,1.799996
_11_,VPWR,li1,10.8100,29.9200,1.799999
_10_,VPWR,li1,11.7300,29.9200,1.799999
_09_,VPWR,li1,20.4700,24.4800,1.799999
