Instance,Terminal,Layer,X location,Y location,Voltage
FILLER_0_13_93,VGND,li1,48.7600,48.9600,0.000012
FILLER_0_13_85,VGND,li1,46.4600,48.9600,0.000011
FILLER_0_13_61,VGND,li1,34.9600,48.9600,0.000007
FILLER_0_13_53,VGND,li1,30.5900,48.9600,0.000006
FILLER_0_13_41,VGND,li1,27.1400,48.9600,0.000006
FILLER_0_13_29,VGND,li1,21.6200,48.9600,0.000006
FILLER_0_13_22,VGND,li1,17.0200,48.9600,0.000005
FILLER_0_12_99,VGND,li1,51.9800,43.5200,0.000014
FILLER_0_12_76,VGND,li1,42.3200,43.5200,0.000011
FILLER_0_12_55,VGND,li1,33.5800,43.5200,0.000010
FILLER_0_12_37,VGND,li1,22.7700,43.5200,0.000011
FILLER_0_12_29,VGND,li1,20.7000,43.5200,0.000011
FILLER_0_12_20,VGND,li1,16.5600,43.5200,0.000010
FILLER_0_11_98,VGND,li1,50.8300,43.5200,0.000014
FILLER_0_11_92,VGND,li1,49.2200,43.5200,0.000014
FILLER_0_11_81,VGND,li1,43.7000,43.5200,0.000011
FILLER_0_11_65,VGND,li1,36.1100,43.5200,0.000010
FILLER_0_11_57,VGND,li1,33.5800,43.5200,0.000010
FILLER_0_11_40,VGND,li1,24.3800,43.5200,0.000011
FILLER_0_10_100,VGND,li1,52.2100,38.0800,0.000018
FILLER_0_10_94,VGND,li1,49.4500,38.0800,0.000017
FILLER_0_10_85,VGND,li1,45.0800,38.0800,0.000015
FILLER_0_10_80,VGND,li1,43.2400,38.0800,0.000014
FILLER_0_10_72,VGND,li1,38.8700,38.0800,0.000010
FILLER_0_10_64,VGND,li1,35.1900,38.0800,0.000011
FILLER_0_10_58,VGND,li1,33.5800,38.0800,0.000011
FILLER_0_10_46,VGND,li1,29.4400,38.0800,0.000010
FILLER_0_10_39,VGND,li1,24.1500,38.0800,0.000010
FILLER_0_10_35,VGND,li1,21.8500,38.0800,0.000009
FILLER_0_10_29,VGND,li1,20.2400,38.0800,0.000009
FILLER_0_10_27,VGND,li1,18.1700,38.0800,0.000008
FILLER_0_10_23,VGND,li1,17.0200,38.0800,0.000008
FILLER_0_10_11,VGND,li1,13.3400,38.0800,0.000006
FILLER_0_9_97,VGND,li1,50.6000,38.0800,0.000017
FILLER_0_9_70,VGND,li1,39.5600,38.0800,0.000010
FILLER_0_9_52,VGND,li1,29.6700,38.0800,0.000010
FILLER_0_9_46,VGND,li1,28.0600,38.0800,0.000010
FILLER_0_9_36,VGND,li1,23.4600,38.0800,0.000009
FILLER_0_9_24,VGND,li1,17.2500,38.0800,0.000008
FILLER_0_8_89,VGND,li1,46.9200,32.6400,0.000011
FILLER_0_8_80,VGND,li1,43.2400,32.6400,0.000010
FILLER_0_8_57,VGND,li1,33.5800,32.6400,0.000010
FILLER_0_8_45,VGND,li1,26.4500,32.6400,0.000010
FILLER_0_8_27,VGND,li1,18.1700,32.6400,0.000009
FILLER_0_8_19,VGND,li1,16.1000,32.6400,0.000008
FILLER_0_8_10,VGND,li1,10.8100,32.6400,0.000007
FILLER_0_8_3,VGND,li1,7.3600,32.6400,0.000008
FILLER_0_7_101,VGND,li1,52.4400,32.6400,0.000012
FILLER_0_7_83,VGND,li1,44.1600,32.6400,0.000010
FILLER_0_7_62,VGND,li1,34.5000,32.6400,0.000010
FILLER_0_7_48,VGND,li1,29.4400,32.6400,0.000010
FILLER_0_7_38,VGND,li1,23.2300,32.6400,0.000010
FILLER_0_7_23,VGND,li1,18.8600,32.6400,0.000009
FILLER_0_7_11,VGND,li1,13.3400,32.6400,0.000007
FILLER_0_6_101,VGND,li1,52.4400,27.2000,0.000012
FILLER_0_6_72,VGND,li1,38.8700,27.2000,0.000009
FILLER_0_6_65,VGND,li1,35.6500,27.2000,0.000009
FILLER_0_6_57,VGND,li1,31.9700,27.2000,0.000009
FILLER_0_6_53,VGND,li1,30.8200,27.2000,0.000009
FILLER_0_6_46,VGND,li1,27.3700,27.2000,0.000009
FILLER_0_6_34,VGND,li1,23.9200,27.2000,0.000008
FILLER_0_6_29,VGND,li1,19.3200,27.2000,0.000007
FILLER_0_6_22,VGND,li1,17.0200,27.2000,0.000007
FILLER_0_6_17,VGND,li1,13.8000,27.2000,0.000006
FILLER_0_6_9,VGND,li1,11.5000,27.2000,0.000006
FILLER_0_5_90,VGND,li1,47.8400,27.2000,0.000012
FILLER_0_5_77,VGND,li1,41.4000,27.2000,0.000010
FILLER_0_5_69,VGND,li1,39.1000,27.2000,0.000009
FILLER_0_5_57,VGND,li1,34.5000,27.2000,0.000009
FILLER_0_5_39,VGND,li1,23.6900,27.2000,0.000008
FILLER_0_5_31,VGND,li1,21.6200,27.2000,0.000008
FILLER_0_5_19,VGND,li1,17.0200,27.2000,0.000007
FILLER_0_4_89,VGND,li1,46.6900,21.7600,0.000017
FILLER_0_4_85,VGND,li1,44.8500,21.7600,0.000016
FILLER_0_4_83,VGND,li1,43.9300,21.7600,0.000015
FILLER_0_4_79,VGND,li1,42.7800,21.7600,0.000015
FILLER_0_4_57,VGND,li1,34.5000,21.7600,0.000011
FILLER_0_4_44,VGND,li1,26.2200,21.7600,0.000010
FILLER_0_4_32,VGND,li1,23.0000,21.7600,0.000009
FILLER_0_4_26,VGND,li1,17.9400,21.7600,0.000007
FILLER_0_4_17,VGND,li1,14.7200,21.7600,0.000006
FILLER_0_4_11,VGND,li1,10.8100,21.7600,0.000007
FILLER_0_4_7,VGND,li1,9.6600,21.7600,0.000007
FILLER_0_3_97,VGND,li1,50.6000,21.7600,0.000019
FILLER_0_3_93,VGND,li1,48.7600,21.7600,0.000018
FILLER_0_3_85,VGND,li1,44.8500,21.7600,0.000016
FILLER_0_3_80,VGND,li1,42.5500,21.7600,0.000013
FILLER_0_3_71,VGND,li1,39.1000,21.7600,0.000011
FILLER_0_3_63,VGND,li1,34.7300,21.7600,0.000011
FILLER_0_3_52,VGND,li1,30.3600,21.7600,0.000011
FILLER_0_3_40,VGND,li1,24.1500,21.7600,0.000009
FILLER_0_3_28,VGND,li1,21.1600,21.7600,0.000009
FILLER_0_3_23,VGND,li1,16.3300,21.7600,0.000007
FILLER_0_3_19,VGND,li1,15.1800,21.7600,0.000006
FILLER_0_3_7,VGND,li1,11.5000,21.7600,0.000006
FILLER_0_2_100,VGND,li1,52.2100,16.3200,0.000013
FILLER_0_2_85,VGND,li1,45.0800,16.3200,0.000010
FILLER_0_2_82,VGND,li1,43.7000,16.3200,0.000010
FILLER_0_2_70,VGND,li1,40.4800,16.3200,0.000008
FILLER_0_2_58,VGND,li1,34.9600,16.3200,0.000007
FILLER_0_2_45,VGND,li1,26.6800,16.3200,0.000007
FILLER_0_2_41,VGND,li1,24.6100,16.3200,0.000007
FILLER_0_2_29,VGND,li1,21.6200,16.3200,0.000007
FILLER_0_2_15,VGND,li1,12.8800,16.3200,0.000005
FILLER_0_2_7,VGND,li1,10.5800,16.3200,0.000005
FILLER_0_1_93,VGND,li1,48.5300,16.3200,0.000012
FILLER_0_1_89,VGND,li1,47.3800,16.3200,0.000012
FILLER_0_1_82,VGND,li1,43.4700,16.3200,0.000010
FILLER_0_1_76,VGND,li1,41.8600,16.3200,0.000008
FILLER_0_1_57,VGND,li1,32.2000,16.3200,0.000007
FILLER_0_1_55,VGND,li1,31.0500,16.3200,0.000007
FILLER_0_1_47,VGND,li1,28.9800,16.3200,0.000007
FILLER_0_1_35,VGND,li1,24.3800,16.3200,0.000007
FILLER_0_1_23,VGND,li1,17.0200,16.3200,0.000006
FILLER_0_1_11,VGND,li1,13.3400,16.3200,0.000005
FILLER_0_0_85,VGND,li1,45.0800,10.8800,0.000008
FILLER_0_0_83,VGND,li1,43.9300,10.8800,0.000008
FILLER_0_0_71,VGND,li1,39.1000,10.8800,0.000006
FILLER_0_0_53,VGND,li1,30.5900,10.8800,0.000005
FILLER_0_0_41,VGND,li1,27.1400,10.8800,0.000005
FILLER_0_0_29,VGND,li1,21.6200,10.8800,0.000004
FILLER_0_0_26,VGND,li1,17.9400,10.8800,0.000004
FILLER_0_0_14,VGND,li1,14.7200,10.8800,0.000004
ANTENNA_1,VGND,li1,49.6800,21.7600,0.000018
rebuffer3,VGND,li1,41.6300,32.6400,0.000009
rebuffer2,VGND,li1,40.2500,32.6400,0.000009
clone1,VGND,li1,30.8200,32.6400,0.000010
output27,VGND,li1,50.8300,10.8800,0.000011
output26,VGND,li1,49.6800,16.3200,0.000013
output25,VGND,li1,51.9800,21.7600,0.000019
output24,VGND,li1,40.0200,27.2000,0.000009
output23,VGND,li1,51.9800,38.0800,0.000018
output22,VGND,li1,51.9800,43.5200,0.000014
output21,VGND,li1,50.1400,48.9600,0.000012
output20,VGND,li1,51.9800,48.9600,0.000013
input19,VGND,li1,10.1200,43.5200,0.000009
input18,VGND,li1,14.2600,48.9600,0.000005
input17,VGND,li1,10.8100,48.9600,0.000006
input16,VGND,li1,8.9700,27.2000,0.000007
input15,VGND,li1,9.6600,32.6400,0.000008
input14,VGND,li1,7.8200,32.6400,0.000008
input13,VGND,li1,9.6600,38.0800,0.000008
input12,VGND,li1,7.8200,38.0800,0.000008
input11,VGND,li1,7.8200,43.5200,0.000010
input10,VGND,li1,7.8200,43.5200,0.000010
input9,VGND,li1,7.8200,48.9600,0.000006
input8,VGND,li1,11.2700,10.8800,0.000005
input7,VGND,li1,9.6600,10.8800,0.000005
input6,VGND,li1,7.8200,10.8800,0.000005
input5,VGND,li1,9.6600,16.3200,0.000005
input4,VGND,li1,7.8200,16.3200,0.000006
input3,VGND,li1,7.8200,21.7600,0.000007
input2,VGND,li1,7.8200,21.7600,0.000007
input1,VGND,li1,9.2000,27.2000,0.000007
TAP_TAPCELL_ROW_13_51,VGND,li1,44.3900,48.6680,0.000010
TAP_TAPCELL_ROW_13_50,VGND,li1,31.5100,48.6680,0.000006
TAP_TAPCELL_ROW_13_49,VGND,li1,18.6300,48.6680,0.000005
TAP_TAPCELL_ROW_12_48,VGND,li1,44.3900,43.8110,0.000012
TAP_TAPCELL_ROW_12_47,VGND,li1,18.6300,43.8110,0.000010
TAP_TAPCELL_ROW_11_46,VGND,li1,31.5100,43.2280,0.000011
TAP_TAPCELL_ROW_10_45,VGND,li1,44.3900,38.3710,0.000014
TAP_TAPCELL_ROW_10_44,VGND,li1,18.6300,38.3710,0.000008
TAP_TAPCELL_ROW_9_43,VGND,li1,31.5100,37.7880,0.000010
TAP_TAPCELL_ROW_8_42,VGND,li1,44.3900,32.9310,0.000010
TAP_TAPCELL_ROW_8_41,VGND,li1,18.6300,32.9310,0.000009
TAP_TAPCELL_ROW_7_40,VGND,li1,31.5100,32.3480,0.000010
TAP_TAPCELL_ROW_6_39,VGND,li1,44.3900,27.4910,0.000011
TAP_TAPCELL_ROW_6_38,VGND,li1,18.6300,27.4910,0.000007
TAP_TAPCELL_ROW_5_37,VGND,li1,31.5100,26.9080,0.000009
TAP_TAPCELL_ROW_4_36,VGND,li1,44.3900,22.0510,0.000015
TAP_TAPCELL_ROW_4_35,VGND,li1,18.6300,22.0510,0.000008
TAP_TAPCELL_ROW_3_34,VGND,li1,31.5100,21.4680,0.000011
TAP_TAPCELL_ROW_2_33,VGND,li1,44.3900,16.6110,0.000010
TAP_TAPCELL_ROW_2_32,VGND,li1,18.6300,16.6110,0.000006
TAP_TAPCELL_ROW_1_31,VGND,li1,31.5100,16.0280,0.000007
TAP_TAPCELL_ROW_0_30,VGND,li1,44.3900,11.1710,0.000008
TAP_TAPCELL_ROW_0_29,VGND,li1,31.5100,11.1710,0.000005
TAP_TAPCELL_ROW_0_28,VGND,li1,18.6300,11.1710,0.000004
PHY_EDGE_ROW_13_Left_27,VGND,li1,6.2100,48.9600,0.000006
PHY_EDGE_ROW_12_Left_26,VGND,li1,6.2100,43.5200,0.000010
PHY_EDGE_ROW_11_Left_25,VGND,li1,6.2100,43.5200,0.000010
PHY_EDGE_ROW_10_Left_24,VGND,li1,6.2100,38.0800,0.000008
PHY_EDGE_ROW_9_Left_23,VGND,li1,6.2100,38.0800,0.000008
PHY_EDGE_ROW_8_Left_22,VGND,li1,6.2100,32.6400,0.000008
PHY_EDGE_ROW_7_Left_21,VGND,li1,6.2100,32.6400,0.000008
PHY_EDGE_ROW_6_Left_20,VGND,li1,6.2100,27.2000,0.000007
PHY_EDGE_ROW_5_Left_19,VGND,li1,6.2100,27.2000,0.000007
PHY_EDGE_ROW_4_Left_18,VGND,li1,6.2100,21.7600,0.000007
PHY_EDGE_ROW_3_Left_17,VGND,li1,6.2100,21.7600,0.000007
PHY_EDGE_ROW_2_Left_16,VGND,li1,6.2100,16.3200,0.000006
PHY_EDGE_ROW_1_Left_15,VGND,li1,6.2100,16.3200,0.000006
PHY_EDGE_ROW_0_Left_14,VGND,li1,6.2100,10.8800,0.000005
PHY_EDGE_ROW_13_Right_13,VGND,li1,53.5900,48.9600,0.000013
PHY_EDGE_ROW_12_Right_12,VGND,li1,53.5900,43.5200,0.000014
PHY_EDGE_ROW_11_Right_11,VGND,li1,53.5900,43.5200,0.000014
PHY_EDGE_ROW_10_Right_10,VGND,li1,53.5900,38.0800,0.000018
PHY_EDGE_ROW_9_Right_9,VGND,li1,53.5900,38.0800,0.000018
PHY_EDGE_ROW_8_Right_8,VGND,li1,53.5900,32.6400,0.000012
PHY_EDGE_ROW_7_Right_7,VGND,li1,53.5900,32.6400,0.000012
PHY_EDGE_ROW_6_Right_6,VGND,li1,53.5900,27.2000,0.000012
PHY_EDGE_ROW_5_Right_5,VGND,li1,53.5900,27.2000,0.000012
PHY_EDGE_ROW_4_Right_4,VGND,li1,53.5900,21.7600,0.000019
PHY_EDGE_ROW_3_Right_3,VGND,li1,53.5900,21.7600,0.000019
PHY_EDGE_ROW_2_Right_2,VGND,li1,53.5900,16.3200,0.000013
PHY_EDGE_ROW_1_Right_1,VGND,li1,53.5900,16.3200,0.000013
PHY_EDGE_ROW_0_Right_0,VGND,li1,53.5900,10.8800,0.000011
_199_,VGND,li1,13.3400,38.0800,0.000006
_198_,VGND,li1,33.8100,27.2000,0.000009
_197_,VGND,li1,8.9700,32.6400,0.000008
_196_,VGND,li1,14.7200,16.3200,0.000005
_195_,VGND,li1,20.0100,38.0800,0.000009
_194_,VGND,li1,43.7000,21.7600,0.000015
_193_,VGND,li1,46.6900,21.7600,0.000017
_192_,VGND,li1,28.9800,27.2000,0.000009
_191_,VGND,li1,14.9500,27.2000,0.000006
_190_,VGND,li1,30.5900,21.7600,0.000011
_189_,VGND,li1,20.4700,27.2000,0.000007
_188_,VGND,li1,17.2500,16.3200,0.000006
_187_,VGND,li1,51.5200,21.7600,0.000019
_186_,VGND,li1,38.6400,16.3200,0.000007
_185_,VGND,li1,7.5900,27.2000,0.000007
_184_,VGND,li1,48.5300,21.7600,0.000018
_183_,VGND,li1,25.7600,38.0800,0.000010
_182_,VGND,li1,31.5100,16.3200,0.000007
_181_,VGND,li1,40.2500,48.9600,0.000007
_180_,VGND,li1,45.3100,38.0800,0.000015
_179_,VGND,li1,46.2300,43.5200,0.000013
_178_,VGND,li1,34.0400,16.3200,0.000007
_177_,VGND,li1,26.4500,43.5200,0.000011
_176_,VGND,li1,42.5500,27.2000,0.000010
_175_,VGND,li1,22.5400,43.5200,0.000011
_174_,VGND,li1,24.6100,43.5200,0.000011
_173_,VGND,li1,19.7800,16.3200,0.000006
_172_,VGND,li1,25.5300,16.3200,0.000007
_171_,VGND,li1,10.3500,43.5200,0.000009
_170_,VGND,li1,7.8200,16.3200,0.000006
_169_,VGND,li1,42.7800,38.0800,0.000014
_168_,VGND,li1,50.3700,32.6400,0.000012
_167_,VGND,li1,25.7600,38.0800,0.000010
_166_,VGND,li1,40.4800,32.6400,0.000009
_165_,VGND,li1,38.4100,32.6400,0.000009
_164_,VGND,li1,22.7700,38.0800,0.000009
_163_,VGND,li1,26.6800,27.2000,0.000009
_162_,VGND,li1,26.9100,32.6400,0.000010
_161_,VGND,li1,28.9800,16.3200,0.000007
_160_,VGND,li1,40.7100,38.0800,0.000012
_159_,VGND,li1,30.5900,38.0800,0.000010
_158_,VGND,li1,27.8300,21.7600,0.000011
_157_,VGND,li1,47.1500,10.8800,0.000009
_156_,VGND,li1,24.8400,32.6400,0.000010
_155_,VGND,li1,24.6100,27.2000,0.000008
_154_,VGND,li1,50.3700,43.5200,0.000014
_153_,VGND,li1,51.7500,16.3200,0.000013
_152_,VGND,li1,33.3500,38.0800,0.000011
_151_,VGND,li1,37.2600,27.2000,0.000009
_150_,VGND,li1,41.8600,10.8800,0.000007
_149_,VGND,li1,50.8300,38.0800,0.000017
_148_,VGND,li1,36.8000,10.8800,0.000006
_147_,VGND,li1,36.3400,38.0800,0.000011
_146_,VGND,li1,28.2900,32.6400,0.000010
_145_,VGND,li1,51.2900,32.6400,0.000012
_144_,VGND,li1,42.7800,32.6400,0.000010
_143_,VGND,li1,37.0300,38.0800,0.000011
_142_,VGND,li1,36.1100,16.3200,0.000007
_141_,VGND,li1,24.6100,32.6400,0.000010
_140_,VGND,li1,40.9400,21.7600,0.000013
_139_,VGND,li1,45.7700,21.7600,0.000016
_138_,VGND,li1,41.1700,21.7600,0.000013
_137_,VGND,li1,25.3000,21.7600,0.000010
_136_,VGND,li1,12.8800,27.2000,0.000006
_135_,VGND,li1,47.3800,16.3200,0.000012
_134_,VGND,li1,20.9300,32.6400,0.000009
_133_,VGND,li1,12.8800,32.6400,0.000007
_132_,VGND,li1,48.3000,38.0800,0.000016
_131_,VGND,li1,19.5500,21.7600,0.000008
_130_,VGND,li1,29.6700,27.2000,0.000009
_129_,VGND,li1,17.4800,21.7600,0.000007
_128_,VGND,li1,32.6600,48.9600,0.000007
_127_,VGND,li1,16.7900,21.7600,0.000007
_126_,VGND,li1,32.8900,32.6400,0.000010
_125_,VGND,li1,47.1500,38.0800,0.000016
_124_,VGND,li1,39.7900,43.5200,0.000009
_123_,VGND,li1,45.0800,16.3200,0.000010
_122_,VGND,li1,18.1700,43.5200,0.000010
_121_,VGND,li1,38.6400,21.7600,0.000011
_120_,VGND,li1,33.5800,10.8800,0.000006
_119_,VGND,li1,22.3100,32.6400,0.000009
_118_,VGND,li1,13.5700,43.5200,0.000008
_117_,VGND,li1,48.7600,43.5200,0.000014
_116_,VGND,li1,50.3700,16.3200,0.000013
_115_,VGND,li1,29.6700,43.5200,0.000011
_114_,VGND,li1,36.3400,32.6400,0.000009
_113_,VGND,li1,38.4100,43.5200,0.000009
_112_,VGND,li1,46.2300,43.5200,0.000013
_111_,VGND,li1,48.5300,32.6400,0.000012
_110_,VGND,li1,29.9000,43.5200,0.000011
_109_,VGND,li1,50.8300,27.2000,0.000012
_108_,VGND,li1,37.0300,32.6400,0.000009
_107_,VGND,li1,8.5100,38.0800,0.000008
_106_,VGND,li1,45.5400,32.6400,0.000011
_105_,VGND,li1,36.5700,21.7600,0.000011
_104_,VGND,li1,27.6000,43.5200,0.000011
_103_,VGND,li1,28.0600,21.7600,0.000011
_102_,VGND,li1,48.3000,27.2000,0.000012
_101_,VGND,li1,12.1900,21.7600,0.000006
_100_,VGND,li1,45.5400,32.6400,0.000011
_099_,VGND,li1,13.1100,43.5200,0.000008
_098_,VGND,li1,47.6100,32.6400,0.000012
_097_,VGND,li1,44.3900,27.2000,0.000011
_096_,VGND,li1,33.1200,21.7600,0.000011
