Instance,Terminal,Layer,X location,Y location,Voltage
FILLER_0_13_93,VPWR,li1,48.7600,46.2400,1.799979
FILLER_0_13_85,VPWR,li1,46.4600,46.2400,1.799980
FILLER_0_13_61,VPWR,li1,34.9600,46.2400,1.799989
FILLER_0_13_53,VPWR,li1,30.5900,46.2400,1.799989
FILLER_0_13_41,VPWR,li1,27.1400,46.2400,1.799989
FILLER_0_13_29,VPWR,li1,21.6200,46.2400,1.799990
FILLER_0_13_22,VPWR,li1,17.0200,46.2400,1.799991
FILLER_0_12_99,VPWR,li1,51.9800,46.2400,1.799978
FILLER_0_12_76,VPWR,li1,42.3200,46.2400,1.799983
FILLER_0_12_55,VPWR,li1,33.5800,46.2400,1.799989
FILLER_0_12_37,VPWR,li1,22.7700,46.2400,1.799989
FILLER_0_12_29,VPWR,li1,20.7000,46.2400,1.799990
FILLER_0_12_20,VPWR,li1,16.5600,46.2400,1.799991
FILLER_0_11_98,VPWR,li1,50.8300,40.8000,1.799982
FILLER_0_11_92,VPWR,li1,49.2200,40.8000,1.799982
FILLER_0_11_81,VPWR,li1,43.7000,40.8000,1.799985
FILLER_0_11_65,VPWR,li1,36.1100,40.8000,1.799990
FILLER_0_11_57,VPWR,li1,33.5800,40.8000,1.799990
FILLER_0_11_40,VPWR,li1,24.3800,40.8000,1.799991
FILLER_0_10_100,VPWR,li1,52.2100,40.8000,1.799982
FILLER_0_10_94,VPWR,li1,49.4500,40.8000,1.799982
FILLER_0_10_85,VPWR,li1,45.0800,40.8000,1.799984
FILLER_0_10_80,VPWR,li1,43.2400,40.8000,1.799985
FILLER_0_10_72,VPWR,li1,38.8700,40.8000,1.799987
FILLER_0_10_64,VPWR,li1,35.1900,40.8000,1.799990
FILLER_0_10_58,VPWR,li1,33.5800,40.8000,1.799990
FILLER_0_10_46,VPWR,li1,29.4400,40.8000,1.799990
FILLER_0_10_39,VPWR,li1,24.1500,40.8000,1.799991
FILLER_0_10_35,VPWR,li1,21.8500,40.8000,1.799991
FILLER_0_10_29,VPWR,li1,20.2400,40.8000,1.799991
FILLER_0_10_27,VPWR,li1,18.1700,40.8000,1.799992
FILLER_0_10_23,VPWR,li1,17.0200,40.8000,1.799992
FILLER_0_10_11,VPWR,li1,13.3400,40.8000,1.799993
FILLER_0_9_97,VPWR,li1,50.6000,35.3600,1.799978
FILLER_0_9_70,VPWR,li1,39.5600,35.3600,1.799985
FILLER_0_9_52,VPWR,li1,29.6700,35.3600,1.799986
FILLER_0_9_46,VPWR,li1,28.0600,35.3600,1.799986
FILLER_0_9_36,VPWR,li1,23.4600,35.3600,1.799987
FILLER_0_9_24,VPWR,li1,17.2500,35.3600,1.799988
FILLER_0_8_89,VPWR,li1,46.9200,35.3600,1.799980
FILLER_0_8_80,VPWR,li1,43.2400,35.3600,1.799982
FILLER_0_8_57,VPWR,li1,33.5800,35.3600,1.799987
FILLER_0_8_45,VPWR,li1,26.4500,35.3600,1.799986
FILLER_0_8_27,VPWR,li1,18.1700,35.3600,1.799988
FILLER_0_8_19,VPWR,li1,16.1000,35.3600,1.799988
FILLER_0_8_10,VPWR,li1,10.8100,35.3600,1.799991
FILLER_0_8_3,VPWR,li1,7.3600,35.3600,1.799991
FILLER_0_7_101,VPWR,li1,52.4400,29.9200,1.799983
FILLER_0_7_83,VPWR,li1,44.1600,29.9200,1.799985
FILLER_0_7_62,VPWR,li1,34.5000,29.9200,1.799989
FILLER_0_7_48,VPWR,li1,29.4400,29.9200,1.799990
FILLER_0_7_38,VPWR,li1,23.2300,29.9200,1.799991
FILLER_0_7_23,VPWR,li1,18.8600,29.9200,1.799991
FILLER_0_7_11,VPWR,li1,13.3400,29.9200,1.799993
FILLER_0_6_101,VPWR,li1,52.4400,29.9200,1.799983
FILLER_0_6_72,VPWR,li1,38.8700,29.9200,1.799988
FILLER_0_6_65,VPWR,li1,35.6500,29.9200,1.799990
FILLER_0_6_57,VPWR,li1,31.9700,29.9200,1.799989
FILLER_0_6_53,VPWR,li1,30.8200,29.9200,1.799989
FILLER_0_6_46,VPWR,li1,27.3700,29.9200,1.799990
FILLER_0_6_34,VPWR,li1,23.9200,29.9200,1.799991
FILLER_0_6_29,VPWR,li1,19.3200,29.9200,1.799991
FILLER_0_6_22,VPWR,li1,17.0200,29.9200,1.799992
FILLER_0_6_17,VPWR,li1,13.8000,29.9200,1.799993
FILLER_0_6_9,VPWR,li1,11.5000,29.9200,1.799993
FILLER_0_5_90,VPWR,li1,47.8400,24.4800,1.799985
FILLER_0_5_77,VPWR,li1,41.4000,24.4800,1.799988
FILLER_0_5_69,VPWR,li1,39.1000,24.4800,1.799989
FILLER_0_5_57,VPWR,li1,34.5000,24.4800,1.799992
FILLER_0_5_39,VPWR,li1,23.6900,24.4800,1.799991
FILLER_0_5_31,VPWR,li1,21.6200,24.4800,1.799991
FILLER_0_5_19,VPWR,li1,17.0200,24.4800,1.799992
FILLER_0_4_89,VPWR,li1,46.6900,24.4800,1.799985
FILLER_0_4_85,VPWR,li1,44.8500,24.4800,1.799986
FILLER_0_4_83,VPWR,li1,43.9300,24.4800,1.799987
FILLER_0_4_79,VPWR,li1,42.7800,24.4800,1.799987
FILLER_0_4_57,VPWR,li1,34.5000,24.4800,1.799992
FILLER_0_4_44,VPWR,li1,26.2200,24.4800,1.799991
FILLER_0_4_32,VPWR,li1,23.0000,24.4800,1.799991
FILLER_0_4_26,VPWR,li1,17.9400,24.4800,1.799992
FILLER_0_4_17,VPWR,li1,14.7200,24.4800,1.799993
FILLER_0_4_11,VPWR,li1,10.8100,24.4800,1.799994
FILLER_0_4_7,VPWR,li1,9.6600,24.4800,1.799994
FILLER_0_3_97,VPWR,li1,50.6000,19.0400,1.799984
FILLER_0_3_93,VPWR,li1,48.7600,19.0400,1.799985
FILLER_0_3_85,VPWR,li1,44.8500,19.0400,1.799987
FILLER_0_3_80,VPWR,li1,42.5500,19.0400,1.799988
FILLER_0_3_71,VPWR,li1,39.1000,19.0400,1.799990
FILLER_0_3_63,VPWR,li1,34.7300,19.0400,1.799992
FILLER_0_3_52,VPWR,li1,30.3600,19.0400,1.799992
FILLER_0_3_40,VPWR,li1,24.1500,19.0400,1.799992
FILLER_0_3_28,VPWR,li1,21.1600,19.0400,1.799993
FILLER_0_3_23,VPWR,li1,16.3300,19.0400,1.799994
FILLER_0_3_19,VPWR,li1,15.1800,19.0400,1.799994
FILLER_0_3_7,VPWR,li1,11.5000,19.0400,1.799996
FILLER_0_2_100,VPWR,li1,52.2100,19.0400,1.799984
FILLER_0_2_85,VPWR,li1,45.0800,19.0400,1.799987
FILLER_0_2_82,VPWR,li1,43.7000,19.0400,1.799987
FILLER_0_2_70,VPWR,li1,40.4800,19.0400,1.799990
FILLER_0_2_58,VPWR,li1,34.9600,19.0400,1.799992
FILLER_0_2_45,VPWR,li1,26.6800,19.0400,1.799992
FILLER_0_2_41,VPWR,li1,24.6100,19.0400,1.799992
FILLER_0_2_29,VPWR,li1,21.6200,19.0400,1.799993
FILLER_0_2_15,VPWR,li1,12.8800,19.0400,1.799995
FILLER_0_2_7,VPWR,li1,10.5800,19.0400,1.799996
FILLER_0_1_93,VPWR,li1,48.5300,13.6000,1.799979
FILLER_0_1_89,VPWR,li1,47.3800,13.6000,1.799979
FILLER_0_1_82,VPWR,li1,43.4700,13.6000,1.799984
FILLER_0_1_76,VPWR,li1,41.8600,13.6000,1.799984
FILLER_0_1_57,VPWR,li1,32.2000,13.6000,1.799990
FILLER_0_1_55,VPWR,li1,31.0500,13.6000,1.799990
FILLER_0_1_47,VPWR,li1,28.9800,13.6000,1.799990
FILLER_0_1_35,VPWR,li1,24.3800,13.6000,1.799991
FILLER_0_1_23,VPWR,li1,17.0200,13.6000,1.799993
FILLER_0_1_11,VPWR,li1,13.3400,13.6000,1.799994
FILLER_0_0_85,VPWR,li1,45.0800,13.6000,1.799982
FILLER_0_0_83,VPWR,li1,43.9300,13.6000,1.799982
FILLER_0_0_71,VPWR,li1,39.1000,13.6000,1.799986
FILLER_0_0_53,VPWR,li1,30.5900,13.6000,1.799990
FILLER_0_0_41,VPWR,li1,27.1400,13.6000,1.799991
FILLER_0_0_29,VPWR,li1,21.6200,13.6000,1.799992
FILLER_0_0_26,VPWR,li1,17.9400,13.6000,1.799993
FILLER_0_0_14,VPWR,li1,14.7200,13.6000,1.799994
ANTENNA_1,VPWR,li1,49.6800,19.0400,1.799985
rebuffer3,VPWR,li1,41.6300,35.3600,1.799984
rebuffer2,VPWR,li1,40.2500,35.3600,1.799984
clone1,VPWR,li1,30.8200,35.3600,1.799987
output27,VPWR,li1,50.8300,13.6000,1.799977
output26,VPWR,li1,49.6800,13.6000,1.799977
output25,VPWR,li1,51.9800,19.0400,1.799984
output24,VPWR,li1,40.0200,29.9200,1.799986
output23,VPWR,li1,51.9800,35.3600,1.799978
output22,VPWR,li1,51.9800,40.8000,1.799982
output21,VPWR,li1,50.1400,46.2400,1.799979
output20,VPWR,li1,51.9800,46.2400,1.799978
input19,VPWR,li1,10.1200,46.2400,1.799992
input18,VPWR,li1,14.2600,46.2400,1.799991
input17,VPWR,li1,10.8100,46.2400,1.799992
input16,VPWR,li1,8.9700,29.9200,1.799994
input15,VPWR,li1,9.6600,29.9200,1.799994
input14,VPWR,li1,7.8200,29.9200,1.799994
input13,VPWR,li1,9.6600,40.8000,1.799994
input12,VPWR,li1,7.8200,40.8000,1.799994
input11,VPWR,li1,7.8200,40.8000,1.799994
input10,VPWR,li1,7.8200,46.2400,1.799992
input9,VPWR,li1,7.8200,46.2400,1.799992
input8,VPWR,li1,11.2700,13.6000,1.799995
input7,VPWR,li1,9.6600,13.6000,1.799995
input6,VPWR,li1,7.8200,13.6000,1.799994
input5,VPWR,li1,9.6600,13.6000,1.799995
input4,VPWR,li1,7.8200,19.0400,1.799995
input3,VPWR,li1,7.8200,19.0400,1.799995
input2,VPWR,li1,7.8200,24.4800,1.799994
input1,VPWR,li1,9.2000,24.4800,1.799994
TAP_TAPCELL_ROW_13_51,VPWR,li1,44.3900,46.5460,1.799981
TAP_TAPCELL_ROW_13_50,VPWR,li1,31.5100,46.5460,1.799989
TAP_TAPCELL_ROW_13_49,VPWR,li1,18.6300,46.5460,1.799990
TAP_TAPCELL_ROW_12_48,VPWR,li1,44.3900,45.9330,1.799981
TAP_TAPCELL_ROW_12_47,VPWR,li1,18.6300,45.9330,1.799990
TAP_TAPCELL_ROW_11_46,VPWR,li1,31.5100,41.1060,1.799990
TAP_TAPCELL_ROW_10_45,VPWR,li1,44.3900,40.4930,1.799985
TAP_TAPCELL_ROW_10_44,VPWR,li1,18.6300,40.4930,1.799992
TAP_TAPCELL_ROW_9_43,VPWR,li1,31.5100,35.6660,1.799987
TAP_TAPCELL_ROW_8_42,VPWR,li1,44.3900,35.0530,1.799982
TAP_TAPCELL_ROW_8_41,VPWR,li1,18.6300,35.0530,1.799988
TAP_TAPCELL_ROW_7_40,VPWR,li1,31.5100,30.2260,1.799989
TAP_TAPCELL_ROW_6_39,VPWR,li1,44.3900,29.6130,1.799984
TAP_TAPCELL_ROW_6_38,VPWR,li1,18.6300,29.6130,1.799992
TAP_TAPCELL_ROW_5_37,VPWR,li1,31.5100,24.7860,1.799991
TAP_TAPCELL_ROW_4_36,VPWR,li1,44.3900,24.1730,1.799987
TAP_TAPCELL_ROW_4_35,VPWR,li1,18.6300,24.1730,1.799992
TAP_TAPCELL_ROW_3_34,VPWR,li1,31.5100,19.3460,1.799992
TAP_TAPCELL_ROW_2_33,VPWR,li1,44.3900,18.7330,1.799987
TAP_TAPCELL_ROW_2_32,VPWR,li1,18.6300,18.7330,1.799993
TAP_TAPCELL_ROW_1_31,VPWR,li1,31.5100,13.9060,1.799990
TAP_TAPCELL_ROW_0_30,VPWR,li1,44.3900,13.2930,1.799982
TAP_TAPCELL_ROW_0_29,VPWR,li1,31.5100,13.2930,1.799990
TAP_TAPCELL_ROW_0_28,VPWR,li1,18.6300,13.2930,1.799993
PHY_EDGE_ROW_13_Left_27,VPWR,li1,6.2100,46.2400,1.799992
PHY_EDGE_ROW_12_Left_26,VPWR,li1,6.2100,46.2400,1.799992
PHY_EDGE_ROW_11_Left_25,VPWR,li1,6.2100,40.8000,1.799994
PHY_EDGE_ROW_10_Left_24,VPWR,li1,6.2100,40.8000,1.799994
PHY_EDGE_ROW_9_Left_23,VPWR,li1,6.2100,35.3600,1.799991
PHY_EDGE_ROW_8_Left_22,VPWR,li1,6.2100,35.3600,1.799991
PHY_EDGE_ROW_7_Left_21,VPWR,li1,6.2100,29.9200,1.799994
PHY_EDGE_ROW_6_Left_20,VPWR,li1,6.2100,29.9200,1.799994
PHY_EDGE_ROW_5_Left_19,VPWR,li1,6.2100,24.4800,1.799994
PHY_EDGE_ROW_4_Left_18,VPWR,li1,6.2100,24.4800,1.799994
PHY_EDGE_ROW_3_Left_17,VPWR,li1,6.2100,19.0400,1.799995
PHY_EDGE_ROW_2_Left_16,VPWR,li1,6.2100,19.0400,1.799995
PHY_EDGE_ROW_1_Left_15,VPWR,li1,6.2100,13.6000,1.799994
PHY_EDGE_ROW_0_Left_14,VPWR,li1,6.2100,13.6000,1.799994
PHY_EDGE_ROW_13_Right_13,VPWR,li1,53.5900,46.2400,1.799978
PHY_EDGE_ROW_12_Right_12,VPWR,li1,53.5900,46.2400,1.799978
PHY_EDGE_ROW_11_Right_11,VPWR,li1,53.5900,40.8000,1.799982
PHY_EDGE_ROW_10_Right_10,VPWR,li1,53.5900,40.8000,1.799982
PHY_EDGE_ROW_9_Right_9,VPWR,li1,53.5900,35.3600,1.799978
PHY_EDGE_ROW_8_Right_8,VPWR,li1,53.5900,35.3600,1.799978
PHY_EDGE_ROW_7_Right_7,VPWR,li1,53.5900,29.9200,1.799983
PHY_EDGE_ROW_6_Right_6,VPWR,li1,53.5900,29.9200,1.799983
PHY_EDGE_ROW_5_Right_5,VPWR,li1,53.5900,24.4800,1.799985
PHY_EDGE_ROW_4_Right_4,VPWR,li1,53.5900,24.4800,1.799985
PHY_EDGE_ROW_3_Right_3,VPWR,li1,53.5900,19.0400,1.799984
PHY_EDGE_ROW_2_Right_2,VPWR,li1,53.5900,19.0400,1.799984
PHY_EDGE_ROW_1_Right_1,VPWR,li1,53.5900,13.6000,1.799977
PHY_EDGE_ROW_0_Right_0,VPWR,li1,53.5900,13.6000,1.799977
_199_,VPWR,li1,13.3400,35.3600,1.799990
_198_,VPWR,li1,33.8100,29.9200,1.799989
_197_,VPWR,li1,8.9700,35.3600,1.799991
_196_,VPWR,li1,14.7200,19.0400,1.799994
_195_,VPWR,li1,20.0100,35.3600,1.799987
_194_,VPWR,li1,43.7000,19.0400,1.799987
_193_,VPWR,li1,46.6900,19.0400,1.799985
_192_,VPWR,li1,28.9800,29.9200,1.799990
_191_,VPWR,li1,14.9500,29.9200,1.799993
_190_,VPWR,li1,30.5900,24.4800,1.799991
_189_,VPWR,li1,20.4700,29.9200,1.799991
_188_,VPWR,li1,17.2500,19.0400,1.799993
_187_,VPWR,li1,51.5200,24.4800,1.799985
_186_,VPWR,li1,38.6400,13.6000,1.799986
_185_,VPWR,li1,7.5900,29.9200,1.799994
_184_,VPWR,li1,48.5300,24.4800,1.799985
_183_,VPWR,li1,25.7600,35.3600,1.799986
_182_,VPWR,li1,31.5100,19.0400,1.799992
_181_,VPWR,li1,40.2500,46.2400,1.799984
_180_,VPWR,li1,45.3100,35.3600,1.799980
_179_,VPWR,li1,46.2300,40.8000,1.799984
_178_,VPWR,li1,34.0400,13.6000,1.799990
_177_,VPWR,li1,26.4500,40.8000,1.799990
_176_,VPWR,li1,42.5500,29.9200,1.799985
_175_,VPWR,li1,22.5400,40.8000,1.799991
_174_,VPWR,li1,24.6100,46.2400,1.799989
_173_,VPWR,li1,19.7800,13.6000,1.799992
_172_,VPWR,li1,25.5300,19.0400,1.799992
_171_,VPWR,li1,10.3500,40.8000,1.799994
_170_,VPWR,li1,7.8200,13.6000,1.799994
_169_,VPWR,li1,42.7800,35.3600,1.799982
_168_,VPWR,li1,50.3700,29.9200,1.799983
_167_,VPWR,li1,25.7600,40.8000,1.799991
_166_,VPWR,li1,40.4800,29.9200,1.799986
_165_,VPWR,li1,38.4100,35.3600,1.799985
_164_,VPWR,li1,22.7700,40.8000,1.799991
_163_,VPWR,li1,26.6800,24.4800,1.799991
_162_,VPWR,li1,26.9100,29.9200,1.799990
_161_,VPWR,li1,28.9800,19.0400,1.799992
_160_,VPWR,li1,40.7100,40.8000,1.799986
_159_,VPWR,li1,30.5900,35.3600,1.799987
_158_,VPWR,li1,27.8300,19.0400,1.799992
_157_,VPWR,li1,47.1500,13.6000,1.799979
_156_,VPWR,li1,24.8400,29.9200,1.799990
_155_,VPWR,li1,24.6100,24.4800,1.799991
_154_,VPWR,li1,50.3700,46.2400,1.799979
_153_,VPWR,li1,51.7500,13.6000,1.799977
_152_,VPWR,li1,33.3500,35.3600,1.799987
_151_,VPWR,li1,37.2600,29.9200,1.799988
_150_,VPWR,li1,41.8600,13.6000,1.799984
_149_,VPWR,li1,50.8300,40.8000,1.799982
_148_,VPWR,li1,36.8000,13.6000,1.799990
_147_,VPWR,li1,36.3400,35.3600,1.799988
_146_,VPWR,li1,28.2900,35.3600,1.799986
_145_,VPWR,li1,51.2900,35.3600,1.799978
_144_,VPWR,li1,42.7800,29.9200,1.799985
_143_,VPWR,li1,37.0300,40.8000,1.799990
_142_,VPWR,li1,36.1100,13.6000,1.799990
_141_,VPWR,li1,24.6100,35.3600,1.799987
_140_,VPWR,li1,40.9400,24.4800,1.799988
_139_,VPWR,li1,45.7700,24.4800,1.799986
_138_,VPWR,li1,41.1700,19.0400,1.799988
_137_,VPWR,li1,25.3000,19.0400,1.799992
_136_,VPWR,li1,12.8800,24.4800,1.799993
_135_,VPWR,li1,47.3800,19.0400,1.799985
_134_,VPWR,li1,20.9300,35.3600,1.799987
_133_,VPWR,li1,12.8800,35.3600,1.799990
_132_,VPWR,li1,48.3000,35.3600,1.799979
_131_,VPWR,li1,19.5500,24.4800,1.799992
_130_,VPWR,li1,29.6700,24.4800,1.799991
_129_,VPWR,li1,17.4800,19.0400,1.799993
_128_,VPWR,li1,32.6600,46.2400,1.799989
_127_,VPWR,li1,16.7900,24.4800,1.799992
_126_,VPWR,li1,32.8900,29.9200,1.799989
_125_,VPWR,li1,47.1500,40.8000,1.799983
_124_,VPWR,li1,39.7900,40.8000,1.799987
_123_,VPWR,li1,45.0800,13.6000,1.799982
_122_,VPWR,li1,18.1700,40.8000,1.799992
_121_,VPWR,li1,38.6400,24.4800,1.799989
_120_,VPWR,li1,33.5800,13.6000,1.799990
_119_,VPWR,li1,22.3100,29.9200,1.799991
_118_,VPWR,li1,13.5700,40.8000,1.799993
_117_,VPWR,li1,48.7600,46.2400,1.799979
_116_,VPWR,li1,50.3700,19.0400,1.799985
_115_,VPWR,li1,29.6700,40.8000,1.799990
_114_,VPWR,li1,36.3400,35.3600,1.799988
_113_,VPWR,li1,38.4100,46.2400,1.799985
_112_,VPWR,li1,46.2300,46.2400,1.799980
_111_,VPWR,li1,48.5300,35.3600,1.799979
_110_,VPWR,li1,29.9000,46.2400,1.799989
_109_,VPWR,li1,50.8300,24.4800,1.799985
_108_,VPWR,li1,37.0300,29.9200,1.799990
_107_,VPWR,li1,8.5100,35.3600,1.799991
_106_,VPWR,li1,45.5400,29.9200,1.799984
_105_,VPWR,li1,36.5700,19.0400,1.799991
_104_,VPWR,li1,27.6000,46.2400,1.799989
_103_,VPWR,li1,28.0600,24.4800,1.799991
_102_,VPWR,li1,48.3000,29.9200,1.799983
_101_,VPWR,li1,12.1900,24.4800,1.799993
_100_,VPWR,li1,45.5400,35.3600,1.799980
_099_,VPWR,li1,13.1100,46.2400,1.799991
_098_,VPWR,li1,47.6100,29.9200,1.799983
_097_,VPWR,li1,44.3900,24.4800,1.799987
_096_,VPWR,li1,33.1200,19.0400,1.799992
