
===========================================================================
 report_power
============================================================================
======================= Fastest Corner ===================================

Group                  Internal  Switching    Leakage      Total
                          Power      Power      Power      Power (Watts)
----------------------------------------------------------------
Sequential             6.01e-03   7.89e-04   1.49e-08   6.80e-03  38.0%
Combinational          4.46e-03   2.69e-03   5.19e-08   7.15e-03  39.9%
Clock                  1.88e-03   2.08e-03   1.60e-08   3.96e-03  22.1%
Macro                  0.00e+00   0.00e+00   0.00e+00   0.00e+00   0.0%
Pad                    0.00e+00   0.00e+00   0.00e+00   0.00e+00   0.0%
----------------------------------------------------------------
Total                  1.23e-02   5.56e-03   8.28e-08   1.79e-02 100.0%
                          68.9%      31.1%       0.0%

======================= Slowest Corner ===================================

Group                  Internal  Switching    Leakage      Total
                          Power      Power      Power      Power (Watts)
----------------------------------------------------------------
Sequential             4.07e-03   4.99e-04   1.48e-05   4.59e-03  37.7%
Combinational          3.10e-03   1.76e-03   3.80e-05   4.89e-03  40.2%
Clock                  1.35e-03   1.34e-03   2.14e-06   2.69e-03  22.1%
Macro                  0.00e+00   0.00e+00   0.00e+00   0.00e+00   0.0%
Pad                    0.00e+00   0.00e+00   0.00e+00   0.00e+00   0.0%
----------------------------------------------------------------
Total                  8.53e-03   3.59e-03   5.50e-05   1.22e-02 100.0%
                          70.0%      29.5%       0.5%

======================= Typical Corner ===================================

Group                  Internal  Switching    Leakage      Total
                          Power      Power      Power      Power (Watts)
----------------------------------------------------------------
Sequential             5.20e-03   6.51e-04   8.57e-09   5.85e-03  38.0%
Combinational          3.92e-03   2.25e-03   2.61e-08   6.18e-03  40.0%
Clock                  1.65e-03   1.75e-03   1.08e-08   3.39e-03  22.0%
Macro                  0.00e+00   0.00e+00   0.00e+00   0.00e+00   0.0%
Pad                    0.00e+00   0.00e+00   0.00e+00   0.00e+00   0.0%
----------------------------------------------------------------
Total                  1.08e-02   4.65e-03   4.55e-08   1.54e-02 100.0%
                          69.8%      30.2%       0.0%

