OpenROAD b16bda7e82721d10566ff7e2b68f1ff0be9f9e38 
Features included (+) or not (-): +Charts +GPU +GUI +Python
This program is licensed under the BSD-3 license. See the LICENSE file for details.
Components of this program may be licensed under more restrictive licenses which must be honored.
define_corners Typical
read_liberty -corner Typical /Users/onurakkaya/.volare/sky130A/libs.ref/sky130_fd_sc_hd/lib/sky130_fd_sc_hd__tt_025C_1v80.lib
Using 1e-12 for capacitance...
Using 1e+03 for resistance...
Using 1e-09 for time...
Using 1e+00 for voltage...
Using 1e-03 for current...
Using 1e-09 for power...
Using 1e-06 for distance...
[INFO]: Reading ODB at '/openlane/designs/lab4/runs/RUN_2025.06.04_20.56.52/tmp/placement/12-resizer.odb'…
Reading design constraints file at '/openlane/scripts/base.sdc'…
[INFO]: Setting output delay to: 2.0
[INFO]: Setting input delay to: 2.0
[INFO]: Setting load to: 0.033442
[INFO]: Setting clock uncertainty to: 0.25
[INFO]: Setting clock transition to: 0.15
[INFO]: Setting timing derate to: 5.0 %
Placement Analysis
---------------------------------
total displacement          0.0 u
average displacement        0.0 u
max displacement            0.0 u
original HPWL          158081.0 u
legalized HPWL         161487.1 u
delta HPWL                    2 %

[INFO DPL-0020] Mirrored 1551 instances
[INFO DPL-0021] HPWL before          161487.1 u
[INFO DPL-0022] HPWL after           158081.0 u
[INFO DPL-0023] HPWL delta               -2.1 %
Setting global connections for newly added cells…
Writing OpenROAD database to '/openlane/designs/lab4/runs/RUN_2025.06.04_20.56.52/results/placement/top.odb'…
Writing netlist to '/openlane/designs/lab4/runs/RUN_2025.06.04_20.56.52/results/placement/top.nl.v'…
Writing powered netlist to '/openlane/designs/lab4/runs/RUN_2025.06.04_20.56.52/results/placement/top.pnl.v'…
Writing layout to '/openlane/designs/lab4/runs/RUN_2025.06.04_20.56.52/results/placement/top.def'…
