
===========================================================================
 report_power
============================================================================
======================= Fastest Corner ===================================

Group                  Internal  Switching    Leakage      Total
                          Power      Power      Power      Power (Watts)
----------------------------------------------------------------
Sequential             0.00e+00   0.00e+00   0.00e+00   0.00e+00   0.0%
Combinational          3.23e-05   6.82e-05   1.01e-09   1.01e-04 100.0%
Clock                 -4.05e-11   0.00e+00   2.43e-10   2.02e-10   0.0%
Macro                  0.00e+00   0.00e+00   0.00e+00   0.00e+00   0.0%
Pad                    0.00e+00   0.00e+00   0.00e+00   0.00e+00   0.0%
----------------------------------------------------------------
Total                  3.23e-05   6.82e-05   1.26e-09   1.01e-04 100.0%
                          32.1%      67.9%       0.0%

======================= Slowest Corner ===================================

Group                  Internal  Switching    Leakage      Total
                          Power      Power      Power      Power (Watts)
----------------------------------------------------------------
Sequential             0.00e+00   0.00e+00   0.00e+00   0.00e+00   0.0%
Combinational          2.43e-05   4.56e-05   5.96e-07   7.05e-05 100.0%
Clock                 -1.91e-11   0.00e+00   2.44e-10   2.25e-10   0.0%
Macro                  0.00e+00   0.00e+00   0.00e+00   0.00e+00   0.0%
Pad                    0.00e+00   0.00e+00   0.00e+00   0.00e+00   0.0%
----------------------------------------------------------------
Total                  2.43e-05   4.56e-05   5.96e-07   7.05e-05 100.0%
                          34.5%      64.7%       0.8%

======================= Typical Corner ===================================

Group                  Internal  Switching    Leakage      Total
                          Power      Power      Power      Power (Watts)
----------------------------------------------------------------
Sequential             0.00e+00   0.00e+00   0.00e+00   0.00e+00   0.0%
Combinational          2.95e-05   5.79e-05   4.58e-10   8.74e-05 100.0%
Clock                  2.10e-11   0.00e+00   2.43e-10   2.64e-10   0.0%
Macro                  0.00e+00   0.00e+00   0.00e+00   0.00e+00   0.0%
Pad                    0.00e+00   0.00e+00   0.00e+00   0.00e+00   0.0%
----------------------------------------------------------------
Total                  2.95e-05   5.79e-05   7.01e-10   8.74e-05 100.0%
                          33.8%      66.2%       0.0%

