
===========================================================================
report_checks -path_delay max (Setup)
============================================================================
======================= Fastest Corner ===================================

Startpoint: B[1] (input port clocked by __VIRTUAL_CLK__)
Endpoint: out[7] (output port clocked by __VIRTUAL_CLK__)
Path Group: __VIRTUAL_CLK__
Path Type: max
Corner: Fastest

Fanout     Cap    Slew   Delay    Time   Description
-----------------------------------------------------------------------------
                  0.00    0.00    0.00   clock __VIRTUAL_CLK__ (rise edge)
                          0.00    0.00   clock network delay (ideal)
                          2.00    2.00 v input external delay
     1    0.00    0.01    0.00    2.00 v B[1] (in)
                                         B[1] (net)
                  0.01    0.00    2.00 v input10/A (sky130_fd_sc_hd__clkbuf_2)
     7    0.04    0.11    0.14    2.14 v input10/X (sky130_fd_sc_hd__clkbuf_2)
                                         net10 (net)
                  0.11    0.00    2.14 v _134_/B (sky130_fd_sc_hd__or3_4)
     3    0.02    0.06    0.29    2.43 v _134_/X (sky130_fd_sc_hd__or3_4)
                                         _064_ (net)
                  0.06    0.00    2.43 v _151_/A2 (sky130_fd_sc_hd__o21a_1)
     2    0.01    0.05    0.15    2.58 v _151_/X (sky130_fd_sc_hd__o21a_1)
                                         _080_ (net)
                  0.05    0.00    2.58 v _152_/B (sky130_fd_sc_hd__xnor2_1)
     2    0.02    0.26    0.24    2.82 ^ _152_/Y (sky130_fd_sc_hd__xnor2_1)
                                         _081_ (net)
                  0.26    0.00    2.82 ^ _153_/B (sky130_fd_sc_hd__and2_1)
     5    0.04    0.27    0.28    3.09 ^ _153_/X (sky130_fd_sc_hd__and2_1)
                                         _082_ (net)
                  0.27    0.00    3.10 ^ _155_/A (sky130_fd_sc_hd__nor2_1)
     2    0.01    0.08    0.08    3.18 v _155_/Y (sky130_fd_sc_hd__nor2_1)
                                         _084_ (net)
                  0.08    0.00    3.18 v _160_/B (sky130_fd_sc_hd__and2_4)
     5    0.03    0.04    0.15    3.33 v _160_/X (sky130_fd_sc_hd__and2_4)
                                         _089_ (net)
                  0.04    0.00    3.33 v _181_/A3 (sky130_fd_sc_hd__o311a_4)
     3    0.02    0.06    0.23    3.57 v _181_/X (sky130_fd_sc_hd__o311a_4)
                                         _012_ (net)
                  0.06    0.00    3.57 v _195_/B (sky130_fd_sc_hd__or3_4)
     1    0.00    0.05    0.24    3.81 v _195_/X (sky130_fd_sc_hd__or3_4)
                                         _025_ (net)
                  0.05    0.00    3.81 v _199_/A1 (sky130_fd_sc_hd__a31o_4)
     1    0.02    0.04    0.17    3.97 v _199_/X (sky130_fd_sc_hd__a31o_4)
                                         net27 (net)
                  0.04    0.00    3.97 v output27/A (sky130_fd_sc_hd__buf_6)
     1    0.04    0.03    0.10    4.07 v output27/X (sky130_fd_sc_hd__buf_6)
                                         out[7] (net)
                  0.03    0.00    4.07 v out[7] (out)
                                  4.07   data arrival time

                  0.00   10.00   10.00   clock __VIRTUAL_CLK__ (rise edge)
                          0.00   10.00   clock network delay (ideal)
                         -0.25    9.75   clock uncertainty
                          0.00    9.75   clock reconvergence pessimism
                         -2.00    7.75   output external delay
                                  7.75   data required time
-----------------------------------------------------------------------------
                                  7.75   data required time
                                 -4.07   data arrival time
-----------------------------------------------------------------------------
                                  3.68   slack (MET)


Startpoint: B[1] (input port clocked by __VIRTUAL_CLK__)
Endpoint: out[6] (output port clocked by __VIRTUAL_CLK__)
Path Group: __VIRTUAL_CLK__
Path Type: max
Corner: Fastest

Fanout     Cap    Slew   Delay    Time   Description
-----------------------------------------------------------------------------
                  0.00    0.00    0.00   clock __VIRTUAL_CLK__ (rise edge)
                          0.00    0.00   clock network delay (ideal)
                          2.00    2.00 v input external delay
     1    0.00    0.01    0.00    2.00 v B[1] (in)
                                         B[1] (net)
                  0.01    0.00    2.00 v input10/A (sky130_fd_sc_hd__clkbuf_2)
     7    0.04    0.11    0.14    2.14 v input10/X (sky130_fd_sc_hd__clkbuf_2)
                                         net10 (net)
                  0.11    0.00    2.14 v _134_/B (sky130_fd_sc_hd__or3_4)
     3    0.02    0.06    0.29    2.43 v _134_/X (sky130_fd_sc_hd__or3_4)
                                         _064_ (net)
                  0.06    0.00    2.43 v _151_/A2 (sky130_fd_sc_hd__o21a_1)
     2    0.01    0.05    0.15    2.58 v _151_/X (sky130_fd_sc_hd__o21a_1)
                                         _080_ (net)
                  0.05    0.00    2.58 v _152_/B (sky130_fd_sc_hd__xnor2_1)
     2    0.02    0.26    0.24    2.82 ^ _152_/Y (sky130_fd_sc_hd__xnor2_1)
                                         _081_ (net)
                  0.26    0.00    2.82 ^ _153_/B (sky130_fd_sc_hd__and2_1)
     5    0.04    0.27    0.28    3.09 ^ _153_/X (sky130_fd_sc_hd__and2_1)
                                         _082_ (net)
                  0.27    0.00    3.10 ^ _155_/A (sky130_fd_sc_hd__nor2_1)
     2    0.01    0.08    0.08    3.18 v _155_/Y (sky130_fd_sc_hd__nor2_1)
                                         _084_ (net)
                  0.08    0.00    3.18 v _160_/B (sky130_fd_sc_hd__and2_4)
     5    0.03    0.04    0.15    3.33 v _160_/X (sky130_fd_sc_hd__and2_4)
                                         _089_ (net)
                  0.04    0.00    3.33 v _181_/A3 (sky130_fd_sc_hd__o311a_4)
     3    0.02    0.06    0.23    3.57 v _181_/X (sky130_fd_sc_hd__o311a_4)
                                         _012_ (net)
                  0.06    0.00    3.57 v _182_/B (sky130_fd_sc_hd__nor2_1)
     1    0.01    0.12    0.12    3.69 ^ _182_/Y (sky130_fd_sc_hd__nor2_1)
                                         _013_ (net)
                  0.12    0.00    3.69 ^ _187_/A2 (sky130_fd_sc_hd__a21o_1)
     1    0.00    0.03    0.09    3.78 ^ _187_/X (sky130_fd_sc_hd__a21o_1)
                                         net26 (net)
                  0.03    0.00    3.78 ^ output26/A (sky130_fd_sc_hd__buf_2)
     1    0.03    0.13    0.15    3.92 ^ output26/X (sky130_fd_sc_hd__buf_2)
                                         out[6] (net)
                  0.13    0.00    3.92 ^ out[6] (out)
                                  3.92   data arrival time

                  0.00   10.00   10.00   clock __VIRTUAL_CLK__ (rise edge)
                          0.00   10.00   clock network delay (ideal)
                         -0.25    9.75   clock uncertainty
                          0.00    9.75   clock reconvergence pessimism
                         -2.00    7.75   output external delay
                                  7.75   data required time
-----------------------------------------------------------------------------
                                  7.75   data required time
                                 -3.92   data arrival time
-----------------------------------------------------------------------------
                                  3.83   slack (MET)


Startpoint: B[1] (input port clocked by __VIRTUAL_CLK__)
Endpoint: out[5] (output port clocked by __VIRTUAL_CLK__)
Path Group: __VIRTUAL_CLK__
Path Type: max
Corner: Fastest

Fanout     Cap    Slew   Delay    Time   Description
-----------------------------------------------------------------------------
                  0.00    0.00    0.00   clock __VIRTUAL_CLK__ (rise edge)
                          0.00    0.00   clock network delay (ideal)
                          2.00    2.00 v input external delay
     1    0.00    0.01    0.00    2.00 v B[1] (in)
                                         B[1] (net)
                  0.01    0.00    2.00 v input10/A (sky130_fd_sc_hd__clkbuf_2)
     7    0.04    0.11    0.14    2.14 v input10/X (sky130_fd_sc_hd__clkbuf_2)
                                         net10 (net)
                  0.11    0.00    2.14 v _134_/B (sky130_fd_sc_hd__or3_4)
     3    0.02    0.06    0.29    2.43 v _134_/X (sky130_fd_sc_hd__or3_4)
                                         _064_ (net)
                  0.06    0.00    2.43 v _151_/A2 (sky130_fd_sc_hd__o21a_1)
     2    0.01    0.05    0.15    2.58 v _151_/X (sky130_fd_sc_hd__o21a_1)
                                         _080_ (net)
                  0.05    0.00    2.58 v _152_/B (sky130_fd_sc_hd__xnor2_1)
     2    0.02    0.26    0.24    2.82 ^ _152_/Y (sky130_fd_sc_hd__xnor2_1)
                                         _081_ (net)
                  0.26    0.00    2.82 ^ _153_/B (sky130_fd_sc_hd__and2_1)
     5    0.04    0.27    0.28    3.09 ^ _153_/X (sky130_fd_sc_hd__and2_1)
                                         _082_ (net)
                  0.27    0.00    3.10 ^ _155_/A (sky130_fd_sc_hd__nor2_1)
     2    0.01    0.08    0.08    3.18 v _155_/Y (sky130_fd_sc_hd__nor2_1)
                                         _084_ (net)
                  0.08    0.00    3.18 v _160_/B (sky130_fd_sc_hd__and2_4)
     5    0.03    0.04    0.15    3.33 v _160_/X (sky130_fd_sc_hd__and2_4)
                                         _089_ (net)
                  0.04    0.00    3.33 v _169_/A2 (sky130_fd_sc_hd__o211ai_1)
     1    0.01    0.16    0.16    3.49 ^ _169_/Y (sky130_fd_sc_hd__o211ai_1)
                                         _001_ (net)
                  0.16    0.00    3.49 ^ _174_/A3 (sky130_fd_sc_hd__a31o_1)
     2    0.01    0.11    0.16    3.65 ^ _174_/X (sky130_fd_sc_hd__a31o_1)
                                         net25 (net)
                  0.11    0.00    3.65 ^ output25/A (sky130_fd_sc_hd__buf_2)
     1    0.03    0.13    0.16    3.82 ^ output25/X (sky130_fd_sc_hd__buf_2)
                                         out[5] (net)
                  0.13    0.00    3.82 ^ out[5] (out)
                                  3.82   data arrival time

                  0.00   10.00   10.00   clock __VIRTUAL_CLK__ (rise edge)
                          0.00   10.00   clock network delay (ideal)
                         -0.25    9.75   clock uncertainty
                          0.00    9.75   clock reconvergence pessimism
                         -2.00    7.75   output external delay
                                  7.75   data required time
-----------------------------------------------------------------------------
                                  7.75   data required time
                                 -3.82   data arrival time
-----------------------------------------------------------------------------
                                  3.93   slack (MET)


Startpoint: B[1] (input port clocked by __VIRTUAL_CLK__)
Endpoint: out[4] (output port clocked by __VIRTUAL_CLK__)
Path Group: __VIRTUAL_CLK__
Path Type: max
Corner: Fastest

Fanout     Cap    Slew   Delay    Time   Description
-----------------------------------------------------------------------------
                  0.00    0.00    0.00   clock __VIRTUAL_CLK__ (rise edge)
                          0.00    0.00   clock network delay (ideal)
                          2.00    2.00 v input external delay
     1    0.00    0.01    0.00    2.00 v B[1] (in)
                                         B[1] (net)
                  0.01    0.00    2.00 v input10/A (sky130_fd_sc_hd__clkbuf_2)
     7    0.04    0.11    0.14    2.14 v input10/X (sky130_fd_sc_hd__clkbuf_2)
                                         net10 (net)
                  0.11    0.00    2.14 v _134_/B (sky130_fd_sc_hd__or3_4)
     3    0.02    0.06    0.29    2.43 v _134_/X (sky130_fd_sc_hd__or3_4)
                                         _064_ (net)
                  0.06    0.00    2.43 v _151_/A2 (sky130_fd_sc_hd__o21a_1)
     2    0.01    0.05    0.15    2.58 v _151_/X (sky130_fd_sc_hd__o21a_1)
                                         _080_ (net)
                  0.05    0.00    2.58 v _152_/B (sky130_fd_sc_hd__xnor2_1)
     2    0.02    0.26    0.24    2.82 ^ _152_/Y (sky130_fd_sc_hd__xnor2_1)
                                         _081_ (net)
                  0.26    0.00    2.82 ^ _153_/B (sky130_fd_sc_hd__and2_1)
     5    0.04    0.27    0.28    3.09 ^ _153_/X (sky130_fd_sc_hd__and2_1)
                                         _082_ (net)
                  0.27    0.00    3.10 ^ _155_/A (sky130_fd_sc_hd__nor2_1)
     2    0.01    0.08    0.08    3.18 v _155_/Y (sky130_fd_sc_hd__nor2_1)
                                         _084_ (net)
                  0.08    0.00    3.18 v _160_/B (sky130_fd_sc_hd__and2_4)
     5    0.03    0.04    0.15    3.33 v _160_/X (sky130_fd_sc_hd__and2_4)
                                         _089_ (net)
                  0.04    0.00    3.33 v _161_/A3 (sky130_fd_sc_hd__o32a_1)
     1    0.01    0.05    0.18    3.51 v _161_/X (sky130_fd_sc_hd__o32a_1)
                                         _090_ (net)
                  0.05    0.00    3.51 v _162_/B (sky130_fd_sc_hd__nand2_1)
     1    0.01    0.05    0.06    3.58 ^ _162_/Y (sky130_fd_sc_hd__nand2_1)
                                         net24 (net)
                  0.05    0.00    3.58 ^ output24/A (sky130_fd_sc_hd__buf_2)
     1    0.04    0.14    0.16    3.73 ^ output24/X (sky130_fd_sc_hd__buf_2)
                                         out[4] (net)
                  0.14    0.00    3.74 ^ out[4] (out)
                                  3.74   data arrival time

                  0.00   10.00   10.00   clock __VIRTUAL_CLK__ (rise edge)
                          0.00   10.00   clock network delay (ideal)
                         -0.25    9.75   clock uncertainty
                          0.00    9.75   clock reconvergence pessimism
                         -2.00    7.75   output external delay
                                  7.75   data required time
-----------------------------------------------------------------------------
                                  7.75   data required time
                                 -3.74   data arrival time
-----------------------------------------------------------------------------
                                  4.01   slack (MET)


Startpoint: opcode[0] (input port clocked by __VIRTUAL_CLK__)
Endpoint: out[3] (output port clocked by __VIRTUAL_CLK__)
Path Group: __VIRTUAL_CLK__
Path Type: max
Corner: Fastest

Fanout     Cap    Slew   Delay    Time   Description
-----------------------------------------------------------------------------
                  0.00    0.00    0.00   clock __VIRTUAL_CLK__ (rise edge)
                          0.00    0.00   clock network delay (ideal)
                          2.00    2.00 ^ input external delay
     1    0.01    0.03    0.02    2.02 ^ opcode[0] (in)
                                         opcode[0] (net)
                  0.03    0.00    2.02 ^ input17/A (sky130_fd_sc_hd__buf_6)
     8    0.05    0.07    0.10    2.11 ^ input17/X (sky130_fd_sc_hd__buf_6)
                                         net17 (net)
                  0.08    0.01    2.12 ^ _108_/C_N (sky130_fd_sc_hd__or3b_4)
     2    0.01    0.06    0.25    2.37 v _108_/X (sky130_fd_sc_hd__or3b_4)
                                         _040_ (net)
                  0.06    0.00    2.37 v _109_/A (sky130_fd_sc_hd__buf_6)
     5    0.02    0.03    0.10    2.47 v _109_/X (sky130_fd_sc_hd__buf_6)
                                         _041_ (net)
                  0.03    0.00    2.47 v _123_/B1 (sky130_fd_sc_hd__o21a_1)
     1    0.02    0.07    0.10    2.57 v _123_/X (sky130_fd_sc_hd__o21a_1)
                                         _054_ (net)
                  0.07    0.00    2.58 v _124_/B (sky130_fd_sc_hd__xnor2_2)
     3    0.02    0.20    0.19    2.77 ^ _124_/Y (sky130_fd_sc_hd__xnor2_2)
                                         _055_ (net)
                  0.20    0.00    2.77 ^ _125_/B (sky130_fd_sc_hd__xor2_1)
     3    0.02    0.28    0.25    3.02 ^ _125_/X (sky130_fd_sc_hd__xor2_1)
                                         _056_ (net)
                  0.28    0.00    3.02 ^ _126_/B (sky130_fd_sc_hd__and2_1)
     2    0.01    0.11    0.16    3.19 ^ _126_/X (sky130_fd_sc_hd__and2_1)
                                         _057_ (net)
                  0.11    0.00    3.19 ^ _140_/B1 (sky130_fd_sc_hd__a21oi_1)
     1    0.01    0.08    0.06    3.25 v _140_/Y (sky130_fd_sc_hd__a21oi_1)
                                         _070_ (net)
                  0.08    0.00    3.25 v _141_/B (sky130_fd_sc_hd__xnor2_1)
     1    0.00    0.05    0.10    3.35 v _141_/Y (sky130_fd_sc_hd__xnor2_1)
                                         _071_ (net)
                  0.05    0.00    3.35 v _146_/A2 (sky130_fd_sc_hd__a211o_1)
     1    0.01    0.05    0.22    3.57 v _146_/X (sky130_fd_sc_hd__a211o_1)
                                         net23 (net)
                  0.05    0.00    3.57 v output23/A (sky130_fd_sc_hd__buf_2)
     1    0.03    0.06    0.13    3.70 v output23/X (sky130_fd_sc_hd__buf_2)
                                         out[3] (net)
                  0.06    0.00    3.70 v out[3] (out)
                                  3.70   data arrival time

                  0.00   10.00   10.00   clock __VIRTUAL_CLK__ (rise edge)
                          0.00   10.00   clock network delay (ideal)
                         -0.25    9.75   clock uncertainty
                          0.00    9.75   clock reconvergence pessimism
                         -2.00    7.75   output external delay
                                  7.75   data required time
-----------------------------------------------------------------------------
                                  7.75   data required time
                                 -3.70   data arrival time
-----------------------------------------------------------------------------
                                  4.05   slack (MET)


Startpoint: opcode[0] (input port clocked by __VIRTUAL_CLK__)
Endpoint: out[2] (output port clocked by __VIRTUAL_CLK__)
Path Group: __VIRTUAL_CLK__
Path Type: max
Corner: Fastest

Fanout     Cap    Slew   Delay    Time   Description
-----------------------------------------------------------------------------
                  0.00    0.00    0.00   clock __VIRTUAL_CLK__ (rise edge)
                          0.00    0.00   clock network delay (ideal)
                          2.00    2.00 v input external delay
     1    0.01    0.01    0.01    2.01 v opcode[0] (in)
                                         opcode[0] (net)
                  0.01    0.00    2.01 v input17/A (sky130_fd_sc_hd__buf_6)
     8    0.04    0.04    0.09    2.09 v input17/X (sky130_fd_sc_hd__buf_6)
                                         net17 (net)
                  0.04    0.01    2.10 v _108_/C_N (sky130_fd_sc_hd__or3b_4)
     2    0.01    0.04    0.17    2.27 ^ _108_/X (sky130_fd_sc_hd__or3b_4)
                                         _040_ (net)
                  0.04    0.00    2.27 ^ rebuffer3/A (sky130_fd_sc_hd__clkbuf_1)
     1    0.00    0.03    0.05    2.33 ^ rebuffer3/X (sky130_fd_sc_hd__clkbuf_1)
                                         net30 (net)
                  0.03    0.00    2.33 ^ rebuffer2/A (sky130_fd_sc_hd__clkbuf_1)
     1    0.00    0.04    0.06    2.39 ^ rebuffer2/X (sky130_fd_sc_hd__clkbuf_1)
                                         net29 (net)
                  0.04    0.00    2.39 ^ clone1/A (sky130_fd_sc_hd__buf_2)
     4    0.02    0.08    0.11    2.50 ^ clone1/X (sky130_fd_sc_hd__buf_2)
                                         net28 (net)
                  0.08    0.00    2.50 ^ _110_/A2 (sky130_fd_sc_hd__a21oi_1)
     2    0.01    0.07    0.07    2.57 v _110_/Y (sky130_fd_sc_hd__a21oi_1)
                                         _042_ (net)
                  0.07    0.00    2.57 v _113_/B (sky130_fd_sc_hd__or3_4)
     3    0.02    0.06    0.27    2.84 v _113_/X (sky130_fd_sc_hd__or3_4)
                                         _045_ (net)
                  0.06    0.00    2.84 v _122_/A2 (sky130_fd_sc_hd__a21bo_4)
     3    0.02    0.04    0.17    3.01 v _122_/X (sky130_fd_sc_hd__a21bo_4)
                                         _053_ (net)
                  0.04    0.00    3.01 v _126_/A (sky130_fd_sc_hd__and2_1)
     2    0.01    0.06    0.12    3.13 v _126_/X (sky130_fd_sc_hd__and2_1)
                                         _057_ (net)
                  0.06    0.00    3.14 v _133_/A1 (sky130_fd_sc_hd__o21bai_1)
     1    0.01    0.23    0.22    3.36 ^ _133_/Y (sky130_fd_sc_hd__o21bai_1)
                                         net22 (net)
                  0.23    0.00    3.36 ^ output22/A (sky130_fd_sc_hd__buf_2)
     1    0.03    0.13    0.18    3.54 ^ output22/X (sky130_fd_sc_hd__buf_2)
                                         out[2] (net)
                  0.13    0.00    3.54 ^ out[2] (out)
                                  3.54   data arrival time

                  0.00   10.00   10.00   clock __VIRTUAL_CLK__ (rise edge)
                          0.00   10.00   clock network delay (ideal)
                         -0.25    9.75   clock uncertainty
                          0.00    9.75   clock reconvergence pessimism
                         -2.00    7.75   output external delay
                                  7.75   data required time
-----------------------------------------------------------------------------
                                  7.75   data required time
                                 -3.54   data arrival time
-----------------------------------------------------------------------------
                                  4.21   slack (MET)


Startpoint: opcode[0] (input port clocked by __VIRTUAL_CLK__)
Endpoint: out[1] (output port clocked by __VIRTUAL_CLK__)
Path Group: __VIRTUAL_CLK__
Path Type: max
Corner: Fastest

Fanout     Cap    Slew   Delay    Time   Description
-----------------------------------------------------------------------------
                  0.00    0.00    0.00   clock __VIRTUAL_CLK__ (rise edge)
                          0.00    0.00   clock network delay (ideal)
                          2.00    2.00 ^ input external delay
     1    0.01    0.03    0.02    2.02 ^ opcode[0] (in)
                                         opcode[0] (net)
                  0.03    0.00    2.02 ^ input17/A (sky130_fd_sc_hd__buf_6)
     8    0.05    0.07    0.10    2.11 ^ input17/X (sky130_fd_sc_hd__buf_6)
                                         net17 (net)
                  0.08    0.01    2.12 ^ _108_/C_N (sky130_fd_sc_hd__or3b_4)
     2    0.01    0.06    0.25    2.37 v _108_/X (sky130_fd_sc_hd__or3b_4)
                                         _040_ (net)
                  0.06    0.00    2.37 v rebuffer3/A (sky130_fd_sc_hd__clkbuf_1)
     1    0.00    0.02    0.07    2.44 v rebuffer3/X (sky130_fd_sc_hd__clkbuf_1)
                                         net30 (net)
                  0.02    0.00    2.44 v rebuffer2/A (sky130_fd_sc_hd__clkbuf_1)
     1    0.00    0.02    0.06    2.50 v rebuffer2/X (sky130_fd_sc_hd__clkbuf_1)
                                         net29 (net)
                  0.02    0.00    2.50 v clone1/A (sky130_fd_sc_hd__buf_2)
     4    0.02    0.04    0.10    2.60 v clone1/X (sky130_fd_sc_hd__buf_2)
                                         net28 (net)
                  0.04    0.00    2.60 v _110_/A2 (sky130_fd_sc_hd__a21oi_1)
     2    0.01    0.19    0.19    2.79 ^ _110_/Y (sky130_fd_sc_hd__a21oi_1)
                                         _042_ (net)
                  0.19    0.00    2.79 ^ _112_/A1 (sky130_fd_sc_hd__o21ai_2)
     3    0.02    0.07    0.08    2.87 v _112_/Y (sky130_fd_sc_hd__o21ai_2)
                                         _044_ (net)
                  0.07    0.00    2.87 v _115_/A2 (sky130_fd_sc_hd__a31o_1)
     1    0.01    0.04    0.17    3.03 v _115_/X (sky130_fd_sc_hd__a31o_1)
                                         _047_ (net)
                  0.04    0.00    3.03 v _121_/A2 (sky130_fd_sc_hd__o21bai_1)
     1    0.01    0.16    0.16    3.19 ^ _121_/Y (sky130_fd_sc_hd__o21bai_1)
                                         net21 (net)
                  0.16    0.00    3.19 ^ output21/A (sky130_fd_sc_hd__buf_2)
     1    0.03    0.13    0.17    3.36 ^ output21/X (sky130_fd_sc_hd__buf_2)
                                         out[1] (net)
                  0.13    0.00    3.36 ^ out[1] (out)
                                  3.36   data arrival time

                  0.00   10.00   10.00   clock __VIRTUAL_CLK__ (rise edge)
                          0.00   10.00   clock network delay (ideal)
                         -0.25    9.75   clock uncertainty
                          0.00    9.75   clock reconvergence pessimism
                         -2.00    7.75   output external delay
                                  7.75   data required time
-----------------------------------------------------------------------------
                                  7.75   data required time
                                 -3.36   data arrival time
-----------------------------------------------------------------------------
                                  4.39   slack (MET)


Startpoint: opcode[2] (input port clocked by __VIRTUAL_CLK__)
Endpoint: out[0] (output port clocked by __VIRTUAL_CLK__)
Path Group: __VIRTUAL_CLK__
Path Type: max
Corner: Fastest

Fanout     Cap    Slew   Delay    Time   Description
-----------------------------------------------------------------------------
                  0.00    0.00    0.00   clock __VIRTUAL_CLK__ (rise edge)
                          0.00    0.00   clock network delay (ideal)
                          2.00    2.00 ^ input external delay
     1    0.00    0.02    0.01    2.01 ^ opcode[2] (in)
                                         opcode[2] (net)
                  0.02    0.00    2.01 ^ input19/A (sky130_fd_sc_hd__buf_4)
     6    0.04    0.09    0.12    2.13 ^ input19/X (sky130_fd_sc_hd__buf_4)
                                         net19 (net)
                  0.09    0.00    2.13 ^ _099_/C_N (sky130_fd_sc_hd__or3b_1)
     1    0.01    0.07    0.24    2.37 v _099_/X (sky130_fd_sc_hd__or3b_1)
                                         _032_ (net)
                  0.07    0.00    2.37 v _100_/A (sky130_fd_sc_hd__buf_2)
     8    0.04    0.06    0.14    2.51 v _100_/X (sky130_fd_sc_hd__buf_2)
                                         _033_ (net)
                  0.06    0.00    2.51 v _106_/A2 (sky130_fd_sc_hd__o21ai_1)
     1    0.01    0.21    0.20    2.72 ^ _106_/Y (sky130_fd_sc_hd__o21ai_1)
                                         _039_ (net)
                  0.21    0.00    2.72 ^ _107_/B1 (sky130_fd_sc_hd__a31o_1)
     1    0.01    0.09    0.11    2.83 ^ _107_/X (sky130_fd_sc_hd__a31o_1)
                                         net20 (net)
                  0.09    0.00    2.83 ^ output20/A (sky130_fd_sc_hd__buf_2)
     1    0.03    0.13    0.16    2.99 ^ output20/X (sky130_fd_sc_hd__buf_2)
                                         out[0] (net)
                  0.13    0.00    2.99 ^ out[0] (out)
                                  2.99   data arrival time

                  0.00   10.00   10.00   clock __VIRTUAL_CLK__ (rise edge)
                          0.00   10.00   clock network delay (ideal)
                         -0.25    9.75   clock uncertainty
                          0.00    9.75   clock reconvergence pessimism
                         -2.00    7.75   output external delay
                                  7.75   data required time
-----------------------------------------------------------------------------
                                  7.75   data required time
                                 -2.99   data arrival time
-----------------------------------------------------------------------------
                                  4.76   slack (MET)



worst slack corner Fastest: 3.6761
======================= Slowest Corner ===================================

Startpoint: B[1] (input port clocked by __VIRTUAL_CLK__)
Endpoint: out[7] (output port clocked by __VIRTUAL_CLK__)
Path Group: __VIRTUAL_CLK__
Path Type: max
Corner: Slowest

Fanout     Cap    Slew   Delay    Time   Description
-----------------------------------------------------------------------------
                  0.00    0.00    0.00   clock __VIRTUAL_CLK__ (rise edge)
                          0.00    0.00   clock network delay (ideal)
                          2.00    2.00 v input external delay
     1    0.00    0.02    0.01    2.01 v B[1] (in)
                                         B[1] (net)
                  0.02    0.00    2.01 v input10/A (sky130_fd_sc_hd__clkbuf_2)
     7    0.04    0.29    0.37    2.38 v input10/X (sky130_fd_sc_hd__clkbuf_2)
                                         net10 (net)
                  0.29    0.00    2.38 v _134_/B (sky130_fd_sc_hd__or3_4)
     3    0.02    0.17    0.93    3.31 v _134_/X (sky130_fd_sc_hd__or3_4)
                                         _064_ (net)
                  0.17    0.00    3.31 v _151_/A2 (sky130_fd_sc_hd__o21a_1)
     2    0.01    0.14    0.45    3.76 v _151_/X (sky130_fd_sc_hd__o21a_1)
                                         _080_ (net)
                  0.14    0.00    3.76 v _152_/B (sky130_fd_sc_hd__xnor2_1)
     2    0.02    0.60    0.58    4.34 ^ _152_/Y (sky130_fd_sc_hd__xnor2_1)
                                         _081_ (net)
                  0.60    0.00    4.34 ^ _153_/B (sky130_fd_sc_hd__and2_1)
     5    0.04    0.57    0.80    5.14 ^ _153_/X (sky130_fd_sc_hd__and2_1)
                                         _082_ (net)
                  0.57    0.00    5.15 ^ _155_/A (sky130_fd_sc_hd__nor2_1)
     2    0.01    0.18    0.36    5.50 v _155_/Y (sky130_fd_sc_hd__nor2_1)
                                         _084_ (net)
                  0.18    0.00    5.50 v _160_/B (sky130_fd_sc_hd__and2_4)
     5    0.03    0.10    0.41    5.92 v _160_/X (sky130_fd_sc_hd__and2_4)
                                         _089_ (net)
                  0.10    0.00    5.92 v _181_/A3 (sky130_fd_sc_hd__o311a_4)
     3    0.02    0.14    0.68    6.60 v _181_/X (sky130_fd_sc_hd__o311a_4)
                                         _012_ (net)
                  0.14    0.00    6.60 v _195_/B (sky130_fd_sc_hd__or3_4)
     1    0.00    0.12    0.78    7.37 v _195_/X (sky130_fd_sc_hd__or3_4)
                                         _025_ (net)
                  0.12    0.00    7.37 v _199_/A1 (sky130_fd_sc_hd__a31o_4)
     1    0.02    0.09    0.47    7.85 v _199_/X (sky130_fd_sc_hd__a31o_4)
                                         net27 (net)
                  0.09    0.00    7.85 v output27/A (sky130_fd_sc_hd__buf_6)
     1    0.04    0.08    0.27    8.12 v output27/X (sky130_fd_sc_hd__buf_6)
                                         out[7] (net)
                  0.08    0.00    8.12 v out[7] (out)
                                  8.12   data arrival time

                  0.00   10.00   10.00   clock __VIRTUAL_CLK__ (rise edge)
                          0.00   10.00   clock network delay (ideal)
                         -0.25    9.75   clock uncertainty
                          0.00    9.75   clock reconvergence pessimism
                         -2.00    7.75   output external delay
                                  7.75   data required time
-----------------------------------------------------------------------------
                                  7.75   data required time
                                 -8.12   data arrival time
-----------------------------------------------------------------------------
                                 -0.37   slack (VIOLATED)


Startpoint: B[1] (input port clocked by __VIRTUAL_CLK__)
Endpoint: out[6] (output port clocked by __VIRTUAL_CLK__)
Path Group: __VIRTUAL_CLK__
Path Type: max
Corner: Slowest

Fanout     Cap    Slew   Delay    Time   Description
-----------------------------------------------------------------------------
                  0.00    0.00    0.00   clock __VIRTUAL_CLK__ (rise edge)
                          0.00    0.00   clock network delay (ideal)
                          2.00    2.00 v input external delay
     1    0.00    0.02    0.01    2.01 v B[1] (in)
                                         B[1] (net)
                  0.02    0.00    2.01 v input10/A (sky130_fd_sc_hd__clkbuf_2)
     7    0.04    0.29    0.37    2.38 v input10/X (sky130_fd_sc_hd__clkbuf_2)
                                         net10 (net)
                  0.29    0.00    2.38 v _134_/B (sky130_fd_sc_hd__or3_4)
     3    0.02    0.17    0.93    3.31 v _134_/X (sky130_fd_sc_hd__or3_4)
                                         _064_ (net)
                  0.17    0.00    3.31 v _151_/A2 (sky130_fd_sc_hd__o21a_1)
     2    0.01    0.14    0.45    3.76 v _151_/X (sky130_fd_sc_hd__o21a_1)
                                         _080_ (net)
                  0.14    0.00    3.76 v _152_/B (sky130_fd_sc_hd__xnor2_1)
     2    0.02    0.60    0.58    4.34 ^ _152_/Y (sky130_fd_sc_hd__xnor2_1)
                                         _081_ (net)
                  0.60    0.00    4.34 ^ _153_/B (sky130_fd_sc_hd__and2_1)
     5    0.04    0.57    0.80    5.14 ^ _153_/X (sky130_fd_sc_hd__and2_1)
                                         _082_ (net)
                  0.57    0.00    5.15 ^ _155_/A (sky130_fd_sc_hd__nor2_1)
     2    0.01    0.18    0.36    5.50 v _155_/Y (sky130_fd_sc_hd__nor2_1)
                                         _084_ (net)
                  0.18    0.00    5.50 v _160_/B (sky130_fd_sc_hd__and2_4)
     5    0.03    0.10    0.41    5.92 v _160_/X (sky130_fd_sc_hd__and2_4)
                                         _089_ (net)
                  0.10    0.00    5.92 v _179_/A2 (sky130_fd_sc_hd__o31a_1)
     1    0.00    0.08    0.55    6.47 v _179_/X (sky130_fd_sc_hd__o31a_1)
                                         _010_ (net)
                  0.08    0.00    6.47 v _180_/B (sky130_fd_sc_hd__or2_1)
     1    0.01    0.13    0.53    7.00 v _180_/X (sky130_fd_sc_hd__or2_1)
                                         _011_ (net)
                  0.13    0.00    7.00 v _187_/A1 (sky130_fd_sc_hd__a21o_1)
     1    0.00    0.06    0.33    7.33 v _187_/X (sky130_fd_sc_hd__a21o_1)
                                         net26 (net)
                  0.06    0.00    7.33 v output26/A (sky130_fd_sc_hd__buf_2)
     1    0.03    0.17    0.36    7.69 v output26/X (sky130_fd_sc_hd__buf_2)
                                         out[6] (net)
                  0.17    0.00    7.69 v out[6] (out)
                                  7.69   data arrival time

                  0.00   10.00   10.00   clock __VIRTUAL_CLK__ (rise edge)
                          0.00   10.00   clock network delay (ideal)
                         -0.25    9.75   clock uncertainty
                          0.00    9.75   clock reconvergence pessimism
                         -2.00    7.75   output external delay
                                  7.75   data required time
-----------------------------------------------------------------------------
                                  7.75   data required time
                                 -7.69   data arrival time
-----------------------------------------------------------------------------
                                  0.06   slack (MET)


Startpoint: B[1] (input port clocked by __VIRTUAL_CLK__)
Endpoint: out[5] (output port clocked by __VIRTUAL_CLK__)
Path Group: __VIRTUAL_CLK__
Path Type: max
Corner: Slowest

Fanout     Cap    Slew   Delay    Time   Description
-----------------------------------------------------------------------------
                  0.00    0.00    0.00   clock __VIRTUAL_CLK__ (rise edge)
                          0.00    0.00   clock network delay (ideal)
                          2.00    2.00 v input external delay
     1    0.00    0.02    0.01    2.01 v B[1] (in)
                                         B[1] (net)
                  0.02    0.00    2.01 v input10/A (sky130_fd_sc_hd__clkbuf_2)
     7    0.04    0.29    0.37    2.38 v input10/X (sky130_fd_sc_hd__clkbuf_2)
                                         net10 (net)
                  0.29    0.00    2.38 v _134_/B (sky130_fd_sc_hd__or3_4)
     3    0.02    0.17    0.93    3.31 v _134_/X (sky130_fd_sc_hd__or3_4)
                                         _064_ (net)
                  0.17    0.00    3.31 v _151_/A2 (sky130_fd_sc_hd__o21a_1)
     2    0.01    0.14    0.45    3.76 v _151_/X (sky130_fd_sc_hd__o21a_1)
                                         _080_ (net)
                  0.14    0.00    3.76 v _163_/B1 (sky130_fd_sc_hd__a21o_1)
     3    0.02    0.15    0.42    4.18 v _163_/X (sky130_fd_sc_hd__a21o_1)
                                         _091_ (net)
                  0.15    0.00    4.18 v _165_/B (sky130_fd_sc_hd__and2_1)
     3    0.02    0.17    0.48    4.67 v _165_/X (sky130_fd_sc_hd__and2_1)
                                         _093_ (net)
                  0.17    0.00    4.67 v _166_/C (sky130_fd_sc_hd__or3_2)
     4    0.02    0.26    1.23    5.89 v _166_/X (sky130_fd_sc_hd__or3_2)
                                         _094_ (net)
                  0.26    0.00    5.90 v _168_/A1 (sky130_fd_sc_hd__a211o_1)
     1    0.01    0.18    0.70    6.59 v _168_/X (sky130_fd_sc_hd__a211o_1)
                                         _000_ (net)
                  0.18    0.00    6.59 v _174_/A2 (sky130_fd_sc_hd__a31o_1)
     2    0.01    0.16    0.54    7.13 v _174_/X (sky130_fd_sc_hd__a31o_1)
                                         net25 (net)
                  0.16    0.00    7.13 v output25/A (sky130_fd_sc_hd__buf_2)
     1    0.03    0.17    0.40    7.54 v output25/X (sky130_fd_sc_hd__buf_2)
                                         out[5] (net)
                  0.17    0.00    7.54 v out[5] (out)
                                  7.54   data arrival time

                  0.00   10.00   10.00   clock __VIRTUAL_CLK__ (rise edge)
                          0.00   10.00   clock network delay (ideal)
                         -0.25    9.75   clock uncertainty
                          0.00    9.75   clock reconvergence pessimism
                         -2.00    7.75   output external delay
                                  7.75   data required time
-----------------------------------------------------------------------------
                                  7.75   data required time
                                 -7.54   data arrival time
-----------------------------------------------------------------------------
                                  0.21   slack (MET)


Startpoint: opcode[1] (input port clocked by __VIRTUAL_CLK__)
Endpoint: out[3] (output port clocked by __VIRTUAL_CLK__)
Path Group: __VIRTUAL_CLK__
Path Type: max
Corner: Slowest

Fanout     Cap    Slew   Delay    Time   Description
-----------------------------------------------------------------------------
                  0.00    0.00    0.00   clock __VIRTUAL_CLK__ (rise edge)
                          0.00    0.00   clock network delay (ideal)
                          2.00    2.00 v input external delay
     1    0.00    0.02    0.01    2.01 v opcode[1] (in)
                                         opcode[1] (net)
                  0.02    0.00    2.01 v input18/A (sky130_fd_sc_hd__buf_4)
     6    0.03    0.09    0.29    2.30 v input18/X (sky130_fd_sc_hd__buf_4)
                                         net18 (net)
                  0.09    0.00    2.30 v _108_/A (sky130_fd_sc_hd__or3b_4)
     2    0.01    0.14    0.84    3.15 v _108_/X (sky130_fd_sc_hd__or3b_4)
                                         _040_ (net)
                  0.14    0.00    3.15 v _109_/A (sky130_fd_sc_hd__buf_6)
     5    0.02    0.06    0.28    3.42 v _109_/X (sky130_fd_sc_hd__buf_6)
                                         _041_ (net)
                  0.06    0.00    3.42 v _111_/A (sky130_fd_sc_hd__and3_1)
     2    0.01    0.13    0.37    3.79 v _111_/X (sky130_fd_sc_hd__and3_1)
                                         _043_ (net)
                  0.13    0.00    3.79 v _113_/C (sky130_fd_sc_hd__or3_4)
     3    0.02    0.15    0.77    4.56 v _113_/X (sky130_fd_sc_hd__or3_4)
                                         _045_ (net)
                  0.15    0.00    4.57 v _122_/A2 (sky130_fd_sc_hd__a21bo_4)
     3    0.02    0.09    0.48    5.05 v _122_/X (sky130_fd_sc_hd__a21bo_4)
                                         _053_ (net)
                  0.09    0.00    5.05 v _126_/A (sky130_fd_sc_hd__and2_1)
     2    0.01    0.15    0.39    5.44 v _126_/X (sky130_fd_sc_hd__and2_1)
                                         _057_ (net)
                  0.15    0.00    5.44 v _140_/B1 (sky130_fd_sc_hd__a21oi_1)
     1    0.01    0.40    0.42    5.85 ^ _140_/Y (sky130_fd_sc_hd__a21oi_1)
                                         _070_ (net)
                  0.40    0.00    5.85 ^ _141_/B (sky130_fd_sc_hd__xnor2_1)
     1    0.00    0.12    0.24    6.09 v _141_/Y (sky130_fd_sc_hd__xnor2_1)
                                         _071_ (net)
                  0.12    0.00    6.09 v _146_/A2 (sky130_fd_sc_hd__a211o_1)
     1    0.01    0.14    0.65    6.74 v _146_/X (sky130_fd_sc_hd__a211o_1)
                                         net23 (net)
                  0.14    0.00    6.74 v output23/A (sky130_fd_sc_hd__buf_2)
     1    0.03    0.17    0.40    7.14 v output23/X (sky130_fd_sc_hd__buf_2)
                                         out[3] (net)
                  0.17    0.00    7.14 v out[3] (out)
                                  7.14   data arrival time

                  0.00   10.00   10.00   clock __VIRTUAL_CLK__ (rise edge)
                          0.00   10.00   clock network delay (ideal)
                         -0.25    9.75   clock uncertainty
                          0.00    9.75   clock reconvergence pessimism
                         -2.00    7.75   output external delay
                                  7.75   data required time
-----------------------------------------------------------------------------
                                  7.75   data required time
                                 -7.14   data arrival time
-----------------------------------------------------------------------------
                                  0.61   slack (MET)


Startpoint: B[1] (input port clocked by __VIRTUAL_CLK__)
Endpoint: out[4] (output port clocked by __VIRTUAL_CLK__)
Path Group: __VIRTUAL_CLK__
Path Type: max
Corner: Slowest

Fanout     Cap    Slew   Delay    Time   Description
-----------------------------------------------------------------------------
                  0.00    0.00    0.00   clock __VIRTUAL_CLK__ (rise edge)
                          0.00    0.00   clock network delay (ideal)
                          2.00    2.00 v input external delay
     1    0.00    0.02    0.01    2.01 v B[1] (in)
                                         B[1] (net)
                  0.02    0.00    2.01 v input10/A (sky130_fd_sc_hd__clkbuf_2)
     7    0.04    0.29    0.37    2.38 v input10/X (sky130_fd_sc_hd__clkbuf_2)
                                         net10 (net)
                  0.29    0.00    2.38 v _134_/B (sky130_fd_sc_hd__or3_4)
     3    0.02    0.17    0.93    3.31 v _134_/X (sky130_fd_sc_hd__or3_4)
                                         _064_ (net)
                  0.17    0.00    3.31 v _151_/A2 (sky130_fd_sc_hd__o21a_1)
     2    0.01    0.14    0.45    3.76 v _151_/X (sky130_fd_sc_hd__o21a_1)
                                         _080_ (net)
                  0.14    0.00    3.76 v _152_/B (sky130_fd_sc_hd__xnor2_1)
     2    0.02    0.60    0.58    4.34 ^ _152_/Y (sky130_fd_sc_hd__xnor2_1)
                                         _081_ (net)
                  0.60    0.00    4.34 ^ _153_/B (sky130_fd_sc_hd__and2_1)
     5    0.04    0.57    0.80    5.14 ^ _153_/X (sky130_fd_sc_hd__and2_1)
                                         _082_ (net)
                  0.57    0.00    5.15 ^ _155_/A (sky130_fd_sc_hd__nor2_1)
     2    0.01    0.18    0.36    5.50 v _155_/Y (sky130_fd_sc_hd__nor2_1)
                                         _084_ (net)
                  0.18    0.00    5.50 v _160_/B (sky130_fd_sc_hd__and2_4)
     5    0.03    0.10    0.41    5.92 v _160_/X (sky130_fd_sc_hd__and2_4)
                                         _089_ (net)
                  0.10    0.00    5.92 v _161_/A3 (sky130_fd_sc_hd__o32a_1)
     1    0.01    0.14    0.60    6.52 v _161_/X (sky130_fd_sc_hd__o32a_1)
                                         _090_ (net)
                  0.14    0.00    6.52 v _162_/B (sky130_fd_sc_hd__nand2_1)
     1    0.01    0.10    0.17    6.69 ^ _162_/Y (sky130_fd_sc_hd__nand2_1)
                                         net24 (net)
                  0.10    0.00    6.69 ^ output24/A (sky130_fd_sc_hd__buf_2)
     1    0.04    0.30    0.39    7.08 ^ output24/X (sky130_fd_sc_hd__buf_2)
                                         out[4] (net)
                  0.30    0.00    7.08 ^ out[4] (out)
                                  7.08   data arrival time

                  0.00   10.00   10.00   clock __VIRTUAL_CLK__ (rise edge)
                          0.00   10.00   clock network delay (ideal)
                         -0.25    9.75   clock uncertainty
                          0.00    9.75   clock reconvergence pessimism
                         -2.00    7.75   output external delay
                                  7.75   data required time
-----------------------------------------------------------------------------
                                  7.75   data required time
                                 -7.08   data arrival time
-----------------------------------------------------------------------------
                                  0.67   slack (MET)


Startpoint: opcode[1] (input port clocked by __VIRTUAL_CLK__)
Endpoint: out[2] (output port clocked by __VIRTUAL_CLK__)
Path Group: __VIRTUAL_CLK__
Path Type: max
Corner: Slowest

Fanout     Cap    Slew   Delay    Time   Description
-----------------------------------------------------------------------------
                  0.00    0.00    0.00   clock __VIRTUAL_CLK__ (rise edge)
                          0.00    0.00   clock network delay (ideal)
                          2.00    2.00 v input external delay
     1    0.00    0.02    0.01    2.01 v opcode[1] (in)
                                         opcode[1] (net)
                  0.02    0.00    2.01 v input18/A (sky130_fd_sc_hd__buf_4)
     6    0.03    0.09    0.29    2.30 v input18/X (sky130_fd_sc_hd__buf_4)
                                         net18 (net)
                  0.09    0.00    2.30 v _108_/A (sky130_fd_sc_hd__or3b_4)
     2    0.01    0.14    0.84    3.15 v _108_/X (sky130_fd_sc_hd__or3b_4)
                                         _040_ (net)
                  0.14    0.00    3.15 v _109_/A (sky130_fd_sc_hd__buf_6)
     5    0.02    0.06    0.28    3.42 v _109_/X (sky130_fd_sc_hd__buf_6)
                                         _041_ (net)
                  0.06    0.00    3.42 v _111_/A (sky130_fd_sc_hd__and3_1)
     2    0.01    0.13    0.37    3.79 v _111_/X (sky130_fd_sc_hd__and3_1)
                                         _043_ (net)
                  0.13    0.00    3.79 v _113_/C (sky130_fd_sc_hd__or3_4)
     3    0.02    0.15    0.77    4.56 v _113_/X (sky130_fd_sc_hd__or3_4)
                                         _045_ (net)
                  0.15    0.00    4.57 v _122_/A2 (sky130_fd_sc_hd__a21bo_4)
     3    0.02    0.09    0.48    5.05 v _122_/X (sky130_fd_sc_hd__a21bo_4)
                                         _053_ (net)
                  0.09    0.00    5.05 v _126_/A (sky130_fd_sc_hd__and2_1)
     2    0.01    0.15    0.39    5.44 v _126_/X (sky130_fd_sc_hd__and2_1)
                                         _057_ (net)
                  0.15    0.00    5.44 v _133_/A1 (sky130_fd_sc_hd__o21bai_1)
     1    0.01    0.54    0.56    6.00 ^ _133_/Y (sky130_fd_sc_hd__o21bai_1)
                                         net22 (net)
                  0.54    0.00    6.00 ^ output22/A (sky130_fd_sc_hd__buf_2)
     1    0.03    0.28    0.56    6.56 ^ output22/X (sky130_fd_sc_hd__buf_2)
                                         out[2] (net)
                  0.28    0.00    6.57 ^ out[2] (out)
                                  6.57   data arrival time

                  0.00   10.00   10.00   clock __VIRTUAL_CLK__ (rise edge)
                          0.00   10.00   clock network delay (ideal)
                         -0.25    9.75   clock uncertainty
                          0.00    9.75   clock reconvergence pessimism
                         -2.00    7.75   output external delay
                                  7.75   data required time
-----------------------------------------------------------------------------
                                  7.75   data required time
                                 -6.57   data arrival time
-----------------------------------------------------------------------------
                                  1.18   slack (MET)


Startpoint: opcode[1] (input port clocked by __VIRTUAL_CLK__)
Endpoint: out[1] (output port clocked by __VIRTUAL_CLK__)
Path Group: __VIRTUAL_CLK__
Path Type: max
Corner: Slowest

Fanout     Cap    Slew   Delay    Time   Description
-----------------------------------------------------------------------------
                  0.00    0.00    0.00   clock __VIRTUAL_CLK__ (rise edge)
                          0.00    0.00   clock network delay (ideal)
                          2.00    2.00 v input external delay
     1    0.00    0.02    0.01    2.01 v opcode[1] (in)
                                         opcode[1] (net)
                  0.02    0.00    2.01 v input18/A (sky130_fd_sc_hd__buf_4)
     6    0.03    0.09    0.29    2.30 v input18/X (sky130_fd_sc_hd__buf_4)
                                         net18 (net)
                  0.09    0.00    2.30 v _108_/A (sky130_fd_sc_hd__or3b_4)
     2    0.01    0.14    0.84    3.15 v _108_/X (sky130_fd_sc_hd__or3b_4)
                                         _040_ (net)
                  0.14    0.00    3.15 v rebuffer3/A (sky130_fd_sc_hd__clkbuf_1)
     1    0.00    0.04    0.20    3.34 v rebuffer3/X (sky130_fd_sc_hd__clkbuf_1)
                                         net30 (net)
                  0.04    0.00    3.34 v rebuffer2/A (sky130_fd_sc_hd__clkbuf_1)
     1    0.00    0.06    0.17    3.51 v rebuffer2/X (sky130_fd_sc_hd__clkbuf_1)
                                         net29 (net)
                  0.06    0.00    3.51 v clone1/A (sky130_fd_sc_hd__buf_2)
     4    0.02    0.11    0.31    3.82 v clone1/X (sky130_fd_sc_hd__buf_2)
                                         net28 (net)
                  0.11    0.00    3.82 v _110_/A2 (sky130_fd_sc_hd__a21oi_1)
     2    0.01    0.41    0.45    4.27 ^ _110_/Y (sky130_fd_sc_hd__a21oi_1)
                                         _042_ (net)
                  0.41    0.00    4.27 ^ _112_/A1 (sky130_fd_sc_hd__o21ai_2)
     3    0.02    0.17    0.33    4.59 v _112_/Y (sky130_fd_sc_hd__o21ai_2)
                                         _044_ (net)
                  0.17    0.00    4.60 v _115_/A2 (sky130_fd_sc_hd__a31o_1)
     1    0.01    0.11    0.48    5.08 v _115_/X (sky130_fd_sc_hd__a31o_1)
                                         _047_ (net)
                  0.11    0.00    5.08 v _121_/A2 (sky130_fd_sc_hd__o21bai_1)
     1    0.01    0.38    0.39    5.47 ^ _121_/Y (sky130_fd_sc_hd__o21bai_1)
                                         net21 (net)
                  0.38    0.00    5.47 ^ output21/A (sky130_fd_sc_hd__buf_2)
     1    0.03    0.27    0.50    5.97 ^ output21/X (sky130_fd_sc_hd__buf_2)
                                         out[1] (net)
                  0.27    0.00    5.97 ^ out[1] (out)
                                  5.97   data arrival time

                  0.00   10.00   10.00   clock __VIRTUAL_CLK__ (rise edge)
                          0.00   10.00   clock network delay (ideal)
                         -0.25    9.75   clock uncertainty
                          0.00    9.75   clock reconvergence pessimism
                         -2.00    7.75   output external delay
                                  7.75   data required time
-----------------------------------------------------------------------------
                                  7.75   data required time
                                 -5.97   data arrival time
-----------------------------------------------------------------------------
                                  1.78   slack (MET)


Startpoint: opcode[2] (input port clocked by __VIRTUAL_CLK__)
Endpoint: out[0] (output port clocked by __VIRTUAL_CLK__)
Path Group: __VIRTUAL_CLK__
Path Type: max
Corner: Slowest

Fanout     Cap    Slew   Delay    Time   Description
-----------------------------------------------------------------------------
                  0.00    0.00    0.00   clock __VIRTUAL_CLK__ (rise edge)
                          0.00    0.00   clock network delay (ideal)
                          2.00    2.00 ^ input external delay
     1    0.00    0.04    0.02    2.02 ^ opcode[2] (in)
                                         opcode[2] (net)
                  0.04    0.00    2.02 ^ input19/A (sky130_fd_sc_hd__buf_4)
     6    0.04    0.20    0.30    2.33 ^ input19/X (sky130_fd_sc_hd__buf_4)
                                         net19 (net)
                  0.20    0.00    2.33 ^ _099_/C_N (sky130_fd_sc_hd__or3b_1)
     1    0.01    0.21    0.99    3.31 v _099_/X (sky130_fd_sc_hd__or3b_1)
                                         _032_ (net)
                  0.21    0.00    3.32 v _100_/A (sky130_fd_sc_hd__buf_2)
     8    0.04    0.17    0.43    3.75 v _100_/X (sky130_fd_sc_hd__buf_2)
                                         _033_ (net)
                  0.17    0.00    3.75 v _106_/A2 (sky130_fd_sc_hd__o21ai_1)
     1    0.01    0.49    0.51    4.26 ^ _106_/Y (sky130_fd_sc_hd__o21ai_1)
                                         _039_ (net)
                  0.49    0.00    4.26 ^ _107_/B1 (sky130_fd_sc_hd__a31o_1)
     1    0.01    0.21    0.44    4.70 ^ _107_/X (sky130_fd_sc_hd__a31o_1)
                                         net20 (net)
                  0.21    0.00    4.70 ^ output20/A (sky130_fd_sc_hd__buf_2)
     1    0.03    0.27    0.43    5.13 ^ output20/X (sky130_fd_sc_hd__buf_2)
                                         out[0] (net)
                  0.27    0.00    5.13 ^ out[0] (out)
                                  5.13   data arrival time

                  0.00   10.00   10.00   clock __VIRTUAL_CLK__ (rise edge)
                          0.00   10.00   clock network delay (ideal)
                         -0.25    9.75   clock uncertainty
                          0.00    9.75   clock reconvergence pessimism
                         -2.00    7.75   output external delay
                                  7.75   data required time
-----------------------------------------------------------------------------
                                  7.75   data required time
                                 -5.13   data arrival time
-----------------------------------------------------------------------------
                                  2.62   slack (MET)



worst slack corner Slowest: -0.3710
======================= Typical Corner ===================================

Startpoint: B[1] (input port clocked by __VIRTUAL_CLK__)
Endpoint: out[7] (output port clocked by __VIRTUAL_CLK__)
Path Group: __VIRTUAL_CLK__
Path Type: max
Corner: Typical

Fanout     Cap    Slew   Delay    Time   Description
-----------------------------------------------------------------------------
                  0.00    0.00    0.00   clock __VIRTUAL_CLK__ (rise edge)
                          0.00    0.00   clock network delay (ideal)
                          2.00    2.00 v input external delay
     1    0.00    0.01    0.01    2.01 v B[1] (in)
                                         B[1] (net)
                  0.01    0.00    2.01 v input10/A (sky130_fd_sc_hd__clkbuf_2)
     7    0.04    0.16    0.20    2.21 v input10/X (sky130_fd_sc_hd__clkbuf_2)
                                         net10 (net)
                  0.16    0.00    2.21 v _134_/B (sky130_fd_sc_hd__or3_4)
     3    0.02    0.09    0.47    2.68 v _134_/X (sky130_fd_sc_hd__or3_4)
                                         _064_ (net)
                  0.09    0.00    2.68 v _151_/A2 (sky130_fd_sc_hd__o21a_1)
     2    0.01    0.07    0.23    2.91 v _151_/X (sky130_fd_sc_hd__o21a_1)
                                         _080_ (net)
                  0.07    0.00    2.91 v _152_/B (sky130_fd_sc_hd__xnor2_1)
     2    0.02    0.37    0.34    3.26 ^ _152_/Y (sky130_fd_sc_hd__xnor2_1)
                                         _081_ (net)
                  0.37    0.00    3.26 ^ _153_/B (sky130_fd_sc_hd__and2_1)
     5    0.04    0.36    0.42    3.68 ^ _153_/X (sky130_fd_sc_hd__and2_1)
                                         _082_ (net)
                  0.36    0.00    3.69 ^ _155_/A (sky130_fd_sc_hd__nor2_1)
     2    0.01    0.11    0.15    3.84 v _155_/Y (sky130_fd_sc_hd__nor2_1)
                                         _084_ (net)
                  0.11    0.00    3.84 v _160_/B (sky130_fd_sc_hd__and2_4)
     5    0.03    0.06    0.23    4.07 v _160_/X (sky130_fd_sc_hd__and2_4)
                                         _089_ (net)
                  0.06    0.00    4.07 v _181_/A3 (sky130_fd_sc_hd__o311a_4)
     3    0.02    0.08    0.37    4.44 v _181_/X (sky130_fd_sc_hd__o311a_4)
                                         _012_ (net)
                  0.08    0.00    4.44 v _195_/B (sky130_fd_sc_hd__or3_4)
     1    0.00    0.07    0.39    4.83 v _195_/X (sky130_fd_sc_hd__or3_4)
                                         _025_ (net)
                  0.07    0.00    4.83 v _199_/A1 (sky130_fd_sc_hd__a31o_4)
     1    0.02    0.05    0.26    5.09 v _199_/X (sky130_fd_sc_hd__a31o_4)
                                         net27 (net)
                  0.05    0.00    5.09 v output27/A (sky130_fd_sc_hd__buf_6)
     1    0.04    0.04    0.15    5.24 v output27/X (sky130_fd_sc_hd__buf_6)
                                         out[7] (net)
                  0.05    0.00    5.24 v out[7] (out)
                                  5.24   data arrival time

                  0.00   10.00   10.00   clock __VIRTUAL_CLK__ (rise edge)
                          0.00   10.00   clock network delay (ideal)
                         -0.25    9.75   clock uncertainty
                          0.00    9.75   clock reconvergence pessimism
                         -2.00    7.75   output external delay
                                  7.75   data required time
-----------------------------------------------------------------------------
                                  7.75   data required time
                                 -5.24   data arrival time
-----------------------------------------------------------------------------
                                  2.51   slack (MET)


Startpoint: B[1] (input port clocked by __VIRTUAL_CLK__)
Endpoint: out[6] (output port clocked by __VIRTUAL_CLK__)
Path Group: __VIRTUAL_CLK__
Path Type: max
Corner: Typical

Fanout     Cap    Slew   Delay    Time   Description
-----------------------------------------------------------------------------
                  0.00    0.00    0.00   clock __VIRTUAL_CLK__ (rise edge)
                          0.00    0.00   clock network delay (ideal)
                          2.00    2.00 v input external delay
     1    0.00    0.01    0.01    2.01 v B[1] (in)
                                         B[1] (net)
                  0.01    0.00    2.01 v input10/A (sky130_fd_sc_hd__clkbuf_2)
     7    0.04    0.16    0.20    2.21 v input10/X (sky130_fd_sc_hd__clkbuf_2)
                                         net10 (net)
                  0.16    0.00    2.21 v _134_/B (sky130_fd_sc_hd__or3_4)
     3    0.02    0.09    0.47    2.68 v _134_/X (sky130_fd_sc_hd__or3_4)
                                         _064_ (net)
                  0.09    0.00    2.68 v _151_/A2 (sky130_fd_sc_hd__o21a_1)
     2    0.01    0.07    0.23    2.91 v _151_/X (sky130_fd_sc_hd__o21a_1)
                                         _080_ (net)
                  0.07    0.00    2.91 v _152_/B (sky130_fd_sc_hd__xnor2_1)
     2    0.02    0.37    0.34    3.26 ^ _152_/Y (sky130_fd_sc_hd__xnor2_1)
                                         _081_ (net)
                  0.37    0.00    3.26 ^ _153_/B (sky130_fd_sc_hd__and2_1)
     5    0.04    0.36    0.42    3.68 ^ _153_/X (sky130_fd_sc_hd__and2_1)
                                         _082_ (net)
                  0.36    0.00    3.69 ^ _155_/A (sky130_fd_sc_hd__nor2_1)
     2    0.01    0.11    0.15    3.84 v _155_/Y (sky130_fd_sc_hd__nor2_1)
                                         _084_ (net)
                  0.11    0.00    3.84 v _160_/B (sky130_fd_sc_hd__and2_4)
     5    0.03    0.06    0.23    4.07 v _160_/X (sky130_fd_sc_hd__and2_4)
                                         _089_ (net)
                  0.06    0.00    4.07 v _181_/A3 (sky130_fd_sc_hd__o311a_4)
     3    0.02    0.08    0.37    4.44 v _181_/X (sky130_fd_sc_hd__o311a_4)
                                         _012_ (net)
                  0.08    0.00    4.44 v _182_/B (sky130_fd_sc_hd__nor2_1)
     1    0.01    0.17    0.17    4.61 ^ _182_/Y (sky130_fd_sc_hd__nor2_1)
                                         _013_ (net)
                  0.17    0.00    4.61 ^ _187_/A2 (sky130_fd_sc_hd__a21o_1)
     1    0.00    0.04    0.15    4.76 ^ _187_/X (sky130_fd_sc_hd__a21o_1)
                                         net26 (net)
                  0.04    0.00    4.76 ^ output26/A (sky130_fd_sc_hd__buf_2)
     1    0.03    0.17    0.21    4.97 ^ output26/X (sky130_fd_sc_hd__buf_2)
                                         out[6] (net)
                  0.17    0.00    4.97 ^ out[6] (out)
                                  4.97   data arrival time

                  0.00   10.00   10.00   clock __VIRTUAL_CLK__ (rise edge)
                          0.00   10.00   clock network delay (ideal)
                         -0.25    9.75   clock uncertainty
                          0.00    9.75   clock reconvergence pessimism
                         -2.00    7.75   output external delay
                                  7.75   data required time
-----------------------------------------------------------------------------
                                  7.75   data required time
                                 -4.97   data arrival time
-----------------------------------------------------------------------------
                                  2.78   slack (MET)


Startpoint: B[1] (input port clocked by __VIRTUAL_CLK__)
Endpoint: out[5] (output port clocked by __VIRTUAL_CLK__)
Path Group: __VIRTUAL_CLK__
Path Type: max
Corner: Typical

Fanout     Cap    Slew   Delay    Time   Description
-----------------------------------------------------------------------------
                  0.00    0.00    0.00   clock __VIRTUAL_CLK__ (rise edge)
                          0.00    0.00   clock network delay (ideal)
                          2.00    2.00 v input external delay
     1    0.00    0.01    0.01    2.01 v B[1] (in)
                                         B[1] (net)
                  0.01    0.00    2.01 v input10/A (sky130_fd_sc_hd__clkbuf_2)
     7    0.04    0.16    0.20    2.21 v input10/X (sky130_fd_sc_hd__clkbuf_2)
                                         net10 (net)
                  0.16    0.00    2.21 v _134_/B (sky130_fd_sc_hd__or3_4)
     3    0.02    0.09    0.47    2.68 v _134_/X (sky130_fd_sc_hd__or3_4)
                                         _064_ (net)
                  0.09    0.00    2.68 v _151_/A2 (sky130_fd_sc_hd__o21a_1)
     2    0.01    0.07    0.23    2.91 v _151_/X (sky130_fd_sc_hd__o21a_1)
                                         _080_ (net)
                  0.07    0.00    2.91 v _152_/B (sky130_fd_sc_hd__xnor2_1)
     2    0.02    0.37    0.34    3.26 ^ _152_/Y (sky130_fd_sc_hd__xnor2_1)
                                         _081_ (net)
                  0.37    0.00    3.26 ^ _153_/B (sky130_fd_sc_hd__and2_1)
     5    0.04    0.36    0.42    3.68 ^ _153_/X (sky130_fd_sc_hd__and2_1)
                                         _082_ (net)
                  0.36    0.00    3.69 ^ _155_/A (sky130_fd_sc_hd__nor2_1)
     2    0.01    0.11    0.15    3.84 v _155_/Y (sky130_fd_sc_hd__nor2_1)
                                         _084_ (net)
                  0.11    0.00    3.84 v _160_/B (sky130_fd_sc_hd__and2_4)
     5    0.03    0.06    0.23    4.07 v _160_/X (sky130_fd_sc_hd__and2_4)
                                         _089_ (net)
                  0.06    0.00    4.07 v _168_/C1 (sky130_fd_sc_hd__a211o_1)
     1    0.01    0.09    0.29    4.37 v _168_/X (sky130_fd_sc_hd__a211o_1)
                                         _000_ (net)
                  0.09    0.00    4.37 v _174_/A2 (sky130_fd_sc_hd__a31o_1)
     2    0.01    0.09    0.28    4.65 v _174_/X (sky130_fd_sc_hd__a31o_1)
                                         net25 (net)
                  0.09    0.00    4.65 v output25/A (sky130_fd_sc_hd__buf_2)
     1    0.03    0.09    0.21    4.86 v output25/X (sky130_fd_sc_hd__buf_2)
                                         out[5] (net)
                  0.09    0.00    4.86 v out[5] (out)
                                  4.86   data arrival time

                  0.00   10.00   10.00   clock __VIRTUAL_CLK__ (rise edge)
                          0.00   10.00   clock network delay (ideal)
                         -0.25    9.75   clock uncertainty
                          0.00    9.75   clock reconvergence pessimism
                         -2.00    7.75   output external delay
                                  7.75   data required time
-----------------------------------------------------------------------------
                                  7.75   data required time
                                 -4.86   data arrival time
-----------------------------------------------------------------------------
                                  2.89   slack (MET)


Startpoint: B[1] (input port clocked by __VIRTUAL_CLK__)
Endpoint: out[4] (output port clocked by __VIRTUAL_CLK__)
Path Group: __VIRTUAL_CLK__
Path Type: max
Corner: Typical

Fanout     Cap    Slew   Delay    Time   Description
-----------------------------------------------------------------------------
                  0.00    0.00    0.00   clock __VIRTUAL_CLK__ (rise edge)
                          0.00    0.00   clock network delay (ideal)
                          2.00    2.00 v input external delay
     1    0.00    0.01    0.01    2.01 v B[1] (in)
                                         B[1] (net)
                  0.01    0.00    2.01 v input10/A (sky130_fd_sc_hd__clkbuf_2)
     7    0.04    0.16    0.20    2.21 v input10/X (sky130_fd_sc_hd__clkbuf_2)
                                         net10 (net)
                  0.16    0.00    2.21 v _134_/B (sky130_fd_sc_hd__or3_4)
     3    0.02    0.09    0.47    2.68 v _134_/X (sky130_fd_sc_hd__or3_4)
                                         _064_ (net)
                  0.09    0.00    2.68 v _151_/A2 (sky130_fd_sc_hd__o21a_1)
     2    0.01    0.07    0.23    2.91 v _151_/X (sky130_fd_sc_hd__o21a_1)
                                         _080_ (net)
                  0.07    0.00    2.91 v _152_/B (sky130_fd_sc_hd__xnor2_1)
     2    0.02    0.37    0.34    3.26 ^ _152_/Y (sky130_fd_sc_hd__xnor2_1)
                                         _081_ (net)
                  0.37    0.00    3.26 ^ _153_/B (sky130_fd_sc_hd__and2_1)
     5    0.04    0.36    0.42    3.68 ^ _153_/X (sky130_fd_sc_hd__and2_1)
                                         _082_ (net)
                  0.36    0.00    3.69 ^ _155_/A (sky130_fd_sc_hd__nor2_1)
     2    0.01    0.11    0.15    3.84 v _155_/Y (sky130_fd_sc_hd__nor2_1)
                                         _084_ (net)
                  0.11    0.00    3.84 v _160_/B (sky130_fd_sc_hd__and2_4)
     5    0.03    0.06    0.23    4.07 v _160_/X (sky130_fd_sc_hd__and2_4)
                                         _089_ (net)
                  0.06    0.00    4.07 v _161_/A3 (sky130_fd_sc_hd__o32a_1)
     1    0.01    0.06    0.31    4.39 v _161_/X (sky130_fd_sc_hd__o32a_1)
                                         _090_ (net)
                  0.06    0.00    4.39 v _162_/B (sky130_fd_sc_hd__nand2_1)
     1    0.01    0.06    0.09    4.47 ^ _162_/Y (sky130_fd_sc_hd__nand2_1)
                                         net24 (net)
                  0.06    0.00    4.47 ^ output24/A (sky130_fd_sc_hd__buf_2)
     1    0.04    0.18    0.23    4.70 ^ output24/X (sky130_fd_sc_hd__buf_2)
                                         out[4] (net)
                  0.18    0.00    4.70 ^ out[4] (out)
                                  4.70   data arrival time

                  0.00   10.00   10.00   clock __VIRTUAL_CLK__ (rise edge)
                          0.00   10.00   clock network delay (ideal)
                         -0.25    9.75   clock uncertainty
                          0.00    9.75   clock reconvergence pessimism
                         -2.00    7.75   output external delay
                                  7.75   data required time
-----------------------------------------------------------------------------
                                  7.75   data required time
                                 -4.70   data arrival time
-----------------------------------------------------------------------------
                                  3.05   slack (MET)


Startpoint: opcode[0] (input port clocked by __VIRTUAL_CLK__)
Endpoint: out[3] (output port clocked by __VIRTUAL_CLK__)
Path Group: __VIRTUAL_CLK__
Path Type: max
Corner: Typical

Fanout     Cap    Slew   Delay    Time   Description
-----------------------------------------------------------------------------
                  0.00    0.00    0.00   clock __VIRTUAL_CLK__ (rise edge)
                          0.00    0.00   clock network delay (ideal)
                          2.00    2.00 v input external delay
     1    0.01    0.02    0.01    2.01 v opcode[0] (in)
                                         opcode[0] (net)
                  0.02    0.00    2.01 v input17/A (sky130_fd_sc_hd__buf_6)
     8    0.04    0.05    0.13    2.14 v input17/X (sky130_fd_sc_hd__buf_6)
                                         net17 (net)
                  0.05    0.01    2.15 v _108_/C_N (sky130_fd_sc_hd__or3b_4)
     2    0.01    0.06    0.26    2.41 ^ _108_/X (sky130_fd_sc_hd__or3b_4)
                                         _040_ (net)
                  0.06    0.00    2.41 ^ rebuffer3/A (sky130_fd_sc_hd__clkbuf_1)
     1    0.00    0.04    0.08    2.49 ^ rebuffer3/X (sky130_fd_sc_hd__clkbuf_1)
                                         net30 (net)
                  0.04    0.00    2.49 ^ rebuffer2/A (sky130_fd_sc_hd__clkbuf_1)
     1    0.00    0.06    0.09    2.58 ^ rebuffer2/X (sky130_fd_sc_hd__clkbuf_1)
                                         net29 (net)
                  0.06    0.00    2.59 ^ clone1/A (sky130_fd_sc_hd__buf_2)
     4    0.02    0.11    0.16    2.75 ^ clone1/X (sky130_fd_sc_hd__buf_2)
                                         net28 (net)
                  0.11    0.00    2.75 ^ _110_/A2 (sky130_fd_sc_hd__a21oi_1)
     2    0.01    0.11    0.12    2.87 v _110_/Y (sky130_fd_sc_hd__a21oi_1)
                                         _042_ (net)
                  0.11    0.00    2.87 v _113_/B (sky130_fd_sc_hd__or3_4)
     3    0.02    0.09    0.44    3.31 v _113_/X (sky130_fd_sc_hd__or3_4)
                                         _045_ (net)
                  0.09    0.00    3.31 v _122_/A2 (sky130_fd_sc_hd__a21bo_4)
     3    0.02    0.05    0.26    3.57 v _122_/X (sky130_fd_sc_hd__a21bo_4)
                                         _053_ (net)
                  0.05    0.00    3.58 v _126_/A (sky130_fd_sc_hd__and2_1)
     2    0.01    0.08    0.19    3.76 v _126_/X (sky130_fd_sc_hd__and2_1)
                                         _057_ (net)
                  0.08    0.00    3.76 v _140_/B1 (sky130_fd_sc_hd__a21oi_1)
     1    0.01    0.25    0.25    4.01 ^ _140_/Y (sky130_fd_sc_hd__a21oi_1)
                                         _070_ (net)
                  0.25    0.00    4.01 ^ _141_/B (sky130_fd_sc_hd__xnor2_1)
     1    0.00    0.07    0.10    4.11 v _141_/Y (sky130_fd_sc_hd__xnor2_1)
                                         _071_ (net)
                  0.07    0.00    4.11 v _146_/A2 (sky130_fd_sc_hd__a211o_1)
     1    0.01    0.08    0.35    4.46 v _146_/X (sky130_fd_sc_hd__a211o_1)
                                         net23 (net)
                  0.08    0.00    4.46 v output23/A (sky130_fd_sc_hd__buf_2)
     1    0.03    0.09    0.20    4.66 v output23/X (sky130_fd_sc_hd__buf_2)
                                         out[3] (net)
                  0.09    0.00    4.67 v out[3] (out)
                                  4.67   data arrival time

                  0.00   10.00   10.00   clock __VIRTUAL_CLK__ (rise edge)
                          0.00   10.00   clock network delay (ideal)
                         -0.25    9.75   clock uncertainty
                          0.00    9.75   clock reconvergence pessimism
                         -2.00    7.75   output external delay
                                  7.75   data required time
-----------------------------------------------------------------------------
                                  7.75   data required time
                                 -4.67   data arrival time
-----------------------------------------------------------------------------
                                  3.08   slack (MET)


Startpoint: opcode[0] (input port clocked by __VIRTUAL_CLK__)
Endpoint: out[2] (output port clocked by __VIRTUAL_CLK__)
Path Group: __VIRTUAL_CLK__
Path Type: max
Corner: Typical

Fanout     Cap    Slew   Delay    Time   Description
-----------------------------------------------------------------------------
                  0.00    0.00    0.00   clock __VIRTUAL_CLK__ (rise edge)
                          0.00    0.00   clock network delay (ideal)
                          2.00    2.00 v input external delay
     1    0.01    0.02    0.01    2.01 v opcode[0] (in)
                                         opcode[0] (net)
                  0.02    0.00    2.01 v input17/A (sky130_fd_sc_hd__buf_6)
     8    0.04    0.05    0.13    2.14 v input17/X (sky130_fd_sc_hd__buf_6)
                                         net17 (net)
                  0.05    0.01    2.15 v _108_/C_N (sky130_fd_sc_hd__or3b_4)
     2    0.01    0.06    0.26    2.41 ^ _108_/X (sky130_fd_sc_hd__or3b_4)
                                         _040_ (net)
                  0.06    0.00    2.41 ^ rebuffer3/A (sky130_fd_sc_hd__clkbuf_1)
     1    0.00    0.04    0.08    2.49 ^ rebuffer3/X (sky130_fd_sc_hd__clkbuf_1)
                                         net30 (net)
                  0.04    0.00    2.49 ^ rebuffer2/A (sky130_fd_sc_hd__clkbuf_1)
     1    0.00    0.06    0.09    2.58 ^ rebuffer2/X (sky130_fd_sc_hd__clkbuf_1)
                                         net29 (net)
                  0.06    0.00    2.59 ^ clone1/A (sky130_fd_sc_hd__buf_2)
     4    0.02    0.11    0.16    2.75 ^ clone1/X (sky130_fd_sc_hd__buf_2)
                                         net28 (net)
                  0.11    0.00    2.75 ^ _110_/A2 (sky130_fd_sc_hd__a21oi_1)
     2    0.01    0.11    0.12    2.87 v _110_/Y (sky130_fd_sc_hd__a21oi_1)
                                         _042_ (net)
                  0.11    0.00    2.87 v _113_/B (sky130_fd_sc_hd__or3_4)
     3    0.02    0.09    0.44    3.31 v _113_/X (sky130_fd_sc_hd__or3_4)
                                         _045_ (net)
                  0.09    0.00    3.31 v _122_/A2 (sky130_fd_sc_hd__a21bo_4)
     3    0.02    0.05    0.26    3.57 v _122_/X (sky130_fd_sc_hd__a21bo_4)
                                         _053_ (net)
                  0.05    0.00    3.58 v _126_/A (sky130_fd_sc_hd__and2_1)
     2    0.01    0.08    0.19    3.76 v _126_/X (sky130_fd_sc_hd__and2_1)
                                         _057_ (net)
                  0.08    0.00    3.76 v _133_/A1 (sky130_fd_sc_hd__o21bai_1)
     1    0.01    0.32    0.32    4.09 ^ _133_/Y (sky130_fd_sc_hd__o21bai_1)
                                         net22 (net)
                  0.32    0.00    4.09 ^ output22/A (sky130_fd_sc_hd__buf_2)
     1    0.03    0.17    0.29    4.38 ^ output22/X (sky130_fd_sc_hd__buf_2)
                                         out[2] (net)
                  0.17    0.00    4.38 ^ out[2] (out)
                                  4.38   data arrival time

                  0.00   10.00   10.00   clock __VIRTUAL_CLK__ (rise edge)
                          0.00   10.00   clock network delay (ideal)
                         -0.25    9.75   clock uncertainty
                          0.00    9.75   clock reconvergence pessimism
                         -2.00    7.75   output external delay
                                  7.75   data required time
-----------------------------------------------------------------------------
                                  7.75   data required time
                                 -4.38   data arrival time
-----------------------------------------------------------------------------
                                  3.37   slack (MET)


Startpoint: opcode[1] (input port clocked by __VIRTUAL_CLK__)
Endpoint: out[1] (output port clocked by __VIRTUAL_CLK__)
Path Group: __VIRTUAL_CLK__
Path Type: max
Corner: Typical

Fanout     Cap    Slew   Delay    Time   Description
-----------------------------------------------------------------------------
                  0.00    0.00    0.00   clock __VIRTUAL_CLK__ (rise edge)
                          0.00    0.00   clock network delay (ideal)
                          2.00    2.00 v input external delay
     1    0.00    0.01    0.01    2.01 v opcode[1] (in)
                                         opcode[1] (net)
                  0.01    0.00    2.01 v input18/A (sky130_fd_sc_hd__buf_4)
     6    0.03    0.05    0.15    2.16 v input18/X (sky130_fd_sc_hd__buf_4)
                                         net18 (net)
                  0.05    0.00    2.16 v _108_/A (sky130_fd_sc_hd__or3b_4)
     2    0.01    0.08    0.43    2.60 v _108_/X (sky130_fd_sc_hd__or3b_4)
                                         _040_ (net)
                  0.08    0.00    2.60 v rebuffer3/A (sky130_fd_sc_hd__clkbuf_1)
     1    0.00    0.02    0.10    2.70 v rebuffer3/X (sky130_fd_sc_hd__clkbuf_1)
                                         net30 (net)
                  0.02    0.00    2.70 v rebuffer2/A (sky130_fd_sc_hd__clkbuf_1)
     1    0.00    0.03    0.09    2.79 v rebuffer2/X (sky130_fd_sc_hd__clkbuf_1)
                                         net29 (net)
                  0.03    0.00    2.79 v clone1/A (sky130_fd_sc_hd__buf_2)
     4    0.02    0.06    0.15    2.94 v clone1/X (sky130_fd_sc_hd__buf_2)
                                         net28 (net)
                  0.06    0.00    2.94 v _110_/A2 (sky130_fd_sc_hd__a21oi_1)
     2    0.01    0.25    0.27    3.21 ^ _110_/Y (sky130_fd_sc_hd__a21oi_1)
                                         _042_ (net)
                  0.25    0.00    3.21 ^ _112_/A1 (sky130_fd_sc_hd__o21ai_2)
     3    0.02    0.09    0.15    3.36 v _112_/Y (sky130_fd_sc_hd__o21ai_2)
                                         _044_ (net)
                  0.09    0.00    3.36 v _115_/A2 (sky130_fd_sc_hd__a31o_1)
     1    0.01    0.06    0.26    3.62 v _115_/X (sky130_fd_sc_hd__a31o_1)
                                         _047_ (net)
                  0.06    0.00    3.62 v _121_/A2 (sky130_fd_sc_hd__o21bai_1)
     1    0.01    0.23    0.23    3.84 ^ _121_/Y (sky130_fd_sc_hd__o21bai_1)
                                         net21 (net)
                  0.23    0.00    3.84 ^ output21/A (sky130_fd_sc_hd__buf_2)
     1    0.03    0.17    0.27    4.11 ^ output21/X (sky130_fd_sc_hd__buf_2)
                                         out[1] (net)
                  0.17    0.00    4.11 ^ out[1] (out)
                                  4.11   data arrival time

                  0.00   10.00   10.00   clock __VIRTUAL_CLK__ (rise edge)
                          0.00   10.00   clock network delay (ideal)
                         -0.25    9.75   clock uncertainty
                          0.00    9.75   clock reconvergence pessimism
                         -2.00    7.75   output external delay
                                  7.75   data required time
-----------------------------------------------------------------------------
                                  7.75   data required time
                                 -4.11   data arrival time
-----------------------------------------------------------------------------
                                  3.64   slack (MET)


Startpoint: opcode[2] (input port clocked by __VIRTUAL_CLK__)
Endpoint: out[0] (output port clocked by __VIRTUAL_CLK__)
Path Group: __VIRTUAL_CLK__
Path Type: max
Corner: Typical

Fanout     Cap    Slew   Delay    Time   Description
-----------------------------------------------------------------------------
                  0.00    0.00    0.00   clock __VIRTUAL_CLK__ (rise edge)
                          0.00    0.00   clock network delay (ideal)
                          2.00    2.00 ^ input external delay
     1    0.00    0.02    0.01    2.01 ^ opcode[2] (in)
                                         opcode[2] (net)
                  0.02    0.00    2.01 ^ input19/A (sky130_fd_sc_hd__buf_4)
     6    0.04    0.13    0.17    2.18 ^ input19/X (sky130_fd_sc_hd__buf_4)
                                         net19 (net)
                  0.13    0.00    2.19 ^ _099_/C_N (sky130_fd_sc_hd__or3b_1)
     1    0.01    0.10    0.43    2.61 v _099_/X (sky130_fd_sc_hd__or3b_1)
                                         _032_ (net)
                  0.10    0.00    2.62 v _100_/A (sky130_fd_sc_hd__buf_2)
     8    0.04    0.09    0.22    2.83 v _100_/X (sky130_fd_sc_hd__buf_2)
                                         _033_ (net)
                  0.09    0.00    2.83 v _106_/A2 (sky130_fd_sc_hd__o21ai_1)
     1    0.01    0.30    0.29    3.13 ^ _106_/Y (sky130_fd_sc_hd__o21ai_1)
                                         _039_ (net)
                  0.30    0.00    3.13 ^ _107_/B1 (sky130_fd_sc_hd__a31o_1)
     1    0.01    0.13    0.22    3.34 ^ _107_/X (sky130_fd_sc_hd__a31o_1)
                                         net20 (net)
                  0.13    0.00    3.34 ^ output20/A (sky130_fd_sc_hd__buf_2)
     1    0.03    0.17    0.24    3.58 ^ output20/X (sky130_fd_sc_hd__buf_2)
                                         out[0] (net)
                  0.17    0.00    3.59 ^ out[0] (out)
                                  3.59   data arrival time

                  0.00   10.00   10.00   clock __VIRTUAL_CLK__ (rise edge)
                          0.00   10.00   clock network delay (ideal)
                         -0.25    9.75   clock uncertainty
                          0.00    9.75   clock reconvergence pessimism
                         -2.00    7.75   output external delay
                                  7.75   data required time
-----------------------------------------------------------------------------
                                  7.75   data required time
                                 -3.59   data arrival time
-----------------------------------------------------------------------------
                                  4.16   slack (MET)



worst slack corner Typical: 2.5127
