
===========================================================================
report_checks -path_delay min (Hold)
============================================================================
======================= Fastest Corner ===================================

Startpoint: A[4] (input port clocked by __VIRTUAL_CLK__)
Endpoint: out[4] (output port clocked by __VIRTUAL_CLK__)
Path Group: __VIRTUAL_CLK__
Path Type: min
Corner: Fastest

Fanout     Cap    Slew   Delay    Time   Description
-----------------------------------------------------------------------------
                  0.00    0.00    0.00   clock __VIRTUAL_CLK__ (rise edge)
                          0.00    0.00   clock network delay (ideal)
                          2.00    2.00 ^ input external delay
     1    0.00    0.02    0.01    2.01 ^ A[4] (in)
                                         A[4] (net)
                  0.02    0.00    2.01 ^ input5/A (sky130_fd_sc_hd__clkbuf_2)
     6    0.03    0.14    0.13    2.14 ^ input5/X (sky130_fd_sc_hd__clkbuf_2)
                                         net5 (net)
                  0.14    0.00    2.14 ^ _161_/B2 (sky130_fd_sc_hd__o32a_1)
     1    0.01    0.05    0.08    2.22 ^ _161_/X (sky130_fd_sc_hd__o32a_1)
                                         _090_ (net)
                  0.05    0.00    2.22 ^ _162_/B (sky130_fd_sc_hd__nand2_1)
     1    0.01    0.03    0.04    2.26 v _162_/Y (sky130_fd_sc_hd__nand2_1)
                                         net24 (net)
                  0.03    0.00    2.26 v output24/A (sky130_fd_sc_hd__buf_2)
     1    0.04    0.07    0.11    2.37 v output24/X (sky130_fd_sc_hd__buf_2)
                                         out[4] (net)
                  0.07    0.00    2.37 v out[4] (out)
                                  2.37   data arrival time

                  0.00    0.00    0.00   clock __VIRTUAL_CLK__ (rise edge)
                          0.00    0.00   clock network delay (ideal)
                          0.25    0.25   clock uncertainty
                          0.00    0.25   clock reconvergence pessimism
                         -2.00   -1.75   output external delay
                                 -1.75   data required time
-----------------------------------------------------------------------------
                                 -1.75   data required time
                                 -2.37   data arrival time
-----------------------------------------------------------------------------
                                  4.12   slack (MET)


Startpoint: opcode[1] (input port clocked by __VIRTUAL_CLK__)
Endpoint: out[7] (output port clocked by __VIRTUAL_CLK__)
Path Group: __VIRTUAL_CLK__
Path Type: min
Corner: Fastest

Fanout     Cap    Slew   Delay    Time   Description
-----------------------------------------------------------------------------
                  0.00    0.00    0.00   clock __VIRTUAL_CLK__ (rise edge)
                          0.00    0.00   clock network delay (ideal)
                          2.00    2.00 ^ input external delay
     1    0.00    0.02    0.01    2.01 ^ opcode[1] (in)
                                         opcode[1] (net)
                  0.02    0.00    2.01 ^ input18/A (sky130_fd_sc_hd__buf_4)
     6    0.03    0.07    0.09    2.10 ^ input18/X (sky130_fd_sc_hd__buf_4)
                                         net18 (net)
                  0.07    0.00    2.10 ^ _127_/B (sky130_fd_sc_hd__nor2_1)
     4    0.02    0.07    0.07    2.18 v _127_/Y (sky130_fd_sc_hd__nor2_1)
                                         _058_ (net)
                  0.07    0.00    2.18 v _199_/A3 (sky130_fd_sc_hd__a31o_4)
     1    0.02    0.03    0.17    2.35 v _199_/X (sky130_fd_sc_hd__a31o_4)
                                         net27 (net)
                  0.03    0.00    2.35 v output27/A (sky130_fd_sc_hd__buf_6)
     1    0.04    0.03    0.09    2.44 v output27/X (sky130_fd_sc_hd__buf_6)
                                         out[7] (net)
                  0.03    0.00    2.44 v out[7] (out)
                                  2.44   data arrival time

                  0.00    0.00    0.00   clock __VIRTUAL_CLK__ (rise edge)
                          0.00    0.00   clock network delay (ideal)
                          0.25    0.25   clock uncertainty
                          0.00    0.25   clock reconvergence pessimism
                         -2.00   -1.75   output external delay
                                 -1.75   data required time
-----------------------------------------------------------------------------
                                 -1.75   data required time
                                 -2.44   data arrival time
-----------------------------------------------------------------------------
                                  4.19   slack (MET)


Startpoint: opcode[1] (input port clocked by __VIRTUAL_CLK__)
Endpoint: out[5] (output port clocked by __VIRTUAL_CLK__)
Path Group: __VIRTUAL_CLK__
Path Type: min
Corner: Fastest

Fanout     Cap    Slew   Delay    Time   Description
-----------------------------------------------------------------------------
                  0.00    0.00    0.00   clock __VIRTUAL_CLK__ (rise edge)
                          0.00    0.00   clock network delay (ideal)
                          2.00    2.00 ^ input external delay
     1    0.00    0.02    0.01    2.01 ^ opcode[1] (in)
                                         opcode[1] (net)
                  0.02    0.00    2.01 ^ input18/A (sky130_fd_sc_hd__buf_4)
     6    0.03    0.07    0.09    2.10 ^ input18/X (sky130_fd_sc_hd__buf_4)
                                         net18 (net)
                  0.07    0.00    2.10 ^ _127_/B (sky130_fd_sc_hd__nor2_1)
     4    0.02    0.07    0.07    2.18 v _127_/Y (sky130_fd_sc_hd__nor2_1)
                                         _058_ (net)
                  0.07    0.00    2.18 v _174_/A1 (sky130_fd_sc_hd__a31o_1)
     2    0.01    0.05    0.15    2.33 v _174_/X (sky130_fd_sc_hd__a31o_1)
                                         net25 (net)
                  0.05    0.00    2.33 v output25/A (sky130_fd_sc_hd__buf_2)
     1    0.03    0.06    0.12    2.45 v output25/X (sky130_fd_sc_hd__buf_2)
                                         out[5] (net)
                  0.06    0.00    2.45 v out[5] (out)
                                  2.45   data arrival time

                  0.00    0.00    0.00   clock __VIRTUAL_CLK__ (rise edge)
                          0.00    0.00   clock network delay (ideal)
                          0.25    0.25   clock uncertainty
                          0.00    0.25   clock reconvergence pessimism
                         -2.00   -1.75   output external delay
                                 -1.75   data required time
-----------------------------------------------------------------------------
                                 -1.75   data required time
                                 -2.45   data arrival time
-----------------------------------------------------------------------------
                                  4.20   slack (MET)


Startpoint: A[6] (input port clocked by __VIRTUAL_CLK__)
Endpoint: out[6] (output port clocked by __VIRTUAL_CLK__)
Path Group: __VIRTUAL_CLK__
Path Type: min
Corner: Fastest

Fanout     Cap    Slew   Delay    Time   Description
-----------------------------------------------------------------------------
                  0.00    0.00    0.00   clock __VIRTUAL_CLK__ (rise edge)
                          0.00    0.00   clock network delay (ideal)
                          2.00    2.00 ^ input external delay
     1    0.00    0.02    0.01    2.01 ^ A[6] (in)
                                         A[6] (net)
                  0.02    0.00    2.01 ^ input7/A (sky130_fd_sc_hd__clkbuf_2)
     6    0.04    0.15    0.14    2.15 ^ input7/X (sky130_fd_sc_hd__clkbuf_2)
                                         net7 (net)
                  0.15    0.00    2.15 ^ _186_/A1 (sky130_fd_sc_hd__a311o_1)
     1    0.01    0.06    0.12    2.27 ^ _186_/X (sky130_fd_sc_hd__a311o_1)
                                         _017_ (net)
                  0.06    0.00    2.28 ^ _187_/B1 (sky130_fd_sc_hd__a21o_1)
     1    0.00    0.03    0.05    2.33 ^ _187_/X (sky130_fd_sc_hd__a21o_1)
                                         net26 (net)
                  0.03    0.00    2.33 ^ output26/A (sky130_fd_sc_hd__buf_2)
     1    0.03    0.13    0.13    2.46 ^ output26/X (sky130_fd_sc_hd__buf_2)
                                         out[6] (net)
                  0.13    0.00    2.46 ^ out[6] (out)
                                  2.46   data arrival time

                  0.00    0.00    0.00   clock __VIRTUAL_CLK__ (rise edge)
                          0.00    0.00   clock network delay (ideal)
                          0.25    0.25   clock uncertainty
                          0.00    0.25   clock reconvergence pessimism
                         -2.00   -1.75   output external delay
                                 -1.75   data required time
-----------------------------------------------------------------------------
                                 -1.75   data required time
                                 -2.46   data arrival time
-----------------------------------------------------------------------------
                                  4.21   slack (MET)


Startpoint: opcode[2] (input port clocked by __VIRTUAL_CLK__)
Endpoint: out[0] (output port clocked by __VIRTUAL_CLK__)
Path Group: __VIRTUAL_CLK__
Path Type: min
Corner: Fastest

Fanout     Cap    Slew   Delay    Time   Description
-----------------------------------------------------------------------------
                  0.00    0.00    0.00   clock __VIRTUAL_CLK__ (rise edge)
                          0.00    0.00   clock network delay (ideal)
                          2.00    2.00 ^ input external delay
     1    0.00    0.02    0.01    2.01 ^ opcode[2] (in)
                                         opcode[2] (net)
                  0.02    0.00    2.01 ^ input19/A (sky130_fd_sc_hd__buf_4)
     6    0.04    0.09    0.11    2.12 ^ input19/X (sky130_fd_sc_hd__buf_4)
                                         net19 (net)
                  0.09    0.01    2.12 ^ _097_/A (sky130_fd_sc_hd__nor2b_4)
     9    0.05    0.06    0.06    2.18 v _097_/Y (sky130_fd_sc_hd__nor2b_4)
                                         _030_ (net)
                  0.06    0.01    2.19 v _107_/A2 (sky130_fd_sc_hd__a31o_1)
     1    0.01    0.05    0.16    2.35 v _107_/X (sky130_fd_sc_hd__a31o_1)
                                         net20 (net)
                  0.05    0.00    2.35 v output20/A (sky130_fd_sc_hd__buf_2)
     1    0.03    0.06    0.12    2.47 v output20/X (sky130_fd_sc_hd__buf_2)
                                         out[0] (net)
                  0.06    0.00    2.47 v out[0] (out)
                                  2.47   data arrival time

                  0.00    0.00    0.00   clock __VIRTUAL_CLK__ (rise edge)
                          0.00    0.00   clock network delay (ideal)
                          0.25    0.25   clock uncertainty
                          0.00    0.25   clock reconvergence pessimism
                         -2.00   -1.75   output external delay
                                 -1.75   data required time
-----------------------------------------------------------------------------
                                 -1.75   data required time
                                 -2.47   data arrival time
-----------------------------------------------------------------------------
                                  4.22   slack (MET)


Startpoint: A[3] (input port clocked by __VIRTUAL_CLK__)
Endpoint: out[3] (output port clocked by __VIRTUAL_CLK__)
Path Group: __VIRTUAL_CLK__
Path Type: min
Corner: Fastest

Fanout     Cap    Slew   Delay    Time   Description
-----------------------------------------------------------------------------
                  0.00    0.00    0.00   clock __VIRTUAL_CLK__ (rise edge)
                          0.00    0.00   clock network delay (ideal)
                          2.00    2.00 ^ input external delay
     1    0.00    0.02    0.01    2.01 ^ A[3] (in)
                                         A[3] (net)
                  0.02    0.00    2.01 ^ input4/A (sky130_fd_sc_hd__clkbuf_2)
     7    0.04    0.15    0.14    2.14 ^ input4/X (sky130_fd_sc_hd__clkbuf_2)
                                         net4 (net)
                  0.15    0.00    2.15 ^ _143_/A1 (sky130_fd_sc_hd__a31o_1)
     1    0.01    0.04    0.10    2.24 ^ _143_/X (sky130_fd_sc_hd__a31o_1)
                                         _073_ (net)
                  0.04    0.00    2.24 ^ _146_/B1 (sky130_fd_sc_hd__a211o_1)
     1    0.01    0.07    0.08    2.33 ^ _146_/X (sky130_fd_sc_hd__a211o_1)
                                         net23 (net)
                  0.07    0.00    2.33 ^ output23/A (sky130_fd_sc_hd__buf_2)
     1    0.03    0.13    0.14    2.47 ^ output23/X (sky130_fd_sc_hd__buf_2)
                                         out[3] (net)
                  0.13    0.00    2.47 ^ out[3] (out)
                                  2.47   data arrival time

                  0.00    0.00    0.00   clock __VIRTUAL_CLK__ (rise edge)
                          0.00    0.00   clock network delay (ideal)
                          0.25    0.25   clock uncertainty
                          0.00    0.25   clock reconvergence pessimism
                         -2.00   -1.75   output external delay
                                 -1.75   data required time
-----------------------------------------------------------------------------
                                 -1.75   data required time
                                 -2.47   data arrival time
-----------------------------------------------------------------------------
                                  4.22   slack (MET)


Startpoint: opcode[1] (input port clocked by __VIRTUAL_CLK__)
Endpoint: out[2] (output port clocked by __VIRTUAL_CLK__)
Path Group: __VIRTUAL_CLK__
Path Type: min
Corner: Fastest

Fanout     Cap    Slew   Delay    Time   Description
-----------------------------------------------------------------------------
                  0.00    0.00    0.00   clock __VIRTUAL_CLK__ (rise edge)
                          0.00    0.00   clock network delay (ideal)
                          2.00    2.00 ^ input external delay
     1    0.00    0.02    0.01    2.01 ^ opcode[1] (in)
                                         opcode[1] (net)
                  0.02    0.00    2.01 ^ input18/A (sky130_fd_sc_hd__buf_4)
     6    0.03    0.07    0.09    2.10 ^ input18/X (sky130_fd_sc_hd__buf_4)
                                         net18 (net)
                  0.07    0.00    2.10 ^ _127_/B (sky130_fd_sc_hd__nor2_1)
     4    0.02    0.07    0.07    2.18 v _127_/Y (sky130_fd_sc_hd__nor2_1)
                                         _058_ (net)
                  0.07    0.00    2.18 v _128_/B1 (sky130_fd_sc_hd__o21ai_1)
     1    0.01    0.10    0.10    2.28 ^ _128_/Y (sky130_fd_sc_hd__o21ai_1)
                                         _059_ (net)
                  0.10    0.00    2.28 ^ _133_/A2 (sky130_fd_sc_hd__o21bai_1)
     1    0.01    0.07    0.08    2.36 v _133_/Y (sky130_fd_sc_hd__o21bai_1)
                                         net22 (net)
                  0.07    0.00    2.36 v output22/A (sky130_fd_sc_hd__buf_2)
     1    0.03    0.06    0.12    2.49 v output22/X (sky130_fd_sc_hd__buf_2)
                                         out[2] (net)
                  0.06    0.00    2.49 v out[2] (out)
                                  2.49   data arrival time

                  0.00    0.00    0.00   clock __VIRTUAL_CLK__ (rise edge)
                          0.00    0.00   clock network delay (ideal)
                          0.25    0.25   clock uncertainty
                          0.00    0.25   clock reconvergence pessimism
                         -2.00   -1.75   output external delay
                                 -1.75   data required time
-----------------------------------------------------------------------------
                                 -1.75   data required time
                                 -2.49   data arrival time
-----------------------------------------------------------------------------
                                  4.24   slack (MET)


Startpoint: A[1] (input port clocked by __VIRTUAL_CLK__)
Endpoint: out[1] (output port clocked by __VIRTUAL_CLK__)
Path Group: __VIRTUAL_CLK__
Path Type: min
Corner: Fastest

Fanout     Cap    Slew   Delay    Time   Description
-----------------------------------------------------------------------------
                  0.00    0.00    0.00   clock __VIRTUAL_CLK__ (rise edge)
                          0.00    0.00   clock network delay (ideal)
                          2.00    2.00 v input external delay
     1    0.00    0.01    0.00    2.00 v A[1] (in)
                                         A[1] (net)
                  0.01    0.00    2.00 v input2/A (sky130_fd_sc_hd__clkbuf_2)
     6    0.04    0.10    0.11    2.12 v input2/X (sky130_fd_sc_hd__clkbuf_2)
                                         net2 (net)
                  0.10    0.00    2.12 v _112_/B1 (sky130_fd_sc_hd__o21ai_2)
     3    0.02    0.08    0.09    2.21 ^ _112_/Y (sky130_fd_sc_hd__o21ai_2)
                                         _044_ (net)
                  0.08    0.00    2.22 ^ _115_/A2 (sky130_fd_sc_hd__a31o_1)
     1    0.01    0.06    0.11    2.32 ^ _115_/X (sky130_fd_sc_hd__a31o_1)
                                         _047_ (net)
                  0.06    0.00    2.32 ^ _121_/A2 (sky130_fd_sc_hd__o21bai_1)
     1    0.01    0.05    0.06    2.38 v _121_/Y (sky130_fd_sc_hd__o21bai_1)
                                         net21 (net)
                  0.05    0.00    2.38 v output21/A (sky130_fd_sc_hd__buf_2)
     1    0.03    0.06    0.12    2.50 v output21/X (sky130_fd_sc_hd__buf_2)
                                         out[1] (net)
                  0.06    0.00    2.50 v out[1] (out)
                                  2.50   data arrival time

                  0.00    0.00    0.00   clock __VIRTUAL_CLK__ (rise edge)
                          0.00    0.00   clock network delay (ideal)
                          0.25    0.25   clock uncertainty
                          0.00    0.25   clock reconvergence pessimism
                         -2.00   -1.75   output external delay
                                 -1.75   data required time
-----------------------------------------------------------------------------
                                 -1.75   data required time
                                 -2.50   data arrival time
-----------------------------------------------------------------------------
                                  4.25   slack (MET)



worst slack corner Fastest: 4.1246
======================= Slowest Corner ===================================

Startpoint: A[4] (input port clocked by __VIRTUAL_CLK__)
Endpoint: out[4] (output port clocked by __VIRTUAL_CLK__)
Path Group: __VIRTUAL_CLK__
Path Type: min
Corner: Slowest

Fanout     Cap    Slew   Delay    Time   Description
-----------------------------------------------------------------------------
                  0.00    0.00    0.00   clock __VIRTUAL_CLK__ (rise edge)
                          0.00    0.00   clock network delay (ideal)
                          2.00    2.00 v input external delay
     1    0.00    0.02    0.01    2.01 v A[4] (in)
                                         A[4] (net)
                  0.02    0.00    2.01 v input5/A (sky130_fd_sc_hd__clkbuf_2)
     6    0.03    0.23    0.29    2.30 v input5/X (sky130_fd_sc_hd__clkbuf_2)
                                         net5 (net)
                  0.23    0.00    2.30 v _161_/B2 (sky130_fd_sc_hd__o32a_1)
     1    0.01    0.11    0.37    2.68 v _161_/X (sky130_fd_sc_hd__o32a_1)
                                         _090_ (net)
                  0.11    0.00    2.68 v _162_/B (sky130_fd_sc_hd__nand2_1)
     1    0.01    0.10    0.13    2.81 ^ _162_/Y (sky130_fd_sc_hd__nand2_1)
                                         net24 (net)
                  0.10    0.00    2.81 ^ output24/A (sky130_fd_sc_hd__buf_2)
     1    0.04    0.30    0.36    3.17 ^ output24/X (sky130_fd_sc_hd__buf_2)
                                         out[4] (net)
                  0.30    0.00    3.17 ^ out[4] (out)
                                  3.17   data arrival time

                  0.00    0.00    0.00   clock __VIRTUAL_CLK__ (rise edge)
                          0.00    0.00   clock network delay (ideal)
                          0.25    0.25   clock uncertainty
                          0.00    0.25   clock reconvergence pessimism
                         -2.00   -1.75   output external delay
                                 -1.75   data required time
-----------------------------------------------------------------------------
                                 -1.75   data required time
                                 -3.17   data arrival time
-----------------------------------------------------------------------------
                                  4.92   slack (MET)


Startpoint: opcode[1] (input port clocked by __VIRTUAL_CLK__)
Endpoint: out[7] (output port clocked by __VIRTUAL_CLK__)
Path Group: __VIRTUAL_CLK__
Path Type: min
Corner: Slowest

Fanout     Cap    Slew   Delay    Time   Description
-----------------------------------------------------------------------------
                  0.00    0.00    0.00   clock __VIRTUAL_CLK__ (rise edge)
                          0.00    0.00   clock network delay (ideal)
                          2.00    2.00 ^ input external delay
     1    0.00    0.04    0.02    2.02 ^ opcode[1] (in)
                                         opcode[1] (net)
                  0.04    0.00    2.02 ^ input18/A (sky130_fd_sc_hd__buf_4)
     6    0.03    0.15    0.24    2.26 ^ input18/X (sky130_fd_sc_hd__buf_4)
                                         net18 (net)
                  0.15    0.00    2.26 ^ _127_/B (sky130_fd_sc_hd__nor2_1)
     4    0.02    0.20    0.21    2.48 v _127_/Y (sky130_fd_sc_hd__nor2_1)
                                         _058_ (net)
                  0.20    0.00    2.48 v _199_/A3 (sky130_fd_sc_hd__a31o_4)
     1    0.02    0.09    0.50    2.97 v _199_/X (sky130_fd_sc_hd__a31o_4)
                                         net27 (net)
                  0.09    0.00    2.97 v output27/A (sky130_fd_sc_hd__buf_6)
     1    0.04    0.08    0.24    3.22 v output27/X (sky130_fd_sc_hd__buf_6)
                                         out[7] (net)
                  0.08    0.00    3.22 v out[7] (out)
                                  3.22   data arrival time

                  0.00    0.00    0.00   clock __VIRTUAL_CLK__ (rise edge)
                          0.00    0.00   clock network delay (ideal)
                          0.25    0.25   clock uncertainty
                          0.00    0.25   clock reconvergence pessimism
                         -2.00   -1.75   output external delay
                                 -1.75   data required time
-----------------------------------------------------------------------------
                                 -1.75   data required time
                                 -3.22   data arrival time
-----------------------------------------------------------------------------
                                  4.97   slack (MET)


Startpoint: A[6] (input port clocked by __VIRTUAL_CLK__)
Endpoint: out[6] (output port clocked by __VIRTUAL_CLK__)
Path Group: __VIRTUAL_CLK__
Path Type: min
Corner: Slowest

Fanout     Cap    Slew   Delay    Time   Description
-----------------------------------------------------------------------------
                  0.00    0.00    0.00   clock __VIRTUAL_CLK__ (rise edge)
                          0.00    0.00   clock network delay (ideal)
                          2.00    2.00 ^ input external delay
     1    0.00    0.04    0.02    2.02 ^ A[6] (in)
                                         A[6] (net)
                  0.04    0.00    2.02 ^ input7/A (sky130_fd_sc_hd__clkbuf_2)
     6    0.04    0.31    0.33    2.35 ^ input7/X (sky130_fd_sc_hd__clkbuf_2)
                                         net7 (net)
                  0.31    0.00    2.35 ^ _186_/A1 (sky130_fd_sc_hd__a311o_1)
     1    0.01    0.14    0.44    2.79 ^ _186_/X (sky130_fd_sc_hd__a311o_1)
                                         _017_ (net)
                  0.14    0.00    2.79 ^ _187_/B1 (sky130_fd_sc_hd__a21o_1)
     1    0.00    0.07    0.17    2.96 ^ _187_/X (sky130_fd_sc_hd__a21o_1)
                                         net26 (net)
                  0.07    0.00    2.96 ^ output26/A (sky130_fd_sc_hd__buf_2)
     1    0.03    0.28    0.33    3.29 ^ output26/X (sky130_fd_sc_hd__buf_2)
                                         out[6] (net)
                  0.28    0.00    3.29 ^ out[6] (out)
                                  3.29   data arrival time

                  0.00    0.00    0.00   clock __VIRTUAL_CLK__ (rise edge)
                          0.00    0.00   clock network delay (ideal)
                          0.25    0.25   clock uncertainty
                          0.00    0.25   clock reconvergence pessimism
                         -2.00   -1.75   output external delay
                                 -1.75   data required time
-----------------------------------------------------------------------------
                                 -1.75   data required time
                                 -3.29   data arrival time
-----------------------------------------------------------------------------
                                  5.04   slack (MET)


Startpoint: opcode[1] (input port clocked by __VIRTUAL_CLK__)
Endpoint: out[5] (output port clocked by __VIRTUAL_CLK__)
Path Group: __VIRTUAL_CLK__
Path Type: min
Corner: Slowest

Fanout     Cap    Slew   Delay    Time   Description
-----------------------------------------------------------------------------
                  0.00    0.00    0.00   clock __VIRTUAL_CLK__ (rise edge)
                          0.00    0.00   clock network delay (ideal)
                          2.00    2.00 ^ input external delay
     1    0.00    0.04    0.02    2.02 ^ opcode[1] (in)
                                         opcode[1] (net)
                  0.04    0.00    2.02 ^ input18/A (sky130_fd_sc_hd__buf_4)
     6    0.03    0.15    0.24    2.26 ^ input18/X (sky130_fd_sc_hd__buf_4)
                                         net18 (net)
                  0.15    0.00    2.26 ^ _127_/B (sky130_fd_sc_hd__nor2_1)
     4    0.02    0.20    0.21    2.48 v _127_/Y (sky130_fd_sc_hd__nor2_1)
                                         _058_ (net)
                  0.20    0.00    2.48 v _174_/A1 (sky130_fd_sc_hd__a31o_1)
     2    0.01    0.15    0.45    2.92 v _174_/X (sky130_fd_sc_hd__a31o_1)
                                         net25 (net)
                  0.15    0.00    2.92 v output25/A (sky130_fd_sc_hd__buf_2)
     1    0.03    0.17    0.36    3.29 v output25/X (sky130_fd_sc_hd__buf_2)
                                         out[5] (net)
                  0.17    0.00    3.29 v out[5] (out)
                                  3.29   data arrival time

                  0.00    0.00    0.00   clock __VIRTUAL_CLK__ (rise edge)
                          0.00    0.00   clock network delay (ideal)
                          0.25    0.25   clock uncertainty
                          0.00    0.25   clock reconvergence pessimism
                         -2.00   -1.75   output external delay
                                 -1.75   data required time
-----------------------------------------------------------------------------
                                 -1.75   data required time
                                 -3.29   data arrival time
-----------------------------------------------------------------------------
                                  5.04   slack (MET)


Startpoint: A[3] (input port clocked by __VIRTUAL_CLK__)
Endpoint: out[3] (output port clocked by __VIRTUAL_CLK__)
Path Group: __VIRTUAL_CLK__
Path Type: min
Corner: Slowest

Fanout     Cap    Slew   Delay    Time   Description
-----------------------------------------------------------------------------
                  0.00    0.00    0.00   clock __VIRTUAL_CLK__ (rise edge)
                          0.00    0.00   clock network delay (ideal)
                          2.00    2.00 ^ input external delay
     1    0.00    0.03    0.02    2.02 ^ A[3] (in)
                                         A[3] (net)
                  0.03    0.00    2.02 ^ input4/A (sky130_fd_sc_hd__clkbuf_2)
     7    0.03    0.30    0.32    2.34 ^ input4/X (sky130_fd_sc_hd__clkbuf_2)
                                         net4 (net)
                  0.30    0.00    2.34 ^ _143_/A1 (sky130_fd_sc_hd__a31o_1)
     1    0.01    0.11    0.36    2.71 ^ _143_/X (sky130_fd_sc_hd__a31o_1)
                                         _073_ (net)
                  0.11    0.00    2.71 ^ _146_/B1 (sky130_fd_sc_hd__a211o_1)
     1    0.01    0.14    0.23    2.94 ^ _146_/X (sky130_fd_sc_hd__a211o_1)
                                         net23 (net)
                  0.14    0.00    2.94 ^ output23/A (sky130_fd_sc_hd__buf_2)
     1    0.03    0.28    0.36    3.30 ^ output23/X (sky130_fd_sc_hd__buf_2)
                                         out[3] (net)
                  0.28    0.00    3.30 ^ out[3] (out)
                                  3.30   data arrival time

                  0.00    0.00    0.00   clock __VIRTUAL_CLK__ (rise edge)
                          0.00    0.00   clock network delay (ideal)
                          0.25    0.25   clock uncertainty
                          0.00    0.25   clock reconvergence pessimism
                         -2.00   -1.75   output external delay
                                 -1.75   data required time
-----------------------------------------------------------------------------
                                 -1.75   data required time
                                 -3.30   data arrival time
-----------------------------------------------------------------------------
                                  5.05   slack (MET)


Startpoint: opcode[2] (input port clocked by __VIRTUAL_CLK__)
Endpoint: out[0] (output port clocked by __VIRTUAL_CLK__)
Path Group: __VIRTUAL_CLK__
Path Type: min
Corner: Slowest

Fanout     Cap    Slew   Delay    Time   Description
-----------------------------------------------------------------------------
                  0.00    0.00    0.00   clock __VIRTUAL_CLK__ (rise edge)
                          0.00    0.00   clock network delay (ideal)
                          2.00    2.00 ^ input external delay
     1    0.00    0.04    0.02    2.02 ^ opcode[2] (in)
                                         opcode[2] (net)
                  0.04    0.00    2.02 ^ input19/A (sky130_fd_sc_hd__buf_4)
     6    0.04    0.20    0.27    2.29 ^ input19/X (sky130_fd_sc_hd__buf_4)
                                         net19 (net)
                  0.20    0.01    2.30 ^ _097_/A (sky130_fd_sc_hd__nor2b_4)
     9    0.05    0.13    0.19    2.49 v _097_/Y (sky130_fd_sc_hd__nor2b_4)
                                         _030_ (net)
                  0.13    0.01    2.49 v _107_/A2 (sky130_fd_sc_hd__a31o_1)
     1    0.01    0.14    0.45    2.94 v _107_/X (sky130_fd_sc_hd__a31o_1)
                                         net20 (net)
                  0.14    0.00    2.94 v output20/A (sky130_fd_sc_hd__buf_2)
     1    0.03    0.17    0.36    3.30 v output20/X (sky130_fd_sc_hd__buf_2)
                                         out[0] (net)
                  0.17    0.00    3.30 v out[0] (out)
                                  3.30   data arrival time

                  0.00    0.00    0.00   clock __VIRTUAL_CLK__ (rise edge)
                          0.00    0.00   clock network delay (ideal)
                          0.25    0.25   clock uncertainty
                          0.00    0.25   clock reconvergence pessimism
                         -2.00   -1.75   output external delay
                                 -1.75   data required time
-----------------------------------------------------------------------------
                                 -1.75   data required time
                                 -3.30   data arrival time
-----------------------------------------------------------------------------
                                  5.05   slack (MET)


Startpoint: A[1] (input port clocked by __VIRTUAL_CLK__)
Endpoint: out[1] (output port clocked by __VIRTUAL_CLK__)
Path Group: __VIRTUAL_CLK__
Path Type: min
Corner: Slowest

Fanout     Cap    Slew   Delay    Time   Description
-----------------------------------------------------------------------------
                  0.00    0.00    0.00   clock __VIRTUAL_CLK__ (rise edge)
                          0.00    0.00   clock network delay (ideal)
                          2.00    2.00 ^ input external delay
     1    0.00    0.03    0.02    2.02 ^ A[1] (in)
                                         A[1] (net)
                  0.03    0.00    2.02 ^ input2/A (sky130_fd_sc_hd__clkbuf_2)
     6    0.04    0.33    0.34    2.36 ^ input2/X (sky130_fd_sc_hd__clkbuf_2)
                                         net2 (net)
                  0.33    0.00    2.36 ^ _120_/A1 (sky130_fd_sc_hd__a311o_1)
     1    0.01    0.12    0.43    2.79 ^ _120_/X (sky130_fd_sc_hd__a311o_1)
                                         _052_ (net)
                  0.12    0.00    2.79 ^ _121_/B1_N (sky130_fd_sc_hd__o21bai_1)
     1    0.01    0.20    0.26    3.06 ^ _121_/Y (sky130_fd_sc_hd__o21bai_1)
                                         net21 (net)
                  0.20    0.00    3.06 ^ output21/A (sky130_fd_sc_hd__buf_2)
     1    0.03    0.27    0.38    3.44 ^ output21/X (sky130_fd_sc_hd__buf_2)
                                         out[1] (net)
                  0.27    0.00    3.44 ^ out[1] (out)
                                  3.44   data arrival time

                  0.00    0.00    0.00   clock __VIRTUAL_CLK__ (rise edge)
                          0.00    0.00   clock network delay (ideal)
                          0.25    0.25   clock uncertainty
                          0.00    0.25   clock reconvergence pessimism
                         -2.00   -1.75   output external delay
                                 -1.75   data required time
-----------------------------------------------------------------------------
                                 -1.75   data required time
                                 -3.44   data arrival time
-----------------------------------------------------------------------------
                                  5.19   slack (MET)


Startpoint: opcode[1] (input port clocked by __VIRTUAL_CLK__)
Endpoint: out[2] (output port clocked by __VIRTUAL_CLK__)
Path Group: __VIRTUAL_CLK__
Path Type: min
Corner: Slowest

Fanout     Cap    Slew   Delay    Time   Description
-----------------------------------------------------------------------------
                  0.00    0.00    0.00   clock __VIRTUAL_CLK__ (rise edge)
                          0.00    0.00   clock network delay (ideal)
                          2.00    2.00 ^ input external delay
     1    0.00    0.04    0.02    2.02 ^ opcode[1] (in)
                                         opcode[1] (net)
                  0.04    0.00    2.02 ^ input18/A (sky130_fd_sc_hd__buf_4)
     6    0.03    0.15    0.24    2.26 ^ input18/X (sky130_fd_sc_hd__buf_4)
                                         net18 (net)
                  0.15    0.00    2.26 ^ _127_/B (sky130_fd_sc_hd__nor2_1)
     4    0.02    0.20    0.21    2.48 v _127_/Y (sky130_fd_sc_hd__nor2_1)
                                         _058_ (net)
                  0.20    0.00    2.48 v _128_/B1 (sky130_fd_sc_hd__o21ai_1)
     1    0.01    0.27    0.27    2.75 ^ _128_/Y (sky130_fd_sc_hd__o21ai_1)
                                         _059_ (net)
                  0.27    0.00    2.75 ^ _133_/A2 (sky130_fd_sc_hd__o21bai_1)
     1    0.01    0.26    0.32    3.07 v _133_/Y (sky130_fd_sc_hd__o21bai_1)
                                         net22 (net)
                  0.26    0.00    3.07 v output22/A (sky130_fd_sc_hd__buf_2)
     1    0.03    0.17    0.41    3.48 v output22/X (sky130_fd_sc_hd__buf_2)
                                         out[2] (net)
                  0.17    0.00    3.48 v out[2] (out)
                                  3.48   data arrival time

                  0.00    0.00    0.00   clock __VIRTUAL_CLK__ (rise edge)
                          0.00    0.00   clock network delay (ideal)
                          0.25    0.25   clock uncertainty
                          0.00    0.25   clock reconvergence pessimism
                         -2.00   -1.75   output external delay
                                 -1.75   data required time
-----------------------------------------------------------------------------
                                 -1.75   data required time
                                 -3.48   data arrival time
-----------------------------------------------------------------------------
                                  5.23   slack (MET)



worst slack corner Slowest: 4.9177
======================= Typical Corner ===================================

Startpoint: A[4] (input port clocked by __VIRTUAL_CLK__)
Endpoint: out[4] (output port clocked by __VIRTUAL_CLK__)
Path Group: __VIRTUAL_CLK__
Path Type: min
Corner: Typical

Fanout     Cap    Slew   Delay    Time   Description
-----------------------------------------------------------------------------
                  0.00    0.00    0.00   clock __VIRTUAL_CLK__ (rise edge)
                          0.00    0.00   clock network delay (ideal)
                          2.00    2.00 ^ input external delay
     1    0.00    0.02    0.01    2.01 ^ A[4] (in)
                                         A[4] (net)
                  0.02    0.00    2.01 ^ input5/A (sky130_fd_sc_hd__clkbuf_2)
     6    0.03    0.18    0.18    2.20 ^ input5/X (sky130_fd_sc_hd__clkbuf_2)
                                         net5 (net)
                  0.18    0.00    2.20 ^ _161_/B2 (sky130_fd_sc_hd__o32a_1)
     1    0.01    0.07    0.17    2.37 ^ _161_/X (sky130_fd_sc_hd__o32a_1)
                                         _090_ (net)
                  0.07    0.00    2.37 ^ _162_/B (sky130_fd_sc_hd__nand2_1)
     1    0.00    0.05    0.06    2.43 v _162_/Y (sky130_fd_sc_hd__nand2_1)
                                         net24 (net)
                  0.05    0.00    2.43 v output24/A (sky130_fd_sc_hd__buf_2)
     1    0.04    0.09    0.18    2.61 v output24/X (sky130_fd_sc_hd__buf_2)
                                         out[4] (net)
                  0.09    0.00    2.61 v out[4] (out)
                                  2.61   data arrival time

                  0.00    0.00    0.00   clock __VIRTUAL_CLK__ (rise edge)
                          0.00    0.00   clock network delay (ideal)
                          0.25    0.25   clock uncertainty
                          0.00    0.25   clock reconvergence pessimism
                         -2.00   -1.75   output external delay
                                 -1.75   data required time
-----------------------------------------------------------------------------
                                 -1.75   data required time
                                 -2.61   data arrival time
-----------------------------------------------------------------------------
                                  4.36   slack (MET)


Startpoint: opcode[1] (input port clocked by __VIRTUAL_CLK__)
Endpoint: out[7] (output port clocked by __VIRTUAL_CLK__)
Path Group: __VIRTUAL_CLK__
Path Type: min
Corner: Typical

Fanout     Cap    Slew   Delay    Time   Description
-----------------------------------------------------------------------------
                  0.00    0.00    0.00   clock __VIRTUAL_CLK__ (rise edge)
                          0.00    0.00   clock network delay (ideal)
                          2.00    2.00 ^ input external delay
     1    0.00    0.03    0.01    2.01 ^ opcode[1] (in)
                                         opcode[1] (net)
                  0.03    0.00    2.01 ^ input18/A (sky130_fd_sc_hd__buf_4)
     6    0.03    0.09    0.13    2.15 ^ input18/X (sky130_fd_sc_hd__buf_4)
                                         net18 (net)
                  0.09    0.00    2.15 ^ _127_/B (sky130_fd_sc_hd__nor2_1)
     4    0.02    0.10    0.11    2.26 v _127_/Y (sky130_fd_sc_hd__nor2_1)
                                         _058_ (net)
                  0.10    0.00    2.26 v _199_/A3 (sky130_fd_sc_hd__a31o_4)
     1    0.02    0.05    0.27    2.53 v _199_/X (sky130_fd_sc_hd__a31o_4)
                                         net27 (net)
                  0.05    0.00    2.53 v output27/A (sky130_fd_sc_hd__buf_6)
     1    0.04    0.04    0.13    2.66 v output27/X (sky130_fd_sc_hd__buf_6)
                                         out[7] (net)
                  0.05    0.00    2.66 v out[7] (out)
                                  2.66   data arrival time

                  0.00    0.00    0.00   clock __VIRTUAL_CLK__ (rise edge)
                          0.00    0.00   clock network delay (ideal)
                          0.25    0.25   clock uncertainty
                          0.00    0.25   clock reconvergence pessimism
                         -2.00   -1.75   output external delay
                                 -1.75   data required time
-----------------------------------------------------------------------------
                                 -1.75   data required time
                                 -2.66   data arrival time
-----------------------------------------------------------------------------
                                  4.41   slack (MET)


Startpoint: opcode[1] (input port clocked by __VIRTUAL_CLK__)
Endpoint: out[5] (output port clocked by __VIRTUAL_CLK__)
Path Group: __VIRTUAL_CLK__
Path Type: min
Corner: Typical

Fanout     Cap    Slew   Delay    Time   Description
-----------------------------------------------------------------------------
                  0.00    0.00    0.00   clock __VIRTUAL_CLK__ (rise edge)
                          0.00    0.00   clock network delay (ideal)
                          2.00    2.00 ^ input external delay
     1    0.00    0.03    0.01    2.01 ^ opcode[1] (in)
                                         opcode[1] (net)
                  0.03    0.00    2.01 ^ input18/A (sky130_fd_sc_hd__buf_4)
     6    0.03    0.09    0.13    2.15 ^ input18/X (sky130_fd_sc_hd__buf_4)
                                         net18 (net)
                  0.09    0.00    2.15 ^ _127_/B (sky130_fd_sc_hd__nor2_1)
     4    0.02    0.10    0.11    2.26 v _127_/Y (sky130_fd_sc_hd__nor2_1)
                                         _058_ (net)
                  0.10    0.00    2.26 v _174_/A1 (sky130_fd_sc_hd__a31o_1)
     2    0.01    0.08    0.23    2.49 v _174_/X (sky130_fd_sc_hd__a31o_1)
                                         net25 (net)
                  0.08    0.00    2.49 v output25/A (sky130_fd_sc_hd__buf_2)
     1    0.03    0.09    0.19    2.68 v output25/X (sky130_fd_sc_hd__buf_2)
                                         out[5] (net)
                  0.09    0.00    2.68 v out[5] (out)
                                  2.68   data arrival time

                  0.00    0.00    0.00   clock __VIRTUAL_CLK__ (rise edge)
                          0.00    0.00   clock network delay (ideal)
                          0.25    0.25   clock uncertainty
                          0.00    0.25   clock reconvergence pessimism
                         -2.00   -1.75   output external delay
                                 -1.75   data required time
-----------------------------------------------------------------------------
                                 -1.75   data required time
                                 -2.68   data arrival time
-----------------------------------------------------------------------------
                                  4.43   slack (MET)


Startpoint: A[6] (input port clocked by __VIRTUAL_CLK__)
Endpoint: out[6] (output port clocked by __VIRTUAL_CLK__)
Path Group: __VIRTUAL_CLK__
Path Type: min
Corner: Typical

Fanout     Cap    Slew   Delay    Time   Description
-----------------------------------------------------------------------------
                  0.00    0.00    0.00   clock __VIRTUAL_CLK__ (rise edge)
                          0.00    0.00   clock network delay (ideal)
                          2.00    2.00 ^ input external delay
     1    0.00    0.02    0.01    2.01 ^ A[6] (in)
                                         A[6] (net)
                  0.02    0.00    2.01 ^ input7/A (sky130_fd_sc_hd__clkbuf_2)
     6    0.04    0.20    0.20    2.21 ^ input7/X (sky130_fd_sc_hd__clkbuf_2)
                                         net7 (net)
                  0.20    0.00    2.21 ^ _186_/A1 (sky130_fd_sc_hd__a311o_1)
     1    0.01    0.09    0.21    2.42 ^ _186_/X (sky130_fd_sc_hd__a311o_1)
                                         _017_ (net)
                  0.09    0.00    2.42 ^ _187_/B1 (sky130_fd_sc_hd__a21o_1)
     1    0.00    0.04    0.09    2.51 ^ _187_/X (sky130_fd_sc_hd__a21o_1)
                                         net26 (net)
                  0.04    0.00    2.51 ^ output26/A (sky130_fd_sc_hd__buf_2)
     1    0.03    0.17    0.19    2.70 ^ output26/X (sky130_fd_sc_hd__buf_2)
                                         out[6] (net)
                  0.17    0.00    2.70 ^ out[6] (out)
                                  2.70   data arrival time

                  0.00    0.00    0.00   clock __VIRTUAL_CLK__ (rise edge)
                          0.00    0.00   clock network delay (ideal)
                          0.25    0.25   clock uncertainty
                          0.00    0.25   clock reconvergence pessimism
                         -2.00   -1.75   output external delay
                                 -1.75   data required time
-----------------------------------------------------------------------------
                                 -1.75   data required time
                                 -2.70   data arrival time
-----------------------------------------------------------------------------
                                  4.45   slack (MET)


Startpoint: opcode[2] (input port clocked by __VIRTUAL_CLK__)
Endpoint: out[0] (output port clocked by __VIRTUAL_CLK__)
Path Group: __VIRTUAL_CLK__
Path Type: min
Corner: Typical

Fanout     Cap    Slew   Delay    Time   Description
-----------------------------------------------------------------------------
                  0.00    0.00    0.00   clock __VIRTUAL_CLK__ (rise edge)
                          0.00    0.00   clock network delay (ideal)
                          2.00    2.00 ^ input external delay
     1    0.00    0.02    0.01    2.01 ^ opcode[2] (in)
                                         opcode[2] (net)
                  0.02    0.00    2.01 ^ input19/A (sky130_fd_sc_hd__buf_4)
     6    0.04    0.13    0.15    2.17 ^ input19/X (sky130_fd_sc_hd__buf_4)
                                         net19 (net)
                  0.13    0.01    2.17 ^ _097_/A (sky130_fd_sc_hd__nor2b_4)
     9    0.05    0.08    0.10    2.27 v _097_/Y (sky130_fd_sc_hd__nor2b_4)
                                         _030_ (net)
                  0.08    0.01    2.27 v _107_/A2 (sky130_fd_sc_hd__a31o_1)
     1    0.01    0.07    0.24    2.52 v _107_/X (sky130_fd_sc_hd__a31o_1)
                                         net20 (net)
                  0.07    0.00    2.52 v output20/A (sky130_fd_sc_hd__buf_2)
     1    0.03    0.09    0.18    2.70 v output20/X (sky130_fd_sc_hd__buf_2)
                                         out[0] (net)
                  0.09    0.00    2.71 v out[0] (out)
                                  2.71   data arrival time

                  0.00    0.00    0.00   clock __VIRTUAL_CLK__ (rise edge)
                          0.00    0.00   clock network delay (ideal)
                          0.25    0.25   clock uncertainty
                          0.00    0.25   clock reconvergence pessimism
                         -2.00   -1.75   output external delay
                                 -1.75   data required time
-----------------------------------------------------------------------------
                                 -1.75   data required time
                                 -2.71   data arrival time
-----------------------------------------------------------------------------
                                  4.46   slack (MET)


Startpoint: A[3] (input port clocked by __VIRTUAL_CLK__)
Endpoint: out[3] (output port clocked by __VIRTUAL_CLK__)
Path Group: __VIRTUAL_CLK__
Path Type: min
Corner: Typical

Fanout     Cap    Slew   Delay    Time   Description
-----------------------------------------------------------------------------
                  0.00    0.00    0.00   clock __VIRTUAL_CLK__ (rise edge)
                          0.00    0.00   clock network delay (ideal)
                          2.00    2.00 ^ input external delay
     1    0.00    0.02    0.01    2.01 ^ A[3] (in)
                                         A[3] (net)
                  0.02    0.00    2.01 ^ input4/A (sky130_fd_sc_hd__clkbuf_2)
     7    0.04    0.19    0.19    2.20 ^ input4/X (sky130_fd_sc_hd__clkbuf_2)
                                         net4 (net)
                  0.19    0.00    2.20 ^ _143_/A1 (sky130_fd_sc_hd__a31o_1)
     1    0.01    0.06    0.17    2.38 ^ _143_/X (sky130_fd_sc_hd__a31o_1)
                                         _073_ (net)
                  0.06    0.00    2.38 ^ _146_/B1 (sky130_fd_sc_hd__a211o_1)
     1    0.01    0.09    0.13    2.50 ^ _146_/X (sky130_fd_sc_hd__a211o_1)
                                         net23 (net)
                  0.09    0.00    2.50 ^ output23/A (sky130_fd_sc_hd__buf_2)
     1    0.03    0.17    0.20    2.71 ^ output23/X (sky130_fd_sc_hd__buf_2)
                                         out[3] (net)
                  0.17    0.00    2.71 ^ out[3] (out)
                                  2.71   data arrival time

                  0.00    0.00    0.00   clock __VIRTUAL_CLK__ (rise edge)
                          0.00    0.00   clock network delay (ideal)
                          0.25    0.25   clock uncertainty
                          0.00    0.25   clock reconvergence pessimism
                         -2.00   -1.75   output external delay
                                 -1.75   data required time
-----------------------------------------------------------------------------
                                 -1.75   data required time
                                 -2.71   data arrival time
-----------------------------------------------------------------------------
                                  4.46   slack (MET)


Startpoint: opcode[1] (input port clocked by __VIRTUAL_CLK__)
Endpoint: out[2] (output port clocked by __VIRTUAL_CLK__)
Path Group: __VIRTUAL_CLK__
Path Type: min
Corner: Typical

Fanout     Cap    Slew   Delay    Time   Description
-----------------------------------------------------------------------------
                  0.00    0.00    0.00   clock __VIRTUAL_CLK__ (rise edge)
                          0.00    0.00   clock network delay (ideal)
                          2.00    2.00 ^ input external delay
     1    0.00    0.03    0.01    2.01 ^ opcode[1] (in)
                                         opcode[1] (net)
                  0.03    0.00    2.01 ^ input18/A (sky130_fd_sc_hd__buf_4)
     6    0.03    0.09    0.13    2.15 ^ input18/X (sky130_fd_sc_hd__buf_4)
                                         net18 (net)
                  0.09    0.00    2.15 ^ _127_/B (sky130_fd_sc_hd__nor2_1)
     4    0.02    0.10    0.11    2.26 v _127_/Y (sky130_fd_sc_hd__nor2_1)
                                         _058_ (net)
                  0.10    0.00    2.26 v _128_/B1 (sky130_fd_sc_hd__o21ai_1)
     1    0.01    0.16    0.15    2.41 ^ _128_/Y (sky130_fd_sc_hd__o21ai_1)
                                         _059_ (net)
                  0.16    0.00    2.41 ^ _133_/A2 (sky130_fd_sc_hd__o21bai_1)
     1    0.01    0.12    0.14    2.55 v _133_/Y (sky130_fd_sc_hd__o21bai_1)
                                         net22 (net)
                  0.12    0.00    2.55 v output22/A (sky130_fd_sc_hd__buf_2)
     1    0.03    0.09    0.20    2.75 v output22/X (sky130_fd_sc_hd__buf_2)
                                         out[2] (net)
                  0.09    0.00    2.75 v out[2] (out)
                                  2.75   data arrival time

                  0.00    0.00    0.00   clock __VIRTUAL_CLK__ (rise edge)
                          0.00    0.00   clock network delay (ideal)
                          0.25    0.25   clock uncertainty
                          0.00    0.25   clock reconvergence pessimism
                         -2.00   -1.75   output external delay
                                 -1.75   data required time
-----------------------------------------------------------------------------
                                 -1.75   data required time
                                 -2.75   data arrival time
-----------------------------------------------------------------------------
                                  4.50   slack (MET)


Startpoint: A[1] (input port clocked by __VIRTUAL_CLK__)
Endpoint: out[1] (output port clocked by __VIRTUAL_CLK__)
Path Group: __VIRTUAL_CLK__
Path Type: min
Corner: Typical

Fanout     Cap    Slew   Delay    Time   Description
-----------------------------------------------------------------------------
                  0.00    0.00    0.00   clock __VIRTUAL_CLK__ (rise edge)
                          0.00    0.00   clock network delay (ideal)
                          2.00    2.00 v input external delay
     1    0.00    0.01    0.00    2.00 v A[1] (in)
                                         A[1] (net)
                  0.01    0.00    2.00 v input2/A (sky130_fd_sc_hd__clkbuf_2)
     6    0.04    0.14    0.17    2.17 v input2/X (sky130_fd_sc_hd__clkbuf_2)
                                         net2 (net)
                  0.14    0.00    2.18 v _112_/B1 (sky130_fd_sc_hd__o21ai_2)
     3    0.02    0.12    0.13    2.31 ^ _112_/Y (sky130_fd_sc_hd__o21ai_2)
                                         _044_ (net)
                  0.12    0.00    2.31 ^ _115_/A2 (sky130_fd_sc_hd__a31o_1)
     1    0.01    0.09    0.18    2.49 ^ _115_/X (sky130_fd_sc_hd__a31o_1)
                                         _047_ (net)
                  0.09    0.00    2.49 ^ _121_/A2 (sky130_fd_sc_hd__o21bai_1)
     1    0.01    0.08    0.10    2.59 v _121_/Y (sky130_fd_sc_hd__o21bai_1)
                                         net21 (net)
                  0.08    0.00    2.59 v output21/A (sky130_fd_sc_hd__buf_2)
     1    0.03    0.09    0.19    2.78 v output21/X (sky130_fd_sc_hd__buf_2)
                                         out[1] (net)
                  0.09    0.00    2.78 v out[1] (out)
                                  2.78   data arrival time

                  0.00    0.00    0.00   clock __VIRTUAL_CLK__ (rise edge)
                          0.00    0.00   clock network delay (ideal)
                          0.25    0.25   clock uncertainty
                          0.00    0.25   clock reconvergence pessimism
                         -2.00   -1.75   output external delay
                                 -1.75   data required time
-----------------------------------------------------------------------------
                                 -1.75   data required time
                                 -2.78   data arrival time
-----------------------------------------------------------------------------
                                  4.53   slack (MET)



worst slack corner Typical: 4.3611
