
===========================================================================
report_checks -unconstrained
===========================================================================
======================= Typical Corner ===================================

Startpoint: A2[0] (input port clocked by CLK)
Endpoint: ALUResult[12] (output port clocked by CLK)
Path Group: CLK
Path Type: max

Fanout     Cap    Slew   Delay    Time   Description
-----------------------------------------------------------------------------
                  0.15    0.00    0.00   clock CLK (rise edge)
                          0.00    0.00   clock network delay (ideal)
                          2.00    2.00 ^ input external delay
     4    0.02    0.08    0.06    2.06 ^ A2[0] (in)
                                         A2[0] (net)
                  0.08    0.00    2.06 ^ _4285_/A (sky130_fd_sc_hd__buf_4)
    10    0.06    0.17    0.22    2.28 ^ _4285_/X (sky130_fd_sc_hd__buf_4)
                                         _1041_ (net)
                  0.17    0.00    2.29 ^ _4316_/A (sky130_fd_sc_hd__buf_4)
    10    0.06    0.17    0.26    2.55 ^ _4316_/X (sky130_fd_sc_hd__buf_4)
                                         _1072_ (net)
                  0.18    0.00    2.55 ^ _4416_/A (sky130_fd_sc_hd__buf_4)
    10    0.06    0.17    0.26    2.81 ^ _4416_/X (sky130_fd_sc_hd__buf_4)
                                         _1172_ (net)
                  0.17    0.00    2.81 ^ _4417_/A (sky130_fd_sc_hd__buf_4)
    10    0.06    0.18    0.27    3.08 ^ _4417_/X (sky130_fd_sc_hd__buf_4)
                                         _1173_ (net)
                  0.18    0.00    3.08 ^ _4421_/S0 (sky130_fd_sc_hd__mux4_1)
     1    0.00    0.08    0.59    3.67 v _4421_/X (sky130_fd_sc_hd__mux4_1)
                                         _1177_ (net)
                  0.08    0.00    3.67 v _4423_/A1 (sky130_fd_sc_hd__mux2_1)
     1    0.00    0.05    0.31    3.98 v _4423_/X (sky130_fd_sc_hd__mux2_1)
                                         _1179_ (net)
                  0.05    0.00    3.98 v _4432_/A0 (sky130_fd_sc_hd__mux2_1)
     1    0.01    0.10    0.36    4.34 v _4432_/X (sky130_fd_sc_hd__mux2_1)
                                         _1188_ (net)
                  0.10    0.00    4.34 v _4461_/A2 (sky130_fd_sc_hd__a21oi_2)
     2    0.01    0.20    0.25    4.59 ^ _4461_/Y (sky130_fd_sc_hd__a21oi_2)
                                         _1217_ (net)
                  0.20    0.00    4.59 ^ _4482_/A (sky130_fd_sc_hd__nand2_1)
     2    0.00    0.07    0.09    4.68 v _4482_/Y (sky130_fd_sc_hd__nand2_1)
                                         _1238_ (net)
                  0.07    0.00    4.68 v _4594_/A (sky130_fd_sc_hd__or4_1)
     1    0.00    0.08    0.53    5.21 v _4594_/X (sky130_fd_sc_hd__or4_1)
                                         _1350_ (net)
                  0.08    0.00    5.21 v _4881_/A (sky130_fd_sc_hd__or4b_1)
     1    0.00    0.08    0.54    5.75 v _4881_/X (sky130_fd_sc_hd__or4b_1)
                                         _1637_ (net)
                  0.08    0.00    5.75 v _4882_/A (sky130_fd_sc_hd__clkbuf_4)
    10    0.04    0.09    0.22    5.96 v _4882_/X (sky130_fd_sc_hd__clkbuf_4)
                                         _1638_ (net)
                  0.09    0.00    5.97 v _4883_/A (sky130_fd_sc_hd__buf_2)
    10    0.03    0.08    0.20    6.17 v _4883_/X (sky130_fd_sc_hd__buf_2)
                                         _1639_ (net)
                  0.08    0.00    6.17 v _5278_/A (sky130_fd_sc_hd__or2_1)
     2    0.00    0.05    0.25    6.42 v _5278_/X (sky130_fd_sc_hd__or2_1)
                                         _2034_ (net)
                  0.05    0.00    6.42 v _5279_/B (sky130_fd_sc_hd__and2_1)
     2    0.00    0.04    0.17    6.58 v _5279_/X (sky130_fd_sc_hd__and2_1)
                                         _2035_ (net)
                  0.04    0.00    6.58 v _5280_/B (sky130_fd_sc_hd__or2_1)
     2    0.00    0.05    0.22    6.81 v _5280_/X (sky130_fd_sc_hd__or2_1)
                                         _2036_ (net)
                  0.05    0.00    6.81 v _5281_/A1 (sky130_fd_sc_hd__mux2_1)
     2    0.01    0.07    0.33    7.13 v _5281_/X (sky130_fd_sc_hd__mux2_1)
                                         _2037_ (net)
                  0.07    0.00    7.13 v _5734_/A0 (sky130_fd_sc_hd__mux2_1)
     2    0.01    0.08    0.33    7.47 v _5734_/X (sky130_fd_sc_hd__mux2_1)
                                         _2486_ (net)
                  0.08    0.00    7.47 v _5936_/A1 (sky130_fd_sc_hd__o221a_1)
     1    0.00    0.05    0.29    7.75 v _5936_/X (sky130_fd_sc_hd__o221a_1)
                                         _2680_ (net)
                  0.05    0.00    7.75 v _5937_/B1_N (sky130_fd_sc_hd__a21bo_1)
     1    0.00    0.04    0.18    7.94 ^ _5937_/X (sky130_fd_sc_hd__a21bo_1)
                                         _2681_ (net)
                  0.04    0.00    7.94 ^ _5938_/B1 (sky130_fd_sc_hd__a21oi_1)
     1    0.00    0.06    0.04    7.97 v _5938_/Y (sky130_fd_sc_hd__a21oi_1)
                                         _2682_ (net)
                  0.06    0.00    7.97 v _5939_/B1 (sky130_fd_sc_hd__a21oi_1)
     1    0.01    0.20    0.20    8.17 ^ _5939_/Y (sky130_fd_sc_hd__a21oi_1)
                                         net52 (net)
                  0.20    0.00    8.17 ^ output52/A (sky130_fd_sc_hd__buf_2)
     1    0.03    0.17    0.26    8.43 ^ output52/X (sky130_fd_sc_hd__buf_2)
                                         ALUResult[12] (net)
                  0.17    0.00    8.43 ^ ALUResult[12] (out)
                                  8.43   data arrival time

                  0.15   10.00   10.00   clock CLK (rise edge)
                          0.00   10.00   clock network delay (ideal)
                         -0.25    9.75   clock uncertainty
                          0.00    9.75   clock reconvergence pessimism
                         -2.00    7.75   output external delay
                                  7.75   data required time
-----------------------------------------------------------------------------
                                  7.75   data required time
                                 -8.43   data arrival time
-----------------------------------------------------------------------------
                                 -0.68   slack (VIOLATED)




===========================================================================
report_checks --slack_max -0.01
============================================================================
======================= Typical Corner ===================================

Startpoint: A2[0] (input port clocked by CLK)
Endpoint: ALUResult[12] (output port clocked by CLK)
Path Group: CLK
Path Type: max

Fanout     Cap    Slew   Delay    Time   Description
-----------------------------------------------------------------------------
                  0.15    0.00    0.00   clock CLK (rise edge)
                          0.00    0.00   clock network delay (ideal)
                          2.00    2.00 ^ input external delay
     4    0.02    0.08    0.06    2.06 ^ A2[0] (in)
                                         A2[0] (net)
                  0.08    0.00    2.06 ^ _4285_/A (sky130_fd_sc_hd__buf_4)
    10    0.06    0.17    0.22    2.28 ^ _4285_/X (sky130_fd_sc_hd__buf_4)
                                         _1041_ (net)
                  0.17    0.00    2.29 ^ _4316_/A (sky130_fd_sc_hd__buf_4)
    10    0.06    0.17    0.26    2.55 ^ _4316_/X (sky130_fd_sc_hd__buf_4)
                                         _1072_ (net)
                  0.18    0.00    2.55 ^ _4416_/A (sky130_fd_sc_hd__buf_4)
    10    0.06    0.17    0.26    2.81 ^ _4416_/X (sky130_fd_sc_hd__buf_4)
                                         _1172_ (net)
                  0.17    0.00    2.81 ^ _4417_/A (sky130_fd_sc_hd__buf_4)
    10    0.06    0.18    0.27    3.08 ^ _4417_/X (sky130_fd_sc_hd__buf_4)
                                         _1173_ (net)
                  0.18    0.00    3.08 ^ _4421_/S0 (sky130_fd_sc_hd__mux4_1)
     1    0.00    0.08    0.59    3.67 v _4421_/X (sky130_fd_sc_hd__mux4_1)
                                         _1177_ (net)
                  0.08    0.00    3.67 v _4423_/A1 (sky130_fd_sc_hd__mux2_1)
     1    0.00    0.05    0.31    3.98 v _4423_/X (sky130_fd_sc_hd__mux2_1)
                                         _1179_ (net)
                  0.05    0.00    3.98 v _4432_/A0 (sky130_fd_sc_hd__mux2_1)
     1    0.01    0.10    0.36    4.34 v _4432_/X (sky130_fd_sc_hd__mux2_1)
                                         _1188_ (net)
                  0.10    0.00    4.34 v _4461_/A2 (sky130_fd_sc_hd__a21oi_2)
     2    0.01    0.20    0.25    4.59 ^ _4461_/Y (sky130_fd_sc_hd__a21oi_2)
                                         _1217_ (net)
                  0.20    0.00    4.59 ^ _4482_/A (sky130_fd_sc_hd__nand2_1)
     2    0.00    0.07    0.09    4.68 v _4482_/Y (sky130_fd_sc_hd__nand2_1)
                                         _1238_ (net)
                  0.07    0.00    4.68 v _4594_/A (sky130_fd_sc_hd__or4_1)
     1    0.00    0.08    0.53    5.21 v _4594_/X (sky130_fd_sc_hd__or4_1)
                                         _1350_ (net)
                  0.08    0.00    5.21 v _4881_/A (sky130_fd_sc_hd__or4b_1)
     1    0.00    0.08    0.54    5.75 v _4881_/X (sky130_fd_sc_hd__or4b_1)
                                         _1637_ (net)
                  0.08    0.00    5.75 v _4882_/A (sky130_fd_sc_hd__clkbuf_4)
    10    0.04    0.09    0.22    5.96 v _4882_/X (sky130_fd_sc_hd__clkbuf_4)
                                         _1638_ (net)
                  0.09    0.00    5.97 v _4883_/A (sky130_fd_sc_hd__buf_2)
    10    0.03    0.08    0.20    6.17 v _4883_/X (sky130_fd_sc_hd__buf_2)
                                         _1639_ (net)
                  0.08    0.00    6.17 v _5278_/A (sky130_fd_sc_hd__or2_1)
     2    0.00    0.05    0.25    6.42 v _5278_/X (sky130_fd_sc_hd__or2_1)
                                         _2034_ (net)
                  0.05    0.00    6.42 v _5279_/B (sky130_fd_sc_hd__and2_1)
     2    0.00    0.04    0.17    6.58 v _5279_/X (sky130_fd_sc_hd__and2_1)
                                         _2035_ (net)
                  0.04    0.00    6.58 v _5280_/B (sky130_fd_sc_hd__or2_1)
     2    0.00    0.05    0.22    6.81 v _5280_/X (sky130_fd_sc_hd__or2_1)
                                         _2036_ (net)
                  0.05    0.00    6.81 v _5281_/A1 (sky130_fd_sc_hd__mux2_1)
     2    0.01    0.07    0.33    7.13 v _5281_/X (sky130_fd_sc_hd__mux2_1)
                                         _2037_ (net)
                  0.07    0.00    7.13 v _5734_/A0 (sky130_fd_sc_hd__mux2_1)
     2    0.01    0.08    0.33    7.47 v _5734_/X (sky130_fd_sc_hd__mux2_1)
                                         _2486_ (net)
                  0.08    0.00    7.47 v _5936_/A1 (sky130_fd_sc_hd__o221a_1)
     1    0.00    0.05    0.29    7.75 v _5936_/X (sky130_fd_sc_hd__o221a_1)
                                         _2680_ (net)
                  0.05    0.00    7.75 v _5937_/B1_N (sky130_fd_sc_hd__a21bo_1)
     1    0.00    0.04    0.18    7.94 ^ _5937_/X (sky130_fd_sc_hd__a21bo_1)
                                         _2681_ (net)
                  0.04    0.00    7.94 ^ _5938_/B1 (sky130_fd_sc_hd__a21oi_1)
     1    0.00    0.06    0.04    7.97 v _5938_/Y (sky130_fd_sc_hd__a21oi_1)
                                         _2682_ (net)
                  0.06    0.00    7.97 v _5939_/B1 (sky130_fd_sc_hd__a21oi_1)
     1    0.01    0.20    0.20    8.17 ^ _5939_/Y (sky130_fd_sc_hd__a21oi_1)
                                         net52 (net)
                  0.20    0.00    8.17 ^ output52/A (sky130_fd_sc_hd__buf_2)
     1    0.03    0.17    0.26    8.43 ^ output52/X (sky130_fd_sc_hd__buf_2)
                                         ALUResult[12] (net)
                  0.17    0.00    8.43 ^ ALUResult[12] (out)
                                  8.43   data arrival time

                  0.15   10.00   10.00   clock CLK (rise edge)
                          0.00   10.00   clock network delay (ideal)
                         -0.25    9.75   clock uncertainty
                          0.00    9.75   clock reconvergence pessimism
                         -2.00    7.75   output external delay
                                  7.75   data required time
-----------------------------------------------------------------------------
                                  7.75   data required time
                                 -8.43   data arrival time
-----------------------------------------------------------------------------
                                 -0.68   slack (VIOLATED)




===========================================================================
 report_check_types -max_slew -max_cap -max_fanout -violators
============================================================================
======================= Typical Corner ===================================


max slew violations count Typical: 0
max fanout violations count Typical: 0
max cap violations count Typical: 0

===========================================================================
report_parasitic_annotation -report_unannotated
============================================================================
Found 1 unannotated drivers.
 CLK
Found 0 partially unannotated drivers.

===========================================================================
max slew violation count 0
max fanout violation count 0
max cap violation count 0
============================================================================

===========================================================================
check_setup -verbose -unconstrained_endpoints -multiple_clock -no_clock -no_input_delay -loops -generated_clocks
===========================================================================
