
===========================================================================
 report_power
============================================================================
======================= Fastest Corner ===================================

Group                  Internal  Switching    Leakage      Total
                          Power      Power      Power      Power (Watts)
----------------------------------------------------------------
Sequential             1.41e-04   0.00e+00   3.00e-08   1.42e-04  39.2%
Combinational          2.39e-06   1.23e-05   8.68e-10   1.47e-05   4.1%
Clock                  1.40e-04   6.45e-05   1.10e-09   2.05e-04  56.7%
Macro                  0.00e+00   0.00e+00   0.00e+00   0.00e+00   0.0%
Pad                    0.00e+00   0.00e+00   0.00e+00   0.00e+00   0.0%
----------------------------------------------------------------
Total                  2.84e-04   7.68e-05   3.19e-08   3.61e-04 100.0%
                          78.7%      21.3%       0.0%

======================= Slowest Corner ===================================

Group                  Internal  Switching    Leakage      Total
                          Power      Power      Power      Power (Watts)
----------------------------------------------------------------
Sequential             9.34e-05   0.00e+00   5.67e-07   9.39e-05  38.1%
Combinational          1.61e-06   8.14e-06   7.89e-07   1.05e-05   4.3%
Clock                  1.00e-04   4.19e-05   1.33e-07   1.42e-04  57.7%
Macro                  0.00e+00   0.00e+00   0.00e+00   0.00e+00   0.0%
Pad                    0.00e+00   0.00e+00   0.00e+00   0.00e+00   0.0%
----------------------------------------------------------------
Total                  1.95e-04   5.01e-05   1.49e-06   2.47e-04 100.0%
                          79.1%      20.3%       0.6%

======================= Typical Corner ===================================

Group                  Internal  Switching    Leakage      Total
                          Power      Power      Power      Power (Watts)
----------------------------------------------------------------
Sequential             1.21e-04   0.00e+00   2.97e-08   1.22e-04  39.1%
Combinational          1.97e-06   1.05e-05   6.81e-10   1.24e-05   4.0%
Clock                  1.23e-04   5.40e-05   7.54e-10   1.77e-04  56.9%
Macro                  0.00e+00   0.00e+00   0.00e+00   0.00e+00   0.0%
Pad                    0.00e+00   0.00e+00   0.00e+00   0.00e+00   0.0%
----------------------------------------------------------------
Total                  2.46e-04   6.45e-05   3.11e-08   3.11e-04 100.0%
                          79.2%      20.8%       0.0%

