
===========================================================================
report_checks -unconstrained
===========================================================================
======================= Fastest Corner ===================================

Startpoint: reset (input port clocked by clk)
Endpoint: _330_ (recovery check against rising-edge clock clk)
Path Group: asynchronous
Path Type: max
Corner: Fastest

Fanout     Cap    Slew   Delay    Time   Description
-----------------------------------------------------------------------------
                          0.00    0.00   clock clk (rise edge)
                          0.00    0.00   clock network delay (propagated)
                          2.00    2.00 v input external delay
     3    0.03    0.05    0.04    2.04 v reset (in)
                                         reset (net)
                  0.05    0.00    2.04 v _295_/A (sky130_fd_sc_hd__buf_4)
    10    0.08    0.07    0.15    2.19 v _295_/X (sky130_fd_sc_hd__buf_4)
                                         _153_ (net)
                  0.07    0.00    2.20 v _298_/A (sky130_fd_sc_hd__inv_2)
     1    0.03    0.09    0.10    2.30 ^ _298_/Y (sky130_fd_sc_hd__inv_2)
                                         _029_ (net)
                  0.09    0.00    2.30 ^ _330_/RESET_B (sky130_fd_sc_hd__dfrtp_2)
                                  2.30   data arrival time

                         10.00   10.00   clock clk (rise edge)
                          0.00   10.00   clock source latency
     1    0.02    0.07    0.04   10.04 ^ clk (in)
                                         clk (net)
                  0.07    0.00   10.04 ^ clkbuf_0_clk/A (sky130_fd_sc_hd__clkbuf_16)
     4    0.05    0.05    0.10   10.15 ^ clkbuf_0_clk/X (sky130_fd_sc_hd__clkbuf_16)
                                         clknet_0_clk (net)
                  0.05    0.00   10.15 ^ clkbuf_2_3__f_clk/A (sky130_fd_sc_hd__clkbuf_16)
     6    0.03    0.04    0.09   10.24 ^ clkbuf_2_3__f_clk/X (sky130_fd_sc_hd__clkbuf_16)
                                         clknet_2_3__leaf_clk (net)
                  0.04    0.00   10.24 ^ _330_/CLK (sky130_fd_sc_hd__dfrtp_2)
                         -0.25    9.99   clock uncertainty
                          0.00    9.99   clock reconvergence pessimism
                          0.12   10.11   library recovery time
                                 10.11   data required time
-----------------------------------------------------------------------------
                                 10.11   data required time
                                 -2.30   data arrival time
-----------------------------------------------------------------------------
                                  7.81   slack (MET)


Startpoint: _328_ (rising edge-triggered flip-flop clocked by clk)
Endpoint: count[0] (output port clocked by clk)
Path Group: clk
Path Type: max
Corner: Fastest

Fanout     Cap    Slew   Delay    Time   Description
-----------------------------------------------------------------------------
                          0.00    0.00   clock clk (rise edge)
                          0.00    0.00   clock source latency
     1    0.02    0.07    0.05    0.05 ^ clk (in)
                                         clk (net)
                  0.07    0.00    0.05 ^ clkbuf_0_clk/A (sky130_fd_sc_hd__clkbuf_16)
     4    0.05    0.05    0.12    0.16 ^ clkbuf_0_clk/X (sky130_fd_sc_hd__clkbuf_16)
                                         clknet_0_clk (net)
                  0.05    0.00    0.17 ^ clkbuf_2_0__f_clk/A (sky130_fd_sc_hd__clkbuf_16)
     9    0.03    0.04    0.10    0.27 ^ clkbuf_2_0__f_clk/X (sky130_fd_sc_hd__clkbuf_16)
                                         clknet_2_0__leaf_clk (net)
                  0.04    0.00    0.27 ^ _328_/CLK (sky130_fd_sc_hd__dfrtp_2)
     5    0.04    0.14    0.31    0.58 ^ _328_/Q (sky130_fd_sc_hd__dfrtp_2)
                                         net1 (net)
                  0.14    0.00    0.59 ^ output1/A (sky130_fd_sc_hd__buf_1)
     1    0.03    0.30    0.26    0.84 ^ output1/X (sky130_fd_sc_hd__buf_1)
                                         count[0] (net)
                  0.30    0.00    0.85 ^ count[0] (out)
                                  0.85   data arrival time

                         10.00   10.00   clock clk (rise edge)
                          0.00   10.00   clock network delay (propagated)
                         -0.25    9.75   clock uncertainty
                          0.00    9.75   clock reconvergence pessimism
                         -2.00    7.75   output external delay
                                  7.75   data required time
-----------------------------------------------------------------------------
                                  7.75   data required time
                                 -0.85   data arrival time
-----------------------------------------------------------------------------
                                  6.90   slack (MET)



======================= Slowest Corner ===================================

Startpoint: reset (input port clocked by clk)
Endpoint: _330_ (recovery check against rising-edge clock clk)
Path Group: asynchronous
Path Type: max
Corner: Slowest

Fanout     Cap    Slew   Delay    Time   Description
-----------------------------------------------------------------------------
                          0.00    0.00   clock clk (rise edge)
                          0.00    0.00   clock network delay (propagated)
                          2.00    2.00 v input external delay
     3    0.03    0.14    0.10    2.10 v reset (in)
                                         reset (net)
                  0.14    0.00    2.10 v _295_/A (sky130_fd_sc_hd__buf_4)
    10    0.08    0.19    0.43    2.53 v _295_/X (sky130_fd_sc_hd__buf_4)
                                         _153_ (net)
                  0.19    0.00    2.53 v _298_/A (sky130_fd_sc_hd__inv_2)
     1    0.03    0.19    0.25    2.78 ^ _298_/Y (sky130_fd_sc_hd__inv_2)
                                         _029_ (net)
                  0.19    0.00    2.78 ^ _330_/RESET_B (sky130_fd_sc_hd__dfrtp_2)
                                  2.78   data arrival time

                         10.00   10.00   clock clk (rise edge)
                          0.00   10.00   clock source latency
     1    0.02    0.14    0.09   10.09 ^ clk (in)
                                         clk (net)
                  0.14    0.00   10.09 ^ clkbuf_0_clk/A (sky130_fd_sc_hd__clkbuf_16)
     4    0.05    0.10    0.27   10.37 ^ clkbuf_0_clk/X (sky130_fd_sc_hd__clkbuf_16)
                                         clknet_0_clk (net)
                  0.10    0.00   10.37 ^ clkbuf_2_3__f_clk/A (sky130_fd_sc_hd__clkbuf_16)
     6    0.03    0.07    0.23   10.60 ^ clkbuf_2_3__f_clk/X (sky130_fd_sc_hd__clkbuf_16)
                                         clknet_2_3__leaf_clk (net)
                  0.07    0.00   10.60 ^ _330_/CLK (sky130_fd_sc_hd__dfrtp_2)
                         -0.25   10.35   clock uncertainty
                          0.00   10.35   clock reconvergence pessimism
                          0.39   10.74   library recovery time
                                 10.74   data required time
-----------------------------------------------------------------------------
                                 10.74   data required time
                                 -2.78   data arrival time
-----------------------------------------------------------------------------
                                  7.96   slack (MET)


Startpoint: _331_ (rising edge-triggered flip-flop clocked by clk)
Endpoint: _350_ (rising edge-triggered flip-flop clocked by clk)
Path Group: clk
Path Type: max
Corner: Slowest

Fanout     Cap    Slew   Delay    Time   Description
-----------------------------------------------------------------------------
                          0.00    0.00   clock clk (rise edge)
                          0.00    0.00   clock source latency
     1    0.02    0.14    0.10    0.10 ^ clk (in)
                                         clk (net)
                  0.14    0.00    0.10 ^ clkbuf_0_clk/A (sky130_fd_sc_hd__clkbuf_16)
     4    0.05    0.10    0.30    0.41 ^ clkbuf_0_clk/X (sky130_fd_sc_hd__clkbuf_16)
                                         clknet_0_clk (net)
                  0.10    0.00    0.41 ^ clkbuf_2_2__f_clk/A (sky130_fd_sc_hd__clkbuf_16)
     9    0.03    0.09    0.27    0.67 ^ clkbuf_2_2__f_clk/X (sky130_fd_sc_hd__clkbuf_16)
                                         clknet_2_2__leaf_clk (net)
                  0.09    0.00    0.68 ^ _331_/CLK (sky130_fd_sc_hd__dfrtp_4)
     7    0.04    0.19    1.16    1.84 v _331_/Q (sky130_fd_sc_hd__dfrtp_4)
                                         one_second_counter[0] (net)
                  0.19    0.00    1.84 v _164_/D (sky130_fd_sc_hd__and4_2)
     6    0.03    0.18    0.71    2.55 v _164_/X (sky130_fd_sc_hd__and4_2)
                                         _156_ (net)
                  0.18    0.00    2.55 v _165_/D (sky130_fd_sc_hd__and4_2)
     6    0.04    0.20    0.73    3.28 v _165_/X (sky130_fd_sc_hd__and4_2)
                                         _157_ (net)
                  0.20    0.00    3.28 v _166_/B (sky130_fd_sc_hd__and2_2)
     5    0.04    0.21    0.65    3.93 v _166_/X (sky130_fd_sc_hd__and2_2)
                                         _158_ (net)
                  0.21    0.00    3.93 v _187_/A2 (sky130_fd_sc_hd__o31a_1)
     1    0.01    0.12    0.64    4.57 v _187_/X (sky130_fd_sc_hd__o31a_1)
                                         _072_ (net)
                  0.12    0.00    4.57 v _189_/B (sky130_fd_sc_hd__or3_1)
     1    0.01    0.24    1.00    5.57 v _189_/X (sky130_fd_sc_hd__or3_1)
                                         _074_ (net)
                  0.24    0.00    5.57 v _190_/B2 (sky130_fd_sc_hd__a22oi_4)
     9    0.05    0.58    0.63    6.21 ^ _190_/Y (sky130_fd_sc_hd__a22oi_4)
                                         _075_ (net)
                  0.58    0.00    6.21 ^ _191_/A (sky130_fd_sc_hd__buf_2)
    10    0.05    0.41    0.68    6.89 ^ _191_/X (sky130_fd_sc_hd__buf_2)
                                         _076_ (net)
                  0.41    0.00    6.89 ^ _247_/B (sky130_fd_sc_hd__and3b_1)
     1    0.01    0.24    0.58    7.47 ^ _247_/X (sky130_fd_sc_hd__and3b_1)
                                         _119_ (net)
                  0.24    0.00    7.47 ^ _248_/A (sky130_fd_sc_hd__buf_1)
     1    0.02    0.44    0.51    7.98 ^ _248_/X (sky130_fd_sc_hd__buf_1)
                                         _010_ (net)
                  0.44    0.00    7.98 ^ _350_/D (sky130_fd_sc_hd__dfrtp_4)
                                  7.98   data arrival time

                         10.00   10.00   clock clk (rise edge)
                          0.00   10.00   clock source latency
     1    0.02    0.14    0.09   10.09 ^ clk (in)
                                         clk (net)
                  0.14    0.00   10.09 ^ clkbuf_0_clk/A (sky130_fd_sc_hd__clkbuf_16)
     4    0.05    0.10    0.27   10.37 ^ clkbuf_0_clk/X (sky130_fd_sc_hd__clkbuf_16)
                                         clknet_0_clk (net)
                  0.10    0.00   10.37 ^ clkbuf_2_1__f_clk/A (sky130_fd_sc_hd__clkbuf_16)
     9    0.03    0.08    0.23   10.60 ^ clkbuf_2_1__f_clk/X (sky130_fd_sc_hd__clkbuf_16)
                                         clknet_2_1__leaf_clk (net)
                  0.08    0.00   10.60 ^ _350_/CLK (sky130_fd_sc_hd__dfrtp_4)
                         -0.25   10.35   clock uncertainty
                          0.04   10.39   clock reconvergence pessimism
                         -0.23   10.16   library setup time
                                 10.16   data required time
-----------------------------------------------------------------------------
                                 10.16   data required time
                                 -7.98   data arrival time
-----------------------------------------------------------------------------
                                  2.18   slack (MET)



======================= Typical Corner ===================================

Startpoint: reset (input port clocked by clk)
Endpoint: _330_ (recovery check against rising-edge clock clk)
Path Group: asynchronous
Path Type: max
Corner: Typical

Fanout     Cap    Slew   Delay    Time   Description
-----------------------------------------------------------------------------
                          0.00    0.00   clock clk (rise edge)
                          0.00    0.00   clock network delay (propagated)
                          2.00    2.00 v input external delay
     3    0.03    0.07    0.05    2.05 v reset (in)
                                         reset (net)
                  0.07    0.00    2.05 v _295_/A (sky130_fd_sc_hd__buf_4)
    10    0.08    0.10    0.23    2.28 v _295_/X (sky130_fd_sc_hd__buf_4)
                                         _153_ (net)
                  0.10    0.00    2.29 v _298_/A (sky130_fd_sc_hd__inv_2)
     1    0.03    0.12    0.14    2.43 ^ _298_/Y (sky130_fd_sc_hd__inv_2)
                                         _029_ (net)
                  0.12    0.00    2.43 ^ _330_/RESET_B (sky130_fd_sc_hd__dfrtp_2)
                                  2.43   data arrival time

                         10.00   10.00   clock clk (rise edge)
                          0.00   10.00   clock source latency
     1    0.02    0.09    0.06   10.06 ^ clk (in)
                                         clk (net)
                  0.09    0.00   10.06 ^ clkbuf_0_clk/A (sky130_fd_sc_hd__clkbuf_16)
     4    0.05    0.06    0.15   10.21 ^ clkbuf_0_clk/X (sky130_fd_sc_hd__clkbuf_16)
                                         clknet_0_clk (net)
                  0.06    0.00   10.21 ^ clkbuf_2_3__f_clk/A (sky130_fd_sc_hd__clkbuf_16)
     6    0.03    0.05    0.13   10.35 ^ clkbuf_2_3__f_clk/X (sky130_fd_sc_hd__clkbuf_16)
                                         clknet_2_3__leaf_clk (net)
                  0.05    0.00   10.35 ^ _330_/CLK (sky130_fd_sc_hd__dfrtp_2)
                         -0.25   10.10   clock uncertainty
                          0.00   10.10   clock reconvergence pessimism
                          0.20   10.29   library recovery time
                                 10.29   data required time
-----------------------------------------------------------------------------
                                 10.29   data required time
                                 -2.43   data arrival time
-----------------------------------------------------------------------------
                                  7.86   slack (MET)


Startpoint: _331_ (rising edge-triggered flip-flop clocked by clk)
Endpoint: _350_ (rising edge-triggered flip-flop clocked by clk)
Path Group: clk
Path Type: max
Corner: Typical

Fanout     Cap    Slew   Delay    Time   Description
-----------------------------------------------------------------------------
                          0.00    0.00   clock clk (rise edge)
                          0.00    0.00   clock source latency
     1    0.02    0.09    0.07    0.07 ^ clk (in)
                                         clk (net)
                  0.09    0.00    0.07 ^ clkbuf_0_clk/A (sky130_fd_sc_hd__clkbuf_16)
     4    0.05    0.06    0.17    0.24 ^ clkbuf_0_clk/X (sky130_fd_sc_hd__clkbuf_16)
                                         clknet_0_clk (net)
                  0.06    0.00    0.24 ^ clkbuf_2_2__f_clk/A (sky130_fd_sc_hd__clkbuf_16)
     9    0.03    0.05    0.15    0.39 ^ clkbuf_2_2__f_clk/X (sky130_fd_sc_hd__clkbuf_16)
                                         clknet_2_2__leaf_clk (net)
                  0.05    0.00    0.39 ^ _331_/CLK (sky130_fd_sc_hd__dfrtp_4)
     7    0.04    0.10    0.56    0.95 v _331_/Q (sky130_fd_sc_hd__dfrtp_4)
                                         one_second_counter[0] (net)
                  0.10    0.00    0.95 v _164_/D (sky130_fd_sc_hd__and4_2)
     6    0.03    0.10    0.34    1.29 v _164_/X (sky130_fd_sc_hd__and4_2)
                                         _156_ (net)
                  0.10    0.00    1.29 v _165_/D (sky130_fd_sc_hd__and4_2)
     6    0.04    0.11    0.35    1.65 v _165_/X (sky130_fd_sc_hd__and4_2)
                                         _157_ (net)
                  0.11    0.00    1.65 v _166_/B (sky130_fd_sc_hd__and2_2)
     5    0.04    0.11    0.31    1.96 v _166_/X (sky130_fd_sc_hd__and2_2)
                                         _158_ (net)
                  0.11    0.00    1.96 v _187_/A2 (sky130_fd_sc_hd__o31a_1)
     1    0.01    0.06    0.33    2.29 v _187_/X (sky130_fd_sc_hd__o31a_1)
                                         _072_ (net)
                  0.06    0.00    2.29 v _189_/B (sky130_fd_sc_hd__or3_1)
     1    0.01    0.12    0.43    2.73 v _189_/X (sky130_fd_sc_hd__or3_1)
                                         _074_ (net)
                  0.12    0.00    2.73 v _190_/B2 (sky130_fd_sc_hd__a22oi_4)
     9    0.05    0.37    0.38    3.10 ^ _190_/Y (sky130_fd_sc_hd__a22oi_4)
                                         _075_ (net)
                  0.37    0.00    3.10 ^ _191_/A (sky130_fd_sc_hd__buf_2)
    10    0.05    0.26    0.36    3.47 ^ _191_/X (sky130_fd_sc_hd__buf_2)
                                         _076_ (net)
                  0.26    0.00    3.47 ^ _247_/B (sky130_fd_sc_hd__and3b_1)
     1    0.01    0.15    0.30    3.76 ^ _247_/X (sky130_fd_sc_hd__and3b_1)
                                         _119_ (net)
                  0.15    0.00    3.77 ^ _248_/A (sky130_fd_sc_hd__buf_1)
     1    0.02    0.28    0.28    4.05 ^ _248_/X (sky130_fd_sc_hd__buf_1)
                                         _010_ (net)
                  0.28    0.00    4.05 ^ _350_/D (sky130_fd_sc_hd__dfrtp_4)
                                  4.05   data arrival time

                         10.00   10.00   clock clk (rise edge)
                          0.00   10.00   clock source latency
     1    0.02    0.09    0.06   10.06 ^ clk (in)
                                         clk (net)
                  0.09    0.00   10.06 ^ clkbuf_0_clk/A (sky130_fd_sc_hd__clkbuf_16)
     4    0.05    0.06    0.15   10.21 ^ clkbuf_0_clk/X (sky130_fd_sc_hd__clkbuf_16)
                                         clknet_0_clk (net)
                  0.06    0.00   10.21 ^ clkbuf_2_1__f_clk/A (sky130_fd_sc_hd__clkbuf_16)
     9    0.03    0.05    0.13   10.35 ^ clkbuf_2_1__f_clk/X (sky130_fd_sc_hd__clkbuf_16)
                                         clknet_2_1__leaf_clk (net)
                  0.05    0.00   10.35 ^ _350_/CLK (sky130_fd_sc_hd__dfrtp_4)
                         -0.25   10.10   clock uncertainty
                          0.02   10.12   clock reconvergence pessimism
                         -0.12   10.00   library setup time
                                 10.00   data required time
-----------------------------------------------------------------------------
                                 10.00   data required time
                                 -4.05   data arrival time
-----------------------------------------------------------------------------
                                  5.96   slack (MET)




===========================================================================
report_checks --slack_max -0.01
============================================================================
======================= Fastest Corner ===================================

No paths found.

======================= Slowest Corner ===================================

No paths found.

======================= Typical Corner ===================================

No paths found.


===========================================================================
 report_check_types -max_slew -max_cap -max_fanout -violators
============================================================================
======================= Fastest Corner ===================================


max slew violations count Fastest: 0
max fanout violations count Fastest: 0
max cap violations count Fastest: 0
======================= Slowest Corner ===================================


max slew violations count Slowest: 0
max fanout violations count Slowest: 0
max cap violations count Slowest: 0
======================= Typical Corner ===================================


max slew violations count Typical: 0
max fanout violations count Typical: 0
max cap violations count Typical: 0

===========================================================================
report_parasitic_annotation -report_unannotated
============================================================================
Found 3 unannotated drivers.
 clkload0/X
 clkload1/X
 clkload2/Y
Found 0 partially unannotated drivers.

===========================================================================
max slew violation count 0
max fanout violation count 0
max cap violation count 0
============================================================================

===========================================================================
check_setup -verbose -unconstrained_endpoints -multiple_clock -no_clock -no_input_delay -loops -generated_clocks
===========================================================================
