
===========================================================================
report_checks -unconstrained
===========================================================================
======================= Fastest Corner ===================================

Startpoint: opcode[0] (input port clocked by __VIRTUAL_CLK__)
Endpoint: out[7] (output port clocked by __VIRTUAL_CLK__)
Path Group: __VIRTUAL_CLK__
Path Type: max
Corner: Fastest

Fanout     Cap    Slew   Delay    Time   Description
-----------------------------------------------------------------------------
                  0.00    0.00    0.00   clock __VIRTUAL_CLK__ (rise edge)
                          0.00    0.00   clock network delay (ideal)
                          2.00    2.00 v input external delay
     1    0.01    0.01    0.01    2.01 v opcode[0] (in)
                                         opcode[0] (net)
                  0.01    0.00    2.01 v input17/A (sky130_fd_sc_hd__buf_6)
     8    0.04    0.03    0.09    2.09 v input17/X (sky130_fd_sc_hd__buf_6)
                                         net17 (net)
                  0.04    0.00    2.09 v _108_/C_N (sky130_fd_sc_hd__or3b_4)
     2    0.01    0.04    0.17    2.26 ^ _108_/X (sky130_fd_sc_hd__or3b_4)
                                         _040_ (net)
                  0.04    0.00    2.26 ^ rebuffer3/A (sky130_fd_sc_hd__clkbuf_1)
     1    0.00    0.03    0.05    2.32 ^ rebuffer3/X (sky130_fd_sc_hd__clkbuf_1)
                                         net30 (net)
                  0.03    0.00    2.32 ^ rebuffer2/A (sky130_fd_sc_hd__clkbuf_1)
     1    0.00    0.04    0.06    2.37 ^ rebuffer2/X (sky130_fd_sc_hd__clkbuf_1)
                                         net29 (net)
                  0.04    0.00    2.37 ^ clone1/A (sky130_fd_sc_hd__buf_2)
     4    0.02    0.07    0.10    2.48 ^ clone1/X (sky130_fd_sc_hd__buf_2)
                                         net28 (net)
                  0.07    0.00    2.48 ^ _110_/A2 (sky130_fd_sc_hd__a21oi_1)
     2    0.01    0.07    0.07    2.55 v _110_/Y (sky130_fd_sc_hd__a21oi_1)
                                         _042_ (net)
                  0.07    0.00    2.55 v _113_/B (sky130_fd_sc_hd__or3_4)
     3    0.02    0.06    0.26    2.81 v _113_/X (sky130_fd_sc_hd__or3_4)
                                         _045_ (net)
                  0.06    0.00    2.81 v _122_/A2 (sky130_fd_sc_hd__a21bo_4)
     3    0.01    0.04    0.16    2.97 v _122_/X (sky130_fd_sc_hd__a21bo_4)
                                         _053_ (net)
                  0.04    0.00    2.98 v _158_/A1 (sky130_fd_sc_hd__a31o_1)
     2    0.01    0.05    0.14    3.12 v _158_/X (sky130_fd_sc_hd__a31o_1)
                                         _087_ (net)
                  0.05    0.00    3.12 v _160_/A (sky130_fd_sc_hd__and2_4)
     5    0.02    0.04    0.12    3.24 v _160_/X (sky130_fd_sc_hd__and2_4)
                                         _089_ (net)
                  0.04    0.00    3.24 v _181_/A3 (sky130_fd_sc_hd__o311a_4)
     3    0.02    0.06    0.23    3.47 v _181_/X (sky130_fd_sc_hd__o311a_4)
                                         _012_ (net)
                  0.06    0.00    3.47 v _195_/B (sky130_fd_sc_hd__or3_4)
     1    0.00    0.05    0.24    3.70 v _195_/X (sky130_fd_sc_hd__or3_4)
                                         _025_ (net)
                  0.05    0.00    3.70 v _199_/A1 (sky130_fd_sc_hd__a31o_4)
     1    0.02    0.04    0.16    3.87 v _199_/X (sky130_fd_sc_hd__a31o_4)
                                         net27 (net)
                  0.04    0.00    3.87 v output27/A (sky130_fd_sc_hd__buf_6)
     1    0.04    0.03    0.10    3.97 v output27/X (sky130_fd_sc_hd__buf_6)
                                         out[7] (net)
                  0.03    0.00    3.97 v out[7] (out)
                                  3.97   data arrival time

                  0.00   10.00   10.00   clock __VIRTUAL_CLK__ (rise edge)
                          0.00   10.00   clock network delay (ideal)
                         -0.25    9.75   clock uncertainty
                          0.00    9.75   clock reconvergence pessimism
                         -2.00    7.75   output external delay
                                  7.75   data required time
-----------------------------------------------------------------------------
                                  7.75   data required time
                                 -3.97   data arrival time
-----------------------------------------------------------------------------
                                  3.78   slack (MET)



======================= Slowest Corner ===================================

Startpoint: opcode[1] (input port clocked by __VIRTUAL_CLK__)
Endpoint: out[7] (output port clocked by __VIRTUAL_CLK__)
Path Group: __VIRTUAL_CLK__
Path Type: max
Corner: Slowest

Fanout     Cap    Slew   Delay    Time   Description
-----------------------------------------------------------------------------
                  0.00    0.00    0.00   clock __VIRTUAL_CLK__ (rise edge)
                          0.00    0.00   clock network delay (ideal)
                          2.00    2.00 v input external delay
     1    0.00    0.02    0.01    2.01 v opcode[1] (in)
                                         opcode[1] (net)
                  0.02    0.00    2.01 v input18/A (sky130_fd_sc_hd__buf_4)
     6    0.02    0.09    0.28    2.29 v input18/X (sky130_fd_sc_hd__buf_4)
                                         net18 (net)
                  0.09    0.00    2.29 v _108_/A (sky130_fd_sc_hd__or3b_4)
     2    0.01    0.14    0.83    3.13 v _108_/X (sky130_fd_sc_hd__or3b_4)
                                         _040_ (net)
                  0.14    0.00    3.13 v _109_/A (sky130_fd_sc_hd__buf_6)
     5    0.02    0.06    0.27    3.40 v _109_/X (sky130_fd_sc_hd__buf_6)
                                         _041_ (net)
                  0.06    0.00    3.40 v _111_/A (sky130_fd_sc_hd__and3_1)
     2    0.01    0.13    0.36    3.76 v _111_/X (sky130_fd_sc_hd__and3_1)
                                         _043_ (net)
                  0.13    0.00    3.76 v _113_/C (sky130_fd_sc_hd__or3_4)
     3    0.02    0.15    0.76    4.52 v _113_/X (sky130_fd_sc_hd__or3_4)
                                         _045_ (net)
                  0.15    0.00    4.52 v _122_/A2 (sky130_fd_sc_hd__a21bo_4)
     3    0.01    0.08    0.47    4.99 v _122_/X (sky130_fd_sc_hd__a21bo_4)
                                         _053_ (net)
                  0.08    0.00    4.99 v _158_/A1 (sky130_fd_sc_hd__a31o_1)
     2    0.01    0.13    0.41    5.40 v _158_/X (sky130_fd_sc_hd__a31o_1)
                                         _087_ (net)
                  0.13    0.00    5.40 v _160_/A (sky130_fd_sc_hd__and2_4)
     5    0.03    0.09    0.34    5.74 v _160_/X (sky130_fd_sc_hd__and2_4)
                                         _089_ (net)
                  0.09    0.00    5.74 v _181_/A3 (sky130_fd_sc_hd__o311a_4)
     3    0.02    0.13    0.66    6.40 v _181_/X (sky130_fd_sc_hd__o311a_4)
                                         _012_ (net)
                  0.13    0.00    6.40 v _195_/B (sky130_fd_sc_hd__or3_4)
     1    0.00    0.12    0.77    7.17 v _195_/X (sky130_fd_sc_hd__or3_4)
                                         _025_ (net)
                  0.12    0.00    7.17 v _199_/A1 (sky130_fd_sc_hd__a31o_4)
     1    0.02    0.09    0.47    7.64 v _199_/X (sky130_fd_sc_hd__a31o_4)
                                         net27 (net)
                  0.09    0.00    7.64 v output27/A (sky130_fd_sc_hd__buf_6)
     1    0.04    0.08    0.27    7.91 v output27/X (sky130_fd_sc_hd__buf_6)
                                         out[7] (net)
                  0.08    0.00    7.91 v out[7] (out)
                                  7.91   data arrival time

                  0.00   10.00   10.00   clock __VIRTUAL_CLK__ (rise edge)
                          0.00   10.00   clock network delay (ideal)
                         -0.25    9.75   clock uncertainty
                          0.00    9.75   clock reconvergence pessimism
                         -2.00    7.75   output external delay
                                  7.75   data required time
-----------------------------------------------------------------------------
                                  7.75   data required time
                                 -7.91   data arrival time
-----------------------------------------------------------------------------
                                 -0.16   slack (VIOLATED)



======================= Typical Corner ===================================

Startpoint: opcode[1] (input port clocked by __VIRTUAL_CLK__)
Endpoint: out[7] (output port clocked by __VIRTUAL_CLK__)
Path Group: __VIRTUAL_CLK__
Path Type: max
Corner: Typical

Fanout     Cap    Slew   Delay    Time   Description
-----------------------------------------------------------------------------
                  0.00    0.00    0.00   clock __VIRTUAL_CLK__ (rise edge)
                          0.00    0.00   clock network delay (ideal)
                          2.00    2.00 v input external delay
     1    0.00    0.01    0.01    2.01 v opcode[1] (in)
                                         opcode[1] (net)
                  0.01    0.00    2.01 v input18/A (sky130_fd_sc_hd__buf_4)
     6    0.02    0.05    0.15    2.16 v input18/X (sky130_fd_sc_hd__buf_4)
                                         net18 (net)
                  0.05    0.00    2.16 v _108_/A (sky130_fd_sc_hd__or3b_4)
     2    0.01    0.08    0.43    2.58 v _108_/X (sky130_fd_sc_hd__or3b_4)
                                         _040_ (net)
                  0.08    0.00    2.58 v _109_/A (sky130_fd_sc_hd__buf_6)
     5    0.02    0.03    0.15    2.73 v _109_/X (sky130_fd_sc_hd__buf_6)
                                         _041_ (net)
                  0.03    0.00    2.73 v _111_/A (sky130_fd_sc_hd__and3_1)
     2    0.01    0.06    0.17    2.90 v _111_/X (sky130_fd_sc_hd__and3_1)
                                         _043_ (net)
                  0.06    0.00    2.90 v _113_/C (sky130_fd_sc_hd__or3_4)
     3    0.02    0.08    0.38    3.28 v _113_/X (sky130_fd_sc_hd__or3_4)
                                         _045_ (net)
                  0.08    0.00    3.28 v _122_/A2 (sky130_fd_sc_hd__a21bo_4)
     3    0.01    0.05    0.26    3.54 v _122_/X (sky130_fd_sc_hd__a21bo_4)
                                         _053_ (net)
                  0.05    0.00    3.54 v _158_/A1 (sky130_fd_sc_hd__a31o_1)
     2    0.01    0.07    0.22    3.76 v _158_/X (sky130_fd_sc_hd__a31o_1)
                                         _087_ (net)
                  0.07    0.00    3.76 v _160_/A (sky130_fd_sc_hd__and2_4)
     5    0.02    0.05    0.18    3.94 v _160_/X (sky130_fd_sc_hd__and2_4)
                                         _089_ (net)
                  0.05    0.00    3.94 v _181_/A3 (sky130_fd_sc_hd__o311a_4)
     3    0.02    0.07    0.36    4.30 v _181_/X (sky130_fd_sc_hd__o311a_4)
                                         _012_ (net)
                  0.07    0.00    4.30 v _195_/B (sky130_fd_sc_hd__or3_4)
     1    0.00    0.07    0.39    4.69 v _195_/X (sky130_fd_sc_hd__or3_4)
                                         _025_ (net)
                  0.07    0.00    4.69 v _199_/A1 (sky130_fd_sc_hd__a31o_4)
     1    0.02    0.05    0.25    4.94 v _199_/X (sky130_fd_sc_hd__a31o_4)
                                         net27 (net)
                  0.05    0.00    4.94 v output27/A (sky130_fd_sc_hd__buf_6)
     1    0.04    0.04    0.15    5.09 v output27/X (sky130_fd_sc_hd__buf_6)
                                         out[7] (net)
                  0.04    0.00    5.09 v out[7] (out)
                                  5.09   data arrival time

                  0.00   10.00   10.00   clock __VIRTUAL_CLK__ (rise edge)
                          0.00   10.00   clock network delay (ideal)
                         -0.25    9.75   clock uncertainty
                          0.00    9.75   clock reconvergence pessimism
                         -2.00    7.75   output external delay
                                  7.75   data required time
-----------------------------------------------------------------------------
                                  7.75   data required time
                                 -5.09   data arrival time
-----------------------------------------------------------------------------
                                  2.66   slack (MET)




===========================================================================
report_checks --slack_max -0.01
============================================================================
======================= Fastest Corner ===================================

No paths found.

======================= Slowest Corner ===================================

Startpoint: opcode[1] (input port clocked by __VIRTUAL_CLK__)
Endpoint: out[7] (output port clocked by __VIRTUAL_CLK__)
Path Group: __VIRTUAL_CLK__
Path Type: max
Corner: Slowest

Fanout     Cap    Slew   Delay    Time   Description
-----------------------------------------------------------------------------
                  0.00    0.00    0.00   clock __VIRTUAL_CLK__ (rise edge)
                          0.00    0.00   clock network delay (ideal)
                          2.00    2.00 v input external delay
     1    0.00    0.02    0.01    2.01 v opcode[1] (in)
                                         opcode[1] (net)
                  0.02    0.00    2.01 v input18/A (sky130_fd_sc_hd__buf_4)
     6    0.02    0.09    0.28    2.29 v input18/X (sky130_fd_sc_hd__buf_4)
                                         net18 (net)
                  0.09    0.00    2.29 v _108_/A (sky130_fd_sc_hd__or3b_4)
     2    0.01    0.14    0.83    3.13 v _108_/X (sky130_fd_sc_hd__or3b_4)
                                         _040_ (net)
                  0.14    0.00    3.13 v _109_/A (sky130_fd_sc_hd__buf_6)
     5    0.02    0.06    0.27    3.40 v _109_/X (sky130_fd_sc_hd__buf_6)
                                         _041_ (net)
                  0.06    0.00    3.40 v _111_/A (sky130_fd_sc_hd__and3_1)
     2    0.01    0.13    0.36    3.76 v _111_/X (sky130_fd_sc_hd__and3_1)
                                         _043_ (net)
                  0.13    0.00    3.76 v _113_/C (sky130_fd_sc_hd__or3_4)
     3    0.02    0.15    0.76    4.52 v _113_/X (sky130_fd_sc_hd__or3_4)
                                         _045_ (net)
                  0.15    0.00    4.52 v _122_/A2 (sky130_fd_sc_hd__a21bo_4)
     3    0.01    0.08    0.47    4.99 v _122_/X (sky130_fd_sc_hd__a21bo_4)
                                         _053_ (net)
                  0.08    0.00    4.99 v _158_/A1 (sky130_fd_sc_hd__a31o_1)
     2    0.01    0.13    0.41    5.40 v _158_/X (sky130_fd_sc_hd__a31o_1)
                                         _087_ (net)
                  0.13    0.00    5.40 v _160_/A (sky130_fd_sc_hd__and2_4)
     5    0.03    0.09    0.34    5.74 v _160_/X (sky130_fd_sc_hd__and2_4)
                                         _089_ (net)
                  0.09    0.00    5.74 v _181_/A3 (sky130_fd_sc_hd__o311a_4)
     3    0.02    0.13    0.66    6.40 v _181_/X (sky130_fd_sc_hd__o311a_4)
                                         _012_ (net)
                  0.13    0.00    6.40 v _195_/B (sky130_fd_sc_hd__or3_4)
     1    0.00    0.12    0.77    7.17 v _195_/X (sky130_fd_sc_hd__or3_4)
                                         _025_ (net)
                  0.12    0.00    7.17 v _199_/A1 (sky130_fd_sc_hd__a31o_4)
     1    0.02    0.09    0.47    7.64 v _199_/X (sky130_fd_sc_hd__a31o_4)
                                         net27 (net)
                  0.09    0.00    7.64 v output27/A (sky130_fd_sc_hd__buf_6)
     1    0.04    0.08    0.27    7.91 v output27/X (sky130_fd_sc_hd__buf_6)
                                         out[7] (net)
                  0.08    0.00    7.91 v out[7] (out)
                                  7.91   data arrival time

                  0.00   10.00   10.00   clock __VIRTUAL_CLK__ (rise edge)
                          0.00   10.00   clock network delay (ideal)
                         -0.25    9.75   clock uncertainty
                          0.00    9.75   clock reconvergence pessimism
                         -2.00    7.75   output external delay
                                  7.75   data required time
-----------------------------------------------------------------------------
                                  7.75   data required time
                                 -7.91   data arrival time
-----------------------------------------------------------------------------
                                 -0.16   slack (VIOLATED)



======================= Typical Corner ===================================

No paths found.


===========================================================================
 report_check_types -max_slew -max_cap -max_fanout -violators
============================================================================
======================= Fastest Corner ===================================


max slew violations count Fastest: 0
max fanout violations count Fastest: 0
max cap violations count Fastest: 0
======================= Slowest Corner ===================================


max slew violations count Slowest: 0
max fanout violations count Slowest: 0
max cap violations count Slowest: 0
======================= Typical Corner ===================================


max slew violations count Typical: 0
max fanout violations count Typical: 0
max cap violations count Typical: 0

===========================================================================
report_parasitic_annotation -report_unannotated
============================================================================
Found 0 unannotated drivers.
Found 0 partially unannotated drivers.

===========================================================================
max slew violation count 0
max fanout violation count 0
max cap violation count 0
============================================================================

===========================================================================
check_setup -verbose -unconstrained_endpoints -multiple_clock -no_clock -no_input_delay -loops -generated_clocks
===========================================================================
