
===========================================================================
report_checks -path_delay max (Setup)
============================================================================
======================= Fastest Corner ===================================

Startpoint: opcode[0] (input port clocked by __VIRTUAL_CLK__)
Endpoint: out[7] (output port clocked by __VIRTUAL_CLK__)
Path Group: __VIRTUAL_CLK__
Path Type: max
Corner: Fastest

Fanout     Cap    Slew   Delay    Time   Description
-----------------------------------------------------------------------------
                  0.00    0.00    0.00   clock __VIRTUAL_CLK__ (rise edge)
                          0.00    0.00   clock network delay (ideal)
                          2.00    2.00 v input external delay
     1    0.01    0.01    0.01    2.01 v opcode[0] (in)
                                         opcode[0] (net)
                  0.01    0.00    2.01 v input17/A (sky130_fd_sc_hd__buf_6)
     8    0.04    0.03    0.09    2.09 v input17/X (sky130_fd_sc_hd__buf_6)
                                         net17 (net)
                  0.04    0.00    2.09 v _108_/C_N (sky130_fd_sc_hd__or3b_4)
     2    0.01    0.04    0.17    2.26 ^ _108_/X (sky130_fd_sc_hd__or3b_4)
                                         _040_ (net)
                  0.04    0.00    2.26 ^ rebuffer3/A (sky130_fd_sc_hd__clkbuf_1)
     1    0.00    0.03    0.05    2.32 ^ rebuffer3/X (sky130_fd_sc_hd__clkbuf_1)
                                         net30 (net)
                  0.03    0.00    2.32 ^ rebuffer2/A (sky130_fd_sc_hd__clkbuf_1)
     1    0.00    0.04    0.06    2.37 ^ rebuffer2/X (sky130_fd_sc_hd__clkbuf_1)
                                         net29 (net)
                  0.04    0.00    2.37 ^ clone1/A (sky130_fd_sc_hd__buf_2)
     4    0.02    0.07    0.10    2.48 ^ clone1/X (sky130_fd_sc_hd__buf_2)
                                         net28 (net)
                  0.07    0.00    2.48 ^ _110_/A2 (sky130_fd_sc_hd__a21oi_1)
     2    0.01    0.07    0.07    2.55 v _110_/Y (sky130_fd_sc_hd__a21oi_1)
                                         _042_ (net)
                  0.07    0.00    2.55 v _113_/B (sky130_fd_sc_hd__or3_4)
     3    0.02    0.06    0.26    2.81 v _113_/X (sky130_fd_sc_hd__or3_4)
                                         _045_ (net)
                  0.06    0.00    2.81 v _122_/A2 (sky130_fd_sc_hd__a21bo_4)
     3    0.01    0.04    0.16    2.97 v _122_/X (sky130_fd_sc_hd__a21bo_4)
                                         _053_ (net)
                  0.04    0.00    2.98 v _158_/A1 (sky130_fd_sc_hd__a31o_1)
     2    0.01    0.05    0.14    3.12 v _158_/X (sky130_fd_sc_hd__a31o_1)
                                         _087_ (net)
                  0.05    0.00    3.12 v _160_/A (sky130_fd_sc_hd__and2_4)
     5    0.02    0.04    0.12    3.24 v _160_/X (sky130_fd_sc_hd__and2_4)
                                         _089_ (net)
                  0.04    0.00    3.24 v _181_/A3 (sky130_fd_sc_hd__o311a_4)
     3    0.02    0.06    0.23    3.47 v _181_/X (sky130_fd_sc_hd__o311a_4)
                                         _012_ (net)
                  0.06    0.00    3.47 v _195_/B (sky130_fd_sc_hd__or3_4)
     1    0.00    0.05    0.24    3.70 v _195_/X (sky130_fd_sc_hd__or3_4)
                                         _025_ (net)
                  0.05    0.00    3.70 v _199_/A1 (sky130_fd_sc_hd__a31o_4)
     1    0.02    0.04    0.16    3.87 v _199_/X (sky130_fd_sc_hd__a31o_4)
                                         net27 (net)
                  0.04    0.00    3.87 v output27/A (sky130_fd_sc_hd__buf_6)
     1    0.04    0.03    0.10    3.97 v output27/X (sky130_fd_sc_hd__buf_6)
                                         out[7] (net)
                  0.03    0.00    3.97 v out[7] (out)
                                  3.97   data arrival time

                  0.00   10.00   10.00   clock __VIRTUAL_CLK__ (rise edge)
                          0.00   10.00   clock network delay (ideal)
                         -0.25    9.75   clock uncertainty
                          0.00    9.75   clock reconvergence pessimism
                         -2.00    7.75   output external delay
                                  7.75   data required time
-----------------------------------------------------------------------------
                                  7.75   data required time
                                 -3.97   data arrival time
-----------------------------------------------------------------------------
                                  3.78   slack (MET)


Startpoint: opcode[0] (input port clocked by __VIRTUAL_CLK__)
Endpoint: out[6] (output port clocked by __VIRTUAL_CLK__)
Path Group: __VIRTUAL_CLK__
Path Type: max
Corner: Fastest

Fanout     Cap    Slew   Delay    Time   Description
-----------------------------------------------------------------------------
                  0.00    0.00    0.00   clock __VIRTUAL_CLK__ (rise edge)
                          0.00    0.00   clock network delay (ideal)
                          2.00    2.00 v input external delay
     1    0.01    0.01    0.01    2.01 v opcode[0] (in)
                                         opcode[0] (net)
                  0.01    0.00    2.01 v input17/A (sky130_fd_sc_hd__buf_6)
     8    0.04    0.03    0.09    2.09 v input17/X (sky130_fd_sc_hd__buf_6)
                                         net17 (net)
                  0.04    0.00    2.09 v _108_/C_N (sky130_fd_sc_hd__or3b_4)
     2    0.01    0.04    0.17    2.26 ^ _108_/X (sky130_fd_sc_hd__or3b_4)
                                         _040_ (net)
                  0.04    0.00    2.26 ^ rebuffer3/A (sky130_fd_sc_hd__clkbuf_1)
     1    0.00    0.03    0.05    2.32 ^ rebuffer3/X (sky130_fd_sc_hd__clkbuf_1)
                                         net30 (net)
                  0.03    0.00    2.32 ^ rebuffer2/A (sky130_fd_sc_hd__clkbuf_1)
     1    0.00    0.04    0.06    2.37 ^ rebuffer2/X (sky130_fd_sc_hd__clkbuf_1)
                                         net29 (net)
                  0.04    0.00    2.37 ^ clone1/A (sky130_fd_sc_hd__buf_2)
     4    0.02    0.07    0.10    2.48 ^ clone1/X (sky130_fd_sc_hd__buf_2)
                                         net28 (net)
                  0.07    0.00    2.48 ^ _110_/A2 (sky130_fd_sc_hd__a21oi_1)
     2    0.01    0.07    0.07    2.55 v _110_/Y (sky130_fd_sc_hd__a21oi_1)
                                         _042_ (net)
                  0.07    0.00    2.55 v _113_/B (sky130_fd_sc_hd__or3_4)
     3    0.02    0.06    0.26    2.81 v _113_/X (sky130_fd_sc_hd__or3_4)
                                         _045_ (net)
                  0.06    0.00    2.81 v _122_/A2 (sky130_fd_sc_hd__a21bo_4)
     3    0.01    0.04    0.16    2.97 v _122_/X (sky130_fd_sc_hd__a21bo_4)
                                         _053_ (net)
                  0.04    0.00    2.98 v _158_/A1 (sky130_fd_sc_hd__a31o_1)
     2    0.01    0.05    0.14    3.12 v _158_/X (sky130_fd_sc_hd__a31o_1)
                                         _087_ (net)
                  0.05    0.00    3.12 v _160_/A (sky130_fd_sc_hd__and2_4)
     5    0.02    0.04    0.12    3.24 v _160_/X (sky130_fd_sc_hd__and2_4)
                                         _089_ (net)
                  0.04    0.00    3.24 v _181_/A3 (sky130_fd_sc_hd__o311a_4)
     3    0.02    0.06    0.23    3.47 v _181_/X (sky130_fd_sc_hd__o311a_4)
                                         _012_ (net)
                  0.06    0.00    3.47 v _182_/B (sky130_fd_sc_hd__nor2_1)
     1    0.01    0.10    0.11    3.57 ^ _182_/Y (sky130_fd_sc_hd__nor2_1)
                                         _013_ (net)
                  0.10    0.00    3.57 ^ _187_/A2 (sky130_fd_sc_hd__a21o_1)
     1    0.00    0.03    0.08    3.66 ^ _187_/X (sky130_fd_sc_hd__a21o_1)
                                         net26 (net)
                  0.03    0.00    3.66 ^ output26/A (sky130_fd_sc_hd__buf_2)
     1    0.03    0.13    0.15    3.80 ^ output26/X (sky130_fd_sc_hd__buf_2)
                                         out[6] (net)
                  0.13    0.00    3.80 ^ out[6] (out)
                                  3.80   data arrival time

                  0.00   10.00   10.00   clock __VIRTUAL_CLK__ (rise edge)
                          0.00   10.00   clock network delay (ideal)
                         -0.25    9.75   clock uncertainty
                          0.00    9.75   clock reconvergence pessimism
                         -2.00    7.75   output external delay
                                  7.75   data required time
-----------------------------------------------------------------------------
                                  7.75   data required time
                                 -3.80   data arrival time
-----------------------------------------------------------------------------
                                  3.95   slack (MET)


Startpoint: opcode[0] (input port clocked by __VIRTUAL_CLK__)
Endpoint: out[5] (output port clocked by __VIRTUAL_CLK__)
Path Group: __VIRTUAL_CLK__
Path Type: max
Corner: Fastest

Fanout     Cap    Slew   Delay    Time   Description
-----------------------------------------------------------------------------
                  0.00    0.00    0.00   clock __VIRTUAL_CLK__ (rise edge)
                          0.00    0.00   clock network delay (ideal)
                          2.00    2.00 v input external delay
     1    0.01    0.01    0.01    2.01 v opcode[0] (in)
                                         opcode[0] (net)
                  0.01    0.00    2.01 v input17/A (sky130_fd_sc_hd__buf_6)
     8    0.04    0.03    0.09    2.09 v input17/X (sky130_fd_sc_hd__buf_6)
                                         net17 (net)
                  0.04    0.00    2.09 v _108_/C_N (sky130_fd_sc_hd__or3b_4)
     2    0.01    0.04    0.17    2.26 ^ _108_/X (sky130_fd_sc_hd__or3b_4)
                                         _040_ (net)
                  0.04    0.00    2.26 ^ rebuffer3/A (sky130_fd_sc_hd__clkbuf_1)
     1    0.00    0.03    0.05    2.32 ^ rebuffer3/X (sky130_fd_sc_hd__clkbuf_1)
                                         net30 (net)
                  0.03    0.00    2.32 ^ rebuffer2/A (sky130_fd_sc_hd__clkbuf_1)
     1    0.00    0.04    0.06    2.37 ^ rebuffer2/X (sky130_fd_sc_hd__clkbuf_1)
                                         net29 (net)
                  0.04    0.00    2.37 ^ clone1/A (sky130_fd_sc_hd__buf_2)
     4    0.02    0.07    0.10    2.48 ^ clone1/X (sky130_fd_sc_hd__buf_2)
                                         net28 (net)
                  0.07    0.00    2.48 ^ _110_/A2 (sky130_fd_sc_hd__a21oi_1)
     2    0.01    0.07    0.07    2.55 v _110_/Y (sky130_fd_sc_hd__a21oi_1)
                                         _042_ (net)
                  0.07    0.00    2.55 v _113_/B (sky130_fd_sc_hd__or3_4)
     3    0.02    0.06    0.26    2.81 v _113_/X (sky130_fd_sc_hd__or3_4)
                                         _045_ (net)
                  0.06    0.00    2.81 v _122_/A2 (sky130_fd_sc_hd__a21bo_4)
     3    0.01    0.04    0.16    2.97 v _122_/X (sky130_fd_sc_hd__a21bo_4)
                                         _053_ (net)
                  0.04    0.00    2.98 v _158_/A1 (sky130_fd_sc_hd__a31o_1)
     2    0.01    0.05    0.14    3.12 v _158_/X (sky130_fd_sc_hd__a31o_1)
                                         _087_ (net)
                  0.05    0.00    3.12 v _160_/A (sky130_fd_sc_hd__and2_4)
     5    0.02    0.04    0.12    3.24 v _160_/X (sky130_fd_sc_hd__and2_4)
                                         _089_ (net)
                  0.04    0.00    3.24 v _169_/A2 (sky130_fd_sc_hd__o211ai_1)
     1    0.01    0.15    0.15    3.39 ^ _169_/Y (sky130_fd_sc_hd__o211ai_1)
                                         _001_ (net)
                  0.15    0.00    3.39 ^ _174_/A3 (sky130_fd_sc_hd__a31o_1)
     2    0.01    0.09    0.15    3.53 ^ _174_/X (sky130_fd_sc_hd__a31o_1)
                                         net25 (net)
                  0.09    0.00    3.53 ^ output25/A (sky130_fd_sc_hd__buf_2)
     1    0.03    0.13    0.16    3.69 ^ output25/X (sky130_fd_sc_hd__buf_2)
                                         out[5] (net)
                  0.13    0.00    3.69 ^ out[5] (out)
                                  3.69   data arrival time

                  0.00   10.00   10.00   clock __VIRTUAL_CLK__ (rise edge)
                          0.00   10.00   clock network delay (ideal)
                         -0.25    9.75   clock uncertainty
                          0.00    9.75   clock reconvergence pessimism
                         -2.00    7.75   output external delay
                                  7.75   data required time
-----------------------------------------------------------------------------
                                  7.75   data required time
                                 -3.69   data arrival time
-----------------------------------------------------------------------------
                                  4.06   slack (MET)


Startpoint: opcode[0] (input port clocked by __VIRTUAL_CLK__)
Endpoint: out[4] (output port clocked by __VIRTUAL_CLK__)
Path Group: __VIRTUAL_CLK__
Path Type: max
Corner: Fastest

Fanout     Cap    Slew   Delay    Time   Description
-----------------------------------------------------------------------------
                  0.00    0.00    0.00   clock __VIRTUAL_CLK__ (rise edge)
                          0.00    0.00   clock network delay (ideal)
                          2.00    2.00 v input external delay
     1    0.01    0.01    0.01    2.01 v opcode[0] (in)
                                         opcode[0] (net)
                  0.01    0.00    2.01 v input17/A (sky130_fd_sc_hd__buf_6)
     8    0.04    0.03    0.09    2.09 v input17/X (sky130_fd_sc_hd__buf_6)
                                         net17 (net)
                  0.04    0.00    2.09 v _108_/C_N (sky130_fd_sc_hd__or3b_4)
     2    0.01    0.04    0.17    2.26 ^ _108_/X (sky130_fd_sc_hd__or3b_4)
                                         _040_ (net)
                  0.04    0.00    2.26 ^ rebuffer3/A (sky130_fd_sc_hd__clkbuf_1)
     1    0.00    0.03    0.05    2.32 ^ rebuffer3/X (sky130_fd_sc_hd__clkbuf_1)
                                         net30 (net)
                  0.03    0.00    2.32 ^ rebuffer2/A (sky130_fd_sc_hd__clkbuf_1)
     1    0.00    0.04    0.06    2.37 ^ rebuffer2/X (sky130_fd_sc_hd__clkbuf_1)
                                         net29 (net)
                  0.04    0.00    2.37 ^ clone1/A (sky130_fd_sc_hd__buf_2)
     4    0.02    0.07    0.10    2.48 ^ clone1/X (sky130_fd_sc_hd__buf_2)
                                         net28 (net)
                  0.07    0.00    2.48 ^ _110_/A2 (sky130_fd_sc_hd__a21oi_1)
     2    0.01    0.07    0.07    2.55 v _110_/Y (sky130_fd_sc_hd__a21oi_1)
                                         _042_ (net)
                  0.07    0.00    2.55 v _113_/B (sky130_fd_sc_hd__or3_4)
     3    0.02    0.06    0.26    2.81 v _113_/X (sky130_fd_sc_hd__or3_4)
                                         _045_ (net)
                  0.06    0.00    2.81 v _122_/A2 (sky130_fd_sc_hd__a21bo_4)
     3    0.01    0.04    0.16    2.97 v _122_/X (sky130_fd_sc_hd__a21bo_4)
                                         _053_ (net)
                  0.04    0.00    2.98 v _158_/A1 (sky130_fd_sc_hd__a31o_1)
     2    0.01    0.05    0.14    3.12 v _158_/X (sky130_fd_sc_hd__a31o_1)
                                         _087_ (net)
                  0.05    0.00    3.12 v _160_/A (sky130_fd_sc_hd__and2_4)
     5    0.02    0.04    0.12    3.24 v _160_/X (sky130_fd_sc_hd__and2_4)
                                         _089_ (net)
                  0.04    0.00    3.24 v _161_/A3 (sky130_fd_sc_hd__o32a_1)
     1    0.00    0.04    0.18    3.41 v _161_/X (sky130_fd_sc_hd__o32a_1)
                                         _090_ (net)
                  0.04    0.00    3.41 v _162_/B (sky130_fd_sc_hd__nand2_1)
     1    0.00    0.04    0.06    3.47 ^ _162_/Y (sky130_fd_sc_hd__nand2_1)
                                         net24 (net)
                  0.04    0.00    3.47 ^ output24/A (sky130_fd_sc_hd__buf_2)
     1    0.04    0.14    0.15    3.63 ^ output24/X (sky130_fd_sc_hd__buf_2)
                                         out[4] (net)
                  0.14    0.00    3.63 ^ out[4] (out)
                                  3.63   data arrival time

                  0.00   10.00   10.00   clock __VIRTUAL_CLK__ (rise edge)
                          0.00   10.00   clock network delay (ideal)
                         -0.25    9.75   clock uncertainty
                          0.00    9.75   clock reconvergence pessimism
                         -2.00    7.75   output external delay
                                  7.75   data required time
-----------------------------------------------------------------------------
                                  7.75   data required time
                                 -3.63   data arrival time
-----------------------------------------------------------------------------
                                  4.12   slack (MET)


Startpoint: opcode[1] (input port clocked by __VIRTUAL_CLK__)
Endpoint: out[3] (output port clocked by __VIRTUAL_CLK__)
Path Group: __VIRTUAL_CLK__
Path Type: max
Corner: Fastest

Fanout     Cap    Slew   Delay    Time   Description
-----------------------------------------------------------------------------
                  0.00    0.00    0.00   clock __VIRTUAL_CLK__ (rise edge)
                          0.00    0.00   clock network delay (ideal)
                          2.00    2.00 v input external delay
     1    0.00    0.01    0.00    2.00 v opcode[1] (in)
                                         opcode[1] (net)
                  0.01    0.00    2.00 v input18/A (sky130_fd_sc_hd__buf_4)
     6    0.03    0.04    0.10    2.10 v input18/X (sky130_fd_sc_hd__buf_4)
                                         net18 (net)
                  0.04    0.00    2.10 v _108_/A (sky130_fd_sc_hd__or3b_4)
     2    0.01    0.05    0.26    2.36 v _108_/X (sky130_fd_sc_hd__or3b_4)
                                         _040_ (net)
                  0.05    0.00    2.36 v rebuffer3/A (sky130_fd_sc_hd__clkbuf_1)
     1    0.00    0.02    0.07    2.43 v rebuffer3/X (sky130_fd_sc_hd__clkbuf_1)
                                         net30 (net)
                  0.02    0.00    2.43 v rebuffer2/A (sky130_fd_sc_hd__clkbuf_1)
     1    0.00    0.02    0.06    2.49 v rebuffer2/X (sky130_fd_sc_hd__clkbuf_1)
                                         net29 (net)
                  0.02    0.00    2.49 v clone1/A (sky130_fd_sc_hd__buf_2)
     4    0.02    0.04    0.10    2.58 v clone1/X (sky130_fd_sc_hd__buf_2)
                                         net28 (net)
                  0.04    0.00    2.58 v _110_/A2 (sky130_fd_sc_hd__a21oi_1)
     2    0.01    0.18    0.18    2.76 ^ _110_/Y (sky130_fd_sc_hd__a21oi_1)
                                         _042_ (net)
                  0.18    0.00    2.76 ^ _113_/B (sky130_fd_sc_hd__or3_4)
     3    0.02    0.05    0.13    2.89 ^ _113_/X (sky130_fd_sc_hd__or3_4)
                                         _045_ (net)
                  0.05    0.00    2.89 ^ _122_/A2 (sky130_fd_sc_hd__a21bo_4)
     3    0.02    0.05    0.10    2.99 ^ _122_/X (sky130_fd_sc_hd__a21bo_4)
                                         _053_ (net)
                  0.05    0.00    2.99 ^ _126_/A (sky130_fd_sc_hd__and2_1)
     2    0.01    0.10    0.13    3.11 ^ _126_/X (sky130_fd_sc_hd__and2_1)
                                         _057_ (net)
                  0.10    0.00    3.11 ^ _140_/B1 (sky130_fd_sc_hd__a21oi_1)
     1    0.01    0.07    0.05    3.16 v _140_/Y (sky130_fd_sc_hd__a21oi_1)
                                         _070_ (net)
                  0.07    0.00    3.16 v _141_/B (sky130_fd_sc_hd__xnor2_1)
     1    0.00    0.05    0.09    3.26 v _141_/Y (sky130_fd_sc_hd__xnor2_1)
                                         _071_ (net)
                  0.05    0.00    3.26 v _146_/A2 (sky130_fd_sc_hd__a211o_1)
     1    0.01    0.05    0.21    3.47 v _146_/X (sky130_fd_sc_hd__a211o_1)
                                         net23 (net)
                  0.05    0.00    3.47 v output23/A (sky130_fd_sc_hd__buf_2)
     1    0.03    0.06    0.13    3.60 v output23/X (sky130_fd_sc_hd__buf_2)
                                         out[3] (net)
                  0.06    0.00    3.60 v out[3] (out)
                                  3.60   data arrival time

                  0.00   10.00   10.00   clock __VIRTUAL_CLK__ (rise edge)
                          0.00   10.00   clock network delay (ideal)
                         -0.25    9.75   clock uncertainty
                          0.00    9.75   clock reconvergence pessimism
                         -2.00    7.75   output external delay
                                  7.75   data required time
-----------------------------------------------------------------------------
                                  7.75   data required time
                                 -3.60   data arrival time
-----------------------------------------------------------------------------
                                  4.15   slack (MET)


Startpoint: opcode[0] (input port clocked by __VIRTUAL_CLK__)
Endpoint: out[2] (output port clocked by __VIRTUAL_CLK__)
Path Group: __VIRTUAL_CLK__
Path Type: max
Corner: Fastest

Fanout     Cap    Slew   Delay    Time   Description
-----------------------------------------------------------------------------
                  0.00    0.00    0.00   clock __VIRTUAL_CLK__ (rise edge)
                          0.00    0.00   clock network delay (ideal)
                          2.00    2.00 v input external delay
     1    0.01    0.01    0.01    2.01 v opcode[0] (in)
                                         opcode[0] (net)
                  0.01    0.00    2.01 v input17/A (sky130_fd_sc_hd__buf_6)
     8    0.04    0.03    0.09    2.09 v input17/X (sky130_fd_sc_hd__buf_6)
                                         net17 (net)
                  0.04    0.00    2.09 v _108_/C_N (sky130_fd_sc_hd__or3b_4)
     2    0.01    0.04    0.17    2.26 ^ _108_/X (sky130_fd_sc_hd__or3b_4)
                                         _040_ (net)
                  0.04    0.00    2.26 ^ rebuffer3/A (sky130_fd_sc_hd__clkbuf_1)
     1    0.00    0.03    0.05    2.32 ^ rebuffer3/X (sky130_fd_sc_hd__clkbuf_1)
                                         net30 (net)
                  0.03    0.00    2.32 ^ rebuffer2/A (sky130_fd_sc_hd__clkbuf_1)
     1    0.00    0.04    0.06    2.37 ^ rebuffer2/X (sky130_fd_sc_hd__clkbuf_1)
                                         net29 (net)
                  0.04    0.00    2.37 ^ clone1/A (sky130_fd_sc_hd__buf_2)
     4    0.02    0.07    0.10    2.48 ^ clone1/X (sky130_fd_sc_hd__buf_2)
                                         net28 (net)
                  0.07    0.00    2.48 ^ _110_/A2 (sky130_fd_sc_hd__a21oi_1)
     2    0.01    0.07    0.07    2.55 v _110_/Y (sky130_fd_sc_hd__a21oi_1)
                                         _042_ (net)
                  0.07    0.00    2.55 v _113_/B (sky130_fd_sc_hd__or3_4)
     3    0.02    0.06    0.26    2.81 v _113_/X (sky130_fd_sc_hd__or3_4)
                                         _045_ (net)
                  0.06    0.00    2.81 v _122_/A2 (sky130_fd_sc_hd__a21bo_4)
     3    0.01    0.04    0.16    2.97 v _122_/X (sky130_fd_sc_hd__a21bo_4)
                                         _053_ (net)
                  0.04    0.00    2.98 v _126_/A (sky130_fd_sc_hd__and2_1)
     2    0.01    0.05    0.12    3.09 v _126_/X (sky130_fd_sc_hd__and2_1)
                                         _057_ (net)
                  0.05    0.00    3.09 v _133_/A1 (sky130_fd_sc_hd__o21bai_1)
     1    0.01    0.19    0.19    3.29 ^ _133_/Y (sky130_fd_sc_hd__o21bai_1)
                                         net22 (net)
                  0.19    0.00    3.29 ^ output22/A (sky130_fd_sc_hd__buf_2)
     1    0.03    0.13    0.18    3.46 ^ output22/X (sky130_fd_sc_hd__buf_2)
                                         out[2] (net)
                  0.13    0.00    3.46 ^ out[2] (out)
                                  3.46   data arrival time

                  0.00   10.00   10.00   clock __VIRTUAL_CLK__ (rise edge)
                          0.00   10.00   clock network delay (ideal)
                         -0.25    9.75   clock uncertainty
                          0.00    9.75   clock reconvergence pessimism
                         -2.00    7.75   output external delay
                                  7.75   data required time
-----------------------------------------------------------------------------
                                  7.75   data required time
                                 -3.46   data arrival time
-----------------------------------------------------------------------------
                                  4.29   slack (MET)


Startpoint: opcode[1] (input port clocked by __VIRTUAL_CLK__)
Endpoint: out[1] (output port clocked by __VIRTUAL_CLK__)
Path Group: __VIRTUAL_CLK__
Path Type: max
Corner: Fastest

Fanout     Cap    Slew   Delay    Time   Description
-----------------------------------------------------------------------------
                  0.00    0.00    0.00   clock __VIRTUAL_CLK__ (rise edge)
                          0.00    0.00   clock network delay (ideal)
                          2.00    2.00 v input external delay
     1    0.00    0.01    0.00    2.00 v opcode[1] (in)
                                         opcode[1] (net)
                  0.01    0.00    2.00 v input18/A (sky130_fd_sc_hd__buf_4)
     6    0.03    0.04    0.10    2.10 v input18/X (sky130_fd_sc_hd__buf_4)
                                         net18 (net)
                  0.04    0.00    2.10 v _108_/A (sky130_fd_sc_hd__or3b_4)
     2    0.01    0.05    0.26    2.36 v _108_/X (sky130_fd_sc_hd__or3b_4)
                                         _040_ (net)
                  0.05    0.00    2.36 v rebuffer3/A (sky130_fd_sc_hd__clkbuf_1)
     1    0.00    0.02    0.07    2.43 v rebuffer3/X (sky130_fd_sc_hd__clkbuf_1)
                                         net30 (net)
                  0.02    0.00    2.43 v rebuffer2/A (sky130_fd_sc_hd__clkbuf_1)
     1    0.00    0.02    0.06    2.49 v rebuffer2/X (sky130_fd_sc_hd__clkbuf_1)
                                         net29 (net)
                  0.02    0.00    2.49 v clone1/A (sky130_fd_sc_hd__buf_2)
     4    0.02    0.04    0.10    2.58 v clone1/X (sky130_fd_sc_hd__buf_2)
                                         net28 (net)
                  0.04    0.00    2.58 v _110_/A2 (sky130_fd_sc_hd__a21oi_1)
     2    0.01    0.18    0.18    2.76 ^ _110_/Y (sky130_fd_sc_hd__a21oi_1)
                                         _042_ (net)
                  0.18    0.00    2.76 ^ _112_/A1 (sky130_fd_sc_hd__o21ai_2)
     3    0.01    0.06    0.07    2.84 v _112_/Y (sky130_fd_sc_hd__o21ai_2)
                                         _044_ (net)
                  0.06    0.00    2.84 v _115_/A2 (sky130_fd_sc_hd__a31o_1)
     1    0.01    0.04    0.16    3.00 v _115_/X (sky130_fd_sc_hd__a31o_1)
                                         _047_ (net)
                  0.04    0.00    3.00 v _121_/A2 (sky130_fd_sc_hd__o21bai_1)
     1    0.01    0.14    0.14    3.13 ^ _121_/Y (sky130_fd_sc_hd__o21bai_1)
                                         net21 (net)
                  0.14    0.00    3.13 ^ output21/A (sky130_fd_sc_hd__buf_2)
     1    0.03    0.13    0.17    3.30 ^ output21/X (sky130_fd_sc_hd__buf_2)
                                         out[1] (net)
                  0.13    0.00    3.30 ^ out[1] (out)
                                  3.30   data arrival time

                  0.00   10.00   10.00   clock __VIRTUAL_CLK__ (rise edge)
                          0.00   10.00   clock network delay (ideal)
                         -0.25    9.75   clock uncertainty
                          0.00    9.75   clock reconvergence pessimism
                         -2.00    7.75   output external delay
                                  7.75   data required time
-----------------------------------------------------------------------------
                                  7.75   data required time
                                 -3.30   data arrival time
-----------------------------------------------------------------------------
                                  4.45   slack (MET)


Startpoint: opcode[2] (input port clocked by __VIRTUAL_CLK__)
Endpoint: out[0] (output port clocked by __VIRTUAL_CLK__)
Path Group: __VIRTUAL_CLK__
Path Type: max
Corner: Fastest

Fanout     Cap    Slew   Delay    Time   Description
-----------------------------------------------------------------------------
                  0.00    0.00    0.00   clock __VIRTUAL_CLK__ (rise edge)
                          0.00    0.00   clock network delay (ideal)
                          2.00    2.00 ^ input external delay
     1    0.00    0.02    0.01    2.01 ^ opcode[2] (in)
                                         opcode[2] (net)
                  0.02    0.00    2.01 ^ input19/A (sky130_fd_sc_hd__buf_4)
     6    0.04    0.09    0.11    2.12 ^ input19/X (sky130_fd_sc_hd__buf_4)
                                         net19 (net)
                  0.09    0.00    2.12 ^ _099_/C_N (sky130_fd_sc_hd__or3b_1)
     1    0.01    0.07    0.24    2.36 v _099_/X (sky130_fd_sc_hd__or3b_1)
                                         _032_ (net)
                  0.07    0.00    2.36 v _100_/A (sky130_fd_sc_hd__buf_2)
     8    0.03    0.06    0.13    2.49 v _100_/X (sky130_fd_sc_hd__buf_2)
                                         _033_ (net)
                  0.06    0.00    2.49 v _106_/A2 (sky130_fd_sc_hd__o21ai_1)
     1    0.01    0.18    0.18    2.67 ^ _106_/Y (sky130_fd_sc_hd__o21ai_1)
                                         _039_ (net)
                  0.18    0.00    2.67 ^ _107_/B1 (sky130_fd_sc_hd__a31o_1)
     1    0.01    0.08    0.10    2.77 ^ _107_/X (sky130_fd_sc_hd__a31o_1)
                                         net20 (net)
                  0.08    0.00    2.77 ^ output20/A (sky130_fd_sc_hd__buf_2)
     1    0.03    0.13    0.16    2.93 ^ output20/X (sky130_fd_sc_hd__buf_2)
                                         out[0] (net)
                  0.13    0.00    2.93 ^ out[0] (out)
                                  2.93   data arrival time

                  0.00   10.00   10.00   clock __VIRTUAL_CLK__ (rise edge)
                          0.00   10.00   clock network delay (ideal)
                         -0.25    9.75   clock uncertainty
                          0.00    9.75   clock reconvergence pessimism
                         -2.00    7.75   output external delay
                                  7.75   data required time
-----------------------------------------------------------------------------
                                  7.75   data required time
                                 -2.93   data arrival time
-----------------------------------------------------------------------------
                                  4.82   slack (MET)



worst slack corner Fastest: 3.7832
======================= Slowest Corner ===================================

Startpoint: opcode[1] (input port clocked by __VIRTUAL_CLK__)
Endpoint: out[7] (output port clocked by __VIRTUAL_CLK__)
Path Group: __VIRTUAL_CLK__
Path Type: max
Corner: Slowest

Fanout     Cap    Slew   Delay    Time   Description
-----------------------------------------------------------------------------
                  0.00    0.00    0.00   clock __VIRTUAL_CLK__ (rise edge)
                          0.00    0.00   clock network delay (ideal)
                          2.00    2.00 v input external delay
     1    0.00    0.02    0.01    2.01 v opcode[1] (in)
                                         opcode[1] (net)
                  0.02    0.00    2.01 v input18/A (sky130_fd_sc_hd__buf_4)
     6    0.02    0.09    0.28    2.29 v input18/X (sky130_fd_sc_hd__buf_4)
                                         net18 (net)
                  0.09    0.00    2.29 v _108_/A (sky130_fd_sc_hd__or3b_4)
     2    0.01    0.14    0.83    3.13 v _108_/X (sky130_fd_sc_hd__or3b_4)
                                         _040_ (net)
                  0.14    0.00    3.13 v _109_/A (sky130_fd_sc_hd__buf_6)
     5    0.02    0.06    0.27    3.40 v _109_/X (sky130_fd_sc_hd__buf_6)
                                         _041_ (net)
                  0.06    0.00    3.40 v _111_/A (sky130_fd_sc_hd__and3_1)
     2    0.01    0.13    0.36    3.76 v _111_/X (sky130_fd_sc_hd__and3_1)
                                         _043_ (net)
                  0.13    0.00    3.76 v _113_/C (sky130_fd_sc_hd__or3_4)
     3    0.02    0.15    0.76    4.52 v _113_/X (sky130_fd_sc_hd__or3_4)
                                         _045_ (net)
                  0.15    0.00    4.52 v _122_/A2 (sky130_fd_sc_hd__a21bo_4)
     3    0.01    0.08    0.47    4.99 v _122_/X (sky130_fd_sc_hd__a21bo_4)
                                         _053_ (net)
                  0.08    0.00    4.99 v _158_/A1 (sky130_fd_sc_hd__a31o_1)
     2    0.01    0.13    0.41    5.40 v _158_/X (sky130_fd_sc_hd__a31o_1)
                                         _087_ (net)
                  0.13    0.00    5.40 v _160_/A (sky130_fd_sc_hd__and2_4)
     5    0.03    0.09    0.34    5.74 v _160_/X (sky130_fd_sc_hd__and2_4)
                                         _089_ (net)
                  0.09    0.00    5.74 v _181_/A3 (sky130_fd_sc_hd__o311a_4)
     3    0.02    0.13    0.66    6.40 v _181_/X (sky130_fd_sc_hd__o311a_4)
                                         _012_ (net)
                  0.13    0.00    6.40 v _195_/B (sky130_fd_sc_hd__or3_4)
     1    0.00    0.12    0.77    7.17 v _195_/X (sky130_fd_sc_hd__or3_4)
                                         _025_ (net)
                  0.12    0.00    7.17 v _199_/A1 (sky130_fd_sc_hd__a31o_4)
     1    0.02    0.09    0.47    7.64 v _199_/X (sky130_fd_sc_hd__a31o_4)
                                         net27 (net)
                  0.09    0.00    7.64 v output27/A (sky130_fd_sc_hd__buf_6)
     1    0.04    0.08    0.27    7.91 v output27/X (sky130_fd_sc_hd__buf_6)
                                         out[7] (net)
                  0.08    0.00    7.91 v out[7] (out)
                                  7.91   data arrival time

                  0.00   10.00   10.00   clock __VIRTUAL_CLK__ (rise edge)
                          0.00   10.00   clock network delay (ideal)
                         -0.25    9.75   clock uncertainty
                          0.00    9.75   clock reconvergence pessimism
                         -2.00    7.75   output external delay
                                  7.75   data required time
-----------------------------------------------------------------------------
                                  7.75   data required time
                                 -7.91   data arrival time
-----------------------------------------------------------------------------
                                 -0.16   slack (VIOLATED)


Startpoint: opcode[1] (input port clocked by __VIRTUAL_CLK__)
Endpoint: out[6] (output port clocked by __VIRTUAL_CLK__)
Path Group: __VIRTUAL_CLK__
Path Type: max
Corner: Slowest

Fanout     Cap    Slew   Delay    Time   Description
-----------------------------------------------------------------------------
                  0.00    0.00    0.00   clock __VIRTUAL_CLK__ (rise edge)
                          0.00    0.00   clock network delay (ideal)
                          2.00    2.00 v input external delay
     1    0.00    0.02    0.01    2.01 v opcode[1] (in)
                                         opcode[1] (net)
                  0.02    0.00    2.01 v input18/A (sky130_fd_sc_hd__buf_4)
     6    0.02    0.09    0.28    2.29 v input18/X (sky130_fd_sc_hd__buf_4)
                                         net18 (net)
                  0.09    0.00    2.29 v _108_/A (sky130_fd_sc_hd__or3b_4)
     2    0.01    0.14    0.83    3.13 v _108_/X (sky130_fd_sc_hd__or3b_4)
                                         _040_ (net)
                  0.14    0.00    3.13 v _109_/A (sky130_fd_sc_hd__buf_6)
     5    0.02    0.06    0.27    3.40 v _109_/X (sky130_fd_sc_hd__buf_6)
                                         _041_ (net)
                  0.06    0.00    3.40 v _111_/A (sky130_fd_sc_hd__and3_1)
     2    0.01    0.13    0.36    3.76 v _111_/X (sky130_fd_sc_hd__and3_1)
                                         _043_ (net)
                  0.13    0.00    3.76 v _113_/C (sky130_fd_sc_hd__or3_4)
     3    0.02    0.15    0.76    4.52 v _113_/X (sky130_fd_sc_hd__or3_4)
                                         _045_ (net)
                  0.15    0.00    4.52 v _122_/A2 (sky130_fd_sc_hd__a21bo_4)
     3    0.01    0.08    0.47    4.99 v _122_/X (sky130_fd_sc_hd__a21bo_4)
                                         _053_ (net)
                  0.08    0.00    4.99 v _158_/A1 (sky130_fd_sc_hd__a31o_1)
     2    0.01    0.13    0.41    5.40 v _158_/X (sky130_fd_sc_hd__a31o_1)
                                         _087_ (net)
                  0.13    0.00    5.40 v _160_/A (sky130_fd_sc_hd__and2_4)
     5    0.03    0.09    0.34    5.74 v _160_/X (sky130_fd_sc_hd__and2_4)
                                         _089_ (net)
                  0.09    0.00    5.74 v _179_/A2 (sky130_fd_sc_hd__o31a_1)
     1    0.00    0.08    0.54    6.28 v _179_/X (sky130_fd_sc_hd__o31a_1)
                                         _010_ (net)
                  0.08    0.00    6.28 v _180_/B (sky130_fd_sc_hd__or2_1)
     1    0.01    0.12    0.52    6.80 v _180_/X (sky130_fd_sc_hd__or2_1)
                                         _011_ (net)
                  0.12    0.00    6.80 v _187_/A1 (sky130_fd_sc_hd__a21o_1)
     1    0.00    0.06    0.32    7.12 v _187_/X (sky130_fd_sc_hd__a21o_1)
                                         net26 (net)
                  0.06    0.00    7.12 v output26/A (sky130_fd_sc_hd__buf_2)
     1    0.03    0.17    0.36    7.48 v output26/X (sky130_fd_sc_hd__buf_2)
                                         out[6] (net)
                  0.17    0.00    7.48 v out[6] (out)
                                  7.48   data arrival time

                  0.00   10.00   10.00   clock __VIRTUAL_CLK__ (rise edge)
                          0.00   10.00   clock network delay (ideal)
                         -0.25    9.75   clock uncertainty
                          0.00    9.75   clock reconvergence pessimism
                         -2.00    7.75   output external delay
                                  7.75   data required time
-----------------------------------------------------------------------------
                                  7.75   data required time
                                 -7.48   data arrival time
-----------------------------------------------------------------------------
                                  0.27   slack (MET)


Startpoint: B[0] (input port clocked by __VIRTUAL_CLK__)
Endpoint: out[5] (output port clocked by __VIRTUAL_CLK__)
Path Group: __VIRTUAL_CLK__
Path Type: max
Corner: Slowest

Fanout     Cap    Slew   Delay    Time   Description
-----------------------------------------------------------------------------
                  0.00    0.00    0.00   clock __VIRTUAL_CLK__ (rise edge)
                          0.00    0.00   clock network delay (ideal)
                          2.00    2.00 v input external delay
     1    0.00    0.02    0.01    2.01 v B[0] (in)
                                         B[0] (net)
                  0.02    0.00    2.01 v input9/A (sky130_fd_sc_hd__clkbuf_2)
     7    0.03    0.23    0.32    2.33 v input9/X (sky130_fd_sc_hd__clkbuf_2)
                                         net9 (net)
                  0.23    0.00    2.33 v _134_/A (sky130_fd_sc_hd__or3_4)
     3    0.02    0.15    0.92    3.25 v _134_/X (sky130_fd_sc_hd__or3_4)
                                         _064_ (net)
                  0.15    0.00    3.25 v _151_/A2 (sky130_fd_sc_hd__o21a_1)
     2    0.01    0.13    0.43    3.68 v _151_/X (sky130_fd_sc_hd__o21a_1)
                                         _080_ (net)
                  0.13    0.00    3.68 v _163_/B1 (sky130_fd_sc_hd__a21o_1)
     3    0.01    0.14    0.40    4.09 v _163_/X (sky130_fd_sc_hd__a21o_1)
                                         _091_ (net)
                  0.14    0.00    4.09 v _165_/B (sky130_fd_sc_hd__and2_1)
     3    0.01    0.15    0.46    4.55 v _165_/X (sky130_fd_sc_hd__and2_1)
                                         _093_ (net)
                  0.15    0.00    4.55 v _166_/C (sky130_fd_sc_hd__or3_2)
     4    0.02    0.25    1.21    5.76 v _166_/X (sky130_fd_sc_hd__or3_2)
                                         _094_ (net)
                  0.25    0.00    5.76 v _168_/A1 (sky130_fd_sc_hd__a211o_1)
     1    0.01    0.16    0.67    6.43 v _168_/X (sky130_fd_sc_hd__a211o_1)
                                         _000_ (net)
                  0.16    0.00    6.43 v _174_/A2 (sky130_fd_sc_hd__a31o_1)
     2    0.01    0.14    0.51    6.94 v _174_/X (sky130_fd_sc_hd__a31o_1)
                                         net25 (net)
                  0.14    0.00    6.94 v output25/A (sky130_fd_sc_hd__buf_2)
     1    0.03    0.16    0.40    7.34 v output25/X (sky130_fd_sc_hd__buf_2)
                                         out[5] (net)
                  0.16    0.00    7.34 v out[5] (out)
                                  7.34   data arrival time

                  0.00   10.00   10.00   clock __VIRTUAL_CLK__ (rise edge)
                          0.00   10.00   clock network delay (ideal)
                         -0.25    9.75   clock uncertainty
                          0.00    9.75   clock reconvergence pessimism
                         -2.00    7.75   output external delay
                                  7.75   data required time
-----------------------------------------------------------------------------
                                  7.75   data required time
                                 -7.34   data arrival time
-----------------------------------------------------------------------------
                                  0.41   slack (MET)


Startpoint: opcode[1] (input port clocked by __VIRTUAL_CLK__)
Endpoint: out[3] (output port clocked by __VIRTUAL_CLK__)
Path Group: __VIRTUAL_CLK__
Path Type: max
Corner: Slowest

Fanout     Cap    Slew   Delay    Time   Description
-----------------------------------------------------------------------------
                  0.00    0.00    0.00   clock __VIRTUAL_CLK__ (rise edge)
                          0.00    0.00   clock network delay (ideal)
                          2.00    2.00 v input external delay
     1    0.00    0.02    0.01    2.01 v opcode[1] (in)
                                         opcode[1] (net)
                  0.02    0.00    2.01 v input18/A (sky130_fd_sc_hd__buf_4)
     6    0.02    0.09    0.28    2.29 v input18/X (sky130_fd_sc_hd__buf_4)
                                         net18 (net)
                  0.09    0.00    2.29 v _108_/A (sky130_fd_sc_hd__or3b_4)
     2    0.01    0.14    0.83    3.13 v _108_/X (sky130_fd_sc_hd__or3b_4)
                                         _040_ (net)
                  0.14    0.00    3.13 v _109_/A (sky130_fd_sc_hd__buf_6)
     5    0.02    0.06    0.27    3.40 v _109_/X (sky130_fd_sc_hd__buf_6)
                                         _041_ (net)
                  0.06    0.00    3.40 v _111_/A (sky130_fd_sc_hd__and3_1)
     2    0.01    0.13    0.36    3.76 v _111_/X (sky130_fd_sc_hd__and3_1)
                                         _043_ (net)
                  0.13    0.00    3.76 v _113_/C (sky130_fd_sc_hd__or3_4)
     3    0.02    0.15    0.76    4.52 v _113_/X (sky130_fd_sc_hd__or3_4)
                                         _045_ (net)
                  0.15    0.00    4.52 v _122_/A2 (sky130_fd_sc_hd__a21bo_4)
     3    0.01    0.08    0.47    4.99 v _122_/X (sky130_fd_sc_hd__a21bo_4)
                                         _053_ (net)
                  0.08    0.00    4.99 v _126_/A (sky130_fd_sc_hd__and2_1)
     2    0.01    0.14    0.37    5.36 v _126_/X (sky130_fd_sc_hd__and2_1)
                                         _057_ (net)
                  0.14    0.00    5.36 v _140_/B1 (sky130_fd_sc_hd__a21oi_1)
     1    0.01    0.36    0.38    5.74 ^ _140_/Y (sky130_fd_sc_hd__a21oi_1)
                                         _070_ (net)
                  0.36    0.00    5.74 ^ _141_/B (sky130_fd_sc_hd__xnor2_1)
     1    0.00    0.12    0.22    5.96 v _141_/Y (sky130_fd_sc_hd__xnor2_1)
                                         _071_ (net)
                  0.12    0.00    5.96 v _146_/A2 (sky130_fd_sc_hd__a211o_1)
     1    0.01    0.13    0.64    6.59 v _146_/X (sky130_fd_sc_hd__a211o_1)
                                         net23 (net)
                  0.13    0.00    6.59 v output23/A (sky130_fd_sc_hd__buf_2)
     1    0.03    0.17    0.39    6.99 v output23/X (sky130_fd_sc_hd__buf_2)
                                         out[3] (net)
                  0.17    0.00    6.99 v out[3] (out)
                                  6.99   data arrival time

                  0.00   10.00   10.00   clock __VIRTUAL_CLK__ (rise edge)
                          0.00   10.00   clock network delay (ideal)
                         -0.25    9.75   clock uncertainty
                          0.00    9.75   clock reconvergence pessimism
                         -2.00    7.75   output external delay
                                  7.75   data required time
-----------------------------------------------------------------------------
                                  7.75   data required time
                                 -6.99   data arrival time
-----------------------------------------------------------------------------
                                  0.76   slack (MET)


Startpoint: opcode[1] (input port clocked by __VIRTUAL_CLK__)
Endpoint: out[4] (output port clocked by __VIRTUAL_CLK__)
Path Group: __VIRTUAL_CLK__
Path Type: max
Corner: Slowest

Fanout     Cap    Slew   Delay    Time   Description
-----------------------------------------------------------------------------
                  0.00    0.00    0.00   clock __VIRTUAL_CLK__ (rise edge)
                          0.00    0.00   clock network delay (ideal)
                          2.00    2.00 v input external delay
     1    0.00    0.02    0.01    2.01 v opcode[1] (in)
                                         opcode[1] (net)
                  0.02    0.00    2.01 v input18/A (sky130_fd_sc_hd__buf_4)
     6    0.02    0.09    0.28    2.29 v input18/X (sky130_fd_sc_hd__buf_4)
                                         net18 (net)
                  0.09    0.00    2.29 v _108_/A (sky130_fd_sc_hd__or3b_4)
     2    0.01    0.14    0.83    3.13 v _108_/X (sky130_fd_sc_hd__or3b_4)
                                         _040_ (net)
                  0.14    0.00    3.13 v _109_/A (sky130_fd_sc_hd__buf_6)
     5    0.02    0.06    0.27    3.40 v _109_/X (sky130_fd_sc_hd__buf_6)
                                         _041_ (net)
                  0.06    0.00    3.40 v _111_/A (sky130_fd_sc_hd__and3_1)
     2    0.01    0.13    0.36    3.76 v _111_/X (sky130_fd_sc_hd__and3_1)
                                         _043_ (net)
                  0.13    0.00    3.76 v _113_/C (sky130_fd_sc_hd__or3_4)
     3    0.02    0.15    0.76    4.52 v _113_/X (sky130_fd_sc_hd__or3_4)
                                         _045_ (net)
                  0.15    0.00    4.52 v _122_/A2 (sky130_fd_sc_hd__a21bo_4)
     3    0.01    0.08    0.47    4.99 v _122_/X (sky130_fd_sc_hd__a21bo_4)
                                         _053_ (net)
                  0.08    0.00    4.99 v _158_/A1 (sky130_fd_sc_hd__a31o_1)
     2    0.01    0.13    0.41    5.40 v _158_/X (sky130_fd_sc_hd__a31o_1)
                                         _087_ (net)
                  0.13    0.00    5.40 v _160_/A (sky130_fd_sc_hd__and2_4)
     5    0.03    0.09    0.34    5.74 v _160_/X (sky130_fd_sc_hd__and2_4)
                                         _089_ (net)
                  0.09    0.00    5.74 v _161_/A3 (sky130_fd_sc_hd__o32a_1)
     1    0.00    0.14    0.59    6.33 v _161_/X (sky130_fd_sc_hd__o32a_1)
                                         _090_ (net)
                  0.14    0.00    6.33 v _162_/B (sky130_fd_sc_hd__nand2_1)
     1    0.00    0.09    0.15    6.48 ^ _162_/Y (sky130_fd_sc_hd__nand2_1)
                                         net24 (net)
                  0.09    0.00    6.48 ^ output24/A (sky130_fd_sc_hd__buf_2)
     1    0.04    0.29    0.39    6.87 ^ output24/X (sky130_fd_sc_hd__buf_2)
                                         out[4] (net)
                  0.29    0.00    6.87 ^ out[4] (out)
                                  6.87   data arrival time

                  0.00   10.00   10.00   clock __VIRTUAL_CLK__ (rise edge)
                          0.00   10.00   clock network delay (ideal)
                         -0.25    9.75   clock uncertainty
                          0.00    9.75   clock reconvergence pessimism
                         -2.00    7.75   output external delay
                                  7.75   data required time
-----------------------------------------------------------------------------
                                  7.75   data required time
                                 -6.87   data arrival time
-----------------------------------------------------------------------------
                                  0.88   slack (MET)


Startpoint: opcode[1] (input port clocked by __VIRTUAL_CLK__)
Endpoint: out[2] (output port clocked by __VIRTUAL_CLK__)
Path Group: __VIRTUAL_CLK__
Path Type: max
Corner: Slowest

Fanout     Cap    Slew   Delay    Time   Description
-----------------------------------------------------------------------------
                  0.00    0.00    0.00   clock __VIRTUAL_CLK__ (rise edge)
                          0.00    0.00   clock network delay (ideal)
                          2.00    2.00 v input external delay
     1    0.00    0.02    0.01    2.01 v opcode[1] (in)
                                         opcode[1] (net)
                  0.02    0.00    2.01 v input18/A (sky130_fd_sc_hd__buf_4)
     6    0.02    0.09    0.28    2.29 v input18/X (sky130_fd_sc_hd__buf_4)
                                         net18 (net)
                  0.09    0.00    2.29 v _108_/A (sky130_fd_sc_hd__or3b_4)
     2    0.01    0.14    0.83    3.13 v _108_/X (sky130_fd_sc_hd__or3b_4)
                                         _040_ (net)
                  0.14    0.00    3.13 v _109_/A (sky130_fd_sc_hd__buf_6)
     5    0.02    0.06    0.27    3.40 v _109_/X (sky130_fd_sc_hd__buf_6)
                                         _041_ (net)
                  0.06    0.00    3.40 v _111_/A (sky130_fd_sc_hd__and3_1)
     2    0.01    0.13    0.36    3.76 v _111_/X (sky130_fd_sc_hd__and3_1)
                                         _043_ (net)
                  0.13    0.00    3.76 v _113_/C (sky130_fd_sc_hd__or3_4)
     3    0.02    0.15    0.76    4.52 v _113_/X (sky130_fd_sc_hd__or3_4)
                                         _045_ (net)
                  0.15    0.00    4.52 v _122_/A2 (sky130_fd_sc_hd__a21bo_4)
     3    0.01    0.08    0.47    4.99 v _122_/X (sky130_fd_sc_hd__a21bo_4)
                                         _053_ (net)
                  0.08    0.00    4.99 v _126_/A (sky130_fd_sc_hd__and2_1)
     2    0.01    0.14    0.37    5.36 v _126_/X (sky130_fd_sc_hd__and2_1)
                                         _057_ (net)
                  0.14    0.00    5.36 v _133_/A1 (sky130_fd_sc_hd__o21bai_1)
     1    0.01    0.46    0.49    5.85 ^ _133_/Y (sky130_fd_sc_hd__o21bai_1)
                                         net22 (net)
                  0.46    0.00    5.85 ^ output22/A (sky130_fd_sc_hd__buf_2)
     1    0.03    0.27    0.53    6.39 ^ output22/X (sky130_fd_sc_hd__buf_2)
                                         out[2] (net)
                  0.27    0.00    6.39 ^ out[2] (out)
                                  6.39   data arrival time

                  0.00   10.00   10.00   clock __VIRTUAL_CLK__ (rise edge)
                          0.00   10.00   clock network delay (ideal)
                         -0.25    9.75   clock uncertainty
                          0.00    9.75   clock reconvergence pessimism
                         -2.00    7.75   output external delay
                                  7.75   data required time
-----------------------------------------------------------------------------
                                  7.75   data required time
                                 -6.39   data arrival time
-----------------------------------------------------------------------------
                                  1.36   slack (MET)


Startpoint: opcode[1] (input port clocked by __VIRTUAL_CLK__)
Endpoint: out[1] (output port clocked by __VIRTUAL_CLK__)
Path Group: __VIRTUAL_CLK__
Path Type: max
Corner: Slowest

Fanout     Cap    Slew   Delay    Time   Description
-----------------------------------------------------------------------------
                  0.00    0.00    0.00   clock __VIRTUAL_CLK__ (rise edge)
                          0.00    0.00   clock network delay (ideal)
                          2.00    2.00 v input external delay
     1    0.00    0.02    0.01    2.01 v opcode[1] (in)
                                         opcode[1] (net)
                  0.02    0.00    2.01 v input18/A (sky130_fd_sc_hd__buf_4)
     6    0.02    0.09    0.28    2.29 v input18/X (sky130_fd_sc_hd__buf_4)
                                         net18 (net)
                  0.09    0.00    2.29 v _108_/A (sky130_fd_sc_hd__or3b_4)
     2    0.01    0.14    0.83    3.13 v _108_/X (sky130_fd_sc_hd__or3b_4)
                                         _040_ (net)
                  0.14    0.00    3.13 v _109_/A (sky130_fd_sc_hd__buf_6)
     5    0.02    0.06    0.27    3.40 v _109_/X (sky130_fd_sc_hd__buf_6)
                                         _041_ (net)
                  0.06    0.00    3.40 v _111_/A (sky130_fd_sc_hd__and3_1)
     2    0.01    0.13    0.36    3.76 v _111_/X (sky130_fd_sc_hd__and3_1)
                                         _043_ (net)
                  0.13    0.00    3.76 v _113_/C (sky130_fd_sc_hd__or3_4)
     3    0.02    0.15    0.76    4.52 v _113_/X (sky130_fd_sc_hd__or3_4)
                                         _045_ (net)
                  0.15    0.00    4.52 v _115_/A3 (sky130_fd_sc_hd__a31o_1)
     1    0.01    0.10    0.48    5.00 v _115_/X (sky130_fd_sc_hd__a31o_1)
                                         _047_ (net)
                  0.10    0.00    5.00 v _121_/A2 (sky130_fd_sc_hd__o21bai_1)
     1    0.01    0.32    0.34    5.34 ^ _121_/Y (sky130_fd_sc_hd__o21bai_1)
                                         net21 (net)
                  0.32    0.00    5.34 ^ output21/A (sky130_fd_sc_hd__buf_2)
     1    0.03    0.27    0.48    5.81 ^ output21/X (sky130_fd_sc_hd__buf_2)
                                         out[1] (net)
                  0.27    0.00    5.81 ^ out[1] (out)
                                  5.81   data arrival time

                  0.00   10.00   10.00   clock __VIRTUAL_CLK__ (rise edge)
                          0.00   10.00   clock network delay (ideal)
                         -0.25    9.75   clock uncertainty
                          0.00    9.75   clock reconvergence pessimism
                         -2.00    7.75   output external delay
                                  7.75   data required time
-----------------------------------------------------------------------------
                                  7.75   data required time
                                 -5.81   data arrival time
-----------------------------------------------------------------------------
                                  1.94   slack (MET)


Startpoint: opcode[1] (input port clocked by __VIRTUAL_CLK__)
Endpoint: out[0] (output port clocked by __VIRTUAL_CLK__)
Path Group: __VIRTUAL_CLK__
Path Type: max
Corner: Slowest

Fanout     Cap    Slew   Delay    Time   Description
-----------------------------------------------------------------------------
                  0.00    0.00    0.00   clock __VIRTUAL_CLK__ (rise edge)
                          0.00    0.00   clock network delay (ideal)
                          2.00    2.00 v input external delay
     1    0.00    0.02    0.01    2.01 v opcode[1] (in)
                                         opcode[1] (net)
                  0.02    0.00    2.01 v input18/A (sky130_fd_sc_hd__buf_4)
     6    0.02    0.09    0.28    2.29 v input18/X (sky130_fd_sc_hd__buf_4)
                                         net18 (net)
                  0.09    0.00    2.29 v _099_/A (sky130_fd_sc_hd__or3b_1)
     1    0.01    0.19    0.99    3.28 v _099_/X (sky130_fd_sc_hd__or3b_1)
                                         _032_ (net)
                  0.19    0.00    3.28 v _100_/A (sky130_fd_sc_hd__buf_2)
     8    0.03    0.16    0.42    3.70 v _100_/X (sky130_fd_sc_hd__buf_2)
                                         _033_ (net)
                  0.16    0.00    3.70 v _106_/A2 (sky130_fd_sc_hd__o21ai_1)
     1    0.01    0.42    0.44    4.14 ^ _106_/Y (sky130_fd_sc_hd__o21ai_1)
                                         _039_ (net)
                  0.42    0.00    4.14 ^ _107_/B1 (sky130_fd_sc_hd__a31o_1)
     1    0.01    0.19    0.39    4.53 ^ _107_/X (sky130_fd_sc_hd__a31o_1)
                                         net20 (net)
                  0.19    0.00    4.53 ^ output20/A (sky130_fd_sc_hd__buf_2)
     1    0.03    0.27    0.42    4.95 ^ output20/X (sky130_fd_sc_hd__buf_2)
                                         out[0] (net)
                  0.27    0.00    4.95 ^ out[0] (out)
                                  4.95   data arrival time

                  0.00   10.00   10.00   clock __VIRTUAL_CLK__ (rise edge)
                          0.00   10.00   clock network delay (ideal)
                         -0.25    9.75   clock uncertainty
                          0.00    9.75   clock reconvergence pessimism
                         -2.00    7.75   output external delay
                                  7.75   data required time
-----------------------------------------------------------------------------
                                  7.75   data required time
                                 -4.95   data arrival time
-----------------------------------------------------------------------------
                                  2.80   slack (MET)



worst slack corner Slowest: -0.1575
======================= Typical Corner ===================================

Startpoint: opcode[1] (input port clocked by __VIRTUAL_CLK__)
Endpoint: out[7] (output port clocked by __VIRTUAL_CLK__)
Path Group: __VIRTUAL_CLK__
Path Type: max
Corner: Typical

Fanout     Cap    Slew   Delay    Time   Description
-----------------------------------------------------------------------------
                  0.00    0.00    0.00   clock __VIRTUAL_CLK__ (rise edge)
                          0.00    0.00   clock network delay (ideal)
                          2.00    2.00 v input external delay
     1    0.00    0.01    0.01    2.01 v opcode[1] (in)
                                         opcode[1] (net)
                  0.01    0.00    2.01 v input18/A (sky130_fd_sc_hd__buf_4)
     6    0.02    0.05    0.15    2.16 v input18/X (sky130_fd_sc_hd__buf_4)
                                         net18 (net)
                  0.05    0.00    2.16 v _108_/A (sky130_fd_sc_hd__or3b_4)
     2    0.01    0.08    0.43    2.58 v _108_/X (sky130_fd_sc_hd__or3b_4)
                                         _040_ (net)
                  0.08    0.00    2.58 v _109_/A (sky130_fd_sc_hd__buf_6)
     5    0.02    0.03    0.15    2.73 v _109_/X (sky130_fd_sc_hd__buf_6)
                                         _041_ (net)
                  0.03    0.00    2.73 v _111_/A (sky130_fd_sc_hd__and3_1)
     2    0.01    0.06    0.17    2.90 v _111_/X (sky130_fd_sc_hd__and3_1)
                                         _043_ (net)
                  0.06    0.00    2.90 v _113_/C (sky130_fd_sc_hd__or3_4)
     3    0.02    0.08    0.38    3.28 v _113_/X (sky130_fd_sc_hd__or3_4)
                                         _045_ (net)
                  0.08    0.00    3.28 v _122_/A2 (sky130_fd_sc_hd__a21bo_4)
     3    0.01    0.05    0.26    3.54 v _122_/X (sky130_fd_sc_hd__a21bo_4)
                                         _053_ (net)
                  0.05    0.00    3.54 v _158_/A1 (sky130_fd_sc_hd__a31o_1)
     2    0.01    0.07    0.22    3.76 v _158_/X (sky130_fd_sc_hd__a31o_1)
                                         _087_ (net)
                  0.07    0.00    3.76 v _160_/A (sky130_fd_sc_hd__and2_4)
     5    0.02    0.05    0.18    3.94 v _160_/X (sky130_fd_sc_hd__and2_4)
                                         _089_ (net)
                  0.05    0.00    3.94 v _181_/A3 (sky130_fd_sc_hd__o311a_4)
     3    0.02    0.07    0.36    4.30 v _181_/X (sky130_fd_sc_hd__o311a_4)
                                         _012_ (net)
                  0.07    0.00    4.30 v _195_/B (sky130_fd_sc_hd__or3_4)
     1    0.00    0.07    0.39    4.69 v _195_/X (sky130_fd_sc_hd__or3_4)
                                         _025_ (net)
                  0.07    0.00    4.69 v _199_/A1 (sky130_fd_sc_hd__a31o_4)
     1    0.02    0.05    0.25    4.94 v _199_/X (sky130_fd_sc_hd__a31o_4)
                                         net27 (net)
                  0.05    0.00    4.94 v output27/A (sky130_fd_sc_hd__buf_6)
     1    0.04    0.04    0.15    5.09 v output27/X (sky130_fd_sc_hd__buf_6)
                                         out[7] (net)
                  0.04    0.00    5.09 v out[7] (out)
                                  5.09   data arrival time

                  0.00   10.00   10.00   clock __VIRTUAL_CLK__ (rise edge)
                          0.00   10.00   clock network delay (ideal)
                         -0.25    9.75   clock uncertainty
                          0.00    9.75   clock reconvergence pessimism
                         -2.00    7.75   output external delay
                                  7.75   data required time
-----------------------------------------------------------------------------
                                  7.75   data required time
                                 -5.09   data arrival time
-----------------------------------------------------------------------------
                                  2.66   slack (MET)


Startpoint: opcode[1] (input port clocked by __VIRTUAL_CLK__)
Endpoint: out[6] (output port clocked by __VIRTUAL_CLK__)
Path Group: __VIRTUAL_CLK__
Path Type: max
Corner: Typical

Fanout     Cap    Slew   Delay    Time   Description
-----------------------------------------------------------------------------
                  0.00    0.00    0.00   clock __VIRTUAL_CLK__ (rise edge)
                          0.00    0.00   clock network delay (ideal)
                          2.00    2.00 v input external delay
     1    0.00    0.01    0.01    2.01 v opcode[1] (in)
                                         opcode[1] (net)
                  0.01    0.00    2.01 v input18/A (sky130_fd_sc_hd__buf_4)
     6    0.02    0.05    0.15    2.16 v input18/X (sky130_fd_sc_hd__buf_4)
                                         net18 (net)
                  0.05    0.00    2.16 v _108_/A (sky130_fd_sc_hd__or3b_4)
     2    0.01    0.08    0.43    2.58 v _108_/X (sky130_fd_sc_hd__or3b_4)
                                         _040_ (net)
                  0.08    0.00    2.58 v _109_/A (sky130_fd_sc_hd__buf_6)
     5    0.02    0.03    0.15    2.73 v _109_/X (sky130_fd_sc_hd__buf_6)
                                         _041_ (net)
                  0.03    0.00    2.73 v _111_/A (sky130_fd_sc_hd__and3_1)
     2    0.01    0.06    0.17    2.90 v _111_/X (sky130_fd_sc_hd__and3_1)
                                         _043_ (net)
                  0.06    0.00    2.90 v _113_/C (sky130_fd_sc_hd__or3_4)
     3    0.02    0.08    0.38    3.28 v _113_/X (sky130_fd_sc_hd__or3_4)
                                         _045_ (net)
                  0.08    0.00    3.28 v _122_/A2 (sky130_fd_sc_hd__a21bo_4)
     3    0.01    0.05    0.26    3.54 v _122_/X (sky130_fd_sc_hd__a21bo_4)
                                         _053_ (net)
                  0.05    0.00    3.54 v _158_/A1 (sky130_fd_sc_hd__a31o_1)
     2    0.01    0.07    0.22    3.76 v _158_/X (sky130_fd_sc_hd__a31o_1)
                                         _087_ (net)
                  0.07    0.00    3.76 v _160_/A (sky130_fd_sc_hd__and2_4)
     5    0.02    0.05    0.18    3.94 v _160_/X (sky130_fd_sc_hd__and2_4)
                                         _089_ (net)
                  0.05    0.00    3.94 v _179_/A2 (sky130_fd_sc_hd__o31a_1)
     1    0.00    0.04    0.28    4.22 v _179_/X (sky130_fd_sc_hd__o31a_1)
                                         _010_ (net)
                  0.04    0.00    4.22 v _180_/B (sky130_fd_sc_hd__or2_1)
     1    0.01    0.06    0.23    4.45 v _180_/X (sky130_fd_sc_hd__or2_1)
                                         _011_ (net)
                  0.06    0.00    4.45 v _187_/A1 (sky130_fd_sc_hd__a21o_1)
     1    0.00    0.03    0.16    4.61 v _187_/X (sky130_fd_sc_hd__a21o_1)
                                         net26 (net)
                  0.03    0.00    4.61 v output26/A (sky130_fd_sc_hd__buf_2)
     1    0.03    0.09    0.19    4.80 v output26/X (sky130_fd_sc_hd__buf_2)
                                         out[6] (net)
                  0.09    0.00    4.80 v out[6] (out)
                                  4.80   data arrival time

                  0.00   10.00   10.00   clock __VIRTUAL_CLK__ (rise edge)
                          0.00   10.00   clock network delay (ideal)
                         -0.25    9.75   clock uncertainty
                          0.00    9.75   clock reconvergence pessimism
                         -2.00    7.75   output external delay
                                  7.75   data required time
-----------------------------------------------------------------------------
                                  7.75   data required time
                                 -4.80   data arrival time
-----------------------------------------------------------------------------
                                  2.95   slack (MET)


Startpoint: opcode[1] (input port clocked by __VIRTUAL_CLK__)
Endpoint: out[5] (output port clocked by __VIRTUAL_CLK__)
Path Group: __VIRTUAL_CLK__
Path Type: max
Corner: Typical

Fanout     Cap    Slew   Delay    Time   Description
-----------------------------------------------------------------------------
                  0.00    0.00    0.00   clock __VIRTUAL_CLK__ (rise edge)
                          0.00    0.00   clock network delay (ideal)
                          2.00    2.00 v input external delay
     1    0.00    0.01    0.01    2.01 v opcode[1] (in)
                                         opcode[1] (net)
                  0.01    0.00    2.01 v input18/A (sky130_fd_sc_hd__buf_4)
     6    0.02    0.05    0.15    2.16 v input18/X (sky130_fd_sc_hd__buf_4)
                                         net18 (net)
                  0.05    0.00    2.16 v _108_/A (sky130_fd_sc_hd__or3b_4)
     2    0.01    0.08    0.43    2.58 v _108_/X (sky130_fd_sc_hd__or3b_4)
                                         _040_ (net)
                  0.08    0.00    2.58 v _109_/A (sky130_fd_sc_hd__buf_6)
     5    0.02    0.03    0.15    2.73 v _109_/X (sky130_fd_sc_hd__buf_6)
                                         _041_ (net)
                  0.03    0.00    2.73 v _111_/A (sky130_fd_sc_hd__and3_1)
     2    0.01    0.06    0.17    2.90 v _111_/X (sky130_fd_sc_hd__and3_1)
                                         _043_ (net)
                  0.06    0.00    2.90 v _113_/C (sky130_fd_sc_hd__or3_4)
     3    0.02    0.08    0.38    3.28 v _113_/X (sky130_fd_sc_hd__or3_4)
                                         _045_ (net)
                  0.08    0.00    3.28 v _122_/A2 (sky130_fd_sc_hd__a21bo_4)
     3    0.01    0.05    0.26    3.54 v _122_/X (sky130_fd_sc_hd__a21bo_4)
                                         _053_ (net)
                  0.05    0.00    3.54 v _158_/A1 (sky130_fd_sc_hd__a31o_1)
     2    0.01    0.07    0.22    3.76 v _158_/X (sky130_fd_sc_hd__a31o_1)
                                         _087_ (net)
                  0.07    0.00    3.76 v _160_/A (sky130_fd_sc_hd__and2_4)
     5    0.02    0.05    0.18    3.94 v _160_/X (sky130_fd_sc_hd__and2_4)
                                         _089_ (net)
                  0.05    0.00    3.94 v _168_/C1 (sky130_fd_sc_hd__a211o_1)
     1    0.01    0.08    0.28    4.22 v _168_/X (sky130_fd_sc_hd__a211o_1)
                                         _000_ (net)
                  0.08    0.00    4.22 v _174_/A2 (sky130_fd_sc_hd__a31o_1)
     2    0.01    0.07    0.27    4.49 v _174_/X (sky130_fd_sc_hd__a31o_1)
                                         net25 (net)
                  0.07    0.00    4.49 v output25/A (sky130_fd_sc_hd__buf_2)
     1    0.03    0.09    0.20    4.70 v output25/X (sky130_fd_sc_hd__buf_2)
                                         out[5] (net)
                  0.09    0.00    4.70 v out[5] (out)
                                  4.70   data arrival time

                  0.00   10.00   10.00   clock __VIRTUAL_CLK__ (rise edge)
                          0.00   10.00   clock network delay (ideal)
                         -0.25    9.75   clock uncertainty
                          0.00    9.75   clock reconvergence pessimism
                         -2.00    7.75   output external delay
                                  7.75   data required time
-----------------------------------------------------------------------------
                                  7.75   data required time
                                 -4.70   data arrival time
-----------------------------------------------------------------------------
                                  3.05   slack (MET)


Startpoint: opcode[1] (input port clocked by __VIRTUAL_CLK__)
Endpoint: out[3] (output port clocked by __VIRTUAL_CLK__)
Path Group: __VIRTUAL_CLK__
Path Type: max
Corner: Typical

Fanout     Cap    Slew   Delay    Time   Description
-----------------------------------------------------------------------------
                  0.00    0.00    0.00   clock __VIRTUAL_CLK__ (rise edge)
                          0.00    0.00   clock network delay (ideal)
                          2.00    2.00 v input external delay
     1    0.00    0.01    0.01    2.01 v opcode[1] (in)
                                         opcode[1] (net)
                  0.01    0.00    2.01 v input18/A (sky130_fd_sc_hd__buf_4)
     6    0.02    0.05    0.15    2.16 v input18/X (sky130_fd_sc_hd__buf_4)
                                         net18 (net)
                  0.05    0.00    2.16 v _108_/A (sky130_fd_sc_hd__or3b_4)
     2    0.01    0.08    0.43    2.58 v _108_/X (sky130_fd_sc_hd__or3b_4)
                                         _040_ (net)
                  0.08    0.00    2.58 v _109_/A (sky130_fd_sc_hd__buf_6)
     5    0.02    0.03    0.15    2.73 v _109_/X (sky130_fd_sc_hd__buf_6)
                                         _041_ (net)
                  0.03    0.00    2.73 v _111_/A (sky130_fd_sc_hd__and3_1)
     2    0.01    0.06    0.17    2.90 v _111_/X (sky130_fd_sc_hd__and3_1)
                                         _043_ (net)
                  0.06    0.00    2.90 v _113_/C (sky130_fd_sc_hd__or3_4)
     3    0.02    0.08    0.38    3.28 v _113_/X (sky130_fd_sc_hd__or3_4)
                                         _045_ (net)
                  0.08    0.00    3.28 v _122_/A2 (sky130_fd_sc_hd__a21bo_4)
     3    0.01    0.05    0.26    3.54 v _122_/X (sky130_fd_sc_hd__a21bo_4)
                                         _053_ (net)
                  0.05    0.00    3.54 v _126_/A (sky130_fd_sc_hd__and2_1)
     2    0.01    0.07    0.18    3.72 v _126_/X (sky130_fd_sc_hd__and2_1)
                                         _057_ (net)
                  0.07    0.00    3.72 v _140_/B1 (sky130_fd_sc_hd__a21oi_1)
     1    0.01    0.22    0.22    3.94 ^ _140_/Y (sky130_fd_sc_hd__a21oi_1)
                                         _070_ (net)
                  0.22    0.00    3.94 ^ _141_/B (sky130_fd_sc_hd__xnor2_1)
     1    0.00    0.07    0.10    4.04 v _141_/Y (sky130_fd_sc_hd__xnor2_1)
                                         _071_ (net)
                  0.07    0.00    4.04 v _146_/A2 (sky130_fd_sc_hd__a211o_1)
     1    0.01    0.07    0.34    4.38 v _146_/X (sky130_fd_sc_hd__a211o_1)
                                         net23 (net)
                  0.07    0.00    4.38 v output23/A (sky130_fd_sc_hd__buf_2)
     1    0.03    0.09    0.20    4.58 v output23/X (sky130_fd_sc_hd__buf_2)
                                         out[3] (net)
                  0.09    0.00    4.58 v out[3] (out)
                                  4.58   data arrival time

                  0.00   10.00   10.00   clock __VIRTUAL_CLK__ (rise edge)
                          0.00   10.00   clock network delay (ideal)
                         -0.25    9.75   clock uncertainty
                          0.00    9.75   clock reconvergence pessimism
                         -2.00    7.75   output external delay
                                  7.75   data required time
-----------------------------------------------------------------------------
                                  7.75   data required time
                                 -4.58   data arrival time
-----------------------------------------------------------------------------
                                  3.17   slack (MET)


Startpoint: opcode[1] (input port clocked by __VIRTUAL_CLK__)
Endpoint: out[4] (output port clocked by __VIRTUAL_CLK__)
Path Group: __VIRTUAL_CLK__
Path Type: max
Corner: Typical

Fanout     Cap    Slew   Delay    Time   Description
-----------------------------------------------------------------------------
                  0.00    0.00    0.00   clock __VIRTUAL_CLK__ (rise edge)
                          0.00    0.00   clock network delay (ideal)
                          2.00    2.00 v input external delay
     1    0.00    0.01    0.01    2.01 v opcode[1] (in)
                                         opcode[1] (net)
                  0.01    0.00    2.01 v input18/A (sky130_fd_sc_hd__buf_4)
     6    0.02    0.05    0.15    2.16 v input18/X (sky130_fd_sc_hd__buf_4)
                                         net18 (net)
                  0.05    0.00    2.16 v _108_/A (sky130_fd_sc_hd__or3b_4)
     2    0.01    0.08    0.43    2.58 v _108_/X (sky130_fd_sc_hd__or3b_4)
                                         _040_ (net)
                  0.08    0.00    2.58 v _109_/A (sky130_fd_sc_hd__buf_6)
     5    0.02    0.03    0.15    2.73 v _109_/X (sky130_fd_sc_hd__buf_6)
                                         _041_ (net)
                  0.03    0.00    2.73 v _111_/A (sky130_fd_sc_hd__and3_1)
     2    0.01    0.06    0.17    2.90 v _111_/X (sky130_fd_sc_hd__and3_1)
                                         _043_ (net)
                  0.06    0.00    2.90 v _113_/C (sky130_fd_sc_hd__or3_4)
     3    0.02    0.08    0.38    3.28 v _113_/X (sky130_fd_sc_hd__or3_4)
                                         _045_ (net)
                  0.08    0.00    3.28 v _122_/A2 (sky130_fd_sc_hd__a21bo_4)
     3    0.01    0.05    0.26    3.54 v _122_/X (sky130_fd_sc_hd__a21bo_4)
                                         _053_ (net)
                  0.05    0.00    3.54 v _158_/A1 (sky130_fd_sc_hd__a31o_1)
     2    0.01    0.07    0.22    3.76 v _158_/X (sky130_fd_sc_hd__a31o_1)
                                         _087_ (net)
                  0.07    0.00    3.76 v _160_/A (sky130_fd_sc_hd__and2_4)
     5    0.02    0.05    0.18    3.94 v _160_/X (sky130_fd_sc_hd__and2_4)
                                         _089_ (net)
                  0.05    0.00    3.94 v _161_/A3 (sky130_fd_sc_hd__o32a_1)
     1    0.00    0.06    0.31    4.25 v _161_/X (sky130_fd_sc_hd__o32a_1)
                                         _090_ (net)
                  0.06    0.00    4.25 v _162_/B (sky130_fd_sc_hd__nand2_1)
     1    0.00    0.06    0.08    4.33 ^ _162_/Y (sky130_fd_sc_hd__nand2_1)
                                         net24 (net)
                  0.06    0.00    4.33 ^ output24/A (sky130_fd_sc_hd__buf_2)
     1    0.04    0.18    0.22    4.55 ^ output24/X (sky130_fd_sc_hd__buf_2)
                                         out[4] (net)
                  0.18    0.00    4.55 ^ out[4] (out)
                                  4.55   data arrival time

                  0.00   10.00   10.00   clock __VIRTUAL_CLK__ (rise edge)
                          0.00   10.00   clock network delay (ideal)
                         -0.25    9.75   clock uncertainty
                          0.00    9.75   clock reconvergence pessimism
                         -2.00    7.75   output external delay
                                  7.75   data required time
-----------------------------------------------------------------------------
                                  7.75   data required time
                                 -4.55   data arrival time
-----------------------------------------------------------------------------
                                  3.20   slack (MET)


Startpoint: opcode[1] (input port clocked by __VIRTUAL_CLK__)
Endpoint: out[2] (output port clocked by __VIRTUAL_CLK__)
Path Group: __VIRTUAL_CLK__
Path Type: max
Corner: Typical

Fanout     Cap    Slew   Delay    Time   Description
-----------------------------------------------------------------------------
                  0.00    0.00    0.00   clock __VIRTUAL_CLK__ (rise edge)
                          0.00    0.00   clock network delay (ideal)
                          2.00    2.00 v input external delay
     1    0.00    0.01    0.01    2.01 v opcode[1] (in)
                                         opcode[1] (net)
                  0.01    0.00    2.01 v input18/A (sky130_fd_sc_hd__buf_4)
     6    0.02    0.05    0.15    2.16 v input18/X (sky130_fd_sc_hd__buf_4)
                                         net18 (net)
                  0.05    0.00    2.16 v _108_/A (sky130_fd_sc_hd__or3b_4)
     2    0.01    0.08    0.43    2.58 v _108_/X (sky130_fd_sc_hd__or3b_4)
                                         _040_ (net)
                  0.08    0.00    2.58 v _109_/A (sky130_fd_sc_hd__buf_6)
     5    0.02    0.03    0.15    2.73 v _109_/X (sky130_fd_sc_hd__buf_6)
                                         _041_ (net)
                  0.03    0.00    2.73 v _111_/A (sky130_fd_sc_hd__and3_1)
     2    0.01    0.06    0.17    2.90 v _111_/X (sky130_fd_sc_hd__and3_1)
                                         _043_ (net)
                  0.06    0.00    2.90 v _113_/C (sky130_fd_sc_hd__or3_4)
     3    0.02    0.08    0.38    3.28 v _113_/X (sky130_fd_sc_hd__or3_4)
                                         _045_ (net)
                  0.08    0.00    3.28 v _122_/A2 (sky130_fd_sc_hd__a21bo_4)
     3    0.01    0.05    0.26    3.54 v _122_/X (sky130_fd_sc_hd__a21bo_4)
                                         _053_ (net)
                  0.05    0.00    3.54 v _126_/A (sky130_fd_sc_hd__and2_1)
     2    0.01    0.07    0.18    3.72 v _126_/X (sky130_fd_sc_hd__and2_1)
                                         _057_ (net)
                  0.07    0.00    3.72 v _133_/A1 (sky130_fd_sc_hd__o21bai_1)
     1    0.01    0.27    0.28    4.00 ^ _133_/Y (sky130_fd_sc_hd__o21bai_1)
                                         net22 (net)
                  0.27    0.00    4.00 ^ output22/A (sky130_fd_sc_hd__buf_2)
     1    0.03    0.17    0.28    4.28 ^ output22/X (sky130_fd_sc_hd__buf_2)
                                         out[2] (net)
                  0.17    0.00    4.28 ^ out[2] (out)
                                  4.28   data arrival time

                  0.00   10.00   10.00   clock __VIRTUAL_CLK__ (rise edge)
                          0.00   10.00   clock network delay (ideal)
                         -0.25    9.75   clock uncertainty
                          0.00    9.75   clock reconvergence pessimism
                         -2.00    7.75   output external delay
                                  7.75   data required time
-----------------------------------------------------------------------------
                                  7.75   data required time
                                 -4.28   data arrival time
-----------------------------------------------------------------------------
                                  3.47   slack (MET)


Startpoint: opcode[1] (input port clocked by __VIRTUAL_CLK__)
Endpoint: out[1] (output port clocked by __VIRTUAL_CLK__)
Path Group: __VIRTUAL_CLK__
Path Type: max
Corner: Typical

Fanout     Cap    Slew   Delay    Time   Description
-----------------------------------------------------------------------------
                  0.00    0.00    0.00   clock __VIRTUAL_CLK__ (rise edge)
                          0.00    0.00   clock network delay (ideal)
                          2.00    2.00 v input external delay
     1    0.00    0.01    0.01    2.01 v opcode[1] (in)
                                         opcode[1] (net)
                  0.01    0.00    2.01 v input18/A (sky130_fd_sc_hd__buf_4)
     6    0.02    0.05    0.15    2.16 v input18/X (sky130_fd_sc_hd__buf_4)
                                         net18 (net)
                  0.05    0.00    2.16 v _108_/A (sky130_fd_sc_hd__or3b_4)
     2    0.01    0.08    0.43    2.58 v _108_/X (sky130_fd_sc_hd__or3b_4)
                                         _040_ (net)
                  0.08    0.00    2.58 v rebuffer3/A (sky130_fd_sc_hd__clkbuf_1)
     1    0.00    0.02    0.10    2.69 v rebuffer3/X (sky130_fd_sc_hd__clkbuf_1)
                                         net30 (net)
                  0.02    0.00    2.69 v rebuffer2/A (sky130_fd_sc_hd__clkbuf_1)
     1    0.00    0.03    0.08    2.77 v rebuffer2/X (sky130_fd_sc_hd__clkbuf_1)
                                         net29 (net)
                  0.03    0.00    2.77 v clone1/A (sky130_fd_sc_hd__buf_2)
     4    0.02    0.05    0.15    2.92 v clone1/X (sky130_fd_sc_hd__buf_2)
                                         net28 (net)
                  0.05    0.00    2.92 v _110_/A2 (sky130_fd_sc_hd__a21oi_1)
     2    0.01    0.24    0.26    3.18 ^ _110_/Y (sky130_fd_sc_hd__a21oi_1)
                                         _042_ (net)
                  0.24    0.00    3.18 ^ _112_/A1 (sky130_fd_sc_hd__o21ai_2)
     3    0.01    0.08    0.14    3.32 v _112_/Y (sky130_fd_sc_hd__o21ai_2)
                                         _044_ (net)
                  0.08    0.00    3.32 v _115_/A2 (sky130_fd_sc_hd__a31o_1)
     1    0.01    0.05    0.25    3.56 v _115_/X (sky130_fd_sc_hd__a31o_1)
                                         _047_ (net)
                  0.05    0.00    3.56 v _121_/A2 (sky130_fd_sc_hd__o21bai_1)
     1    0.01    0.19    0.20    3.76 ^ _121_/Y (sky130_fd_sc_hd__o21bai_1)
                                         net21 (net)
                  0.19    0.00    3.76 ^ output21/A (sky130_fd_sc_hd__buf_2)
     1    0.03    0.17    0.26    4.02 ^ output21/X (sky130_fd_sc_hd__buf_2)
                                         out[1] (net)
                  0.17    0.00    4.02 ^ out[1] (out)
                                  4.02   data arrival time

                  0.00   10.00   10.00   clock __VIRTUAL_CLK__ (rise edge)
                          0.00   10.00   clock network delay (ideal)
                         -0.25    9.75   clock uncertainty
                          0.00    9.75   clock reconvergence pessimism
                         -2.00    7.75   output external delay
                                  7.75   data required time
-----------------------------------------------------------------------------
                                  7.75   data required time
                                 -4.02   data arrival time
-----------------------------------------------------------------------------
                                  3.73   slack (MET)


Startpoint: opcode[2] (input port clocked by __VIRTUAL_CLK__)
Endpoint: out[0] (output port clocked by __VIRTUAL_CLK__)
Path Group: __VIRTUAL_CLK__
Path Type: max
Corner: Typical

Fanout     Cap    Slew   Delay    Time   Description
-----------------------------------------------------------------------------
                  0.00    0.00    0.00   clock __VIRTUAL_CLK__ (rise edge)
                          0.00    0.00   clock network delay (ideal)
                          2.00    2.00 ^ input external delay
     1    0.00    0.02    0.01    2.01 ^ opcode[2] (in)
                                         opcode[2] (net)
                  0.02    0.00    2.01 ^ input19/A (sky130_fd_sc_hd__buf_4)
     6    0.04    0.12    0.16    2.18 ^ input19/X (sky130_fd_sc_hd__buf_4)
                                         net19 (net)
                  0.12    0.00    2.18 ^ _099_/C_N (sky130_fd_sc_hd__or3b_1)
     1    0.01    0.10    0.42    2.60 v _099_/X (sky130_fd_sc_hd__or3b_1)
                                         _032_ (net)
                  0.10    0.00    2.60 v _100_/A (sky130_fd_sc_hd__buf_2)
     8    0.03    0.08    0.21    2.80 v _100_/X (sky130_fd_sc_hd__buf_2)
                                         _033_ (net)
                  0.08    0.00    2.80 v _106_/A2 (sky130_fd_sc_hd__o21ai_1)
     1    0.01    0.25    0.25    3.06 ^ _106_/Y (sky130_fd_sc_hd__o21ai_1)
                                         _039_ (net)
                  0.25    0.00    3.06 ^ _107_/B1 (sky130_fd_sc_hd__a31o_1)
     1    0.01    0.11    0.20    3.26 ^ _107_/X (sky130_fd_sc_hd__a31o_1)
                                         net20 (net)
                  0.11    0.00    3.26 ^ output20/A (sky130_fd_sc_hd__buf_2)
     1    0.03    0.17    0.23    3.49 ^ output20/X (sky130_fd_sc_hd__buf_2)
                                         out[0] (net)
                  0.17    0.00    3.49 ^ out[0] (out)
                                  3.49   data arrival time

                  0.00   10.00   10.00   clock __VIRTUAL_CLK__ (rise edge)
                          0.00   10.00   clock network delay (ideal)
                         -0.25    9.75   clock uncertainty
                          0.00    9.75   clock reconvergence pessimism
                         -2.00    7.75   output external delay
                                  7.75   data required time
-----------------------------------------------------------------------------
                                  7.75   data required time
                                 -3.49   data arrival time
-----------------------------------------------------------------------------
                                  4.26   slack (MET)



worst slack corner Typical: 2.6609
