
===========================================================================
 report_power
============================================================================
======================= Fastest Corner ===================================

Group                  Internal  Switching    Leakage      Total
                          Power      Power      Power      Power (Watts)
----------------------------------------------------------------
Sequential             0.00e+00   0.00e+00   0.00e+00   0.00e+00   0.0%
Combinational          3.22e-05   6.12e-05   1.01e-09   9.34e-05 100.0%
Clock                 -2.81e-11   0.00e+00   2.43e-10   2.15e-10   0.0%
Macro                  0.00e+00   0.00e+00   0.00e+00   0.00e+00   0.0%
Pad                    0.00e+00   0.00e+00   0.00e+00   0.00e+00   0.0%
----------------------------------------------------------------
Total                  3.22e-05   6.12e-05   1.26e-09   9.34e-05 100.0%
                          34.5%      65.5%       0.0%

======================= Slowest Corner ===================================

Group                  Internal  Switching    Leakage      Total
                          Power      Power      Power      Power (Watts)
----------------------------------------------------------------
Sequential             0.00e+00   0.00e+00   0.00e+00   0.00e+00   0.0%
Combinational          2.43e-05   4.09e-05   5.96e-07   6.58e-05 100.0%
Clock                 -1.67e-11   0.00e+00   2.44e-10   2.27e-10   0.0%
Macro                  0.00e+00   0.00e+00   0.00e+00   0.00e+00   0.0%
Pad                    0.00e+00   0.00e+00   0.00e+00   0.00e+00   0.0%
----------------------------------------------------------------
Total                  2.43e-05   4.09e-05   5.96e-07   6.58e-05 100.0%
                          36.9%      62.2%       0.9%

======================= Typical Corner ===================================

Group                  Internal  Switching    Leakage      Total
                          Power      Power      Power      Power (Watts)
----------------------------------------------------------------
Sequential             0.00e+00   0.00e+00   0.00e+00   0.00e+00   0.0%
Combinational          2.95e-05   5.20e-05   4.58e-10   8.14e-05 100.0%
Clock                  2.87e-11   0.00e+00   2.43e-10   2.71e-10   0.0%
Macro                  0.00e+00   0.00e+00   0.00e+00   0.00e+00   0.0%
Pad                    0.00e+00   0.00e+00   0.00e+00   0.00e+00   0.0%
----------------------------------------------------------------
Total                  2.95e-05   5.20e-05   7.01e-10   8.14e-05 100.0%
                          36.2%      63.8%       0.0%

