Instance,Terminal,Layer,X location,Y location,Voltage
FILLER_0_31_113,VPWR,li1,60.2600,95.2000,1.799998
FILLER_0_31_106,VPWR,li1,55.6600,95.2000,1.799997
FILLER_0_31_97,VPWR,li1,50.6000,95.2000,1.799995
FILLER_0_31_85,VPWR,li1,47.3800,95.2000,1.799995
FILLER_0_31_81,VPWR,li1,43.4700,95.2000,1.799994
FILLER_0_31_69,VPWR,li1,40.0200,95.2000,1.799993
FILLER_0_31_61,VPWR,li1,33.8100,95.2000,1.799994
FILLER_0_31_57,VPWR,li1,32.6600,95.2000,1.799993
FILLER_0_31_55,VPWR,li1,31.0500,95.2000,1.799993
FILLER_0_31_49,VPWR,li1,29.4400,95.2000,1.799993
FILLER_0_31_35,VPWR,li1,23.0000,95.2000,1.799991
FILLER_0_31_29,VPWR,li1,19.5500,95.2000,1.799993
FILLER_0_31_27,VPWR,li1,18.1700,95.2000,1.799993
FILLER_0_31_15,VPWR,li1,15.1800,95.2000,1.799994
FILLER_0_31_3,VPWR,li1,9.6600,95.2000,1.799996
FILLER_0_30_121,VPWR,li1,61.4100,95.2000,1.799998
FILLER_0_30_109,VPWR,li1,58.4200,95.2000,1.799997
FILLER_0_30_97,VPWR,li1,52.9000,95.2000,1.799996
FILLER_0_30_85,VPWR,li1,47.3800,95.2000,1.799995
FILLER_0_30_83,VPWR,li1,43.9300,95.2000,1.799994
FILLER_0_30_52,VPWR,li1,31.2800,95.2000,1.799993
FILLER_0_30_24,VPWR,li1,17.4800,95.2000,1.799993
FILLER_0_30_11,VPWR,li1,12.4200,95.2000,1.799995
FILLER_0_29_113,VPWR,li1,60.2600,89.7600,1.799994
FILLER_0_29_110,VPWR,li1,56.5800,89.7600,1.799992
FILLER_0_29_102,VPWR,li1,54.2800,89.7600,1.799990
FILLER_0_29_57,VPWR,li1,31.9700,89.7600,1.799988
FILLER_0_29_52,VPWR,li1,30.3600,89.7600,1.799987
FILLER_0_29_31,VPWR,li1,20.0100,89.7600,1.799989
FILLER_0_29_27,VPWR,li1,18.8600,89.7600,1.799990
FILLER_0_29_15,VPWR,li1,15.1800,89.7600,1.799992
FILLER_0_29_3,VPWR,li1,9.6600,89.7600,1.799994
FILLER_0_28_121,VPWR,li1,62.1000,89.7600,1.799994
FILLER_0_28_109,VPWR,li1,58.4200,89.7600,1.799993
FILLER_0_28_97,VPWR,li1,52.9000,89.7600,1.799990
FILLER_0_28_85,VPWR,li1,47.3800,89.7600,1.799986
FILLER_0_28_83,VPWR,li1,43.9300,89.7600,1.799986
FILLER_0_28_79,VPWR,li1,42.7800,89.7600,1.799986
FILLER_0_28_47,VPWR,li1,27.6000,89.7600,1.799987
FILLER_0_28_37,VPWR,li1,23.2300,89.7600,1.799987
FILLER_0_28_29,VPWR,li1,20.7000,89.7600,1.799989
FILLER_0_28_25,VPWR,li1,17.7100,89.7600,1.799990
FILLER_0_28_17,VPWR,li1,15.1800,89.7600,1.799992
FILLER_0_28_11,VPWR,li1,11.2700,89.7600,1.799994
FILLER_0_28_3,VPWR,li1,8.7400,89.7600,1.799994
FILLER_0_27_121,VPWR,li1,62.1000,84.3200,1.800000
FILLER_0_27_111,VPWR,li1,56.8100,84.3200,1.800000
FILLER_0_27_107,VPWR,li1,55.6600,84.3200,1.800000
FILLER_0_27_95,VPWR,li1,51.9800,84.3200,1.800000
FILLER_0_27_83,VPWR,li1,46.4600,84.3200,1.800000
FILLER_0_27_60,VPWR,li1,34.9600,84.3200,1.800000
FILLER_0_27_52,VPWR,li1,29.6700,84.3200,1.800000
FILLER_0_27_37,VPWR,li1,24.3800,84.3200,1.800000
FILLER_0_27_25,VPWR,li1,19.7800,84.3200,1.800000
FILLER_0_27_16,VPWR,li1,13.8000,84.3200,1.800000
FILLER_0_27_9,VPWR,li1,9.8900,84.3200,1.800000
FILLER_0_27_3,VPWR,li1,8.2800,84.3200,1.800000
FILLER_0_26_118,VPWR,li1,60.0300,84.3200,1.800000
FILLER_0_26_103,VPWR,li1,55.6600,84.3200,1.800000
FILLER_0_26_97,VPWR,li1,50.3700,84.3200,1.800000
FILLER_0_26_89,VPWR,li1,48.3000,84.3200,1.800000
FILLER_0_26_85,VPWR,li1,44.8500,84.3200,1.800000
FILLER_0_26_81,VPWR,li1,43.4700,84.3200,1.800000
FILLER_0_26_73,VPWR,li1,40.9400,84.3200,1.800000
FILLER_0_26_69,VPWR,li1,37.4900,84.3200,1.800000
FILLER_0_26_65,VPWR,li1,36.3400,84.3200,1.800000
FILLER_0_26_53,VPWR,li1,32.6600,84.3200,1.800000
FILLER_0_26_41,VPWR,li1,27.1400,84.3200,1.800000
FILLER_0_26_29,VPWR,li1,21.6200,84.3200,1.800000
FILLER_0_26_27,VPWR,li1,18.1700,84.3200,1.800000
FILLER_0_26_15,VPWR,li1,15.1800,84.3200,1.800000
FILLER_0_26_3,VPWR,li1,9.6600,84.3200,1.800000
FILLER_0_25_124,VPWR,li1,62.7900,78.8800,1.799997
FILLER_0_25_116,VPWR,li1,60.7200,78.8800,1.799997
FILLER_0_25_111,VPWR,li1,56.8100,78.8800,1.799996
FILLER_0_25_105,VPWR,li1,55.2000,78.8800,1.799995
FILLER_0_25_93,VPWR,li1,51.0600,78.8800,1.799994
FILLER_0_25_89,VPWR,li1,46.6900,78.8800,1.799994
FILLER_0_25_81,VPWR,li1,44.6200,78.8800,1.799995
FILLER_0_25_69,VPWR,li1,40.0200,78.8800,1.799996
FILLER_0_25_57,VPWR,li1,34.5000,78.8800,1.799998
FILLER_0_25_54,VPWR,li1,30.8200,78.8800,1.799998
FILLER_0_25_45,VPWR,li1,26.4500,78.8800,1.799998
FILLER_0_25_39,VPWR,li1,24.8400,78.8800,1.799998
FILLER_0_25_27,VPWR,li1,20.7000,78.8800,1.799999
FILLER_0_25_15,VPWR,li1,15.1800,78.8800,1.799999
FILLER_0_25_3,VPWR,li1,9.6600,78.8800,1.799999
FILLER_0_24_110,VPWR,li1,58.8800,78.8800,1.799997
FILLER_0_24_106,VPWR,li1,54.5100,78.8800,1.799995
FILLER_0_24_72,VPWR,li1,41.4000,78.8800,1.799996
FILLER_0_24_68,VPWR,li1,37.0300,78.8800,1.799997
FILLER_0_24_60,VPWR,li1,34.9600,78.8800,1.799998
FILLER_0_24_56,VPWR,li1,31.5100,78.8800,1.799998
FILLER_0_24_48,VPWR,li1,29.4400,78.8800,1.799998
FILLER_0_24_36,VPWR,li1,24.8400,78.8800,1.799998
FILLER_0_24_26,VPWR,li1,17.9400,78.8800,1.799999
FILLER_0_24_18,VPWR,li1,15.6400,78.8800,1.799999
FILLER_0_24_6,VPWR,li1,11.0400,78.8800,1.799999
FILLER_0_23_121,VPWR,li1,61.4100,73.4400,1.799971
FILLER_0_23_113,VPWR,li1,59.3400,73.4400,1.799971
FILLER_0_23_106,VPWR,li1,55.6600,73.4400,1.799960
FILLER_0_23_77,VPWR,li1,41.6300,73.4400,1.799949
FILLER_0_23_42,VPWR,li1,25.5300,73.4400,1.799968
FILLER_0_23_34,VPWR,li1,23.0000,73.4400,1.799970
FILLER_0_23_27,VPWR,li1,18.4000,73.4400,1.799975
FILLER_0_23_15,VPWR,li1,15.1800,73.4400,1.799980
FILLER_0_23_3,VPWR,li1,9.6600,73.4400,1.799986
FILLER_0_22_122,VPWR,li1,62.3300,73.4400,1.799971
FILLER_0_22_117,VPWR,li1,59.8000,73.4400,1.799971
FILLER_0_22_109,VPWR,li1,57.5000,73.4400,1.799965
FILLER_0_22_83,VPWR,li1,43.9300,73.4400,1.799948
FILLER_0_22_77,VPWR,li1,42.3200,73.4400,1.799949
FILLER_0_22_68,VPWR,li1,37.7200,73.4400,1.799953
FILLER_0_22_63,VPWR,li1,34.7300,73.4400,1.799956
FILLER_0_22_56,VPWR,li1,31.7400,73.4400,1.799958
FILLER_0_22_43,VPWR,li1,27.1400,73.4400,1.799963
FILLER_0_22_35,VPWR,li1,22.3100,73.4400,1.799970
FILLER_0_22_20,VPWR,li1,16.5600,73.4400,1.799980
FILLER_0_22_16,VPWR,li1,13.1100,73.4400,1.799983
FILLER_0_22_8,VPWR,li1,11.0400,73.4400,1.799986
FILLER_0_22_3,VPWR,li1,7.3600,73.4400,1.799986
FILLER_0_21_113,VPWR,li1,60.2600,68.0000,1.799978
FILLER_0_21_101,VPWR,li1,53.8200,68.0000,1.799965
FILLER_0_21_77,VPWR,li1,41.1700,68.0000,1.799964
FILLER_0_21_71,VPWR,li1,39.5600,68.0000,1.799969
FILLER_0_21_52,VPWR,li1,30.3600,68.0000,1.799976
FILLER_0_21_40,VPWR,li1,26.6800,68.0000,1.799978
FILLER_0_21_28,VPWR,li1,21.1600,68.0000,1.799981
FILLER_0_21_16,VPWR,li1,15.6400,68.0000,1.799983
FILLER_0_21_3,VPWR,li1,7.8200,68.0000,1.799989
FILLER_0_20_119,VPWR,li1,61.6400,68.0000,1.799978
FILLER_0_20_92,VPWR,li1,48.3000,68.0000,1.799956
FILLER_0_20_79,VPWR,li1,42.0900,68.0000,1.799964
FILLER_0_20_67,VPWR,li1,39.1000,68.0000,1.799969
FILLER_0_20_46,VPWR,li1,26.9100,68.0000,1.799978
FILLER_0_20_42,VPWR,li1,25.7600,68.0000,1.799978
FILLER_0_20_35,VPWR,li1,22.5400,68.0000,1.799980
FILLER_0_20_29,VPWR,li1,19.0900,68.0000,1.799982
FILLER_0_20_7,VPWR,li1,8.9700,68.0000,1.799989
FILLER_0_20_3,VPWR,li1,7.8200,68.0000,1.799989
FILLER_0_19_121,VPWR,li1,62.1000,62.5600,1.799996
FILLER_0_19_117,VPWR,li1,59.5700,62.5600,1.799996
FILLER_0_19_113,VPWR,li1,58.4200,62.5600,1.799995
FILLER_0_19_110,VPWR,li1,56.5800,62.5600,1.799995
FILLER_0_19_82,VPWR,li1,43.4700,62.5600,1.799997
FILLER_0_19_74,VPWR,li1,41.4000,62.5600,1.799998
FILLER_0_19_62,VPWR,li1,36.8000,62.5600,1.799998
FILLER_0_19_54,VPWR,li1,30.8200,62.5600,1.799999
FILLER_0_19_47,VPWR,li1,27.3700,62.5600,1.799999
FILLER_0_19_28,VPWR,li1,19.7800,62.5600,1.799999
FILLER_0_19_14,VPWR,li1,12.6500,62.5600,1.799999
FILLER_0_19_9,VPWR,li1,10.1200,62.5600,1.800000
FILLER_0_18_99,VPWR,li1,51.7500,62.5600,1.799996
FILLER_0_18_85,VPWR,li1,45.5400,62.5600,1.799997
FILLER_0_18_82,VPWR,li1,43.7000,62.5600,1.799997
FILLER_0_18_70,VPWR,li1,40.4800,62.5600,1.799998
FILLER_0_18_58,VPWR,li1,34.9600,62.5600,1.799999
FILLER_0_18_46,VPWR,li1,29.4400,62.5600,1.799999
FILLER_0_18_29,VPWR,li1,21.6200,62.5600,1.799999
FILLER_0_18_27,VPWR,li1,18.1700,62.5600,1.799999
FILLER_0_18_15,VPWR,li1,15.1800,62.5600,1.799999
FILLER_0_18_3,VPWR,li1,9.6600,62.5600,1.800000
FILLER_0_17_113,VPWR,li1,60.2600,57.1200,1.799998
FILLER_0_17_111,VPWR,li1,56.8100,57.1200,1.799998
FILLER_0_17_105,VPWR,li1,55.2000,57.1200,1.799997
FILLER_0_17_93,VPWR,li1,51.0600,57.1200,1.799997
FILLER_0_17_85,VPWR,li1,44.8500,57.1200,1.799996
FILLER_0_17_77,VPWR,li1,42.7800,57.1200,1.799996
FILLER_0_17_65,VPWR,li1,38.1800,57.1200,1.799995
FILLER_0_17_52,VPWR,li1,30.3600,57.1200,1.799997
FILLER_0_17_40,VPWR,li1,26.6800,57.1200,1.799997
FILLER_0_17_28,VPWR,li1,21.1600,57.1200,1.799998
FILLER_0_17_22,VPWR,li1,15.8700,57.1200,1.799998
FILLER_0_17_14,VPWR,li1,13.8000,57.1200,1.799999
FILLER_0_17_3,VPWR,li1,8.7400,57.1200,1.799999
FILLER_0_16_119,VPWR,li1,60.9500,57.1200,1.799998
FILLER_0_16_107,VPWR,li1,57.5000,57.1200,1.799998
FILLER_0_16_101,VPWR,li1,52.2100,57.1200,1.799997
FILLER_0_16_97,VPWR,li1,51.0600,57.1200,1.799997
FILLER_0_16_85,VPWR,li1,47.3800,57.1200,1.799996
FILLER_0_16_60,VPWR,li1,34.0400,57.1200,1.799997
FILLER_0_16_48,VPWR,li1,30.3600,57.1200,1.799997
FILLER_0_16_37,VPWR,li1,23.0000,57.1200,1.799998
FILLER_0_16_29,VPWR,li1,20.7000,57.1200,1.799998
FILLER_0_16_27,VPWR,li1,18.1700,57.1200,1.799998
FILLER_0_16_15,VPWR,li1,15.1800,57.1200,1.799999
FILLER_0_16_3,VPWR,li1,9.6600,57.1200,1.799999
FILLER_0_15_113,VPWR,li1,60.2600,51.6800,1.799985
FILLER_0_15_106,VPWR,li1,55.6600,51.6800,1.799977
FILLER_0_15_94,VPWR,li1,51.5200,51.6800,1.799972
FILLER_0_15_82,VPWR,li1,46.0000,51.6800,1.799961
FILLER_0_15_61,VPWR,li1,33.8100,51.6800,1.799964
FILLER_0_15_57,VPWR,li1,32.6600,51.6800,1.799964
FILLER_0_15_53,VPWR,li1,30.5900,51.6800,1.799965
FILLER_0_15_45,VPWR,li1,28.0600,51.6800,1.799965
FILLER_0_15_23,VPWR,li1,16.3300,51.6800,1.799978
FILLER_0_15_19,VPWR,li1,15.1800,51.6800,1.799978
FILLER_0_15_11,VPWR,li1,11.0400,51.6800,1.799983
FILLER_0_15_7,VPWR,li1,8.9700,51.6800,1.799986
FILLER_0_15_3,VPWR,li1,7.8200,51.6800,1.799986
FILLER_0_14_121,VPWR,li1,61.4100,51.6800,1.799985
FILLER_0_14_115,VPWR,li1,59.8000,51.6800,1.799985
FILLER_0_14_105,VPWR,li1,54.5100,51.6800,1.799977
FILLER_0_14_97,VPWR,li1,51.9800,51.6800,1.799972
FILLER_0_14_85,VPWR,li1,47.3800,51.6800,1.799966
FILLER_0_14_29,VPWR,li1,20.7000,51.6800,1.799970
FILLER_0_14_27,VPWR,li1,18.1700,51.6800,1.799974
FILLER_0_14_15,VPWR,li1,15.1800,51.6800,1.799978
FILLER_0_14_3,VPWR,li1,9.6600,51.6800,1.799986
FILLER_0_13_113,VPWR,li1,60.2600,46.2400,1.799999
FILLER_0_13_110,VPWR,li1,56.5800,46.2400,1.799999
FILLER_0_13_102,VPWR,li1,54.2800,46.2400,1.799998
FILLER_0_13_90,VPWR,li1,49.6800,46.2400,1.799998
FILLER_0_13_78,VPWR,li1,44.1600,46.2400,1.799997
FILLER_0_13_69,VPWR,li1,37.7200,46.2400,1.799997
FILLER_0_13_57,VPWR,li1,34.5000,46.2400,1.799997
FILLER_0_13_52,VPWR,li1,30.3600,46.2400,1.799995
FILLER_0_13_45,VPWR,li1,26.6800,46.2400,1.799996
FILLER_0_13_37,VPWR,li1,24.3800,46.2400,1.799996
FILLER_0_13_12,VPWR,li1,11.9600,46.2400,1.799998
FILLER_0_13_3,VPWR,li1,8.2800,46.2400,1.799998
FILLER_0_12_121,VPWR,li1,62.1000,46.2400,1.799999
FILLER_0_12_109,VPWR,li1,58.4200,46.2400,1.799999
FILLER_0_12_97,VPWR,li1,52.9000,46.2400,1.799998
FILLER_0_12_85,VPWR,li1,47.3800,46.2400,1.799998
FILLER_0_12_78,VPWR,li1,42.7800,46.2400,1.799997
FILLER_0_12_73,VPWR,li1,39.5600,46.2400,1.799997
FILLER_0_12_43,VPWR,li1,25.9900,46.2400,1.799996
FILLER_0_12_35,VPWR,li1,23.4600,46.2400,1.799996
FILLER_0_12_29,VPWR,li1,19.5500,46.2400,1.799997
FILLER_0_12_25,VPWR,li1,17.7100,46.2400,1.799997
FILLER_0_12_20,VPWR,li1,15.1800,46.2400,1.799997
FILLER_0_12_12,VPWR,li1,12.8800,46.2400,1.799998
FILLER_0_12_3,VPWR,li1,7.8200,46.2400,1.799998
FILLER_0_11_113,VPWR,li1,60.2600,40.8000,1.799996
FILLER_0_11_111,VPWR,li1,56.8100,40.8000,1.799995
FILLER_0_11_105,VPWR,li1,55.2000,40.8000,1.799995
FILLER_0_11_97,VPWR,li1,50.8300,40.8000,1.799996
FILLER_0_11_92,VPWR,li1,48.3000,40.8000,1.799996
FILLER_0_11_84,VPWR,li1,46.0000,40.8000,1.799997
FILLER_0_11_69,VPWR,li1,40.0200,40.8000,1.799998
FILLER_0_11_57,VPWR,li1,34.5000,40.8000,1.799999
FILLER_0_11_54,VPWR,li1,30.8200,40.8000,1.799999
FILLER_0_11_24,VPWR,li1,16.7900,40.8000,1.799999
FILLER_0_11_12,VPWR,li1,13.8000,40.8000,1.799999
FILLER_0_11_3,VPWR,li1,7.8200,40.8000,1.800000
FILLER_0_10_103,VPWR,li1,53.1300,40.8000,1.799995
FILLER_0_10_91,VPWR,li1,47.6100,40.8000,1.799997
FILLER_0_10_85,VPWR,li1,46.0000,40.8000,1.799997
FILLER_0_10_72,VPWR,li1,41.4000,40.8000,1.799998
FILLER_0_10_60,VPWR,li1,35.8800,40.8000,1.799999
FILLER_0_10_53,VPWR,li1,30.8200,40.8000,1.799999
FILLER_0_10_41,VPWR,li1,27.1400,40.8000,1.799999
FILLER_0_10_29,VPWR,li1,21.6200,40.8000,1.799999
FILLER_0_10_22,VPWR,li1,17.0200,40.8000,1.799999
FILLER_0_10_18,VPWR,li1,14.0300,40.8000,1.799999
FILLER_0_10_11,VPWR,li1,11.2700,40.8000,1.800000
FILLER_0_10_3,VPWR,li1,8.7400,40.8000,1.800000
FILLER_0_9_121,VPWR,li1,61.4100,35.3600,1.799974
FILLER_0_9_113,VPWR,li1,59.3400,35.3600,1.799974
FILLER_0_9_111,VPWR,li1,56.8100,35.3600,1.799969
FILLER_0_9_107,VPWR,li1,55.6600,35.3600,1.799964
FILLER_0_9_62,VPWR,li1,36.8000,35.3600,1.799975
FILLER_0_9_54,VPWR,li1,30.8200,35.3600,1.799982
FILLER_0_9_42,VPWR,li1,27.6000,35.3600,1.799984
FILLER_0_9_38,VPWR,li1,23.2300,35.3600,1.799986
FILLER_0_9_26,VPWR,li1,20.2400,35.3600,1.799988
FILLER_0_9_14,VPWR,li1,14.7200,35.3600,1.799991
FILLER_0_9_3,VPWR,li1,7.1300,35.3600,1.799994
FILLER_0_8_122,VPWR,li1,62.3300,35.3600,1.799974
FILLER_0_8_110,VPWR,li1,58.8800,35.3600,1.799974
FILLER_0_8_83,VPWR,li1,43.9300,35.3600,1.799959
FILLER_0_8_77,VPWR,li1,42.3200,35.3600,1.799965
FILLER_0_8_65,VPWR,li1,38.1800,35.3600,1.799975
FILLER_0_8_33,VPWR,li1,20.9300,35.3600,1.799988
FILLER_0_8_29,VPWR,li1,19.7800,35.3600,1.799989
FILLER_0_8_27,VPWR,li1,18.1700,35.3600,1.799989
FILLER_0_8_15,VPWR,li1,15.1800,35.3600,1.799991
FILLER_0_8_9,VPWR,li1,9.8900,35.3600,1.799994
FILLER_0_8_3,VPWR,li1,7.5900,35.3600,1.799994
FILLER_0_7_113,VPWR,li1,60.2600,29.9200,1.799996
FILLER_0_7_111,VPWR,li1,56.8100,29.9200,1.799994
FILLER_0_7_99,VPWR,li1,53.8200,29.9200,1.799994
FILLER_0_7_93,VPWR,li1,48.9900,29.9200,1.799995
FILLER_0_7_85,VPWR,li1,46.4600,29.9200,1.799996
FILLER_0_7_73,VPWR,li1,41.8600,29.9200,1.799996
FILLER_0_7_57,VPWR,li1,33.5800,29.9200,1.799997
FILLER_0_7_53,VPWR,li1,30.5900,29.9200,1.799996
FILLER_0_7_42,VPWR,li1,26.6800,29.9200,1.799996
FILLER_0_7_30,VPWR,li1,22.0800,29.9200,1.799995
FILLER_0_7_3,VPWR,li1,7.3600,29.9200,1.799995
FILLER_0_6_124,VPWR,li1,62.7900,29.9200,1.799996
FILLER_0_6_103,VPWR,li1,53.1300,29.9200,1.799995
FILLER_0_6_97,VPWR,li1,51.5200,29.9200,1.799995
FILLER_0_6_85,VPWR,li1,47.3800,29.9200,1.799996
FILLER_0_6_72,VPWR,li1,41.4000,29.9200,1.799996
FILLER_0_6_61,VPWR,li1,34.5000,29.9200,1.799997
FILLER_0_6_49,VPWR,li1,29.4400,29.9200,1.799996
FILLER_0_6_37,VPWR,li1,23.2300,29.9200,1.799996
FILLER_0_6_29,VPWR,li1,20.7000,29.9200,1.799995
FILLER_0_6_22,VPWR,li1,17.0200,29.9200,1.799995
FILLER_0_6_10,VPWR,li1,12.8800,29.9200,1.799994
FILLER_0_5_124,VPWR,li1,62.7900,24.4800,1.799994
FILLER_0_5_118,VPWR,li1,61.1800,24.4800,1.799994
FILLER_0_5_110,VPWR,li1,56.5800,24.4800,1.799991
FILLER_0_5_103,VPWR,li1,53.1300,24.4800,1.799988
FILLER_0_5_97,VPWR,li1,50.8300,24.4800,1.799987
FILLER_0_5_72,VPWR,li1,39.1000,24.4800,1.799990
FILLER_0_5_60,VPWR,li1,35.8800,24.4800,1.799992
FILLER_0_5_48,VPWR,li1,29.4400,24.4800,1.799990
FILLER_0_5_36,VPWR,li1,24.8400,24.4800,1.799991
FILLER_0_5_24,VPWR,li1,19.3200,24.4800,1.799994
FILLER_0_5_18,VPWR,li1,14.0300,24.4800,1.799995
FILLER_0_5_6,VPWR,li1,11.0400,24.4800,1.799996
FILLER_0_4_122,VPWR,li1,62.3300,24.4800,1.799994
FILLER_0_4_110,VPWR,li1,58.8800,24.4800,1.799993
FILLER_0_4_78,VPWR,li1,41.6300,24.4800,1.799989
FILLER_0_4_74,VPWR,li1,39.7900,24.4800,1.799990
FILLER_0_4_63,VPWR,li1,36.3400,24.4800,1.799992
FILLER_0_4_36,VPWR,li1,22.7700,24.4800,1.799992
FILLER_0_4_27,VPWR,li1,18.1700,24.4800,1.799994
FILLER_0_4_23,VPWR,li1,17.0200,24.4800,1.799994
FILLER_0_4_19,VPWR,li1,14.4900,24.4800,1.799995
FILLER_0_4_15,VPWR,li1,13.3400,24.4800,1.799995
FILLER_0_4_3,VPWR,li1,9.6600,24.4800,1.799996
FILLER_0_3_121,VPWR,li1,61.4100,19.0400,1.799990
FILLER_0_3_113,VPWR,li1,59.3400,19.0400,1.799990
FILLER_0_3_57,VPWR,li1,32.2000,19.0400,1.799994
FILLER_0_3_55,VPWR,li1,31.0500,19.0400,1.799995
FILLER_0_3_47,VPWR,li1,27.8300,19.0400,1.799995
FILLER_0_3_35,VPWR,li1,24.3800,19.0400,1.799995
FILLER_0_3_23,VPWR,li1,18.8600,19.0400,1.799997
FILLER_0_3_3,VPWR,li1,8.7400,19.0400,1.799998
FILLER_0_2_124,VPWR,li1,62.7900,19.0400,1.799990
FILLER_0_2_120,VPWR,li1,61.6400,19.0400,1.799990
FILLER_0_2_91,VPWR,li1,48.7600,19.0400,1.799986
FILLER_0_2_83,VPWR,li1,43.9300,19.0400,1.799988
FILLER_0_2_75,VPWR,li1,41.8600,19.0400,1.799988
FILLER_0_2_71,VPWR,li1,38.4100,19.0400,1.799991
FILLER_0_2_63,VPWR,li1,36.3400,19.0400,1.799993
FILLER_0_2_57,VPWR,li1,31.9700,19.0400,1.799994
FILLER_0_2_49,VPWR,li1,29.9000,19.0400,1.799995
FILLER_0_2_37,VPWR,li1,25.3000,19.0400,1.799995
FILLER_0_2_27,VPWR,li1,18.1700,19.0400,1.799997
FILLER_0_2_23,VPWR,li1,17.0200,19.0400,1.799997
FILLER_0_2_11,VPWR,li1,13.3400,19.0400,1.799998
FILLER_0_1_113,VPWR,li1,60.2600,13.6000,1.799998
FILLER_0_1_111,VPWR,li1,56.8100,13.6000,1.799997
FILLER_0_1_107,VPWR,li1,55.6600,13.6000,1.799996
FILLER_0_1_97,VPWR,li1,50.3700,13.6000,1.799996
FILLER_0_1_89,VPWR,li1,48.3000,13.6000,1.799995
FILLER_0_1_77,VPWR,li1,43.7000,13.6000,1.799994
FILLER_0_1_50,VPWR,li1,29.9000,13.6000,1.799993
FILLER_0_1_38,VPWR,li1,25.7600,13.6000,1.799994
FILLER_0_1_26,VPWR,li1,20.2400,13.6000,1.799996
FILLER_0_1_15,VPWR,li1,13.3400,13.6000,1.799997
FILLER_0_1_3,VPWR,li1,7.8200,13.6000,1.799998
FILLER_0_0_113,VPWR,li1,60.2600,13.6000,1.799998
FILLER_0_0_110,VPWR,li1,56.5800,13.6000,1.799997
FILLER_0_0_101,VPWR,li1,52.2100,13.6000,1.799996
FILLER_0_0_97,VPWR,li1,51.0600,13.6000,1.799996
FILLER_0_0_85,VPWR,li1,47.3800,13.6000,1.799995
FILLER_0_0_83,VPWR,li1,43.9300,13.6000,1.799994
FILLER_0_0_53,VPWR,li1,30.5900,13.6000,1.799993
FILLER_0_0_41,VPWR,li1,27.1400,13.6000,1.799994
FILLER_0_0_29,VPWR,li1,21.6200,13.6000,1.799996
FILLER_0_0_27,VPWR,li1,18.1700,13.6000,1.799996
FILLER_0_0_15,VPWR,li1,15.1800,13.6000,1.799997
FILLER_0_0_3,VPWR,li1,9.6600,13.6000,1.799998
clkload2,VPWR,li1,50.1400,73.4400,1.799942
clkload1,VPWR,li1,29.9000,73.4400,1.799960
clkload0,VPWR,li1,40.9400,35.3600,1.799965
clkbuf_2_3__f_clk,VPWR,li1,47.3800,68.0000,1.799953
clkbuf_2_2__f_clk,VPWR,li1,36.3400,73.4400,1.799956
clkbuf_2_1__f_clk,VPWR,li1,49.2200,35.3600,1.799950
clkbuf_2_0__f_clk,VPWR,li1,30.8200,35.3600,1.799982
clkbuf_0_clk,VPWR,li1,38.6400,51.6800,1.799952
output3,VPWR,li1,62.3300,19.0400,1.799990
output2,VPWR,li1,62.3300,57.1200,1.799998
output1,VPWR,li1,62.3300,95.2000,1.799998
TAP_TAPCELL_ROW_31_131,VPWR,li1,57.2700,95.5060,1.799997
TAP_TAPCELL_ROW_31_130,VPWR,li1,44.3900,95.5060,1.799994
TAP_TAPCELL_ROW_31_129,VPWR,li1,31.5100,95.5060,1.799993
TAP_TAPCELL_ROW_31_128,VPWR,li1,18.6300,95.5060,1.799993
TAP_TAPCELL_ROW_30_127,VPWR,li1,44.3900,94.8930,1.799994
TAP_TAPCELL_ROW_30_126,VPWR,li1,18.6300,94.8930,1.799993
TAP_TAPCELL_ROW_29_125,VPWR,li1,57.2700,90.0660,1.799992
TAP_TAPCELL_ROW_29_124,VPWR,li1,31.5100,90.0660,1.799988
TAP_TAPCELL_ROW_28_123,VPWR,li1,44.3900,89.4530,1.799986
TAP_TAPCELL_ROW_28_122,VPWR,li1,18.6300,89.4530,1.799990
TAP_TAPCELL_ROW_27_121,VPWR,li1,57.2700,84.6260,1.800000
TAP_TAPCELL_ROW_27_120,VPWR,li1,31.5100,84.6260,1.800000
TAP_TAPCELL_ROW_26_119,VPWR,li1,44.3900,84.0130,1.800000
TAP_TAPCELL_ROW_26_118,VPWR,li1,18.6300,84.0130,1.800000
TAP_TAPCELL_ROW_25_117,VPWR,li1,57.2700,79.1860,1.799996
TAP_TAPCELL_ROW_25_116,VPWR,li1,31.5100,79.1860,1.799998
TAP_TAPCELL_ROW_24_115,VPWR,li1,44.3900,78.5730,1.799995
TAP_TAPCELL_ROW_24_114,VPWR,li1,18.6300,78.5730,1.799999
TAP_TAPCELL_ROW_23_113,VPWR,li1,57.2700,73.7460,1.799960
TAP_TAPCELL_ROW_23_112,VPWR,li1,31.5100,73.7460,1.799960
TAP_TAPCELL_ROW_22_111,VPWR,li1,44.3900,73.1330,1.799948
TAP_TAPCELL_ROW_22_110,VPWR,li1,18.6300,73.1330,1.799975
TAP_TAPCELL_ROW_21_109,VPWR,li1,57.2700,68.3060,1.799968
TAP_TAPCELL_ROW_21_108,VPWR,li1,31.5100,68.3060,1.799976
TAP_TAPCELL_ROW_20_107,VPWR,li1,44.3900,67.6930,1.799960
TAP_TAPCELL_ROW_20_106,VPWR,li1,18.6300,67.6930,1.799982
TAP_TAPCELL_ROW_19_105,VPWR,li1,57.2700,62.8660,1.799995
TAP_TAPCELL_ROW_19_104,VPWR,li1,31.5100,62.8660,1.799999
TAP_TAPCELL_ROW_18_103,VPWR,li1,44.3900,62.2530,1.799997
TAP_TAPCELL_ROW_18_102,VPWR,li1,18.6300,62.2530,1.799999
TAP_TAPCELL_ROW_17_101,VPWR,li1,57.2700,57.4260,1.799998
TAP_TAPCELL_ROW_17_100,VPWR,li1,31.5100,57.4260,1.799997
TAP_TAPCELL_ROW_16_99,VPWR,li1,44.3900,56.8130,1.799996
TAP_TAPCELL_ROW_16_98,VPWR,li1,18.6300,56.8130,1.799998
TAP_TAPCELL_ROW_15_97,VPWR,li1,57.2700,51.9860,1.799980
TAP_TAPCELL_ROW_15_96,VPWR,li1,31.5100,51.9860,1.799965
TAP_TAPCELL_ROW_14_95,VPWR,li1,44.3900,51.3730,1.799961
TAP_TAPCELL_ROW_14_94,VPWR,li1,18.6300,51.3730,1.799974
TAP_TAPCELL_ROW_13_93,VPWR,li1,57.2700,46.5460,1.799999
TAP_TAPCELL_ROW_13_92,VPWR,li1,31.5100,46.5460,1.799995
TAP_TAPCELL_ROW_12_91,VPWR,li1,44.3900,45.9330,1.799997
TAP_TAPCELL_ROW_12_90,VPWR,li1,18.6300,45.9330,1.799997
TAP_TAPCELL_ROW_11_89,VPWR,li1,57.2700,41.1060,1.799995
TAP_TAPCELL_ROW_11_88,VPWR,li1,31.5100,41.1060,1.799999
TAP_TAPCELL_ROW_10_87,VPWR,li1,44.3900,40.4930,1.799997
TAP_TAPCELL_ROW_10_86,VPWR,li1,18.6300,40.4930,1.799999
TAP_TAPCELL_ROW_9_85,VPWR,li1,57.2700,35.6660,1.799969
TAP_TAPCELL_ROW_9_84,VPWR,li1,31.5100,35.6660,1.799982
TAP_TAPCELL_ROW_8_83,VPWR,li1,44.3900,35.0530,1.799959
TAP_TAPCELL_ROW_8_82,VPWR,li1,18.6300,35.0530,1.799989
TAP_TAPCELL_ROW_7_81,VPWR,li1,57.2700,30.2260,1.799994
TAP_TAPCELL_ROW_7_80,VPWR,li1,31.5100,30.2260,1.799997
TAP_TAPCELL_ROW_6_79,VPWR,li1,44.3900,29.6130,1.799996
TAP_TAPCELL_ROW_6_78,VPWR,li1,18.6300,29.6130,1.799995
TAP_TAPCELL_ROW_5_77,VPWR,li1,57.2700,24.7860,1.799991
TAP_TAPCELL_ROW_5_76,VPWR,li1,31.5100,24.7860,1.799991
TAP_TAPCELL_ROW_4_75,VPWR,li1,44.3900,24.1730,1.799988
TAP_TAPCELL_ROW_4_74,VPWR,li1,18.6300,24.1730,1.799994
TAP_TAPCELL_ROW_3_73,VPWR,li1,57.2700,19.3460,1.799988
TAP_TAPCELL_ROW_3_72,VPWR,li1,31.5100,19.3460,1.799994
TAP_TAPCELL_ROW_2_71,VPWR,li1,44.3900,18.7330,1.799988
TAP_TAPCELL_ROW_2_70,VPWR,li1,18.6300,18.7330,1.799997
TAP_TAPCELL_ROW_1_69,VPWR,li1,57.2700,13.9060,1.799997
TAP_TAPCELL_ROW_1_68,VPWR,li1,31.5100,13.9060,1.799993
TAP_TAPCELL_ROW_0_67,VPWR,li1,57.2700,13.2930,1.799997
TAP_TAPCELL_ROW_0_66,VPWR,li1,44.3900,13.2930,1.799994
TAP_TAPCELL_ROW_0_65,VPWR,li1,31.5100,13.2930,1.799993
TAP_TAPCELL_ROW_0_64,VPWR,li1,18.6300,13.2930,1.799996
PHY_EDGE_ROW_31_Left_63,VPWR,li1,6.2100,95.2000,1.799996
PHY_EDGE_ROW_30_Left_62,VPWR,li1,6.2100,95.2000,1.799996
PHY_EDGE_ROW_29_Left_61,VPWR,li1,6.2100,89.7600,1.799994
PHY_EDGE_ROW_28_Left_60,VPWR,li1,6.2100,89.7600,1.799994
PHY_EDGE_ROW_27_Left_59,VPWR,li1,6.2100,84.3200,1.800000
PHY_EDGE_ROW_26_Left_58,VPWR,li1,6.2100,84.3200,1.800000
PHY_EDGE_ROW_25_Left_57,VPWR,li1,6.2100,78.8800,1.799999
PHY_EDGE_ROW_24_Left_56,VPWR,li1,6.2100,78.8800,1.799999
PHY_EDGE_ROW_23_Left_55,VPWR,li1,6.2100,73.4400,1.799986
PHY_EDGE_ROW_22_Left_54,VPWR,li1,6.2100,73.4400,1.799986
PHY_EDGE_ROW_21_Left_53,VPWR,li1,6.2100,68.0000,1.799989
PHY_EDGE_ROW_20_Left_52,VPWR,li1,6.2100,68.0000,1.799989
PHY_EDGE_ROW_19_Left_51,VPWR,li1,6.2100,62.5600,1.800000
PHY_EDGE_ROW_18_Left_50,VPWR,li1,6.2100,62.5600,1.800000
PHY_EDGE_ROW_17_Left_49,VPWR,li1,6.2100,57.1200,1.799999
PHY_EDGE_ROW_16_Left_48,VPWR,li1,6.2100,57.1200,1.799999
PHY_EDGE_ROW_15_Left_47,VPWR,li1,6.2100,51.6800,1.799986
PHY_EDGE_ROW_14_Left_46,VPWR,li1,6.2100,51.6800,1.799986
PHY_EDGE_ROW_13_Left_45,VPWR,li1,6.2100,46.2400,1.799998
PHY_EDGE_ROW_12_Left_44,VPWR,li1,6.2100,46.2400,1.799998
PHY_EDGE_ROW_11_Left_43,VPWR,li1,6.2100,40.8000,1.800000
PHY_EDGE_ROW_10_Left_42,VPWR,li1,6.2100,40.8000,1.800000
PHY_EDGE_ROW_9_Left_41,VPWR,li1,6.2100,35.3600,1.799994
PHY_EDGE_ROW_8_Left_40,VPWR,li1,6.2100,35.3600,1.799994
PHY_EDGE_ROW_7_Left_39,VPWR,li1,6.2100,29.9200,1.799995
PHY_EDGE_ROW_6_Left_38,VPWR,li1,6.2100,29.9200,1.799995
PHY_EDGE_ROW_5_Left_37,VPWR,li1,6.2100,24.4800,1.799996
PHY_EDGE_ROW_4_Left_36,VPWR,li1,6.2100,24.4800,1.799996
PHY_EDGE_ROW_3_Left_35,VPWR,li1,6.2100,19.0400,1.799998
PHY_EDGE_ROW_2_Left_34,VPWR,li1,6.2100,19.0400,1.799998
PHY_EDGE_ROW_1_Left_33,VPWR,li1,6.2100,13.6000,1.799998
PHY_EDGE_ROW_0_Left_32,VPWR,li1,6.2100,13.6000,1.799998
PHY_EDGE_ROW_31_Right_31,VPWR,li1,63.7100,95.2000,1.799998
PHY_EDGE_ROW_30_Right_30,VPWR,li1,63.7100,95.2000,1.799998
PHY_EDGE_ROW_29_Right_29,VPWR,li1,63.7100,89.7600,1.799994
PHY_EDGE_ROW_28_Right_28,VPWR,li1,63.7100,89.7600,1.799994
PHY_EDGE_ROW_27_Right_27,VPWR,li1,63.7100,84.3200,1.800000
PHY_EDGE_ROW_26_Right_26,VPWR,li1,63.7100,84.3200,1.800000
PHY_EDGE_ROW_25_Right_25,VPWR,li1,63.7100,78.8800,1.799997
PHY_EDGE_ROW_24_Right_24,VPWR,li1,63.7100,78.8800,1.799997
PHY_EDGE_ROW_23_Right_23,VPWR,li1,63.7100,73.4400,1.799971
PHY_EDGE_ROW_22_Right_22,VPWR,li1,63.7100,73.4400,1.799971
PHY_EDGE_ROW_21_Right_21,VPWR,li1,63.7100,68.0000,1.799978
PHY_EDGE_ROW_20_Right_20,VPWR,li1,63.7100,68.0000,1.799978
PHY_EDGE_ROW_19_Right_19,VPWR,li1,63.7100,62.5600,1.799996
PHY_EDGE_ROW_18_Right_18,VPWR,li1,63.7100,62.5600,1.799996
PHY_EDGE_ROW_17_Right_17,VPWR,li1,63.7100,57.1200,1.799998
PHY_EDGE_ROW_16_Right_16,VPWR,li1,63.7100,57.1200,1.799998
PHY_EDGE_ROW_15_Right_15,VPWR,li1,63.7100,51.6800,1.799985
PHY_EDGE_ROW_14_Right_14,VPWR,li1,63.7100,51.6800,1.799985
PHY_EDGE_ROW_13_Right_13,VPWR,li1,63.7100,46.2400,1.799999
PHY_EDGE_ROW_12_Right_12,VPWR,li1,63.7100,46.2400,1.799999
PHY_EDGE_ROW_11_Right_11,VPWR,li1,63.7100,40.8000,1.799996
PHY_EDGE_ROW_10_Right_10,VPWR,li1,63.7100,40.8000,1.799996
PHY_EDGE_ROW_9_Right_9,VPWR,li1,63.7100,35.3600,1.799974
PHY_EDGE_ROW_8_Right_8,VPWR,li1,63.7100,35.3600,1.799974
PHY_EDGE_ROW_7_Right_7,VPWR,li1,63.7100,29.9200,1.799996
PHY_EDGE_ROW_6_Right_6,VPWR,li1,63.7100,29.9200,1.799996
PHY_EDGE_ROW_5_Right_5,VPWR,li1,63.7100,24.4800,1.799994
PHY_EDGE_ROW_4_Right_4,VPWR,li1,63.7100,24.4800,1.799994
PHY_EDGE_ROW_3_Right_3,VPWR,li1,63.7100,19.0400,1.799990
PHY_EDGE_ROW_2_Right_2,VPWR,li1,63.7100,19.0400,1.799990
PHY_EDGE_ROW_1_Right_1,VPWR,li1,63.7100,13.6000,1.799998
PHY_EDGE_ROW_0_Right_0,VPWR,li1,63.7100,13.6000,1.799998
_357_,VPWR,li1,57.7300,62.5600,1.799995
_356_,VPWR,li1,42.0900,19.0400,1.799988
_355_,VPWR,li1,52.2100,19.0400,1.799986
_354_,VPWR,li1,35.4200,89.7600,1.799988
_353_,VPWR,li1,36.3400,13.6000,1.799992
_352_,VPWR,li1,36.5700,13.6000,1.799992
_351_,VPWR,li1,13.8000,68.0000,1.799984
_350_,VPWR,li1,55.4300,19.0400,1.799987
_349_,VPWR,li1,24.8400,89.7600,1.799987
_348_,VPWR,li1,47.1500,35.3600,1.799953
_347_,VPWR,li1,36.3400,51.6800,1.799964
_346_,VPWR,li1,31.7400,68.0000,1.799976
_345_,VPWR,li1,58.1900,40.8000,1.799995
_344_,VPWR,li1,49.2200,24.4800,1.799987
_343_,VPWR,li1,44.8500,24.4800,1.799986
_342_,VPWR,li1,12.4200,29.9200,1.799994
_341_,VPWR,li1,28.2900,24.4800,1.799990
_340_,VPWR,li1,39.1000,95.2000,1.799993
_339_,VPWR,li1,17.7100,46.2400,1.799997
_338_,VPWR,li1,21.3900,51.6800,1.799970
_337_,VPWR,li1,27.1400,51.6800,1.799965
_336_,VPWR,li1,57.9600,29.9200,1.799994
_335_,VPWR,li1,21.6200,40.8000,1.799999
_334_,VPWR,li1,39.5600,57.1200,1.799995
_333_,VPWR,li1,55.6600,68.0000,1.799968
_332_,VPWR,li1,24.1500,95.2000,1.799991
_331_,VPWR,li1,37.4900,89.7600,1.799986
_330_,VPWR,li1,47.6100,89.7600,1.799986
_329_,VPWR,li1,49.4500,78.8800,1.799994
_328_,VPWR,li1,31.5100,46.2400,1.799995
_327_,VPWR,li1,10.8100,84.3200,1.800000
_326_,VPWR,li1,52.2100,40.8000,1.799996
_325_,VPWR,li1,33.8100,24.4800,1.799991
_324_,VPWR,li1,34.7300,57.1200,1.799997
_323_,VPWR,li1,38.4100,29.9200,1.799997
_322_,VPWR,li1,12.6500,89.7600,1.799993
_321_,VPWR,li1,14.0300,73.4400,1.799983
_320_,VPWR,li1,24.1500,35.3600,1.799986
_319_,VPWR,li1,60.4900,62.5600,1.799996
_318_,VPWR,li1,62.3300,73.4400,1.799971
_317_,VPWR,li1,22.5400,62.5600,1.799999
_316_,VPWR,li1,62.3300,35.3600,1.799974
_315_,VPWR,li1,21.8500,19.0400,1.799996
_314_,VPWR,li1,50.3700,29.9200,1.799995
_313_,VPWR,li1,11.2700,62.5600,1.800000
_312_,VPWR,li1,11.2700,35.3600,1.799993
_311_,VPWR,li1,42.0900,68.0000,1.799964
_310_,VPWR,li1,12.1900,84.3200,1.800000
_309_,VPWR,li1,50.8300,40.8000,1.799996
_308_,VPWR,li1,29.6700,40.8000,1.799999
_307_,VPWR,li1,8.5100,73.4400,1.799986
_306_,VPWR,li1,36.8000,68.0000,1.799977
_305_,VPWR,li1,43.4700,40.8000,1.799997
_304_,VPWR,li1,40.7100,46.2400,1.799997
_303_,VPWR,li1,56.3500,68.0000,1.799968
_302_,VPWR,li1,62.3300,78.8800,1.799997
_301_,VPWR,li1,15.4100,24.4800,1.799994
_300_,VPWR,li1,32.4300,84.3200,1.800000
_299_,VPWR,li1,52.6700,35.3600,1.799959
_298_,VPWR,li1,10.3500,46.2400,1.799998
_297_,VPWR,li1,20.9300,46.2400,1.799997
_296_,VPWR,li1,52.2100,24.4800,1.799988
_295_,VPWR,li1,51.9800,13.6000,1.799996
_294_,VPWR,li1,49.4500,40.8000,1.799996
_293_,VPWR,li1,8.5100,29.9200,1.799995
_292_,VPWR,li1,37.7200,46.2400,1.799997
_291_,VPWR,li1,33.8100,95.2000,1.799994
_290_,VPWR,li1,9.8900,40.8000,1.800000
_289_,VPWR,li1,20.0100,73.4400,1.799975
_288_,VPWR,li1,32.4300,78.8800,1.799998
_287_,VPWR,li1,38.4100,84.3200,1.800000
_286_,VPWR,li1,42.5500,51.6800,1.799958
_285_,VPWR,li1,46.6900,57.1200,1.799996
_284_,VPWR,li1,60.9500,73.4400,1.799971
_283_,VPWR,li1,15.4100,24.4800,1.799994
_282_,VPWR,li1,40.9400,84.3200,1.800000
_281_,VPWR,li1,26.6800,57.1200,1.799997
_280_,VPWR,li1,9.8900,51.6800,1.799986
_279_,VPWR,li1,52.6700,40.8000,1.799995
_278_,VPWR,li1,49.9100,68.0000,1.799956
_277_,VPWR,li1,8.9700,35.3600,1.799994
_276_,VPWR,li1,32.4300,40.8000,1.799999
_275_,VPWR,li1,38.1800,84.3200,1.800000
_274_,VPWR,li1,28.9800,62.5600,1.799999
_273_,VPWR,li1,32.4300,24.4800,1.799991
_272_,VPWR,li1,27.3700,29.9200,1.799996
_271_,VPWR,li1,58.6500,24.4800,1.799993
_270_,VPWR,li1,40.9400,89.7600,1.799986
_269_,VPWR,li1,29.4400,89.7600,1.799987
_268_,VPWR,li1,7.5900,24.4800,1.799996
_267_,VPWR,li1,27.3700,73.4400,1.799963
_266_,VPWR,li1,29.2100,29.9200,1.799996
_265_,VPWR,li1,25.5300,95.2000,1.799992
_264_,VPWR,li1,40.7100,24.4800,1.799989
_263_,VPWR,li1,12.1900,19.0400,1.799998
_262_,VPWR,li1,43.4700,73.4400,1.799948
_261_,VPWR,li1,8.7400,95.2000,1.799996
_260_,VPWR,li1,16.3300,46.2400,1.799997
_259_,VPWR,li1,35.6500,95.2000,1.799994
_258_,VPWR,li1,27.6000,40.8000,1.799999
_257_,VPWR,li1,24.1500,73.4400,1.799968
_256_,VPWR,li1,21.8500,35.3600,1.799988
_255_,VPWR,li1,17.2500,57.1200,1.799998
_254_,VPWR,li1,43.0100,84.3200,1.800000
_253_,VPWR,li1,28.2900,46.2400,1.799995
_252_,VPWR,li1,47.6100,78.8800,1.799994
_251_,VPWR,li1,52.6700,95.2000,1.799996
_250_,VPWR,li1,24.6100,57.1200,1.799998
_249_,VPWR,li1,18.1700,29.9200,1.799995
_248_,VPWR,li1,20.9300,95.2000,1.799993
_247_,VPWR,li1,49.4500,62.5600,1.799996
_246_,VPWR,li1,30.1300,73.4400,1.799960
_245_,VPWR,li1,15.8700,84.3200,1.800000
_244_,VPWR,li1,55.4300,78.8800,1.799995
_243_,VPWR,li1,37.0300,29.9200,1.799997
_242_,VPWR,li1,20.2400,73.4400,1.799973
_241_,VPWR,li1,24.3800,35.3600,1.799986
_240_,VPWR,li1,54.0500,35.3600,1.799959
_239_,VPWR,li1,29.6700,19.0400,1.799995
_238_,VPWR,li1,62.3300,51.6800,1.799985
_237_,VPWR,li1,14.9500,19.0400,1.799998
_236_,VPWR,li1,11.2700,57.1200,1.799999
_235_,VPWR,li1,52.6700,73.4400,1.799951
_234_,VPWR,li1,48.9900,40.8000,1.799996
_233_,VPWR,li1,34.0400,19.0400,1.799994
_232_,VPWR,li1,14.9500,40.8000,1.799999
_231_,VPWR,li1,56.8100,51.6800,1.799980
_230_,VPWR,li1,12.8800,51.6800,1.799981
_229_,VPWR,li1,29.2100,78.8800,1.799998
_228_,VPWR,li1,33.3500,19.0400,1.799994
_227_,VPWR,li1,15.1800,62.5600,1.799999
_226_,VPWR,li1,27.3700,78.8800,1.799998
_225_,VPWR,li1,58.1900,78.8800,1.799996
_224_,VPWR,li1,15.8700,13.6000,1.799997
_223_,VPWR,li1,36.5700,29.9200,1.799997
_222_,VPWR,li1,20.4700,68.0000,1.799981
_221_,VPWR,li1,54.0500,13.6000,1.799996
_220_,VPWR,li1,8.9700,35.3600,1.799994
_219_,VPWR,li1,11.2700,35.3600,1.799993
_218_,VPWR,li1,51.7500,84.3200,1.800000
_217_,VPWR,li1,36.1100,19.0400,1.799993
_216_,VPWR,li1,25.5300,62.5600,1.799999
_215_,VPWR,li1,32.2000,29.9200,1.799997
_214_,VPWR,li1,10.5800,13.6000,1.799998
_213_,VPWR,li1,32.8900,57.1200,1.799997
_212_,VPWR,li1,25.9900,29.9200,1.799996
_211_,VPWR,li1,54.9700,35.3600,1.799964
_210_,VPWR,li1,44.8500,62.5600,1.799997
_209_,VPWR,li1,47.1500,62.5600,1.799997
_208_,VPWR,li1,39.3300,19.0400,1.799991
_207_,VPWR,li1,25.5300,89.7600,1.799987
_206_,VPWR,li1,27.8300,84.3200,1.800000
_205_,VPWR,li1,20.0100,19.0400,1.799997
_204_,VPWR,li1,42.5500,13.6000,1.799994
_203_,VPWR,li1,59.1100,84.3200,1.800000
_202_,VPWR,li1,15.4100,95.2000,1.799994
_201_,VPWR,li1,54.9700,24.4800,1.799990
_200_,VPWR,li1,45.7700,84.3200,1.800000
_199_,VPWR,li1,12.8800,40.8000,1.799999
_198_,VPWR,li1,37.9500,78.8800,1.799997
_197_,VPWR,li1,20.4700,24.4800,1.799993
_196_,VPWR,li1,32.8900,35.3600,1.799981
_195_,VPWR,li1,38.8700,24.4800,1.799990
_194_,VPWR,li1,39.7900,46.2400,1.799997
_193_,VPWR,li1,39.7900,73.4400,1.799951
_192_,VPWR,li1,33.3500,73.4400,1.799958
_191_,VPWR,li1,35.8800,73.4400,1.799956
_190_,VPWR,li1,49.9100,62.5600,1.799996
_189_,VPWR,li1,25.5300,62.5600,1.799999
_188_,VPWR,li1,54.9700,62.5600,1.799995
_187_,VPWR,li1,46.2300,68.0000,1.799953
_186_,VPWR,li1,30.5900,84.3200,1.800000
_185_,VPWR,li1,7.5900,78.8800,1.799999
_184_,VPWR,li1,53.5900,57.1200,1.799997
_183_,VPWR,li1,46.0000,19.0400,1.799987
_182_,VPWR,li1,20.4700,78.8800,1.799999
_181_,VPWR,li1,24.6100,29.9200,1.799996
_180_,VPWR,li1,54.7400,24.4800,1.799990
_179_,VPWR,li1,32.8900,62.5600,1.799999
_178_,VPWR,li1,49.4500,73.4400,1.799942
_177_,VPWR,li1,46.2300,73.4400,1.799945
_176_,VPWR,li1,24.1500,68.0000,1.799980
_175_,VPWR,li1,17.7100,62.5600,1.799999
_174_,VPWR,li1,10.8100,68.0000,1.799987
_173_,VPWR,li1,43.2400,68.0000,1.799960
_172_,VPWR,li1,54.2800,13.6000,1.799996
_171_,VPWR,li1,43.0100,24.4800,1.799988
_170_,VPWR,li1,27.3700,95.2000,1.799992
_169_,VPWR,li1,61.6400,84.3200,1.800000
_168_,VPWR,li1,8.7400,19.0400,1.799998
_167_,VPWR,li1,9.8900,46.2400,1.799998
_166_,VPWR,li1,8.2800,62.5600,1.800000
_165_,VPWR,li1,33.5800,68.0000,1.799977
_164_,VPWR,li1,59.3400,84.3200,1.800000
