Instance,Terminal,Layer,X location,Y location,Voltage
FILLER_0_31_113,VGND,li1,60.2600,97.9200,0.000000
FILLER_0_31_106,VGND,li1,55.6600,97.9200,0.000000
FILLER_0_31_97,VGND,li1,50.6000,97.9200,0.000000
FILLER_0_31_85,VGND,li1,47.3800,97.9200,0.000000
FILLER_0_31_81,VGND,li1,43.4700,97.9200,0.000000
FILLER_0_31_69,VGND,li1,40.0200,97.9200,0.000000
FILLER_0_31_61,VGND,li1,33.8100,97.9200,0.000000
FILLER_0_31_57,VGND,li1,32.6600,97.9200,0.000000
FILLER_0_31_55,VGND,li1,31.0500,97.9200,0.000000
FILLER_0_31_49,VGND,li1,29.4400,97.9200,0.000000
FILLER_0_31_35,VGND,li1,23.0000,97.9200,0.000000
FILLER_0_31_29,VGND,li1,19.5500,97.9200,0.000000
FILLER_0_31_27,VGND,li1,18.1700,97.9200,0.000000
FILLER_0_31_15,VGND,li1,15.1800,97.9200,0.000000
FILLER_0_31_3,VGND,li1,9.6600,97.9200,0.000000
FILLER_0_30_121,VGND,li1,61.4100,92.4800,0.000007
FILLER_0_30_109,VGND,li1,58.4200,92.4800,0.000008
FILLER_0_30_97,VGND,li1,52.9000,92.4800,0.000012
FILLER_0_30_85,VGND,li1,47.3800,92.4800,0.000015
FILLER_0_30_83,VGND,li1,43.9300,92.4800,0.000015
FILLER_0_30_52,VGND,li1,31.2800,92.4800,0.000017
FILLER_0_30_24,VGND,li1,17.4800,92.4800,0.000013
FILLER_0_30_11,VGND,li1,12.4200,92.4800,0.000009
FILLER_0_29_113,VGND,li1,60.2600,92.4800,0.000007
FILLER_0_29_110,VGND,li1,56.5800,92.4800,0.000009
FILLER_0_29_102,VGND,li1,54.2800,92.4800,0.000012
FILLER_0_29_57,VGND,li1,31.9700,92.4800,0.000017
FILLER_0_29_52,VGND,li1,30.3600,92.4800,0.000017
FILLER_0_29_31,VGND,li1,20.0100,92.4800,0.000016
FILLER_0_29_27,VGND,li1,18.8600,92.4800,0.000013
FILLER_0_29_15,VGND,li1,15.1800,92.4800,0.000011
FILLER_0_29_3,VGND,li1,9.6600,92.4800,0.000009
FILLER_0_28_121,VGND,li1,62.1000,87.0400,0.000001
FILLER_0_28_109,VGND,li1,58.4200,87.0400,0.000002
FILLER_0_28_97,VGND,li1,52.9000,87.0400,0.000002
FILLER_0_28_85,VGND,li1,47.3800,87.0400,0.000003
FILLER_0_28_83,VGND,li1,43.9300,87.0400,0.000003
FILLER_0_28_79,VGND,li1,42.7800,87.0400,0.000003
FILLER_0_28_47,VGND,li1,27.6000,87.0400,0.000004
FILLER_0_28_37,VGND,li1,23.2300,87.0400,0.000003
FILLER_0_28_29,VGND,li1,20.7000,87.0400,0.000003
FILLER_0_28_25,VGND,li1,17.7100,87.0400,0.000002
FILLER_0_28_17,VGND,li1,15.1800,87.0400,0.000002
FILLER_0_28_11,VGND,li1,11.2700,87.0400,0.000002
FILLER_0_28_3,VGND,li1,8.7400,87.0400,0.000002
FILLER_0_27_121,VGND,li1,62.1000,87.0400,0.000001
FILLER_0_27_111,VGND,li1,56.8100,87.0400,0.000002
FILLER_0_27_107,VGND,li1,55.6600,87.0400,0.000002
FILLER_0_27_95,VGND,li1,51.9800,87.0400,0.000002
FILLER_0_27_83,VGND,li1,46.4600,87.0400,0.000003
FILLER_0_27_60,VGND,li1,34.9600,87.0400,0.000005
FILLER_0_27_52,VGND,li1,29.6700,87.0400,0.000004
FILLER_0_27_37,VGND,li1,24.3800,87.0400,0.000003
FILLER_0_27_25,VGND,li1,19.7800,87.0400,0.000003
FILLER_0_27_16,VGND,li1,13.8000,87.0400,0.000002
FILLER_0_27_9,VGND,li1,9.8900,87.0400,0.000002
FILLER_0_27_3,VGND,li1,8.2800,87.0400,0.000002
FILLER_0_26_118,VGND,li1,60.0300,81.6000,0.000000
FILLER_0_26_103,VGND,li1,55.6600,81.6000,0.000000
FILLER_0_26_97,VGND,li1,50.3700,81.6000,0.000000
FILLER_0_26_89,VGND,li1,48.3000,81.6000,0.000000
FILLER_0_26_85,VGND,li1,44.8500,81.6000,0.000000
FILLER_0_26_81,VGND,li1,43.4700,81.6000,0.000000
FILLER_0_26_73,VGND,li1,40.9400,81.6000,0.000000
FILLER_0_26_69,VGND,li1,37.4900,81.6000,0.000000
FILLER_0_26_65,VGND,li1,36.3400,81.6000,0.000000
FILLER_0_26_53,VGND,li1,32.6600,81.6000,0.000000
FILLER_0_26_41,VGND,li1,27.1400,81.6000,0.000000
FILLER_0_26_29,VGND,li1,21.6200,81.6000,0.000000
FILLER_0_26_27,VGND,li1,18.1700,81.6000,0.000000
FILLER_0_26_15,VGND,li1,15.1800,81.6000,0.000000
FILLER_0_26_3,VGND,li1,9.6600,81.6000,0.000000
FILLER_0_25_124,VGND,li1,62.7900,81.6000,0.000000
FILLER_0_25_116,VGND,li1,60.7200,81.6000,0.000000
FILLER_0_25_111,VGND,li1,56.8100,81.6000,0.000000
FILLER_0_25_105,VGND,li1,55.2000,81.6000,0.000000
FILLER_0_25_93,VGND,li1,51.0600,81.6000,0.000000
FILLER_0_25_89,VGND,li1,46.6900,81.6000,0.000000
FILLER_0_25_81,VGND,li1,44.6200,81.6000,0.000000
FILLER_0_25_69,VGND,li1,40.0200,81.6000,0.000000
FILLER_0_25_57,VGND,li1,34.5000,81.6000,0.000000
FILLER_0_25_54,VGND,li1,30.8200,81.6000,0.000000
FILLER_0_25_45,VGND,li1,26.4500,81.6000,0.000000
FILLER_0_25_39,VGND,li1,24.8400,81.6000,0.000000
FILLER_0_25_27,VGND,li1,20.7000,81.6000,0.000000
FILLER_0_25_15,VGND,li1,15.1800,81.6000,0.000000
FILLER_0_25_3,VGND,li1,9.6600,81.6000,0.000000
FILLER_0_24_110,VGND,li1,58.8800,76.1600,0.000017
FILLER_0_24_106,VGND,li1,54.5100,76.1600,0.000020
FILLER_0_24_72,VGND,li1,41.4000,76.1600,0.000028
FILLER_0_24_68,VGND,li1,37.0300,76.1600,0.000035
FILLER_0_24_60,VGND,li1,34.9600,76.1600,0.000042
FILLER_0_24_56,VGND,li1,31.5100,76.1600,0.000039
FILLER_0_24_48,VGND,li1,29.4400,76.1600,0.000037
FILLER_0_24_36,VGND,li1,24.8400,76.1600,0.000031
FILLER_0_24_26,VGND,li1,17.9400,76.1600,0.000021
FILLER_0_24_18,VGND,li1,15.6400,76.1600,0.000017
FILLER_0_24_6,VGND,li1,11.0400,76.1600,0.000015
FILLER_0_23_121,VGND,li1,61.4100,76.1600,0.000013
FILLER_0_23_113,VGND,li1,59.3400,76.1600,0.000015
FILLER_0_23_106,VGND,li1,55.6600,76.1600,0.000020
FILLER_0_23_77,VGND,li1,41.6300,76.1600,0.000028
FILLER_0_23_42,VGND,li1,25.5300,76.1600,0.000031
FILLER_0_23_34,VGND,li1,23.0000,76.1600,0.000028
FILLER_0_23_27,VGND,li1,18.4000,76.1600,0.000021
FILLER_0_23_15,VGND,li1,15.1800,76.1600,0.000015
FILLER_0_23_3,VGND,li1,9.6600,76.1600,0.000015
FILLER_0_22_122,VGND,li1,62.3300,70.7200,0.000033
FILLER_0_22_117,VGND,li1,59.8000,70.7200,0.000041
FILLER_0_22_109,VGND,li1,57.5000,70.7200,0.000053
FILLER_0_22_83,VGND,li1,43.9300,70.7200,0.000057
FILLER_0_22_77,VGND,li1,42.3200,70.7200,0.000044
FILLER_0_22_68,VGND,li1,37.7200,70.7200,0.000032
FILLER_0_22_63,VGND,li1,34.7300,70.7200,0.000029
FILLER_0_22_56,VGND,li1,31.7400,70.7200,0.000026
FILLER_0_22_43,VGND,li1,27.1400,70.7200,0.000023
FILLER_0_22_35,VGND,li1,22.3100,70.7200,0.000017
FILLER_0_22_20,VGND,li1,16.5600,70.7200,0.000012
FILLER_0_22_16,VGND,li1,13.1100,70.7200,0.000010
FILLER_0_22_8,VGND,li1,11.0400,70.7200,0.000010
FILLER_0_22_3,VGND,li1,7.3600,70.7200,0.000010
FILLER_0_21_113,VGND,li1,60.2600,70.7200,0.000041
FILLER_0_21_101,VGND,li1,53.8200,70.7200,0.000061
FILLER_0_21_77,VGND,li1,41.1700,70.7200,0.000044
FILLER_0_21_71,VGND,li1,39.5600,70.7200,0.000034
FILLER_0_21_52,VGND,li1,30.3600,70.7200,0.000026
FILLER_0_21_40,VGND,li1,26.6800,70.7200,0.000023
FILLER_0_21_28,VGND,li1,21.1600,70.7200,0.000017
FILLER_0_21_16,VGND,li1,15.6400,70.7200,0.000012
FILLER_0_21_3,VGND,li1,7.8200,70.7200,0.000010
FILLER_0_20_119,VGND,li1,61.6400,65.2800,0.000005
FILLER_0_20_92,VGND,li1,48.3000,65.2800,0.000007
FILLER_0_20_79,VGND,li1,42.0900,65.2800,0.000006
FILLER_0_20_67,VGND,li1,39.1000,65.2800,0.000006
FILLER_0_20_46,VGND,li1,26.9100,65.2800,0.000009
FILLER_0_20_42,VGND,li1,25.7600,65.2800,0.000009
FILLER_0_20_35,VGND,li1,22.5400,65.2800,0.000009
FILLER_0_20_29,VGND,li1,19.0900,65.2800,0.000008
FILLER_0_20_7,VGND,li1,8.9700,65.2800,0.000007
FILLER_0_20_3,VGND,li1,7.8200,65.2800,0.000007
FILLER_0_19_121,VGND,li1,62.1000,65.2800,0.000005
FILLER_0_19_117,VGND,li1,59.5700,65.2800,0.000006
FILLER_0_19_113,VGND,li1,58.4200,65.2800,0.000007
FILLER_0_19_110,VGND,li1,56.5800,65.2800,0.000008
FILLER_0_19_82,VGND,li1,43.4700,65.2800,0.000007
FILLER_0_19_74,VGND,li1,41.4000,65.2800,0.000006
FILLER_0_19_62,VGND,li1,36.8000,65.2800,0.000007
FILLER_0_19_54,VGND,li1,30.8200,65.2800,0.000010
FILLER_0_19_47,VGND,li1,27.3700,65.2800,0.000009
FILLER_0_19_28,VGND,li1,19.7800,65.2800,0.000008
FILLER_0_19_14,VGND,li1,12.6500,65.2800,0.000007
FILLER_0_19_9,VGND,li1,10.1200,65.2800,0.000007
FILLER_0_18_99,VGND,li1,51.7500,59.8400,0.000005
FILLER_0_18_85,VGND,li1,45.5400,59.8400,0.000003
FILLER_0_18_82,VGND,li1,43.7000,59.8400,0.000003
FILLER_0_18_70,VGND,li1,40.4800,59.8400,0.000002
FILLER_0_18_58,VGND,li1,34.9600,59.8400,0.000002
FILLER_0_18_46,VGND,li1,29.4400,59.8400,0.000001
FILLER_0_18_29,VGND,li1,21.6200,59.8400,0.000001
FILLER_0_18_27,VGND,li1,18.1700,59.8400,0.000001
FILLER_0_18_15,VGND,li1,15.1800,59.8400,0.000001
FILLER_0_18_3,VGND,li1,9.6600,59.8400,0.000001
FILLER_0_17_113,VGND,li1,60.2600,59.8400,0.000005
FILLER_0_17_111,VGND,li1,56.8100,59.8400,0.000006
FILLER_0_17_105,VGND,li1,55.2000,59.8400,0.000006
FILLER_0_17_93,VGND,li1,51.0600,59.8400,0.000004
FILLER_0_17_85,VGND,li1,44.8500,59.8400,0.000003
FILLER_0_17_77,VGND,li1,42.7800,59.8400,0.000003
FILLER_0_17_65,VGND,li1,38.1800,59.8400,0.000002
FILLER_0_17_52,VGND,li1,30.3600,59.8400,0.000001
FILLER_0_17_40,VGND,li1,26.6800,59.8400,0.000001
FILLER_0_17_28,VGND,li1,21.1600,59.8400,0.000001
FILLER_0_17_22,VGND,li1,15.8700,59.8400,0.000001
FILLER_0_17_14,VGND,li1,13.8000,59.8400,0.000001
FILLER_0_17_3,VGND,li1,8.7400,59.8400,0.000001
FILLER_0_16_119,VGND,li1,60.9500,54.4000,0.000013
FILLER_0_16_107,VGND,li1,57.5000,54.4000,0.000016
FILLER_0_16_101,VGND,li1,52.2100,54.4000,0.000022
FILLER_0_16_97,VGND,li1,51.0600,54.4000,0.000022
FILLER_0_16_85,VGND,li1,47.3800,54.4000,0.000026
FILLER_0_16_60,VGND,li1,34.0400,54.4000,0.000031
FILLER_0_16_48,VGND,li1,30.3600,54.4000,0.000030
FILLER_0_16_37,VGND,li1,23.0000,54.4000,0.000025
FILLER_0_16_29,VGND,li1,20.7000,54.4000,0.000023
FILLER_0_16_27,VGND,li1,18.1700,54.4000,0.000020
FILLER_0_16_15,VGND,li1,15.1800,54.4000,0.000016
FILLER_0_16_3,VGND,li1,9.6600,54.4000,0.000013
FILLER_0_15_113,VGND,li1,60.2600,54.4000,0.000013
FILLER_0_15_106,VGND,li1,55.6600,54.4000,0.000018
FILLER_0_15_94,VGND,li1,51.5200,54.4000,0.000022
FILLER_0_15_82,VGND,li1,46.0000,54.4000,0.000030
FILLER_0_15_61,VGND,li1,33.8100,54.4000,0.000031
FILLER_0_15_57,VGND,li1,32.6600,54.4000,0.000031
FILLER_0_15_53,VGND,li1,30.5900,54.4000,0.000030
FILLER_0_15_45,VGND,li1,28.0600,54.4000,0.000027
FILLER_0_15_23,VGND,li1,16.3300,54.4000,0.000016
FILLER_0_15_19,VGND,li1,15.1800,54.4000,0.000016
FILLER_0_15_11,VGND,li1,11.0400,54.4000,0.000013
FILLER_0_15_7,VGND,li1,8.9700,54.4000,0.000013
FILLER_0_15_3,VGND,li1,7.8200,54.4000,0.000013
FILLER_0_14_121,VGND,li1,61.4100,48.9600,0.000003
FILLER_0_14_115,VGND,li1,59.8000,48.9600,0.000003
FILLER_0_14_105,VGND,li1,54.5100,48.9600,0.000004
FILLER_0_14_97,VGND,li1,51.9800,48.9600,0.000005
FILLER_0_14_85,VGND,li1,47.3800,48.9600,0.000006
FILLER_0_14_29,VGND,li1,20.7000,48.9600,0.000012
FILLER_0_14_27,VGND,li1,18.1700,48.9600,0.000011
FILLER_0_14_15,VGND,li1,15.1800,48.9600,0.000008
FILLER_0_14_3,VGND,li1,9.6600,48.9600,0.000008
FILLER_0_13_113,VGND,li1,60.2600,48.9600,0.000003
FILLER_0_13_110,VGND,li1,56.5800,48.9600,0.000004
FILLER_0_13_102,VGND,li1,54.2800,48.9600,0.000004
FILLER_0_13_90,VGND,li1,49.6800,48.9600,0.000005
FILLER_0_13_78,VGND,li1,44.1600,48.9600,0.000007
FILLER_0_13_69,VGND,li1,37.7200,48.9600,0.000010
FILLER_0_13_57,VGND,li1,34.5000,48.9600,0.000011
FILLER_0_13_52,VGND,li1,30.3600,48.9600,0.000012
FILLER_0_13_45,VGND,li1,26.6800,48.9600,0.000013
FILLER_0_13_37,VGND,li1,24.3800,48.9600,0.000013
FILLER_0_13_12,VGND,li1,11.9600,48.9600,0.000008
FILLER_0_13_3,VGND,li1,8.2800,48.9600,0.000008
FILLER_0_12_121,VGND,li1,62.1000,43.5200,0.000002
FILLER_0_12_109,VGND,li1,58.4200,43.5200,0.000002
FILLER_0_12_97,VGND,li1,52.9000,43.5200,0.000003
FILLER_0_12_85,VGND,li1,47.3800,43.5200,0.000004
FILLER_0_12_78,VGND,li1,42.7800,43.5200,0.000004
FILLER_0_12_73,VGND,li1,39.5600,43.5200,0.000005
FILLER_0_12_43,VGND,li1,25.9900,43.5200,0.000010
FILLER_0_12_35,VGND,li1,23.4600,43.5200,0.000010
FILLER_0_12_29,VGND,li1,19.5500,43.5200,0.000009
FILLER_0_12_25,VGND,li1,17.7100,43.5200,0.000008
FILLER_0_12_20,VGND,li1,15.1800,43.5200,0.000007
FILLER_0_12_12,VGND,li1,12.8800,43.5200,0.000005
FILLER_0_12_3,VGND,li1,7.8200,43.5200,0.000005
FILLER_0_11_113,VGND,li1,60.2600,43.5200,0.000002
FILLER_0_11_111,VGND,li1,56.8100,43.5200,0.000003
FILLER_0_11_105,VGND,li1,55.2000,43.5200,0.000003
FILLER_0_11_97,VGND,li1,50.8300,43.5200,0.000003
FILLER_0_11_92,VGND,li1,48.3000,43.5200,0.000004
FILLER_0_11_84,VGND,li1,46.0000,43.5200,0.000004
FILLER_0_11_69,VGND,li1,40.0200,43.5200,0.000005
FILLER_0_11_57,VGND,li1,34.5000,43.5200,0.000007
FILLER_0_11_54,VGND,li1,30.8200,43.5200,0.000009
FILLER_0_11_24,VGND,li1,16.7900,43.5200,0.000007
FILLER_0_11_12,VGND,li1,13.8000,43.5200,0.000005
FILLER_0_11_3,VGND,li1,7.8200,43.5200,0.000005
FILLER_0_10_103,VGND,li1,53.1300,38.0800,0.000012
FILLER_0_10_91,VGND,li1,47.6100,38.0800,0.000013
FILLER_0_10_85,VGND,li1,46.0000,38.0800,0.000012
FILLER_0_10_72,VGND,li1,41.4000,38.0800,0.000011
FILLER_0_10_60,VGND,li1,35.8800,38.0800,0.000007
FILLER_0_10_53,VGND,li1,30.8200,38.0800,0.000006
FILLER_0_10_41,VGND,li1,27.1400,38.0800,0.000006
FILLER_0_10_29,VGND,li1,21.6200,38.0800,0.000004
FILLER_0_10_22,VGND,li1,17.0200,38.0800,0.000003
FILLER_0_10_18,VGND,li1,14.0300,38.0800,0.000002
FILLER_0_10_11,VGND,li1,11.2700,38.0800,0.000002
FILLER_0_10_3,VGND,li1,8.7400,38.0800,0.000002
FILLER_0_9_121,VGND,li1,61.4100,38.0800,0.000009
FILLER_0_9_113,VGND,li1,59.3400,38.0800,0.000012
FILLER_0_9_111,VGND,li1,56.8100,38.0800,0.000012
FILLER_0_9_107,VGND,li1,55.6600,38.0800,0.000012
FILLER_0_9_62,VGND,li1,36.8000,38.0800,0.000008
FILLER_0_9_54,VGND,li1,30.8200,38.0800,0.000006
FILLER_0_9_42,VGND,li1,27.6000,38.0800,0.000006
FILLER_0_9_38,VGND,li1,23.2300,38.0800,0.000005
FILLER_0_9_26,VGND,li1,20.2400,38.0800,0.000004
FILLER_0_9_14,VGND,li1,14.7200,38.0800,0.000002
FILLER_0_9_3,VGND,li1,7.1300,38.0800,0.000002
FILLER_0_8_122,VGND,li1,62.3300,32.6400,0.000023
FILLER_0_8_110,VGND,li1,58.8800,32.6400,0.000031
FILLER_0_8_83,VGND,li1,43.9300,32.6400,0.000046
FILLER_0_8_77,VGND,li1,42.3200,32.6400,0.000042
FILLER_0_8_65,VGND,li1,38.1800,32.6400,0.000041
FILLER_0_8_33,VGND,li1,20.9300,32.6400,0.000040
FILLER_0_8_29,VGND,li1,19.7800,32.6400,0.000034
FILLER_0_8_27,VGND,li1,18.1700,32.6400,0.000034
FILLER_0_8_15,VGND,li1,15.1800,32.6400,0.000026
FILLER_0_8_9,VGND,li1,9.8900,32.6400,0.000027
FILLER_0_8_3,VGND,li1,7.5900,32.6400,0.000027
FILLER_0_7_113,VGND,li1,60.2600,32.6400,0.000031
FILLER_0_7_111,VGND,li1,56.8100,32.6400,0.000036
FILLER_0_7_99,VGND,li1,53.8200,32.6400,0.000043
FILLER_0_7_93,VGND,li1,48.9900,32.6400,0.000054
FILLER_0_7_85,VGND,li1,46.4600,32.6400,0.000050
FILLER_0_7_73,VGND,li1,41.8600,32.6400,0.000042
FILLER_0_7_57,VGND,li1,33.5800,32.6400,0.000047
FILLER_0_7_53,VGND,li1,30.5900,32.6400,0.000056
FILLER_0_7_42,VGND,li1,26.6800,32.6400,0.000051
FILLER_0_7_30,VGND,li1,22.0800,32.6400,0.000040
FILLER_0_7_3,VGND,li1,7.3600,32.6400,0.000027
FILLER_0_6_124,VGND,li1,62.7900,27.2000,0.000007
FILLER_0_6_103,VGND,li1,53.1300,27.2000,0.000009
FILLER_0_6_97,VGND,li1,51.5200,27.2000,0.000009
FILLER_0_6_85,VGND,li1,47.3800,27.2000,0.000009
FILLER_0_6_72,VGND,li1,41.4000,27.2000,0.000007
FILLER_0_6_61,VGND,li1,34.5000,27.2000,0.000004
FILLER_0_6_49,VGND,li1,29.4400,27.2000,0.000004
FILLER_0_6_37,VGND,li1,23.2300,27.2000,0.000003
FILLER_0_6_29,VGND,li1,20.7000,27.2000,0.000003
FILLER_0_6_22,VGND,li1,17.0200,27.2000,0.000002
FILLER_0_6_10,VGND,li1,12.8800,27.2000,0.000001
FILLER_0_5_124,VGND,li1,62.7900,27.2000,0.000007
FILLER_0_5_118,VGND,li1,61.1800,27.2000,0.000007
FILLER_0_5_110,VGND,li1,56.5800,27.2000,0.000009
FILLER_0_5_103,VGND,li1,53.1300,27.2000,0.000009
FILLER_0_5_97,VGND,li1,50.8300,27.2000,0.000009
FILLER_0_5_72,VGND,li1,39.1000,27.2000,0.000005
FILLER_0_5_60,VGND,li1,35.8800,27.2000,0.000004
FILLER_0_5_48,VGND,li1,29.4400,27.2000,0.000004
FILLER_0_5_36,VGND,li1,24.8400,27.2000,0.000003
FILLER_0_5_24,VGND,li1,19.3200,27.2000,0.000002
FILLER_0_5_18,VGND,li1,14.0300,27.2000,0.000001
FILLER_0_5_6,VGND,li1,11.0400,27.2000,0.000001
FILLER_0_4_122,VGND,li1,62.3300,21.7600,0.000009
FILLER_0_4_110,VGND,li1,58.8800,21.7600,0.000013
FILLER_0_4_78,VGND,li1,41.6300,21.7600,0.000013
FILLER_0_4_74,VGND,li1,39.7900,21.7600,0.000011
FILLER_0_4_63,VGND,li1,36.3400,21.7600,0.000012
FILLER_0_4_36,VGND,li1,22.7700,21.7600,0.000010
FILLER_0_4_27,VGND,li1,18.1700,21.7600,0.000007
FILLER_0_4_23,VGND,li1,17.0200,21.7600,0.000007
FILLER_0_4_19,VGND,li1,14.4900,21.7600,0.000006
FILLER_0_4_15,VGND,li1,13.3400,21.7600,0.000005
FILLER_0_4_3,VGND,li1,9.6600,21.7600,0.000005
FILLER_0_3_121,VGND,li1,61.4100,21.7600,0.000009
FILLER_0_3_113,VGND,li1,59.3400,21.7600,0.000011
FILLER_0_3_57,VGND,li1,32.2000,21.7600,0.000012
FILLER_0_3_55,VGND,li1,31.0500,21.7600,0.000012
FILLER_0_3_47,VGND,li1,27.8300,21.7600,0.000013
FILLER_0_3_35,VGND,li1,24.3800,21.7600,0.000010
FILLER_0_3_23,VGND,li1,18.8600,21.7600,0.000008
FILLER_0_3_3,VGND,li1,8.7400,21.7600,0.000005
FILLER_0_2_124,VGND,li1,62.7900,16.3200,0.000004
FILLER_0_2_120,VGND,li1,61.6400,16.3200,0.000005
FILLER_0_2_91,VGND,li1,48.7600,16.3200,0.000007
FILLER_0_2_83,VGND,li1,43.9300,16.3200,0.000006
FILLER_0_2_75,VGND,li1,41.8600,16.3200,0.000006
FILLER_0_2_71,VGND,li1,38.4100,16.3200,0.000005
FILLER_0_2_63,VGND,li1,36.3400,16.3200,0.000007
FILLER_0_2_57,VGND,li1,31.9700,16.3200,0.000006
FILLER_0_2_49,VGND,li1,29.9000,16.3200,0.000006
FILLER_0_2_37,VGND,li1,25.3000,16.3200,0.000005
FILLER_0_2_27,VGND,li1,18.1700,16.3200,0.000003
FILLER_0_2_23,VGND,li1,17.0200,16.3200,0.000003
FILLER_0_2_11,VGND,li1,13.3400,16.3200,0.000002
FILLER_0_1_113,VGND,li1,60.2600,16.3200,0.000005
FILLER_0_1_111,VGND,li1,56.8100,16.3200,0.000007
FILLER_0_1_107,VGND,li1,55.6600,16.3200,0.000008
FILLER_0_1_97,VGND,li1,50.3700,16.3200,0.000007
FILLER_0_1_89,VGND,li1,48.3000,16.3200,0.000007
FILLER_0_1_77,VGND,li1,43.7000,16.3200,0.000006
FILLER_0_1_50,VGND,li1,29.9000,16.3200,0.000006
FILLER_0_1_38,VGND,li1,25.7600,16.3200,0.000005
FILLER_0_1_26,VGND,li1,20.2400,16.3200,0.000004
FILLER_0_1_15,VGND,li1,13.3400,16.3200,0.000002
FILLER_0_1_3,VGND,li1,7.8200,16.3200,0.000002
FILLER_0_0_113,VGND,li1,60.2600,10.8800,0.000001
FILLER_0_0_110,VGND,li1,56.5800,10.8800,0.000002
FILLER_0_0_101,VGND,li1,52.2100,10.8800,0.000002
FILLER_0_0_97,VGND,li1,51.0600,10.8800,0.000002
FILLER_0_0_85,VGND,li1,47.3800,10.8800,0.000003
FILLER_0_0_83,VGND,li1,43.9300,10.8800,0.000003
FILLER_0_0_53,VGND,li1,30.5900,10.8800,0.000004
FILLER_0_0_41,VGND,li1,27.1400,10.8800,0.000004
FILLER_0_0_29,VGND,li1,21.6200,10.8800,0.000003
FILLER_0_0_27,VGND,li1,18.1700,10.8800,0.000002
FILLER_0_0_15,VGND,li1,15.1800,10.8800,0.000002
FILLER_0_0_3,VGND,li1,9.6600,10.8800,0.000002
clkload2,VGND,li1,50.1400,70.7200,0.000073
clkload1,VGND,li1,29.9000,76.1600,0.000037
clkload0,VGND,li1,40.9400,38.0800,0.000011
clkbuf_2_3__f_clk,VGND,li1,47.3800,70.7200,0.000072
clkbuf_2_2__f_clk,VGND,li1,36.3400,76.1600,0.000042
clkbuf_2_1__f_clk,VGND,li1,49.2200,32.6400,0.000054
clkbuf_2_0__f_clk,VGND,li1,30.8200,32.6400,0.000056
clkbuf_0_clk,VGND,li1,38.6400,54.4000,0.000036
output3,VGND,li1,62.3300,21.7600,0.000009
output2,VGND,li1,62.3300,54.4000,0.000011
output1,VGND,li1,62.3300,92.4800,0.000006
TAP_TAPCELL_ROW_31_131,VGND,li1,57.2700,97.6280,0.000000
TAP_TAPCELL_ROW_31_130,VGND,li1,44.3900,97.6280,0.000000
TAP_TAPCELL_ROW_31_129,VGND,li1,31.5100,97.6280,0.000000
TAP_TAPCELL_ROW_31_128,VGND,li1,18.6300,97.6280,0.000000
TAP_TAPCELL_ROW_30_127,VGND,li1,44.3900,92.7710,0.000015
TAP_TAPCELL_ROW_30_126,VGND,li1,18.6300,92.7710,0.000013
TAP_TAPCELL_ROW_29_125,VGND,li1,57.2700,92.1880,0.000009
TAP_TAPCELL_ROW_29_124,VGND,li1,31.5100,92.1880,0.000017
TAP_TAPCELL_ROW_28_123,VGND,li1,44.3900,87.3310,0.000003
TAP_TAPCELL_ROW_28_122,VGND,li1,18.6300,87.3310,0.000002
TAP_TAPCELL_ROW_27_121,VGND,li1,57.2700,86.7480,0.000002
TAP_TAPCELL_ROW_27_120,VGND,li1,31.5100,86.7480,0.000004
TAP_TAPCELL_ROW_26_119,VGND,li1,44.3900,81.8910,0.000000
TAP_TAPCELL_ROW_26_118,VGND,li1,18.6300,81.8910,0.000000
TAP_TAPCELL_ROW_25_117,VGND,li1,57.2700,81.3080,0.000000
TAP_TAPCELL_ROW_25_116,VGND,li1,31.5100,81.3080,0.000000
TAP_TAPCELL_ROW_24_115,VGND,li1,44.3900,76.4510,0.000027
TAP_TAPCELL_ROW_24_114,VGND,li1,18.6300,76.4510,0.000021
TAP_TAPCELL_ROW_23_113,VGND,li1,57.2700,75.8680,0.000017
TAP_TAPCELL_ROW_23_112,VGND,li1,31.5100,75.8680,0.000039
TAP_TAPCELL_ROW_22_111,VGND,li1,44.3900,71.0110,0.000057
TAP_TAPCELL_ROW_22_110,VGND,li1,18.6300,71.0110,0.000015
TAP_TAPCELL_ROW_21_109,VGND,li1,57.2700,70.4280,0.000053
TAP_TAPCELL_ROW_21_108,VGND,li1,31.5100,70.4280,0.000026
TAP_TAPCELL_ROW_20_107,VGND,li1,44.3900,65.5710,0.000007
TAP_TAPCELL_ROW_20_106,VGND,li1,18.6300,65.5710,0.000008
TAP_TAPCELL_ROW_19_105,VGND,li1,57.2700,64.9880,0.000007
TAP_TAPCELL_ROW_19_104,VGND,li1,31.5100,64.9880,0.000010
TAP_TAPCELL_ROW_18_103,VGND,li1,44.3900,60.1310,0.000003
TAP_TAPCELL_ROW_18_102,VGND,li1,18.6300,60.1310,0.000001
TAP_TAPCELL_ROW_17_101,VGND,li1,57.2700,59.5480,0.000006
TAP_TAPCELL_ROW_17_100,VGND,li1,31.5100,59.5480,0.000001
TAP_TAPCELL_ROW_16_99,VGND,li1,44.3900,54.6910,0.000030
TAP_TAPCELL_ROW_16_98,VGND,li1,18.6300,54.6910,0.000020
TAP_TAPCELL_ROW_15_97,VGND,li1,57.2700,54.1080,0.000018
TAP_TAPCELL_ROW_15_96,VGND,li1,31.5100,54.1080,0.000030
TAP_TAPCELL_ROW_14_95,VGND,li1,44.3900,49.2510,0.000006
TAP_TAPCELL_ROW_14_94,VGND,li1,18.6300,49.2510,0.000011
TAP_TAPCELL_ROW_13_93,VGND,li1,57.2700,48.6680,0.000004
TAP_TAPCELL_ROW_13_92,VGND,li1,31.5100,48.6680,0.000012
TAP_TAPCELL_ROW_12_91,VGND,li1,44.3900,43.8110,0.000004
TAP_TAPCELL_ROW_12_90,VGND,li1,18.6300,43.8110,0.000008
TAP_TAPCELL_ROW_11_89,VGND,li1,57.2700,43.2280,0.000002
TAP_TAPCELL_ROW_11_88,VGND,li1,31.5100,43.2280,0.000009
TAP_TAPCELL_ROW_10_87,VGND,li1,44.3900,38.3710,0.000012
TAP_TAPCELL_ROW_10_86,VGND,li1,18.6300,38.3710,0.000003
TAP_TAPCELL_ROW_9_85,VGND,li1,57.2700,37.7880,0.000012
TAP_TAPCELL_ROW_9_84,VGND,li1,31.5100,37.7880,0.000006
TAP_TAPCELL_ROW_8_83,VGND,li1,44.3900,32.9310,0.000046
TAP_TAPCELL_ROW_8_82,VGND,li1,18.6300,32.9310,0.000034
TAP_TAPCELL_ROW_7_81,VGND,li1,57.2700,32.3480,0.000036
TAP_TAPCELL_ROW_7_80,VGND,li1,31.5100,32.3480,0.000052
TAP_TAPCELL_ROW_6_79,VGND,li1,44.3900,27.4910,0.000009
TAP_TAPCELL_ROW_6_78,VGND,li1,18.6300,27.4910,0.000002
TAP_TAPCELL_ROW_5_77,VGND,li1,57.2700,26.9080,0.000009
TAP_TAPCELL_ROW_5_76,VGND,li1,31.5100,26.9080,0.000004
TAP_TAPCELL_ROW_4_75,VGND,li1,44.3900,22.0510,0.000014
TAP_TAPCELL_ROW_4_74,VGND,li1,18.6300,22.0510,0.000007
TAP_TAPCELL_ROW_3_73,VGND,li1,57.2700,21.4680,0.000013
TAP_TAPCELL_ROW_3_72,VGND,li1,31.5100,21.4680,0.000012
TAP_TAPCELL_ROW_2_71,VGND,li1,44.3900,16.6110,0.000006
TAP_TAPCELL_ROW_2_70,VGND,li1,18.6300,16.6110,0.000003
TAP_TAPCELL_ROW_1_69,VGND,li1,57.2700,16.0280,0.000007
TAP_TAPCELL_ROW_1_68,VGND,li1,31.5100,16.0280,0.000006
TAP_TAPCELL_ROW_0_67,VGND,li1,57.2700,11.1710,0.000002
TAP_TAPCELL_ROW_0_66,VGND,li1,44.3900,11.1710,0.000003
TAP_TAPCELL_ROW_0_65,VGND,li1,31.5100,11.1710,0.000004
TAP_TAPCELL_ROW_0_64,VGND,li1,18.6300,11.1710,0.000002
PHY_EDGE_ROW_31_Left_63,VGND,li1,6.2100,97.9200,0.000000
PHY_EDGE_ROW_30_Left_62,VGND,li1,6.2100,92.4800,0.000009
PHY_EDGE_ROW_29_Left_61,VGND,li1,6.2100,92.4800,0.000009
PHY_EDGE_ROW_28_Left_60,VGND,li1,6.2100,87.0400,0.000002
PHY_EDGE_ROW_27_Left_59,VGND,li1,6.2100,87.0400,0.000002
PHY_EDGE_ROW_26_Left_58,VGND,li1,6.2100,81.6000,0.000000
PHY_EDGE_ROW_25_Left_57,VGND,li1,6.2100,81.6000,0.000000
PHY_EDGE_ROW_24_Left_56,VGND,li1,6.2100,76.1600,0.000015
PHY_EDGE_ROW_23_Left_55,VGND,li1,6.2100,76.1600,0.000015
PHY_EDGE_ROW_22_Left_54,VGND,li1,6.2100,70.7200,0.000010
PHY_EDGE_ROW_21_Left_53,VGND,li1,6.2100,70.7200,0.000010
PHY_EDGE_ROW_20_Left_52,VGND,li1,6.2100,65.2800,0.000007
PHY_EDGE_ROW_19_Left_51,VGND,li1,6.2100,65.2800,0.000007
PHY_EDGE_ROW_18_Left_50,VGND,li1,6.2100,59.8400,0.000001
PHY_EDGE_ROW_17_Left_49,VGND,li1,6.2100,59.8400,0.000001
PHY_EDGE_ROW_16_Left_48,VGND,li1,6.2100,54.4000,0.000013
PHY_EDGE_ROW_15_Left_47,VGND,li1,6.2100,54.4000,0.000013
PHY_EDGE_ROW_14_Left_46,VGND,li1,6.2100,48.9600,0.000008
PHY_EDGE_ROW_13_Left_45,VGND,li1,6.2100,48.9600,0.000008
PHY_EDGE_ROW_12_Left_44,VGND,li1,6.2100,43.5200,0.000005
PHY_EDGE_ROW_11_Left_43,VGND,li1,6.2100,43.5200,0.000005
PHY_EDGE_ROW_10_Left_42,VGND,li1,6.2100,38.0800,0.000002
PHY_EDGE_ROW_9_Left_41,VGND,li1,6.2100,38.0800,0.000002
PHY_EDGE_ROW_8_Left_40,VGND,li1,6.2100,32.6400,0.000027
PHY_EDGE_ROW_7_Left_39,VGND,li1,6.2100,32.6400,0.000027
PHY_EDGE_ROW_6_Left_38,VGND,li1,6.2100,27.2000,0.000001
PHY_EDGE_ROW_5_Left_37,VGND,li1,6.2100,27.2000,0.000001
PHY_EDGE_ROW_4_Left_36,VGND,li1,6.2100,21.7600,0.000005
PHY_EDGE_ROW_3_Left_35,VGND,li1,6.2100,21.7600,0.000005
PHY_EDGE_ROW_2_Left_34,VGND,li1,6.2100,16.3200,0.000002
PHY_EDGE_ROW_1_Left_33,VGND,li1,6.2100,16.3200,0.000002
PHY_EDGE_ROW_0_Left_32,VGND,li1,6.2100,10.8800,0.000002
PHY_EDGE_ROW_31_Right_31,VGND,li1,63.7100,97.9200,0.000000
PHY_EDGE_ROW_30_Right_30,VGND,li1,63.7100,92.4800,0.000006
PHY_EDGE_ROW_29_Right_29,VGND,li1,63.7100,92.4800,0.000006
PHY_EDGE_ROW_28_Right_28,VGND,li1,63.7100,87.0400,0.000001
PHY_EDGE_ROW_27_Right_27,VGND,li1,63.7100,87.0400,0.000001
PHY_EDGE_ROW_26_Right_26,VGND,li1,63.7100,81.6000,0.000000
PHY_EDGE_ROW_25_Right_25,VGND,li1,63.7100,81.6000,0.000000
PHY_EDGE_ROW_24_Right_24,VGND,li1,63.7100,76.1600,0.000010
PHY_EDGE_ROW_23_Right_23,VGND,li1,63.7100,76.1600,0.000010
PHY_EDGE_ROW_22_Right_22,VGND,li1,63.7100,70.7200,0.000033
PHY_EDGE_ROW_21_Right_21,VGND,li1,63.7100,70.7200,0.000033
PHY_EDGE_ROW_20_Right_20,VGND,li1,63.7100,65.2800,0.000005
PHY_EDGE_ROW_19_Right_19,VGND,li1,63.7100,65.2800,0.000005
PHY_EDGE_ROW_18_Right_18,VGND,li1,63.7100,59.8400,0.000004
PHY_EDGE_ROW_17_Right_17,VGND,li1,63.7100,59.8400,0.000004
PHY_EDGE_ROW_16_Right_16,VGND,li1,63.7100,54.4000,0.000011
PHY_EDGE_ROW_15_Right_15,VGND,li1,63.7100,54.4000,0.000011
PHY_EDGE_ROW_14_Right_14,VGND,li1,63.7100,48.9600,0.000002
PHY_EDGE_ROW_13_Right_13,VGND,li1,63.7100,48.9600,0.000002
PHY_EDGE_ROW_12_Right_12,VGND,li1,63.7100,43.5200,0.000002
PHY_EDGE_ROW_11_Right_11,VGND,li1,63.7100,43.5200,0.000002
PHY_EDGE_ROW_10_Right_10,VGND,li1,63.7100,38.0800,0.000007
PHY_EDGE_ROW_9_Right_9,VGND,li1,63.7100,38.0800,0.000007
PHY_EDGE_ROW_8_Right_8,VGND,li1,63.7100,32.6400,0.000023
PHY_EDGE_ROW_7_Right_7,VGND,li1,63.7100,32.6400,0.000023
PHY_EDGE_ROW_6_Right_6,VGND,li1,63.7100,27.2000,0.000005
PHY_EDGE_ROW_5_Right_5,VGND,li1,63.7100,27.2000,0.000005
PHY_EDGE_ROW_4_Right_4,VGND,li1,63.7100,21.7600,0.000008
PHY_EDGE_ROW_3_Right_3,VGND,li1,63.7100,21.7600,0.000008
PHY_EDGE_ROW_2_Right_2,VGND,li1,63.7100,16.3200,0.000004
PHY_EDGE_ROW_1_Right_1,VGND,li1,63.7100,16.3200,0.000004
PHY_EDGE_ROW_0_Right_0,VGND,li1,63.7100,10.8800,0.000001
_357_,VGND,li1,57.7300,59.8400,0.000006
_356_,VGND,li1,42.0900,21.7600,0.000013
_355_,VGND,li1,52.2100,21.7600,0.000016
_354_,VGND,li1,35.4200,87.0400,0.000005
_353_,VGND,li1,36.3400,16.3200,0.000007
_352_,VGND,li1,36.5700,10.8800,0.000005
_351_,VGND,li1,13.8000,65.2800,0.000007
_350_,VGND,li1,55.4300,16.3200,0.000008
_349_,VGND,li1,24.8400,92.4800,0.000019
_348_,VGND,li1,47.1500,38.0800,0.000013
_347_,VGND,li1,36.3400,48.9600,0.000010
_346_,VGND,li1,31.7400,65.2800,0.000010
_345_,VGND,li1,58.1900,38.0800,0.000012
_344_,VGND,li1,49.2200,21.7600,0.000017
_343_,VGND,li1,44.8500,27.2000,0.000009
_342_,VGND,li1,12.4200,32.6400,0.000027
_341_,VGND,li1,28.2900,21.7600,0.000013
_340_,VGND,li1,39.1000,92.4800,0.000015
_339_,VGND,li1,17.7100,48.9600,0.000011
_338_,VGND,li1,21.3900,54.4000,0.000023
_337_,VGND,li1,27.1400,48.9600,0.000013
_336_,VGND,li1,57.9600,27.2000,0.000009
_335_,VGND,li1,21.6200,43.5200,0.000010
_334_,VGND,li1,39.5600,54.4000,0.000036
_333_,VGND,li1,55.6600,65.2800,0.000008
_332_,VGND,li1,24.1500,92.4800,0.000019
_331_,VGND,li1,37.4900,92.4800,0.000015
_330_,VGND,li1,47.6100,92.4800,0.000015
_329_,VGND,li1,49.4500,76.1600,0.000025
_328_,VGND,li1,31.5100,43.5200,0.000009
_327_,VGND,li1,10.8100,87.0400,0.000002
_326_,VGND,li1,52.2100,38.0800,0.000013
_325_,VGND,li1,33.8100,21.7600,0.000012
_324_,VGND,li1,34.7300,59.8400,0.000002
_323_,VGND,li1,38.4100,32.6400,0.000037
_322_,VGND,li1,12.6500,87.0400,0.000002
_321_,VGND,li1,14.0300,70.7200,0.000010
_320_,VGND,li1,24.1500,38.0800,0.000005
_319_,VGND,li1,60.4900,65.2800,0.000006
_318_,VGND,li1,62.3300,76.1600,0.000013
_317_,VGND,li1,22.5400,65.2800,0.000009
_316_,VGND,li1,62.3300,38.0800,0.000009
_315_,VGND,li1,21.8500,16.3200,0.000004
_314_,VGND,li1,50.3700,32.6400,0.000054
_313_,VGND,li1,11.2700,65.2800,0.000007
_312_,VGND,li1,11.2700,38.0800,0.000002
_311_,VGND,li1,42.0900,70.7200,0.000044
_310_,VGND,li1,12.1900,87.0400,0.000002
_309_,VGND,li1,50.8300,38.0800,0.000013
_308_,VGND,li1,29.6700,43.5200,0.000009
_307_,VGND,li1,8.5100,70.7200,0.000010
_306_,VGND,li1,36.8000,70.7200,0.000032
_305_,VGND,li1,43.4700,43.5200,0.000004
_304_,VGND,li1,40.7100,43.5200,0.000005
_303_,VGND,li1,56.3500,70.7200,0.000053
_302_,VGND,li1,62.3300,76.1600,0.000013
_301_,VGND,li1,15.4100,21.7600,0.000006
_300_,VGND,li1,32.4300,87.0400,0.000004
_299_,VGND,li1,52.6700,38.0800,0.000012
_298_,VGND,li1,10.3500,48.9600,0.000008
_297_,VGND,li1,20.9300,43.5200,0.000009
_296_,VGND,li1,52.2100,27.2000,0.000009
_295_,VGND,li1,51.9800,16.3200,0.000007
_294_,VGND,li1,49.4500,43.5200,0.000004
_293_,VGND,li1,8.5100,27.2000,0.000001
_292_,VGND,li1,37.7200,43.5200,0.000005
_291_,VGND,li1,33.8100,92.4800,0.000016
_290_,VGND,li1,9.8900,43.5200,0.000005
_289_,VGND,li1,20.0100,76.1600,0.000024
_288_,VGND,li1,32.4300,76.1600,0.000039
_287_,VGND,li1,38.4100,81.6000,0.000000
_286_,VGND,li1,42.5500,48.9600,0.000007
_285_,VGND,li1,46.6900,59.8400,0.000004
_284_,VGND,li1,60.9500,70.7200,0.000041
_283_,VGND,li1,15.4100,27.2000,0.000002
_282_,VGND,li1,40.9400,87.0400,0.000003
_281_,VGND,li1,26.6800,54.4000,0.000027
_280_,VGND,li1,9.8900,54.4000,0.000013
_279_,VGND,li1,52.6700,43.5200,0.000003
_278_,VGND,li1,49.9100,65.2800,0.000007
_277_,VGND,li1,8.9700,32.6400,0.000027
_276_,VGND,li1,32.4300,38.0800,0.000006
_275_,VGND,li1,38.1800,87.0400,0.000003
_274_,VGND,li1,28.9800,65.2800,0.000009
_273_,VGND,li1,32.4300,27.2000,0.000004
_272_,VGND,li1,27.3700,27.2000,0.000003
_271_,VGND,li1,58.6500,27.2000,0.000008
_270_,VGND,li1,40.9400,87.0400,0.000003
_269_,VGND,li1,29.4400,87.0400,0.000004
_268_,VGND,li1,7.5900,27.2000,0.000001
_267_,VGND,li1,27.3700,76.1600,0.000034
_266_,VGND,li1,29.2100,32.6400,0.000056
_265_,VGND,li1,25.5300,97.9200,0.000000
_264_,VGND,li1,40.7100,21.7600,0.000013
_263_,VGND,li1,12.1900,21.7600,0.000005
_262_,VGND,li1,43.4700,76.1600,0.000027
_261_,VGND,li1,8.7400,92.4800,0.000009
_260_,VGND,li1,16.3300,43.5200,0.000007
_259_,VGND,li1,35.6500,97.9200,0.000000
_258_,VGND,li1,27.6000,43.5200,0.000010
_257_,VGND,li1,24.1500,70.7200,0.000020
_256_,VGND,li1,21.8500,32.6400,0.000040
_255_,VGND,li1,17.2500,59.8400,0.000001
_254_,VGND,li1,43.0100,87.0400,0.000003
_253_,VGND,li1,28.2900,48.9600,0.000013
_252_,VGND,li1,47.6100,81.6000,0.000000
_251_,VGND,li1,52.6700,97.9200,0.000000
_250_,VGND,li1,24.6100,54.4000,0.000025
_249_,VGND,li1,18.1700,32.6400,0.000034
_248_,VGND,li1,20.9300,97.9200,0.000000
_247_,VGND,li1,49.4500,59.8400,0.000004
_246_,VGND,li1,30.1300,70.7200,0.000026
_245_,VGND,li1,15.8700,87.0400,0.000002
_244_,VGND,li1,55.4300,76.1600,0.000020
_243_,VGND,li1,37.0300,27.2000,0.000005
_242_,VGND,li1,20.2400,70.7200,0.000015
_241_,VGND,li1,24.3800,32.6400,0.000047
_240_,VGND,li1,54.0500,38.0800,0.000012
_239_,VGND,li1,29.6700,21.7600,0.000012
_238_,VGND,li1,62.3300,48.9600,0.000002
_237_,VGND,li1,14.9500,21.7600,0.000006
_236_,VGND,li1,11.2700,59.8400,0.000001
_235_,VGND,li1,52.6700,76.1600,0.000021
_234_,VGND,li1,48.9900,38.0800,0.000013
_233_,VGND,li1,34.0400,21.7600,0.000012
_232_,VGND,li1,14.9500,38.0800,0.000002
_231_,VGND,li1,56.8100,48.9600,0.000004
_230_,VGND,li1,12.8800,54.4000,0.000013
_229_,VGND,li1,29.2100,81.6000,0.000000
_228_,VGND,li1,33.3500,16.3200,0.000006
_227_,VGND,li1,15.1800,65.2800,0.000008
_226_,VGND,li1,27.3700,81.6000,0.000000
_225_,VGND,li1,58.1900,81.6000,0.000000
_224_,VGND,li1,15.8700,16.3200,0.000003
_223_,VGND,li1,36.5700,32.6400,0.000041
_222_,VGND,li1,20.4700,65.2800,0.000008
_221_,VGND,li1,54.0500,16.3200,0.000008
_220_,VGND,li1,8.9700,38.0800,0.000002
_219_,VGND,li1,11.2700,32.6400,0.000027
_218_,VGND,li1,51.7500,81.6000,0.000000
_217_,VGND,li1,36.1100,21.7600,0.000012
_216_,VGND,li1,25.5300,65.2800,0.000009
_215_,VGND,li1,32.2000,27.2000,0.000004
_214_,VGND,li1,10.5800,16.3200,0.000002
_213_,VGND,li1,32.8900,59.8400,0.000001
_212_,VGND,li1,25.9900,27.2000,0.000003
_211_,VGND,li1,54.9700,32.6400,0.000043
_210_,VGND,li1,44.8500,65.2800,0.000007
_209_,VGND,li1,47.1500,59.8400,0.000004
_208_,VGND,li1,39.3300,16.3200,0.000005
_207_,VGND,li1,25.5300,87.0400,0.000003
_206_,VGND,li1,27.8300,87.0400,0.000004
_205_,VGND,li1,20.0100,16.3200,0.000004
_204_,VGND,li1,42.5500,10.8800,0.000003
_203_,VGND,li1,59.1100,81.6000,0.000000
_202_,VGND,li1,15.4100,92.4800,0.000011
_201_,VGND,li1,54.9700,21.7600,0.000014
_200_,VGND,li1,45.7700,81.6000,0.000000
_199_,VGND,li1,12.8800,38.0800,0.000002
_198_,VGND,li1,37.9500,76.1600,0.000035
_197_,VGND,li1,20.4700,21.7600,0.000008
_196_,VGND,li1,32.8900,38.0800,0.000007
_195_,VGND,li1,38.8700,21.7600,0.000011
_194_,VGND,li1,39.7900,48.9600,0.000007
_193_,VGND,li1,39.7900,70.7200,0.000034
_192_,VGND,li1,33.3500,70.7200,0.000029
_191_,VGND,li1,35.8800,70.7200,0.000031
_190_,VGND,li1,49.9100,65.2800,0.000007
_189_,VGND,li1,25.5300,59.8400,0.000001
_188_,VGND,li1,54.9700,65.2800,0.000008
_187_,VGND,li1,46.2300,65.2800,0.000007
_186_,VGND,li1,30.5900,87.0400,0.000004
_185_,VGND,li1,7.5900,76.1600,0.000015
_184_,VGND,li1,53.5900,54.4000,0.000020
_183_,VGND,li1,46.0000,16.3200,0.000007
_182_,VGND,li1,20.4700,76.1600,0.000024
_181_,VGND,li1,24.6100,27.2000,0.000003
_180_,VGND,li1,54.7400,27.2000,0.000009
_179_,VGND,li1,32.8900,65.2800,0.000009
_178_,VGND,li1,49.4500,76.1600,0.000025
_177_,VGND,li1,46.2300,76.1600,0.000026
_176_,VGND,li1,24.1500,65.2800,0.000009
_175_,VGND,li1,17.7100,65.2800,0.000008
_174_,VGND,li1,10.8100,70.7200,0.000010
_173_,VGND,li1,43.2400,65.2800,0.000007
_172_,VGND,li1,54.2800,10.8800,0.000002
_171_,VGND,li1,43.0100,21.7600,0.000014
_170_,VGND,li1,27.3700,97.9200,0.000000
_169_,VGND,li1,61.6400,81.6000,0.000000
_168_,VGND,li1,8.7400,16.3200,0.000002
_167_,VGND,li1,9.8900,43.5200,0.000005
_166_,VGND,li1,8.2800,65.2800,0.000007
_165_,VGND,li1,33.5800,70.7200,0.000029
_164_,VGND,li1,59.3400,87.0400,0.000002
