OpenSTA 2.5.0 GITDIR-NOT Copyright (c) 2024, Parallax Software, Inc.
License GPLv3: GNU GPL version 3 <http://gnu.org/licenses/gpl.html>

This is free software, and you are free to change and redistribute it
under certain conditions; type `show_copying' for details. 
This program comes with ABSOLUTELY NO WARRANTY; for details type `show_warranty'.
define_corners Typical
read_liberty -corner Typical /Users/onurakkaya/.volare/sky130A/libs.ref/sky130_fd_sc_hd/lib/sky130_fd_sc_hd__tt_025C_1v80.lib
Using 1e-12 for capacitance...
Using 1e+03 for resistance...
Using 1e-09 for time...
Using 1e+00 for voltage...
Using 1e-03 for current...
Using 1e-09 for power...
Using 1e-06 for distance...
Reading netlist '/openlane/designs/my_second_design/runs/RUN_2025.05.07_23.45.03/results/synthesis/ALU.v'…
Reading design constraints file at '/openlane/scripts/base.sdc'…
[INFO]: Setting output delay to: 2.0
[INFO]: Setting input delay to: 2.0
Warning: base.sdc line 18, port '__VIRTUAL_CLK__' not found.
[INFO]: Setting load to: 0.033442
[INFO]: Setting clock uncertainty to: 0.25
[INFO]: Setting clock transition to: 0.15
Warning: base.sdc line 52, transition time can not be specified for virtual clocks.
[INFO]: Setting timing derate to: 5.0 %
min_report

===========================================================================
report_checks -path_delay min (Hold)
============================================================================
======================= Typical Corner ===================================

Startpoint: opcode[1] (input port clocked by __VIRTUAL_CLK__)
Endpoint: out[2] (output port clocked by __VIRTUAL_CLK__)
Path Group: __VIRTUAL_CLK__
Path Type: min

Fanout     Cap    Slew   Delay    Time   Description
-----------------------------------------------------------------------------
                  0.00    0.00    0.00   clock __VIRTUAL_CLK__ (rise edge)
                          0.00    0.00   clock network delay (ideal)
                          2.00    2.00 ^ input external delay
     6    0.01    0.06    0.04    2.04 ^ opcode[1] (in)
                                         opcode[1] (net)
                  0.06    0.00    2.04 ^ _127_/B (sky130_fd_sc_hd__nor2_2)
     4    0.01    0.03    0.05    2.09 v _127_/Y (sky130_fd_sc_hd__nor2_2)
                                         _058_ (net)
                  0.03    0.00    2.09 v _128_/B1 (sky130_fd_sc_hd__o21ai_2)
     1    0.00    0.05    0.05    2.14 ^ _128_/Y (sky130_fd_sc_hd__o21ai_2)
                                         _059_ (net)
                  0.05    0.00    2.14 ^ _133_/A2 (sky130_fd_sc_hd__o21bai_2)
     1    0.03    0.14    0.13    2.27 v _133_/Y (sky130_fd_sc_hd__o21bai_2)
                                         out[2] (net)
                  0.14    0.00    2.27 v out[2] (out)
                                  2.27   data arrival time

                  0.00    0.00    0.00   clock __VIRTUAL_CLK__ (rise edge)
                          0.00    0.00   clock network delay (ideal)
                          0.25    0.25   clock uncertainty
                          0.00    0.25   clock reconvergence pessimism
                         -2.00   -1.75   output external delay
                                 -1.75   data required time
-----------------------------------------------------------------------------
                                 -1.75   data required time
                                 -2.27   data arrival time
-----------------------------------------------------------------------------
                                  4.02   slack (MET)


Startpoint: A[4] (input port clocked by __VIRTUAL_CLK__)
Endpoint: out[4] (output port clocked by __VIRTUAL_CLK__)
Path Group: __VIRTUAL_CLK__
Path Type: min

Fanout     Cap    Slew   Delay    Time   Description
-----------------------------------------------------------------------------
                  0.00    0.00    0.00   clock __VIRTUAL_CLK__ (rise edge)
                          0.00    0.00   clock network delay (ideal)
                          2.00    2.00 ^ input external delay
     6    0.02    0.08    0.05    2.05 ^ A[4] (in)
                                         A[4] (net)
                  0.08    0.00    2.05 ^ _161_/B2 (sky130_fd_sc_hd__o32a_2)
     1    0.00    0.04    0.13    2.18 ^ _161_/X (sky130_fd_sc_hd__o32a_2)
                                         _090_ (net)
                  0.04    0.00    2.18 ^ _162_/B (sky130_fd_sc_hd__nand2_2)
     1    0.03    0.14    0.12    2.30 v _162_/Y (sky130_fd_sc_hd__nand2_2)
                                         out[4] (net)
                  0.14    0.00    2.30 v out[4] (out)
                                  2.30   data arrival time

                  0.00    0.00    0.00   clock __VIRTUAL_CLK__ (rise edge)
                          0.00    0.00   clock network delay (ideal)
                          0.25    0.25   clock uncertainty
                          0.00    0.25   clock reconvergence pessimism
                         -2.00   -1.75   output external delay
                                 -1.75   data required time
-----------------------------------------------------------------------------
                                 -1.75   data required time
                                 -2.30   data arrival time
-----------------------------------------------------------------------------
                                  4.05   slack (MET)


Startpoint: A[0] (input port clocked by __VIRTUAL_CLK__)
Endpoint: out[0] (output port clocked by __VIRTUAL_CLK__)
Path Group: __VIRTUAL_CLK__
Path Type: min

Fanout     Cap    Slew   Delay    Time   Description
-----------------------------------------------------------------------------
                  0.00    0.00    0.00   clock __VIRTUAL_CLK__ (rise edge)
                          0.00    0.00   clock network delay (ideal)
                          2.00    2.00 v input external delay
     5    0.01    0.03    0.02    2.02 v A[0] (in)
                                         A[0] (net)
                  0.03    0.00    2.02 v _106_/A1 (sky130_fd_sc_hd__o21ai_2)
     1    0.00    0.04    0.10    2.12 ^ _106_/Y (sky130_fd_sc_hd__o21ai_2)
                                         _039_ (net)
                  0.04    0.00    2.12 ^ _107_/B1 (sky130_fd_sc_hd__a31o_2)
     1    0.03    0.19    0.20    2.32 ^ _107_/X (sky130_fd_sc_hd__a31o_2)
                                         out[0] (net)
                  0.19    0.00    2.32 ^ out[0] (out)
                                  2.32   data arrival time

                  0.00    0.00    0.00   clock __VIRTUAL_CLK__ (rise edge)
                          0.00    0.00   clock network delay (ideal)
                          0.25    0.25   clock uncertainty
                          0.00    0.25   clock reconvergence pessimism
                         -2.00   -1.75   output external delay
                                 -1.75   data required time
-----------------------------------------------------------------------------
                                 -1.75   data required time
                                 -2.32   data arrival time
-----------------------------------------------------------------------------
                                  4.07   slack (MET)


Startpoint: B[3] (input port clocked by __VIRTUAL_CLK__)
Endpoint: out[3] (output port clocked by __VIRTUAL_CLK__)
Path Group: __VIRTUAL_CLK__
Path Type: min

Fanout     Cap    Slew   Delay    Time   Description
-----------------------------------------------------------------------------
                  0.00    0.00    0.00   clock __VIRTUAL_CLK__ (rise edge)
                          0.00    0.00   clock network delay (ideal)
                          2.00    2.00 ^ input external delay
     6    0.02    0.08    0.05    2.05 ^ B[3] (in)
                                         B[3] (net)
                  0.08    0.00    2.05 ^ _145_/A2 (sky130_fd_sc_hd__o22a_2)
     1    0.00    0.03    0.12    2.17 ^ _145_/X (sky130_fd_sc_hd__o22a_2)
                                         _075_ (net)
                  0.03    0.00    2.17 ^ _146_/C1 (sky130_fd_sc_hd__a211o_2)
     1    0.03    0.16    0.17    2.34 ^ _146_/X (sky130_fd_sc_hd__a211o_2)
                                         out[3] (net)
                  0.16    0.00    2.34 ^ out[3] (out)
                                  2.34   data arrival time

                  0.00    0.00    0.00   clock __VIRTUAL_CLK__ (rise edge)
                          0.00    0.00   clock network delay (ideal)
                          0.25    0.25   clock uncertainty
                          0.00    0.25   clock reconvergence pessimism
                         -2.00   -1.75   output external delay
                                 -1.75   data required time
-----------------------------------------------------------------------------
                                 -1.75   data required time
                                 -2.34   data arrival time
-----------------------------------------------------------------------------
                                  4.09   slack (MET)


Startpoint: opcode[1] (input port clocked by __VIRTUAL_CLK__)
Endpoint: out[5] (output port clocked by __VIRTUAL_CLK__)
Path Group: __VIRTUAL_CLK__
Path Type: min

Fanout     Cap    Slew   Delay    Time   Description
-----------------------------------------------------------------------------
                  0.00    0.00    0.00   clock __VIRTUAL_CLK__ (rise edge)
                          0.00    0.00   clock network delay (ideal)
                          2.00    2.00 ^ input external delay
     6    0.01    0.06    0.04    2.04 ^ opcode[1] (in)
                                         opcode[1] (net)
                  0.06    0.00    2.04 ^ _127_/B (sky130_fd_sc_hd__nor2_2)
     4    0.01    0.03    0.05    2.09 v _127_/Y (sky130_fd_sc_hd__nor2_2)
                                         _058_ (net)
                  0.03    0.00    2.09 v _174_/A1 (sky130_fd_sc_hd__a31o_2)
     1    0.03    0.10    0.26    2.34 v _174_/X (sky130_fd_sc_hd__a31o_2)
                                         out[5] (net)
                  0.10    0.00    2.34 v out[5] (out)
                                  2.34   data arrival time

                  0.00    0.00    0.00   clock __VIRTUAL_CLK__ (rise edge)
                          0.00    0.00   clock network delay (ideal)
                          0.25    0.25   clock uncertainty
                          0.00    0.25   clock reconvergence pessimism
                         -2.00   -1.75   output external delay
                                 -1.75   data required time
-----------------------------------------------------------------------------
                                 -1.75   data required time
                                 -2.34   data arrival time
-----------------------------------------------------------------------------
                                  4.09   slack (MET)


Startpoint: opcode[1] (input port clocked by __VIRTUAL_CLK__)
Endpoint: out[7] (output port clocked by __VIRTUAL_CLK__)
Path Group: __VIRTUAL_CLK__
Path Type: min

Fanout     Cap    Slew   Delay    Time   Description
-----------------------------------------------------------------------------
                  0.00    0.00    0.00   clock __VIRTUAL_CLK__ (rise edge)
                          0.00    0.00   clock network delay (ideal)
                          2.00    2.00 ^ input external delay
     6    0.01    0.06    0.04    2.04 ^ opcode[1] (in)
                                         opcode[1] (net)
                  0.06    0.00    2.04 ^ _127_/B (sky130_fd_sc_hd__nor2_2)
     4    0.01    0.03    0.05    2.09 v _127_/Y (sky130_fd_sc_hd__nor2_2)
                                         _058_ (net)
                  0.03    0.00    2.09 v _199_/A1 (sky130_fd_sc_hd__a31o_2)
     1    0.03    0.10    0.26    2.34 v _199_/X (sky130_fd_sc_hd__a31o_2)
                                         out[7] (net)
                  0.10    0.00    2.34 v out[7] (out)
                                  2.34   data arrival time

                  0.00    0.00    0.00   clock __VIRTUAL_CLK__ (rise edge)
                          0.00    0.00   clock network delay (ideal)
                          0.25    0.25   clock uncertainty
                          0.00    0.25   clock reconvergence pessimism
                         -2.00   -1.75   output external delay
                                 -1.75   data required time
-----------------------------------------------------------------------------
                                 -1.75   data required time
                                 -2.34   data arrival time
-----------------------------------------------------------------------------
                                  4.09   slack (MET)


Startpoint: A[1] (input port clocked by __VIRTUAL_CLK__)
Endpoint: out[1] (output port clocked by __VIRTUAL_CLK__)
Path Group: __VIRTUAL_CLK__
Path Type: min

Fanout     Cap    Slew   Delay    Time   Description
-----------------------------------------------------------------------------
                  0.00    0.00    0.00   clock __VIRTUAL_CLK__ (rise edge)
                          0.00    0.00   clock network delay (ideal)
                          2.00    2.00 v input external delay
     6    0.02    0.04    0.03    2.03 v A[1] (in)
                                         A[1] (net)
                  0.04    0.00    2.03 v _112_/B1 (sky130_fd_sc_hd__o21ai_2)
     3    0.01    0.07    0.07    2.09 ^ _112_/Y (sky130_fd_sc_hd__o21ai_2)
                                         _044_ (net)
                  0.07    0.00    2.09 ^ _115_/A2 (sky130_fd_sc_hd__a31o_2)
     1    0.00    0.04    0.15    2.24 ^ _115_/X (sky130_fd_sc_hd__a31o_2)
                                         _047_ (net)
                  0.04    0.00    2.24 ^ _121_/A2 (sky130_fd_sc_hd__o21bai_2)
     1    0.03    0.14    0.13    2.37 v _121_/Y (sky130_fd_sc_hd__o21bai_2)
                                         out[1] (net)
                  0.14    0.00    2.37 v out[1] (out)
                                  2.37   data arrival time

                  0.00    0.00    0.00   clock __VIRTUAL_CLK__ (rise edge)
                          0.00    0.00   clock network delay (ideal)
                          0.25    0.25   clock uncertainty
                          0.00    0.25   clock reconvergence pessimism
                         -2.00   -1.75   output external delay
                                 -1.75   data required time
-----------------------------------------------------------------------------
                                 -1.75   data required time
                                 -2.37   data arrival time
-----------------------------------------------------------------------------
                                  4.12   slack (MET)


Startpoint: A[6] (input port clocked by __VIRTUAL_CLK__)
Endpoint: out[6] (output port clocked by __VIRTUAL_CLK__)
Path Group: __VIRTUAL_CLK__
Path Type: min

Fanout     Cap    Slew   Delay    Time   Description
-----------------------------------------------------------------------------
                  0.00    0.00    0.00   clock __VIRTUAL_CLK__ (rise edge)
                          0.00    0.00   clock network delay (ideal)
                          2.00    2.00 v input external delay
     6    0.02    0.05    0.03    2.03 v A[6] (in)
                                         A[6] (net)
                  0.05    0.00    2.03 v _185_/A (sky130_fd_sc_hd__nor2_2)
     1    0.00    0.06    0.09    2.12 ^ _185_/Y (sky130_fd_sc_hd__nor2_2)
                                         _016_ (net)
                  0.06    0.00    2.12 ^ _186_/C1 (sky130_fd_sc_hd__a311o_2)
     1    0.00    0.03    0.09    2.21 ^ _186_/X (sky130_fd_sc_hd__a311o_2)
                                         _017_ (net)
                  0.03    0.00    2.21 ^ _187_/B1 (sky130_fd_sc_hd__a21o_2)
     1    0.03    0.17    0.17    2.38 ^ _187_/X (sky130_fd_sc_hd__a21o_2)
                                         out[6] (net)
                  0.17    0.00    2.38 ^ out[6] (out)
                                  2.38   data arrival time

                  0.00    0.00    0.00   clock __VIRTUAL_CLK__ (rise edge)
                          0.00    0.00   clock network delay (ideal)
                          0.25    0.25   clock uncertainty
                          0.00    0.25   clock reconvergence pessimism
                         -2.00   -1.75   output external delay
                                 -1.75   data required time
-----------------------------------------------------------------------------
                                 -1.75   data required time
                                 -2.38   data arrival time
-----------------------------------------------------------------------------
                                  4.13   slack (MET)



worst slack corner Typical: 4.0204
min_report_end
max_report

===========================================================================
report_checks -path_delay max (Setup)
============================================================================
======================= Typical Corner ===================================

Startpoint: opcode[0] (input port clocked by __VIRTUAL_CLK__)
Endpoint: out[7] (output port clocked by __VIRTUAL_CLK__)
Path Group: __VIRTUAL_CLK__
Path Type: max

Fanout     Cap    Slew   Delay    Time   Description
-----------------------------------------------------------------------------
                  0.00    0.00    0.00   clock __VIRTUAL_CLK__ (rise edge)
                          0.00    0.00   clock network delay (ideal)
                          2.00    2.00 ^ input external delay
     8    0.02    0.09    0.06    2.06 ^ opcode[0] (in)
                                         opcode[0] (net)
                  0.09    0.00    2.06 ^ _108_/C_N (sky130_fd_sc_hd__or3b_2)
     1    0.00    0.07    0.46    2.52 v _108_/X (sky130_fd_sc_hd__or3b_2)
                                         _040_ (net)
                  0.07    0.00    2.52 v _109_/A (sky130_fd_sc_hd__buf_1)
     9    0.03    0.15    0.21    2.73 v _109_/X (sky130_fd_sc_hd__buf_1)
                                         _041_ (net)
                  0.15    0.00    2.73 v _111_/C (sky130_fd_sc_hd__and3_2)
     2    0.01    0.05    0.28    3.01 v _111_/X (sky130_fd_sc_hd__and3_2)
                                         _043_ (net)
                  0.05    0.00    3.01 v _113_/C (sky130_fd_sc_hd__or3_2)
     3    0.01    0.10    0.46    3.47 v _113_/X (sky130_fd_sc_hd__or3_2)
                                         _045_ (net)
                  0.10    0.00    3.47 v _122_/A2 (sky130_fd_sc_hd__a21bo_2)
     3    0.01    0.05    0.26    3.73 v _122_/X (sky130_fd_sc_hd__a21bo_2)
                                         _053_ (net)
                  0.05    0.00    3.73 v _158_/A1 (sky130_fd_sc_hd__a31o_2)
     2    0.01    0.05    0.22    3.94 v _158_/X (sky130_fd_sc_hd__a31o_2)
                                         _087_ (net)
                  0.05    0.00    3.94 v _160_/B (sky130_fd_sc_hd__and2_2)
     5    0.01    0.06    0.23    4.17 v _160_/X (sky130_fd_sc_hd__and2_2)
                                         _089_ (net)
                  0.06    0.00    4.17 v _181_/A2 (sky130_fd_sc_hd__o311a_2)
     3    0.01    0.08    0.42    4.59 v _181_/X (sky130_fd_sc_hd__o311a_2)
                                         _012_ (net)
                  0.08    0.00    4.59 v _195_/B (sky130_fd_sc_hd__or3_2)
     1    0.00    0.07    0.47    5.06 v _195_/X (sky130_fd_sc_hd__or3_2)
                                         _025_ (net)
                  0.07    0.00    5.06 v _199_/A3 (sky130_fd_sc_hd__a31o_2)
     1    0.03    0.11    0.35    5.41 v _199_/X (sky130_fd_sc_hd__a31o_2)
                                         out[7] (net)
                  0.11    0.00    5.41 v out[7] (out)
                                  5.41   data arrival time

                  0.00   10.00   10.00   clock __VIRTUAL_CLK__ (rise edge)
                          0.00   10.00   clock network delay (ideal)
                         -0.25    9.75   clock uncertainty
                          0.00    9.75   clock reconvergence pessimism
                         -2.00    7.75   output external delay
                                  7.75   data required time
-----------------------------------------------------------------------------
                                  7.75   data required time
                                 -5.41   data arrival time
-----------------------------------------------------------------------------
                                  2.34   slack (MET)


Startpoint: opcode[0] (input port clocked by __VIRTUAL_CLK__)
Endpoint: out[6] (output port clocked by __VIRTUAL_CLK__)
Path Group: __VIRTUAL_CLK__
Path Type: max

Fanout     Cap    Slew   Delay    Time   Description
-----------------------------------------------------------------------------
                  0.00    0.00    0.00   clock __VIRTUAL_CLK__ (rise edge)
                          0.00    0.00   clock network delay (ideal)
                          2.00    2.00 ^ input external delay
     8    0.02    0.09    0.06    2.06 ^ opcode[0] (in)
                                         opcode[0] (net)
                  0.09    0.00    2.06 ^ _108_/C_N (sky130_fd_sc_hd__or3b_2)
     1    0.00    0.07    0.46    2.52 v _108_/X (sky130_fd_sc_hd__or3b_2)
                                         _040_ (net)
                  0.07    0.00    2.52 v _109_/A (sky130_fd_sc_hd__buf_1)
     9    0.03    0.15    0.21    2.73 v _109_/X (sky130_fd_sc_hd__buf_1)
                                         _041_ (net)
                  0.15    0.00    2.73 v _111_/C (sky130_fd_sc_hd__and3_2)
     2    0.01    0.05    0.28    3.01 v _111_/X (sky130_fd_sc_hd__and3_2)
                                         _043_ (net)
                  0.05    0.00    3.01 v _113_/C (sky130_fd_sc_hd__or3_2)
     3    0.01    0.10    0.46    3.47 v _113_/X (sky130_fd_sc_hd__or3_2)
                                         _045_ (net)
                  0.10    0.00    3.47 v _122_/A2 (sky130_fd_sc_hd__a21bo_2)
     3    0.01    0.05    0.26    3.73 v _122_/X (sky130_fd_sc_hd__a21bo_2)
                                         _053_ (net)
                  0.05    0.00    3.73 v _158_/A1 (sky130_fd_sc_hd__a31o_2)
     2    0.01    0.05    0.22    3.94 v _158_/X (sky130_fd_sc_hd__a31o_2)
                                         _087_ (net)
                  0.05    0.00    3.94 v _160_/B (sky130_fd_sc_hd__and2_2)
     5    0.01    0.06    0.23    4.17 v _160_/X (sky130_fd_sc_hd__and2_2)
                                         _089_ (net)
                  0.06    0.00    4.17 v _179_/A2 (sky130_fd_sc_hd__o31a_2)
     1    0.00    0.05    0.33    4.49 v _179_/X (sky130_fd_sc_hd__o31a_2)
                                         _010_ (net)
                  0.05    0.00    4.49 v _180_/B (sky130_fd_sc_hd__or2_2)
     1    0.00    0.05    0.28    4.77 v _180_/X (sky130_fd_sc_hd__or2_2)
                                         _011_ (net)
                  0.05    0.00    4.77 v _187_/A1 (sky130_fd_sc_hd__a21o_2)
     1    0.03    0.10    0.28    5.05 v _187_/X (sky130_fd_sc_hd__a21o_2)
                                         out[6] (net)
                  0.10    0.00    5.05 v out[6] (out)
                                  5.05   data arrival time

                  0.00   10.00   10.00   clock __VIRTUAL_CLK__ (rise edge)
                          0.00   10.00   clock network delay (ideal)
                         -0.25    9.75   clock uncertainty
                          0.00    9.75   clock reconvergence pessimism
                         -2.00    7.75   output external delay
                                  7.75   data required time
-----------------------------------------------------------------------------
                                  7.75   data required time
                                 -5.05   data arrival time
-----------------------------------------------------------------------------
                                  2.70   slack (MET)


Startpoint: opcode[0] (input port clocked by __VIRTUAL_CLK__)
Endpoint: out[5] (output port clocked by __VIRTUAL_CLK__)
Path Group: __VIRTUAL_CLK__
Path Type: max

Fanout     Cap    Slew   Delay    Time   Description
-----------------------------------------------------------------------------
                  0.00    0.00    0.00   clock __VIRTUAL_CLK__ (rise edge)
                          0.00    0.00   clock network delay (ideal)
                          2.00    2.00 ^ input external delay
     8    0.02    0.09    0.06    2.06 ^ opcode[0] (in)
                                         opcode[0] (net)
                  0.09    0.00    2.06 ^ _108_/C_N (sky130_fd_sc_hd__or3b_2)
     1    0.00    0.07    0.46    2.52 v _108_/X (sky130_fd_sc_hd__or3b_2)
                                         _040_ (net)
                  0.07    0.00    2.52 v _109_/A (sky130_fd_sc_hd__buf_1)
     9    0.03    0.15    0.21    2.73 v _109_/X (sky130_fd_sc_hd__buf_1)
                                         _041_ (net)
                  0.15    0.00    2.73 v _111_/C (sky130_fd_sc_hd__and3_2)
     2    0.01    0.05    0.28    3.01 v _111_/X (sky130_fd_sc_hd__and3_2)
                                         _043_ (net)
                  0.05    0.00    3.01 v _113_/C (sky130_fd_sc_hd__or3_2)
     3    0.01    0.10    0.46    3.47 v _113_/X (sky130_fd_sc_hd__or3_2)
                                         _045_ (net)
                  0.10    0.00    3.47 v _122_/A2 (sky130_fd_sc_hd__a21bo_2)
     3    0.01    0.05    0.26    3.73 v _122_/X (sky130_fd_sc_hd__a21bo_2)
                                         _053_ (net)
                  0.05    0.00    3.73 v _158_/A1 (sky130_fd_sc_hd__a31o_2)
     2    0.01    0.05    0.22    3.94 v _158_/X (sky130_fd_sc_hd__a31o_2)
                                         _087_ (net)
                  0.05    0.00    3.94 v _160_/B (sky130_fd_sc_hd__and2_2)
     5    0.01    0.06    0.23    4.17 v _160_/X (sky130_fd_sc_hd__and2_2)
                                         _089_ (net)
                  0.06    0.00    4.17 v _168_/C1 (sky130_fd_sc_hd__a211o_2)
     1    0.00    0.05    0.27    4.44 v _168_/X (sky130_fd_sc_hd__a211o_2)
                                         _000_ (net)
                  0.05    0.00    4.44 v _174_/A2 (sky130_fd_sc_hd__a31o_2)
     1    0.03    0.11    0.32    4.76 v _174_/X (sky130_fd_sc_hd__a31o_2)
                                         out[5] (net)
                  0.11    0.00    4.76 v out[5] (out)
                                  4.76   data arrival time

                  0.00   10.00   10.00   clock __VIRTUAL_CLK__ (rise edge)
                          0.00   10.00   clock network delay (ideal)
                         -0.25    9.75   clock uncertainty
                          0.00    9.75   clock reconvergence pessimism
                         -2.00    7.75   output external delay
                                  7.75   data required time
-----------------------------------------------------------------------------
                                  7.75   data required time
                                 -4.76   data arrival time
-----------------------------------------------------------------------------
                                  2.99   slack (MET)


Startpoint: opcode[0] (input port clocked by __VIRTUAL_CLK__)
Endpoint: out[4] (output port clocked by __VIRTUAL_CLK__)
Path Group: __VIRTUAL_CLK__
Path Type: max

Fanout     Cap    Slew   Delay    Time   Description
-----------------------------------------------------------------------------
                  0.00    0.00    0.00   clock __VIRTUAL_CLK__ (rise edge)
                          0.00    0.00   clock network delay (ideal)
                          2.00    2.00 ^ input external delay
     8    0.02    0.09    0.06    2.06 ^ opcode[0] (in)
                                         opcode[0] (net)
                  0.09    0.00    2.06 ^ _108_/C_N (sky130_fd_sc_hd__or3b_2)
     1    0.00    0.07    0.46    2.52 v _108_/X (sky130_fd_sc_hd__or3b_2)
                                         _040_ (net)
                  0.07    0.00    2.52 v _109_/A (sky130_fd_sc_hd__buf_1)
     9    0.03    0.15    0.21    2.73 v _109_/X (sky130_fd_sc_hd__buf_1)
                                         _041_ (net)
                  0.15    0.00    2.73 v _111_/C (sky130_fd_sc_hd__and3_2)
     2    0.01    0.05    0.28    3.01 v _111_/X (sky130_fd_sc_hd__and3_2)
                                         _043_ (net)
                  0.05    0.00    3.01 v _113_/C (sky130_fd_sc_hd__or3_2)
     3    0.01    0.10    0.46    3.47 v _113_/X (sky130_fd_sc_hd__or3_2)
                                         _045_ (net)
                  0.10    0.00    3.47 v _122_/A2 (sky130_fd_sc_hd__a21bo_2)
     3    0.01    0.05    0.26    3.73 v _122_/X (sky130_fd_sc_hd__a21bo_2)
                                         _053_ (net)
                  0.05    0.00    3.73 v _158_/A1 (sky130_fd_sc_hd__a31o_2)
     2    0.01    0.05    0.22    3.94 v _158_/X (sky130_fd_sc_hd__a31o_2)
                                         _087_ (net)
                  0.05    0.00    3.94 v _160_/B (sky130_fd_sc_hd__and2_2)
     5    0.01    0.06    0.23    4.17 v _160_/X (sky130_fd_sc_hd__and2_2)
                                         _089_ (net)
                  0.06    0.00    4.17 v _161_/A3 (sky130_fd_sc_hd__o32a_2)
     1    0.00    0.06    0.34    4.51 v _161_/X (sky130_fd_sc_hd__o32a_2)
                                         _090_ (net)
                  0.06    0.00    4.51 v _162_/B (sky130_fd_sc_hd__nand2_2)
     1    0.03    0.19    0.18    4.69 ^ _162_/Y (sky130_fd_sc_hd__nand2_2)
                                         out[4] (net)
                  0.19    0.00    4.69 ^ out[4] (out)
                                  4.69   data arrival time

                  0.00   10.00   10.00   clock __VIRTUAL_CLK__ (rise edge)
                          0.00   10.00   clock network delay (ideal)
                         -0.25    9.75   clock uncertainty
                          0.00    9.75   clock reconvergence pessimism
                         -2.00    7.75   output external delay
                                  7.75   data required time
-----------------------------------------------------------------------------
                                  7.75   data required time
                                 -4.69   data arrival time
-----------------------------------------------------------------------------
                                  3.06   slack (MET)


Startpoint: opcode[0] (input port clocked by __VIRTUAL_CLK__)
Endpoint: out[3] (output port clocked by __VIRTUAL_CLK__)
Path Group: __VIRTUAL_CLK__
Path Type: max

Fanout     Cap    Slew   Delay    Time   Description
-----------------------------------------------------------------------------
                  0.00    0.00    0.00   clock __VIRTUAL_CLK__ (rise edge)
                          0.00    0.00   clock network delay (ideal)
                          2.00    2.00 ^ input external delay
     8    0.02    0.09    0.06    2.06 ^ opcode[0] (in)
                                         opcode[0] (net)
                  0.09    0.00    2.06 ^ _108_/C_N (sky130_fd_sc_hd__or3b_2)
     1    0.00    0.07    0.46    2.52 v _108_/X (sky130_fd_sc_hd__or3b_2)
                                         _040_ (net)
                  0.07    0.00    2.52 v _109_/A (sky130_fd_sc_hd__buf_1)
     9    0.03    0.15    0.21    2.73 v _109_/X (sky130_fd_sc_hd__buf_1)
                                         _041_ (net)
                  0.15    0.00    2.73 v _111_/C (sky130_fd_sc_hd__and3_2)
     2    0.01    0.05    0.28    3.01 v _111_/X (sky130_fd_sc_hd__and3_2)
                                         _043_ (net)
                  0.05    0.00    3.01 v _113_/C (sky130_fd_sc_hd__or3_2)
     3    0.01    0.10    0.46    3.47 v _113_/X (sky130_fd_sc_hd__or3_2)
                                         _045_ (net)
                  0.10    0.00    3.47 v _122_/A2 (sky130_fd_sc_hd__a21bo_2)
     3    0.01    0.05    0.26    3.73 v _122_/X (sky130_fd_sc_hd__a21bo_2)
                                         _053_ (net)
                  0.05    0.00    3.73 v _126_/A (sky130_fd_sc_hd__and2_2)
     2    0.01    0.05    0.19    3.92 v _126_/X (sky130_fd_sc_hd__and2_2)
                                         _057_ (net)
                  0.05    0.00    3.92 v _140_/B1 (sky130_fd_sc_hd__a21oi_2)
     1    0.01    0.14    0.15    4.06 ^ _140_/Y (sky130_fd_sc_hd__a21oi_2)
                                         _070_ (net)
                  0.14    0.00    4.06 ^ _141_/B (sky130_fd_sc_hd__xnor2_2)
     1    0.00    0.04    0.07    4.13 v _141_/Y (sky130_fd_sc_hd__xnor2_2)
                                         _071_ (net)
                  0.04    0.00    4.13 v _146_/A2 (sky130_fd_sc_hd__a211o_2)
     1    0.03    0.12    0.44    4.57 v _146_/X (sky130_fd_sc_hd__a211o_2)
                                         out[3] (net)
                  0.12    0.00    4.57 v out[3] (out)
                                  4.57   data arrival time

                  0.00   10.00   10.00   clock __VIRTUAL_CLK__ (rise edge)
                          0.00   10.00   clock network delay (ideal)
                         -0.25    9.75   clock uncertainty
                          0.00    9.75   clock reconvergence pessimism
                         -2.00    7.75   output external delay
                                  7.75   data required time
-----------------------------------------------------------------------------
                                  7.75   data required time
                                 -4.57   data arrival time
-----------------------------------------------------------------------------
                                  3.18   slack (MET)


Startpoint: opcode[0] (input port clocked by __VIRTUAL_CLK__)
Endpoint: out[2] (output port clocked by __VIRTUAL_CLK__)
Path Group: __VIRTUAL_CLK__
Path Type: max

Fanout     Cap    Slew   Delay    Time   Description
-----------------------------------------------------------------------------
                  0.00    0.00    0.00   clock __VIRTUAL_CLK__ (rise edge)
                          0.00    0.00   clock network delay (ideal)
                          2.00    2.00 ^ input external delay
     8    0.02    0.09    0.06    2.06 ^ opcode[0] (in)
                                         opcode[0] (net)
                  0.09    0.00    2.06 ^ _108_/C_N (sky130_fd_sc_hd__or3b_2)
     1    0.00    0.07    0.46    2.52 v _108_/X (sky130_fd_sc_hd__or3b_2)
                                         _040_ (net)
                  0.07    0.00    2.52 v _109_/A (sky130_fd_sc_hd__buf_1)
     9    0.03    0.15    0.21    2.73 v _109_/X (sky130_fd_sc_hd__buf_1)
                                         _041_ (net)
                  0.15    0.00    2.73 v _111_/C (sky130_fd_sc_hd__and3_2)
     2    0.01    0.05    0.28    3.01 v _111_/X (sky130_fd_sc_hd__and3_2)
                                         _043_ (net)
                  0.05    0.00    3.01 v _113_/C (sky130_fd_sc_hd__or3_2)
     3    0.01    0.10    0.46    3.47 v _113_/X (sky130_fd_sc_hd__or3_2)
                                         _045_ (net)
                  0.10    0.00    3.47 v _122_/A2 (sky130_fd_sc_hd__a21bo_2)
     3    0.01    0.05    0.26    3.73 v _122_/X (sky130_fd_sc_hd__a21bo_2)
                                         _053_ (net)
                  0.05    0.00    3.73 v _126_/A (sky130_fd_sc_hd__and2_2)
     2    0.01    0.05    0.19    3.92 v _126_/X (sky130_fd_sc_hd__and2_2)
                                         _057_ (net)
                  0.05    0.00    3.92 v _133_/A1 (sky130_fd_sc_hd__o21bai_2)
     1    0.03    0.40    0.37    4.29 ^ _133_/Y (sky130_fd_sc_hd__o21bai_2)
                                         out[2] (net)
                  0.40    0.00    4.29 ^ out[2] (out)
                                  4.29   data arrival time

                  0.00   10.00   10.00   clock __VIRTUAL_CLK__ (rise edge)
                          0.00   10.00   clock network delay (ideal)
                         -0.25    9.75   clock uncertainty
                          0.00    9.75   clock reconvergence pessimism
                         -2.00    7.75   output external delay
                                  7.75   data required time
-----------------------------------------------------------------------------
                                  7.75   data required time
                                 -4.29   data arrival time
-----------------------------------------------------------------------------
                                  3.46   slack (MET)


Startpoint: opcode[0] (input port clocked by __VIRTUAL_CLK__)
Endpoint: out[1] (output port clocked by __VIRTUAL_CLK__)
Path Group: __VIRTUAL_CLK__
Path Type: max

Fanout     Cap    Slew   Delay    Time   Description
-----------------------------------------------------------------------------
                  0.00    0.00    0.00   clock __VIRTUAL_CLK__ (rise edge)
                          0.00    0.00   clock network delay (ideal)
                          2.00    2.00 ^ input external delay
     8    0.02    0.09    0.06    2.06 ^ opcode[0] (in)
                                         opcode[0] (net)
                  0.09    0.00    2.06 ^ _108_/C_N (sky130_fd_sc_hd__or3b_2)
     1    0.00    0.07    0.46    2.52 v _108_/X (sky130_fd_sc_hd__or3b_2)
                                         _040_ (net)
                  0.07    0.00    2.52 v _109_/A (sky130_fd_sc_hd__buf_1)
     9    0.03    0.15    0.21    2.73 v _109_/X (sky130_fd_sc_hd__buf_1)
                                         _041_ (net)
                  0.15    0.00    2.73 v _111_/C (sky130_fd_sc_hd__and3_2)
     2    0.01    0.05    0.28    3.01 v _111_/X (sky130_fd_sc_hd__and3_2)
                                         _043_ (net)
                  0.05    0.00    3.01 v _113_/C (sky130_fd_sc_hd__or3_2)
     3    0.01    0.10    0.46    3.47 v _113_/X (sky130_fd_sc_hd__or3_2)
                                         _045_ (net)
                  0.10    0.00    3.47 v _115_/A3 (sky130_fd_sc_hd__a31o_2)
     1    0.00    0.04    0.28    3.75 v _115_/X (sky130_fd_sc_hd__a31o_2)
                                         _047_ (net)
                  0.04    0.00    3.75 v _121_/A2 (sky130_fd_sc_hd__o21bai_2)
     1    0.03    0.40    0.34    4.09 ^ _121_/Y (sky130_fd_sc_hd__o21bai_2)
                                         out[1] (net)
                  0.40    0.00    4.09 ^ out[1] (out)
                                  4.09   data arrival time

                  0.00   10.00   10.00   clock __VIRTUAL_CLK__ (rise edge)
                          0.00   10.00   clock network delay (ideal)
                         -0.25    9.75   clock uncertainty
                          0.00    9.75   clock reconvergence pessimism
                         -2.00    7.75   output external delay
                                  7.75   data required time
-----------------------------------------------------------------------------
                                  7.75   data required time
                                 -4.09   data arrival time
-----------------------------------------------------------------------------
                                  3.66   slack (MET)


Startpoint: opcode[2] (input port clocked by __VIRTUAL_CLK__)
Endpoint: out[0] (output port clocked by __VIRTUAL_CLK__)
Path Group: __VIRTUAL_CLK__
Path Type: max

Fanout     Cap    Slew   Delay    Time   Description
-----------------------------------------------------------------------------
                  0.00    0.00    0.00   clock __VIRTUAL_CLK__ (rise edge)
                          0.00    0.00   clock network delay (ideal)
                          2.00    2.00 ^ input external delay
     6    0.02    0.09    0.06    2.06 ^ opcode[2] (in)
                                         opcode[2] (net)
                  0.09    0.00    2.06 ^ _099_/C_N (sky130_fd_sc_hd__or3b_2)
     1    0.00    0.07    0.46    2.52 v _099_/X (sky130_fd_sc_hd__or3b_2)
                                         _032_ (net)
                  0.07    0.00    2.52 v _100_/A (sky130_fd_sc_hd__buf_1)
     8    0.03    0.18    0.23    2.75 v _100_/X (sky130_fd_sc_hd__buf_1)
                                         _033_ (net)
                  0.18    0.00    2.75 v _106_/A2 (sky130_fd_sc_hd__o21ai_2)
     1    0.00    0.09    0.16    2.91 ^ _106_/Y (sky130_fd_sc_hd__o21ai_2)
                                         _039_ (net)
                  0.09    0.00    2.91 ^ _107_/B1 (sky130_fd_sc_hd__a31o_2)
     1    0.03    0.20    0.24    3.15 ^ _107_/X (sky130_fd_sc_hd__a31o_2)
                                         out[0] (net)
                  0.20    0.00    3.15 ^ out[0] (out)
                                  3.15   data arrival time

                  0.00   10.00   10.00   clock __VIRTUAL_CLK__ (rise edge)
                          0.00   10.00   clock network delay (ideal)
                         -0.25    9.75   clock uncertainty
                          0.00    9.75   clock reconvergence pessimism
                         -2.00    7.75   output external delay
                                  7.75   data required time
-----------------------------------------------------------------------------
                                  7.75   data required time
                                 -3.15   data arrival time
-----------------------------------------------------------------------------
                                  4.60   slack (MET)



worst slack corner Typical: 2.3438
max_report_end
checks_report

===========================================================================
report_checks -unconstrained
===========================================================================
======================= Typical Corner ===================================

Startpoint: opcode[0] (input port clocked by __VIRTUAL_CLK__)
Endpoint: out[7] (output port clocked by __VIRTUAL_CLK__)
Path Group: __VIRTUAL_CLK__
Path Type: max

Fanout     Cap    Slew   Delay    Time   Description
-----------------------------------------------------------------------------
                  0.00    0.00    0.00   clock __VIRTUAL_CLK__ (rise edge)
                          0.00    0.00   clock network delay (ideal)
                          2.00    2.00 ^ input external delay
     8    0.02    0.09    0.06    2.06 ^ opcode[0] (in)
                                         opcode[0] (net)
                  0.09    0.00    2.06 ^ _108_/C_N (sky130_fd_sc_hd__or3b_2)
     1    0.00    0.07    0.46    2.52 v _108_/X (sky130_fd_sc_hd__or3b_2)
                                         _040_ (net)
                  0.07    0.00    2.52 v _109_/A (sky130_fd_sc_hd__buf_1)
     9    0.03    0.15    0.21    2.73 v _109_/X (sky130_fd_sc_hd__buf_1)
                                         _041_ (net)
                  0.15    0.00    2.73 v _111_/C (sky130_fd_sc_hd__and3_2)
     2    0.01    0.05    0.28    3.01 v _111_/X (sky130_fd_sc_hd__and3_2)
                                         _043_ (net)
                  0.05    0.00    3.01 v _113_/C (sky130_fd_sc_hd__or3_2)
     3    0.01    0.10    0.46    3.47 v _113_/X (sky130_fd_sc_hd__or3_2)
                                         _045_ (net)
                  0.10    0.00    3.47 v _122_/A2 (sky130_fd_sc_hd__a21bo_2)
     3    0.01    0.05    0.26    3.73 v _122_/X (sky130_fd_sc_hd__a21bo_2)
                                         _053_ (net)
                  0.05    0.00    3.73 v _158_/A1 (sky130_fd_sc_hd__a31o_2)
     2    0.01    0.05    0.22    3.94 v _158_/X (sky130_fd_sc_hd__a31o_2)
                                         _087_ (net)
                  0.05    0.00    3.94 v _160_/B (sky130_fd_sc_hd__and2_2)
     5    0.01    0.06    0.23    4.17 v _160_/X (sky130_fd_sc_hd__and2_2)
                                         _089_ (net)
                  0.06    0.00    4.17 v _181_/A2 (sky130_fd_sc_hd__o311a_2)
     3    0.01    0.08    0.42    4.59 v _181_/X (sky130_fd_sc_hd__o311a_2)
                                         _012_ (net)
                  0.08    0.00    4.59 v _195_/B (sky130_fd_sc_hd__or3_2)
     1    0.00    0.07    0.47    5.06 v _195_/X (sky130_fd_sc_hd__or3_2)
                                         _025_ (net)
                  0.07    0.00    5.06 v _199_/A3 (sky130_fd_sc_hd__a31o_2)
     1    0.03    0.11    0.35    5.41 v _199_/X (sky130_fd_sc_hd__a31o_2)
                                         out[7] (net)
                  0.11    0.00    5.41 v out[7] (out)
                                  5.41   data arrival time

                  0.00   10.00   10.00   clock __VIRTUAL_CLK__ (rise edge)
                          0.00   10.00   clock network delay (ideal)
                         -0.25    9.75   clock uncertainty
                          0.00    9.75   clock reconvergence pessimism
                         -2.00    7.75   output external delay
                                  7.75   data required time
-----------------------------------------------------------------------------
                                  7.75   data required time
                                 -5.41   data arrival time
-----------------------------------------------------------------------------
                                  2.34   slack (MET)




===========================================================================
report_checks --slack_max -0.01
============================================================================
======================= Typical Corner ===================================

No paths found.


===========================================================================
 report_check_types -max_slew -max_cap -max_fanout -violators
============================================================================
======================= Typical Corner ===================================


max slew violations count Typical: 0
max fanout violations count Typical: 0
max cap violations count Typical: 0

===========================================================================
report_parasitic_annotation -report_unannotated
============================================================================
Found 123 unannotated drivers.
 A[0]
 A[1]
 A[2]
 A[3]
 A[4]
 A[5]
 A[6]
 A[7]
 B[0]
 B[1]
 B[2]
 B[3]
 B[4]
 B[5]
 B[6]
 B[7]
 opcode[0]
 opcode[1]
 opcode[2]
 _096_/X
 _097_/Y
 _098_/X
 _099_/X
 _100_/X
 _101_/X
 _102_/Y
 _103_/X
 _104_/X
 _105_/X
 _106_/Y
 _107_/X
 _108_/X
 _109_/X
 _110_/Y
 _111_/X
 _112_/Y
 _113_/X
 _114_/Y
 _115_/X
 _116_/X
 _117_/Y
 _118_/X
 _119_/Y
 _120_/X
 _121_/Y
 _122_/X
 _123_/X
 _124_/Y
 _125_/X
 _126_/X
 _127_/Y
 _128_/Y
 _129_/Y
 _130_/X
 _131_/Y
 _132_/X
 _133_/Y
 _134_/X
 _135_/X
 _136_/Y
 _137_/Y
 _138_/X
 _139_/Y
 _140_/Y
 _141_/Y
 _142_/Y
 _143_/X
 _144_/Y
 _145_/X
 _146_/X
 _147_/X
 _148_/X
 _149_/Y
 _150_/X
 _151_/X
 _152_/Y
 _153_/X
 _154_/Y
 _155_/Y
 _156_/X
 _157_/X
 _158_/X
 _159_/Y
 _160_/X
 _161_/X
 _162_/Y
 _163_/X
 _164_/Y
 _165_/X
 _166_/X
 _167_/Y
 _168_/X
 _169_/Y
 _170_/Y
 _171_/X
 _172_/Y
 _173_/X
 _174_/X
 _175_/X
 _176_/Y
 _177_/X
 _178_/X
 _179_/X
 _180_/X
 _181_/X
 _182_/Y
 _183_/Y
 _184_/X
 _185_/Y
 _186_/X
 _187_/X
 _188_/X
 _189_/Y
 _190_/X
 _191_/Y
 _192_/Y
 _193_/Y
 _194_/Y
 _195_/X
 _196_/X
 _197_/Y
 _198_/X
 _199_/X
Found 0 partially unannotated drivers.

===========================================================================
max slew violation count 0
max fanout violation count 0
max cap violation count 0
============================================================================

===========================================================================
check_setup -verbose -unconstrained_endpoints -multiple_clock -no_clock -no_input_delay -loops -generated_clocks
===========================================================================
checks_report_end
power_report

===========================================================================
 report_power
============================================================================
======================= Typical Corner ===================================

Group                  Internal  Switching    Leakage      Total
                          Power      Power      Power      Power (Watts)
----------------------------------------------------------------
Sequential             0.00e+00   0.00e+00   0.00e+00   0.00e+00   0.0%
Combinational          2.63e-05   2.60e-05   3.46e-10   5.23e-05 100.0%
Clock                  0.00e+00   0.00e+00   0.00e+00   0.00e+00   0.0%
Macro                  0.00e+00   0.00e+00   0.00e+00   0.00e+00   0.0%
Pad                    0.00e+00   0.00e+00   0.00e+00   0.00e+00   0.0%
----------------------------------------------------------------
Total                  2.63e-05   2.60e-05   3.46e-10   5.23e-05 100.0%
                          50.3%      49.7%       0.0%

power_report_end
summary_report

===========================================================================
report_tns
============================================================================
tns 0.00

===========================================================================
report_wns
============================================================================
wns 0.00

===========================================================================
report_worst_slack -max (Setup)
============================================================================
worst slack 2.34

===========================================================================
report_worst_slack -min (Hold)
============================================================================
worst slack 4.02
summary_report_end
check_nonpropagated_clocks
__VIRTUAL_CLK__
check_nonpropagated_clocks_end
[WARNING] Did not save OpenROAD database!
Writing SDF to '/openlane/designs/my_second_design/runs/RUN_2025.05.07_23.45.03/results/synthesis/ALU.sdf'…
