
===========================================================================
report_checks -path_delay min (Hold)
============================================================================
======================= Fastest Corner ===================================

Startpoint: in[3] (input port clocked by __VIRTUAL_CLK__)
Endpoint: out[3] (output port clocked by __VIRTUAL_CLK__)
Path Group: __VIRTUAL_CLK__
Path Type: min
Corner: Fastest

Fanout     Cap    Slew   Delay    Time   Description
-----------------------------------------------------------------------------
                  0.00    0.00    0.00   clock __VIRTUAL_CLK__ (rise edge)
                          0.00    0.00   clock network delay (ideal)
                          2.00    2.00 ^ input external delay
     1    0.00    0.01    0.01    2.01 ^ in[3] (in)
                                         in[3] (net)
                  0.01    0.00    2.01 ^ input4/A (sky130_fd_sc_hd__clkbuf_1)
     2    0.01    0.09    0.08    2.09 ^ input4/X (sky130_fd_sc_hd__clkbuf_1)
                                         net4 (net)
                  0.09    0.00    2.09 ^ _24_/A1 (sky130_fd_sc_hd__a21boi_1)
     1    0.00    0.02    0.04    2.13 v _24_/Y (sky130_fd_sc_hd__a21boi_1)
                                         net12 (net)
                  0.02    0.00    2.13 v output12/A (sky130_fd_sc_hd__buf_2)
     1    0.03    0.06    0.11    2.24 v output12/X (sky130_fd_sc_hd__buf_2)
                                         out[3] (net)
                  0.06    0.00    2.24 v out[3] (out)
                                  2.24   data arrival time

                  0.00    0.00    0.00   clock __VIRTUAL_CLK__ (rise edge)
                          0.00    0.00   clock network delay (ideal)
                          0.25    0.25   clock uncertainty
                          0.00    0.25   clock reconvergence pessimism
                         -2.00   -1.75   output external delay
                                 -1.75   data required time
-----------------------------------------------------------------------------
                                 -1.75   data required time
                                 -2.24   data arrival time
-----------------------------------------------------------------------------
                                  3.99   slack (MET)


Startpoint: in[7] (input port clocked by __VIRTUAL_CLK__)
Endpoint: out[7] (output port clocked by __VIRTUAL_CLK__)
Path Group: __VIRTUAL_CLK__
Path Type: min
Corner: Fastest

Fanout     Cap    Slew   Delay    Time   Description
-----------------------------------------------------------------------------
                  0.00    0.00    0.00   clock __VIRTUAL_CLK__ (rise edge)
                          0.00    0.00   clock network delay (ideal)
                          2.00    2.00 ^ input external delay
     1    0.00    0.02    0.01    2.01 ^ in[7] (in)
                                         in[7] (net)
                  0.02    0.00    2.01 ^ input8/A (sky130_fd_sc_hd__buf_1)
     1    0.01    0.08    0.08    2.09 ^ input8/X (sky130_fd_sc_hd__buf_1)
                                         net8 (net)
                  0.08    0.00    2.09 ^ _18_/A (sky130_fd_sc_hd__xor2_1)
     1    0.01    0.04    0.06    2.15 v _18_/X (sky130_fd_sc_hd__xor2_1)
                                         net16 (net)
                  0.04    0.00    2.15 v output16/A (sky130_fd_sc_hd__buf_2)
     1    0.03    0.06    0.11    2.26 v output16/X (sky130_fd_sc_hd__buf_2)
                                         out[7] (net)
                  0.06    0.00    2.26 v out[7] (out)
                                  2.26   data arrival time

                  0.00    0.00    0.00   clock __VIRTUAL_CLK__ (rise edge)
                          0.00    0.00   clock network delay (ideal)
                          0.25    0.25   clock uncertainty
                          0.00    0.25   clock reconvergence pessimism
                         -2.00   -1.75   output external delay
                                 -1.75   data required time
-----------------------------------------------------------------------------
                                 -1.75   data required time
                                 -2.26   data arrival time
-----------------------------------------------------------------------------
                                  4.01   slack (MET)


Startpoint: in[0] (input port clocked by __VIRTUAL_CLK__)
Endpoint: out[1] (output port clocked by __VIRTUAL_CLK__)
Path Group: __VIRTUAL_CLK__
Path Type: min
Corner: Fastest

Fanout     Cap    Slew   Delay    Time   Description
-----------------------------------------------------------------------------
                  0.00    0.00    0.00   clock __VIRTUAL_CLK__ (rise edge)
                          0.00    0.00   clock network delay (ideal)
                          2.00    2.00 ^ input external delay
     1    0.00    0.02    0.01    2.01 ^ in[0] (in)
                                         in[0] (net)
                  0.02    0.00    2.01 ^ input1/A (sky130_fd_sc_hd__clkbuf_2)
     5    0.02    0.10    0.11    2.12 ^ input1/X (sky130_fd_sc_hd__clkbuf_2)
                                         net1 (net)
                  0.10    0.00    2.12 ^ _19_/B (sky130_fd_sc_hd__xor2_1)
     1    0.00    0.03    0.04    2.16 v _19_/X (sky130_fd_sc_hd__xor2_1)
                                         net10 (net)
                  0.03    0.00    2.16 v output10/A (sky130_fd_sc_hd__buf_2)
     1    0.03    0.06    0.11    2.27 v output10/X (sky130_fd_sc_hd__buf_2)
                                         out[1] (net)
                  0.06    0.00    2.27 v out[1] (out)
                                  2.27   data arrival time

                  0.00    0.00    0.00   clock __VIRTUAL_CLK__ (rise edge)
                          0.00    0.00   clock network delay (ideal)
                          0.25    0.25   clock uncertainty
                          0.00    0.25   clock reconvergence pessimism
                         -2.00   -1.75   output external delay
                                 -1.75   data required time
-----------------------------------------------------------------------------
                                 -1.75   data required time
                                 -2.27   data arrival time
-----------------------------------------------------------------------------
                                  4.02   slack (MET)


Startpoint: in[5] (input port clocked by __VIRTUAL_CLK__)
Endpoint: out[5] (output port clocked by __VIRTUAL_CLK__)
Path Group: __VIRTUAL_CLK__
Path Type: min
Corner: Fastest

Fanout     Cap    Slew   Delay    Time   Description
-----------------------------------------------------------------------------
                  0.00    0.00    0.00   clock __VIRTUAL_CLK__ (rise edge)
                          0.00    0.00   clock network delay (ideal)
                          2.00    2.00 v input external delay
     1    0.00    0.00    0.00    2.00 v in[5] (in)
                                         in[5] (net)
                  0.00    0.00    2.00 v input6/A (sky130_fd_sc_hd__buf_1)
     3    0.01    0.05    0.07    2.08 v input6/X (sky130_fd_sc_hd__buf_1)
                                         net6 (net)
                  0.05    0.00    2.08 v _13_/A (sky130_fd_sc_hd__xnor2_1)
     1    0.00    0.03    0.09    2.16 v _13_/Y (sky130_fd_sc_hd__xnor2_1)
                                         net14 (net)
                  0.03    0.00    2.16 v output14/A (sky130_fd_sc_hd__buf_2)
     1    0.03    0.06    0.11    2.27 v output14/X (sky130_fd_sc_hd__buf_2)
                                         out[5] (net)
                  0.06    0.00    2.27 v out[5] (out)
                                  2.27   data arrival time

                  0.00    0.00    0.00   clock __VIRTUAL_CLK__ (rise edge)
                          0.00    0.00   clock network delay (ideal)
                          0.25    0.25   clock uncertainty
                          0.00    0.25   clock reconvergence pessimism
                         -2.00   -1.75   output external delay
                                 -1.75   data required time
-----------------------------------------------------------------------------
                                 -1.75   data required time
                                 -2.27   data arrival time
-----------------------------------------------------------------------------
                                  4.02   slack (MET)


Startpoint: in[0] (input port clocked by __VIRTUAL_CLK__)
Endpoint: out[0] (output port clocked by __VIRTUAL_CLK__)
Path Group: __VIRTUAL_CLK__
Path Type: min
Corner: Fastest

Fanout     Cap    Slew   Delay    Time   Description
-----------------------------------------------------------------------------
                  0.00    0.00    0.00   clock __VIRTUAL_CLK__ (rise edge)
                          0.00    0.00   clock network delay (ideal)
                          2.00    2.00 v input external delay
     1    0.00    0.01    0.00    2.00 v in[0] (in)
                                         in[0] (net)
                  0.01    0.00    2.00 v input1/A (sky130_fd_sc_hd__clkbuf_2)
     5    0.02    0.06    0.09    2.09 v input1/X (sky130_fd_sc_hd__clkbuf_2)
                                         net1 (net)
                  0.06    0.00    2.09 v _25_/A (sky130_fd_sc_hd__clkbuf_1)
     1    0.01    0.03    0.07    2.17 v _25_/X (sky130_fd_sc_hd__clkbuf_1)
                                         net9 (net)
                  0.03    0.00    2.17 v output9/A (sky130_fd_sc_hd__buf_2)
     1    0.03    0.06    0.11    2.28 v output9/X (sky130_fd_sc_hd__buf_2)
                                         out[0] (net)
                  0.06    0.00    2.28 v out[0] (out)
                                  2.28   data arrival time

                  0.00    0.00    0.00   clock __VIRTUAL_CLK__ (rise edge)
                          0.00    0.00   clock network delay (ideal)
                          0.25    0.25   clock uncertainty
                          0.00    0.25   clock reconvergence pessimism
                         -2.00   -1.75   output external delay
                                 -1.75   data required time
-----------------------------------------------------------------------------
                                 -1.75   data required time
                                 -2.28   data arrival time
-----------------------------------------------------------------------------
                                  4.03   slack (MET)


Startpoint: in[4] (input port clocked by __VIRTUAL_CLK__)
Endpoint: out[4] (output port clocked by __VIRTUAL_CLK__)
Path Group: __VIRTUAL_CLK__
Path Type: min
Corner: Fastest

Fanout     Cap    Slew   Delay    Time   Description
-----------------------------------------------------------------------------
                  0.00    0.00    0.00   clock __VIRTUAL_CLK__ (rise edge)
                          0.00    0.00   clock network delay (ideal)
                          2.00    2.00 ^ input external delay
     1    0.00    0.01    0.01    2.01 ^ in[4] (in)
                                         in[4] (net)
                  0.01    0.00    2.01 ^ input5/A (sky130_fd_sc_hd__buf_1)
     4    0.01    0.10    0.09    2.10 ^ input5/X (sky130_fd_sc_hd__buf_1)
                                         net5 (net)
                  0.10    0.00    2.10 ^ _11_/A (sky130_fd_sc_hd__and2_1)
     1    0.01    0.06    0.10    2.20 ^ _11_/X (sky130_fd_sc_hd__and2_1)
                                         _02_ (net)
                  0.06    0.00    2.20 ^ _12_/B (sky130_fd_sc_hd__nor2_1)
     1    0.00    0.02    0.03    2.22 v _12_/Y (sky130_fd_sc_hd__nor2_1)
                                         net13 (net)
                  0.02    0.00    2.22 v output13/A (sky130_fd_sc_hd__buf_2)
     1    0.03    0.06    0.11    2.33 v output13/X (sky130_fd_sc_hd__buf_2)
                                         out[4] (net)
                  0.06    0.00    2.33 v out[4] (out)
                                  2.33   data arrival time

                  0.00    0.00    0.00   clock __VIRTUAL_CLK__ (rise edge)
                          0.00    0.00   clock network delay (ideal)
                          0.25    0.25   clock uncertainty
                          0.00    0.25   clock reconvergence pessimism
                         -2.00   -1.75   output external delay
                                 -1.75   data required time
-----------------------------------------------------------------------------
                                 -1.75   data required time
                                 -2.33   data arrival time
-----------------------------------------------------------------------------
                                  4.08   slack (MET)


Startpoint: in[2] (input port clocked by __VIRTUAL_CLK__)
Endpoint: out[2] (output port clocked by __VIRTUAL_CLK__)
Path Group: __VIRTUAL_CLK__
Path Type: min
Corner: Fastest

Fanout     Cap    Slew   Delay    Time   Description
-----------------------------------------------------------------------------
                  0.00    0.00    0.00   clock __VIRTUAL_CLK__ (rise edge)
                          0.00    0.00   clock network delay (ideal)
                          2.00    2.00 v input external delay
     1    0.00    0.00    0.00    2.00 v in[2] (in)
                                         in[2] (net)
                  0.00    0.00    2.00 v input3/A (sky130_fd_sc_hd__buf_1)
     3    0.01    0.05    0.07    2.07 v input3/X (sky130_fd_sc_hd__buf_1)
                                         net3 (net)
                  0.05    0.00    2.07 v _21_/B1 (sky130_fd_sc_hd__o21ai_1)
     1    0.00    0.05    0.06    2.13 ^ _21_/Y (sky130_fd_sc_hd__o21ai_1)
                                         _07_ (net)
                  0.05    0.00    2.13 ^ _22_/B (sky130_fd_sc_hd__and2_1)
     1    0.00    0.04    0.07    2.20 ^ _22_/X (sky130_fd_sc_hd__and2_1)
                                         _08_ (net)
                  0.04    0.00    2.20 ^ _23_/A (sky130_fd_sc_hd__clkbuf_1)
     1    0.00    0.04    0.06    2.26 ^ _23_/X (sky130_fd_sc_hd__clkbuf_1)
                                         net11 (net)
                  0.04    0.00    2.26 ^ output11/A (sky130_fd_sc_hd__buf_2)
     1    0.03    0.13    0.13    2.39 ^ output11/X (sky130_fd_sc_hd__buf_2)
                                         out[2] (net)
                  0.13    0.00    2.39 ^ out[2] (out)
                                  2.39   data arrival time

                  0.00    0.00    0.00   clock __VIRTUAL_CLK__ (rise edge)
                          0.00    0.00   clock network delay (ideal)
                          0.25    0.25   clock uncertainty
                          0.00    0.25   clock reconvergence pessimism
                         -2.00   -1.75   output external delay
                                 -1.75   data required time
-----------------------------------------------------------------------------
                                 -1.75   data required time
                                 -2.39   data arrival time
-----------------------------------------------------------------------------
                                  4.14   slack (MET)


Startpoint: in[6] (input port clocked by __VIRTUAL_CLK__)
Endpoint: out[6] (output port clocked by __VIRTUAL_CLK__)
Path Group: __VIRTUAL_CLK__
Path Type: min
Corner: Fastest

Fanout     Cap    Slew   Delay    Time   Description
-----------------------------------------------------------------------------
                  0.00    0.00    0.00   clock __VIRTUAL_CLK__ (rise edge)
                          0.00    0.00   clock network delay (ideal)
                          2.00    2.00 ^ input external delay
     1    0.00    0.01    0.01    2.01 ^ in[6] (in)
                                         in[6] (net)
                  0.01    0.00    2.01 ^ input7/A (sky130_fd_sc_hd__clkbuf_1)
     2    0.01    0.07    0.07    2.08 ^ input7/X (sky130_fd_sc_hd__clkbuf_1)
                                         net7 (net)
                  0.07    0.00    2.08 ^ _14_/B1 (sky130_fd_sc_hd__o31a_1)
     1    0.01    0.05    0.07    2.15 ^ _14_/X (sky130_fd_sc_hd__o31a_1)
                                         _03_ (net)
                  0.05    0.00    2.15 ^ _16_/A_N (sky130_fd_sc_hd__and2b_1)
     1    0.01    0.03    0.11    2.26 v _16_/X (sky130_fd_sc_hd__and2b_1)
                                         _05_ (net)
                  0.03    0.00    2.26 v _17_/A (sky130_fd_sc_hd__clkbuf_1)
     1    0.01    0.04    0.07    2.33 v _17_/X (sky130_fd_sc_hd__clkbuf_1)
                                         net15 (net)
                  0.04    0.00    2.33 v output15/A (sky130_fd_sc_hd__buf_2)
     1    0.03    0.06    0.12    2.45 v output15/X (sky130_fd_sc_hd__buf_2)
                                         out[6] (net)
                  0.06    0.00    2.45 v out[6] (out)
                                  2.45   data arrival time

                  0.00    0.00    0.00   clock __VIRTUAL_CLK__ (rise edge)
                          0.00    0.00   clock network delay (ideal)
                          0.25    0.25   clock uncertainty
                          0.00    0.25   clock reconvergence pessimism
                         -2.00   -1.75   output external delay
                                 -1.75   data required time
-----------------------------------------------------------------------------
                                 -1.75   data required time
                                 -2.45   data arrival time
-----------------------------------------------------------------------------
                                  4.20   slack (MET)



worst slack corner Fastest: 3.9860
======================= Slowest Corner ===================================

Startpoint: in[3] (input port clocked by __VIRTUAL_CLK__)
Endpoint: out[3] (output port clocked by __VIRTUAL_CLK__)
Path Group: __VIRTUAL_CLK__
Path Type: min
Corner: Slowest

Fanout     Cap    Slew   Delay    Time   Description
-----------------------------------------------------------------------------
                  0.00    0.00    0.00   clock __VIRTUAL_CLK__ (rise edge)
                          0.00    0.00   clock network delay (ideal)
                          2.00    2.00 ^ input external delay
     1    0.00    0.03    0.01    2.01 ^ in[3] (in)
                                         in[3] (net)
                  0.03    0.00    2.01 ^ input4/A (sky130_fd_sc_hd__clkbuf_1)
     2    0.01    0.19    0.20    2.22 ^ input4/X (sky130_fd_sc_hd__clkbuf_1)
                                         net4 (net)
                  0.19    0.00    2.22 ^ _24_/A1 (sky130_fd_sc_hd__a21boi_1)
     1    0.00    0.07    0.16    2.38 v _24_/Y (sky130_fd_sc_hd__a21boi_1)
                                         net12 (net)
                  0.07    0.00    2.38 v output12/A (sky130_fd_sc_hd__buf_2)
     1    0.03    0.17    0.33    2.71 v output12/X (sky130_fd_sc_hd__buf_2)
                                         out[3] (net)
                  0.17    0.00    2.71 v out[3] (out)
                                  2.71   data arrival time

                  0.00    0.00    0.00   clock __VIRTUAL_CLK__ (rise edge)
                          0.00    0.00   clock network delay (ideal)
                          0.25    0.25   clock uncertainty
                          0.00    0.25   clock reconvergence pessimism
                         -2.00   -1.75   output external delay
                                 -1.75   data required time
-----------------------------------------------------------------------------
                                 -1.75   data required time
                                 -2.71   data arrival time
-----------------------------------------------------------------------------
                                  4.46   slack (MET)


Startpoint: in[7] (input port clocked by __VIRTUAL_CLK__)
Endpoint: out[7] (output port clocked by __VIRTUAL_CLK__)
Path Group: __VIRTUAL_CLK__
Path Type: min
Corner: Slowest

Fanout     Cap    Slew   Delay    Time   Description
-----------------------------------------------------------------------------
                  0.00    0.00    0.00   clock __VIRTUAL_CLK__ (rise edge)
                          0.00    0.00   clock network delay (ideal)
                          2.00    2.00 ^ input external delay
     1    0.00    0.03    0.02    2.02 ^ in[7] (in)
                                         in[7] (net)
                  0.03    0.00    2.02 ^ input8/A (sky130_fd_sc_hd__buf_1)
     1    0.01    0.19    0.21    2.22 ^ input8/X (sky130_fd_sc_hd__buf_1)
                                         net8 (net)
                  0.19    0.00    2.22 ^ _18_/A (sky130_fd_sc_hd__xor2_1)
     1    0.01    0.10    0.21    2.43 v _18_/X (sky130_fd_sc_hd__xor2_1)
                                         net16 (net)
                  0.10    0.00    2.43 v output16/A (sky130_fd_sc_hd__buf_2)
     1    0.03    0.17    0.34    2.77 v output16/X (sky130_fd_sc_hd__buf_2)
                                         out[7] (net)
                  0.17    0.00    2.77 v out[7] (out)
                                  2.77   data arrival time

                  0.00    0.00    0.00   clock __VIRTUAL_CLK__ (rise edge)
                          0.00    0.00   clock network delay (ideal)
                          0.25    0.25   clock uncertainty
                          0.00    0.25   clock reconvergence pessimism
                         -2.00   -1.75   output external delay
                                 -1.75   data required time
-----------------------------------------------------------------------------
                                 -1.75   data required time
                                 -2.77   data arrival time
-----------------------------------------------------------------------------
                                  4.52   slack (MET)


Startpoint: in[0] (input port clocked by __VIRTUAL_CLK__)
Endpoint: out[1] (output port clocked by __VIRTUAL_CLK__)
Path Group: __VIRTUAL_CLK__
Path Type: min
Corner: Slowest

Fanout     Cap    Slew   Delay    Time   Description
-----------------------------------------------------------------------------
                  0.00    0.00    0.00   clock __VIRTUAL_CLK__ (rise edge)
                          0.00    0.00   clock network delay (ideal)
                          2.00    2.00 ^ input external delay
     1    0.00    0.04    0.02    2.02 ^ in[0] (in)
                                         in[0] (net)
                  0.04    0.00    2.02 ^ input1/A (sky130_fd_sc_hd__clkbuf_2)
     5    0.02    0.21    0.26    2.28 ^ input1/X (sky130_fd_sc_hd__clkbuf_2)
                                         net1 (net)
                  0.21    0.00    2.28 ^ _19_/B (sky130_fd_sc_hd__xor2_1)
     1    0.00    0.07    0.17    2.45 v _19_/X (sky130_fd_sc_hd__xor2_1)
                                         net10 (net)
                  0.07    0.00    2.45 v output10/A (sky130_fd_sc_hd__buf_2)
     1    0.03    0.16    0.33    2.77 v output10/X (sky130_fd_sc_hd__buf_2)
                                         out[1] (net)
                  0.16    0.00    2.77 v out[1] (out)
                                  2.77   data arrival time

                  0.00    0.00    0.00   clock __VIRTUAL_CLK__ (rise edge)
                          0.00    0.00   clock network delay (ideal)
                          0.25    0.25   clock uncertainty
                          0.00    0.25   clock reconvergence pessimism
                         -2.00   -1.75   output external delay
                                 -1.75   data required time
-----------------------------------------------------------------------------
                                 -1.75   data required time
                                 -2.77   data arrival time
-----------------------------------------------------------------------------
                                  4.52   slack (MET)


Startpoint: in[0] (input port clocked by __VIRTUAL_CLK__)
Endpoint: out[0] (output port clocked by __VIRTUAL_CLK__)
Path Group: __VIRTUAL_CLK__
Path Type: min
Corner: Slowest

Fanout     Cap    Slew   Delay    Time   Description
-----------------------------------------------------------------------------
                  0.00    0.00    0.00   clock __VIRTUAL_CLK__ (rise edge)
                          0.00    0.00   clock network delay (ideal)
                          2.00    2.00 v input external delay
     1    0.00    0.02    0.01    2.01 v in[0] (in)
                                         in[0] (net)
                  0.02    0.00    2.01 v input1/A (sky130_fd_sc_hd__clkbuf_2)
     5    0.02    0.16    0.24    2.25 v input1/X (sky130_fd_sc_hd__clkbuf_2)
                                         net1 (net)
                  0.16    0.00    2.26 v _25_/A (sky130_fd_sc_hd__clkbuf_1)
     1    0.01    0.08    0.22    2.47 v _25_/X (sky130_fd_sc_hd__clkbuf_1)
                                         net9 (net)
                  0.08    0.00    2.47 v output9/A (sky130_fd_sc_hd__buf_2)
     1    0.03    0.17    0.33    2.81 v output9/X (sky130_fd_sc_hd__buf_2)
                                         out[0] (net)
                  0.17    0.00    2.81 v out[0] (out)
                                  2.81   data arrival time

                  0.00    0.00    0.00   clock __VIRTUAL_CLK__ (rise edge)
                          0.00    0.00   clock network delay (ideal)
                          0.25    0.25   clock uncertainty
                          0.00    0.25   clock reconvergence pessimism
                         -2.00   -1.75   output external delay
                                 -1.75   data required time
-----------------------------------------------------------------------------
                                 -1.75   data required time
                                 -2.81   data arrival time
-----------------------------------------------------------------------------
                                  4.56   slack (MET)


Startpoint: in[5] (input port clocked by __VIRTUAL_CLK__)
Endpoint: out[5] (output port clocked by __VIRTUAL_CLK__)
Path Group: __VIRTUAL_CLK__
Path Type: min
Corner: Slowest

Fanout     Cap    Slew   Delay    Time   Description
-----------------------------------------------------------------------------
                  0.00    0.00    0.00   clock __VIRTUAL_CLK__ (rise edge)
                          0.00    0.00   clock network delay (ideal)
                          2.00    2.00 v input external delay
     1    0.00    0.02    0.01    2.01 v in[5] (in)
                                         in[5] (net)
                  0.02    0.00    2.01 v input6/A (sky130_fd_sc_hd__buf_1)
     3    0.01    0.15    0.21    2.22 v input6/X (sky130_fd_sc_hd__buf_1)
                                         net6 (net)
                  0.15    0.00    2.22 v _13_/A (sky130_fd_sc_hd__xnor2_1)
     1    0.00    0.10    0.26    2.47 v _13_/Y (sky130_fd_sc_hd__xnor2_1)
                                         net14 (net)
                  0.10    0.00    2.47 v output14/A (sky130_fd_sc_hd__buf_2)
     1    0.03    0.16    0.34    2.81 v output14/X (sky130_fd_sc_hd__buf_2)
                                         out[5] (net)
                  0.16    0.00    2.81 v out[5] (out)
                                  2.81   data arrival time

                  0.00    0.00    0.00   clock __VIRTUAL_CLK__ (rise edge)
                          0.00    0.00   clock network delay (ideal)
                          0.25    0.25   clock uncertainty
                          0.00    0.25   clock reconvergence pessimism
                         -2.00   -1.75   output external delay
                                 -1.75   data required time
-----------------------------------------------------------------------------
                                 -1.75   data required time
                                 -2.81   data arrival time
-----------------------------------------------------------------------------
                                  4.56   slack (MET)


Startpoint: in[4] (input port clocked by __VIRTUAL_CLK__)
Endpoint: out[4] (output port clocked by __VIRTUAL_CLK__)
Path Group: __VIRTUAL_CLK__
Path Type: min
Corner: Slowest

Fanout     Cap    Slew   Delay    Time   Description
-----------------------------------------------------------------------------
                  0.00    0.00    0.00   clock __VIRTUAL_CLK__ (rise edge)
                          0.00    0.00   clock network delay (ideal)
                          2.00    2.00 ^ input external delay
     1    0.00    0.03    0.01    2.01 ^ in[4] (in)
                                         in[4] (net)
                  0.03    0.00    2.01 ^ input5/A (sky130_fd_sc_hd__buf_1)
     4    0.01    0.22    0.22    2.24 ^ input5/X (sky130_fd_sc_hd__buf_1)
                                         net5 (net)
                  0.22    0.00    2.24 ^ _11_/A (sky130_fd_sc_hd__and2_1)
     1    0.01    0.14    0.31    2.55 ^ _11_/X (sky130_fd_sc_hd__and2_1)
                                         _02_ (net)
                  0.14    0.00    2.55 ^ _12_/B (sky130_fd_sc_hd__nor2_1)
     1    0.00    0.05    0.09    2.64 v _12_/Y (sky130_fd_sc_hd__nor2_1)
                                         net13 (net)
                  0.05    0.00    2.64 v output13/A (sky130_fd_sc_hd__buf_2)
     1    0.03    0.16    0.32    2.96 v output13/X (sky130_fd_sc_hd__buf_2)
                                         out[4] (net)
                  0.16    0.00    2.96 v out[4] (out)
                                  2.96   data arrival time

                  0.00    0.00    0.00   clock __VIRTUAL_CLK__ (rise edge)
                          0.00    0.00   clock network delay (ideal)
                          0.25    0.25   clock uncertainty
                          0.00    0.25   clock reconvergence pessimism
                         -2.00   -1.75   output external delay
                                 -1.75   data required time
-----------------------------------------------------------------------------
                                 -1.75   data required time
                                 -2.96   data arrival time
-----------------------------------------------------------------------------
                                  4.71   slack (MET)


Startpoint: in[2] (input port clocked by __VIRTUAL_CLK__)
Endpoint: out[2] (output port clocked by __VIRTUAL_CLK__)
Path Group: __VIRTUAL_CLK__
Path Type: min
Corner: Slowest

Fanout     Cap    Slew   Delay    Time   Description
-----------------------------------------------------------------------------
                  0.00    0.00    0.00   clock __VIRTUAL_CLK__ (rise edge)
                          0.00    0.00   clock network delay (ideal)
                          2.00    2.00 v input external delay
     1    0.00    0.02    0.01    2.01 v in[2] (in)
                                         in[2] (net)
                  0.02    0.00    2.01 v input3/A (sky130_fd_sc_hd__buf_1)
     3    0.01    0.14    0.20    2.21 v input3/X (sky130_fd_sc_hd__buf_1)
                                         net3 (net)
                  0.14    0.00    2.21 v _21_/B1 (sky130_fd_sc_hd__o21ai_1)
     1    0.00    0.15    0.16    2.37 ^ _21_/Y (sky130_fd_sc_hd__o21ai_1)
                                         _07_ (net)
                  0.15    0.00    2.37 ^ _22_/B (sky130_fd_sc_hd__and2_1)
     1    0.00    0.08    0.25    2.61 ^ _22_/X (sky130_fd_sc_hd__and2_1)
                                         _08_ (net)
                  0.08    0.00    2.61 ^ _23_/A (sky130_fd_sc_hd__clkbuf_1)
     1    0.00    0.09    0.16    2.77 ^ _23_/X (sky130_fd_sc_hd__clkbuf_1)
                                         net11 (net)
                  0.09    0.00    2.77 ^ output11/A (sky130_fd_sc_hd__buf_2)
     1    0.03    0.27    0.33    3.10 ^ output11/X (sky130_fd_sc_hd__buf_2)
                                         out[2] (net)
                  0.27    0.00    3.10 ^ out[2] (out)
                                  3.10   data arrival time

                  0.00    0.00    0.00   clock __VIRTUAL_CLK__ (rise edge)
                          0.00    0.00   clock network delay (ideal)
                          0.25    0.25   clock uncertainty
                          0.00    0.25   clock reconvergence pessimism
                         -2.00   -1.75   output external delay
                                 -1.75   data required time
-----------------------------------------------------------------------------
                                 -1.75   data required time
                                 -3.10   data arrival time
-----------------------------------------------------------------------------
                                  4.85   slack (MET)


Startpoint: in[6] (input port clocked by __VIRTUAL_CLK__)
Endpoint: out[6] (output port clocked by __VIRTUAL_CLK__)
Path Group: __VIRTUAL_CLK__
Path Type: min
Corner: Slowest

Fanout     Cap    Slew   Delay    Time   Description
-----------------------------------------------------------------------------
                  0.00    0.00    0.00   clock __VIRTUAL_CLK__ (rise edge)
                          0.00    0.00   clock network delay (ideal)
                          2.00    2.00 ^ input external delay
     1    0.00    0.03    0.01    2.01 ^ in[6] (in)
                                         in[6] (net)
                  0.03    0.00    2.01 ^ input7/A (sky130_fd_sc_hd__clkbuf_1)
     2    0.01    0.14    0.18    2.19 ^ input7/X (sky130_fd_sc_hd__clkbuf_1)
                                         net7 (net)
                  0.14    0.00    2.19 ^ _15_/C (sky130_fd_sc_hd__or4_1)
     2    0.01    0.16    0.27    2.46 ^ _15_/X (sky130_fd_sc_hd__or4_1)
                                         _04_ (net)
                  0.16    0.00    2.46 ^ _16_/B (sky130_fd_sc_hd__and2b_1)
     1    0.01    0.11    0.27    2.73 ^ _16_/X (sky130_fd_sc_hd__and2b_1)
                                         _05_ (net)
                  0.11    0.00    2.73 ^ _17_/A (sky130_fd_sc_hd__clkbuf_1)
     1    0.01    0.19    0.24    2.97 ^ _17_/X (sky130_fd_sc_hd__clkbuf_1)
                                         net15 (net)
                  0.19    0.00    2.97 ^ output15/A (sky130_fd_sc_hd__buf_2)
     1    0.03    0.27    0.38    3.35 ^ output15/X (sky130_fd_sc_hd__buf_2)
                                         out[6] (net)
                  0.27    0.00    3.35 ^ out[6] (out)
                                  3.35   data arrival time

                  0.00    0.00    0.00   clock __VIRTUAL_CLK__ (rise edge)
                          0.00    0.00   clock network delay (ideal)
                          0.25    0.25   clock uncertainty
                          0.00    0.25   clock reconvergence pessimism
                         -2.00   -1.75   output external delay
                                 -1.75   data required time
-----------------------------------------------------------------------------
                                 -1.75   data required time
                                 -3.35   data arrival time
-----------------------------------------------------------------------------
                                  5.10   slack (MET)



worst slack corner Slowest: 4.4569
======================= Typical Corner ===================================

Startpoint: in[3] (input port clocked by __VIRTUAL_CLK__)
Endpoint: out[3] (output port clocked by __VIRTUAL_CLK__)
Path Group: __VIRTUAL_CLK__
Path Type: min
Corner: Typical

Fanout     Cap    Slew   Delay    Time   Description
-----------------------------------------------------------------------------
                  0.00    0.00    0.00   clock __VIRTUAL_CLK__ (rise edge)
                          0.00    0.00   clock network delay (ideal)
                          2.00    2.00 ^ input external delay
     1    0.00    0.02    0.01    2.01 ^ in[3] (in)
                                         in[3] (net)
                  0.02    0.00    2.01 ^ input4/A (sky130_fd_sc_hd__clkbuf_1)
     2    0.01    0.12    0.12    2.13 ^ input4/X (sky130_fd_sc_hd__clkbuf_1)
                                         net4 (net)
                  0.12    0.00    2.13 ^ _24_/A1 (sky130_fd_sc_hd__a21boi_1)
     1    0.00    0.04    0.07    2.20 v _24_/Y (sky130_fd_sc_hd__a21boi_1)
                                         net12 (net)
                  0.04    0.00    2.20 v output12/A (sky130_fd_sc_hd__buf_2)
     1    0.03    0.09    0.17    2.37 v output12/X (sky130_fd_sc_hd__buf_2)
                                         out[3] (net)
                  0.09    0.00    2.37 v out[3] (out)
                                  2.37   data arrival time

                  0.00    0.00    0.00   clock __VIRTUAL_CLK__ (rise edge)
                          0.00    0.00   clock network delay (ideal)
                          0.25    0.25   clock uncertainty
                          0.00    0.25   clock reconvergence pessimism
                         -2.00   -1.75   output external delay
                                 -1.75   data required time
-----------------------------------------------------------------------------
                                 -1.75   data required time
                                 -2.37   data arrival time
-----------------------------------------------------------------------------
                                  4.12   slack (MET)


Startpoint: in[7] (input port clocked by __VIRTUAL_CLK__)
Endpoint: out[7] (output port clocked by __VIRTUAL_CLK__)
Path Group: __VIRTUAL_CLK__
Path Type: min
Corner: Typical

Fanout     Cap    Slew   Delay    Time   Description
-----------------------------------------------------------------------------
                  0.00    0.00    0.00   clock __VIRTUAL_CLK__ (rise edge)
                          0.00    0.00   clock network delay (ideal)
                          2.00    2.00 ^ input external delay
     1    0.00    0.02    0.01    2.01 ^ in[7] (in)
                                         in[7] (net)
                  0.02    0.00    2.01 ^ input8/A (sky130_fd_sc_hd__buf_1)
     1    0.01    0.11    0.12    2.13 ^ input8/X (sky130_fd_sc_hd__buf_1)
                                         net8 (net)
                  0.11    0.00    2.13 ^ _18_/A (sky130_fd_sc_hd__xor2_1)
     1    0.01    0.05    0.10    2.22 v _18_/X (sky130_fd_sc_hd__xor2_1)
                                         net16 (net)
                  0.05    0.00    2.22 v output16/A (sky130_fd_sc_hd__buf_2)
     1    0.03    0.09    0.17    2.40 v output16/X (sky130_fd_sc_hd__buf_2)
                                         out[7] (net)
                  0.09    0.00    2.40 v out[7] (out)
                                  2.40   data arrival time

                  0.00    0.00    0.00   clock __VIRTUAL_CLK__ (rise edge)
                          0.00    0.00   clock network delay (ideal)
                          0.25    0.25   clock uncertainty
                          0.00    0.25   clock reconvergence pessimism
                         -2.00   -1.75   output external delay
                                 -1.75   data required time
-----------------------------------------------------------------------------
                                 -1.75   data required time
                                 -2.40   data arrival time
-----------------------------------------------------------------------------
                                  4.15   slack (MET)


Startpoint: in[0] (input port clocked by __VIRTUAL_CLK__)
Endpoint: out[1] (output port clocked by __VIRTUAL_CLK__)
Path Group: __VIRTUAL_CLK__
Path Type: min
Corner: Typical

Fanout     Cap    Slew   Delay    Time   Description
-----------------------------------------------------------------------------
                  0.00    0.00    0.00   clock __VIRTUAL_CLK__ (rise edge)
                          0.00    0.00   clock network delay (ideal)
                          2.00    2.00 ^ input external delay
     1    0.00    0.02    0.01    2.01 ^ in[0] (in)
                                         in[0] (net)
                  0.02    0.00    2.01 ^ input1/A (sky130_fd_sc_hd__clkbuf_2)
     5    0.02    0.13    0.15    2.17 ^ input1/X (sky130_fd_sc_hd__clkbuf_2)
                                         net1 (net)
                  0.13    0.00    2.17 ^ _19_/B (sky130_fd_sc_hd__xor2_1)
     1    0.00    0.04    0.08    2.24 v _19_/X (sky130_fd_sc_hd__xor2_1)
                                         net10 (net)
                  0.04    0.00    2.24 v output10/A (sky130_fd_sc_hd__buf_2)
     1    0.03    0.09    0.17    2.41 v output10/X (sky130_fd_sc_hd__buf_2)
                                         out[1] (net)
                  0.09    0.00    2.41 v out[1] (out)
                                  2.41   data arrival time

                  0.00    0.00    0.00   clock __VIRTUAL_CLK__ (rise edge)
                          0.00    0.00   clock network delay (ideal)
                          0.25    0.25   clock uncertainty
                          0.00    0.25   clock reconvergence pessimism
                         -2.00   -1.75   output external delay
                                 -1.75   data required time
-----------------------------------------------------------------------------
                                 -1.75   data required time
                                 -2.41   data arrival time
-----------------------------------------------------------------------------
                                  4.16   slack (MET)


Startpoint: in[5] (input port clocked by __VIRTUAL_CLK__)
Endpoint: out[5] (output port clocked by __VIRTUAL_CLK__)
Path Group: __VIRTUAL_CLK__
Path Type: min
Corner: Typical

Fanout     Cap    Slew   Delay    Time   Description
-----------------------------------------------------------------------------
                  0.00    0.00    0.00   clock __VIRTUAL_CLK__ (rise edge)
                          0.00    0.00   clock network delay (ideal)
                          2.00    2.00 v input external delay
     1    0.00    0.01    0.00    2.00 v in[5] (in)
                                         in[5] (net)
                  0.01    0.00    2.00 v input6/A (sky130_fd_sc_hd__buf_1)
     3    0.01    0.08    0.11    2.11 v input6/X (sky130_fd_sc_hd__buf_1)
                                         net6 (net)
                  0.08    0.00    2.11 v _13_/A (sky130_fd_sc_hd__xnor2_1)
     1    0.00    0.05    0.14    2.25 v _13_/Y (sky130_fd_sc_hd__xnor2_1)
                                         net14 (net)
                  0.05    0.00    2.25 v output14/A (sky130_fd_sc_hd__buf_2)
     1    0.03    0.09    0.17    2.42 v output14/X (sky130_fd_sc_hd__buf_2)
                                         out[5] (net)
                  0.09    0.00    2.42 v out[5] (out)
                                  2.42   data arrival time

                  0.00    0.00    0.00   clock __VIRTUAL_CLK__ (rise edge)
                          0.00    0.00   clock network delay (ideal)
                          0.25    0.25   clock uncertainty
                          0.00    0.25   clock reconvergence pessimism
                         -2.00   -1.75   output external delay
                                 -1.75   data required time
-----------------------------------------------------------------------------
                                 -1.75   data required time
                                 -2.42   data arrival time
-----------------------------------------------------------------------------
                                  4.17   slack (MET)


Startpoint: in[0] (input port clocked by __VIRTUAL_CLK__)
Endpoint: out[0] (output port clocked by __VIRTUAL_CLK__)
Path Group: __VIRTUAL_CLK__
Path Type: min
Corner: Typical

Fanout     Cap    Slew   Delay    Time   Description
-----------------------------------------------------------------------------
                  0.00    0.00    0.00   clock __VIRTUAL_CLK__ (rise edge)
                          0.00    0.00   clock network delay (ideal)
                          2.00    2.00 v input external delay
     1    0.00    0.01    0.01    2.01 v in[0] (in)
                                         in[0] (net)
                  0.01    0.00    2.01 v input1/A (sky130_fd_sc_hd__clkbuf_2)
     5    0.02    0.09    0.13    2.14 v input1/X (sky130_fd_sc_hd__clkbuf_2)
                                         net1 (net)
                  0.09    0.00    2.14 v _25_/A (sky130_fd_sc_hd__clkbuf_1)
     1    0.01    0.04    0.12    2.25 v _25_/X (sky130_fd_sc_hd__clkbuf_1)
                                         net9 (net)
                  0.04    0.00    2.25 v output9/A (sky130_fd_sc_hd__buf_2)
     1    0.03    0.09    0.17    2.43 v output9/X (sky130_fd_sc_hd__buf_2)
                                         out[0] (net)
                  0.09    0.00    2.43 v out[0] (out)
                                  2.43   data arrival time

                  0.00    0.00    0.00   clock __VIRTUAL_CLK__ (rise edge)
                          0.00    0.00   clock network delay (ideal)
                          0.25    0.25   clock uncertainty
                          0.00    0.25   clock reconvergence pessimism
                         -2.00   -1.75   output external delay
                                 -1.75   data required time
-----------------------------------------------------------------------------
                                 -1.75   data required time
                                 -2.43   data arrival time
-----------------------------------------------------------------------------
                                  4.18   slack (MET)


Startpoint: in[4] (input port clocked by __VIRTUAL_CLK__)
Endpoint: out[4] (output port clocked by __VIRTUAL_CLK__)
Path Group: __VIRTUAL_CLK__
Path Type: min
Corner: Typical

Fanout     Cap    Slew   Delay    Time   Description
-----------------------------------------------------------------------------
                  0.00    0.00    0.00   clock __VIRTUAL_CLK__ (rise edge)
                          0.00    0.00   clock network delay (ideal)
                          2.00    2.00 ^ input external delay
     1    0.00    0.02    0.01    2.01 ^ in[4] (in)
                                         in[4] (net)
                  0.02    0.00    2.01 ^ input5/A (sky130_fd_sc_hd__buf_1)
     4    0.01    0.13    0.13    2.14 ^ input5/X (sky130_fd_sc_hd__buf_1)
                                         net5 (net)
                  0.13    0.00    2.14 ^ _11_/A (sky130_fd_sc_hd__and2_1)
     1    0.01    0.08    0.16    2.30 ^ _11_/X (sky130_fd_sc_hd__and2_1)
                                         _02_ (net)
                  0.08    0.00    2.30 ^ _12_/B (sky130_fd_sc_hd__nor2_1)
     1    0.00    0.03    0.04    2.34 v _12_/Y (sky130_fd_sc_hd__nor2_1)
                                         net13 (net)
                  0.03    0.00    2.34 v output13/A (sky130_fd_sc_hd__buf_2)
     1    0.03    0.09    0.16    2.51 v output13/X (sky130_fd_sc_hd__buf_2)
                                         out[4] (net)
                  0.09    0.00    2.51 v out[4] (out)
                                  2.51   data arrival time

                  0.00    0.00    0.00   clock __VIRTUAL_CLK__ (rise edge)
                          0.00    0.00   clock network delay (ideal)
                          0.25    0.25   clock uncertainty
                          0.00    0.25   clock reconvergence pessimism
                         -2.00   -1.75   output external delay
                                 -1.75   data required time
-----------------------------------------------------------------------------
                                 -1.75   data required time
                                 -2.51   data arrival time
-----------------------------------------------------------------------------
                                  4.26   slack (MET)


Startpoint: in[2] (input port clocked by __VIRTUAL_CLK__)
Endpoint: out[2] (output port clocked by __VIRTUAL_CLK__)
Path Group: __VIRTUAL_CLK__
Path Type: min
Corner: Typical

Fanout     Cap    Slew   Delay    Time   Description
-----------------------------------------------------------------------------
                  0.00    0.00    0.00   clock __VIRTUAL_CLK__ (rise edge)
                          0.00    0.00   clock network delay (ideal)
                          2.00    2.00 v input external delay
     1    0.00    0.01    0.00    2.00 v in[2] (in)
                                         in[2] (net)
                  0.01    0.00    2.00 v input3/A (sky130_fd_sc_hd__buf_1)
     3    0.01    0.07    0.11    2.11 v input3/X (sky130_fd_sc_hd__buf_1)
                                         net3 (net)
                  0.07    0.00    2.11 v _21_/B1 (sky130_fd_sc_hd__o21ai_1)
     1    0.00    0.08    0.08    2.19 ^ _21_/Y (sky130_fd_sc_hd__o21ai_1)
                                         _07_ (net)
                  0.08    0.00    2.19 ^ _22_/B (sky130_fd_sc_hd__and2_1)
     1    0.00    0.05    0.12    2.32 ^ _22_/X (sky130_fd_sc_hd__and2_1)
                                         _08_ (net)
                  0.05    0.00    2.32 ^ _23_/A (sky130_fd_sc_hd__clkbuf_1)
     1    0.00    0.05    0.09    2.40 ^ _23_/X (sky130_fd_sc_hd__clkbuf_1)
                                         net11 (net)
                  0.05    0.00    2.40 ^ output11/A (sky130_fd_sc_hd__buf_2)
     1    0.03    0.17    0.19    2.59 ^ output11/X (sky130_fd_sc_hd__buf_2)
                                         out[2] (net)
                  0.17    0.00    2.59 ^ out[2] (out)
                                  2.59   data arrival time

                  0.00    0.00    0.00   clock __VIRTUAL_CLK__ (rise edge)
                          0.00    0.00   clock network delay (ideal)
                          0.25    0.25   clock uncertainty
                          0.00    0.25   clock reconvergence pessimism
                         -2.00   -1.75   output external delay
                                 -1.75   data required time
-----------------------------------------------------------------------------
                                 -1.75   data required time
                                 -2.59   data arrival time
-----------------------------------------------------------------------------
                                  4.34   slack (MET)


Startpoint: in[6] (input port clocked by __VIRTUAL_CLK__)
Endpoint: out[6] (output port clocked by __VIRTUAL_CLK__)
Path Group: __VIRTUAL_CLK__
Path Type: min
Corner: Typical

Fanout     Cap    Slew   Delay    Time   Description
-----------------------------------------------------------------------------
                  0.00    0.00    0.00   clock __VIRTUAL_CLK__ (rise edge)
                          0.00    0.00   clock network delay (ideal)
                          2.00    2.00 ^ input external delay
     1    0.00    0.02    0.01    2.01 ^ in[6] (in)
                                         in[6] (net)
                  0.02    0.00    2.01 ^ input7/A (sky130_fd_sc_hd__clkbuf_1)
     2    0.01    0.09    0.10    2.11 ^ input7/X (sky130_fd_sc_hd__clkbuf_1)
                                         net7 (net)
                  0.09    0.00    2.11 ^ _14_/B1 (sky130_fd_sc_hd__o31a_1)
     1    0.00    0.06    0.14    2.25 ^ _14_/X (sky130_fd_sc_hd__o31a_1)
                                         _03_ (net)
                  0.06    0.00    2.25 ^ _16_/A_N (sky130_fd_sc_hd__and2b_1)
     1    0.01    0.04    0.18    2.43 v _16_/X (sky130_fd_sc_hd__and2b_1)
                                         _05_ (net)
                  0.04    0.00    2.43 v _17_/A (sky130_fd_sc_hd__clkbuf_1)
     1    0.01    0.06    0.11    2.54 v _17_/X (sky130_fd_sc_hd__clkbuf_1)
                                         net15 (net)
                  0.06    0.00    2.54 v output15/A (sky130_fd_sc_hd__buf_2)
     1    0.03    0.09    0.18    2.72 v output15/X (sky130_fd_sc_hd__buf_2)
                                         out[6] (net)
                  0.09    0.00    2.72 v out[6] (out)
                                  2.72   data arrival time

                  0.00    0.00    0.00   clock __VIRTUAL_CLK__ (rise edge)
                          0.00    0.00   clock network delay (ideal)
                          0.25    0.25   clock uncertainty
                          0.00    0.25   clock reconvergence pessimism
                         -2.00   -1.75   output external delay
                                 -1.75   data required time
-----------------------------------------------------------------------------
                                 -1.75   data required time
                                 -2.72   data arrival time
-----------------------------------------------------------------------------
                                  4.47   slack (MET)



worst slack corner Typical: 4.1173
