
===========================================================================
report_checks -unconstrained
===========================================================================
======================= Fastest Corner ===================================

Startpoint: in[1] (input port clocked by __VIRTUAL_CLK__)
Endpoint: out[6] (output port clocked by __VIRTUAL_CLK__)
Path Group: __VIRTUAL_CLK__
Path Type: max
Corner: Fastest

Fanout     Cap    Slew   Delay    Time   Description
-----------------------------------------------------------------------------
                  0.00    0.00    0.00   clock __VIRTUAL_CLK__ (rise edge)
                          0.00    0.00   clock network delay (ideal)
                          2.00    2.00 v input external delay
     1    0.00    0.00    0.00    2.00 v in[1] (in)
                                         in[1] (net)
                  0.00    0.00    2.00 v input2/A (sky130_fd_sc_hd__dlymetal6s2s_1)
     4    0.02    0.07    0.12    2.12 v input2/X (sky130_fd_sc_hd__dlymetal6s2s_1)
                                         net2 (net)
                  0.07    0.00    2.12 v _09_/C (sky130_fd_sc_hd__or4_2)
     5    0.01    0.10    0.41    2.54 v _09_/X (sky130_fd_sc_hd__or4_2)
                                         _00_ (net)
                  0.10    0.00    2.54 v _15_/D (sky130_fd_sc_hd__or4_1)
     2    0.01    0.08    0.29    2.83 v _15_/X (sky130_fd_sc_hd__or4_1)
                                         _04_ (net)
                  0.08    0.00    2.83 v _16_/B (sky130_fd_sc_hd__and2b_1)
     1    0.01    0.03    0.13    2.96 v _16_/X (sky130_fd_sc_hd__and2b_1)
                                         _05_ (net)
                  0.03    0.00    2.96 v _17_/A (sky130_fd_sc_hd__clkbuf_1)
     1    0.01    0.04    0.08    3.04 v _17_/X (sky130_fd_sc_hd__clkbuf_1)
                                         net15 (net)
                  0.04    0.00    3.04 v output15/A (sky130_fd_sc_hd__buf_2)
     1    0.03    0.06    0.13    3.17 v output15/X (sky130_fd_sc_hd__buf_2)
                                         out[6] (net)
                  0.06    0.00    3.17 v out[6] (out)
                                  3.17   data arrival time

                  0.00   10.00   10.00   clock __VIRTUAL_CLK__ (rise edge)
                          0.00   10.00   clock network delay (ideal)
                         -0.25    9.75   clock uncertainty
                          0.00    9.75   clock reconvergence pessimism
                         -2.00    7.75   output external delay
                                  7.75   data required time
-----------------------------------------------------------------------------
                                  7.75   data required time
                                 -3.17   data arrival time
-----------------------------------------------------------------------------
                                  4.58   slack (MET)



======================= Slowest Corner ===================================

Startpoint: in[1] (input port clocked by __VIRTUAL_CLK__)
Endpoint: out[6] (output port clocked by __VIRTUAL_CLK__)
Path Group: __VIRTUAL_CLK__
Path Type: max
Corner: Slowest

Fanout     Cap    Slew   Delay    Time   Description
-----------------------------------------------------------------------------
                  0.00    0.00    0.00   clock __VIRTUAL_CLK__ (rise edge)
                          0.00    0.00   clock network delay (ideal)
                          2.00    2.00 v input external delay
     1    0.00    0.02    0.01    2.01 v in[1] (in)
                                         in[1] (net)
                  0.02    0.00    2.01 v input2/A (sky130_fd_sc_hd__dlymetal6s2s_1)
     4    0.02    0.19    0.38    2.39 v input2/X (sky130_fd_sc_hd__dlymetal6s2s_1)
                                         net2 (net)
                  0.19    0.00    2.39 v _09_/C (sky130_fd_sc_hd__or4_2)
     5    0.01    0.30    1.73    4.12 v _09_/X (sky130_fd_sc_hd__or4_2)
                                         _00_ (net)
                  0.30    0.00    4.12 v _15_/D (sky130_fd_sc_hd__or4_1)
     2    0.01    0.26    1.22    5.34 v _15_/X (sky130_fd_sc_hd__or4_1)
                                         _04_ (net)
                  0.26    0.00    5.34 v _16_/B (sky130_fd_sc_hd__and2b_1)
     1    0.01    0.09    0.46    5.79 v _16_/X (sky130_fd_sc_hd__and2b_1)
                                         _05_ (net)
                  0.09    0.00    5.79 v _17_/A (sky130_fd_sc_hd__clkbuf_1)
     1    0.01    0.12    0.24    6.03 v _17_/X (sky130_fd_sc_hd__clkbuf_1)
                                         net15 (net)
                  0.12    0.00    6.03 v output15/A (sky130_fd_sc_hd__buf_2)
     1    0.03    0.16    0.39    6.42 v output15/X (sky130_fd_sc_hd__buf_2)
                                         out[6] (net)
                  0.16    0.00    6.42 v out[6] (out)
                                  6.42   data arrival time

                  0.00   10.00   10.00   clock __VIRTUAL_CLK__ (rise edge)
                          0.00   10.00   clock network delay (ideal)
                         -0.25    9.75   clock uncertainty
                          0.00    9.75   clock reconvergence pessimism
                         -2.00    7.75   output external delay
                                  7.75   data required time
-----------------------------------------------------------------------------
                                  7.75   data required time
                                 -6.42   data arrival time
-----------------------------------------------------------------------------
                                  1.33   slack (MET)



======================= Typical Corner ===================================

Startpoint: in[1] (input port clocked by __VIRTUAL_CLK__)
Endpoint: out[6] (output port clocked by __VIRTUAL_CLK__)
Path Group: __VIRTUAL_CLK__
Path Type: max
Corner: Typical

Fanout     Cap    Slew   Delay    Time   Description
-----------------------------------------------------------------------------
                  0.00    0.00    0.00   clock __VIRTUAL_CLK__ (rise edge)
                          0.00    0.00   clock network delay (ideal)
                          2.00    2.00 v input external delay
     1    0.00    0.01    0.00    2.00 v in[1] (in)
                                         in[1] (net)
                  0.01    0.00    2.00 v input2/A (sky130_fd_sc_hd__dlymetal6s2s_1)
     4    0.02    0.10    0.19    2.19 v input2/X (sky130_fd_sc_hd__dlymetal6s2s_1)
                                         net2 (net)
                  0.10    0.00    2.19 v _09_/C (sky130_fd_sc_hd__or4_2)
     5    0.01    0.14    0.73    2.92 v _09_/X (sky130_fd_sc_hd__or4_2)
                                         _00_ (net)
                  0.14    0.00    2.92 v _15_/D (sky130_fd_sc_hd__or4_1)
     2    0.01    0.13    0.51    3.43 v _15_/X (sky130_fd_sc_hd__or4_1)
                                         _04_ (net)
                  0.13    0.00    3.43 v _16_/B (sky130_fd_sc_hd__and2b_1)
     1    0.01    0.04    0.21    3.64 v _16_/X (sky130_fd_sc_hd__and2b_1)
                                         _05_ (net)
                  0.04    0.00    3.64 v _17_/A (sky130_fd_sc_hd__clkbuf_1)
     1    0.01    0.06    0.12    3.76 v _17_/X (sky130_fd_sc_hd__clkbuf_1)
                                         net15 (net)
                  0.06    0.00    3.76 v output15/A (sky130_fd_sc_hd__buf_2)
     1    0.03    0.09    0.20    3.96 v output15/X (sky130_fd_sc_hd__buf_2)
                                         out[6] (net)
                  0.09    0.00    3.96 v out[6] (out)
                                  3.96   data arrival time

                  0.00   10.00   10.00   clock __VIRTUAL_CLK__ (rise edge)
                          0.00   10.00   clock network delay (ideal)
                         -0.25    9.75   clock uncertainty
                          0.00    9.75   clock reconvergence pessimism
                         -2.00    7.75   output external delay
                                  7.75   data required time
-----------------------------------------------------------------------------
                                  7.75   data required time
                                 -3.96   data arrival time
-----------------------------------------------------------------------------
                                  3.79   slack (MET)




===========================================================================
report_checks --slack_max -0.01
============================================================================
======================= Fastest Corner ===================================

No paths found.

======================= Slowest Corner ===================================

No paths found.

======================= Typical Corner ===================================

No paths found.


===========================================================================
 report_check_types -max_slew -max_cap -max_fanout -violators
============================================================================
======================= Fastest Corner ===================================


max slew violations count Fastest: 0
max fanout violations count Fastest: 0
max cap violations count Fastest: 0
======================= Slowest Corner ===================================


max slew violations count Slowest: 0
max fanout violations count Slowest: 0
max cap violations count Slowest: 0
======================= Typical Corner ===================================


max slew violations count Typical: 0
max fanout violations count Typical: 0
max cap violations count Typical: 0

===========================================================================
report_parasitic_annotation -report_unannotated
============================================================================
Found 0 unannotated drivers.
Found 0 partially unannotated drivers.

===========================================================================
max slew violation count 0
max fanout violation count 0
max cap violation count 0
============================================================================

===========================================================================
check_setup -verbose -unconstrained_endpoints -multiple_clock -no_clock -no_input_delay -loops -generated_clocks
===========================================================================
