OpenROAD b16bda7e82721d10566ff7e2b68f1ff0be9f9e38 
Features included (+) or not (-): +Charts +GPU +GUI +Python
This program is licensed under the BSD-3 license. See the LICENSE file for details.
Components of this program may be licensed under more restrictive licenses which must be honored.
[INFO ODB-0227] LEF file: /openlane/designs/zero_to_five_counter/runs/RUN_2025.05.23_01.02.15/tmp/merged.min.lef, created 13 layers, 25 vias, 441 library cells
[INFO ODB-0127] Reading DEF file: /openlane/designs/zero_to_five_counter/runs/RUN_2025.05.23_01.02.15/results/routing/zero_to_five_counter.def
[INFO ODB-0128] Design: zero_to_five_counter
[INFO ODB-0130]     Created 7 pins.
[INFO ODB-0131]     Created 706 components and 3334 component-terminals.
[INFO ODB-0132]     Created 2 special nets and 2688 connections.
[INFO ODB-0133]     Created 204 nets and 643 connections.
[INFO ODB-0134] Finished DEF file: /openlane/designs/zero_to_five_counter/runs/RUN_2025.05.23_01.02.15/results/routing/zero_to_five_counter.def
define_corners Typical
read_liberty -corner Typical /Users/macpro/.volare/sky130A/libs.ref/sky130_fd_sc_hd/lib/sky130_fd_sc_hd__tt_025C_1v80.lib
Using 1e-12 for capacitance...
Using 1e+03 for resistance...
Using 1e-09 for time...
Using 1e+00 for voltage...
Using 1e-03 for current...
Using 1e-09 for power...
Using 1e-06 for distance...
Using RCX ruleset '/Users/macpro/.volare/sky130A/libs.tech/openlane/rules.openrcx.sky130A.min.calibre'...
[INFO RCX-0431] Defined process_corner X with ext_model_index 0
[INFO RCX-0029] Defined extraction corner X
[INFO RCX-0008] extracting parasitics of zero_to_five_counter ...
[INFO RCX-0435] Reading extraction model file /Users/macpro/.volare/sky130A/libs.tech/openlane/rules.openrcx.sky130A.min.calibre ...
[INFO RCX-0436] RC segment generation zero_to_five_counter (max_merge_res 50.0) ...
[INFO RCX-0040] Final 724 rc segments
[INFO RCX-0439] Coupling Cap extraction zero_to_five_counter ...
[INFO RCX-0440] Coupling threshhold is 0.1000 fF, coupling capacitance less than 0.1000 fF will be grounded.
[INFO RCX-0043] 2412 wires to be extracted
[INFO RCX-0442] 55% completion -- 1347 wires have been extracted
[INFO RCX-0442] 100% completion -- 2412 wires have been extracted
[INFO RCX-0045] Extract 204 nets, 928 rsegs, 928 caps, 2817 ccs
[INFO RCX-0015] Finished extracting zero_to_five_counter.
Writing result to /openlane/designs/zero_to_five_counter/runs/RUN_2025.05.23_01.02.15/results/routing/mca/process_corner_min/zero_to_five_counter.spef...
Setting global connections for newly added cells…
[WARNING] Did not save OpenROAD database!
Writing extracted parasitics to '/openlane/designs/zero_to_five_counter/runs/RUN_2025.05.23_01.02.15/results/routing/mca/process_corner_min/zero_to_five_counter.spef'…
[INFO RCX-0016] Writing SPEF ...
[INFO RCX-0443] 204 nets finished
[INFO RCX-0017] Finished writing SPEF ...
