
Magic 8.3 revision 483 - Compiled on Sun Jun  2 18:46:17 UTC 2024.
Starting magic under Tcl interpreter
Using the terminal as the console.
Using NULL graphics device.
Processing system .magicrc file
Sourcing design .magicrc for technology sky130A ...
2 Magic internal units = 1 Lambda
Input style sky130(): scaleFactor=2, multiplier=2
The following types are not handled by extraction and will be treated as non-electrical types:
    ubm 
Scaled tech values by 2 / 1 to match internal grid scaling
Loading sky130A Device Generator Menu ...
Using technology "sky130A", version 1.0.466-0-gbdc9412
Warning: Calma reading is not undoable!  I hope that's OK.
Library written using GDS-II Release 3.0
Library name: zero_to_five_counter
Reading "sky130_ef_sc_hd__decap_12".
Reading "sky130_fd_sc_hd__decap_4".
Reading "sky130_fd_sc_hd__decap_3".
Reading "sky130_fd_sc_hd__and4_2".
Reading "sky130_fd_sc_hd__and3b_1".
Reading "sky130_fd_sc_hd__fill_1".
Reading "sky130_fd_sc_hd__tapvpwrvgnd_1".
Reading "sky130_fd_sc_hd__decap_6".
Reading "sky130_fd_sc_hd__dfrtp_2".
Reading "sky130_fd_sc_hd__dfrtp_1".
Reading "sky130_fd_sc_hd__decap_8".
Reading "sky130_fd_sc_hd__and2_1".
Reading "sky130_fd_sc_hd__buf_4".
Reading "sky130_fd_sc_hd__clkbuf_1".
Reading "sky130_fd_sc_hd__or4b_2".
Reading "sky130_fd_sc_hd__fill_2".
Reading "sky130_fd_sc_hd__and3_1".
Reading "sky130_fd_sc_hd__inv_2".
Reading "sky130_fd_sc_hd__buf_1".
Reading "sky130_fd_sc_hd__a21o_1".
Reading "sky130_fd_sc_hd__dfrtp_4".
Reading "sky130_fd_sc_hd__or2_1".
Reading "sky130_fd_sc_hd__and3_2".
Reading "sky130_fd_sc_hd__nand2_1".
Reading "sky130_fd_sc_hd__clkbuf_16".
Reading "sky130_fd_sc_hd__clkbuf_4".
Reading "sky130_fd_sc_hd__buf_2".
Reading "sky130_fd_sc_hd__nand3_1".
Reading "sky130_fd_sc_hd__a31o_1".
Reading "sky130_fd_sc_hd__or3_1".
Reading "sky130_fd_sc_hd__and2_2".
Reading "sky130_fd_sc_hd__o211a_1".
Reading "sky130_fd_sc_hd__a21boi_1".
Reading "sky130_fd_sc_hd__o31a_1".
Reading "sky130_fd_sc_hd__nor3_1".
Reading "sky130_fd_sc_hd__a22oi_4".
Reading "sky130_fd_sc_hd__and4b_2".
Reading "sky130_fd_sc_hd__bufinv_16".
Reading "sky130_fd_sc_hd__xnor2_1".
Reading "sky130_fd_sc_hd__or3b_1".
Reading "sky130_fd_sc_hd__and2b_1".
Reading "sky130_fd_sc_hd__or4_1".
Reading "zero_to_five_counter".
[INFO]: Loading zero_to_five_counter

DRC style is now "drc(full)"
Loading DRC CIF style.
No errors found.
[INFO]: COUNT: 0
[INFO]: Should be divided by 3 or 4
[INFO]: DRC Checking DONE (/openlane/designs/zero_to_five_counter/runs/RUN_2025.05.23_01.02.15/reports/signoff/drc.rpt)
[INFO]: Saving mag view with DRC errors (/openlane/designs/zero_to_five_counter/runs/RUN_2025.05.23_01.02.15/results/signoff/zero_to_five_counter.drc.mag)
[INFO]: Saved
