
===========================================================================
 report_power
============================================================================
======================= Fastest Corner ===================================

Group                  Internal  Switching    Leakage      Total
                          Power      Power      Power      Power (Watts)
----------------------------------------------------------------
Sequential             1.02e-04   0.00e+00   3.18e-10   1.02e-04  51.9%
Combinational          0.00e+00   0.00e+00   9.14e-10   9.14e-10   0.0%
Clock                  6.00e-05   3.45e-05   2.20e-09   9.45e-05  48.1%
Macro                  0.00e+00   0.00e+00   0.00e+00   0.00e+00   0.0%
Pad                    0.00e+00   0.00e+00   0.00e+00   0.00e+00   0.0%
----------------------------------------------------------------
Total                  1.62e-04   3.45e-05   3.43e-09   1.96e-04 100.0%
                          82.4%      17.6%       0.0%

======================= Slowest Corner ===================================

Group                  Internal  Switching    Leakage      Total
                          Power      Power      Power      Power (Watts)
----------------------------------------------------------------
Sequential             6.79e-05   0.00e+00   2.98e-07   6.82e-05  51.1%
Combinational          0.00e+00   0.00e+00   4.85e-07   4.85e-07   0.4%
Clock                  4.27e-05   2.20e-05   5.91e-08   6.47e-05  48.5%
Macro                  0.00e+00   0.00e+00   0.00e+00   0.00e+00   0.0%
Pad                    0.00e+00   0.00e+00   0.00e+00   0.00e+00   0.0%
----------------------------------------------------------------
Total                  1.11e-04   2.20e-05   8.42e-07   1.33e-04 100.0%
                          82.9%      16.5%       0.6%

======================= Typical Corner ===================================

Group                  Internal  Switching    Leakage      Total
                          Power      Power      Power      Power (Watts)
----------------------------------------------------------------
Sequential             8.77e-05   0.00e+00   1.77e-10   8.77e-05  51.9%
Combinational          0.00e+00   0.00e+00   4.60e-10   4.60e-10   0.0%
Clock                  5.24e-05   2.90e-05   2.05e-09   8.13e-05  48.1%
Macro                  0.00e+00   0.00e+00   0.00e+00   0.00e+00   0.0%
Pad                    0.00e+00   0.00e+00   0.00e+00   0.00e+00   0.0%
----------------------------------------------------------------
Total                  1.40e-04   2.90e-05   2.69e-09   1.69e-04 100.0%
                          82.9%      17.1%       0.0%

