Wed May 07 23:45:04 +0000 2025 - Executing "{openroad -exit -no_init -python /openlane/scripts/odbpy/lefutil.py get_metal_layers -o /openlane/designs/my_second_design/runs/RUN_2025.05.07_23.45.03/tmp/layers.list /Users/onurakkaya/.volare/sky130A/libs.ref/sky130_fd_sc_hd/techlef/sky130_fd_sc_hd__nom.tlef}"

Wed May 07 23:45:06 +0000 2025 - Executing "{/openlane/scripts/mergeLef.py -o /openlane/designs/my_second_design/runs/RUN_2025.05.07_23.45.03/tmp/merged.nom.lef -i /Users/onurakkaya/.volare/sky130A/libs.ref/sky130_fd_sc_hd/techlef/sky130_fd_sc_hd__nom.tlef {/Users/onurakkaya/.volare/sky130A/libs.ref/sky130_fd_sc_hd/lef/sky130_ef_sc_hd.lef /Users/onurakkaya/.volare/sky130A/libs.ref/sky130_fd_sc_hd/lef/sky130_fd_sc_hd.lef} |& tee /dev/null}"

Wed May 07 23:45:06 +0000 2025 - Executing "{/openlane/scripts/mergeLef.py -o /openlane/designs/my_second_design/runs/RUN_2025.05.07_23.45.03/tmp/merged.min.lef -i /Users/onurakkaya/.volare/sky130A/libs.ref/sky130_fd_sc_hd/techlef/sky130_fd_sc_hd__min.tlef {/Users/onurakkaya/.volare/sky130A/libs.ref/sky130_fd_sc_hd/lef/sky130_ef_sc_hd.lef /Users/onurakkaya/.volare/sky130A/libs.ref/sky130_fd_sc_hd/lef/sky130_fd_sc_hd.lef} |& tee /dev/null}"

Wed May 07 23:45:06 +0000 2025 - Executing "{/openlane/scripts/mergeLef.py -o /openlane/designs/my_second_design/runs/RUN_2025.05.07_23.45.03/tmp/merged.max.lef -i /Users/onurakkaya/.volare/sky130A/libs.ref/sky130_fd_sc_hd/techlef/sky130_fd_sc_hd__max.tlef {/Users/onurakkaya/.volare/sky130A/libs.ref/sky130_fd_sc_hd/lef/sky130_ef_sc_hd.lef /Users/onurakkaya/.volare/sky130A/libs.ref/sky130_fd_sc_hd/lef/sky130_fd_sc_hd.lef} |& tee /dev/null}"

Wed May 07 23:45:06 +0000 2025 - Executing "{python3 /openlane/scripts/mergeLib.py --output /openlane/designs/my_second_design/runs/RUN_2025.05.07_23.45.03/tmp/synthesis/merged.lib --name sky130A_merged /Users/onurakkaya/.volare/sky130A/libs.ref/sky130_fd_sc_hd/lib/sky130_fd_sc_hd__tt_025C_1v80.lib}"

Wed May 07 23:45:06 +0000 2025 - Executing "{python3 /openlane/scripts/libtrim.py --cell-file /openlane/designs/my_second_design/runs/RUN_2025.05.07_23.45.03/tmp/synthesis/trimmed.lib.exclude.list --output /openlane/designs/my_second_design/runs/RUN_2025.05.07_23.45.03/tmp/synthesis/trimmed.lib /openlane/designs/my_second_design/runs/RUN_2025.05.07_23.45.03/tmp/synthesis/merged.lib}"

Wed May 07 23:45:07 +0000 2025 - Executing "{python3 /openlane/scripts/libtrim.py --cell-file /openlane/designs/my_second_design/runs/RUN_2025.05.07_23.45.03/tmp/cts/cts.lib.exclude.list --output /openlane/designs/my_second_design/runs/RUN_2025.05.07_23.45.03/tmp/cts/cts.lib /Users/onurakkaya/.volare/sky130A/libs.ref/sky130_fd_sc_hd/lib/sky130_fd_sc_hd__tt_025C_1v80.lib}"

Wed May 07 23:45:08 +0000 2025 - Executing "{python3 /openlane/scripts/libtrim.py --cell-file /openlane/designs/my_second_design/runs/RUN_2025.05.07_23.45.03/tmp/cts/cts-fastest.lib.exclude.list --output /openlane/designs/my_second_design/runs/RUN_2025.05.07_23.45.03/tmp/cts/cts-fastest.lib /Users/onurakkaya/.volare/sky130A/libs.ref/sky130_fd_sc_hd/lib/sky130_fd_sc_hd__ff_n40C_1v95.lib}"

Wed May 07 23:45:12 +0000 2025 - Executing "{python3 /openlane/scripts/libtrim.py --cell-file /openlane/designs/my_second_design/runs/RUN_2025.05.07_23.45.03/tmp/cts/cts-slowest.lib.exclude.list --output /openlane/designs/my_second_design/runs/RUN_2025.05.07_23.45.03/tmp/cts/cts-slowest.lib /Users/onurakkaya/.volare/sky130A/libs.ref/sky130_fd_sc_hd/lib/sky130_fd_sc_hd__ss_100C_1v60.lib}"

Wed May 07 23:45:13 +0000 2025 - Executing "{python3 /openlane/scripts/new_tracks.py -i /Users/onurakkaya/.volare/sky130A/libs.tech/openlane/sky130_fd_sc_hd/tracks.info -o /openlane/designs/my_second_design/runs/RUN_2025.05.07_23.45.03/tmp/routing/config.tracks}"

Wed May 07 23:45:13 +0000 2025 - Executing "{echo {OpenLane e73fb3c57e687a0023fcd4dcfd1566ecd478362a} > /openlane/designs/my_second_design/runs/RUN_2025.05.07_23.45.03/OPENLANE_COMMIT}"

Wed May 07 23:45:13 +0000 2025 - Executing "{yosys -c /openlane/scripts/yosys/blackbox.tcl}"

Wed May 07 23:45:14 +0000 2025 - Executing "{verilator -Wall --lint-only --Wno-DECLFILENAME --top-module ALU /openlane/designs/my_second_design/runs/RUN_2025.05.07_23.45.03/tmp/synthesis/blackbox/sky130_fd_sc_hd__blackbox.v /openlane/designs/my_second_design/src/ALU.v -Wno-fatal --relative-includes |& tee /openlane/designs/my_second_design/runs/RUN_2025.05.07_23.45.03/logs/synthesis/linter.log /dev/null}"

Wed May 07 23:45:14 +0000 2025 - Executing "{sed -E {s/^([[:space:]]+)pg_pin(.*)/\1pin\2\n\1    direction : "inout";/g} /Users/onurakkaya/.volare/sky130A/libs.ref/sky130_fd_sc_hd/lib/sky130_fd_sc_hd__tt_025C_1v80.lib > /openlane/designs/my_second_design/runs/RUN_2025.05.07_23.45.03/tmp/synthesis/1-sky130_fd_sc_hd__tt_025C_1v80.no_pg.lib}"

Wed May 07 23:45:15 +0000 2025 - Executing "{sed -E {s/^([[:space:]]+)pg_pin(.*)/\1pin\2\n\1    direction : "inout";/g} /openlane/designs/my_second_design/runs/RUN_2025.05.07_23.45.03/tmp/synthesis/trimmed.lib > /openlane/designs/my_second_design/runs/RUN_2025.05.07_23.45.03/tmp/synthesis/1-trimmed.no_pg.lib}"

Wed May 07 23:45:15 +0000 2025 - Executing "yosys -c /openlane/scripts/yosys/synth.tcl |& tee /dev/null /openlane/designs/my_second_design/runs/RUN_2025.05.07_23.45.03/logs/synthesis/1-synthesis.log"

Wed May 07 23:45:15 +0000 2025 - Executing "{yosys -c /openlane/scripts/yosys/synth.tcl |& tee /dev/null /openlane/designs/my_second_design/runs/RUN_2025.05.07_23.45.03/logs/synthesis/1-synthesis.log}"

Wed May 07 23:45:17 +0000 2025 - Executing "{sed -i.bak -e {s/\(set ::env(CURRENT_NETLIST)\).*/\1 \/openlane\/designs\/my_second_design\/runs\/RUN_2025.05.07_23.45.03\/results\/synthesis\/ALU.v/} /openlane/designs/my_second_design/runs/RUN_2025.05.07_23.45.03/config.tcl}"

Wed May 07 23:45:17 +0000 2025 - Executing "{sed -i.bak /defparam/d /openlane/designs/my_second_design/runs/RUN_2025.05.07_23.45.03/results/synthesis/ALU.v}"

Wed May 07 23:45:18 +0000 2025 - Executing "sta -exit -no_init /openlane/scripts/openroad/sta/multi_corner.tcl |& tee /dev/null /openlane/designs/my_second_design/runs/RUN_2025.05.07_23.45.03/logs/synthesis/2-sta.log"

Wed May 07 23:45:18 +0000 2025 - Executing "{sta -exit -no_init /openlane/scripts/openroad/sta/multi_corner.tcl |& tee /dev/null /openlane/designs/my_second_design/runs/RUN_2025.05.07_23.45.03/logs/synthesis/2-sta.log}"

Wed May 07 23:45:18 +0000 2025 - Executing "openroad -exit /openlane/scripts/openroad/floorplan.tcl |& tee /dev/null /openlane/designs/my_second_design/runs/RUN_2025.05.07_23.45.03/logs/floorplan/3-initial_fp.log"

Wed May 07 23:45:18 +0000 2025 - Executing "{openroad -exit /openlane/scripts/openroad/floorplan.tcl |& tee /dev/null /openlane/designs/my_second_design/runs/RUN_2025.05.07_23.45.03/logs/floorplan/3-initial_fp.log}"

Wed May 07 23:45:20 +0000 2025 - Executing "{openroad -exit -no_init -python /openlane/scripts/odbpy/defutil.py extract_core_dims --output-data /openlane/designs/my_second_design/runs/RUN_2025.05.07_23.45.03/tmp/dimensions.txt --input-lef /openlane/designs/my_second_design/runs/RUN_2025.05.07_23.45.03/tmp/merged.nom.lef /openlane/designs/my_second_design/runs/RUN_2025.05.07_23.45.03/tmp/floorplan/3-initial_fp.def}"

Wed May 07 23:45:20 +0000 2025 - Executing "{openroad -exit -no_init -python /openlane/scripts/odbpy/io_place.py --config /openlane/designs/my_second_design/pin_order.cfg --hor-layer met3 --ver-layer met2 --ver-width-mult 2 --hor-width-mult 2 --hor-extension 0 --ver-extension 0 --length 4 --unmatched-error --input-lef /openlane/designs/my_second_design/runs/RUN_2025.05.07_23.45.03/tmp/merged.nom.lef --output-def /openlane/designs/my_second_design/runs/RUN_2025.05.07_23.45.03/tmp/floorplan/4-io.def --output /openlane/designs/my_second_design/runs/RUN_2025.05.07_23.45.03/tmp/floorplan/4-io.odb /openlane/designs/my_second_design/runs/RUN_2025.05.07_23.45.03/tmp/floorplan/3-initial_fp.odb |& tee /dev/null /openlane/designs/my_second_design/runs/RUN_2025.05.07_23.45.03/logs/floorplan/4-place_io.log}"

Wed May 07 23:45:21 +0000 2025 - Executing "openroad -exit /openlane/scripts/openroad/tapcell.tcl |& tee /dev/null /openlane/designs/my_second_design/runs/RUN_2025.05.07_23.45.03/logs/floorplan/5-tap.log"

Wed May 07 23:45:21 +0000 2025 - Executing "{openroad -exit /openlane/scripts/openroad/tapcell.tcl |& tee /dev/null /openlane/designs/my_second_design/runs/RUN_2025.05.07_23.45.03/logs/floorplan/5-tap.log}"

Wed May 07 23:45:22 +0000 2025 - Executing "openroad -exit /openlane/scripts/openroad/pdn.tcl |& tee /dev/null /openlane/designs/my_second_design/runs/RUN_2025.05.07_23.45.03/logs/floorplan/6-pdn.log"

Wed May 07 23:45:22 +0000 2025 - Executing "{openroad -exit /openlane/scripts/openroad/pdn.tcl |& tee /dev/null /openlane/designs/my_second_design/runs/RUN_2025.05.07_23.45.03/logs/floorplan/6-pdn.log}"

Wed May 07 23:45:23 +0000 2025 - Executing "{openroad -exit -no_init -python /openlane/scripts/odbpy/random_place.py --input-lef /openlane/designs/my_second_design/runs/RUN_2025.05.07_23.45.03/tmp/merged.nom.lef --output-def /openlane/designs/my_second_design/runs/RUN_2025.05.07_23.45.03/tmp/placement/7-global.def --output /openlane/designs/my_second_design/runs/RUN_2025.05.07_23.45.03/tmp/placement/7-global.odb /openlane/designs/my_second_design/runs/RUN_2025.05.07_23.45.03/results/floorplan/ALU.odb |& tee /dev/null /openlane/designs/my_second_design/runs/RUN_2025.05.07_23.45.03/logs/placement/7-global.log}"

Wed May 07 23:45:24 +0000 2025 - Executing "openroad -exit /openlane/scripts/openroad/resizer.tcl |& tee /dev/null /openlane/designs/my_second_design/runs/RUN_2025.05.07_23.45.03/logs/placement/8-resizer.log"

Wed May 07 23:45:24 +0000 2025 - Executing "{openroad -exit /openlane/scripts/openroad/resizer.tcl |& tee /dev/null /openlane/designs/my_second_design/runs/RUN_2025.05.07_23.45.03/logs/placement/8-resizer.log}"

Wed May 07 23:45:27 +0000 2025 - Executing "{sed -i.bak -e {s/\(set ::env(CURRENT_NETLIST)\).*/\1 \/openlane\/designs\/my_second_design\/runs\/RUN_2025.05.07_23.45.03\/tmp\/placement\/8-resizer.nl.v/} /openlane/designs/my_second_design/runs/RUN_2025.05.07_23.45.03/config.tcl}"

Wed May 07 23:45:27 +0000 2025 - Executing "openroad -exit /openlane/scripts/openroad/dpl.tcl |& tee /dev/null /openlane/designs/my_second_design/runs/RUN_2025.05.07_23.45.03/logs/placement/9-detailed.log"

Wed May 07 23:45:27 +0000 2025 - Executing "{openroad -exit /openlane/scripts/openroad/dpl.tcl |& tee /dev/null /openlane/designs/my_second_design/runs/RUN_2025.05.07_23.45.03/logs/placement/9-detailed.log}"

Wed May 07 23:45:28 +0000 2025 - Executing "{sed -i.bak -e {s/\(set ::env(CURRENT_NETLIST)\).*/\1 \/openlane\/designs\/my_second_design\/runs\/RUN_2025.05.07_23.45.03\/results\/placement\/ALU.nl.v/} /openlane/designs/my_second_design/runs/RUN_2025.05.07_23.45.03/config.tcl}"

Wed May 07 23:45:28 +0000 2025 - Executing "openroad -exit /openlane/scripts/openroad/sta/multi_corner.tcl |& tee /dev/null /openlane/designs/my_second_design/runs/RUN_2025.05.07_23.45.03/logs/placement/10-dpl_sta.log"

Wed May 07 23:45:28 +0000 2025 - Executing "{openroad -exit /openlane/scripts/openroad/sta/multi_corner.tcl |& tee /dev/null /openlane/designs/my_second_design/runs/RUN_2025.05.07_23.45.03/logs/placement/10-dpl_sta.log}"

Wed May 07 23:45:29 +0000 2025 - Executing "openroad -exit /openlane/scripts/openroad/cts.tcl |& tee /dev/null /openlane/designs/my_second_design/runs/RUN_2025.05.07_23.45.03/logs/cts/11-cts.log"

Wed May 07 23:45:29 +0000 2025 - Executing "{openroad -exit /openlane/scripts/openroad/cts.tcl |& tee /dev/null /openlane/designs/my_second_design/runs/RUN_2025.05.07_23.45.03/logs/cts/11-cts.log}"

Wed May 07 23:45:39 +0000 2025 - Executing "openroad -exit /openlane/scripts/openroad/sta/multi_corner.tcl |& tee /dev/null /openlane/designs/my_second_design/runs/RUN_2025.05.07_23.45.03/logs/cts/12-cts_sta.log"

Wed May 07 23:45:39 +0000 2025 - Executing "{openroad -exit /openlane/scripts/openroad/sta/multi_corner.tcl |& tee /dev/null /openlane/designs/my_second_design/runs/RUN_2025.05.07_23.45.03/logs/cts/12-cts_sta.log}"

Wed May 07 23:45:40 +0000 2025 - Executing "openroad -exit /openlane/scripts/openroad/resizer_timing.tcl |& tee /dev/null /openlane/designs/my_second_design/runs/RUN_2025.05.07_23.45.03/logs/cts/13-resizer.log"

Wed May 07 23:45:40 +0000 2025 - Executing "{openroad -exit /openlane/scripts/openroad/resizer_timing.tcl |& tee /dev/null /openlane/designs/my_second_design/runs/RUN_2025.05.07_23.45.03/logs/cts/13-resizer.log}"

Wed May 07 23:45:43 +0000 2025 - Executing "{sed -i.bak -e {s/\(set ::env(CURRENT_NETLIST)\).*/\1 \/openlane\/designs\/my_second_design\/runs\/RUN_2025.05.07_23.45.03\/tmp\/cts\/13-ALU.resized.nl.v/} /openlane/designs/my_second_design/runs/RUN_2025.05.07_23.45.03/config.tcl}"

Wed May 07 23:45:43 +0000 2025 - Executing "openroad -exit /openlane/scripts/openroad/resizer_routing_design.tcl |& tee /dev/null /openlane/designs/my_second_design/runs/RUN_2025.05.07_23.45.03/logs/routing/14-resizer_design.log"

Wed May 07 23:45:43 +0000 2025 - Executing "{openroad -exit /openlane/scripts/openroad/resizer_routing_design.tcl |& tee /dev/null /openlane/designs/my_second_design/runs/RUN_2025.05.07_23.45.03/logs/routing/14-resizer_design.log}"

Wed May 07 23:45:46 +0000 2025 - Executing "{sed -i.bak -e {s/\(set ::env(CURRENT_NETLIST)\).*/\1 \/openlane\/designs\/my_second_design\/runs\/RUN_2025.05.07_23.45.03\/tmp\/14-ALU.nl.v/} /openlane/designs/my_second_design/runs/RUN_2025.05.07_23.45.03/config.tcl}"

Wed May 07 23:45:46 +0000 2025 - Executing "openroad -exit /openlane/scripts/openroad/sta/multi_corner.tcl |& tee /dev/null /openlane/designs/my_second_design/runs/RUN_2025.05.07_23.45.03/logs/routing/15-rsz_design_sta.log"

Wed May 07 23:45:46 +0000 2025 - Executing "{openroad -exit /openlane/scripts/openroad/sta/multi_corner.tcl |& tee /dev/null /openlane/designs/my_second_design/runs/RUN_2025.05.07_23.45.03/logs/routing/15-rsz_design_sta.log}"

Wed May 07 23:45:47 +0000 2025 - Executing "openroad -exit /openlane/scripts/openroad/resizer_routing_timing.tcl |& tee /dev/null /openlane/designs/my_second_design/runs/RUN_2025.05.07_23.45.03/logs/routing/16-resizer_timing.log"

Wed May 07 23:45:47 +0000 2025 - Executing "{openroad -exit /openlane/scripts/openroad/resizer_routing_timing.tcl |& tee /dev/null /openlane/designs/my_second_design/runs/RUN_2025.05.07_23.45.03/logs/routing/16-resizer_timing.log}"

Wed May 07 23:45:50 +0000 2025 - Executing "{sed -i.bak -e {s/\(set ::env(CURRENT_NETLIST)\).*/\1 \/openlane\/designs\/my_second_design\/runs\/RUN_2025.05.07_23.45.03\/tmp\/16-ALU.nl.v/} /openlane/designs/my_second_design/runs/RUN_2025.05.07_23.45.03/config.tcl}"

Wed May 07 23:45:50 +0000 2025 - Executing "openroad -exit /openlane/scripts/openroad/sta/multi_corner.tcl |& tee /dev/null /openlane/designs/my_second_design/runs/RUN_2025.05.07_23.45.03/logs/routing/17-rsz_timing_sta.log"

Wed May 07 23:45:50 +0000 2025 - Executing "{openroad -exit /openlane/scripts/openroad/sta/multi_corner.tcl |& tee /dev/null /openlane/designs/my_second_design/runs/RUN_2025.05.07_23.45.03/logs/routing/17-rsz_timing_sta.log}"

Wed May 07 23:45:51 +0000 2025 - Executing "openroad -exit /openlane/scripts/openroad/repair_antennas.tcl |& tee /dev/null /openlane/designs/my_second_design/runs/RUN_2025.05.07_23.45.03/logs/routing/18-global.log"

Wed May 07 23:45:51 +0000 2025 - Executing "{openroad -exit /openlane/scripts/openroad/repair_antennas.tcl |& tee /dev/null /openlane/designs/my_second_design/runs/RUN_2025.05.07_23.45.03/logs/routing/18-global.log}"

Wed May 07 23:45:52 +0000 2025 - Executing "openroad -exit /openlane/scripts/openroad/write_views.tcl |& tee /dev/null /openlane/designs/my_second_design/runs/RUN_2025.05.07_23.45.03/logs/routing/18-global_write_netlist.log"

Wed May 07 23:45:52 +0000 2025 - Executing "{openroad -exit /openlane/scripts/openroad/write_views.tcl |& tee /dev/null /openlane/designs/my_second_design/runs/RUN_2025.05.07_23.45.03/logs/routing/18-global_write_netlist.log}"

Wed May 07 23:45:53 +0000 2025 - Executing "{sed -i.bak -e {s/\(set ::env(CURRENT_NETLIST)\).*/\1 \/openlane\/designs\/my_second_design\/runs\/RUN_2025.05.07_23.45.03\/tmp\/routing\/global.nl.v/} /openlane/designs/my_second_design/runs/RUN_2025.05.07_23.45.03/config.tcl}"

Wed May 07 23:45:53 +0000 2025 - Executing "openroad -exit /openlane/scripts/openroad/sta/multi_corner.tcl |& tee /dev/null /openlane/designs/my_second_design/runs/RUN_2025.05.07_23.45.03/logs/routing/20-grt_sta.log"

Wed May 07 23:45:53 +0000 2025 - Executing "{openroad -exit /openlane/scripts/openroad/sta/multi_corner.tcl |& tee /dev/null /openlane/designs/my_second_design/runs/RUN_2025.05.07_23.45.03/logs/routing/20-grt_sta.log}"

Wed May 07 23:45:54 +0000 2025 - Executing "openroad -exit /openlane/scripts/openroad/fill.tcl |& tee /dev/null /openlane/designs/my_second_design/runs/RUN_2025.05.07_23.45.03/logs/routing/21-fill.log"

Wed May 07 23:45:54 +0000 2025 - Executing "{openroad -exit /openlane/scripts/openroad/fill.tcl |& tee /dev/null /openlane/designs/my_second_design/runs/RUN_2025.05.07_23.45.03/logs/routing/21-fill.log}"

Wed May 07 23:45:54 +0000 2025 - Executing "{sed -i.bak -e {s/\(set ::env(CURRENT_NETLIST)\).*/\1 \/openlane\/designs\/my_second_design\/runs\/RUN_2025.05.07_23.45.03\/tmp\/routing\/21-fill.nl.v/} /openlane/designs/my_second_design/runs/RUN_2025.05.07_23.45.03/config.tcl}"

Wed May 07 23:45:55 +0000 2025 - Executing "openroad -exit -metrics /openlane/designs/my_second_design/runs/RUN_2025.05.07_23.45.03/reports/routing/22-drt_metrics.json /openlane/scripts/openroad/droute.tcl |& tee /dev/null /openlane/designs/my_second_design/runs/RUN_2025.05.07_23.45.03/logs/routing/22-detailed.log"

Wed May 07 23:45:55 +0000 2025 - Executing "{openroad -exit -metrics /openlane/designs/my_second_design/runs/RUN_2025.05.07_23.45.03/reports/routing/22-drt_metrics.json /openlane/scripts/openroad/droute.tcl |& tee /dev/null /openlane/designs/my_second_design/runs/RUN_2025.05.07_23.45.03/logs/routing/22-detailed.log}"

Wed May 07 23:49:11 +0000 2025 - Executing "{sed -i.bak -e {s/\(set ::env(CURRENT_NETLIST)\).*/\1 \/openlane\/designs\/my_second_design\/runs\/RUN_2025.05.07_23.45.03\/results\/routing\/ALU.nl.v/} /openlane/designs/my_second_design/runs/RUN_2025.05.07_23.45.03/config.tcl}"

Wed May 07 23:49:11 +0000 2025 - Executing "{python3 /openlane/scripts/drc_rosetta.py tr to_klayout -o /openlane/designs/my_second_design/runs/RUN_2025.05.07_23.45.03/reports/routing/drt.klayout.xml --design-name ALU /openlane/designs/my_second_design/runs/RUN_2025.05.07_23.45.03/reports/routing/drt.drc}"

Wed May 07 23:49:12 +0000 2025 - Executing "{openroad -exit -no_init -python /openlane/scripts/odbpy/wire_lengths.py --report-out /openlane/designs/my_second_design/runs/RUN_2025.05.07_23.45.03/reports/routing/23-wire_lengths.csv --input-lef /openlane/designs/my_second_design/runs/RUN_2025.05.07_23.45.03/tmp/merged.nom.lef --output-def /openlane/designs/my_second_design/runs/RUN_2025.05.07_23.45.03/results/routing/ALU.def --output /openlane/designs/my_second_design/runs/RUN_2025.05.07_23.45.03/results/routing/ALU.odb /openlane/designs/my_second_design/runs/RUN_2025.05.07_23.45.03/results/routing/ALU.odb |& tee /dev/null /openlane/designs/my_second_design/runs/RUN_2025.05.07_23.45.03/logs/routing/23-wire_lengths.log}"

Wed May 07 23:49:13 +0000 2025 - Executing "openroad -exit /openlane/scripts/openroad/rcx.tcl |& tee /dev/null /openlane/designs/my_second_design/runs/RUN_2025.05.07_23.45.03/logs/signoff/24-parasitics_extraction.min.log"

Wed May 07 23:49:13 +0000 2025 - Executing "{openroad -exit /openlane/scripts/openroad/rcx.tcl |& tee /dev/null /openlane/designs/my_second_design/runs/RUN_2025.05.07_23.45.03/logs/signoff/24-parasitics_extraction.min.log}"

Wed May 07 23:49:14 +0000 2025 - Executing "sta -exit -no_init /openlane/scripts/openroad/sta/multi_corner.tcl |& tee /dev/null /openlane/designs/my_second_design/runs/RUN_2025.05.07_23.45.03/logs/signoff/25-rcx_mcsta.min.log"

Wed May 07 23:49:14 +0000 2025 - Executing "{sta -exit -no_init /openlane/scripts/openroad/sta/multi_corner.tcl |& tee /dev/null /openlane/designs/my_second_design/runs/RUN_2025.05.07_23.45.03/logs/signoff/25-rcx_mcsta.min.log}"

Wed May 07 23:49:17 +0000 2025 - Executing "openroad -exit /openlane/scripts/openroad/rcx.tcl |& tee /dev/null /openlane/designs/my_second_design/runs/RUN_2025.05.07_23.45.03/logs/signoff/26-parasitics_extraction.max.log"

Wed May 07 23:49:17 +0000 2025 - Executing "{openroad -exit /openlane/scripts/openroad/rcx.tcl |& tee /dev/null /openlane/designs/my_second_design/runs/RUN_2025.05.07_23.45.03/logs/signoff/26-parasitics_extraction.max.log}"

Wed May 07 23:49:18 +0000 2025 - Executing "sta -exit -no_init /openlane/scripts/openroad/sta/multi_corner.tcl |& tee /dev/null /openlane/designs/my_second_design/runs/RUN_2025.05.07_23.45.03/logs/signoff/27-rcx_mcsta.max.log"

Wed May 07 23:49:18 +0000 2025 - Executing "{sta -exit -no_init /openlane/scripts/openroad/sta/multi_corner.tcl |& tee /dev/null /openlane/designs/my_second_design/runs/RUN_2025.05.07_23.45.03/logs/signoff/27-rcx_mcsta.max.log}"

Wed May 07 23:49:21 +0000 2025 - Executing "openroad -exit /openlane/scripts/openroad/rcx.tcl |& tee /dev/null /openlane/designs/my_second_design/runs/RUN_2025.05.07_23.45.03/logs/signoff/28-parasitics_extraction.nom.log"

Wed May 07 23:49:21 +0000 2025 - Executing "{openroad -exit /openlane/scripts/openroad/rcx.tcl |& tee /dev/null /openlane/designs/my_second_design/runs/RUN_2025.05.07_23.45.03/logs/signoff/28-parasitics_extraction.nom.log}"

Wed May 07 23:49:22 +0000 2025 - Executing "sta -exit -no_init /openlane/scripts/openroad/sta/multi_corner.tcl |& tee /dev/null /openlane/designs/my_second_design/runs/RUN_2025.05.07_23.45.03/logs/signoff/29-rcx_mcsta.nom.log"

Wed May 07 23:49:22 +0000 2025 - Executing "{sta -exit -no_init /openlane/scripts/openroad/sta/multi_corner.tcl |& tee /dev/null /openlane/designs/my_second_design/runs/RUN_2025.05.07_23.45.03/logs/signoff/29-rcx_mcsta.nom.log}"

Wed May 07 23:49:25 +0000 2025 - Executing "openroad -exit /openlane/scripts/openroad/irdrop.tcl |& tee /dev/null /openlane/designs/my_second_design/runs/RUN_2025.05.07_23.45.03/logs/signoff/30-irdrop.log"

Wed May 07 23:49:25 +0000 2025 - Executing "{openroad -exit /openlane/scripts/openroad/irdrop.tcl |& tee /dev/null /openlane/designs/my_second_design/runs/RUN_2025.05.07_23.45.03/logs/signoff/30-irdrop.log}"

Wed May 07 23:49:26 +0000 2025 - Executing "magic -noconsole -dnull -rcfile /Users/onurakkaya/.volare/sky130A/libs.tech/magic/sky130A.magicrc < /openlane/scripts/magic/wrapper.tcl |& tee /dev/null /openlane/designs/my_second_design/runs/RUN_2025.05.07_23.45.03/logs/signoff/31-gdsii.log"

Wed May 07 23:49:26 +0000 2025 - Executing "{magic -noconsole -dnull -rcfile /Users/onurakkaya/.volare/sky130A/libs.tech/magic/sky130A.magicrc < /openlane/scripts/magic/wrapper.tcl |& tee /dev/null /openlane/designs/my_second_design/runs/RUN_2025.05.07_23.45.03/logs/signoff/31-gdsii.log}"

Wed May 07 23:49:27 +0000 2025 - Executing "magic -noconsole -dnull -rcfile /Users/onurakkaya/.volare/sky130A/libs.tech/magic/sky130A.magicrc < /openlane/scripts/magic/wrapper.tcl |& tee /dev/null /openlane/designs/my_second_design/runs/RUN_2025.05.07_23.45.03/logs/signoff/31-gds_ptrs.log"

Wed May 07 23:49:27 +0000 2025 - Executing "{magic -noconsole -dnull -rcfile /Users/onurakkaya/.volare/sky130A/libs.tech/magic/sky130A.magicrc < /openlane/scripts/magic/wrapper.tcl |& tee /dev/null /openlane/designs/my_second_design/runs/RUN_2025.05.07_23.45.03/logs/signoff/31-gds_ptrs.log}"

Wed May 07 23:49:28 +0000 2025 - Executing "{sed -i.bak -n {/^<< properties >>/,/^<< end >>/p} /openlane/designs/my_second_design/runs/RUN_2025.05.07_23.45.03/tmp/signoff/gds_ptrs.mag}"

Wed May 07 23:49:28 +0000 2025 - Executing "magic -noconsole -dnull -rcfile /Users/onurakkaya/.volare/sky130A/libs.tech/magic/sky130A.magicrc < /openlane/scripts/magic/wrapper.tcl |& tee /dev/null /openlane/designs/my_second_design/runs/RUN_2025.05.07_23.45.03/logs/signoff/31-lef.log"

Wed May 07 23:49:28 +0000 2025 - Executing "{magic -noconsole -dnull -rcfile /Users/onurakkaya/.volare/sky130A/libs.tech/magic/sky130A.magicrc < /openlane/scripts/magic/wrapper.tcl |& tee /dev/null /openlane/designs/my_second_design/runs/RUN_2025.05.07_23.45.03/logs/signoff/31-lef.log}"

Wed May 07 23:49:28 +0000 2025 - Executing "magic -noconsole -dnull -rcfile /Users/onurakkaya/.volare/sky130A/libs.tech/magic/sky130A.magicrc < /openlane/scripts/magic/wrapper.tcl |& tee /dev/null /openlane/designs/my_second_design/runs/RUN_2025.05.07_23.45.03/logs/signoff/31-maglef.log"

Wed May 07 23:49:29 +0000 2025 - Executing "{magic -noconsole -dnull -rcfile /Users/onurakkaya/.volare/sky130A/libs.tech/magic/sky130A.magicrc < /openlane/scripts/magic/wrapper.tcl |& tee /dev/null /openlane/designs/my_second_design/runs/RUN_2025.05.07_23.45.03/logs/signoff/31-maglef.log}"

Wed May 07 23:49:29 +0000 2025 - Executing "{python3 /openlane/scripts/klayout/stream_out.py --output /openlane/designs/my_second_design/runs/RUN_2025.05.07_23.45.03/results/signoff/ALU.klayout.gds --lyt /Users/onurakkaya/.volare/sky130A/libs.tech/klayout/tech/sky130A.lyt --lym /Users/onurakkaya/.volare/sky130A/libs.tech/klayout/tech/sky130A.map --lyp /Users/onurakkaya/.volare/sky130A/libs.tech/klayout/tech/sky130A.lyp --top ALU --with-gds-file /Users/onurakkaya/.volare/sky130A/libs.ref/sky130_fd_sc_hd/gds/sky130_fd_sc_hd.gds --input-lef /openlane/designs/my_second_design/runs/RUN_2025.05.07_23.45.03/tmp/merged.nom.lef /openlane/designs/my_second_design/runs/RUN_2025.05.07_23.45.03/results/routing/ALU.def |& tee /dev/null /openlane/designs/my_second_design/runs/RUN_2025.05.07_23.45.03/logs/signoff/32-gdsii-klayout.log}"

Wed May 07 23:49:30 +0000 2025 - Executing "{klayout -b -r /openlane/scripts/klayout/xor.drc -rd a=/openlane/designs/my_second_design/runs/RUN_2025.05.07_23.45.03/results/signoff/ALU.gds -rd b=/openlane/designs/my_second_design/runs/RUN_2025.05.07_23.45.03/results/signoff/ALU.klayout.gds -rd jobs=1 -rd rdb_out=/openlane/designs/my_second_design/runs/RUN_2025.05.07_23.45.03/reports/signoff/33-xor.xml -rd ignore=81/14 -rd rpt_out=/openlane/designs/my_second_design/runs/RUN_2025.05.07_23.45.03/reports/signoff/33-xor.rpt |& tee /dev/null /openlane/designs/my_second_design/runs/RUN_2025.05.07_23.45.03/logs/signoff/33-xor.log}"

Wed May 07 23:49:31 +0000 2025 - Executing "magic -noconsole -dnull -rcfile /Users/onurakkaya/.volare/sky130A/libs.tech/magic/sky130A.magicrc < /openlane/scripts/magic/wrapper.tcl |& tee /dev/null /openlane/designs/my_second_design/runs/RUN_2025.05.07_23.45.03/logs/signoff/34-spice.log"

Wed May 07 23:49:31 +0000 2025 - Executing "{magic -noconsole -dnull -rcfile /Users/onurakkaya/.volare/sky130A/libs.tech/magic/sky130A.magicrc < /openlane/scripts/magic/wrapper.tcl |& tee /dev/null /openlane/designs/my_second_design/runs/RUN_2025.05.07_23.45.03/logs/signoff/34-spice.log}"

Wed May 07 23:49:33 +0000 2025 - Executing "{openroad -exit -no_init -python /openlane/scripts/odbpy/power_utils.py write_powered_def --output /openlane/designs/my_second_design/runs/RUN_2025.05.07_23.45.03/tmp/signoff/34-ALU.p.def --input-lef /openlane/designs/my_second_design/runs/RUN_2025.05.07_23.45.03/tmp/merged.nom.lef --power-port VPWR --ground-port VGND --powered-netlist {} /openlane/designs/my_second_design/runs/RUN_2025.05.07_23.45.03/results/routing/ALU.def |& tee /dev/null /openlane/designs/my_second_design/runs/RUN_2025.05.07_23.45.03/logs/signoff/35-write_powered_def.log}"

Wed May 07 23:49:34 +0000 2025 - Executing "openroad -exit /openlane/scripts/openroad/write_views.tcl |& tee /dev/null /openlane/designs/my_second_design/runs/RUN_2025.05.07_23.45.03/logs/signoff/35-write_powered_verilog.log"

Wed May 07 23:49:34 +0000 2025 - Executing "{openroad -exit /openlane/scripts/openroad/write_views.tcl |& tee /dev/null /openlane/designs/my_second_design/runs/RUN_2025.05.07_23.45.03/logs/signoff/35-write_powered_verilog.log}"

Wed May 07 23:49:35 +0000 2025 - Executing "{sed -i.bak -e {s/\(set ::env(CURRENT_NETLIST)\).*/\1 \/openlane\/designs\/my_second_design\/runs\/RUN_2025.05.07_23.45.03\/tmp\/signoff\/34-ALU.nl.v/} /openlane/designs/my_second_design/runs/RUN_2025.05.07_23.45.03/config.tcl}"

Wed May 07 23:49:35 +0000 2025 - Executing "{netgen -batch source /openlane/designs/my_second_design/runs/RUN_2025.05.07_23.45.03/tmp/signoff/37-setup_file.lef.lvs |& tee /dev/null /openlane/designs/my_second_design/runs/RUN_2025.05.07_23.45.03/logs/signoff/37-lvs.lef.log}"

Wed May 07 23:49:35 +0000 2025 - Executing "magic -noconsole -dnull -rcfile /Users/onurakkaya/.volare/sky130A/libs.tech/magic/sky130A.magicrc < /openlane/scripts/magic/wrapper.tcl |& tee /dev/null /openlane/designs/my_second_design/runs/RUN_2025.05.07_23.45.03/logs/signoff/38-drc.log"

Wed May 07 23:49:35 +0000 2025 - Executing "{magic -noconsole -dnull -rcfile /Users/onurakkaya/.volare/sky130A/libs.tech/magic/sky130A.magicrc < /openlane/scripts/magic/wrapper.tcl |& tee /dev/null /openlane/designs/my_second_design/runs/RUN_2025.05.07_23.45.03/logs/signoff/38-drc.log}"

Wed May 07 23:49:36 +0000 2025 - Executing "{python3 /openlane/scripts/drc_rosetta.py magic to_tcl -o /openlane/designs/my_second_design/runs/RUN_2025.05.07_23.45.03/reports/signoff/drc.tcl /openlane/designs/my_second_design/runs/RUN_2025.05.07_23.45.03/reports/signoff/drc.rpt}"

Wed May 07 23:49:36 +0000 2025 - Executing "{python3 /openlane/scripts/drc_rosetta.py magic to_tr -o /openlane/designs/my_second_design/runs/RUN_2025.05.07_23.45.03/reports/signoff/drc.tr /openlane/designs/my_second_design/runs/RUN_2025.05.07_23.45.03/reports/signoff/drc.rpt}"

Wed May 07 23:49:36 +0000 2025 - Executing "{python3 /openlane/scripts/drc_rosetta.py tr to_klayout -o /openlane/designs/my_second_design/runs/RUN_2025.05.07_23.45.03/reports/signoff/drc.klayout.xml --design-name ALU /openlane/designs/my_second_design/runs/RUN_2025.05.07_23.45.03/reports/signoff/drc.tr}"

Wed May 07 23:49:36 +0000 2025 - Executing "{python3 /openlane/scripts/drc_rosetta.py magic to_rdb -o /openlane/designs/my_second_design/runs/RUN_2025.05.07_23.45.03/reports/signoff/drc.rdb /openlane/designs/my_second_design/runs/RUN_2025.05.07_23.45.03/reports/signoff/drc.rpt}"

Wed May 07 23:49:37 +0000 2025 - Executing "{klayout -b -zz -r /Users/onurakkaya/.volare/sky130A/libs.tech/klayout/drc/sky130A_mr.drc -rd topcell=ALU -rd input=/openlane/designs/my_second_design/runs/RUN_2025.05.07_23.45.03/results/signoff/ALU.gds -rd report=/openlane/designs/my_second_design/runs/RUN_2025.05.07_23.45.03/reports/signoff/violations.xml -rd feol=true -rd beol=true -rd floating_metal=false -rd seal=true -rd thread=1 |& tee /dev/null /openlane/designs/my_second_design/runs/RUN_2025.05.07_23.45.03/logs/signoff/39-drc-klayout.log}"

Wed May 07 23:49:39 +0000 2025 - Executing "{python3 /openlane/scripts/klayout/xml_drc_report_to_json.py --xml-file /openlane/designs/my_second_design/runs/RUN_2025.05.07_23.45.03/reports/signoff/violations.xml --json-file /openlane/designs/my_second_design/runs/RUN_2025.05.07_23.45.03/reports/signoff/violations.json}"

Wed May 07 23:49:39 +0000 2025 - Executing "openroad -exit /openlane/scripts/openroad/antenna_check.tcl |& tee /dev/null /openlane/designs/my_second_design/runs/RUN_2025.05.07_23.45.03/logs/signoff/40-arc.log"

Wed May 07 23:49:39 +0000 2025 - Executing "{openroad -exit /openlane/scripts/openroad/antenna_check.tcl |& tee /dev/null /openlane/designs/my_second_design/runs/RUN_2025.05.07_23.45.03/logs/signoff/40-arc.log}"

Wed May 07 23:49:40 +0000 2025 - Executing "{python3 /openlane/scripts/extract_antenna_violators.py --output /openlane/designs/my_second_design/runs/RUN_2025.05.07_23.45.03/reports/signoff/40-antenna_violators.rpt --plain-out /openlane/designs/my_second_design/runs/RUN_2025.05.07_23.45.03/reports/signoff/40-antenna_violators_pins.txt /openlane/designs/my_second_design/runs/RUN_2025.05.07_23.45.03/logs/signoff/40-arc.log}"

Wed May 07 23:49:40 +0000 2025 - Executing "{python3 /openlane/scripts/write_runtime.py --conclude --seconds --time-in 1746661780 {flow completed}}"

Wed May 07 23:49:41 +0000 2025 - Executing "{python3 /openlane/scripts/generate_reports.py -d /openlane/designs/my_second_design --design_name ALU --tag RUN_2025.05.07_23.45.03 --output_file /openlane/designs/my_second_design/runs/RUN_2025.05.07_23.45.03/reports/metrics.csv --man_report /openlane/designs/my_second_design/runs/RUN_2025.05.07_23.45.03/reports/manufacturability.rpt --run_path /openlane/designs/my_second_design/runs/RUN_2025.05.07_23.45.03}"

