
===========================================================================
report_checks -path_delay max (Setup)
============================================================================
======================= Typical Corner ===================================

Startpoint: _164_ (rising edge-triggered flip-flop clocked by clk)
Endpoint: an[1] (output port clocked by clk)
Path Group: clk
Path Type: max

Fanout     Cap    Slew   Delay    Time   Description
-----------------------------------------------------------------------------
                  0.15    0.00    0.00   clock clk (rise edge)
                          0.00    0.00   clock network delay (ideal)
                  0.15    0.00    0.00 ^ _164_/CLK (sky130_fd_sc_hd__dfxtp_1)
     7    0.01    0.14    0.43    0.43 ^ _164_/Q (sky130_fd_sc_hd__dfxtp_1)
                                         display_module.pos[0] (net)
                  0.14    0.00    0.43 ^ _072_/B_N (sky130_fd_sc_hd__or2b_1)
     1    0.00    0.04    0.25    0.68 v _072_/X (sky130_fd_sc_hd__or2b_1)
                                         _037_ (net)
                  0.04    0.00    0.68 v _073_/A (sky130_fd_sc_hd__buf_1)
     1    0.01    0.05    0.11    0.79 v _073_/X (sky130_fd_sc_hd__buf_1)
                                         net2 (net)
                  0.05    0.00    0.79 v output2/A (sky130_fd_sc_hd__buf_2)
     1    0.03    0.09    0.19    0.98 v output2/X (sky130_fd_sc_hd__buf_2)
                                         an[1] (net)
                  0.09    0.00    0.98 v an[1] (out)
                                  0.98   data arrival time

                  0.15   10.00   10.00   clock clk (rise edge)
                          0.00   10.00   clock network delay (ideal)
                         -0.25    9.75   clock uncertainty
                          0.00    9.75   clock reconvergence pessimism
                         -2.00    7.75   output external delay
                                  7.75   data required time
-----------------------------------------------------------------------------
                                  7.75   data required time
                                 -0.98   data arrival time
-----------------------------------------------------------------------------
                                  6.77   slack (MET)


Startpoint: _165_ (rising edge-triggered flip-flop clocked by clk)
Endpoint: an[2] (output port clocked by clk)
Path Group: clk
Path Type: max

Fanout     Cap    Slew   Delay    Time   Description
-----------------------------------------------------------------------------
                  0.15    0.00    0.00   clock clk (rise edge)
                          0.00    0.00   clock network delay (ideal)
                  0.15    0.00    0.00 ^ _165_/CLK (sky130_fd_sc_hd__dfxtp_1)
     6    0.01    0.13    0.42    0.42 ^ _165_/Q (sky130_fd_sc_hd__dfxtp_1)
                                         display_module.pos[1] (net)
                  0.13    0.00    0.42 ^ _074_/B_N (sky130_fd_sc_hd__or2b_1)
     1    0.00    0.04    0.24    0.67 v _074_/X (sky130_fd_sc_hd__or2b_1)
                                         _038_ (net)
                  0.04    0.00    0.67 v _075_/A (sky130_fd_sc_hd__buf_1)
     1    0.01    0.05    0.11    0.78 v _075_/X (sky130_fd_sc_hd__buf_1)
                                         net3 (net)
                  0.05    0.00    0.78 v output3/A (sky130_fd_sc_hd__buf_2)
     1    0.03    0.09    0.19    0.97 v output3/X (sky130_fd_sc_hd__buf_2)
                                         an[2] (net)
                  0.09    0.00    0.97 v an[2] (out)
                                  0.97   data arrival time

                  0.15   10.00   10.00   clock clk (rise edge)
                          0.00   10.00   clock network delay (ideal)
                         -0.25    9.75   clock uncertainty
                          0.00    9.75   clock reconvergence pessimism
                         -2.00    7.75   output external delay
                                  7.75   data required time
-----------------------------------------------------------------------------
                                  7.75   data required time
                                 -0.97   data arrival time
-----------------------------------------------------------------------------
                                  6.78   slack (MET)


Startpoint: _164_ (rising edge-triggered flip-flop clocked by clk)
Endpoint: an[0] (output port clocked by clk)
Path Group: clk
Path Type: max

Fanout     Cap    Slew   Delay    Time   Description
-----------------------------------------------------------------------------
                  0.15    0.00    0.00   clock clk (rise edge)
                          0.00    0.00   clock network delay (ideal)
                  0.15    0.00    0.00 ^ _164_/CLK (sky130_fd_sc_hd__dfxtp_1)
     7    0.01    0.07    0.39    0.39 v _164_/Q (sky130_fd_sc_hd__dfxtp_1)
                                         display_module.pos[0] (net)
                  0.07    0.00    0.39 v _070_/A (sky130_fd_sc_hd__or2_1)
     1    0.00    0.04    0.24    0.62 v _070_/X (sky130_fd_sc_hd__or2_1)
                                         _036_ (net)
                  0.04    0.00    0.62 v _071_/A (sky130_fd_sc_hd__buf_1)
     1    0.01    0.05    0.11    0.74 v _071_/X (sky130_fd_sc_hd__buf_1)
                                         net1 (net)
                  0.05    0.00    0.74 v output1/A (sky130_fd_sc_hd__buf_2)
     1    0.03    0.09    0.19    0.93 v output1/X (sky130_fd_sc_hd__buf_2)
                                         an[0] (net)
                  0.09    0.00    0.93 v an[0] (out)
                                  0.93   data arrival time

                  0.15   10.00   10.00   clock clk (rise edge)
                          0.00   10.00   clock network delay (ideal)
                         -0.25    9.75   clock uncertainty
                          0.00    9.75   clock reconvergence pessimism
                         -2.00    7.75   output external delay
                                  7.75   data required time
-----------------------------------------------------------------------------
                                  7.75   data required time
                                 -0.93   data arrival time
-----------------------------------------------------------------------------
                                  6.82   slack (MET)


Startpoint: _164_ (rising edge-triggered flip-flop clocked by clk)
Endpoint: an[3] (output port clocked by clk)
Path Group: clk
Path Type: max

Fanout     Cap    Slew   Delay    Time   Description
-----------------------------------------------------------------------------
                  0.15    0.00    0.00   clock clk (rise edge)
                          0.00    0.00   clock network delay (ideal)
                  0.15    0.00    0.00 ^ _164_/CLK (sky130_fd_sc_hd__dfxtp_1)
     7    0.01    0.14    0.43    0.43 ^ _164_/Q (sky130_fd_sc_hd__dfxtp_1)
                                         display_module.pos[0] (net)
                  0.14    0.00    0.43 ^ _076_/A (sky130_fd_sc_hd__nand2_1)
     1    0.01    0.07    0.10    0.54 v _076_/Y (sky130_fd_sc_hd__nand2_1)
                                         net4 (net)
                  0.07    0.00    0.54 v output4/A (sky130_fd_sc_hd__buf_2)
     1    0.03    0.09    0.20    0.74 v output4/X (sky130_fd_sc_hd__buf_2)
                                         an[3] (net)
                  0.09    0.00    0.74 v an[3] (out)
                                  0.74   data arrival time

                  0.15   10.00   10.00   clock clk (rise edge)
                          0.00   10.00   clock network delay (ideal)
                         -0.25    9.75   clock uncertainty
                          0.00    9.75   clock reconvergence pessimism
                         -2.00    7.75   output external delay
                                  7.75   data required time
-----------------------------------------------------------------------------
                                  7.75   data required time
                                 -0.74   data arrival time
-----------------------------------------------------------------------------
                                  7.01   slack (MET)


Startpoint: _153_ (rising edge-triggered flip-flop clocked by clk)
Endpoint: _164_ (rising edge-triggered flip-flop clocked by clk)
Path Group: clk
Path Type: max

Fanout     Cap    Slew   Delay    Time   Description
-----------------------------------------------------------------------------
                  0.15    0.00    0.00   clock clk (rise edge)
                          0.00    0.00   clock network delay (ideal)
                  0.15    0.00    0.00 ^ _153_/CLK (sky130_fd_sc_hd__dfxtp_1)
     5    0.01    0.14    0.43    0.43 ^ _153_/Q (sky130_fd_sc_hd__dfxtp_1)
                                         display_module.counter[9] (net)
                  0.14    0.00    0.43 ^ _080_/C_N (sky130_fd_sc_hd__or4bb_1)
     1    0.00    0.07    0.49    0.92 v _080_/X (sky130_fd_sc_hd__or4bb_1)
                                         _042_ (net)
                  0.07    0.00    0.92 v _081_/D (sky130_fd_sc_hd__or4_1)
     1    0.00    0.09    0.44    1.36 v _081_/X (sky130_fd_sc_hd__or4_1)
                                         _043_ (net)
                  0.09    0.00    1.36 v _083_/C (sky130_fd_sc_hd__nor4_2)
     4    0.01    0.41    0.40    1.76 ^ _083_/Y (sky130_fd_sc_hd__nor4_2)
                                         _045_ (net)
                  0.41    0.00    1.76 ^ max_cap5/A (sky130_fd_sc_hd__clkbuf_2)
     7    0.02    0.11    0.25    2.01 ^ max_cap5/X (sky130_fd_sc_hd__clkbuf_2)
                                         net5 (net)
                  0.11    0.00    2.01 ^ _139_/B (sky130_fd_sc_hd__nand2_1)
     2    0.00    0.06    0.08    2.09 v _139_/Y (sky130_fd_sc_hd__nand2_1)
                                         _033_ (net)
                  0.06    0.00    2.09 v _140_/B (sky130_fd_sc_hd__and2_1)
     1    0.00    0.03    0.16    2.25 v _140_/X (sky130_fd_sc_hd__and2_1)
                                         _034_ (net)
                  0.03    0.00    2.25 v _141_/A (sky130_fd_sc_hd__clkbuf_1)
     1    0.00    0.02    0.08    2.33 v _141_/X (sky130_fd_sc_hd__clkbuf_1)
                                         _020_ (net)
                  0.02    0.00    2.33 v _164_/D (sky130_fd_sc_hd__dfxtp_1)
                                  2.33   data arrival time

                  0.15   10.00   10.00   clock clk (rise edge)
                          0.00   10.00   clock network delay (ideal)
                         -0.25    9.75   clock uncertainty
                          0.00    9.75   clock reconvergence pessimism
                                  9.75 ^ _164_/CLK (sky130_fd_sc_hd__dfxtp_1)
                         -0.08    9.67   library setup time
                                  9.67   data required time
-----------------------------------------------------------------------------
                                  9.67   data required time
                                 -2.33   data arrival time
-----------------------------------------------------------------------------
                                  7.34   slack (MET)


Startpoint: _153_ (rising edge-triggered flip-flop clocked by clk)
Endpoint: _154_ (rising edge-triggered flip-flop clocked by clk)
Path Group: clk
Path Type: max

Fanout     Cap    Slew   Delay    Time   Description
-----------------------------------------------------------------------------
                  0.15    0.00    0.00   clock clk (rise edge)
                          0.00    0.00   clock network delay (ideal)
                  0.15    0.00    0.00 ^ _153_/CLK (sky130_fd_sc_hd__dfxtp_1)
     5    0.01    0.14    0.43    0.43 ^ _153_/Q (sky130_fd_sc_hd__dfxtp_1)
                                         display_module.counter[9] (net)
                  0.14    0.00    0.43 ^ _080_/C_N (sky130_fd_sc_hd__or4bb_1)
     1    0.00    0.07    0.49    0.92 v _080_/X (sky130_fd_sc_hd__or4bb_1)
                                         _042_ (net)
                  0.07    0.00    0.92 v _081_/D (sky130_fd_sc_hd__or4_1)
     1    0.00    0.09    0.44    1.36 v _081_/X (sky130_fd_sc_hd__or4_1)
                                         _043_ (net)
                  0.09    0.00    1.36 v _083_/C (sky130_fd_sc_hd__nor4_2)
     4    0.01    0.41    0.40    1.76 ^ _083_/Y (sky130_fd_sc_hd__nor4_2)
                                         _045_ (net)
                  0.41    0.00    1.76 ^ max_cap5/A (sky130_fd_sc_hd__clkbuf_2)
     7    0.02    0.11    0.25    2.01 ^ max_cap5/X (sky130_fd_sc_hd__clkbuf_2)
                                         net5 (net)
                  0.11    0.00    2.01 ^ _112_/A_N (sky130_fd_sc_hd__and3b_1)
     1    0.00    0.04    0.19    2.20 v _112_/X (sky130_fd_sc_hd__and3b_1)
                                         _064_ (net)
                  0.04    0.00    2.20 v _113_/A (sky130_fd_sc_hd__clkbuf_1)
     1    0.00    0.02    0.08    2.29 v _113_/X (sky130_fd_sc_hd__clkbuf_1)
                                         _010_ (net)
                  0.02    0.00    2.29 v _154_/D (sky130_fd_sc_hd__dfxtp_1)
                                  2.29   data arrival time

                  0.15   10.00   10.00   clock clk (rise edge)
                          0.00   10.00   clock network delay (ideal)
                         -0.25    9.75   clock uncertainty
                          0.00    9.75   clock reconvergence pessimism
                                  9.75 ^ _154_/CLK (sky130_fd_sc_hd__dfxtp_1)
                         -0.08    9.67   library setup time
                                  9.67   data required time
-----------------------------------------------------------------------------
                                  9.67   data required time
                                 -2.29   data arrival time
-----------------------------------------------------------------------------
                                  7.39   slack (MET)


Startpoint: _153_ (rising edge-triggered flip-flop clocked by clk)
Endpoint: _160_ (rising edge-triggered flip-flop clocked by clk)
Path Group: clk
Path Type: max

Fanout     Cap    Slew   Delay    Time   Description
-----------------------------------------------------------------------------
                  0.15    0.00    0.00   clock clk (rise edge)
                          0.00    0.00   clock network delay (ideal)
                  0.15    0.00    0.00 ^ _153_/CLK (sky130_fd_sc_hd__dfxtp_1)
     5    0.01    0.14    0.43    0.43 ^ _153_/Q (sky130_fd_sc_hd__dfxtp_1)
                                         display_module.counter[9] (net)
                  0.14    0.00    0.43 ^ _080_/C_N (sky130_fd_sc_hd__or4bb_1)
     1    0.00    0.07    0.49    0.92 v _080_/X (sky130_fd_sc_hd__or4bb_1)
                                         _042_ (net)
                  0.07    0.00    0.92 v _081_/D (sky130_fd_sc_hd__or4_1)
     1    0.00    0.09    0.44    1.36 v _081_/X (sky130_fd_sc_hd__or4_1)
                                         _043_ (net)
                  0.09    0.00    1.36 v _083_/C (sky130_fd_sc_hd__nor4_2)
     4    0.01    0.41    0.40    1.76 ^ _083_/Y (sky130_fd_sc_hd__nor4_2)
                                         _045_ (net)
                  0.41    0.00    1.76 ^ max_cap5/A (sky130_fd_sc_hd__clkbuf_2)
     7    0.02    0.11    0.25    2.01 ^ max_cap5/X (sky130_fd_sc_hd__clkbuf_2)
                                         net5 (net)
                  0.11    0.00    2.01 ^ _130_/A_N (sky130_fd_sc_hd__and3b_1)
     1    0.00    0.04    0.19    2.20 v _130_/X (sky130_fd_sc_hd__and3b_1)
                                         _028_ (net)
                  0.04    0.00    2.20 v _131_/A (sky130_fd_sc_hd__clkbuf_1)
     1    0.00    0.02    0.08    2.29 v _131_/X (sky130_fd_sc_hd__clkbuf_1)
                                         _016_ (net)
                  0.02    0.00    2.29 v _160_/D (sky130_fd_sc_hd__dfxtp_1)
                                  2.29   data arrival time

                  0.15   10.00   10.00   clock clk (rise edge)
                          0.00   10.00   clock network delay (ideal)
                         -0.25    9.75   clock uncertainty
                          0.00    9.75   clock reconvergence pessimism
                                  9.75 ^ _160_/CLK (sky130_fd_sc_hd__dfxtp_1)
                         -0.08    9.67   library setup time
                                  9.67   data required time
-----------------------------------------------------------------------------
                                  9.67   data required time
                                 -2.29   data arrival time
-----------------------------------------------------------------------------
                                  7.39   slack (MET)


Startpoint: _153_ (rising edge-triggered flip-flop clocked by clk)
Endpoint: _165_ (rising edge-triggered flip-flop clocked by clk)
Path Group: clk
Path Type: max

Fanout     Cap    Slew   Delay    Time   Description
-----------------------------------------------------------------------------
                  0.15    0.00    0.00   clock clk (rise edge)
                          0.00    0.00   clock network delay (ideal)
                  0.15    0.00    0.00 ^ _153_/CLK (sky130_fd_sc_hd__dfxtp_1)
     5    0.01    0.14    0.43    0.43 ^ _153_/Q (sky130_fd_sc_hd__dfxtp_1)
                                         display_module.counter[9] (net)
                  0.14    0.00    0.43 ^ _080_/C_N (sky130_fd_sc_hd__or4bb_1)
     1    0.00    0.07    0.49    0.92 v _080_/X (sky130_fd_sc_hd__or4bb_1)
                                         _042_ (net)
                  0.07    0.00    0.92 v _081_/D (sky130_fd_sc_hd__or4_1)
     1    0.00    0.09    0.44    1.36 v _081_/X (sky130_fd_sc_hd__or4_1)
                                         _043_ (net)
                  0.09    0.00    1.36 v _083_/C (sky130_fd_sc_hd__nor4_2)
     4    0.01    0.41    0.40    1.76 ^ _083_/Y (sky130_fd_sc_hd__nor4_2)
                                         _045_ (net)
                  0.41    0.00    1.76 ^ max_cap5/A (sky130_fd_sc_hd__clkbuf_2)
     7    0.02    0.11    0.25    2.01 ^ max_cap5/X (sky130_fd_sc_hd__clkbuf_2)
                                         net5 (net)
                  0.11    0.00    2.01 ^ _139_/B (sky130_fd_sc_hd__nand2_1)
     2    0.00    0.06    0.08    2.09 v _139_/Y (sky130_fd_sc_hd__nand2_1)
                                         _033_ (net)
                  0.06    0.00    2.09 v _143_/A2 (sky130_fd_sc_hd__a21o_1)
     1    0.00    0.03    0.18    2.27 v _143_/X (sky130_fd_sc_hd__a21o_1)
                                         _021_ (net)
                  0.03    0.00    2.27 v _165_/D (sky130_fd_sc_hd__dfxtp_1)
                                  2.27   data arrival time

                  0.15   10.00   10.00   clock clk (rise edge)
                          0.00   10.00   clock network delay (ideal)
                         -0.25    9.75   clock uncertainty
                          0.00    9.75   clock reconvergence pessimism
                                  9.75 ^ _165_/CLK (sky130_fd_sc_hd__dfxtp_1)
                         -0.08    9.67   library setup time
                                  9.67   data required time
-----------------------------------------------------------------------------
                                  9.67   data required time
                                 -2.27   data arrival time
-----------------------------------------------------------------------------
                                  7.40   slack (MET)


Startpoint: _144_ (rising edge-triggered flip-flop clocked by clk)
Endpoint: _162_ (rising edge-triggered flip-flop clocked by clk)
Path Group: clk
Path Type: max

Fanout     Cap    Slew   Delay    Time   Description
-----------------------------------------------------------------------------
                  0.15    0.00    0.00   clock clk (rise edge)
                          0.00    0.00   clock network delay (ideal)
                  0.15    0.00    0.00 ^ _144_/CLK (sky130_fd_sc_hd__dfxtp_1)
     6    0.01    0.14    0.43    0.43 ^ _144_/Q (sky130_fd_sc_hd__dfxtp_1)
                                         display_module.counter[0] (net)
                  0.14    0.00    0.43 ^ _090_/B (sky130_fd_sc_hd__and4_1)
     5    0.01    0.14    0.29    0.72 ^ _090_/X (sky130_fd_sc_hd__and4_1)
                                         _049_ (net)
                  0.14    0.00    0.72 ^ _098_/D (sky130_fd_sc_hd__and4_1)
     5    0.01    0.14    0.29    1.01 ^ _098_/X (sky130_fd_sc_hd__and4_1)
                                         _054_ (net)
                  0.14    0.00    1.01 ^ _114_/C (sky130_fd_sc_hd__and4_1)
     1    0.00    0.05    0.20    1.21 ^ _114_/X (sky130_fd_sc_hd__and4_1)
                                         _065_ (net)
                  0.05    0.00    1.21 ^ _115_/A (sky130_fd_sc_hd__dlymetal6s2s_1)
     6    0.02    0.19    0.20    1.41 ^ _115_/X (sky130_fd_sc_hd__dlymetal6s2s_1)
                                         _066_ (net)
                  0.19    0.00    1.41 ^ _126_/C (sky130_fd_sc_hd__and4_1)
     5    0.01    0.14    0.30    1.71 ^ _126_/X (sky130_fd_sc_hd__and4_1)
                                         _025_ (net)
                  0.14    0.00    1.71 ^ _133_/D (sky130_fd_sc_hd__and4_1)
     2    0.01    0.09    0.24    1.95 ^ _133_/X (sky130_fd_sc_hd__and4_1)
                                         _029_ (net)
                  0.09    0.00    1.95 ^ _135_/A_N (sky130_fd_sc_hd__and2b_1)
     1    0.00    0.03    0.19    2.14 v _135_/X (sky130_fd_sc_hd__and2b_1)
                                         _031_ (net)
                  0.03    0.00    2.14 v _136_/A (sky130_fd_sc_hd__clkbuf_1)
     1    0.00    0.02    0.08    2.23 v _136_/X (sky130_fd_sc_hd__clkbuf_1)
                                         _018_ (net)
                  0.02    0.00    2.23 v _162_/D (sky130_fd_sc_hd__dfxtp_1)
                                  2.23   data arrival time

                  0.15   10.00   10.00   clock clk (rise edge)
                          0.00   10.00   clock network delay (ideal)
                         -0.25    9.75   clock uncertainty
                          0.00    9.75   clock reconvergence pessimism
                                  9.75 ^ _162_/CLK (sky130_fd_sc_hd__dfxtp_1)
                         -0.08    9.67   library setup time
                                  9.67   data required time
-----------------------------------------------------------------------------
                                  9.67   data required time
                                 -2.23   data arrival time
-----------------------------------------------------------------------------
                                  7.45   slack (MET)


Startpoint: _153_ (rising edge-triggered flip-flop clocked by clk)
Endpoint: _151_ (rising edge-triggered flip-flop clocked by clk)
Path Group: clk
Path Type: max

Fanout     Cap    Slew   Delay    Time   Description
-----------------------------------------------------------------------------
                  0.15    0.00    0.00   clock clk (rise edge)
                          0.00    0.00   clock network delay (ideal)
                  0.15    0.00    0.00 ^ _153_/CLK (sky130_fd_sc_hd__dfxtp_1)
     5    0.01    0.14    0.43    0.43 ^ _153_/Q (sky130_fd_sc_hd__dfxtp_1)
                                         display_module.counter[9] (net)
                  0.14    0.00    0.43 ^ _080_/C_N (sky130_fd_sc_hd__or4bb_1)
     1    0.00    0.07    0.49    0.92 v _080_/X (sky130_fd_sc_hd__or4bb_1)
                                         _042_ (net)
                  0.07    0.00    0.92 v _081_/D (sky130_fd_sc_hd__or4_1)
     1    0.00    0.09    0.44    1.36 v _081_/X (sky130_fd_sc_hd__or4_1)
                                         _043_ (net)
                  0.09    0.00    1.36 v _083_/C (sky130_fd_sc_hd__nor4_2)
     4    0.01    0.41    0.40    1.76 ^ _083_/Y (sky130_fd_sc_hd__nor4_2)
                                         _045_ (net)
                  0.41    0.00    1.76 ^ max_cap5/A (sky130_fd_sc_hd__clkbuf_2)
     7    0.02    0.11    0.25    2.01 ^ max_cap5/X (sky130_fd_sc_hd__clkbuf_2)
                                         net5 (net)
                  0.11    0.00    2.01 ^ _103_/A (sky130_fd_sc_hd__nor2_1)
     1    0.00    0.05    0.06    2.07 v _103_/Y (sky130_fd_sc_hd__nor2_1)
                                         _058_ (net)
                  0.05    0.00    2.07 v _104_/B1 (sky130_fd_sc_hd__o21a_1)
     1    0.00    0.03    0.10    2.17 v _104_/X (sky130_fd_sc_hd__o21a_1)
                                         _007_ (net)
                  0.03    0.00    2.17 v _151_/D (sky130_fd_sc_hd__dfxtp_1)
                                  2.17   data arrival time

                  0.15   10.00   10.00   clock clk (rise edge)
                          0.00   10.00   clock network delay (ideal)
                         -0.25    9.75   clock uncertainty
                          0.00    9.75   clock reconvergence pessimism
                                  9.75 ^ _151_/CLK (sky130_fd_sc_hd__dfxtp_1)
                         -0.08    9.67   library setup time
                                  9.67   data required time
-----------------------------------------------------------------------------
                                  9.67   data required time
                                 -2.17   data arrival time
-----------------------------------------------------------------------------
                                  7.50   slack (MET)


Startpoint: _153_ (rising edge-triggered flip-flop clocked by clk)
Endpoint: _153_ (rising edge-triggered flip-flop clocked by clk)
Path Group: clk
Path Type: max

Fanout     Cap    Slew   Delay    Time   Description
-----------------------------------------------------------------------------
                  0.15    0.00    0.00   clock clk (rise edge)
                          0.00    0.00   clock network delay (ideal)
                  0.15    0.00    0.00 ^ _153_/CLK (sky130_fd_sc_hd__dfxtp_1)
     5    0.01    0.14    0.43    0.43 ^ _153_/Q (sky130_fd_sc_hd__dfxtp_1)
                                         display_module.counter[9] (net)
                  0.14    0.00    0.43 ^ _080_/C_N (sky130_fd_sc_hd__or4bb_1)
     1    0.00    0.07    0.49    0.92 v _080_/X (sky130_fd_sc_hd__or4bb_1)
                                         _042_ (net)
                  0.07    0.00    0.92 v _081_/D (sky130_fd_sc_hd__or4_1)
     1    0.00    0.09    0.44    1.36 v _081_/X (sky130_fd_sc_hd__or4_1)
                                         _043_ (net)
                  0.09    0.00    1.36 v _083_/C (sky130_fd_sc_hd__nor4_2)
     4    0.01    0.41    0.40    1.76 ^ _083_/Y (sky130_fd_sc_hd__nor4_2)
                                         _045_ (net)
                  0.41    0.00    1.76 ^ max_cap5/A (sky130_fd_sc_hd__clkbuf_2)
     7    0.02    0.11    0.25    2.01 ^ max_cap5/X (sky130_fd_sc_hd__clkbuf_2)
                                         net5 (net)
                  0.11    0.00    2.01 ^ _107_/C1 (sky130_fd_sc_hd__a311oi_1)
     1    0.00    0.08    0.05    2.07 v _107_/Y (sky130_fd_sc_hd__a311oi_1)
                                         _009_ (net)
                  0.08    0.00    2.07 v _153_/D (sky130_fd_sc_hd__dfxtp_1)
                                  2.07   data arrival time

                  0.15   10.00   10.00   clock clk (rise edge)
                          0.00   10.00   clock network delay (ideal)
                         -0.25    9.75   clock uncertainty
                          0.00    9.75   clock reconvergence pessimism
                                  9.75 ^ _153_/CLK (sky130_fd_sc_hd__dfxtp_1)
                         -0.10    9.65   library setup time
                                  9.65   data required time
-----------------------------------------------------------------------------
                                  9.65   data required time
                                 -2.07   data arrival time
-----------------------------------------------------------------------------
                                  7.58   slack (MET)


Startpoint: _144_ (rising edge-triggered flip-flop clocked by clk)
Endpoint: _163_ (rising edge-triggered flip-flop clocked by clk)
Path Group: clk
Path Type: max

Fanout     Cap    Slew   Delay    Time   Description
-----------------------------------------------------------------------------
                  0.15    0.00    0.00   clock clk (rise edge)
                          0.00    0.00   clock network delay (ideal)
                  0.15    0.00    0.00 ^ _144_/CLK (sky130_fd_sc_hd__dfxtp_1)
     6    0.01    0.14    0.43    0.43 ^ _144_/Q (sky130_fd_sc_hd__dfxtp_1)
                                         display_module.counter[0] (net)
                  0.14    0.00    0.43 ^ _090_/B (sky130_fd_sc_hd__and4_1)
     5    0.01    0.14    0.29    0.72 ^ _090_/X (sky130_fd_sc_hd__and4_1)
                                         _049_ (net)
                  0.14    0.00    0.72 ^ _098_/D (sky130_fd_sc_hd__and4_1)
     5    0.01    0.14    0.29    1.01 ^ _098_/X (sky130_fd_sc_hd__and4_1)
                                         _054_ (net)
                  0.14    0.00    1.01 ^ _114_/C (sky130_fd_sc_hd__and4_1)
     1    0.00    0.05    0.20    1.21 ^ _114_/X (sky130_fd_sc_hd__and4_1)
                                         _065_ (net)
                  0.05    0.00    1.21 ^ _115_/A (sky130_fd_sc_hd__dlymetal6s2s_1)
     6    0.02    0.19    0.20    1.41 ^ _115_/X (sky130_fd_sc_hd__dlymetal6s2s_1)
                                         _066_ (net)
                  0.19    0.00    1.41 ^ _126_/C (sky130_fd_sc_hd__and4_1)
     5    0.01    0.14    0.30    1.71 ^ _126_/X (sky130_fd_sc_hd__and4_1)
                                         _025_ (net)
                  0.14    0.00    1.71 ^ _133_/D (sky130_fd_sc_hd__and4_1)
     2    0.01    0.09    0.24    1.95 ^ _133_/X (sky130_fd_sc_hd__and4_1)
                                         _029_ (net)
                  0.09    0.00    1.95 ^ _137_/B (sky130_fd_sc_hd__xor2_1)
     1    0.00    0.10    0.14    2.10 ^ _137_/X (sky130_fd_sc_hd__xor2_1)
                                         _019_ (net)
                  0.10    0.00    2.10 ^ _163_/D (sky130_fd_sc_hd__dfxtp_1)
                                  2.10   data arrival time

                  0.15   10.00   10.00   clock clk (rise edge)
                          0.00   10.00   clock network delay (ideal)
                         -0.25    9.75   clock uncertainty
                          0.00    9.75   clock reconvergence pessimism
                                  9.75 ^ _163_/CLK (sky130_fd_sc_hd__dfxtp_1)
                         -0.05    9.70   library setup time
                                  9.70   data required time
-----------------------------------------------------------------------------
                                  9.70   data required time
                                 -2.10   data arrival time
-----------------------------------------------------------------------------
                                  7.60   slack (MET)


Startpoint: _144_ (rising edge-triggered flip-flop clocked by clk)
Endpoint: _161_ (rising edge-triggered flip-flop clocked by clk)
Path Group: clk
Path Type: max

Fanout     Cap    Slew   Delay    Time   Description
-----------------------------------------------------------------------------
                  0.15    0.00    0.00   clock clk (rise edge)
                          0.00    0.00   clock network delay (ideal)
                  0.15    0.00    0.00 ^ _144_/CLK (sky130_fd_sc_hd__dfxtp_1)
     6    0.01    0.14    0.43    0.43 ^ _144_/Q (sky130_fd_sc_hd__dfxtp_1)
                                         display_module.counter[0] (net)
                  0.14    0.00    0.43 ^ _090_/B (sky130_fd_sc_hd__and4_1)
     5    0.01    0.14    0.29    0.72 ^ _090_/X (sky130_fd_sc_hd__and4_1)
                                         _049_ (net)
                  0.14    0.00    0.72 ^ _098_/D (sky130_fd_sc_hd__and4_1)
     5    0.01    0.14    0.29    1.01 ^ _098_/X (sky130_fd_sc_hd__and4_1)
                                         _054_ (net)
                  0.14    0.00    1.01 ^ _114_/C (sky130_fd_sc_hd__and4_1)
     1    0.00    0.05    0.20    1.21 ^ _114_/X (sky130_fd_sc_hd__and4_1)
                                         _065_ (net)
                  0.05    0.00    1.21 ^ _115_/A (sky130_fd_sc_hd__dlymetal6s2s_1)
     6    0.02    0.19    0.20    1.41 ^ _115_/X (sky130_fd_sc_hd__dlymetal6s2s_1)
                                         _066_ (net)
                  0.19    0.00    1.41 ^ _126_/C (sky130_fd_sc_hd__and4_1)
     5    0.01    0.14    0.30    1.71 ^ _126_/X (sky130_fd_sc_hd__and4_1)
                                         _025_ (net)
                  0.14    0.00    1.71 ^ _129_/B (sky130_fd_sc_hd__nand2_1)
     2    0.01    0.06    0.10    1.81 v _129_/Y (sky130_fd_sc_hd__nand2_1)
                                         _027_ (net)
                  0.06    0.00    1.81 v _132_/B (sky130_fd_sc_hd__xnor2_1)
     1    0.00    0.04    0.13    1.93 v _132_/Y (sky130_fd_sc_hd__xnor2_1)
                                         _017_ (net)
                  0.04    0.00    1.93 v _161_/D (sky130_fd_sc_hd__dfxtp_1)
                                  1.93   data arrival time

                  0.15   10.00   10.00   clock clk (rise edge)
                          0.00   10.00   clock network delay (ideal)
                         -0.25    9.75   clock uncertainty
                          0.00    9.75   clock reconvergence pessimism
                                  9.75 ^ _161_/CLK (sky130_fd_sc_hd__dfxtp_1)
                         -0.08    9.67   library setup time
                                  9.67   data required time
-----------------------------------------------------------------------------
                                  9.67   data required time
                                 -1.93   data arrival time
-----------------------------------------------------------------------------
                                  7.73   slack (MET)


Startpoint: _153_ (rising edge-triggered flip-flop clocked by clk)
Endpoint: _149_ (rising edge-triggered flip-flop clocked by clk)
Path Group: clk
Path Type: max

Fanout     Cap    Slew   Delay    Time   Description
-----------------------------------------------------------------------------
                  0.15    0.00    0.00   clock clk (rise edge)
                          0.00    0.00   clock network delay (ideal)
                  0.15    0.00    0.00 ^ _153_/CLK (sky130_fd_sc_hd__dfxtp_1)
     5    0.01    0.14    0.43    0.43 ^ _153_/Q (sky130_fd_sc_hd__dfxtp_1)
                                         display_module.counter[9] (net)
                  0.14    0.00    0.43 ^ _080_/C_N (sky130_fd_sc_hd__or4bb_1)
     1    0.00    0.07    0.49    0.92 v _080_/X (sky130_fd_sc_hd__or4bb_1)
                                         _042_ (net)
                  0.07    0.00    0.92 v _081_/D (sky130_fd_sc_hd__or4_1)
     1    0.00    0.09    0.44    1.36 v _081_/X (sky130_fd_sc_hd__or4_1)
                                         _043_ (net)
                  0.09    0.00    1.36 v _083_/C (sky130_fd_sc_hd__nor4_2)
     4    0.01    0.41    0.40    1.76 ^ _083_/Y (sky130_fd_sc_hd__nor4_2)
                                         _045_ (net)
                  0.41    0.00    1.76 ^ _097_/A (sky130_fd_sc_hd__nor3_1)
     1    0.00    0.09    0.11    1.87 v _097_/Y (sky130_fd_sc_hd__nor3_1)
                                         _005_ (net)
                  0.09    0.00    1.87 v _149_/D (sky130_fd_sc_hd__dfxtp_1)
                                  1.87   data arrival time

                  0.15   10.00   10.00   clock clk (rise edge)
                          0.00   10.00   clock network delay (ideal)
                         -0.25    9.75   clock uncertainty
                          0.00    9.75   clock reconvergence pessimism
                                  9.75 ^ _149_/CLK (sky130_fd_sc_hd__dfxtp_1)
                         -0.10    9.65   library setup time
                                  9.65   data required time
-----------------------------------------------------------------------------
                                  9.65   data required time
                                 -1.87   data arrival time
-----------------------------------------------------------------------------
                                  7.77   slack (MET)


Startpoint: _153_ (rising edge-triggered flip-flop clocked by clk)
Endpoint: _159_ (rising edge-triggered flip-flop clocked by clk)
Path Group: clk
Path Type: max

Fanout     Cap    Slew   Delay    Time   Description
-----------------------------------------------------------------------------
                  0.15    0.00    0.00   clock clk (rise edge)
                          0.00    0.00   clock network delay (ideal)
                  0.15    0.00    0.00 ^ _153_/CLK (sky130_fd_sc_hd__dfxtp_1)
     5    0.01    0.14    0.43    0.43 ^ _153_/Q (sky130_fd_sc_hd__dfxtp_1)
                                         display_module.counter[9] (net)
                  0.14    0.00    0.43 ^ _080_/C_N (sky130_fd_sc_hd__or4bb_1)
     1    0.00    0.07    0.49    0.92 v _080_/X (sky130_fd_sc_hd__or4bb_1)
                                         _042_ (net)
                  0.07    0.00    0.92 v _081_/D (sky130_fd_sc_hd__or4_1)
     1    0.00    0.09    0.44    1.36 v _081_/X (sky130_fd_sc_hd__or4_1)
                                         _043_ (net)
                  0.09    0.00    1.36 v _083_/C (sky130_fd_sc_hd__nor4_2)
     4    0.01    0.41    0.40    1.76 ^ _083_/Y (sky130_fd_sc_hd__nor4_2)
                                         _045_ (net)
                  0.41    0.00    1.76 ^ _127_/A (sky130_fd_sc_hd__nor3_1)
     1    0.00    0.08    0.11    1.87 v _127_/Y (sky130_fd_sc_hd__nor3_1)
                                         _015_ (net)
                  0.08    0.00    1.87 v _159_/D (sky130_fd_sc_hd__dfxtp_1)
                                  1.87   data arrival time

                  0.15   10.00   10.00   clock clk (rise edge)
                          0.00   10.00   clock network delay (ideal)
                         -0.25    9.75   clock uncertainty
                          0.00    9.75   clock reconvergence pessimism
                                  9.75 ^ _159_/CLK (sky130_fd_sc_hd__dfxtp_1)
                         -0.10    9.65   library setup time
                                  9.65   data required time
-----------------------------------------------------------------------------
                                  9.65   data required time
                                 -1.87   data arrival time
-----------------------------------------------------------------------------
                                  7.77   slack (MET)


Startpoint: _153_ (rising edge-triggered flip-flop clocked by clk)
Endpoint: _144_ (rising edge-triggered flip-flop clocked by clk)
Path Group: clk
Path Type: max

Fanout     Cap    Slew   Delay    Time   Description
-----------------------------------------------------------------------------
                  0.15    0.00    0.00   clock clk (rise edge)
                          0.00    0.00   clock network delay (ideal)
                  0.15    0.00    0.00 ^ _153_/CLK (sky130_fd_sc_hd__dfxtp_1)
     5    0.01    0.14    0.43    0.43 ^ _153_/Q (sky130_fd_sc_hd__dfxtp_1)
                                         display_module.counter[9] (net)
                  0.14    0.00    0.43 ^ _080_/C_N (sky130_fd_sc_hd__or4bb_1)
     1    0.00    0.07    0.49    0.92 v _080_/X (sky130_fd_sc_hd__or4bb_1)
                                         _042_ (net)
                  0.07    0.00    0.92 v _081_/D (sky130_fd_sc_hd__or4_1)
     1    0.00    0.09    0.44    1.36 v _081_/X (sky130_fd_sc_hd__or4_1)
                                         _043_ (net)
                  0.09    0.00    1.36 v _083_/C (sky130_fd_sc_hd__nor4_2)
     4    0.01    0.41    0.40    1.76 ^ _083_/Y (sky130_fd_sc_hd__nor4_2)
                                         _045_ (net)
                  0.41    0.00    1.76 ^ _084_/B (sky130_fd_sc_hd__nor2_1)
     1    0.00    0.07    0.07    1.83 v _084_/Y (sky130_fd_sc_hd__nor2_1)
                                         _000_ (net)
                  0.07    0.00    1.83 v _144_/D (sky130_fd_sc_hd__dfxtp_1)
                                  1.83   data arrival time

                  0.15   10.00   10.00   clock clk (rise edge)
                          0.00   10.00   clock network delay (ideal)
                         -0.25    9.75   clock uncertainty
                          0.00    9.75   clock reconvergence pessimism
                                  9.75 ^ _144_/CLK (sky130_fd_sc_hd__dfxtp_1)
                         -0.10    9.65   library setup time
                                  9.65   data required time
-----------------------------------------------------------------------------
                                  9.65   data required time
                                 -1.83   data arrival time
-----------------------------------------------------------------------------
                                  7.82   slack (MET)


Startpoint: _144_ (rising edge-triggered flip-flop clocked by clk)
Endpoint: _158_ (rising edge-triggered flip-flop clocked by clk)
Path Group: clk
Path Type: max

Fanout     Cap    Slew   Delay    Time   Description
-----------------------------------------------------------------------------
                  0.15    0.00    0.00   clock clk (rise edge)
                          0.00    0.00   clock network delay (ideal)
                  0.15    0.00    0.00 ^ _144_/CLK (sky130_fd_sc_hd__dfxtp_1)
     6    0.01    0.14    0.43    0.43 ^ _144_/Q (sky130_fd_sc_hd__dfxtp_1)
                                         display_module.counter[0] (net)
                  0.14    0.00    0.43 ^ _090_/B (sky130_fd_sc_hd__and4_1)
     5    0.01    0.14    0.29    0.72 ^ _090_/X (sky130_fd_sc_hd__and4_1)
                                         _049_ (net)
                  0.14    0.00    0.72 ^ _098_/D (sky130_fd_sc_hd__and4_1)
     5    0.01    0.14    0.29    1.01 ^ _098_/X (sky130_fd_sc_hd__and4_1)
                                         _054_ (net)
                  0.14    0.00    1.01 ^ _114_/C (sky130_fd_sc_hd__and4_1)
     1    0.00    0.05    0.20    1.21 ^ _114_/X (sky130_fd_sc_hd__and4_1)
                                         _065_ (net)
                  0.05    0.00    1.21 ^ _115_/A (sky130_fd_sc_hd__dlymetal6s2s_1)
     6    0.02    0.19    0.20    1.41 ^ _115_/X (sky130_fd_sc_hd__dlymetal6s2s_1)
                                         _066_ (net)
                  0.19    0.00    1.41 ^ _123_/B (sky130_fd_sc_hd__and3_1)
     2    0.00    0.07    0.20    1.61 ^ _123_/X (sky130_fd_sc_hd__and3_1)
                                         _023_ (net)
                  0.07    0.00    1.61 ^ _124_/B1_N (sky130_fd_sc_hd__o21ba_1)
     1    0.00    0.03    0.14    1.76 v _124_/X (sky130_fd_sc_hd__o21ba_1)
                                         _014_ (net)
                  0.03    0.00    1.76 v _158_/D (sky130_fd_sc_hd__dfxtp_1)
                                  1.76   data arrival time

                  0.15   10.00   10.00   clock clk (rise edge)
                          0.00   10.00   clock network delay (ideal)
                         -0.25    9.75   clock uncertainty
                          0.00    9.75   clock reconvergence pessimism
                                  9.75 ^ _158_/CLK (sky130_fd_sc_hd__dfxtp_1)
                         -0.08    9.67   library setup time
                                  9.67   data required time
-----------------------------------------------------------------------------
                                  9.67   data required time
                                 -1.76   data arrival time
-----------------------------------------------------------------------------
                                  7.91   slack (MET)


Startpoint: _144_ (rising edge-triggered flip-flop clocked by clk)
Endpoint: _157_ (rising edge-triggered flip-flop clocked by clk)
Path Group: clk
Path Type: max

Fanout     Cap    Slew   Delay    Time   Description
-----------------------------------------------------------------------------
                  0.15    0.00    0.00   clock clk (rise edge)
                          0.00    0.00   clock network delay (ideal)
                  0.15    0.00    0.00 ^ _144_/CLK (sky130_fd_sc_hd__dfxtp_1)
     6    0.01    0.14    0.43    0.43 ^ _144_/Q (sky130_fd_sc_hd__dfxtp_1)
                                         display_module.counter[0] (net)
                  0.14    0.00    0.43 ^ _090_/B (sky130_fd_sc_hd__and4_1)
     5    0.01    0.14    0.29    0.72 ^ _090_/X (sky130_fd_sc_hd__and4_1)
                                         _049_ (net)
                  0.14    0.00    0.72 ^ _098_/D (sky130_fd_sc_hd__and4_1)
     5    0.01    0.14    0.29    1.01 ^ _098_/X (sky130_fd_sc_hd__and4_1)
                                         _054_ (net)
                  0.14    0.00    1.01 ^ _114_/C (sky130_fd_sc_hd__and4_1)
     1    0.00    0.05    0.20    1.21 ^ _114_/X (sky130_fd_sc_hd__and4_1)
                                         _065_ (net)
                  0.05    0.00    1.21 ^ _115_/A (sky130_fd_sc_hd__dlymetal6s2s_1)
     6    0.02    0.19    0.20    1.41 ^ _115_/X (sky130_fd_sc_hd__dlymetal6s2s_1)
                                         _066_ (net)
                  0.19    0.00    1.41 ^ _120_/C (sky130_fd_sc_hd__and3_1)
     2    0.01    0.08    0.21    1.62 ^ _120_/X (sky130_fd_sc_hd__and3_1)
                                         _069_ (net)
                  0.08    0.00    1.62 ^ _121_/B (sky130_fd_sc_hd__nor2_1)
     1    0.00    0.03    0.04    1.66 v _121_/Y (sky130_fd_sc_hd__nor2_1)
                                         _013_ (net)
                  0.03    0.00    1.66 v _157_/D (sky130_fd_sc_hd__dfxtp_1)
                                  1.66   data arrival time

                  0.15   10.00   10.00   clock clk (rise edge)
                          0.00   10.00   clock network delay (ideal)
                         -0.25    9.75   clock uncertainty
                          0.00    9.75   clock reconvergence pessimism
                                  9.75 ^ _157_/CLK (sky130_fd_sc_hd__dfxtp_1)
                         -0.08    9.67   library setup time
                                  9.67   data required time
-----------------------------------------------------------------------------
                                  9.67   data required time
                                 -1.66   data arrival time
-----------------------------------------------------------------------------
                                  8.01   slack (MET)


Startpoint: _144_ (rising edge-triggered flip-flop clocked by clk)
Endpoint: _156_ (rising edge-triggered flip-flop clocked by clk)
Path Group: clk
Path Type: max

Fanout     Cap    Slew   Delay    Time   Description
-----------------------------------------------------------------------------
                  0.15    0.00    0.00   clock clk (rise edge)
                          0.00    0.00   clock network delay (ideal)
                  0.15    0.00    0.00 ^ _144_/CLK (sky130_fd_sc_hd__dfxtp_1)
     6    0.01    0.14    0.43    0.43 ^ _144_/Q (sky130_fd_sc_hd__dfxtp_1)
                                         display_module.counter[0] (net)
                  0.14    0.00    0.43 ^ _090_/B (sky130_fd_sc_hd__and4_1)
     5    0.01    0.14    0.29    0.72 ^ _090_/X (sky130_fd_sc_hd__and4_1)
                                         _049_ (net)
                  0.14    0.00    0.72 ^ _098_/D (sky130_fd_sc_hd__and4_1)
     5    0.01    0.14    0.29    1.01 ^ _098_/X (sky130_fd_sc_hd__and4_1)
                                         _054_ (net)
                  0.14    0.00    1.01 ^ _114_/C (sky130_fd_sc_hd__and4_1)
     1    0.00    0.05    0.20    1.21 ^ _114_/X (sky130_fd_sc_hd__and4_1)
                                         _065_ (net)
                  0.05    0.00    1.21 ^ _115_/A (sky130_fd_sc_hd__dlymetal6s2s_1)
     6    0.02    0.19    0.20    1.41 ^ _115_/X (sky130_fd_sc_hd__dlymetal6s2s_1)
                                         _066_ (net)
                  0.19    0.00    1.41 ^ _118_/B (sky130_fd_sc_hd__xor2_1)
     1    0.00    0.10    0.15    1.57 ^ _118_/X (sky130_fd_sc_hd__xor2_1)
                                         _012_ (net)
                  0.10    0.00    1.57 ^ _156_/D (sky130_fd_sc_hd__dfxtp_1)
                                  1.57   data arrival time

                  0.15   10.00   10.00   clock clk (rise edge)
                          0.00   10.00   clock network delay (ideal)
                         -0.25    9.75   clock uncertainty
                          0.00    9.75   clock reconvergence pessimism
                                  9.75 ^ _156_/CLK (sky130_fd_sc_hd__dfxtp_1)
                         -0.05    9.70   library setup time
                                  9.70   data required time
-----------------------------------------------------------------------------
                                  9.70   data required time
                                 -1.57   data arrival time
-----------------------------------------------------------------------------
                                  8.13   slack (MET)


Startpoint: _144_ (rising edge-triggered flip-flop clocked by clk)
Endpoint: _155_ (rising edge-triggered flip-flop clocked by clk)
Path Group: clk
Path Type: max

Fanout     Cap    Slew   Delay    Time   Description
-----------------------------------------------------------------------------
                  0.15    0.00    0.00   clock clk (rise edge)
                          0.00    0.00   clock network delay (ideal)
                  0.15    0.00    0.00 ^ _144_/CLK (sky130_fd_sc_hd__dfxtp_1)
     6    0.01    0.14    0.43    0.43 ^ _144_/Q (sky130_fd_sc_hd__dfxtp_1)
                                         display_module.counter[0] (net)
                  0.14    0.00    0.43 ^ _090_/B (sky130_fd_sc_hd__and4_1)
     5    0.01    0.14    0.29    0.72 ^ _090_/X (sky130_fd_sc_hd__and4_1)
                                         _049_ (net)
                  0.14    0.00    0.72 ^ _098_/D (sky130_fd_sc_hd__and4_1)
     5    0.01    0.14    0.29    1.01 ^ _098_/X (sky130_fd_sc_hd__and4_1)
                                         _054_ (net)
                  0.14    0.00    1.01 ^ _114_/C (sky130_fd_sc_hd__and4_1)
     1    0.00    0.05    0.20    1.21 ^ _114_/X (sky130_fd_sc_hd__and4_1)
                                         _065_ (net)
                  0.05    0.00    1.21 ^ _115_/A (sky130_fd_sc_hd__dlymetal6s2s_1)
     6    0.02    0.19    0.20    1.41 ^ _115_/X (sky130_fd_sc_hd__dlymetal6s2s_1)
                                         _066_ (net)
                  0.19    0.00    1.41 ^ _117_/A (sky130_fd_sc_hd__nor2_1)
     1    0.00    0.05    0.07    1.48 v _117_/Y (sky130_fd_sc_hd__nor2_1)
                                         _011_ (net)
                  0.05    0.00    1.48 v _155_/D (sky130_fd_sc_hd__dfxtp_1)
                                  1.48   data arrival time

                  0.15   10.00   10.00   clock clk (rise edge)
                          0.00   10.00   clock network delay (ideal)
                         -0.25    9.75   clock uncertainty
                          0.00    9.75   clock reconvergence pessimism
                                  9.75 ^ _155_/CLK (sky130_fd_sc_hd__dfxtp_1)
                         -0.09    9.66   library setup time
                                  9.66   data required time
-----------------------------------------------------------------------------
                                  9.66   data required time
                                 -1.48   data arrival time
-----------------------------------------------------------------------------
                                  8.18   slack (MET)


Startpoint: _144_ (rising edge-triggered flip-flop clocked by clk)
Endpoint: _152_ (rising edge-triggered flip-flop clocked by clk)
Path Group: clk
Path Type: max

Fanout     Cap    Slew   Delay    Time   Description
-----------------------------------------------------------------------------
                  0.15    0.00    0.00   clock clk (rise edge)
                          0.00    0.00   clock network delay (ideal)
                  0.15    0.00    0.00 ^ _144_/CLK (sky130_fd_sc_hd__dfxtp_1)
     6    0.01    0.14    0.43    0.43 ^ _144_/Q (sky130_fd_sc_hd__dfxtp_1)
                                         display_module.counter[0] (net)
                  0.14    0.00    0.43 ^ _090_/B (sky130_fd_sc_hd__and4_1)
     5    0.01    0.14    0.29    0.72 ^ _090_/X (sky130_fd_sc_hd__and4_1)
                                         _049_ (net)
                  0.14    0.00    0.72 ^ _098_/D (sky130_fd_sc_hd__and4_1)
     5    0.01    0.14    0.29    1.01 ^ _098_/X (sky130_fd_sc_hd__and4_1)
                                         _054_ (net)
                  0.14    0.00    1.01 ^ _101_/B (sky130_fd_sc_hd__and2_1)
     1    0.00    0.04    0.14    1.15 ^ _101_/X (sky130_fd_sc_hd__and2_1)
                                         _056_ (net)
                  0.04    0.00    1.15 ^ _102_/A (sky130_fd_sc_hd__dlymetal6s2s_1)
     5    0.02    0.18    0.19    1.35 ^ _102_/X (sky130_fd_sc_hd__dlymetal6s2s_1)
                                         _057_ (net)
                  0.18    0.00    1.35 ^ _105_/B (sky130_fd_sc_hd__xor2_1)
     1    0.00    0.10    0.15    1.50 ^ _105_/X (sky130_fd_sc_hd__xor2_1)
                                         _008_ (net)
                  0.10    0.00    1.50 ^ _152_/D (sky130_fd_sc_hd__dfxtp_1)
                                  1.50   data arrival time

                  0.15   10.00   10.00   clock clk (rise edge)
                          0.00   10.00   clock network delay (ideal)
                         -0.25    9.75   clock uncertainty
                          0.00    9.75   clock reconvergence pessimism
                                  9.75 ^ _152_/CLK (sky130_fd_sc_hd__dfxtp_1)
                         -0.05    9.70   library setup time
                                  9.70   data required time
-----------------------------------------------------------------------------
                                  9.70   data required time
                                 -1.50   data arrival time
-----------------------------------------------------------------------------
                                  8.20   slack (MET)


Startpoint: _144_ (rising edge-triggered flip-flop clocked by clk)
Endpoint: _150_ (rising edge-triggered flip-flop clocked by clk)
Path Group: clk
Path Type: max

Fanout     Cap    Slew   Delay    Time   Description
-----------------------------------------------------------------------------
                  0.15    0.00    0.00   clock clk (rise edge)
                          0.00    0.00   clock network delay (ideal)
                  0.15    0.00    0.00 ^ _144_/CLK (sky130_fd_sc_hd__dfxtp_1)
     6    0.01    0.14    0.43    0.43 ^ _144_/Q (sky130_fd_sc_hd__dfxtp_1)
                                         display_module.counter[0] (net)
                  0.14    0.00    0.43 ^ _090_/B (sky130_fd_sc_hd__and4_1)
     5    0.01    0.14    0.29    0.72 ^ _090_/X (sky130_fd_sc_hd__and4_1)
                                         _049_ (net)
                  0.14    0.00    0.72 ^ _098_/D (sky130_fd_sc_hd__and4_1)
     5    0.01    0.14    0.29    1.01 ^ _098_/X (sky130_fd_sc_hd__and4_1)
                                         _054_ (net)
                  0.14    0.00    1.01 ^ _100_/A (sky130_fd_sc_hd__nor2_1)
     1    0.00    0.04    0.06    1.07 v _100_/Y (sky130_fd_sc_hd__nor2_1)
                                         _006_ (net)
                  0.04    0.00    1.07 v _150_/D (sky130_fd_sc_hd__dfxtp_1)
                                  1.07   data arrival time

                  0.15   10.00   10.00   clock clk (rise edge)
                          0.00   10.00   clock network delay (ideal)
                         -0.25    9.75   clock uncertainty
                          0.00    9.75   clock reconvergence pessimism
                                  9.75 ^ _150_/CLK (sky130_fd_sc_hd__dfxtp_1)
                         -0.08    9.67   library setup time
                                  9.67   data required time
-----------------------------------------------------------------------------
                                  9.67   data required time
                                 -1.07   data arrival time
-----------------------------------------------------------------------------
                                  8.59   slack (MET)


Startpoint: _144_ (rising edge-triggered flip-flop clocked by clk)
Endpoint: _147_ (rising edge-triggered flip-flop clocked by clk)
Path Group: clk
Path Type: max

Fanout     Cap    Slew   Delay    Time   Description
-----------------------------------------------------------------------------
                  0.15    0.00    0.00   clock clk (rise edge)
                          0.00    0.00   clock network delay (ideal)
                  0.15    0.00    0.00 ^ _144_/CLK (sky130_fd_sc_hd__dfxtp_1)
     6    0.01    0.14    0.43    0.43 ^ _144_/Q (sky130_fd_sc_hd__dfxtp_1)
                                         display_module.counter[0] (net)
                  0.14    0.00    0.43 ^ _090_/B (sky130_fd_sc_hd__and4_1)
     5    0.01    0.14    0.29    0.72 ^ _090_/X (sky130_fd_sc_hd__and4_1)
                                         _049_ (net)
                  0.14    0.00    0.72 ^ _092_/A_N (sky130_fd_sc_hd__and2b_1)
     1    0.00    0.03    0.20    0.92 v _092_/X (sky130_fd_sc_hd__and2b_1)
                                         _051_ (net)
                  0.03    0.00    0.92 v _093_/A (sky130_fd_sc_hd__clkbuf_1)
     1    0.00    0.02    0.08    1.00 v _093_/X (sky130_fd_sc_hd__clkbuf_1)
                                         _003_ (net)
                  0.02    0.00    1.00 v _147_/D (sky130_fd_sc_hd__dfxtp_1)
                                  1.00   data arrival time

                  0.15   10.00   10.00   clock clk (rise edge)
                          0.00   10.00   clock network delay (ideal)
                         -0.25    9.75   clock uncertainty
                          0.00    9.75   clock reconvergence pessimism
                                  9.75 ^ _147_/CLK (sky130_fd_sc_hd__dfxtp_1)
                         -0.08    9.67   library setup time
                                  9.67   data required time
-----------------------------------------------------------------------------
                                  9.67   data required time
                                 -1.00   data arrival time
-----------------------------------------------------------------------------
                                  8.67   slack (MET)


Startpoint: _144_ (rising edge-triggered flip-flop clocked by clk)
Endpoint: _148_ (rising edge-triggered flip-flop clocked by clk)
Path Group: clk
Path Type: max

Fanout     Cap    Slew   Delay    Time   Description
-----------------------------------------------------------------------------
                  0.15    0.00    0.00   clock clk (rise edge)
                          0.00    0.00   clock network delay (ideal)
                  0.15    0.00    0.00 ^ _144_/CLK (sky130_fd_sc_hd__dfxtp_1)
     6    0.01    0.14    0.43    0.43 ^ _144_/Q (sky130_fd_sc_hd__dfxtp_1)
                                         display_module.counter[0] (net)
                  0.14    0.00    0.43 ^ _090_/B (sky130_fd_sc_hd__and4_1)
     5    0.01    0.14    0.29    0.72 ^ _090_/X (sky130_fd_sc_hd__and4_1)
                                         _049_ (net)
                  0.14    0.00    0.72 ^ _094_/B (sky130_fd_sc_hd__xor2_1)
     1    0.00    0.10    0.15    0.87 ^ _094_/X (sky130_fd_sc_hd__xor2_1)
                                         _004_ (net)
                  0.10    0.00    0.87 ^ _148_/D (sky130_fd_sc_hd__dfxtp_1)
                                  0.87   data arrival time

                  0.15   10.00   10.00   clock clk (rise edge)
                          0.00   10.00   clock network delay (ideal)
                         -0.25    9.75   clock uncertainty
                          0.00    9.75   clock reconvergence pessimism
                                  9.75 ^ _148_/CLK (sky130_fd_sc_hd__dfxtp_1)
                         -0.05    9.70   library setup time
                                  9.70   data required time
-----------------------------------------------------------------------------
                                  9.70   data required time
                                 -0.87   data arrival time
-----------------------------------------------------------------------------
                                  8.83   slack (MET)


Startpoint: _145_ (rising edge-triggered flip-flop clocked by clk)
Endpoint: _145_ (rising edge-triggered flip-flop clocked by clk)
Path Group: clk
Path Type: max

Fanout     Cap    Slew   Delay    Time   Description
-----------------------------------------------------------------------------
                  0.15    0.00    0.00   clock clk (rise edge)
                          0.00    0.00   clock network delay (ideal)
                  0.15    0.00    0.00 ^ _145_/CLK (sky130_fd_sc_hd__dfxtp_1)
     5    0.01    0.06    0.38    0.38 v _145_/Q (sky130_fd_sc_hd__dfxtp_1)
                                         display_module.counter[1] (net)
                  0.06    0.00    0.38 v _085_/A (sky130_fd_sc_hd__or2_1)
     1    0.00    0.04    0.23    0.60 v _085_/X (sky130_fd_sc_hd__or2_1)
                                         _046_ (net)
                  0.04    0.00    0.60 v _087_/A (sky130_fd_sc_hd__and2_1)
     1    0.00    0.03    0.14    0.74 v _087_/X (sky130_fd_sc_hd__and2_1)
                                         _048_ (net)
                  0.03    0.00    0.74 v _088_/A (sky130_fd_sc_hd__clkbuf_1)
     1    0.00    0.02    0.08    0.82 v _088_/X (sky130_fd_sc_hd__clkbuf_1)
                                         _001_ (net)
                  0.02    0.00    0.82 v _145_/D (sky130_fd_sc_hd__dfxtp_1)
                                  0.82   data arrival time

                  0.15   10.00   10.00   clock clk (rise edge)
                          0.00   10.00   clock network delay (ideal)
                         -0.25    9.75   clock uncertainty
                          0.00    9.75   clock reconvergence pessimism
                                  9.75 ^ _145_/CLK (sky130_fd_sc_hd__dfxtp_1)
                         -0.08    9.67   library setup time
                                  9.67   data required time
-----------------------------------------------------------------------------
                                  9.67   data required time
                                 -0.82   data arrival time
-----------------------------------------------------------------------------
                                  8.86   slack (MET)


Startpoint: _144_ (rising edge-triggered flip-flop clocked by clk)
Endpoint: _146_ (rising edge-triggered flip-flop clocked by clk)
Path Group: clk
Path Type: max

Fanout     Cap    Slew   Delay    Time   Description
-----------------------------------------------------------------------------
                  0.15    0.00    0.00   clock clk (rise edge)
                          0.00    0.00   clock network delay (ideal)
                  0.15    0.00    0.00 ^ _144_/CLK (sky130_fd_sc_hd__dfxtp_1)
     6    0.01    0.14    0.43    0.43 ^ _144_/Q (sky130_fd_sc_hd__dfxtp_1)
                                         display_module.counter[0] (net)
                  0.14    0.00    0.43 ^ _086_/B (sky130_fd_sc_hd__nand2_1)
     2    0.01    0.06    0.10    0.53 v _086_/Y (sky130_fd_sc_hd__nand2_1)
                                         _047_ (net)
                  0.06    0.00    0.53 v _089_/B (sky130_fd_sc_hd__xnor2_1)
     1    0.00    0.04    0.13    0.66 v _089_/Y (sky130_fd_sc_hd__xnor2_1)
                                         _002_ (net)
                  0.04    0.00    0.66 v _146_/D (sky130_fd_sc_hd__dfxtp_1)
                                  0.66   data arrival time

                  0.15   10.00   10.00   clock clk (rise edge)
                          0.00   10.00   clock network delay (ideal)
                         -0.25    9.75   clock uncertainty
                          0.00    9.75   clock reconvergence pessimism
                                  9.75 ^ _146_/CLK (sky130_fd_sc_hd__dfxtp_1)
                         -0.08    9.67   library setup time
                                  9.67   data required time
-----------------------------------------------------------------------------
                                  9.67   data required time
                                 -0.66   data arrival time
-----------------------------------------------------------------------------
                                  9.01   slack (MET)



worst slack corner Typical: 6.7659
