
===========================================================================
report_checks -path_delay min (Hold)
============================================================================
======================= Typical Corner ===================================

Startpoint: _163_ (rising edge-triggered flip-flop clocked by clk)
Endpoint: _163_ (rising edge-triggered flip-flop clocked by clk)
Path Group: clk
Path Type: min

Fanout     Cap    Slew   Delay    Time   Description
-----------------------------------------------------------------------------
                  0.15    0.00    0.00   clock clk (rise edge)
                          0.00    0.00   clock network delay (ideal)
                  0.15    0.00    0.00 ^ _163_/CLK (sky130_fd_sc_hd__dfxtp_1)
     2    0.01    0.08    0.35    0.35 ^ _163_/Q (sky130_fd_sc_hd__dfxtp_1)
                                         display_module.counter[19] (net)
                  0.08    0.00    0.35 ^ _137_/A (sky130_fd_sc_hd__xor2_1)
     1    0.00    0.03    0.06    0.41 v _137_/X (sky130_fd_sc_hd__xor2_1)
                                         _019_ (net)
                  0.03    0.00    0.41 v _163_/D (sky130_fd_sc_hd__dfxtp_1)
                                  0.41   data arrival time

                  0.15    0.00    0.00   clock clk (rise edge)
                          0.00    0.00   clock network delay (ideal)
                          0.25    0.25   clock uncertainty
                          0.00    0.25   clock reconvergence pessimism
                                  0.25 ^ _163_/CLK (sky130_fd_sc_hd__dfxtp_1)
                         -0.02    0.23   library hold time
                                  0.23   data required time
-----------------------------------------------------------------------------
                                  0.23   data required time
                                 -0.41   data arrival time
-----------------------------------------------------------------------------
                                  0.19   slack (MET)


Startpoint: _144_ (rising edge-triggered flip-flop clocked by clk)
Endpoint: _144_ (rising edge-triggered flip-flop clocked by clk)
Path Group: clk
Path Type: min

Fanout     Cap    Slew   Delay    Time   Description
-----------------------------------------------------------------------------
                  0.15    0.00    0.00   clock clk (rise edge)
                          0.00    0.00   clock network delay (ideal)
                  0.15    0.00    0.00 ^ _144_/CLK (sky130_fd_sc_hd__dfxtp_1)
     6    0.01    0.07    0.35    0.35 v _144_/Q (sky130_fd_sc_hd__dfxtp_1)
                                         display_module.counter[0] (net)
                  0.07    0.00    0.35 v _084_/A (sky130_fd_sc_hd__nor2_1)
     1    0.00    0.06    0.09    0.44 ^ _084_/Y (sky130_fd_sc_hd__nor2_1)
                                         _000_ (net)
                  0.06    0.00    0.44 ^ _144_/D (sky130_fd_sc_hd__dfxtp_1)
                                  0.44   data arrival time

                  0.15    0.00    0.00   clock clk (rise edge)
                          0.00    0.00   clock network delay (ideal)
                          0.25    0.25   clock uncertainty
                          0.00    0.25   clock reconvergence pessimism
                                  0.25 ^ _144_/CLK (sky130_fd_sc_hd__dfxtp_1)
                         -0.02    0.23   library hold time
                                  0.23   data required time
-----------------------------------------------------------------------------
                                  0.23   data required time
                                 -0.44   data arrival time
-----------------------------------------------------------------------------
                                  0.21   slack (MET)


Startpoint: _161_ (rising edge-triggered flip-flop clocked by clk)
Endpoint: _161_ (rising edge-triggered flip-flop clocked by clk)
Path Group: clk
Path Type: min

Fanout     Cap    Slew   Delay    Time   Description
-----------------------------------------------------------------------------
                  0.15    0.00    0.00   clock clk (rise edge)
                          0.00    0.00   clock network delay (ideal)
                  0.15    0.00    0.00 ^ _161_/CLK (sky130_fd_sc_hd__dfxtp_1)
     4    0.01    0.12    0.37    0.37 ^ _161_/Q (sky130_fd_sc_hd__dfxtp_1)
                                         display_module.counter[17] (net)
                  0.12    0.00    0.37 ^ _132_/A (sky130_fd_sc_hd__xnor2_1)
     1    0.00    0.03    0.07    0.45 v _132_/Y (sky130_fd_sc_hd__xnor2_1)
                                         _017_ (net)
                  0.03    0.00    0.45 v _161_/D (sky130_fd_sc_hd__dfxtp_1)
                                  0.45   data arrival time

                  0.15    0.00    0.00   clock clk (rise edge)
                          0.00    0.00   clock network delay (ideal)
                          0.25    0.25   clock uncertainty
                          0.00    0.25   clock reconvergence pessimism
                                  0.25 ^ _161_/CLK (sky130_fd_sc_hd__dfxtp_1)
                         -0.02    0.23   library hold time
                                  0.23   data required time
-----------------------------------------------------------------------------
                                  0.23   data required time
                                 -0.45   data arrival time
-----------------------------------------------------------------------------
                                  0.22   slack (MET)


Startpoint: _155_ (rising edge-triggered flip-flop clocked by clk)
Endpoint: _155_ (rising edge-triggered flip-flop clocked by clk)
Path Group: clk
Path Type: min

Fanout     Cap    Slew   Delay    Time   Description
-----------------------------------------------------------------------------
                  0.15    0.00    0.00   clock clk (rise edge)
                          0.00    0.00   clock network delay (ideal)
                  0.15    0.00    0.00 ^ _155_/CLK (sky130_fd_sc_hd__dfxtp_1)
     3    0.01    0.04    0.32    0.32 v _155_/Q (sky130_fd_sc_hd__dfxtp_1)
                                         display_module.counter[11] (net)
                  0.04    0.00    0.32 v _116_/A (sky130_fd_sc_hd__nor2_1)
     1    0.00    0.08    0.09    0.41 ^ _116_/Y (sky130_fd_sc_hd__nor2_1)
                                         _067_ (net)
                  0.08    0.00    0.41 ^ _117_/B (sky130_fd_sc_hd__nor2_1)
     1    0.00    0.03    0.04    0.45 v _117_/Y (sky130_fd_sc_hd__nor2_1)
                                         _011_ (net)
                  0.03    0.00    0.45 v _155_/D (sky130_fd_sc_hd__dfxtp_1)
                                  0.45   data arrival time

                  0.15    0.00    0.00   clock clk (rise edge)
                          0.00    0.00   clock network delay (ideal)
                          0.25    0.25   clock uncertainty
                          0.00    0.25   clock reconvergence pessimism
                                  0.25 ^ _155_/CLK (sky130_fd_sc_hd__dfxtp_1)
                         -0.02    0.23   library hold time
                                  0.23   data required time
-----------------------------------------------------------------------------
                                  0.23   data required time
                                 -0.45   data arrival time
-----------------------------------------------------------------------------
                                  0.22   slack (MET)


Startpoint: _150_ (rising edge-triggered flip-flop clocked by clk)
Endpoint: _150_ (rising edge-triggered flip-flop clocked by clk)
Path Group: clk
Path Type: min

Fanout     Cap    Slew   Delay    Time   Description
-----------------------------------------------------------------------------
                  0.15    0.00    0.00   clock clk (rise edge)
                          0.00    0.00   clock network delay (ideal)
                  0.15    0.00    0.00 ^ _150_/CLK (sky130_fd_sc_hd__dfxtp_1)
     3    0.01    0.08    0.35    0.35 ^ _150_/Q (sky130_fd_sc_hd__dfxtp_1)
                                         display_module.counter[6] (net)
                  0.08    0.00    0.35 ^ _099_/A (sky130_fd_sc_hd__nor2_1)
     1    0.00    0.03    0.05    0.39 v _099_/Y (sky130_fd_sc_hd__nor2_1)
                                         _055_ (net)
                  0.03    0.00    0.39 v _100_/B (sky130_fd_sc_hd__nor2_1)
     1    0.00    0.06    0.06    0.45 ^ _100_/Y (sky130_fd_sc_hd__nor2_1)
                                         _006_ (net)
                  0.06    0.00    0.45 ^ _150_/D (sky130_fd_sc_hd__dfxtp_1)
                                  0.45   data arrival time

                  0.15    0.00    0.00   clock clk (rise edge)
                          0.00    0.00   clock network delay (ideal)
                          0.25    0.25   clock uncertainty
                          0.00    0.25   clock reconvergence pessimism
                                  0.25 ^ _150_/CLK (sky130_fd_sc_hd__dfxtp_1)
                         -0.02    0.23   library hold time
                                  0.23   data required time
-----------------------------------------------------------------------------
                                  0.23   data required time
                                 -0.45   data arrival time
-----------------------------------------------------------------------------
                                  0.22   slack (MET)


Startpoint: _146_ (rising edge-triggered flip-flop clocked by clk)
Endpoint: _146_ (rising edge-triggered flip-flop clocked by clk)
Path Group: clk
Path Type: min

Fanout     Cap    Slew   Delay    Time   Description
-----------------------------------------------------------------------------
                  0.15    0.00    0.00   clock clk (rise edge)
                          0.00    0.00   clock network delay (ideal)
                  0.15    0.00    0.00 ^ _146_/CLK (sky130_fd_sc_hd__dfxtp_1)
     4    0.01    0.13    0.38    0.38 ^ _146_/Q (sky130_fd_sc_hd__dfxtp_1)
                                         display_module.counter[2] (net)
                  0.13    0.00    0.38 ^ _089_/A (sky130_fd_sc_hd__xnor2_1)
     1    0.00    0.03    0.07    0.46 v _089_/Y (sky130_fd_sc_hd__xnor2_1)
                                         _002_ (net)
                  0.03    0.00    0.46 v _146_/D (sky130_fd_sc_hd__dfxtp_1)
                                  0.46   data arrival time

                  0.15    0.00    0.00   clock clk (rise edge)
                          0.00    0.00   clock network delay (ideal)
                          0.25    0.25   clock uncertainty
                          0.00    0.25   clock reconvergence pessimism
                                  0.25 ^ _146_/CLK (sky130_fd_sc_hd__dfxtp_1)
                         -0.02    0.23   library hold time
                                  0.23   data required time
-----------------------------------------------------------------------------
                                  0.23   data required time
                                 -0.46   data arrival time
-----------------------------------------------------------------------------
                                  0.23   slack (MET)


Startpoint: _148_ (rising edge-triggered flip-flop clocked by clk)
Endpoint: _148_ (rising edge-triggered flip-flop clocked by clk)
Path Group: clk
Path Type: min

Fanout     Cap    Slew   Delay    Time   Description
-----------------------------------------------------------------------------
                  0.15    0.00    0.00   clock clk (rise edge)
                          0.00    0.00   clock network delay (ideal)
                  0.15    0.00    0.00 ^ _148_/CLK (sky130_fd_sc_hd__dfxtp_1)
     5    0.01    0.13    0.38    0.38 ^ _148_/Q (sky130_fd_sc_hd__dfxtp_1)
                                         display_module.counter[4] (net)
                  0.13    0.00    0.38 ^ _094_/A (sky130_fd_sc_hd__xor2_1)
     1    0.00    0.03    0.07    0.46 v _094_/X (sky130_fd_sc_hd__xor2_1)
                                         _004_ (net)
                  0.03    0.00    0.46 v _148_/D (sky130_fd_sc_hd__dfxtp_1)
                                  0.46   data arrival time

                  0.15    0.00    0.00   clock clk (rise edge)
                          0.00    0.00   clock network delay (ideal)
                          0.25    0.25   clock uncertainty
                          0.00    0.25   clock reconvergence pessimism
                                  0.25 ^ _148_/CLK (sky130_fd_sc_hd__dfxtp_1)
                         -0.02    0.23   library hold time
                                  0.23   data required time
-----------------------------------------------------------------------------
                                  0.23   data required time
                                 -0.46   data arrival time
-----------------------------------------------------------------------------
                                  0.23   slack (MET)


Startpoint: _156_ (rising edge-triggered flip-flop clocked by clk)
Endpoint: _156_ (rising edge-triggered flip-flop clocked by clk)
Path Group: clk
Path Type: min

Fanout     Cap    Slew   Delay    Time   Description
-----------------------------------------------------------------------------
                  0.15    0.00    0.00   clock clk (rise edge)
                          0.00    0.00   clock network delay (ideal)
                  0.15    0.00    0.00 ^ _156_/CLK (sky130_fd_sc_hd__dfxtp_1)
     5    0.01    0.14    0.39    0.39 ^ _156_/Q (sky130_fd_sc_hd__dfxtp_1)
                                         display_module.counter[12] (net)
                  0.14    0.00    0.39 ^ _118_/A (sky130_fd_sc_hd__xor2_1)
     1    0.00    0.03    0.07    0.46 v _118_/X (sky130_fd_sc_hd__xor2_1)
                                         _012_ (net)
                  0.03    0.00    0.46 v _156_/D (sky130_fd_sc_hd__dfxtp_1)
                                  0.46   data arrival time

                  0.15    0.00    0.00   clock clk (rise edge)
                          0.00    0.00   clock network delay (ideal)
                          0.25    0.25   clock uncertainty
                          0.00    0.25   clock reconvergence pessimism
                                  0.25 ^ _156_/CLK (sky130_fd_sc_hd__dfxtp_1)
                         -0.02    0.23   library hold time
                                  0.23   data required time
-----------------------------------------------------------------------------
                                  0.23   data required time
                                 -0.46   data arrival time
-----------------------------------------------------------------------------
                                  0.24   slack (MET)


Startpoint: _158_ (rising edge-triggered flip-flop clocked by clk)
Endpoint: _158_ (rising edge-triggered flip-flop clocked by clk)
Path Group: clk
Path Type: min

Fanout     Cap    Slew   Delay    Time   Description
-----------------------------------------------------------------------------
                  0.15    0.00    0.00   clock clk (rise edge)
                          0.00    0.00   clock network delay (ideal)
                  0.15    0.00    0.00 ^ _158_/CLK (sky130_fd_sc_hd__dfxtp_1)
     4    0.01    0.09    0.36    0.36 ^ _158_/Q (sky130_fd_sc_hd__dfxtp_1)
                                         display_module.counter[14] (net)
                  0.09    0.00    0.36 ^ _124_/A1 (sky130_fd_sc_hd__o21ba_1)
     1    0.00    0.04    0.12    0.48 ^ _124_/X (sky130_fd_sc_hd__o21ba_1)
                                         _014_ (net)
                  0.04    0.00    0.48 ^ _158_/D (sky130_fd_sc_hd__dfxtp_1)
                                  0.48   data arrival time

                  0.15    0.00    0.00   clock clk (rise edge)
                          0.00    0.00   clock network delay (ideal)
                          0.25    0.25   clock uncertainty
                          0.00    0.25   clock reconvergence pessimism
                                  0.25 ^ _158_/CLK (sky130_fd_sc_hd__dfxtp_1)
                         -0.02    0.23   library hold time
                                  0.23   data required time
-----------------------------------------------------------------------------
                                  0.23   data required time
                                 -0.48   data arrival time
-----------------------------------------------------------------------------
                                  0.24   slack (MET)


Startpoint: _159_ (rising edge-triggered flip-flop clocked by clk)
Endpoint: _159_ (rising edge-triggered flip-flop clocked by clk)
Path Group: clk
Path Type: min

Fanout     Cap    Slew   Delay    Time   Description
-----------------------------------------------------------------------------
                  0.15    0.00    0.00   clock clk (rise edge)
                          0.00    0.00   clock network delay (ideal)
                  0.15    0.00    0.00 ^ _159_/CLK (sky130_fd_sc_hd__dfxtp_1)
     3    0.01    0.04    0.32    0.32 v _159_/Q (sky130_fd_sc_hd__dfxtp_1)
                                         display_module.counter[15] (net)
                  0.04    0.00    0.32 v _125_/A (sky130_fd_sc_hd__nor2_1)
     1    0.00    0.08    0.09    0.42 ^ _125_/Y (sky130_fd_sc_hd__nor2_1)
                                         _024_ (net)
                  0.08    0.00    0.42 ^ _127_/B (sky130_fd_sc_hd__nor3_1)
     1    0.00    0.03    0.05    0.47 v _127_/Y (sky130_fd_sc_hd__nor3_1)
                                         _015_ (net)
                  0.03    0.00    0.47 v _159_/D (sky130_fd_sc_hd__dfxtp_1)
                                  0.47   data arrival time

                  0.15    0.00    0.00   clock clk (rise edge)
                          0.00    0.00   clock network delay (ideal)
                          0.25    0.25   clock uncertainty
                          0.00    0.25   clock reconvergence pessimism
                                  0.25 ^ _159_/CLK (sky130_fd_sc_hd__dfxtp_1)
                         -0.02    0.23   library hold time
                                  0.23   data required time
-----------------------------------------------------------------------------
                                  0.23   data required time
                                 -0.47   data arrival time
-----------------------------------------------------------------------------
                                  0.24   slack (MET)


Startpoint: _157_ (rising edge-triggered flip-flop clocked by clk)
Endpoint: _157_ (rising edge-triggered flip-flop clocked by clk)
Path Group: clk
Path Type: min

Fanout     Cap    Slew   Delay    Time   Description
-----------------------------------------------------------------------------
                  0.15    0.00    0.00   clock clk (rise edge)
                          0.00    0.00   clock network delay (ideal)
                  0.15    0.00    0.00 ^ _157_/CLK (sky130_fd_sc_hd__dfxtp_1)
     4    0.01    0.09    0.35    0.35 ^ _157_/Q (sky130_fd_sc_hd__dfxtp_1)
                                         display_module.counter[13] (net)
                  0.09    0.00    0.35 ^ _119_/B1 (sky130_fd_sc_hd__a21oi_1)
     1    0.00    0.03    0.04    0.40 v _119_/Y (sky130_fd_sc_hd__a21oi_1)
                                         _068_ (net)
                  0.03    0.00    0.40 v _121_/A (sky130_fd_sc_hd__nor2_1)
     1    0.00    0.06    0.08    0.47 ^ _121_/Y (sky130_fd_sc_hd__nor2_1)
                                         _013_ (net)
                  0.06    0.00    0.47 ^ _157_/D (sky130_fd_sc_hd__dfxtp_1)
                                  0.47   data arrival time

                  0.15    0.00    0.00   clock clk (rise edge)
                          0.00    0.00   clock network delay (ideal)
                          0.25    0.25   clock uncertainty
                          0.00    0.25   clock reconvergence pessimism
                                  0.25 ^ _157_/CLK (sky130_fd_sc_hd__dfxtp_1)
                         -0.02    0.23   library hold time
                                  0.23   data required time
-----------------------------------------------------------------------------
                                  0.23   data required time
                                 -0.47   data arrival time
-----------------------------------------------------------------------------
                                  0.25   slack (MET)


Startpoint: _151_ (rising edge-triggered flip-flop clocked by clk)
Endpoint: _151_ (rising edge-triggered flip-flop clocked by clk)
Path Group: clk
Path Type: min

Fanout     Cap    Slew   Delay    Time   Description
-----------------------------------------------------------------------------
                  0.15    0.00    0.00   clock clk (rise edge)
                          0.00    0.00   clock network delay (ideal)
                  0.15    0.00    0.00 ^ _151_/CLK (sky130_fd_sc_hd__dfxtp_1)
     5    0.01    0.11    0.37    0.37 ^ _151_/Q (sky130_fd_sc_hd__dfxtp_1)
                                         display_module.counter[7] (net)
                  0.11    0.00    0.37 ^ _104_/A1 (sky130_fd_sc_hd__o21a_1)
     1    0.00    0.03    0.12    0.49 ^ _104_/X (sky130_fd_sc_hd__o21a_1)
                                         _007_ (net)
                  0.03    0.00    0.49 ^ _151_/D (sky130_fd_sc_hd__dfxtp_1)
                                  0.49   data arrival time

                  0.15    0.00    0.00   clock clk (rise edge)
                          0.00    0.00   clock network delay (ideal)
                          0.25    0.25   clock uncertainty
                          0.00    0.25   clock reconvergence pessimism
                                  0.25 ^ _151_/CLK (sky130_fd_sc_hd__dfxtp_1)
                         -0.02    0.23   library hold time
                                  0.23   data required time
-----------------------------------------------------------------------------
                                  0.23   data required time
                                 -0.49   data arrival time
-----------------------------------------------------------------------------
                                  0.26   slack (MET)


Startpoint: _165_ (rising edge-triggered flip-flop clocked by clk)
Endpoint: _165_ (rising edge-triggered flip-flop clocked by clk)
Path Group: clk
Path Type: min

Fanout     Cap    Slew   Delay    Time   Description
-----------------------------------------------------------------------------
                  0.15    0.00    0.00   clock clk (rise edge)
                          0.00    0.00   clock network delay (ideal)
                  0.15    0.00    0.00 ^ _165_/CLK (sky130_fd_sc_hd__dfxtp_1)
     6    0.01    0.13    0.38    0.38 ^ _165_/Q (sky130_fd_sc_hd__dfxtp_1)
                                         display_module.pos[1] (net)
                  0.13    0.00    0.38 ^ _143_/A1 (sky130_fd_sc_hd__a21o_1)
     1    0.00    0.03    0.11    0.50 ^ _143_/X (sky130_fd_sc_hd__a21o_1)
                                         _021_ (net)
                  0.03    0.00    0.50 ^ _165_/D (sky130_fd_sc_hd__dfxtp_1)
                                  0.50   data arrival time

                  0.15    0.00    0.00   clock clk (rise edge)
                          0.00    0.00   clock network delay (ideal)
                          0.25    0.25   clock uncertainty
                          0.00    0.25   clock reconvergence pessimism
                                  0.25 ^ _165_/CLK (sky130_fd_sc_hd__dfxtp_1)
                         -0.01    0.24   library hold time
                                  0.24   data required time
-----------------------------------------------------------------------------
                                  0.24   data required time
                                 -0.50   data arrival time
-----------------------------------------------------------------------------
                                  0.26   slack (MET)


Startpoint: _149_ (rising edge-triggered flip-flop clocked by clk)
Endpoint: _149_ (rising edge-triggered flip-flop clocked by clk)
Path Group: clk
Path Type: min

Fanout     Cap    Slew   Delay    Time   Description
-----------------------------------------------------------------------------
                  0.15    0.00    0.00   clock clk (rise edge)
                          0.00    0.00   clock network delay (ideal)
                  0.15    0.00    0.00 ^ _149_/CLK (sky130_fd_sc_hd__dfxtp_1)
     4    0.01    0.05    0.33    0.33 v _149_/Q (sky130_fd_sc_hd__dfxtp_1)
                                         display_module.counter[5] (net)
                  0.05    0.00    0.33 v _096_/B1 (sky130_fd_sc_hd__a21oi_1)
     1    0.00    0.09    0.11    0.44 ^ _096_/Y (sky130_fd_sc_hd__a21oi_1)
                                         _053_ (net)
                  0.09    0.00    0.44 ^ _097_/C (sky130_fd_sc_hd__nor3_1)
     1    0.00    0.03    0.05    0.49 v _097_/Y (sky130_fd_sc_hd__nor3_1)
                                         _005_ (net)
                  0.03    0.00    0.49 v _149_/D (sky130_fd_sc_hd__dfxtp_1)
                                  0.49   data arrival time

                  0.15    0.00    0.00   clock clk (rise edge)
                          0.00    0.00   clock network delay (ideal)
                          0.25    0.25   clock uncertainty
                          0.00    0.25   clock reconvergence pessimism
                                  0.25 ^ _149_/CLK (sky130_fd_sc_hd__dfxtp_1)
                         -0.02    0.23   library hold time
                                  0.23   data required time
-----------------------------------------------------------------------------
                                  0.23   data required time
                                 -0.49   data arrival time
-----------------------------------------------------------------------------
                                  0.26   slack (MET)


Startpoint: _153_ (rising edge-triggered flip-flop clocked by clk)
Endpoint: _153_ (rising edge-triggered flip-flop clocked by clk)
Path Group: clk
Path Type: min

Fanout     Cap    Slew   Delay    Time   Description
-----------------------------------------------------------------------------
                  0.15    0.00    0.00   clock clk (rise edge)
                          0.00    0.00   clock network delay (ideal)
                  0.15    0.00    0.00 ^ _153_/CLK (sky130_fd_sc_hd__dfxtp_1)
     5    0.01    0.14    0.39    0.39 ^ _153_/Q (sky130_fd_sc_hd__dfxtp_1)
                                         display_module.counter[9] (net)
                  0.14    0.00    0.39 ^ _107_/A2 (sky130_fd_sc_hd__a311oi_1)
     1    0.00    0.04    0.10    0.48 v _107_/Y (sky130_fd_sc_hd__a311oi_1)
                                         _009_ (net)
                  0.04    0.00    0.48 v _153_/D (sky130_fd_sc_hd__dfxtp_1)
                                  0.48   data arrival time

                  0.15    0.00    0.00   clock clk (rise edge)
                          0.00    0.00   clock network delay (ideal)
                          0.25    0.25   clock uncertainty
                          0.00    0.25   clock reconvergence pessimism
                                  0.25 ^ _153_/CLK (sky130_fd_sc_hd__dfxtp_1)
                         -0.03    0.22   library hold time
                                  0.22   data required time
-----------------------------------------------------------------------------
                                  0.22   data required time
                                 -0.48   data arrival time
-----------------------------------------------------------------------------
                                  0.26   slack (MET)


Startpoint: _152_ (rising edge-triggered flip-flop clocked by clk)
Endpoint: _152_ (rising edge-triggered flip-flop clocked by clk)
Path Group: clk
Path Type: min

Fanout     Cap    Slew   Delay    Time   Description
-----------------------------------------------------------------------------
                  0.15    0.00    0.00   clock clk (rise edge)
                          0.00    0.00   clock network delay (ideal)
                  0.15    0.00    0.00 ^ _152_/CLK (sky130_fd_sc_hd__dfxtp_1)
     6    0.02    0.17    0.41    0.41 ^ _152_/Q (sky130_fd_sc_hd__dfxtp_1)
                                         display_module.counter[8] (net)
                  0.17    0.00    0.41 ^ _105_/A (sky130_fd_sc_hd__xor2_1)
     1    0.00    0.03    0.08    0.49 v _105_/X (sky130_fd_sc_hd__xor2_1)
                                         _008_ (net)
                  0.03    0.00    0.49 v _152_/D (sky130_fd_sc_hd__dfxtp_1)
                                  0.49   data arrival time

                  0.15    0.00    0.00   clock clk (rise edge)
                          0.00    0.00   clock network delay (ideal)
                          0.25    0.25   clock uncertainty
                          0.00    0.25   clock reconvergence pessimism
                                  0.25 ^ _152_/CLK (sky130_fd_sc_hd__dfxtp_1)
                         -0.02    0.23   library hold time
                                  0.23   data required time
-----------------------------------------------------------------------------
                                  0.23   data required time
                                 -0.49   data arrival time
-----------------------------------------------------------------------------
                                  0.26   slack (MET)


Startpoint: _147_ (rising edge-triggered flip-flop clocked by clk)
Endpoint: _147_ (rising edge-triggered flip-flop clocked by clk)
Path Group: clk
Path Type: min

Fanout     Cap    Slew   Delay    Time   Description
-----------------------------------------------------------------------------
                  0.15    0.00    0.00   clock clk (rise edge)
                          0.00    0.00   clock network delay (ideal)
                  0.15    0.00    0.00 ^ _147_/CLK (sky130_fd_sc_hd__dfxtp_1)
     3    0.01    0.07    0.34    0.34 ^ _147_/Q (sky130_fd_sc_hd__dfxtp_1)
                                         display_module.counter[3] (net)
                  0.07    0.00    0.34 ^ _091_/B1 (sky130_fd_sc_hd__a31o_1)
     1    0.00    0.03    0.08    0.43 ^ _091_/X (sky130_fd_sc_hd__a31o_1)
                                         _050_ (net)
                  0.03    0.00    0.43 ^ _092_/B (sky130_fd_sc_hd__and2b_1)
     1    0.00    0.04    0.10    0.53 ^ _092_/X (sky130_fd_sc_hd__and2b_1)
                                         _051_ (net)
                  0.04    0.00    0.53 ^ _093_/A (sky130_fd_sc_hd__clkbuf_1)
     1    0.00    0.04    0.07    0.60 ^ _093_/X (sky130_fd_sc_hd__clkbuf_1)
                                         _003_ (net)
                  0.04    0.00    0.60 ^ _147_/D (sky130_fd_sc_hd__dfxtp_1)
                                  0.60   data arrival time

                  0.15    0.00    0.00   clock clk (rise edge)
                          0.00    0.00   clock network delay (ideal)
                          0.25    0.25   clock uncertainty
                          0.00    0.25   clock reconvergence pessimism
                                  0.25 ^ _147_/CLK (sky130_fd_sc_hd__dfxtp_1)
                         -0.02    0.23   library hold time
                                  0.23   data required time
-----------------------------------------------------------------------------
                                  0.23   data required time
                                 -0.60   data arrival time
-----------------------------------------------------------------------------
                                  0.36   slack (MET)


Startpoint: _145_ (rising edge-triggered flip-flop clocked by clk)
Endpoint: _145_ (rising edge-triggered flip-flop clocked by clk)
Path Group: clk
Path Type: min

Fanout     Cap    Slew   Delay    Time   Description
-----------------------------------------------------------------------------
                  0.15    0.00    0.00   clock clk (rise edge)
                          0.00    0.00   clock network delay (ideal)
                  0.15    0.00    0.00 ^ _145_/CLK (sky130_fd_sc_hd__dfxtp_1)
     5    0.01    0.06    0.34    0.34 v _145_/Q (sky130_fd_sc_hd__dfxtp_1)
                                         display_module.counter[1] (net)
                  0.06    0.00    0.34 v _086_/A (sky130_fd_sc_hd__nand2_1)
     2    0.01    0.07    0.08    0.42 ^ _086_/Y (sky130_fd_sc_hd__nand2_1)
                                         _047_ (net)
                  0.07    0.00    0.42 ^ _087_/B (sky130_fd_sc_hd__and2_1)
     1    0.00    0.05    0.12    0.53 ^ _087_/X (sky130_fd_sc_hd__and2_1)
                                         _048_ (net)
                  0.05    0.00    0.53 ^ _088_/A (sky130_fd_sc_hd__clkbuf_1)
     1    0.00    0.03    0.07    0.60 ^ _088_/X (sky130_fd_sc_hd__clkbuf_1)
                                         _001_ (net)
                  0.03    0.00    0.60 ^ _145_/D (sky130_fd_sc_hd__dfxtp_1)
                                  0.60   data arrival time

                  0.15    0.00    0.00   clock clk (rise edge)
                          0.00    0.00   clock network delay (ideal)
                          0.25    0.25   clock uncertainty
                          0.00    0.25   clock reconvergence pessimism
                                  0.25 ^ _145_/CLK (sky130_fd_sc_hd__dfxtp_1)
                         -0.02    0.23   library hold time
                                  0.23   data required time
-----------------------------------------------------------------------------
                                  0.23   data required time
                                 -0.60   data arrival time
-----------------------------------------------------------------------------
                                  0.37   slack (MET)


Startpoint: _164_ (rising edge-triggered flip-flop clocked by clk)
Endpoint: _164_ (rising edge-triggered flip-flop clocked by clk)
Path Group: clk
Path Type: min

Fanout     Cap    Slew   Delay    Time   Description
-----------------------------------------------------------------------------
                  0.15    0.00    0.00   clock clk (rise edge)
                          0.00    0.00   clock network delay (ideal)
                  0.15    0.00    0.00 ^ _164_/CLK (sky130_fd_sc_hd__dfxtp_1)
     7    0.01    0.07    0.35    0.35 v _164_/Q (sky130_fd_sc_hd__dfxtp_1)
                                         display_module.pos[0] (net)
                  0.07    0.00    0.35 v _139_/A (sky130_fd_sc_hd__nand2_1)
     2    0.00    0.05    0.07    0.42 ^ _139_/Y (sky130_fd_sc_hd__nand2_1)
                                         _033_ (net)
                  0.05    0.00    0.42 ^ _140_/B (sky130_fd_sc_hd__and2_1)
     1    0.00    0.05    0.11    0.53 ^ _140_/X (sky130_fd_sc_hd__and2_1)
                                         _034_ (net)
                  0.05    0.00    0.53 ^ _141_/A (sky130_fd_sc_hd__clkbuf_1)
     1    0.00    0.04    0.07    0.60 ^ _141_/X (sky130_fd_sc_hd__clkbuf_1)
                                         _020_ (net)
                  0.04    0.00    0.60 ^ _164_/D (sky130_fd_sc_hd__dfxtp_1)
                                  0.60   data arrival time

                  0.15    0.00    0.00   clock clk (rise edge)
                          0.00    0.00   clock network delay (ideal)
                          0.25    0.25   clock uncertainty
                          0.00    0.25   clock reconvergence pessimism
                                  0.25 ^ _164_/CLK (sky130_fd_sc_hd__dfxtp_1)
                         -0.02    0.23   library hold time
                                  0.23   data required time
-----------------------------------------------------------------------------
                                  0.23   data required time
                                 -0.60   data arrival time
-----------------------------------------------------------------------------
                                  0.37   slack (MET)


Startpoint: _162_ (rising edge-triggered flip-flop clocked by clk)
Endpoint: _162_ (rising edge-triggered flip-flop clocked by clk)
Path Group: clk
Path Type: min

Fanout     Cap    Slew   Delay    Time   Description
-----------------------------------------------------------------------------
                  0.15    0.00    0.00   clock clk (rise edge)
                          0.00    0.00   clock network delay (ideal)
                  0.15    0.00    0.00 ^ _162_/CLK (sky130_fd_sc_hd__dfxtp_1)
     3    0.01    0.07    0.34    0.34 ^ _162_/Q (sky130_fd_sc_hd__dfxtp_1)
                                         display_module.counter[18] (net)
                  0.07    0.00    0.34 ^ _134_/B1 (sky130_fd_sc_hd__a31o_1)
     1    0.00    0.04    0.09    0.43 ^ _134_/X (sky130_fd_sc_hd__a31o_1)
                                         _030_ (net)
                  0.04    0.00    0.43 ^ _135_/B (sky130_fd_sc_hd__and2b_1)
     1    0.00    0.04    0.11    0.54 ^ _135_/X (sky130_fd_sc_hd__and2b_1)
                                         _031_ (net)
                  0.04    0.00    0.54 ^ _136_/A (sky130_fd_sc_hd__clkbuf_1)
     1    0.00    0.04    0.07    0.61 ^ _136_/X (sky130_fd_sc_hd__clkbuf_1)
                                         _018_ (net)
                  0.04    0.00    0.61 ^ _162_/D (sky130_fd_sc_hd__dfxtp_1)
                                  0.61   data arrival time

                  0.15    0.00    0.00   clock clk (rise edge)
                          0.00    0.00   clock network delay (ideal)
                          0.25    0.25   clock uncertainty
                          0.00    0.25   clock reconvergence pessimism
                                  0.25 ^ _162_/CLK (sky130_fd_sc_hd__dfxtp_1)
                         -0.02    0.23   library hold time
                                  0.23   data required time
-----------------------------------------------------------------------------
                                  0.23   data required time
                                 -0.61   data arrival time
-----------------------------------------------------------------------------
                                  0.37   slack (MET)


Startpoint: _160_ (rising edge-triggered flip-flop clocked by clk)
Endpoint: _160_ (rising edge-triggered flip-flop clocked by clk)
Path Group: clk
Path Type: min

Fanout     Cap    Slew   Delay    Time   Description
-----------------------------------------------------------------------------
                  0.15    0.00    0.00   clock clk (rise edge)
                          0.00    0.00   clock network delay (ideal)
                  0.15    0.00    0.00 ^ _160_/CLK (sky130_fd_sc_hd__dfxtp_1)
     5    0.01    0.06    0.34    0.34 v _160_/Q (sky130_fd_sc_hd__dfxtp_1)
                                         display_module.counter[16] (net)
                  0.06    0.00    0.34 v _129_/A (sky130_fd_sc_hd__nand2_1)
     2    0.01    0.07    0.08    0.42 ^ _129_/Y (sky130_fd_sc_hd__nand2_1)
                                         _027_ (net)
                  0.07    0.00    0.42 ^ _130_/C (sky130_fd_sc_hd__and3b_1)
     1    0.00    0.05    0.15    0.57 ^ _130_/X (sky130_fd_sc_hd__and3b_1)
                                         _028_ (net)
                  0.05    0.00    0.57 ^ _131_/A (sky130_fd_sc_hd__clkbuf_1)
     1    0.00    0.03    0.07    0.64 ^ _131_/X (sky130_fd_sc_hd__clkbuf_1)
                                         _016_ (net)
                  0.03    0.00    0.64 ^ _160_/D (sky130_fd_sc_hd__dfxtp_1)
                                  0.64   data arrival time

                  0.15    0.00    0.00   clock clk (rise edge)
                          0.00    0.00   clock network delay (ideal)
                          0.25    0.25   clock uncertainty
                          0.00    0.25   clock reconvergence pessimism
                                  0.25 ^ _160_/CLK (sky130_fd_sc_hd__dfxtp_1)
                         -0.02    0.23   library hold time
                                  0.23   data required time
-----------------------------------------------------------------------------
                                  0.23   data required time
                                 -0.64   data arrival time
-----------------------------------------------------------------------------
                                  0.40   slack (MET)


Startpoint: _154_ (rising edge-triggered flip-flop clocked by clk)
Endpoint: _154_ (rising edge-triggered flip-flop clocked by clk)
Path Group: clk
Path Type: min

Fanout     Cap    Slew   Delay    Time   Description
-----------------------------------------------------------------------------
                  0.15    0.00    0.00   clock clk (rise edge)
                          0.00    0.00   clock network delay (ideal)
                  0.15    0.00    0.00 ^ _154_/CLK (sky130_fd_sc_hd__dfxtp_1)
     3    0.01    0.08    0.35    0.35 ^ _154_/Q (sky130_fd_sc_hd__dfxtp_1)
                                         display_module.counter[10] (net)
                  0.08    0.00    0.35 ^ _108_/B1 (sky130_fd_sc_hd__a31o_1)
     1    0.00    0.03    0.09    0.44 ^ _108_/X (sky130_fd_sc_hd__a31o_1)
                                         _060_ (net)
                  0.03    0.00    0.44 ^ _112_/B (sky130_fd_sc_hd__and3b_1)
     1    0.00    0.05    0.13    0.57 ^ _112_/X (sky130_fd_sc_hd__and3b_1)
                                         _064_ (net)
                  0.05    0.00    0.57 ^ _113_/A (sky130_fd_sc_hd__clkbuf_1)
     1    0.00    0.04    0.07    0.64 ^ _113_/X (sky130_fd_sc_hd__clkbuf_1)
                                         _010_ (net)
                  0.04    0.00    0.64 ^ _154_/D (sky130_fd_sc_hd__dfxtp_1)
                                  0.64   data arrival time

                  0.15    0.00    0.00   clock clk (rise edge)
                          0.00    0.00   clock network delay (ideal)
                          0.25    0.25   clock uncertainty
                          0.00    0.25   clock reconvergence pessimism
                                  0.25 ^ _154_/CLK (sky130_fd_sc_hd__dfxtp_1)
                         -0.02    0.23   library hold time
                                  0.23   data required time
-----------------------------------------------------------------------------
                                  0.23   data required time
                                 -0.64   data arrival time
-----------------------------------------------------------------------------
                                  0.41   slack (MET)


Startpoint: _165_ (rising edge-triggered flip-flop clocked by clk)
Endpoint: an[3] (output port clocked by clk)
Path Group: clk
Path Type: min

Fanout     Cap    Slew   Delay    Time   Description
-----------------------------------------------------------------------------
                  0.15    0.00    0.00   clock clk (rise edge)
                          0.00    0.00   clock network delay (ideal)
                  0.15    0.00    0.00 ^ _165_/CLK (sky130_fd_sc_hd__dfxtp_1)
     6    0.01    0.06    0.35    0.35 v _165_/Q (sky130_fd_sc_hd__dfxtp_1)
                                         display_module.pos[1] (net)
                  0.06    0.00    0.35 v _076_/B (sky130_fd_sc_hd__nand2_1)
     1    0.01    0.08    0.09    0.44 ^ _076_/Y (sky130_fd_sc_hd__nand2_1)
                                         net4 (net)
                  0.08    0.00    0.44 ^ output4/A (sky130_fd_sc_hd__buf_2)
     1    0.03    0.17    0.20    0.64 ^ output4/X (sky130_fd_sc_hd__buf_2)
                                         an[3] (net)
                  0.17    0.00    0.64 ^ an[3] (out)
                                  0.64   data arrival time

                  0.15    0.00    0.00   clock clk (rise edge)
                          0.00    0.00   clock network delay (ideal)
                          0.25    0.25   clock uncertainty
                          0.00    0.25   clock reconvergence pessimism
                         -2.00   -1.75   output external delay
                                 -1.75   data required time
-----------------------------------------------------------------------------
                                 -1.75   data required time
                                 -0.64   data arrival time
-----------------------------------------------------------------------------
                                  2.39   slack (MET)


Startpoint: _165_ (rising edge-triggered flip-flop clocked by clk)
Endpoint: an[1] (output port clocked by clk)
Path Group: clk
Path Type: min

Fanout     Cap    Slew   Delay    Time   Description
-----------------------------------------------------------------------------
                  0.15    0.00    0.00   clock clk (rise edge)
                          0.00    0.00   clock network delay (ideal)
                  0.15    0.00    0.00 ^ _165_/CLK (sky130_fd_sc_hd__dfxtp_1)
     6    0.01    0.13    0.38    0.38 ^ _165_/Q (sky130_fd_sc_hd__dfxtp_1)
                                         display_module.pos[1] (net)
                  0.13    0.00    0.38 ^ _072_/A (sky130_fd_sc_hd__or2b_1)
     1    0.00    0.04    0.11    0.49 ^ _072_/X (sky130_fd_sc_hd__or2b_1)
                                         _037_ (net)
                  0.04    0.00    0.49 ^ _073_/A (sky130_fd_sc_hd__buf_1)
     1    0.01    0.09    0.11    0.59 ^ _073_/X (sky130_fd_sc_hd__buf_1)
                                         net2 (net)
                  0.09    0.00    0.59 ^ output2/A (sky130_fd_sc_hd__buf_2)
     1    0.03    0.17    0.20    0.80 ^ output2/X (sky130_fd_sc_hd__buf_2)
                                         an[1] (net)
                  0.17    0.00    0.80 ^ an[1] (out)
                                  0.80   data arrival time

                  0.15    0.00    0.00   clock clk (rise edge)
                          0.00    0.00   clock network delay (ideal)
                          0.25    0.25   clock uncertainty
                          0.00    0.25   clock reconvergence pessimism
                         -2.00   -1.75   output external delay
                                 -1.75   data required time
-----------------------------------------------------------------------------
                                 -1.75   data required time
                                 -0.80   data arrival time
-----------------------------------------------------------------------------
                                  2.55   slack (MET)


Startpoint: _165_ (rising edge-triggered flip-flop clocked by clk)
Endpoint: an[2] (output port clocked by clk)
Path Group: clk
Path Type: min

Fanout     Cap    Slew   Delay    Time   Description
-----------------------------------------------------------------------------
                  0.15    0.00    0.00   clock clk (rise edge)
                          0.00    0.00   clock network delay (ideal)
                  0.15    0.00    0.00 ^ _165_/CLK (sky130_fd_sc_hd__dfxtp_1)
     6    0.01    0.06    0.35    0.35 v _165_/Q (sky130_fd_sc_hd__dfxtp_1)
                                         display_module.pos[1] (net)
                  0.06    0.00    0.35 v _074_/B_N (sky130_fd_sc_hd__or2b_1)
     1    0.00    0.04    0.14    0.49 ^ _074_/X (sky130_fd_sc_hd__or2b_1)
                                         _038_ (net)
                  0.04    0.00    0.49 ^ _075_/A (sky130_fd_sc_hd__buf_1)
     1    0.01    0.09    0.11    0.59 ^ _075_/X (sky130_fd_sc_hd__buf_1)
                                         net3 (net)
                  0.09    0.00    0.59 ^ output3/A (sky130_fd_sc_hd__buf_2)
     1    0.03    0.17    0.21    0.80 ^ output3/X (sky130_fd_sc_hd__buf_2)
                                         an[2] (net)
                  0.17    0.00    0.80 ^ an[2] (out)
                                  0.80   data arrival time

                  0.15    0.00    0.00   clock clk (rise edge)
                          0.00    0.00   clock network delay (ideal)
                          0.25    0.25   clock uncertainty
                          0.00    0.25   clock reconvergence pessimism
                         -2.00   -1.75   output external delay
                                 -1.75   data required time
-----------------------------------------------------------------------------
                                 -1.75   data required time
                                 -0.80   data arrival time
-----------------------------------------------------------------------------
                                  2.55   slack (MET)


Startpoint: _165_ (rising edge-triggered flip-flop clocked by clk)
Endpoint: an[0] (output port clocked by clk)
Path Group: clk
Path Type: min

Fanout     Cap    Slew   Delay    Time   Description
-----------------------------------------------------------------------------
                  0.15    0.00    0.00   clock clk (rise edge)
                          0.00    0.00   clock network delay (ideal)
                  0.15    0.00    0.00 ^ _165_/CLK (sky130_fd_sc_hd__dfxtp_1)
     6    0.01    0.13    0.38    0.38 ^ _165_/Q (sky130_fd_sc_hd__dfxtp_1)
                                         display_module.pos[1] (net)
                  0.13    0.00    0.38 ^ _070_/B (sky130_fd_sc_hd__or2_1)
     1    0.00    0.04    0.11    0.49 ^ _070_/X (sky130_fd_sc_hd__or2_1)
                                         _036_ (net)
                  0.04    0.00    0.49 ^ _071_/A (sky130_fd_sc_hd__buf_1)
     1    0.01    0.10    0.11    0.60 ^ _071_/X (sky130_fd_sc_hd__buf_1)
                                         net1 (net)
                  0.10    0.00    0.60 ^ output1/A (sky130_fd_sc_hd__buf_2)
     1    0.03    0.17    0.21    0.80 ^ output1/X (sky130_fd_sc_hd__buf_2)
                                         an[0] (net)
                  0.17    0.00    0.81 ^ an[0] (out)
                                  0.81   data arrival time

                  0.15    0.00    0.00   clock clk (rise edge)
                          0.00    0.00   clock network delay (ideal)
                          0.25    0.25   clock uncertainty
                          0.00    0.25   clock reconvergence pessimism
                         -2.00   -1.75   output external delay
                                 -1.75   data required time
-----------------------------------------------------------------------------
                                 -1.75   data required time
                                 -0.81   data arrival time
-----------------------------------------------------------------------------
                                  2.56   slack (MET)



worst slack corner Typical: 0.1888
