
===========================================================================
report_checks -path_delay min (Hold)
============================================================================
======================= Fastest Corner ===================================

Startpoint: in[3] (input port clocked by __VIRTUAL_CLK__)
Endpoint: out[3] (output port clocked by __VIRTUAL_CLK__)
Path Group: __VIRTUAL_CLK__
Path Type: min
Corner: Fastest

Fanout     Cap    Slew   Delay    Time   Description
-----------------------------------------------------------------------------
                  0.00    0.00    0.00   clock __VIRTUAL_CLK__ (rise edge)
                          0.00    0.00   clock network delay (ideal)
                          2.00    2.00 ^ input external delay
     1    0.00    0.01    0.01    2.01 ^ in[3] (in)
                                         in[3] (net)
                  0.01    0.00    2.01 ^ input4/A (sky130_fd_sc_hd__clkbuf_1)
     2    0.01    0.09    0.09    2.09 ^ input4/X (sky130_fd_sc_hd__clkbuf_1)
                                         net4 (net)
                  0.09    0.00    2.09 ^ _24_/A1 (sky130_fd_sc_hd__a21boi_1)
     1    0.00    0.02    0.04    2.13 v _24_/Y (sky130_fd_sc_hd__a21boi_1)
                                         net12 (net)
                  0.02    0.00    2.13 v output12/A (sky130_fd_sc_hd__buf_2)
     1    0.03    0.06    0.11    2.24 v output12/X (sky130_fd_sc_hd__buf_2)
                                         out[3] (net)
                  0.06    0.00    2.24 v out[3] (out)
                                  2.24   data arrival time

                  0.00    0.00    0.00   clock __VIRTUAL_CLK__ (rise edge)
                          0.00    0.00   clock network delay (ideal)
                          0.25    0.25   clock uncertainty
                          0.00    0.25   clock reconvergence pessimism
                         -2.00   -1.75   output external delay
                                 -1.75   data required time
-----------------------------------------------------------------------------
                                 -1.75   data required time
                                 -2.24   data arrival time
-----------------------------------------------------------------------------
                                  3.99   slack (MET)


Startpoint: in[7] (input port clocked by __VIRTUAL_CLK__)
Endpoint: out[7] (output port clocked by __VIRTUAL_CLK__)
Path Group: __VIRTUAL_CLK__
Path Type: min
Corner: Fastest

Fanout     Cap    Slew   Delay    Time   Description
-----------------------------------------------------------------------------
                  0.00    0.00    0.00   clock __VIRTUAL_CLK__ (rise edge)
                          0.00    0.00   clock network delay (ideal)
                          2.00    2.00 ^ input external delay
     1    0.00    0.02    0.01    2.01 ^ in[7] (in)
                                         in[7] (net)
                  0.02    0.00    2.01 ^ input8/A (sky130_fd_sc_hd__buf_1)
     1    0.01    0.09    0.08    2.09 ^ input8/X (sky130_fd_sc_hd__buf_1)
                                         net8 (net)
                  0.09    0.00    2.09 ^ _18_/A (sky130_fd_sc_hd__xor2_1)
     1    0.01    0.04    0.06    2.15 v _18_/X (sky130_fd_sc_hd__xor2_1)
                                         net16 (net)
                  0.04    0.00    2.15 v output16/A (sky130_fd_sc_hd__buf_2)
     1    0.03    0.06    0.11    2.27 v output16/X (sky130_fd_sc_hd__buf_2)
                                         out[7] (net)
                  0.06    0.00    2.27 v out[7] (out)
                                  2.27   data arrival time

                  0.00    0.00    0.00   clock __VIRTUAL_CLK__ (rise edge)
                          0.00    0.00   clock network delay (ideal)
                          0.25    0.25   clock uncertainty
                          0.00    0.25   clock reconvergence pessimism
                         -2.00   -1.75   output external delay
                                 -1.75   data required time
-----------------------------------------------------------------------------
                                 -1.75   data required time
                                 -2.27   data arrival time
-----------------------------------------------------------------------------
                                  4.02   slack (MET)


Startpoint: in[0] (input port clocked by __VIRTUAL_CLK__)
Endpoint: out[1] (output port clocked by __VIRTUAL_CLK__)
Path Group: __VIRTUAL_CLK__
Path Type: min
Corner: Fastest

Fanout     Cap    Slew   Delay    Time   Description
-----------------------------------------------------------------------------
                  0.00    0.00    0.00   clock __VIRTUAL_CLK__ (rise edge)
                          0.00    0.00   clock network delay (ideal)
                          2.00    2.00 ^ input external delay
     1    0.00    0.02    0.01    2.01 ^ in[0] (in)
                                         in[0] (net)
                  0.02    0.00    2.01 ^ input1/A (sky130_fd_sc_hd__clkbuf_2)
     5    0.03    0.11    0.11    2.12 ^ input1/X (sky130_fd_sc_hd__clkbuf_2)
                                         net1 (net)
                  0.11    0.00    2.12 ^ _19_/B (sky130_fd_sc_hd__xor2_1)
     1    0.00    0.03    0.04    2.16 v _19_/X (sky130_fd_sc_hd__xor2_1)
                                         net10 (net)
                  0.03    0.00    2.16 v output10/A (sky130_fd_sc_hd__buf_2)
     1    0.03    0.06    0.11    2.27 v output10/X (sky130_fd_sc_hd__buf_2)
                                         out[1] (net)
                  0.06    0.00    2.27 v out[1] (out)
                                  2.27   data arrival time

                  0.00    0.00    0.00   clock __VIRTUAL_CLK__ (rise edge)
                          0.00    0.00   clock network delay (ideal)
                          0.25    0.25   clock uncertainty
                          0.00    0.25   clock reconvergence pessimism
                         -2.00   -1.75   output external delay
                                 -1.75   data required time
-----------------------------------------------------------------------------
                                 -1.75   data required time
                                 -2.27   data arrival time
-----------------------------------------------------------------------------
                                  4.02   slack (MET)


Startpoint: in[5] (input port clocked by __VIRTUAL_CLK__)
Endpoint: out[5] (output port clocked by __VIRTUAL_CLK__)
Path Group: __VIRTUAL_CLK__
Path Type: min
Corner: Fastest

Fanout     Cap    Slew   Delay    Time   Description
-----------------------------------------------------------------------------
                  0.00    0.00    0.00   clock __VIRTUAL_CLK__ (rise edge)
                          0.00    0.00   clock network delay (ideal)
                          2.00    2.00 v input external delay
     1    0.00    0.00    0.00    2.00 v in[5] (in)
                                         in[5] (net)
                  0.00    0.00    2.00 v input6/A (sky130_fd_sc_hd__buf_1)
     3    0.01    0.06    0.07    2.08 v input6/X (sky130_fd_sc_hd__buf_1)
                                         net6 (net)
                  0.06    0.00    2.08 v _13_/A (sky130_fd_sc_hd__xnor2_1)
     1    0.00    0.03    0.09    2.17 v _13_/Y (sky130_fd_sc_hd__xnor2_1)
                                         net14 (net)
                  0.03    0.00    2.17 v output14/A (sky130_fd_sc_hd__buf_2)
     1    0.03    0.06    0.11    2.28 v output14/X (sky130_fd_sc_hd__buf_2)
                                         out[5] (net)
                  0.06    0.00    2.28 v out[5] (out)
                                  2.28   data arrival time

                  0.00    0.00    0.00   clock __VIRTUAL_CLK__ (rise edge)
                          0.00    0.00   clock network delay (ideal)
                          0.25    0.25   clock uncertainty
                          0.00    0.25   clock reconvergence pessimism
                         -2.00   -1.75   output external delay
                                 -1.75   data required time
-----------------------------------------------------------------------------
                                 -1.75   data required time
                                 -2.28   data arrival time
-----------------------------------------------------------------------------
                                  4.03   slack (MET)


Startpoint: in[0] (input port clocked by __VIRTUAL_CLK__)
Endpoint: out[0] (output port clocked by __VIRTUAL_CLK__)
Path Group: __VIRTUAL_CLK__
Path Type: min
Corner: Fastest

Fanout     Cap    Slew   Delay    Time   Description
-----------------------------------------------------------------------------
                  0.00    0.00    0.00   clock __VIRTUAL_CLK__ (rise edge)
                          0.00    0.00   clock network delay (ideal)
                          2.00    2.00 v input external delay
     1    0.00    0.01    0.00    2.00 v in[0] (in)
                                         in[0] (net)
                  0.01    0.00    2.00 v input1/A (sky130_fd_sc_hd__clkbuf_2)
     5    0.02    0.07    0.09    2.10 v input1/X (sky130_fd_sc_hd__clkbuf_2)
                                         net1 (net)
                  0.07    0.00    2.10 v _25_/A (sky130_fd_sc_hd__clkbuf_1)
     1    0.01    0.03    0.08    2.17 v _25_/X (sky130_fd_sc_hd__clkbuf_1)
                                         net9 (net)
                  0.03    0.00    2.17 v output9/A (sky130_fd_sc_hd__buf_2)
     1    0.03    0.06    0.11    2.29 v output9/X (sky130_fd_sc_hd__buf_2)
                                         out[0] (net)
                  0.06    0.00    2.29 v out[0] (out)
                                  2.29   data arrival time

                  0.00    0.00    0.00   clock __VIRTUAL_CLK__ (rise edge)
                          0.00    0.00   clock network delay (ideal)
                          0.25    0.25   clock uncertainty
                          0.00    0.25   clock reconvergence pessimism
                         -2.00   -1.75   output external delay
                                 -1.75   data required time
-----------------------------------------------------------------------------
                                 -1.75   data required time
                                 -2.29   data arrival time
-----------------------------------------------------------------------------
                                  4.04   slack (MET)


Startpoint: in[4] (input port clocked by __VIRTUAL_CLK__)
Endpoint: out[4] (output port clocked by __VIRTUAL_CLK__)
Path Group: __VIRTUAL_CLK__
Path Type: min
Corner: Fastest

Fanout     Cap    Slew   Delay    Time   Description
-----------------------------------------------------------------------------
                  0.00    0.00    0.00   clock __VIRTUAL_CLK__ (rise edge)
                          0.00    0.00   clock network delay (ideal)
                          2.00    2.00 ^ input external delay
     1    0.00    0.01    0.01    2.01 ^ in[4] (in)
                                         in[4] (net)
                  0.01    0.00    2.01 ^ input5/A (sky130_fd_sc_hd__buf_1)
     4    0.01    0.10    0.09    2.10 ^ input5/X (sky130_fd_sc_hd__buf_1)
                                         net5 (net)
                  0.10    0.00    2.10 ^ _11_/A (sky130_fd_sc_hd__and2_1)
     1    0.01    0.06    0.10    2.20 ^ _11_/X (sky130_fd_sc_hd__and2_1)
                                         _02_ (net)
                  0.06    0.00    2.20 ^ _12_/B (sky130_fd_sc_hd__nor2_1)
     1    0.00    0.02    0.03    2.23 v _12_/Y (sky130_fd_sc_hd__nor2_1)
                                         net13 (net)
                  0.02    0.00    2.23 v output13/A (sky130_fd_sc_hd__buf_2)
     1    0.03    0.06    0.11    2.34 v output13/X (sky130_fd_sc_hd__buf_2)
                                         out[4] (net)
                  0.06    0.00    2.34 v out[4] (out)
                                  2.34   data arrival time

                  0.00    0.00    0.00   clock __VIRTUAL_CLK__ (rise edge)
                          0.00    0.00   clock network delay (ideal)
                          0.25    0.25   clock uncertainty
                          0.00    0.25   clock reconvergence pessimism
                         -2.00   -1.75   output external delay
                                 -1.75   data required time
-----------------------------------------------------------------------------
                                 -1.75   data required time
                                 -2.34   data arrival time
-----------------------------------------------------------------------------
                                  4.09   slack (MET)


Startpoint: in[2] (input port clocked by __VIRTUAL_CLK__)
Endpoint: out[2] (output port clocked by __VIRTUAL_CLK__)
Path Group: __VIRTUAL_CLK__
Path Type: min
Corner: Fastest

Fanout     Cap    Slew   Delay    Time   Description
-----------------------------------------------------------------------------
                  0.00    0.00    0.00   clock __VIRTUAL_CLK__ (rise edge)
                          0.00    0.00   clock network delay (ideal)
                          2.00    2.00 v input external delay
     1    0.00    0.00    0.00    2.00 v in[2] (in)
                                         in[2] (net)
                  0.00    0.00    2.00 v input3/A (sky130_fd_sc_hd__buf_1)
     3    0.01    0.05    0.07    2.08 v input3/X (sky130_fd_sc_hd__buf_1)
                                         net3 (net)
                  0.05    0.00    2.08 v _21_/B1 (sky130_fd_sc_hd__o21ai_1)
     1    0.00    0.05    0.06    2.13 ^ _21_/Y (sky130_fd_sc_hd__o21ai_1)
                                         _07_ (net)
                  0.05    0.00    2.13 ^ _22_/B (sky130_fd_sc_hd__and2_1)
     1    0.00    0.04    0.07    2.21 ^ _22_/X (sky130_fd_sc_hd__and2_1)
                                         _08_ (net)
                  0.04    0.00    2.21 ^ _23_/A (sky130_fd_sc_hd__clkbuf_1)
     1    0.00    0.04    0.06    2.27 ^ _23_/X (sky130_fd_sc_hd__clkbuf_1)
                                         net11 (net)
                  0.04    0.00    2.27 ^ output11/A (sky130_fd_sc_hd__buf_2)
     1    0.03    0.13    0.13    2.40 ^ output11/X (sky130_fd_sc_hd__buf_2)
                                         out[2] (net)
                  0.13    0.00    2.40 ^ out[2] (out)
                                  2.40   data arrival time

                  0.00    0.00    0.00   clock __VIRTUAL_CLK__ (rise edge)
                          0.00    0.00   clock network delay (ideal)
                          0.25    0.25   clock uncertainty
                          0.00    0.25   clock reconvergence pessimism
                         -2.00   -1.75   output external delay
                                 -1.75   data required time
-----------------------------------------------------------------------------
                                 -1.75   data required time
                                 -2.40   data arrival time
-----------------------------------------------------------------------------
                                  4.15   slack (MET)


Startpoint: in[6] (input port clocked by __VIRTUAL_CLK__)
Endpoint: out[6] (output port clocked by __VIRTUAL_CLK__)
Path Group: __VIRTUAL_CLK__
Path Type: min
Corner: Fastest

Fanout     Cap    Slew   Delay    Time   Description
-----------------------------------------------------------------------------
                  0.00    0.00    0.00   clock __VIRTUAL_CLK__ (rise edge)
                          0.00    0.00   clock network delay (ideal)
                          2.00    2.00 ^ input external delay
     1    0.00    0.01    0.01    2.01 ^ in[6] (in)
                                         in[6] (net)
                  0.01    0.00    2.01 ^ input7/A (sky130_fd_sc_hd__clkbuf_1)
     2    0.01    0.07    0.07    2.08 ^ input7/X (sky130_fd_sc_hd__clkbuf_1)
                                         net7 (net)
                  0.07    0.00    2.08 ^ _14_/B1 (sky130_fd_sc_hd__o31a_1)
     1    0.01    0.05    0.07    2.15 ^ _14_/X (sky130_fd_sc_hd__o31a_1)
                                         _03_ (net)
                  0.05    0.00    2.15 ^ _16_/A_N (sky130_fd_sc_hd__and2b_1)
     1    0.01    0.03    0.11    2.26 v _16_/X (sky130_fd_sc_hd__and2b_1)
                                         _05_ (net)
                  0.03    0.00    2.26 v _17_/A (sky130_fd_sc_hd__clkbuf_1)
     1    0.01    0.05    0.08    2.34 v _17_/X (sky130_fd_sc_hd__clkbuf_1)
                                         net15 (net)
                  0.05    0.00    2.34 v output15/A (sky130_fd_sc_hd__buf_2)
     1    0.03    0.06    0.12    2.46 v output15/X (sky130_fd_sc_hd__buf_2)
                                         out[6] (net)
                  0.06    0.00    2.46 v out[6] (out)
                                  2.46   data arrival time

                  0.00    0.00    0.00   clock __VIRTUAL_CLK__ (rise edge)
                          0.00    0.00   clock network delay (ideal)
                          0.25    0.25   clock uncertainty
                          0.00    0.25   clock reconvergence pessimism
                         -2.00   -1.75   output external delay
                                 -1.75   data required time
-----------------------------------------------------------------------------
                                 -1.75   data required time
                                 -2.46   data arrival time
-----------------------------------------------------------------------------
                                  4.21   slack (MET)



worst slack corner Fastest: 3.9912
======================= Slowest Corner ===================================

Startpoint: in[3] (input port clocked by __VIRTUAL_CLK__)
Endpoint: out[3] (output port clocked by __VIRTUAL_CLK__)
Path Group: __VIRTUAL_CLK__
Path Type: min
Corner: Slowest

Fanout     Cap    Slew   Delay    Time   Description
-----------------------------------------------------------------------------
                  0.00    0.00    0.00   clock __VIRTUAL_CLK__ (rise edge)
                          0.00    0.00   clock network delay (ideal)
                          2.00    2.00 ^ input external delay
     1    0.00    0.03    0.01    2.01 ^ in[3] (in)
                                         in[3] (net)
                  0.03    0.00    2.01 ^ input4/A (sky130_fd_sc_hd__clkbuf_1)
     2    0.01    0.20    0.21    2.23 ^ input4/X (sky130_fd_sc_hd__clkbuf_1)
                                         net4 (net)
                  0.20    0.00    2.23 ^ _24_/A1 (sky130_fd_sc_hd__a21boi_1)
     1    0.00    0.08    0.16    2.39 v _24_/Y (sky130_fd_sc_hd__a21boi_1)
                                         net12 (net)
                  0.08    0.00    2.39 v output12/A (sky130_fd_sc_hd__buf_2)
     1    0.03    0.17    0.33    2.72 v output12/X (sky130_fd_sc_hd__buf_2)
                                         out[3] (net)
                  0.17    0.00    2.72 v out[3] (out)
                                  2.72   data arrival time

                  0.00    0.00    0.00   clock __VIRTUAL_CLK__ (rise edge)
                          0.00    0.00   clock network delay (ideal)
                          0.25    0.25   clock uncertainty
                          0.00    0.25   clock reconvergence pessimism
                         -2.00   -1.75   output external delay
                                 -1.75   data required time
-----------------------------------------------------------------------------
                                 -1.75   data required time
                                 -2.72   data arrival time
-----------------------------------------------------------------------------
                                  4.47   slack (MET)


Startpoint: in[7] (input port clocked by __VIRTUAL_CLK__)
Endpoint: out[7] (output port clocked by __VIRTUAL_CLK__)
Path Group: __VIRTUAL_CLK__
Path Type: min
Corner: Slowest

Fanout     Cap    Slew   Delay    Time   Description
-----------------------------------------------------------------------------
                  0.00    0.00    0.00   clock __VIRTUAL_CLK__ (rise edge)
                          0.00    0.00   clock network delay (ideal)
                          2.00    2.00 ^ input external delay
     1    0.00    0.04    0.02    2.02 ^ in[7] (in)
                                         in[7] (net)
                  0.04    0.00    2.02 ^ input8/A (sky130_fd_sc_hd__buf_1)
     1    0.01    0.19    0.21    2.23 ^ input8/X (sky130_fd_sc_hd__buf_1)
                                         net8 (net)
                  0.19    0.00    2.23 ^ _18_/A (sky130_fd_sc_hd__xor2_1)
     1    0.01    0.10    0.21    2.44 v _18_/X (sky130_fd_sc_hd__xor2_1)
                                         net16 (net)
                  0.10    0.00    2.44 v output16/A (sky130_fd_sc_hd__buf_2)
     1    0.03    0.17    0.34    2.79 v output16/X (sky130_fd_sc_hd__buf_2)
                                         out[7] (net)
                  0.17    0.00    2.79 v out[7] (out)
                                  2.79   data arrival time

                  0.00    0.00    0.00   clock __VIRTUAL_CLK__ (rise edge)
                          0.00    0.00   clock network delay (ideal)
                          0.25    0.25   clock uncertainty
                          0.00    0.25   clock reconvergence pessimism
                         -2.00   -1.75   output external delay
                                 -1.75   data required time
-----------------------------------------------------------------------------
                                 -1.75   data required time
                                 -2.79   data arrival time
-----------------------------------------------------------------------------
                                  4.54   slack (MET)


Startpoint: in[0] (input port clocked by __VIRTUAL_CLK__)
Endpoint: out[1] (output port clocked by __VIRTUAL_CLK__)
Path Group: __VIRTUAL_CLK__
Path Type: min
Corner: Slowest

Fanout     Cap    Slew   Delay    Time   Description
-----------------------------------------------------------------------------
                  0.00    0.00    0.00   clock __VIRTUAL_CLK__ (rise edge)
                          0.00    0.00   clock network delay (ideal)
                          2.00    2.00 ^ input external delay
     1    0.00    0.04    0.02    2.02 ^ in[0] (in)
                                         in[0] (net)
                  0.04    0.00    2.02 ^ input1/A (sky130_fd_sc_hd__clkbuf_2)
     5    0.02    0.22    0.27    2.29 ^ input1/X (sky130_fd_sc_hd__clkbuf_2)
                                         net1 (net)
                  0.22    0.00    2.29 ^ _19_/B (sky130_fd_sc_hd__xor2_1)
     1    0.00    0.07    0.17    2.46 v _19_/X (sky130_fd_sc_hd__xor2_1)
                                         net10 (net)
                  0.07    0.00    2.46 v output10/A (sky130_fd_sc_hd__buf_2)
     1    0.03    0.16    0.33    2.79 v output10/X (sky130_fd_sc_hd__buf_2)
                                         out[1] (net)
                  0.16    0.00    2.79 v out[1] (out)
                                  2.79   data arrival time

                  0.00    0.00    0.00   clock __VIRTUAL_CLK__ (rise edge)
                          0.00    0.00   clock network delay (ideal)
                          0.25    0.25   clock uncertainty
                          0.00    0.25   clock reconvergence pessimism
                         -2.00   -1.75   output external delay
                                 -1.75   data required time
-----------------------------------------------------------------------------
                                 -1.75   data required time
                                 -2.79   data arrival time
-----------------------------------------------------------------------------
                                  4.54   slack (MET)


Startpoint: in[0] (input port clocked by __VIRTUAL_CLK__)
Endpoint: out[0] (output port clocked by __VIRTUAL_CLK__)
Path Group: __VIRTUAL_CLK__
Path Type: min
Corner: Slowest

Fanout     Cap    Slew   Delay    Time   Description
-----------------------------------------------------------------------------
                  0.00    0.00    0.00   clock __VIRTUAL_CLK__ (rise edge)
                          0.00    0.00   clock network delay (ideal)
                          2.00    2.00 v input external delay
     1    0.00    0.02    0.01    2.01 v in[0] (in)
                                         in[0] (net)
                  0.02    0.00    2.01 v input1/A (sky130_fd_sc_hd__clkbuf_2)
     5    0.02    0.17    0.25    2.26 v input1/X (sky130_fd_sc_hd__clkbuf_2)
                                         net1 (net)
                  0.17    0.00    2.26 v _25_/A (sky130_fd_sc_hd__clkbuf_1)
     1    0.01    0.08    0.22    2.49 v _25_/X (sky130_fd_sc_hd__clkbuf_1)
                                         net9 (net)
                  0.08    0.00    2.49 v output9/A (sky130_fd_sc_hd__buf_2)
     1    0.03    0.17    0.33    2.82 v output9/X (sky130_fd_sc_hd__buf_2)
                                         out[0] (net)
                  0.17    0.00    2.82 v out[0] (out)
                                  2.82   data arrival time

                  0.00    0.00    0.00   clock __VIRTUAL_CLK__ (rise edge)
                          0.00    0.00   clock network delay (ideal)
                          0.25    0.25   clock uncertainty
                          0.00    0.25   clock reconvergence pessimism
                         -2.00   -1.75   output external delay
                                 -1.75   data required time
-----------------------------------------------------------------------------
                                 -1.75   data required time
                                 -2.82   data arrival time
-----------------------------------------------------------------------------
                                  4.57   slack (MET)


Startpoint: in[5] (input port clocked by __VIRTUAL_CLK__)
Endpoint: out[5] (output port clocked by __VIRTUAL_CLK__)
Path Group: __VIRTUAL_CLK__
Path Type: min
Corner: Slowest

Fanout     Cap    Slew   Delay    Time   Description
-----------------------------------------------------------------------------
                  0.00    0.00    0.00   clock __VIRTUAL_CLK__ (rise edge)
                          0.00    0.00   clock network delay (ideal)
                          2.00    2.00 v input external delay
     1    0.00    0.02    0.01    2.01 v in[5] (in)
                                         in[5] (net)
                  0.02    0.00    2.01 v input6/A (sky130_fd_sc_hd__buf_1)
     3    0.01    0.16    0.21    2.22 v input6/X (sky130_fd_sc_hd__buf_1)
                                         net6 (net)
                  0.16    0.00    2.22 v _13_/A (sky130_fd_sc_hd__xnor2_1)
     1    0.00    0.10    0.26    2.48 v _13_/Y (sky130_fd_sc_hd__xnor2_1)
                                         net14 (net)
                  0.10    0.00    2.48 v output14/A (sky130_fd_sc_hd__buf_2)
     1    0.03    0.16    0.34    2.82 v output14/X (sky130_fd_sc_hd__buf_2)
                                         out[5] (net)
                  0.16    0.00    2.83 v out[5] (out)
                                  2.83   data arrival time

                  0.00    0.00    0.00   clock __VIRTUAL_CLK__ (rise edge)
                          0.00    0.00   clock network delay (ideal)
                          0.25    0.25   clock uncertainty
                          0.00    0.25   clock reconvergence pessimism
                         -2.00   -1.75   output external delay
                                 -1.75   data required time
-----------------------------------------------------------------------------
                                 -1.75   data required time
                                 -2.83   data arrival time
-----------------------------------------------------------------------------
                                  4.58   slack (MET)


Startpoint: in[4] (input port clocked by __VIRTUAL_CLK__)
Endpoint: out[4] (output port clocked by __VIRTUAL_CLK__)
Path Group: __VIRTUAL_CLK__
Path Type: min
Corner: Slowest

Fanout     Cap    Slew   Delay    Time   Description
-----------------------------------------------------------------------------
                  0.00    0.00    0.00   clock __VIRTUAL_CLK__ (rise edge)
                          0.00    0.00   clock network delay (ideal)
                          2.00    2.00 ^ input external delay
     1    0.00    0.03    0.01    2.01 ^ in[4] (in)
                                         in[4] (net)
                  0.03    0.00    2.01 ^ input5/A (sky130_fd_sc_hd__buf_1)
     4    0.01    0.22    0.23    2.24 ^ input5/X (sky130_fd_sc_hd__buf_1)
                                         net5 (net)
                  0.22    0.00    2.24 ^ _11_/A (sky130_fd_sc_hd__and2_1)
     1    0.01    0.14    0.32    2.56 ^ _11_/X (sky130_fd_sc_hd__and2_1)
                                         _02_ (net)
                  0.14    0.00    2.56 ^ _12_/B (sky130_fd_sc_hd__nor2_1)
     1    0.00    0.05    0.10    2.66 v _12_/Y (sky130_fd_sc_hd__nor2_1)
                                         net13 (net)
                  0.05    0.00    2.66 v output13/A (sky130_fd_sc_hd__buf_2)
     1    0.03    0.16    0.32    2.98 v output13/X (sky130_fd_sc_hd__buf_2)
                                         out[4] (net)
                  0.16    0.00    2.98 v out[4] (out)
                                  2.98   data arrival time

                  0.00    0.00    0.00   clock __VIRTUAL_CLK__ (rise edge)
                          0.00    0.00   clock network delay (ideal)
                          0.25    0.25   clock uncertainty
                          0.00    0.25   clock reconvergence pessimism
                         -2.00   -1.75   output external delay
                                 -1.75   data required time
-----------------------------------------------------------------------------
                                 -1.75   data required time
                                 -2.98   data arrival time
-----------------------------------------------------------------------------
                                  4.73   slack (MET)


Startpoint: in[2] (input port clocked by __VIRTUAL_CLK__)
Endpoint: out[2] (output port clocked by __VIRTUAL_CLK__)
Path Group: __VIRTUAL_CLK__
Path Type: min
Corner: Slowest

Fanout     Cap    Slew   Delay    Time   Description
-----------------------------------------------------------------------------
                  0.00    0.00    0.00   clock __VIRTUAL_CLK__ (rise edge)
                          0.00    0.00   clock network delay (ideal)
                          2.00    2.00 v input external delay
     1    0.00    0.02    0.01    2.01 v in[2] (in)
                                         in[2] (net)
                  0.02    0.00    2.01 v input3/A (sky130_fd_sc_hd__buf_1)
     3    0.01    0.15    0.21    2.22 v input3/X (sky130_fd_sc_hd__buf_1)
                                         net3 (net)
                  0.15    0.00    2.22 v _21_/B1 (sky130_fd_sc_hd__o21ai_1)
     1    0.00    0.15    0.16    2.38 ^ _21_/Y (sky130_fd_sc_hd__o21ai_1)
                                         _07_ (net)
                  0.15    0.00    2.38 ^ _22_/B (sky130_fd_sc_hd__and2_1)
     1    0.00    0.08    0.25    2.63 ^ _22_/X (sky130_fd_sc_hd__and2_1)
                                         _08_ (net)
                  0.08    0.00    2.63 ^ _23_/A (sky130_fd_sc_hd__clkbuf_1)
     1    0.00    0.09    0.16    2.79 ^ _23_/X (sky130_fd_sc_hd__clkbuf_1)
                                         net11 (net)
                  0.09    0.00    2.79 ^ output11/A (sky130_fd_sc_hd__buf_2)
     1    0.03    0.27    0.33    3.12 ^ output11/X (sky130_fd_sc_hd__buf_2)
                                         out[2] (net)
                  0.27    0.00    3.13 ^ out[2] (out)
                                  3.13   data arrival time

                  0.00    0.00    0.00   clock __VIRTUAL_CLK__ (rise edge)
                          0.00    0.00   clock network delay (ideal)
                          0.25    0.25   clock uncertainty
                          0.00    0.25   clock reconvergence pessimism
                         -2.00   -1.75   output external delay
                                 -1.75   data required time
-----------------------------------------------------------------------------
                                 -1.75   data required time
                                 -3.13   data arrival time
-----------------------------------------------------------------------------
                                  4.88   slack (MET)


Startpoint: in[6] (input port clocked by __VIRTUAL_CLK__)
Endpoint: out[6] (output port clocked by __VIRTUAL_CLK__)
Path Group: __VIRTUAL_CLK__
Path Type: min
Corner: Slowest

Fanout     Cap    Slew   Delay    Time   Description
-----------------------------------------------------------------------------
                  0.00    0.00    0.00   clock __VIRTUAL_CLK__ (rise edge)
                          0.00    0.00   clock network delay (ideal)
                          2.00    2.00 ^ input external delay
     1    0.00    0.03    0.01    2.01 ^ in[6] (in)
                                         in[6] (net)
                  0.03    0.00    2.01 ^ input7/A (sky130_fd_sc_hd__clkbuf_1)
     2    0.01    0.15    0.18    2.19 ^ input7/X (sky130_fd_sc_hd__clkbuf_1)
                                         net7 (net)
                  0.15    0.00    2.19 ^ _15_/C (sky130_fd_sc_hd__or4_1)
     2    0.01    0.17    0.27    2.47 ^ _15_/X (sky130_fd_sc_hd__or4_1)
                                         _04_ (net)
                  0.17    0.00    2.47 ^ _16_/B (sky130_fd_sc_hd__and2b_1)
     1    0.01    0.11    0.28    2.75 ^ _16_/X (sky130_fd_sc_hd__and2b_1)
                                         _05_ (net)
                  0.11    0.00    2.75 ^ _17_/A (sky130_fd_sc_hd__clkbuf_1)
     1    0.01    0.21    0.25    3.00 ^ _17_/X (sky130_fd_sc_hd__clkbuf_1)
                                         net15 (net)
                  0.21    0.00    3.00 ^ output15/A (sky130_fd_sc_hd__buf_2)
     1    0.03    0.27    0.39    3.38 ^ output15/X (sky130_fd_sc_hd__buf_2)
                                         out[6] (net)
                  0.27    0.00    3.39 ^ out[6] (out)
                                  3.39   data arrival time

                  0.00    0.00    0.00   clock __VIRTUAL_CLK__ (rise edge)
                          0.00    0.00   clock network delay (ideal)
                          0.25    0.25   clock uncertainty
                          0.00    0.25   clock reconvergence pessimism
                         -2.00   -1.75   output external delay
                                 -1.75   data required time
-----------------------------------------------------------------------------
                                 -1.75   data required time
                                 -3.39   data arrival time
-----------------------------------------------------------------------------
                                  5.14   slack (MET)



worst slack corner Slowest: 4.4726
======================= Typical Corner ===================================

Startpoint: in[3] (input port clocked by __VIRTUAL_CLK__)
Endpoint: out[3] (output port clocked by __VIRTUAL_CLK__)
Path Group: __VIRTUAL_CLK__
Path Type: min
Corner: Typical

Fanout     Cap    Slew   Delay    Time   Description
-----------------------------------------------------------------------------
                  0.00    0.00    0.00   clock __VIRTUAL_CLK__ (rise edge)
                          0.00    0.00   clock network delay (ideal)
                          2.00    2.00 ^ input external delay
     1    0.00    0.02    0.01    2.01 ^ in[3] (in)
                                         in[3] (net)
                  0.02    0.00    2.01 ^ input4/A (sky130_fd_sc_hd__clkbuf_1)
     2    0.01    0.12    0.12    2.13 ^ input4/X (sky130_fd_sc_hd__clkbuf_1)
                                         net4 (net)
                  0.12    0.00    2.13 ^ _24_/A1 (sky130_fd_sc_hd__a21boi_1)
     1    0.00    0.04    0.08    2.21 v _24_/Y (sky130_fd_sc_hd__a21boi_1)
                                         net12 (net)
                  0.04    0.00    2.21 v output12/A (sky130_fd_sc_hd__buf_2)
     1    0.03    0.09    0.17    2.38 v output12/X (sky130_fd_sc_hd__buf_2)
                                         out[3] (net)
                  0.09    0.00    2.38 v out[3] (out)
                                  2.38   data arrival time

                  0.00    0.00    0.00   clock __VIRTUAL_CLK__ (rise edge)
                          0.00    0.00   clock network delay (ideal)
                          0.25    0.25   clock uncertainty
                          0.00    0.25   clock reconvergence pessimism
                         -2.00   -1.75   output external delay
                                 -1.75   data required time
-----------------------------------------------------------------------------
                                 -1.75   data required time
                                 -2.38   data arrival time
-----------------------------------------------------------------------------
                                  4.13   slack (MET)


Startpoint: in[7] (input port clocked by __VIRTUAL_CLK__)
Endpoint: out[7] (output port clocked by __VIRTUAL_CLK__)
Path Group: __VIRTUAL_CLK__
Path Type: min
Corner: Typical

Fanout     Cap    Slew   Delay    Time   Description
-----------------------------------------------------------------------------
                  0.00    0.00    0.00   clock __VIRTUAL_CLK__ (rise edge)
                          0.00    0.00   clock network delay (ideal)
                          2.00    2.00 ^ input external delay
     1    0.00    0.02    0.01    2.01 ^ in[7] (in)
                                         in[7] (net)
                  0.02    0.00    2.01 ^ input8/A (sky130_fd_sc_hd__buf_1)
     1    0.01    0.12    0.12    2.13 ^ input8/X (sky130_fd_sc_hd__buf_1)
                                         net8 (net)
                  0.12    0.00    2.13 ^ _18_/A (sky130_fd_sc_hd__xor2_1)
     1    0.01    0.05    0.10    2.23 v _18_/X (sky130_fd_sc_hd__xor2_1)
                                         net16 (net)
                  0.05    0.00    2.23 v output16/A (sky130_fd_sc_hd__buf_2)
     1    0.03    0.09    0.18    2.41 v output16/X (sky130_fd_sc_hd__buf_2)
                                         out[7] (net)
                  0.09    0.00    2.41 v out[7] (out)
                                  2.41   data arrival time

                  0.00    0.00    0.00   clock __VIRTUAL_CLK__ (rise edge)
                          0.00    0.00   clock network delay (ideal)
                          0.25    0.25   clock uncertainty
                          0.00    0.25   clock reconvergence pessimism
                         -2.00   -1.75   output external delay
                                 -1.75   data required time
-----------------------------------------------------------------------------
                                 -1.75   data required time
                                 -2.41   data arrival time
-----------------------------------------------------------------------------
                                  4.16   slack (MET)


Startpoint: in[0] (input port clocked by __VIRTUAL_CLK__)
Endpoint: out[1] (output port clocked by __VIRTUAL_CLK__)
Path Group: __VIRTUAL_CLK__
Path Type: min
Corner: Typical

Fanout     Cap    Slew   Delay    Time   Description
-----------------------------------------------------------------------------
                  0.00    0.00    0.00   clock __VIRTUAL_CLK__ (rise edge)
                          0.00    0.00   clock network delay (ideal)
                          2.00    2.00 ^ input external delay
     1    0.00    0.02    0.01    2.01 ^ in[0] (in)
                                         in[0] (net)
                  0.02    0.00    2.01 ^ input1/A (sky130_fd_sc_hd__clkbuf_2)
     5    0.02    0.14    0.16    2.17 ^ input1/X (sky130_fd_sc_hd__clkbuf_2)
                                         net1 (net)
                  0.14    0.00    2.17 ^ _19_/B (sky130_fd_sc_hd__xor2_1)
     1    0.00    0.04    0.08    2.25 v _19_/X (sky130_fd_sc_hd__xor2_1)
                                         net10 (net)
                  0.04    0.00    2.25 v output10/A (sky130_fd_sc_hd__buf_2)
     1    0.03    0.09    0.17    2.42 v output10/X (sky130_fd_sc_hd__buf_2)
                                         out[1] (net)
                  0.09    0.00    2.42 v out[1] (out)
                                  2.42   data arrival time

                  0.00    0.00    0.00   clock __VIRTUAL_CLK__ (rise edge)
                          0.00    0.00   clock network delay (ideal)
                          0.25    0.25   clock uncertainty
                          0.00    0.25   clock reconvergence pessimism
                         -2.00   -1.75   output external delay
                                 -1.75   data required time
-----------------------------------------------------------------------------
                                 -1.75   data required time
                                 -2.42   data arrival time
-----------------------------------------------------------------------------
                                  4.17   slack (MET)


Startpoint: in[5] (input port clocked by __VIRTUAL_CLK__)
Endpoint: out[5] (output port clocked by __VIRTUAL_CLK__)
Path Group: __VIRTUAL_CLK__
Path Type: min
Corner: Typical

Fanout     Cap    Slew   Delay    Time   Description
-----------------------------------------------------------------------------
                  0.00    0.00    0.00   clock __VIRTUAL_CLK__ (rise edge)
                          0.00    0.00   clock network delay (ideal)
                          2.00    2.00 v input external delay
     1    0.00    0.01    0.00    2.00 v in[5] (in)
                                         in[5] (net)
                  0.01    0.00    2.00 v input6/A (sky130_fd_sc_hd__buf_1)
     3    0.01    0.08    0.11    2.12 v input6/X (sky130_fd_sc_hd__buf_1)
                                         net6 (net)
                  0.08    0.00    2.12 v _13_/A (sky130_fd_sc_hd__xnor2_1)
     1    0.00    0.05    0.14    2.26 v _13_/Y (sky130_fd_sc_hd__xnor2_1)
                                         net14 (net)
                  0.05    0.00    2.26 v output14/A (sky130_fd_sc_hd__buf_2)
     1    0.03    0.09    0.17    2.43 v output14/X (sky130_fd_sc_hd__buf_2)
                                         out[5] (net)
                  0.09    0.00    2.43 v out[5] (out)
                                  2.43   data arrival time

                  0.00    0.00    0.00   clock __VIRTUAL_CLK__ (rise edge)
                          0.00    0.00   clock network delay (ideal)
                          0.25    0.25   clock uncertainty
                          0.00    0.25   clock reconvergence pessimism
                         -2.00   -1.75   output external delay
                                 -1.75   data required time
-----------------------------------------------------------------------------
                                 -1.75   data required time
                                 -2.43   data arrival time
-----------------------------------------------------------------------------
                                  4.18   slack (MET)


Startpoint: in[0] (input port clocked by __VIRTUAL_CLK__)
Endpoint: out[0] (output port clocked by __VIRTUAL_CLK__)
Path Group: __VIRTUAL_CLK__
Path Type: min
Corner: Typical

Fanout     Cap    Slew   Delay    Time   Description
-----------------------------------------------------------------------------
                  0.00    0.00    0.00   clock __VIRTUAL_CLK__ (rise edge)
                          0.00    0.00   clock network delay (ideal)
                          2.00    2.00 v input external delay
     1    0.00    0.01    0.01    2.01 v in[0] (in)
                                         in[0] (net)
                  0.01    0.00    2.01 v input1/A (sky130_fd_sc_hd__clkbuf_2)
     5    0.02    0.10    0.14    2.14 v input1/X (sky130_fd_sc_hd__clkbuf_2)
                                         net1 (net)
                  0.10    0.00    2.14 v _25_/A (sky130_fd_sc_hd__clkbuf_1)
     1    0.01    0.04    0.12    2.26 v _25_/X (sky130_fd_sc_hd__clkbuf_1)
                                         net9 (net)
                  0.04    0.00    2.26 v output9/A (sky130_fd_sc_hd__buf_2)
     1    0.03    0.09    0.17    2.43 v output9/X (sky130_fd_sc_hd__buf_2)
                                         out[0] (net)
                  0.09    0.00    2.43 v out[0] (out)
                                  2.43   data arrival time

                  0.00    0.00    0.00   clock __VIRTUAL_CLK__ (rise edge)
                          0.00    0.00   clock network delay (ideal)
                          0.25    0.25   clock uncertainty
                          0.00    0.25   clock reconvergence pessimism
                         -2.00   -1.75   output external delay
                                 -1.75   data required time
-----------------------------------------------------------------------------
                                 -1.75   data required time
                                 -2.43   data arrival time
-----------------------------------------------------------------------------
                                  4.18   slack (MET)


Startpoint: in[4] (input port clocked by __VIRTUAL_CLK__)
Endpoint: out[4] (output port clocked by __VIRTUAL_CLK__)
Path Group: __VIRTUAL_CLK__
Path Type: min
Corner: Typical

Fanout     Cap    Slew   Delay    Time   Description
-----------------------------------------------------------------------------
                  0.00    0.00    0.00   clock __VIRTUAL_CLK__ (rise edge)
                          0.00    0.00   clock network delay (ideal)
                          2.00    2.00 ^ input external delay
     1    0.00    0.02    0.01    2.01 ^ in[4] (in)
                                         in[4] (net)
                  0.02    0.00    2.01 ^ input5/A (sky130_fd_sc_hd__buf_1)
     4    0.01    0.14    0.13    2.14 ^ input5/X (sky130_fd_sc_hd__buf_1)
                                         net5 (net)
                  0.14    0.00    2.14 ^ _11_/A (sky130_fd_sc_hd__and2_1)
     1    0.01    0.09    0.16    2.31 ^ _11_/X (sky130_fd_sc_hd__and2_1)
                                         _02_ (net)
                  0.09    0.00    2.31 ^ _12_/B (sky130_fd_sc_hd__nor2_1)
     1    0.00    0.03    0.05    2.35 v _12_/Y (sky130_fd_sc_hd__nor2_1)
                                         net13 (net)
                  0.03    0.00    2.35 v output13/A (sky130_fd_sc_hd__buf_2)
     1    0.03    0.09    0.16    2.52 v output13/X (sky130_fd_sc_hd__buf_2)
                                         out[4] (net)
                  0.09    0.00    2.52 v out[4] (out)
                                  2.52   data arrival time

                  0.00    0.00    0.00   clock __VIRTUAL_CLK__ (rise edge)
                          0.00    0.00   clock network delay (ideal)
                          0.25    0.25   clock uncertainty
                          0.00    0.25   clock reconvergence pessimism
                         -2.00   -1.75   output external delay
                                 -1.75   data required time
-----------------------------------------------------------------------------
                                 -1.75   data required time
                                 -2.52   data arrival time
-----------------------------------------------------------------------------
                                  4.27   slack (MET)


Startpoint: in[2] (input port clocked by __VIRTUAL_CLK__)
Endpoint: out[2] (output port clocked by __VIRTUAL_CLK__)
Path Group: __VIRTUAL_CLK__
Path Type: min
Corner: Typical

Fanout     Cap    Slew   Delay    Time   Description
-----------------------------------------------------------------------------
                  0.00    0.00    0.00   clock __VIRTUAL_CLK__ (rise edge)
                          0.00    0.00   clock network delay (ideal)
                          2.00    2.00 v input external delay
     1    0.00    0.01    0.00    2.00 v in[2] (in)
                                         in[2] (net)
                  0.01    0.00    2.00 v input3/A (sky130_fd_sc_hd__buf_1)
     3    0.01    0.08    0.11    2.11 v input3/X (sky130_fd_sc_hd__buf_1)
                                         net3 (net)
                  0.08    0.00    2.11 v _21_/B1 (sky130_fd_sc_hd__o21ai_1)
     1    0.00    0.09    0.09    2.20 ^ _21_/Y (sky130_fd_sc_hd__o21ai_1)
                                         _07_ (net)
                  0.09    0.00    2.20 ^ _22_/B (sky130_fd_sc_hd__and2_1)
     1    0.00    0.05    0.12    2.32 ^ _22_/X (sky130_fd_sc_hd__and2_1)
                                         _08_ (net)
                  0.05    0.00    2.32 ^ _23_/A (sky130_fd_sc_hd__clkbuf_1)
     1    0.00    0.06    0.09    2.41 ^ _23_/X (sky130_fd_sc_hd__clkbuf_1)
                                         net11 (net)
                  0.06    0.00    2.41 ^ output11/A (sky130_fd_sc_hd__buf_2)
     1    0.03    0.17    0.19    2.60 ^ output11/X (sky130_fd_sc_hd__buf_2)
                                         out[2] (net)
                  0.17    0.00    2.60 ^ out[2] (out)
                                  2.60   data arrival time

                  0.00    0.00    0.00   clock __VIRTUAL_CLK__ (rise edge)
                          0.00    0.00   clock network delay (ideal)
                          0.25    0.25   clock uncertainty
                          0.00    0.25   clock reconvergence pessimism
                         -2.00   -1.75   output external delay
                                 -1.75   data required time
-----------------------------------------------------------------------------
                                 -1.75   data required time
                                 -2.60   data arrival time
-----------------------------------------------------------------------------
                                  4.35   slack (MET)


Startpoint: in[6] (input port clocked by __VIRTUAL_CLK__)
Endpoint: out[6] (output port clocked by __VIRTUAL_CLK__)
Path Group: __VIRTUAL_CLK__
Path Type: min
Corner: Typical

Fanout     Cap    Slew   Delay    Time   Description
-----------------------------------------------------------------------------
                  0.00    0.00    0.00   clock __VIRTUAL_CLK__ (rise edge)
                          0.00    0.00   clock network delay (ideal)
                          2.00    2.00 ^ input external delay
     1    0.00    0.02    0.01    2.01 ^ in[6] (in)
                                         in[6] (net)
                  0.02    0.00    2.01 ^ input7/A (sky130_fd_sc_hd__clkbuf_1)
     2    0.01    0.09    0.10    2.11 ^ input7/X (sky130_fd_sc_hd__clkbuf_1)
                                         net7 (net)
                  0.09    0.00    2.11 ^ _14_/B1 (sky130_fd_sc_hd__o31a_1)
     1    0.01    0.07    0.15    2.26 ^ _14_/X (sky130_fd_sc_hd__o31a_1)
                                         _03_ (net)
                  0.07    0.00    2.26 ^ _16_/A_N (sky130_fd_sc_hd__and2b_1)
     1    0.01    0.05    0.18    2.44 v _16_/X (sky130_fd_sc_hd__and2b_1)
                                         _05_ (net)
                  0.05    0.00    2.44 v _17_/A (sky130_fd_sc_hd__clkbuf_1)
     1    0.01    0.07    0.12    2.55 v _17_/X (sky130_fd_sc_hd__clkbuf_1)
                                         net15 (net)
                  0.07    0.00    2.55 v output15/A (sky130_fd_sc_hd__buf_2)
     1    0.03    0.09    0.18    2.73 v output15/X (sky130_fd_sc_hd__buf_2)
                                         out[6] (net)
                  0.09    0.00    2.73 v out[6] (out)
                                  2.73   data arrival time

                  0.00    0.00    0.00   clock __VIRTUAL_CLK__ (rise edge)
                          0.00    0.00   clock network delay (ideal)
                          0.25    0.25   clock uncertainty
                          0.00    0.25   clock reconvergence pessimism
                         -2.00   -1.75   output external delay
                                 -1.75   data required time
-----------------------------------------------------------------------------
                                 -1.75   data required time
                                 -2.73   data arrival time
-----------------------------------------------------------------------------
                                  4.48   slack (MET)



worst slack corner Typical: 4.1258
