OpenROAD b16bda7e82721d10566ff7e2b68f1ff0be9f9e38 
Features included (+) or not (-): +Charts +GPU +GUI +Python
This program is licensed under the BSD-3 license. See the LICENSE file for details.
Components of this program may be licensed under more restrictive licenses which must be honored.
define_corners Typical
read_liberty -corner Typical /Users/onurakkaya/.volare/sky130A/libs.ref/sky130_fd_sc_hd/lib/sky130_fd_sc_hd__tt_025C_1v80.lib
Using 1e-12 for capacitance...
Using 1e+03 for resistance...
Using 1e-09 for time...
Using 1e+00 for voltage...
Using 1e-03 for current...
Using 1e-09 for power...
Using 1e-06 for distance...
[INFO]: Reading ODB at '/openlane/designs/my_second_design/runs/RUN_2025.05.07_23.45.03/results/placement/ALU.odb'…
Reading design constraints file at '/openlane/scripts/base.sdc'…
[INFO]: Setting output delay to: 2.0
[INFO]: Setting input delay to: 2.0
[WARNING STA-0366] port '__VIRTUAL_CLK__' not found.
[INFO]: Setting load to: 0.033442
[INFO]: Setting clock uncertainty to: 0.25
[INFO]: Setting clock transition to: 0.15
[WARNING STA-0419] transition time can not be specified for virtual clocks.
[INFO]: Setting timing derate to: 5.0 %
[INFO]: Setting RC values...
min_report

===========================================================================
report_checks -path_delay min (Hold)
============================================================================
======================= Typical Corner ===================================

Startpoint: A[4] (input port clocked by __VIRTUAL_CLK__)
Endpoint: out[4] (output port clocked by __VIRTUAL_CLK__)
Path Group: __VIRTUAL_CLK__
Path Type: min

Fanout     Cap    Slew   Delay    Time   Description
-----------------------------------------------------------------------------
                  0.00    0.00    0.00   clock __VIRTUAL_CLK__ (rise edge)
                          0.00    0.00   clock network delay (ideal)
                          2.00    2.00 ^ input external delay
     1    0.00    0.02    0.01    2.01 ^ A[4] (in)
                                         A[4] (net)
                  0.02    0.00    2.01 ^ input5/A (sky130_fd_sc_hd__clkbuf_2)
     6    0.02    0.12    0.14    2.15 ^ input5/X (sky130_fd_sc_hd__clkbuf_2)
                                         net5 (net)
                  0.12    0.00    2.15 ^ _161_/B2 (sky130_fd_sc_hd__o32a_1)
     1    0.00    0.05    0.14    2.29 ^ _161_/X (sky130_fd_sc_hd__o32a_1)
                                         _090_ (net)
                  0.05    0.00    2.29 ^ _162_/B (sky130_fd_sc_hd__nand2_1)
     1    0.00    0.03    0.05    2.34 v _162_/Y (sky130_fd_sc_hd__nand2_1)
                                         net24 (net)
                  0.03    0.00    2.34 v output24/A (sky130_fd_sc_hd__buf_2)
     1    0.03    0.09    0.17    2.51 v output24/X (sky130_fd_sc_hd__buf_2)
                                         out[4] (net)
                  0.09    0.00    2.51 v out[4] (out)
                                  2.51   data arrival time

                  0.00    0.00    0.00   clock __VIRTUAL_CLK__ (rise edge)
                          0.00    0.00   clock network delay (ideal)
                          0.25    0.25   clock uncertainty
                          0.00    0.25   clock reconvergence pessimism
                         -2.00   -1.75   output external delay
                                 -1.75   data required time
-----------------------------------------------------------------------------
                                 -1.75   data required time
                                 -2.51   data arrival time
-----------------------------------------------------------------------------
                                  4.26   slack (MET)


Startpoint: B[3] (input port clocked by __VIRTUAL_CLK__)
Endpoint: out[3] (output port clocked by __VIRTUAL_CLK__)
Path Group: __VIRTUAL_CLK__
Path Type: min

Fanout     Cap    Slew   Delay    Time   Description
-----------------------------------------------------------------------------
                  0.00    0.00    0.00   clock __VIRTUAL_CLK__ (rise edge)
                          0.00    0.00   clock network delay (ideal)
                          2.00    2.00 ^ input external delay
     1    0.00    0.02    0.01    2.01 ^ B[3] (in)
                                         B[3] (net)
                  0.02    0.00    2.01 ^ input12/A (sky130_fd_sc_hd__clkbuf_2)
     6    0.02    0.11    0.14    2.15 ^ input12/X (sky130_fd_sc_hd__clkbuf_2)
                                         net12 (net)
                  0.11    0.00    2.15 ^ _145_/A2 (sky130_fd_sc_hd__o22a_1)
     1    0.00    0.05    0.14    2.29 ^ _145_/X (sky130_fd_sc_hd__o22a_1)
                                         _075_ (net)
                  0.05    0.00    2.29 ^ _146_/C1 (sky130_fd_sc_hd__a211o_1)
     1    0.00    0.04    0.09    2.38 ^ _146_/X (sky130_fd_sc_hd__a211o_1)
                                         net23 (net)
                  0.04    0.00    2.38 ^ output23/A (sky130_fd_sc_hd__buf_2)
     1    0.03    0.17    0.19    2.57 ^ output23/X (sky130_fd_sc_hd__buf_2)
                                         out[3] (net)
                  0.17    0.00    2.57 ^ out[3] (out)
                                  2.57   data arrival time

                  0.00    0.00    0.00   clock __VIRTUAL_CLK__ (rise edge)
                          0.00    0.00   clock network delay (ideal)
                          0.25    0.25   clock uncertainty
                          0.00    0.25   clock reconvergence pessimism
                         -2.00   -1.75   output external delay
                                 -1.75   data required time
-----------------------------------------------------------------------------
                                 -1.75   data required time
                                 -2.57   data arrival time
-----------------------------------------------------------------------------
                                  4.32   slack (MET)


Startpoint: B[6] (input port clocked by __VIRTUAL_CLK__)
Endpoint: out[6] (output port clocked by __VIRTUAL_CLK__)
Path Group: __VIRTUAL_CLK__
Path Type: min

Fanout     Cap    Slew   Delay    Time   Description
-----------------------------------------------------------------------------
                  0.00    0.00    0.00   clock __VIRTUAL_CLK__ (rise edge)
                          0.00    0.00   clock network delay (ideal)
                          2.00    2.00 ^ input external delay
     1    0.00    0.02    0.01    2.01 ^ B[6] (in)
                                         B[6] (net)
                  0.02    0.00    2.01 ^ input15/A (sky130_fd_sc_hd__clkbuf_2)
     5    0.02    0.11    0.14    2.15 ^ input15/X (sky130_fd_sc_hd__clkbuf_2)
                                         net15 (net)
                  0.11    0.00    2.15 ^ _186_/A2 (sky130_fd_sc_hd__a311o_1)
     1    0.00    0.06    0.17    2.32 ^ _186_/X (sky130_fd_sc_hd__a311o_1)
                                         _017_ (net)
                  0.06    0.00    2.32 ^ _187_/B1 (sky130_fd_sc_hd__a21o_1)
     1    0.00    0.03    0.07    2.39 ^ _187_/X (sky130_fd_sc_hd__a21o_1)
                                         net26 (net)
                  0.03    0.00    2.39 ^ output26/A (sky130_fd_sc_hd__buf_2)
     1    0.03    0.17    0.18    2.58 ^ output26/X (sky130_fd_sc_hd__buf_2)
                                         out[6] (net)
                  0.17    0.00    2.58 ^ out[6] (out)
                                  2.58   data arrival time

                  0.00    0.00    0.00   clock __VIRTUAL_CLK__ (rise edge)
                          0.00    0.00   clock network delay (ideal)
                          0.25    0.25   clock uncertainty
                          0.00    0.25   clock reconvergence pessimism
                         -2.00   -1.75   output external delay
                                 -1.75   data required time
-----------------------------------------------------------------------------
                                 -1.75   data required time
                                 -2.58   data arrival time
-----------------------------------------------------------------------------
                                  4.33   slack (MET)


Startpoint: opcode[1] (input port clocked by __VIRTUAL_CLK__)
Endpoint: out[2] (output port clocked by __VIRTUAL_CLK__)
Path Group: __VIRTUAL_CLK__
Path Type: min

Fanout     Cap    Slew   Delay    Time   Description
-----------------------------------------------------------------------------
                  0.00    0.00    0.00   clock __VIRTUAL_CLK__ (rise edge)
                          0.00    0.00   clock network delay (ideal)
                          2.00    2.00 ^ input external delay
     1    0.00    0.02    0.01    2.01 ^ opcode[1] (in)
                                         opcode[1] (net)
                  0.02    0.00    2.01 ^ input18/A (sky130_fd_sc_hd__clkbuf_2)
     6    0.02    0.10    0.13    2.14 ^ input18/X (sky130_fd_sc_hd__clkbuf_2)
                                         net18 (net)
                  0.10    0.00    2.14 ^ _127_/B (sky130_fd_sc_hd__nor2_1)
     4    0.01    0.07    0.09    2.23 v _127_/Y (sky130_fd_sc_hd__nor2_1)
                                         _058_ (net)
                  0.07    0.00    2.23 v _128_/B1 (sky130_fd_sc_hd__o21ai_1)
     1    0.01    0.10    0.09    2.32 ^ _128_/Y (sky130_fd_sc_hd__o21ai_1)
                                         _059_ (net)
                  0.10    0.00    2.32 ^ _133_/A2 (sky130_fd_sc_hd__o21bai_1)
     1    0.01    0.05    0.08    2.40 v _133_/Y (sky130_fd_sc_hd__o21bai_1)
                                         net22 (net)
                  0.05    0.00    2.40 v output22/A (sky130_fd_sc_hd__buf_2)
     1    0.03    0.09    0.17    2.58 v output22/X (sky130_fd_sc_hd__buf_2)
                                         out[2] (net)
                  0.09    0.00    2.58 v out[2] (out)
                                  2.58   data arrival time

                  0.00    0.00    0.00   clock __VIRTUAL_CLK__ (rise edge)
                          0.00    0.00   clock network delay (ideal)
                          0.25    0.25   clock uncertainty
                          0.00    0.25   clock reconvergence pessimism
                         -2.00   -1.75   output external delay
                                 -1.75   data required time
-----------------------------------------------------------------------------
                                 -1.75   data required time
                                 -2.58   data arrival time
-----------------------------------------------------------------------------
                                  4.33   slack (MET)


Startpoint: opcode[1] (input port clocked by __VIRTUAL_CLK__)
Endpoint: out[5] (output port clocked by __VIRTUAL_CLK__)
Path Group: __VIRTUAL_CLK__
Path Type: min

Fanout     Cap    Slew   Delay    Time   Description
-----------------------------------------------------------------------------
                  0.00    0.00    0.00   clock __VIRTUAL_CLK__ (rise edge)
                          0.00    0.00   clock network delay (ideal)
                          2.00    2.00 ^ input external delay
     1    0.00    0.02    0.01    2.01 ^ opcode[1] (in)
                                         opcode[1] (net)
                  0.02    0.00    2.01 ^ input18/A (sky130_fd_sc_hd__clkbuf_2)
     6    0.02    0.10    0.13    2.14 ^ input18/X (sky130_fd_sc_hd__clkbuf_2)
                                         net18 (net)
                  0.10    0.00    2.14 ^ _127_/B (sky130_fd_sc_hd__nor2_1)
     4    0.01    0.07    0.09    2.23 v _127_/Y (sky130_fd_sc_hd__nor2_1)
                                         _058_ (net)
                  0.07    0.00    2.23 v _174_/A1 (sky130_fd_sc_hd__a31o_1)
     1    0.01    0.05    0.18    2.41 v _174_/X (sky130_fd_sc_hd__a31o_1)
                                         net25 (net)
                  0.05    0.00    2.41 v output25/A (sky130_fd_sc_hd__buf_2)
     1    0.03    0.09    0.17    2.58 v output25/X (sky130_fd_sc_hd__buf_2)
                                         out[5] (net)
                  0.09    0.00    2.58 v out[5] (out)
                                  2.58   data arrival time

                  0.00    0.00    0.00   clock __VIRTUAL_CLK__ (rise edge)
                          0.00    0.00   clock network delay (ideal)
                          0.25    0.25   clock uncertainty
                          0.00    0.25   clock reconvergence pessimism
                         -2.00   -1.75   output external delay
                                 -1.75   data required time
-----------------------------------------------------------------------------
                                 -1.75   data required time
                                 -2.58   data arrival time
-----------------------------------------------------------------------------
                                  4.33   slack (MET)


Startpoint: opcode[1] (input port clocked by __VIRTUAL_CLK__)
Endpoint: out[7] (output port clocked by __VIRTUAL_CLK__)
Path Group: __VIRTUAL_CLK__
Path Type: min

Fanout     Cap    Slew   Delay    Time   Description
-----------------------------------------------------------------------------
                  0.00    0.00    0.00   clock __VIRTUAL_CLK__ (rise edge)
                          0.00    0.00   clock network delay (ideal)
                          2.00    2.00 ^ input external delay
     1    0.00    0.02    0.01    2.01 ^ opcode[1] (in)
                                         opcode[1] (net)
                  0.02    0.00    2.01 ^ input18/A (sky130_fd_sc_hd__clkbuf_2)
     6    0.02    0.10    0.13    2.14 ^ input18/X (sky130_fd_sc_hd__clkbuf_2)
                                         net18 (net)
                  0.10    0.00    2.14 ^ _127_/B (sky130_fd_sc_hd__nor2_1)
     4    0.01    0.07    0.09    2.23 v _127_/Y (sky130_fd_sc_hd__nor2_1)
                                         _058_ (net)
                  0.07    0.00    2.23 v _199_/A1 (sky130_fd_sc_hd__a31o_1)
     1    0.01    0.05    0.19    2.41 v _199_/X (sky130_fd_sc_hd__a31o_1)
                                         net27 (net)
                  0.05    0.00    2.42 v output27/A (sky130_fd_sc_hd__buf_2)
     1    0.03    0.09    0.17    2.59 v output27/X (sky130_fd_sc_hd__buf_2)
                                         out[7] (net)
                  0.09    0.00    2.59 v out[7] (out)
                                  2.59   data arrival time

                  0.00    0.00    0.00   clock __VIRTUAL_CLK__ (rise edge)
                          0.00    0.00   clock network delay (ideal)
                          0.25    0.25   clock uncertainty
                          0.00    0.25   clock reconvergence pessimism
                         -2.00   -1.75   output external delay
                                 -1.75   data required time
-----------------------------------------------------------------------------
                                 -1.75   data required time
                                 -2.59   data arrival time
-----------------------------------------------------------------------------
                                  4.34   slack (MET)


Startpoint: B[0] (input port clocked by __VIRTUAL_CLK__)
Endpoint: out[0] (output port clocked by __VIRTUAL_CLK__)
Path Group: __VIRTUAL_CLK__
Path Type: min

Fanout     Cap    Slew   Delay    Time   Description
-----------------------------------------------------------------------------
                  0.00    0.00    0.00   clock __VIRTUAL_CLK__ (rise edge)
                          0.00    0.00   clock network delay (ideal)
                          2.00    2.00 ^ input external delay
     1    0.00    0.02    0.01    2.01 ^ B[0] (in)
                                         B[0] (net)
                  0.02    0.00    2.01 ^ input9/A (sky130_fd_sc_hd__clkbuf_2)
     7    0.02    0.13    0.15    2.16 ^ input9/X (sky130_fd_sc_hd__clkbuf_2)
                                         net9 (net)
                  0.13    0.00    2.16 ^ _096_/B1 (sky130_fd_sc_hd__a21o_1)
     1    0.01    0.06    0.11    2.27 ^ _096_/X (sky130_fd_sc_hd__a21o_1)
                                         _029_ (net)
                  0.06    0.00    2.27 ^ _107_/A1 (sky130_fd_sc_hd__a31o_1)
     1    0.01    0.07    0.14    2.41 ^ _107_/X (sky130_fd_sc_hd__a31o_1)
                                         net20 (net)
                  0.07    0.00    2.41 ^ output20/A (sky130_fd_sc_hd__buf_2)
     1    0.03    0.17    0.20    2.60 ^ output20/X (sky130_fd_sc_hd__buf_2)
                                         out[0] (net)
                  0.17    0.00    2.60 ^ out[0] (out)
                                  2.60   data arrival time

                  0.00    0.00    0.00   clock __VIRTUAL_CLK__ (rise edge)
                          0.00    0.00   clock network delay (ideal)
                          0.25    0.25   clock uncertainty
                          0.00    0.25   clock reconvergence pessimism
                         -2.00   -1.75   output external delay
                                 -1.75   data required time
-----------------------------------------------------------------------------
                                 -1.75   data required time
                                 -2.60   data arrival time
-----------------------------------------------------------------------------
                                  4.35   slack (MET)


Startpoint: A[1] (input port clocked by __VIRTUAL_CLK__)
Endpoint: out[1] (output port clocked by __VIRTUAL_CLK__)
Path Group: __VIRTUAL_CLK__
Path Type: min

Fanout     Cap    Slew   Delay    Time   Description
-----------------------------------------------------------------------------
                  0.00    0.00    0.00   clock __VIRTUAL_CLK__ (rise edge)
                          0.00    0.00   clock network delay (ideal)
                          2.00    2.00 v input external delay
     1    0.00    0.01    0.00    2.00 v A[1] (in)
                                         A[1] (net)
                  0.01    0.00    2.00 v input2/A (sky130_fd_sc_hd__clkbuf_2)
     6    0.02    0.09    0.13    2.14 v input2/X (sky130_fd_sc_hd__clkbuf_2)
                                         net2 (net)
                  0.09    0.00    2.14 v _112_/B1 (sky130_fd_sc_hd__o21ai_2)
     3    0.01    0.08    0.09    2.23 ^ _112_/Y (sky130_fd_sc_hd__o21ai_2)
                                         _044_ (net)
                  0.08    0.00    2.23 ^ _115_/A2 (sky130_fd_sc_hd__a31o_1)
     1    0.00    0.06    0.14    2.38 ^ _115_/X (sky130_fd_sc_hd__a31o_1)
                                         _047_ (net)
                  0.06    0.00    2.38 ^ _121_/A2 (sky130_fd_sc_hd__o21bai_1)
     1    0.00    0.04    0.06    2.44 v _121_/Y (sky130_fd_sc_hd__o21bai_1)
                                         net21 (net)
                  0.04    0.00    2.44 v output21/A (sky130_fd_sc_hd__buf_2)
     1    0.03    0.09    0.17    2.61 v output21/X (sky130_fd_sc_hd__buf_2)
                                         out[1] (net)
                  0.09    0.00    2.61 v out[1] (out)
                                  2.61   data arrival time

                  0.00    0.00    0.00   clock __VIRTUAL_CLK__ (rise edge)
                          0.00    0.00   clock network delay (ideal)
                          0.25    0.25   clock uncertainty
                          0.00    0.25   clock reconvergence pessimism
                         -2.00   -1.75   output external delay
                                 -1.75   data required time
-----------------------------------------------------------------------------
                                 -1.75   data required time
                                 -2.61   data arrival time
-----------------------------------------------------------------------------
                                  4.36   slack (MET)



worst slack corner Typical: 4.2566
min_report_end
max_report

===========================================================================
report_checks -path_delay max (Setup)
============================================================================
======================= Typical Corner ===================================

Startpoint: opcode[0] (input port clocked by __VIRTUAL_CLK__)
Endpoint: out[7] (output port clocked by __VIRTUAL_CLK__)
Path Group: __VIRTUAL_CLK__
Path Type: max

Fanout     Cap    Slew   Delay    Time   Description
-----------------------------------------------------------------------------
                  0.00    0.00    0.00   clock __VIRTUAL_CLK__ (rise edge)
                          0.00    0.00   clock network delay (ideal)
                          2.00    2.00 ^ input external delay
     1    0.00    0.02    0.01    2.01 ^ opcode[0] (in)
                                         opcode[0] (net)
                  0.02    0.00    2.01 ^ input17/A (sky130_fd_sc_hd__buf_2)
     8    0.03    0.15    0.19    2.20 ^ input17/X (sky130_fd_sc_hd__buf_2)
                                         net17 (net)
                  0.15    0.00    2.20 ^ _108_/C_N (sky130_fd_sc_hd__or3b_1)
     1    0.00    0.07    0.38    2.58 v _108_/X (sky130_fd_sc_hd__or3b_1)
                                         _040_ (net)
                  0.07    0.00    2.58 v _109_/A (sky130_fd_sc_hd__buf_2)
     9    0.03    0.07    0.18    2.76 v _109_/X (sky130_fd_sc_hd__buf_2)
                                         _041_ (net)
                  0.07    0.00    2.76 v _111_/C (sky130_fd_sc_hd__and3_1)
     2    0.01    0.05    0.22    2.98 v _111_/X (sky130_fd_sc_hd__and3_1)
                                         _043_ (net)
                  0.05    0.00    2.98 v _113_/C (sky130_fd_sc_hd__or3_1)
     3    0.01    0.10    0.37    3.35 v _113_/X (sky130_fd_sc_hd__or3_1)
                                         _045_ (net)
                  0.10    0.00    3.35 v _122_/A2 (sky130_fd_sc_hd__a21bo_1)
     3    0.01    0.06    0.25    3.60 v _122_/X (sky130_fd_sc_hd__a21bo_1)
                                         _053_ (net)
                  0.06    0.00    3.60 v _158_/A1 (sky130_fd_sc_hd__a31o_1)
     2    0.01    0.05    0.20    3.80 v _158_/X (sky130_fd_sc_hd__a31o_1)
                                         _087_ (net)
                  0.05    0.00    3.80 v _160_/B (sky130_fd_sc_hd__and2_1)
     5    0.02    0.09    0.22    4.02 v _160_/X (sky130_fd_sc_hd__and2_1)
                                         _089_ (net)
                  0.09    0.00    4.02 v _181_/A2 (sky130_fd_sc_hd__o311a_1)
     3    0.01    0.09    0.40    4.42 v _181_/X (sky130_fd_sc_hd__o311a_1)
                                         _012_ (net)
                  0.09    0.00    4.42 v _195_/B (sky130_fd_sc_hd__or3_1)
     1    0.00    0.07    0.37    4.79 v _195_/X (sky130_fd_sc_hd__or3_1)
                                         _025_ (net)
                  0.07    0.00    4.79 v _199_/A3 (sky130_fd_sc_hd__a31o_1)
     1    0.01    0.05    0.25    5.04 v _199_/X (sky130_fd_sc_hd__a31o_1)
                                         net27 (net)
                  0.05    0.00    5.04 v output27/A (sky130_fd_sc_hd__buf_2)
     1    0.03    0.09    0.19    5.23 v output27/X (sky130_fd_sc_hd__buf_2)
                                         out[7] (net)
                  0.09    0.00    5.23 v out[7] (out)
                                  5.23   data arrival time

                  0.00   10.00   10.00   clock __VIRTUAL_CLK__ (rise edge)
                          0.00   10.00   clock network delay (ideal)
                         -0.25    9.75   clock uncertainty
                          0.00    9.75   clock reconvergence pessimism
                         -2.00    7.75   output external delay
                                  7.75   data required time
-----------------------------------------------------------------------------
                                  7.75   data required time
                                 -5.23   data arrival time
-----------------------------------------------------------------------------
                                  2.52   slack (MET)


Startpoint: opcode[0] (input port clocked by __VIRTUAL_CLK__)
Endpoint: out[6] (output port clocked by __VIRTUAL_CLK__)
Path Group: __VIRTUAL_CLK__
Path Type: max

Fanout     Cap    Slew   Delay    Time   Description
-----------------------------------------------------------------------------
                  0.00    0.00    0.00   clock __VIRTUAL_CLK__ (rise edge)
                          0.00    0.00   clock network delay (ideal)
                          2.00    2.00 ^ input external delay
     1    0.00    0.02    0.01    2.01 ^ opcode[0] (in)
                                         opcode[0] (net)
                  0.02    0.00    2.01 ^ input17/A (sky130_fd_sc_hd__buf_2)
     8    0.03    0.15    0.19    2.20 ^ input17/X (sky130_fd_sc_hd__buf_2)
                                         net17 (net)
                  0.15    0.00    2.20 ^ _108_/C_N (sky130_fd_sc_hd__or3b_1)
     1    0.00    0.07    0.38    2.58 v _108_/X (sky130_fd_sc_hd__or3b_1)
                                         _040_ (net)
                  0.07    0.00    2.58 v _109_/A (sky130_fd_sc_hd__buf_2)
     9    0.03    0.07    0.18    2.76 v _109_/X (sky130_fd_sc_hd__buf_2)
                                         _041_ (net)
                  0.07    0.00    2.76 v _111_/C (sky130_fd_sc_hd__and3_1)
     2    0.01    0.05    0.22    2.98 v _111_/X (sky130_fd_sc_hd__and3_1)
                                         _043_ (net)
                  0.05    0.00    2.98 v _113_/C (sky130_fd_sc_hd__or3_1)
     3    0.01    0.10    0.37    3.35 v _113_/X (sky130_fd_sc_hd__or3_1)
                                         _045_ (net)
                  0.10    0.00    3.35 v _122_/A2 (sky130_fd_sc_hd__a21bo_1)
     3    0.01    0.06    0.25    3.60 v _122_/X (sky130_fd_sc_hd__a21bo_1)
                                         _053_ (net)
                  0.06    0.00    3.60 v _158_/A1 (sky130_fd_sc_hd__a31o_1)
     2    0.01    0.05    0.20    3.80 v _158_/X (sky130_fd_sc_hd__a31o_1)
                                         _087_ (net)
                  0.05    0.00    3.80 v _160_/B (sky130_fd_sc_hd__and2_1)
     5    0.02    0.09    0.22    4.02 v _160_/X (sky130_fd_sc_hd__and2_1)
                                         _089_ (net)
                  0.09    0.00    4.02 v _181_/A2 (sky130_fd_sc_hd__o311a_1)
     3    0.01    0.09    0.40    4.42 v _181_/X (sky130_fd_sc_hd__o311a_1)
                                         _012_ (net)
                  0.09    0.00    4.42 v _182_/B (sky130_fd_sc_hd__nor2_1)
     1    0.00    0.10    0.12    4.54 ^ _182_/Y (sky130_fd_sc_hd__nor2_1)
                                         _013_ (net)
                  0.10    0.00    4.54 ^ _187_/A2 (sky130_fd_sc_hd__a21o_1)
     1    0.00    0.04    0.12    4.67 ^ _187_/X (sky130_fd_sc_hd__a21o_1)
                                         net26 (net)
                  0.04    0.00    4.67 ^ output26/A (sky130_fd_sc_hd__buf_2)
     1    0.03    0.17    0.20    4.87 ^ output26/X (sky130_fd_sc_hd__buf_2)
                                         out[6] (net)
                  0.17    0.00    4.87 ^ out[6] (out)
                                  4.87   data arrival time

                  0.00   10.00   10.00   clock __VIRTUAL_CLK__ (rise edge)
                          0.00   10.00   clock network delay (ideal)
                         -0.25    9.75   clock uncertainty
                          0.00    9.75   clock reconvergence pessimism
                         -2.00    7.75   output external delay
                                  7.75   data required time
-----------------------------------------------------------------------------
                                  7.75   data required time
                                 -4.87   data arrival time
-----------------------------------------------------------------------------
                                  2.88   slack (MET)


Startpoint: opcode[0] (input port clocked by __VIRTUAL_CLK__)
Endpoint: out[5] (output port clocked by __VIRTUAL_CLK__)
Path Group: __VIRTUAL_CLK__
Path Type: max

Fanout     Cap    Slew   Delay    Time   Description
-----------------------------------------------------------------------------
                  0.00    0.00    0.00   clock __VIRTUAL_CLK__ (rise edge)
                          0.00    0.00   clock network delay (ideal)
                          2.00    2.00 ^ input external delay
     1    0.00    0.02    0.01    2.01 ^ opcode[0] (in)
                                         opcode[0] (net)
                  0.02    0.00    2.01 ^ input17/A (sky130_fd_sc_hd__buf_2)
     8    0.03    0.15    0.19    2.20 ^ input17/X (sky130_fd_sc_hd__buf_2)
                                         net17 (net)
                  0.15    0.00    2.20 ^ _108_/C_N (sky130_fd_sc_hd__or3b_1)
     1    0.00    0.07    0.38    2.58 v _108_/X (sky130_fd_sc_hd__or3b_1)
                                         _040_ (net)
                  0.07    0.00    2.58 v _109_/A (sky130_fd_sc_hd__buf_2)
     9    0.03    0.07    0.18    2.76 v _109_/X (sky130_fd_sc_hd__buf_2)
                                         _041_ (net)
                  0.07    0.00    2.76 v _111_/C (sky130_fd_sc_hd__and3_1)
     2    0.01    0.05    0.22    2.98 v _111_/X (sky130_fd_sc_hd__and3_1)
                                         _043_ (net)
                  0.05    0.00    2.98 v _113_/C (sky130_fd_sc_hd__or3_1)
     3    0.01    0.10    0.37    3.35 v _113_/X (sky130_fd_sc_hd__or3_1)
                                         _045_ (net)
                  0.10    0.00    3.35 v _122_/A2 (sky130_fd_sc_hd__a21bo_1)
     3    0.01    0.06    0.25    3.60 v _122_/X (sky130_fd_sc_hd__a21bo_1)
                                         _053_ (net)
                  0.06    0.00    3.60 v _158_/A1 (sky130_fd_sc_hd__a31o_1)
     2    0.01    0.05    0.20    3.80 v _158_/X (sky130_fd_sc_hd__a31o_1)
                                         _087_ (net)
                  0.05    0.00    3.80 v _160_/B (sky130_fd_sc_hd__and2_1)
     5    0.02    0.09    0.22    4.02 v _160_/X (sky130_fd_sc_hd__and2_1)
                                         _089_ (net)
                  0.09    0.00    4.02 v _168_/C1 (sky130_fd_sc_hd__a211o_1)
     1    0.01    0.06    0.26    4.28 v _168_/X (sky130_fd_sc_hd__a211o_1)
                                         _000_ (net)
                  0.06    0.00    4.28 v _174_/A2 (sky130_fd_sc_hd__a31o_1)
     1    0.01    0.05    0.23    4.51 v _174_/X (sky130_fd_sc_hd__a31o_1)
                                         net25 (net)
                  0.05    0.00    4.51 v output25/A (sky130_fd_sc_hd__buf_2)
     1    0.03    0.09    0.19    4.70 v output25/X (sky130_fd_sc_hd__buf_2)
                                         out[5] (net)
                  0.09    0.00    4.70 v out[5] (out)
                                  4.70   data arrival time

                  0.00   10.00   10.00   clock __VIRTUAL_CLK__ (rise edge)
                          0.00   10.00   clock network delay (ideal)
                         -0.25    9.75   clock uncertainty
                          0.00    9.75   clock reconvergence pessimism
                         -2.00    7.75   output external delay
                                  7.75   data required time
-----------------------------------------------------------------------------
                                  7.75   data required time
                                 -4.70   data arrival time
-----------------------------------------------------------------------------
                                  3.05   slack (MET)


Startpoint: opcode[0] (input port clocked by __VIRTUAL_CLK__)
Endpoint: out[4] (output port clocked by __VIRTUAL_CLK__)
Path Group: __VIRTUAL_CLK__
Path Type: max

Fanout     Cap    Slew   Delay    Time   Description
-----------------------------------------------------------------------------
                  0.00    0.00    0.00   clock __VIRTUAL_CLK__ (rise edge)
                          0.00    0.00   clock network delay (ideal)
                          2.00    2.00 ^ input external delay
     1    0.00    0.02    0.01    2.01 ^ opcode[0] (in)
                                         opcode[0] (net)
                  0.02    0.00    2.01 ^ input17/A (sky130_fd_sc_hd__buf_2)
     8    0.03    0.15    0.19    2.20 ^ input17/X (sky130_fd_sc_hd__buf_2)
                                         net17 (net)
                  0.15    0.00    2.20 ^ _108_/C_N (sky130_fd_sc_hd__or3b_1)
     1    0.00    0.07    0.38    2.58 v _108_/X (sky130_fd_sc_hd__or3b_1)
                                         _040_ (net)
                  0.07    0.00    2.58 v _109_/A (sky130_fd_sc_hd__buf_2)
     9    0.03    0.07    0.18    2.76 v _109_/X (sky130_fd_sc_hd__buf_2)
                                         _041_ (net)
                  0.07    0.00    2.76 v _111_/C (sky130_fd_sc_hd__and3_1)
     2    0.01    0.05    0.22    2.98 v _111_/X (sky130_fd_sc_hd__and3_1)
                                         _043_ (net)
                  0.05    0.00    2.98 v _113_/C (sky130_fd_sc_hd__or3_1)
     3    0.01    0.10    0.37    3.35 v _113_/X (sky130_fd_sc_hd__or3_1)
                                         _045_ (net)
                  0.10    0.00    3.35 v _122_/A2 (sky130_fd_sc_hd__a21bo_1)
     3    0.01    0.06    0.25    3.60 v _122_/X (sky130_fd_sc_hd__a21bo_1)
                                         _053_ (net)
                  0.06    0.00    3.60 v _158_/A1 (sky130_fd_sc_hd__a31o_1)
     2    0.01    0.05    0.20    3.80 v _158_/X (sky130_fd_sc_hd__a31o_1)
                                         _087_ (net)
                  0.05    0.00    3.80 v _160_/B (sky130_fd_sc_hd__and2_1)
     5    0.02    0.09    0.22    4.02 v _160_/X (sky130_fd_sc_hd__and2_1)
                                         _089_ (net)
                  0.09    0.00    4.02 v _161_/A3 (sky130_fd_sc_hd__o32a_1)
     1    0.00    0.05    0.31    4.33 v _161_/X (sky130_fd_sc_hd__o32a_1)
                                         _090_ (net)
                  0.05    0.00    4.33 v _162_/B (sky130_fd_sc_hd__nand2_1)
     1    0.00    0.05    0.07    4.40 ^ _162_/Y (sky130_fd_sc_hd__nand2_1)
                                         net24 (net)
                  0.05    0.00    4.40 ^ output24/A (sky130_fd_sc_hd__buf_2)
     1    0.03    0.17    0.21    4.61 ^ output24/X (sky130_fd_sc_hd__buf_2)
                                         out[4] (net)
                  0.17    0.00    4.61 ^ out[4] (out)
                                  4.61   data arrival time

                  0.00   10.00   10.00   clock __VIRTUAL_CLK__ (rise edge)
                          0.00   10.00   clock network delay (ideal)
                         -0.25    9.75   clock uncertainty
                          0.00    9.75   clock reconvergence pessimism
                         -2.00    7.75   output external delay
                                  7.75   data required time
-----------------------------------------------------------------------------
                                  7.75   data required time
                                 -4.61   data arrival time
-----------------------------------------------------------------------------
                                  3.14   slack (MET)


Startpoint: opcode[0] (input port clocked by __VIRTUAL_CLK__)
Endpoint: out[3] (output port clocked by __VIRTUAL_CLK__)
Path Group: __VIRTUAL_CLK__
Path Type: max

Fanout     Cap    Slew   Delay    Time   Description
-----------------------------------------------------------------------------
                  0.00    0.00    0.00   clock __VIRTUAL_CLK__ (rise edge)
                          0.00    0.00   clock network delay (ideal)
                          2.00    2.00 ^ input external delay
     1    0.00    0.02    0.01    2.01 ^ opcode[0] (in)
                                         opcode[0] (net)
                  0.02    0.00    2.01 ^ input17/A (sky130_fd_sc_hd__buf_2)
     8    0.03    0.15    0.19    2.20 ^ input17/X (sky130_fd_sc_hd__buf_2)
                                         net17 (net)
                  0.15    0.00    2.20 ^ _108_/C_N (sky130_fd_sc_hd__or3b_1)
     1    0.00    0.07    0.38    2.58 v _108_/X (sky130_fd_sc_hd__or3b_1)
                                         _040_ (net)
                  0.07    0.00    2.58 v _109_/A (sky130_fd_sc_hd__buf_2)
     9    0.03    0.07    0.18    2.76 v _109_/X (sky130_fd_sc_hd__buf_2)
                                         _041_ (net)
                  0.07    0.00    2.76 v _111_/C (sky130_fd_sc_hd__and3_1)
     2    0.01    0.05    0.22    2.98 v _111_/X (sky130_fd_sc_hd__and3_1)
                                         _043_ (net)
                  0.05    0.00    2.98 v _113_/C (sky130_fd_sc_hd__or3_1)
     3    0.01    0.10    0.37    3.35 v _113_/X (sky130_fd_sc_hd__or3_1)
                                         _045_ (net)
                  0.10    0.00    3.35 v _122_/A2 (sky130_fd_sc_hd__a21bo_1)
     3    0.01    0.06    0.25    3.60 v _122_/X (sky130_fd_sc_hd__a21bo_1)
                                         _053_ (net)
                  0.06    0.00    3.60 v _126_/A (sky130_fd_sc_hd__and2_1)
     2    0.01    0.05    0.17    3.77 v _126_/X (sky130_fd_sc_hd__and2_1)
                                         _057_ (net)
                  0.05    0.00    3.77 v _140_/B1 (sky130_fd_sc_hd__a21oi_1)
     1    0.01    0.18    0.18    3.95 ^ _140_/Y (sky130_fd_sc_hd__a21oi_1)
                                         _070_ (net)
                  0.18    0.00    3.95 ^ _141_/B (sky130_fd_sc_hd__xnor2_1)
     1    0.00    0.06    0.09    4.04 v _141_/Y (sky130_fd_sc_hd__xnor2_1)
                                         _071_ (net)
                  0.06    0.00    4.04 v _146_/A2 (sky130_fd_sc_hd__a211o_1)
     1    0.00    0.05    0.31    4.34 v _146_/X (sky130_fd_sc_hd__a211o_1)
                                         net23 (net)
                  0.05    0.00    4.34 v output23/A (sky130_fd_sc_hd__buf_2)
     1    0.03    0.09    0.19    4.54 v output23/X (sky130_fd_sc_hd__buf_2)
                                         out[3] (net)
                  0.09    0.00    4.54 v out[3] (out)
                                  4.54   data arrival time

                  0.00   10.00   10.00   clock __VIRTUAL_CLK__ (rise edge)
                          0.00   10.00   clock network delay (ideal)
                         -0.25    9.75   clock uncertainty
                          0.00    9.75   clock reconvergence pessimism
                         -2.00    7.75   output external delay
                                  7.75   data required time
-----------------------------------------------------------------------------
                                  7.75   data required time
                                 -4.54   data arrival time
-----------------------------------------------------------------------------
                                  3.21   slack (MET)


Startpoint: opcode[0] (input port clocked by __VIRTUAL_CLK__)
Endpoint: out[2] (output port clocked by __VIRTUAL_CLK__)
Path Group: __VIRTUAL_CLK__
Path Type: max

Fanout     Cap    Slew   Delay    Time   Description
-----------------------------------------------------------------------------
                  0.00    0.00    0.00   clock __VIRTUAL_CLK__ (rise edge)
                          0.00    0.00   clock network delay (ideal)
                          2.00    2.00 ^ input external delay
     1    0.00    0.02    0.01    2.01 ^ opcode[0] (in)
                                         opcode[0] (net)
                  0.02    0.00    2.01 ^ input17/A (sky130_fd_sc_hd__buf_2)
     8    0.03    0.15    0.19    2.20 ^ input17/X (sky130_fd_sc_hd__buf_2)
                                         net17 (net)
                  0.15    0.00    2.20 ^ _108_/C_N (sky130_fd_sc_hd__or3b_1)
     1    0.00    0.07    0.38    2.58 v _108_/X (sky130_fd_sc_hd__or3b_1)
                                         _040_ (net)
                  0.07    0.00    2.58 v _109_/A (sky130_fd_sc_hd__buf_2)
     9    0.03    0.07    0.18    2.76 v _109_/X (sky130_fd_sc_hd__buf_2)
                                         _041_ (net)
                  0.07    0.00    2.76 v _111_/C (sky130_fd_sc_hd__and3_1)
     2    0.01    0.05    0.22    2.98 v _111_/X (sky130_fd_sc_hd__and3_1)
                                         _043_ (net)
                  0.05    0.00    2.98 v _113_/C (sky130_fd_sc_hd__or3_1)
     3    0.01    0.10    0.37    3.35 v _113_/X (sky130_fd_sc_hd__or3_1)
                                         _045_ (net)
                  0.10    0.00    3.35 v _122_/A2 (sky130_fd_sc_hd__a21bo_1)
     3    0.01    0.06    0.25    3.60 v _122_/X (sky130_fd_sc_hd__a21bo_1)
                                         _053_ (net)
                  0.06    0.00    3.60 v _126_/A (sky130_fd_sc_hd__and2_1)
     2    0.01    0.05    0.17    3.77 v _126_/X (sky130_fd_sc_hd__and2_1)
                                         _057_ (net)
                  0.05    0.00    3.77 v _133_/A1 (sky130_fd_sc_hd__o21bai_1)
     1    0.01    0.15    0.18    3.95 ^ _133_/Y (sky130_fd_sc_hd__o21bai_1)
                                         net22 (net)
                  0.15    0.00    3.95 ^ output22/A (sky130_fd_sc_hd__buf_2)
     1    0.03    0.17    0.25    4.19 ^ output22/X (sky130_fd_sc_hd__buf_2)
                                         out[2] (net)
                  0.17    0.00    4.19 ^ out[2] (out)
                                  4.19   data arrival time

                  0.00   10.00   10.00   clock __VIRTUAL_CLK__ (rise edge)
                          0.00   10.00   clock network delay (ideal)
                         -0.25    9.75   clock uncertainty
                          0.00    9.75   clock reconvergence pessimism
                         -2.00    7.75   output external delay
                                  7.75   data required time
-----------------------------------------------------------------------------
                                  7.75   data required time
                                 -4.19   data arrival time
-----------------------------------------------------------------------------
                                  3.56   slack (MET)


Startpoint: opcode[0] (input port clocked by __VIRTUAL_CLK__)
Endpoint: out[1] (output port clocked by __VIRTUAL_CLK__)
Path Group: __VIRTUAL_CLK__
Path Type: max

Fanout     Cap    Slew   Delay    Time   Description
-----------------------------------------------------------------------------
                  0.00    0.00    0.00   clock __VIRTUAL_CLK__ (rise edge)
                          0.00    0.00   clock network delay (ideal)
                          2.00    2.00 ^ input external delay
     1    0.00    0.02    0.01    2.01 ^ opcode[0] (in)
                                         opcode[0] (net)
                  0.02    0.00    2.01 ^ input17/A (sky130_fd_sc_hd__buf_2)
     8    0.03    0.15    0.19    2.20 ^ input17/X (sky130_fd_sc_hd__buf_2)
                                         net17 (net)
                  0.15    0.00    2.20 ^ _108_/C_N (sky130_fd_sc_hd__or3b_1)
     1    0.00    0.07    0.38    2.58 v _108_/X (sky130_fd_sc_hd__or3b_1)
                                         _040_ (net)
                  0.07    0.00    2.58 v _109_/A (sky130_fd_sc_hd__buf_2)
     9    0.03    0.07    0.18    2.76 v _109_/X (sky130_fd_sc_hd__buf_2)
                                         _041_ (net)
                  0.07    0.00    2.76 v _111_/C (sky130_fd_sc_hd__and3_1)
     2    0.01    0.05    0.22    2.98 v _111_/X (sky130_fd_sc_hd__and3_1)
                                         _043_ (net)
                  0.05    0.00    2.98 v _113_/C (sky130_fd_sc_hd__or3_1)
     3    0.01    0.10    0.37    3.35 v _113_/X (sky130_fd_sc_hd__or3_1)
                                         _045_ (net)
                  0.10    0.00    3.35 v _115_/A3 (sky130_fd_sc_hd__a31o_1)
     1    0.00    0.04    0.25    3.60 v _115_/X (sky130_fd_sc_hd__a31o_1)
                                         _047_ (net)
                  0.04    0.00    3.60 v _121_/A2 (sky130_fd_sc_hd__o21bai_1)
     1    0.00    0.14    0.15    3.75 ^ _121_/Y (sky130_fd_sc_hd__o21bai_1)
                                         net21 (net)
                  0.14    0.00    3.75 ^ output21/A (sky130_fd_sc_hd__buf_2)
     1    0.03    0.17    0.24    3.99 ^ output21/X (sky130_fd_sc_hd__buf_2)
                                         out[1] (net)
                  0.17    0.00    3.99 ^ out[1] (out)
                                  3.99   data arrival time

                  0.00   10.00   10.00   clock __VIRTUAL_CLK__ (rise edge)
                          0.00   10.00   clock network delay (ideal)
                         -0.25    9.75   clock uncertainty
                          0.00    9.75   clock reconvergence pessimism
                         -2.00    7.75   output external delay
                                  7.75   data required time
-----------------------------------------------------------------------------
                                  7.75   data required time
                                 -3.99   data arrival time
-----------------------------------------------------------------------------
                                  3.76   slack (MET)


Startpoint: opcode[2] (input port clocked by __VIRTUAL_CLK__)
Endpoint: out[0] (output port clocked by __VIRTUAL_CLK__)
Path Group: __VIRTUAL_CLK__
Path Type: max

Fanout     Cap    Slew   Delay    Time   Description
-----------------------------------------------------------------------------
                  0.00    0.00    0.00   clock __VIRTUAL_CLK__ (rise edge)
                          0.00    0.00   clock network delay (ideal)
                          2.00    2.00 ^ input external delay
     1    0.00    0.02    0.01    2.01 ^ opcode[2] (in)
                                         opcode[2] (net)
                  0.02    0.00    2.01 ^ input19/A (sky130_fd_sc_hd__buf_2)
     6    0.03    0.16    0.19    2.20 ^ input19/X (sky130_fd_sc_hd__buf_2)
                                         net19 (net)
                  0.16    0.00    2.20 ^ _099_/C_N (sky130_fd_sc_hd__or3b_1)
     1    0.00    0.08    0.40    2.59 v _099_/X (sky130_fd_sc_hd__or3b_1)
                                         _032_ (net)
                  0.08    0.00    2.59 v _100_/A (sky130_fd_sc_hd__buf_2)
     8    0.02    0.07    0.18    2.78 v _100_/X (sky130_fd_sc_hd__buf_2)
                                         _033_ (net)
                  0.07    0.00    2.78 v _106_/A2 (sky130_fd_sc_hd__o21ai_1)
     1    0.01    0.15    0.17    2.94 ^ _106_/Y (sky130_fd_sc_hd__o21ai_1)
                                         _039_ (net)
                  0.15    0.00    2.94 ^ _107_/B1 (sky130_fd_sc_hd__a31o_1)
     1    0.01    0.07    0.14    3.09 ^ _107_/X (sky130_fd_sc_hd__a31o_1)
                                         net20 (net)
                  0.07    0.00    3.09 ^ output20/A (sky130_fd_sc_hd__buf_2)
     1    0.03    0.17    0.22    3.30 ^ output20/X (sky130_fd_sc_hd__buf_2)
                                         out[0] (net)
                  0.17    0.00    3.30 ^ out[0] (out)
                                  3.30   data arrival time

                  0.00   10.00   10.00   clock __VIRTUAL_CLK__ (rise edge)
                          0.00   10.00   clock network delay (ideal)
                         -0.25    9.75   clock uncertainty
                          0.00    9.75   clock reconvergence pessimism
                         -2.00    7.75   output external delay
                                  7.75   data required time
-----------------------------------------------------------------------------
                                  7.75   data required time
                                 -3.30   data arrival time
-----------------------------------------------------------------------------
                                  4.45   slack (MET)



worst slack corner Typical: 2.5192
max_report_end
checks_report

===========================================================================
report_checks -unconstrained
===========================================================================
======================= Typical Corner ===================================

Startpoint: opcode[0] (input port clocked by __VIRTUAL_CLK__)
Endpoint: out[7] (output port clocked by __VIRTUAL_CLK__)
Path Group: __VIRTUAL_CLK__
Path Type: max

Fanout     Cap    Slew   Delay    Time   Description
-----------------------------------------------------------------------------
                  0.00    0.00    0.00   clock __VIRTUAL_CLK__ (rise edge)
                          0.00    0.00   clock network delay (ideal)
                          2.00    2.00 ^ input external delay
     1    0.00    0.02    0.01    2.01 ^ opcode[0] (in)
                                         opcode[0] (net)
                  0.02    0.00    2.01 ^ input17/A (sky130_fd_sc_hd__buf_2)
     8    0.03    0.15    0.19    2.20 ^ input17/X (sky130_fd_sc_hd__buf_2)
                                         net17 (net)
                  0.15    0.00    2.20 ^ _108_/C_N (sky130_fd_sc_hd__or3b_1)
     1    0.00    0.07    0.38    2.58 v _108_/X (sky130_fd_sc_hd__or3b_1)
                                         _040_ (net)
                  0.07    0.00    2.58 v _109_/A (sky130_fd_sc_hd__buf_2)
     9    0.03    0.07    0.18    2.76 v _109_/X (sky130_fd_sc_hd__buf_2)
                                         _041_ (net)
                  0.07    0.00    2.76 v _111_/C (sky130_fd_sc_hd__and3_1)
     2    0.01    0.05    0.22    2.98 v _111_/X (sky130_fd_sc_hd__and3_1)
                                         _043_ (net)
                  0.05    0.00    2.98 v _113_/C (sky130_fd_sc_hd__or3_1)
     3    0.01    0.10    0.37    3.35 v _113_/X (sky130_fd_sc_hd__or3_1)
                                         _045_ (net)
                  0.10    0.00    3.35 v _122_/A2 (sky130_fd_sc_hd__a21bo_1)
     3    0.01    0.06    0.25    3.60 v _122_/X (sky130_fd_sc_hd__a21bo_1)
                                         _053_ (net)
                  0.06    0.00    3.60 v _158_/A1 (sky130_fd_sc_hd__a31o_1)
     2    0.01    0.05    0.20    3.80 v _158_/X (sky130_fd_sc_hd__a31o_1)
                                         _087_ (net)
                  0.05    0.00    3.80 v _160_/B (sky130_fd_sc_hd__and2_1)
     5    0.02    0.09    0.22    4.02 v _160_/X (sky130_fd_sc_hd__and2_1)
                                         _089_ (net)
                  0.09    0.00    4.02 v _181_/A2 (sky130_fd_sc_hd__o311a_1)
     3    0.01    0.09    0.40    4.42 v _181_/X (sky130_fd_sc_hd__o311a_1)
                                         _012_ (net)
                  0.09    0.00    4.42 v _195_/B (sky130_fd_sc_hd__or3_1)
     1    0.00    0.07    0.37    4.79 v _195_/X (sky130_fd_sc_hd__or3_1)
                                         _025_ (net)
                  0.07    0.00    4.79 v _199_/A3 (sky130_fd_sc_hd__a31o_1)
     1    0.01    0.05    0.25    5.04 v _199_/X (sky130_fd_sc_hd__a31o_1)
                                         net27 (net)
                  0.05    0.00    5.04 v output27/A (sky130_fd_sc_hd__buf_2)
     1    0.03    0.09    0.19    5.23 v output27/X (sky130_fd_sc_hd__buf_2)
                                         out[7] (net)
                  0.09    0.00    5.23 v out[7] (out)
                                  5.23   data arrival time

                  0.00   10.00   10.00   clock __VIRTUAL_CLK__ (rise edge)
                          0.00   10.00   clock network delay (ideal)
                         -0.25    9.75   clock uncertainty
                          0.00    9.75   clock reconvergence pessimism
                         -2.00    7.75   output external delay
                                  7.75   data required time
-----------------------------------------------------------------------------
                                  7.75   data required time
                                 -5.23   data arrival time
-----------------------------------------------------------------------------
                                  2.52   slack (MET)




===========================================================================
report_checks --slack_max -0.01
============================================================================
======================= Typical Corner ===================================

No paths found.


===========================================================================
 report_check_types -max_slew -max_cap -max_fanout -violators
============================================================================
======================= Typical Corner ===================================


max slew violations count Typical: 0
max fanout violations count Typical: 0
max cap violations count Typical: 0

===========================================================================
report_parasitic_annotation -report_unannotated
============================================================================
Found 0 unannotated drivers.
Found 0 partially unannotated drivers.

===========================================================================
max slew violation count 0
max fanout violation count 0
max cap violation count 0
============================================================================

===========================================================================
check_setup -verbose -unconstrained_endpoints -multiple_clock -no_clock -no_input_delay -loops -generated_clocks
===========================================================================
checks_report_end
power_report

===========================================================================
 report_power
============================================================================
======================= Typical Corner ===================================

Group                  Internal  Switching    Leakage      Total
                          Power      Power      Power      Power (Watts)
----------------------------------------------------------------
Sequential             0.00e+00   0.00e+00   0.00e+00   0.00e+00   0.0%
Combinational          2.47e-05   3.69e-05   4.36e-10   6.15e-05 100.0%
Clock                  0.00e+00   0.00e+00   9.07e-11   9.07e-11   0.0%
Macro                  0.00e+00   0.00e+00   0.00e+00   0.00e+00   0.0%
Pad                    0.00e+00   0.00e+00   0.00e+00   0.00e+00   0.0%
----------------------------------------------------------------
Total                  2.47e-05   3.69e-05   5.27e-10   6.15e-05 100.0%
                          40.1%      59.9%       0.0%

power_report_end
summary_report

===========================================================================
report_tns
============================================================================
tns 0.00

===========================================================================
report_wns
============================================================================
wns 0.00

===========================================================================
report_worst_slack -max (Setup)
============================================================================
worst slack 2.52

===========================================================================
report_worst_slack -min (Hold)
============================================================================
worst slack 4.26
summary_report_end
area_report

===========================================================================
report_design_area
============================================================================
Design area 915 u^2 49% utilization.
area_report_end
check_nonpropagated_clocks
__VIRTUAL_CLK__
check_nonpropagated_clocks_end
[WARNING] Did not save OpenROAD database!
Writing SDF to '/openlane/designs/my_second_design/runs/RUN_2025.05.07_23.45.03/results/signoff/ALU.sdf'…
