Fri May 23 01:02:15 +0000 2025 - Executing "{openroad -exit -no_init -python /openlane/scripts/odbpy/lefutil.py get_metal_layers -o /openlane/designs/zero_to_five_counter/runs/RUN_2025.05.23_01.02.15/tmp/layers.list /Users/macpro/.volare/sky130A/libs.ref/sky130_fd_sc_hd/techlef/sky130_fd_sc_hd__nom.tlef}"

Fri May 23 01:02:15 +0000 2025 - Executing "{/openlane/scripts/mergeLef.py -o /openlane/designs/zero_to_five_counter/runs/RUN_2025.05.23_01.02.15/tmp/merged.nom.lef -i /Users/macpro/.volare/sky130A/libs.ref/sky130_fd_sc_hd/techlef/sky130_fd_sc_hd__nom.tlef {/Users/macpro/.volare/sky130A/libs.ref/sky130_fd_sc_hd/lef/sky130_ef_sc_hd.lef /Users/macpro/.volare/sky130A/libs.ref/sky130_fd_sc_hd/lef/sky130_fd_sc_hd.lef} |& tee /dev/null}"

Fri May 23 01:02:15 +0000 2025 - Executing "{/openlane/scripts/mergeLef.py -o /openlane/designs/zero_to_five_counter/runs/RUN_2025.05.23_01.02.15/tmp/merged.min.lef -i /Users/macpro/.volare/sky130A/libs.ref/sky130_fd_sc_hd/techlef/sky130_fd_sc_hd__min.tlef {/Users/macpro/.volare/sky130A/libs.ref/sky130_fd_sc_hd/lef/sky130_ef_sc_hd.lef /Users/macpro/.volare/sky130A/libs.ref/sky130_fd_sc_hd/lef/sky130_fd_sc_hd.lef} |& tee /dev/null}"

Fri May 23 01:02:15 +0000 2025 - Executing "{/openlane/scripts/mergeLef.py -o /openlane/designs/zero_to_five_counter/runs/RUN_2025.05.23_01.02.15/tmp/merged.max.lef -i /Users/macpro/.volare/sky130A/libs.ref/sky130_fd_sc_hd/techlef/sky130_fd_sc_hd__max.tlef {/Users/macpro/.volare/sky130A/libs.ref/sky130_fd_sc_hd/lef/sky130_ef_sc_hd.lef /Users/macpro/.volare/sky130A/libs.ref/sky130_fd_sc_hd/lef/sky130_fd_sc_hd.lef} |& tee /dev/null}"

Fri May 23 01:02:15 +0000 2025 - Executing "{python3 /openlane/scripts/mergeLib.py --output /openlane/designs/zero_to_five_counter/runs/RUN_2025.05.23_01.02.15/tmp/synthesis/merged.lib --name sky130A_merged /Users/macpro/.volare/sky130A/libs.ref/sky130_fd_sc_hd/lib/sky130_fd_sc_hd__tt_025C_1v80.lib}"

Fri May 23 01:02:16 +0000 2025 - Executing "{python3 /openlane/scripts/libtrim.py --cell-file /openlane/designs/zero_to_five_counter/runs/RUN_2025.05.23_01.02.15/tmp/synthesis/trimmed.lib.exclude.list --output /openlane/designs/zero_to_five_counter/runs/RUN_2025.05.23_01.02.15/tmp/synthesis/trimmed.lib /openlane/designs/zero_to_five_counter/runs/RUN_2025.05.23_01.02.15/tmp/synthesis/merged.lib}"

Fri May 23 01:02:16 +0000 2025 - Executing "{python3 /openlane/scripts/libtrim.py --cell-file /openlane/designs/zero_to_five_counter/runs/RUN_2025.05.23_01.02.15/tmp/cts/cts.lib.exclude.list --output /openlane/designs/zero_to_five_counter/runs/RUN_2025.05.23_01.02.15/tmp/cts/cts.lib /Users/macpro/.volare/sky130A/libs.ref/sky130_fd_sc_hd/lib/sky130_fd_sc_hd__tt_025C_1v80.lib}"

Fri May 23 01:02:16 +0000 2025 - Executing "{python3 /openlane/scripts/libtrim.py --cell-file /openlane/designs/zero_to_five_counter/runs/RUN_2025.05.23_01.02.15/tmp/cts/cts-fastest.lib.exclude.list --output /openlane/designs/zero_to_five_counter/runs/RUN_2025.05.23_01.02.15/tmp/cts/cts-fastest.lib /Users/macpro/.volare/sky130A/libs.ref/sky130_fd_sc_hd/lib/sky130_fd_sc_hd__ff_n40C_1v95.lib}"

Fri May 23 01:02:17 +0000 2025 - Executing "{python3 /openlane/scripts/libtrim.py --cell-file /openlane/designs/zero_to_five_counter/runs/RUN_2025.05.23_01.02.15/tmp/cts/cts-slowest.lib.exclude.list --output /openlane/designs/zero_to_five_counter/runs/RUN_2025.05.23_01.02.15/tmp/cts/cts-slowest.lib /Users/macpro/.volare/sky130A/libs.ref/sky130_fd_sc_hd/lib/sky130_fd_sc_hd__ss_100C_1v60.lib}"

Fri May 23 01:02:17 +0000 2025 - Executing "{python3 /openlane/scripts/new_tracks.py -i /Users/macpro/.volare/sky130A/libs.tech/openlane/sky130_fd_sc_hd/tracks.info -o /openlane/designs/zero_to_five_counter/runs/RUN_2025.05.23_01.02.15/tmp/routing/config.tracks}"

Fri May 23 01:02:17 +0000 2025 - Executing "{echo {OpenLane e73fb3c57e687a0023fcd4dcfd1566ecd478362a} > /openlane/designs/zero_to_five_counter/runs/RUN_2025.05.23_01.02.15/OPENLANE_COMMIT}"

Fri May 23 01:02:17 +0000 2025 - Executing "{yosys -c /openlane/scripts/yosys/blackbox.tcl}"

Fri May 23 01:02:17 +0000 2025 - Executing "{verilator -Wall --lint-only --Wno-DECLFILENAME --top-module zero_to_five_counter /openlane/designs/zero_to_five_counter/runs/RUN_2025.05.23_01.02.15/tmp/synthesis/blackbox/sky130_fd_sc_hd__blackbox.v /openlane/designs/zero_to_five_counter/src/seven_segment_display.v /openlane/designs/zero_to_five_counter/src/zero_to_five_counter.v -Wno-fatal --relative-includes |& tee /openlane/designs/zero_to_five_counter/runs/RUN_2025.05.23_01.02.15/logs/synthesis/linter.log /dev/null}"

Fri May 23 01:02:17 +0000 2025 - Executing "{sed -E {s/^([[:space:]]+)pg_pin(.*)/\1pin\2\n\1    direction : "inout";/g} /Users/macpro/.volare/sky130A/libs.ref/sky130_fd_sc_hd/lib/sky130_fd_sc_hd__tt_025C_1v80.lib > /openlane/designs/zero_to_five_counter/runs/RUN_2025.05.23_01.02.15/tmp/synthesis/1-sky130_fd_sc_hd__tt_025C_1v80.no_pg.lib}"

Fri May 23 01:02:17 +0000 2025 - Executing "{sed -E {s/^([[:space:]]+)pg_pin(.*)/\1pin\2\n\1    direction : "inout";/g} /openlane/designs/zero_to_five_counter/runs/RUN_2025.05.23_01.02.15/tmp/synthesis/trimmed.lib > /openlane/designs/zero_to_five_counter/runs/RUN_2025.05.23_01.02.15/tmp/synthesis/1-trimmed.no_pg.lib}"

Fri May 23 01:02:17 +0000 2025 - Executing "yosys -c /openlane/scripts/yosys/synth.tcl |& tee /dev/null /openlane/designs/zero_to_five_counter/runs/RUN_2025.05.23_01.02.15/logs/synthesis/1-synthesis.log"

Fri May 23 01:02:17 +0000 2025 - Executing "{yosys -c /openlane/scripts/yosys/synth.tcl |& tee /dev/null /openlane/designs/zero_to_five_counter/runs/RUN_2025.05.23_01.02.15/logs/synthesis/1-synthesis.log}"

Fri May 23 01:02:18 +0000 2025 - Executing "{sed -i.bak -e {s/\(set ::env(CURRENT_NETLIST)\).*/\1 \/openlane\/designs\/zero_to_five_counter\/runs\/RUN_2025.05.23_01.02.15\/results\/synthesis\/zero_to_five_counter.v/} /openlane/designs/zero_to_five_counter/runs/RUN_2025.05.23_01.02.15/config.tcl}"

Fri May 23 01:02:18 +0000 2025 - Executing "{sed -i.bak /defparam/d /openlane/designs/zero_to_five_counter/runs/RUN_2025.05.23_01.02.15/results/synthesis/zero_to_five_counter.v}"

Fri May 23 01:02:18 +0000 2025 - Executing "sta -exit -no_init /openlane/scripts/openroad/sta/multi_corner.tcl |& tee /dev/null /openlane/designs/zero_to_five_counter/runs/RUN_2025.05.23_01.02.15/logs/synthesis/2-sta.log"

Fri May 23 01:02:18 +0000 2025 - Executing "{sta -exit -no_init /openlane/scripts/openroad/sta/multi_corner.tcl |& tee /dev/null /openlane/designs/zero_to_five_counter/runs/RUN_2025.05.23_01.02.15/logs/synthesis/2-sta.log}"

Fri May 23 01:02:18 +0000 2025 - Executing "openroad -exit /openlane/scripts/openroad/floorplan.tcl |& tee /dev/null /openlane/designs/zero_to_five_counter/runs/RUN_2025.05.23_01.02.15/logs/floorplan/3-initial_fp.log"

Fri May 23 01:02:18 +0000 2025 - Executing "{openroad -exit /openlane/scripts/openroad/floorplan.tcl |& tee /dev/null /openlane/designs/zero_to_five_counter/runs/RUN_2025.05.23_01.02.15/logs/floorplan/3-initial_fp.log}"

Fri May 23 01:02:19 +0000 2025 - Executing "{openroad -exit -no_init -python /openlane/scripts/odbpy/defutil.py extract_core_dims --output-data /openlane/designs/zero_to_five_counter/runs/RUN_2025.05.23_01.02.15/tmp/dimensions.txt --input-lef /openlane/designs/zero_to_five_counter/runs/RUN_2025.05.23_01.02.15/tmp/merged.nom.lef /openlane/designs/zero_to_five_counter/runs/RUN_2025.05.23_01.02.15/tmp/floorplan/3-initial_fp.def}"

Fri May 23 01:02:19 +0000 2025 - Executing "{openroad -exit -no_init -python /openlane/scripts/odbpy/io_place.py --config /openlane/designs/zero_to_five_counter/pin_order.cfg --hor-layer met3 --ver-layer met2 --ver-width-mult 2 --hor-width-mult 2 --hor-extension 0 --ver-extension 0 --length 4 --unmatched-error --input-lef /openlane/designs/zero_to_five_counter/runs/RUN_2025.05.23_01.02.15/tmp/merged.nom.lef --output-def /openlane/designs/zero_to_five_counter/runs/RUN_2025.05.23_01.02.15/tmp/floorplan/4-io.def --output /openlane/designs/zero_to_five_counter/runs/RUN_2025.05.23_01.02.15/tmp/floorplan/4-io.odb /openlane/designs/zero_to_five_counter/runs/RUN_2025.05.23_01.02.15/tmp/floorplan/3-initial_fp.odb |& tee /dev/null /openlane/designs/zero_to_five_counter/runs/RUN_2025.05.23_01.02.15/logs/floorplan/4-place_io.log}"

Fri May 23 01:02:20 +0000 2025 - Executing "openroad -exit /openlane/scripts/openroad/tapcell.tcl |& tee /dev/null /openlane/designs/zero_to_five_counter/runs/RUN_2025.05.23_01.02.15/logs/floorplan/5-tap.log"

Fri May 23 01:02:20 +0000 2025 - Executing "{openroad -exit /openlane/scripts/openroad/tapcell.tcl |& tee /dev/null /openlane/designs/zero_to_five_counter/runs/RUN_2025.05.23_01.02.15/logs/floorplan/5-tap.log}"

Fri May 23 01:02:20 +0000 2025 - Executing "openroad -exit /openlane/scripts/openroad/pdn.tcl |& tee /dev/null /openlane/designs/zero_to_five_counter/runs/RUN_2025.05.23_01.02.15/logs/floorplan/6-pdn.log"

Fri May 23 01:02:20 +0000 2025 - Executing "{openroad -exit /openlane/scripts/openroad/pdn.tcl |& tee /dev/null /openlane/designs/zero_to_five_counter/runs/RUN_2025.05.23_01.02.15/logs/floorplan/6-pdn.log}"

Fri May 23 01:02:20 +0000 2025 - Executing "{openroad -exit -no_init -python /openlane/scripts/odbpy/random_place.py --input-lef /openlane/designs/zero_to_five_counter/runs/RUN_2025.05.23_01.02.15/tmp/merged.nom.lef --output-def /openlane/designs/zero_to_five_counter/runs/RUN_2025.05.23_01.02.15/tmp/placement/7-global.def --output /openlane/designs/zero_to_five_counter/runs/RUN_2025.05.23_01.02.15/tmp/placement/7-global.odb /openlane/designs/zero_to_five_counter/runs/RUN_2025.05.23_01.02.15/results/floorplan/zero_to_five_counter.odb |& tee /dev/null /openlane/designs/zero_to_five_counter/runs/RUN_2025.05.23_01.02.15/logs/placement/7-global.log}"

Fri May 23 01:02:21 +0000 2025 - Executing "openroad -exit /openlane/scripts/openroad/resizer.tcl |& tee /dev/null /openlane/designs/zero_to_five_counter/runs/RUN_2025.05.23_01.02.15/logs/placement/8-resizer.log"

Fri May 23 01:02:21 +0000 2025 - Executing "{openroad -exit /openlane/scripts/openroad/resizer.tcl |& tee /dev/null /openlane/designs/zero_to_five_counter/runs/RUN_2025.05.23_01.02.15/logs/placement/8-resizer.log}"

Fri May 23 01:02:22 +0000 2025 - Executing "{sed -i.bak -e {s/\(set ::env(CURRENT_NETLIST)\).*/\1 \/openlane\/designs\/zero_to_five_counter\/runs\/RUN_2025.05.23_01.02.15\/tmp\/placement\/8-resizer.nl.v/} /openlane/designs/zero_to_five_counter/runs/RUN_2025.05.23_01.02.15/config.tcl}"

Fri May 23 01:02:22 +0000 2025 - Executing "openroad -exit /openlane/scripts/openroad/dpl.tcl |& tee /dev/null /openlane/designs/zero_to_five_counter/runs/RUN_2025.05.23_01.02.15/logs/placement/9-detailed.log"

Fri May 23 01:02:22 +0000 2025 - Executing "{openroad -exit /openlane/scripts/openroad/dpl.tcl |& tee /dev/null /openlane/designs/zero_to_five_counter/runs/RUN_2025.05.23_01.02.15/logs/placement/9-detailed.log}"

Fri May 23 01:02:23 +0000 2025 - Executing "{sed -i.bak -e {s/\(set ::env(CURRENT_NETLIST)\).*/\1 \/openlane\/designs\/zero_to_five_counter\/runs\/RUN_2025.05.23_01.02.15\/results\/placement\/zero_to_five_counter.nl.v/} /openlane/designs/zero_to_five_counter/runs/RUN_2025.05.23_01.02.15/config.tcl}"

Fri May 23 01:02:23 +0000 2025 - Executing "openroad -exit /openlane/scripts/openroad/sta/multi_corner.tcl |& tee /dev/null /openlane/designs/zero_to_five_counter/runs/RUN_2025.05.23_01.02.15/logs/placement/10-dpl_sta.log"

Fri May 23 01:02:23 +0000 2025 - Executing "{openroad -exit /openlane/scripts/openroad/sta/multi_corner.tcl |& tee /dev/null /openlane/designs/zero_to_five_counter/runs/RUN_2025.05.23_01.02.15/logs/placement/10-dpl_sta.log}"

Fri May 23 01:02:23 +0000 2025 - Executing "openroad -exit /openlane/scripts/openroad/cts.tcl |& tee /dev/null /openlane/designs/zero_to_five_counter/runs/RUN_2025.05.23_01.02.15/logs/cts/11-cts.log"

Fri May 23 01:02:23 +0000 2025 - Executing "{openroad -exit /openlane/scripts/openroad/cts.tcl |& tee /dev/null /openlane/designs/zero_to_five_counter/runs/RUN_2025.05.23_01.02.15/logs/cts/11-cts.log}"

Fri May 23 01:02:27 +0000 2025 - Executing "openroad -exit /openlane/scripts/openroad/sta/multi_corner.tcl |& tee /dev/null /openlane/designs/zero_to_five_counter/runs/RUN_2025.05.23_01.02.15/logs/cts/12-cts_sta.log"

Fri May 23 01:02:27 +0000 2025 - Executing "{openroad -exit /openlane/scripts/openroad/sta/multi_corner.tcl |& tee /dev/null /openlane/designs/zero_to_five_counter/runs/RUN_2025.05.23_01.02.15/logs/cts/12-cts_sta.log}"

Fri May 23 01:02:28 +0000 2025 - Executing "openroad -exit /openlane/scripts/openroad/resizer_timing.tcl |& tee /dev/null /openlane/designs/zero_to_five_counter/runs/RUN_2025.05.23_01.02.15/logs/cts/13-resizer.log"

Fri May 23 01:02:28 +0000 2025 - Executing "{openroad -exit /openlane/scripts/openroad/resizer_timing.tcl |& tee /dev/null /openlane/designs/zero_to_five_counter/runs/RUN_2025.05.23_01.02.15/logs/cts/13-resizer.log}"

Fri May 23 01:02:29 +0000 2025 - Executing "{sed -i.bak -e {s/\(set ::env(CURRENT_NETLIST)\).*/\1 \/openlane\/designs\/zero_to_five_counter\/runs\/RUN_2025.05.23_01.02.15\/tmp\/cts\/13-zero_to_five_counter.resized.nl.v/} /openlane/designs/zero_to_five_counter/runs/RUN_2025.05.23_01.02.15/config.tcl}"

Fri May 23 01:02:29 +0000 2025 - Executing "openroad -exit /openlane/scripts/openroad/resizer_routing_design.tcl |& tee /dev/null /openlane/designs/zero_to_five_counter/runs/RUN_2025.05.23_01.02.15/logs/routing/14-resizer_design.log"

Fri May 23 01:02:29 +0000 2025 - Executing "{openroad -exit /openlane/scripts/openroad/resizer_routing_design.tcl |& tee /dev/null /openlane/designs/zero_to_five_counter/runs/RUN_2025.05.23_01.02.15/logs/routing/14-resizer_design.log}"

Fri May 23 01:02:31 +0000 2025 - Executing "{sed -i.bak -e {s/\(set ::env(CURRENT_NETLIST)\).*/\1 \/openlane\/designs\/zero_to_five_counter\/runs\/RUN_2025.05.23_01.02.15\/tmp\/14-zero_to_five_counter.nl.v/} /openlane/designs/zero_to_five_counter/runs/RUN_2025.05.23_01.02.15/config.tcl}"

Fri May 23 01:02:31 +0000 2025 - Executing "openroad -exit /openlane/scripts/openroad/sta/multi_corner.tcl |& tee /dev/null /openlane/designs/zero_to_five_counter/runs/RUN_2025.05.23_01.02.15/logs/routing/15-rsz_design_sta.log"

Fri May 23 01:02:31 +0000 2025 - Executing "{openroad -exit /openlane/scripts/openroad/sta/multi_corner.tcl |& tee /dev/null /openlane/designs/zero_to_five_counter/runs/RUN_2025.05.23_01.02.15/logs/routing/15-rsz_design_sta.log}"

Fri May 23 01:02:31 +0000 2025 - Executing "openroad -exit /openlane/scripts/openroad/resizer_routing_timing.tcl |& tee /dev/null /openlane/designs/zero_to_five_counter/runs/RUN_2025.05.23_01.02.15/logs/routing/16-resizer_timing.log"

Fri May 23 01:02:31 +0000 2025 - Executing "{openroad -exit /openlane/scripts/openroad/resizer_routing_timing.tcl |& tee /dev/null /openlane/designs/zero_to_five_counter/runs/RUN_2025.05.23_01.02.15/logs/routing/16-resizer_timing.log}"

Fri May 23 01:02:33 +0000 2025 - Executing "{sed -i.bak -e {s/\(set ::env(CURRENT_NETLIST)\).*/\1 \/openlane\/designs\/zero_to_five_counter\/runs\/RUN_2025.05.23_01.02.15\/tmp\/16-zero_to_five_counter.nl.v/} /openlane/designs/zero_to_five_counter/runs/RUN_2025.05.23_01.02.15/config.tcl}"

Fri May 23 01:02:33 +0000 2025 - Executing "openroad -exit /openlane/scripts/openroad/sta/multi_corner.tcl |& tee /dev/null /openlane/designs/zero_to_five_counter/runs/RUN_2025.05.23_01.02.15/logs/routing/17-rsz_timing_sta.log"

Fri May 23 01:02:33 +0000 2025 - Executing "{openroad -exit /openlane/scripts/openroad/sta/multi_corner.tcl |& tee /dev/null /openlane/designs/zero_to_five_counter/runs/RUN_2025.05.23_01.02.15/logs/routing/17-rsz_timing_sta.log}"

Fri May 23 01:02:33 +0000 2025 - Executing "openroad -exit /openlane/scripts/openroad/repair_antennas.tcl |& tee /dev/null /openlane/designs/zero_to_five_counter/runs/RUN_2025.05.23_01.02.15/logs/routing/18-global.log"

Fri May 23 01:02:33 +0000 2025 - Executing "{openroad -exit /openlane/scripts/openroad/repair_antennas.tcl |& tee /dev/null /openlane/designs/zero_to_five_counter/runs/RUN_2025.05.23_01.02.15/logs/routing/18-global.log}"

Fri May 23 01:02:34 +0000 2025 - Executing "openroad -exit /openlane/scripts/openroad/write_views.tcl |& tee /dev/null /openlane/designs/zero_to_five_counter/runs/RUN_2025.05.23_01.02.15/logs/routing/18-global_write_netlist.log"

Fri May 23 01:02:34 +0000 2025 - Executing "{openroad -exit /openlane/scripts/openroad/write_views.tcl |& tee /dev/null /openlane/designs/zero_to_five_counter/runs/RUN_2025.05.23_01.02.15/logs/routing/18-global_write_netlist.log}"

Fri May 23 01:02:34 +0000 2025 - Executing "{sed -i.bak -e {s/\(set ::env(CURRENT_NETLIST)\).*/\1 \/openlane\/designs\/zero_to_five_counter\/runs\/RUN_2025.05.23_01.02.15\/tmp\/routing\/global.nl.v/} /openlane/designs/zero_to_five_counter/runs/RUN_2025.05.23_01.02.15/config.tcl}"

Fri May 23 01:02:34 +0000 2025 - Executing "openroad -exit /openlane/scripts/openroad/sta/multi_corner.tcl |& tee /dev/null /openlane/designs/zero_to_five_counter/runs/RUN_2025.05.23_01.02.15/logs/routing/20-grt_sta.log"

Fri May 23 01:02:34 +0000 2025 - Executing "{openroad -exit /openlane/scripts/openroad/sta/multi_corner.tcl |& tee /dev/null /openlane/designs/zero_to_five_counter/runs/RUN_2025.05.23_01.02.15/logs/routing/20-grt_sta.log}"

Fri May 23 01:02:34 +0000 2025 - Executing "openroad -exit /openlane/scripts/openroad/fill.tcl |& tee /dev/null /openlane/designs/zero_to_five_counter/runs/RUN_2025.05.23_01.02.15/logs/routing/21-fill.log"

Fri May 23 01:02:34 +0000 2025 - Executing "{openroad -exit /openlane/scripts/openroad/fill.tcl |& tee /dev/null /openlane/designs/zero_to_five_counter/runs/RUN_2025.05.23_01.02.15/logs/routing/21-fill.log}"

Fri May 23 01:02:35 +0000 2025 - Executing "{sed -i.bak -e {s/\(set ::env(CURRENT_NETLIST)\).*/\1 \/openlane\/designs\/zero_to_five_counter\/runs\/RUN_2025.05.23_01.02.15\/tmp\/routing\/21-fill.nl.v/} /openlane/designs/zero_to_five_counter/runs/RUN_2025.05.23_01.02.15/config.tcl}"

Fri May 23 01:02:35 +0000 2025 - Executing "openroad -exit -metrics /openlane/designs/zero_to_five_counter/runs/RUN_2025.05.23_01.02.15/reports/routing/22-drt_metrics.json /openlane/scripts/openroad/droute.tcl |& tee /dev/null /openlane/designs/zero_to_five_counter/runs/RUN_2025.05.23_01.02.15/logs/routing/22-detailed.log"

Fri May 23 01:02:35 +0000 2025 - Executing "{openroad -exit -metrics /openlane/designs/zero_to_five_counter/runs/RUN_2025.05.23_01.02.15/reports/routing/22-drt_metrics.json /openlane/scripts/openroad/droute.tcl |& tee /dev/null /openlane/designs/zero_to_five_counter/runs/RUN_2025.05.23_01.02.15/logs/routing/22-detailed.log}"

Fri May 23 01:03:01 +0000 2025 - Executing "{sed -i.bak -e {s/\(set ::env(CURRENT_NETLIST)\).*/\1 \/openlane\/designs\/zero_to_five_counter\/runs\/RUN_2025.05.23_01.02.15\/results\/routing\/zero_to_five_counter.nl.v/} /openlane/designs/zero_to_five_counter/runs/RUN_2025.05.23_01.02.15/config.tcl}"

Fri May 23 01:03:01 +0000 2025 - Executing "{python3 /openlane/scripts/drc_rosetta.py tr to_klayout -o /openlane/designs/zero_to_five_counter/runs/RUN_2025.05.23_01.02.15/reports/routing/drt.klayout.xml --design-name zero_to_five_counter /openlane/designs/zero_to_five_counter/runs/RUN_2025.05.23_01.02.15/reports/routing/drt.drc}"

Fri May 23 01:03:01 +0000 2025 - Executing "{openroad -exit -no_init -python /openlane/scripts/odbpy/wire_lengths.py --report-out /openlane/designs/zero_to_five_counter/runs/RUN_2025.05.23_01.02.15/reports/routing/23-wire_lengths.csv --input-lef /openlane/designs/zero_to_five_counter/runs/RUN_2025.05.23_01.02.15/tmp/merged.nom.lef --output-def /openlane/designs/zero_to_five_counter/runs/RUN_2025.05.23_01.02.15/results/routing/zero_to_five_counter.def --output /openlane/designs/zero_to_five_counter/runs/RUN_2025.05.23_01.02.15/results/routing/zero_to_five_counter.odb /openlane/designs/zero_to_five_counter/runs/RUN_2025.05.23_01.02.15/results/routing/zero_to_five_counter.odb |& tee /dev/null /openlane/designs/zero_to_five_counter/runs/RUN_2025.05.23_01.02.15/logs/routing/23-wire_lengths.log}"

Fri May 23 01:03:02 +0000 2025 - Executing "openroad -exit /openlane/scripts/openroad/rcx.tcl |& tee /dev/null /openlane/designs/zero_to_five_counter/runs/RUN_2025.05.23_01.02.15/logs/signoff/24-parasitics_extraction.min.log"

Fri May 23 01:03:02 +0000 2025 - Executing "{openroad -exit /openlane/scripts/openroad/rcx.tcl |& tee /dev/null /openlane/designs/zero_to_five_counter/runs/RUN_2025.05.23_01.02.15/logs/signoff/24-parasitics_extraction.min.log}"

Fri May 23 01:03:02 +0000 2025 - Executing "sta -exit -no_init /openlane/scripts/openroad/sta/multi_corner.tcl |& tee /dev/null /openlane/designs/zero_to_five_counter/runs/RUN_2025.05.23_01.02.15/logs/signoff/25-rcx_mcsta.min.log"

Fri May 23 01:03:02 +0000 2025 - Executing "{sta -exit -no_init /openlane/scripts/openroad/sta/multi_corner.tcl |& tee /dev/null /openlane/designs/zero_to_five_counter/runs/RUN_2025.05.23_01.02.15/logs/signoff/25-rcx_mcsta.min.log}"

Fri May 23 01:03:04 +0000 2025 - Executing "openroad -exit /openlane/scripts/openroad/rcx.tcl |& tee /dev/null /openlane/designs/zero_to_five_counter/runs/RUN_2025.05.23_01.02.15/logs/signoff/26-parasitics_extraction.max.log"

Fri May 23 01:03:04 +0000 2025 - Executing "{openroad -exit /openlane/scripts/openroad/rcx.tcl |& tee /dev/null /openlane/designs/zero_to_five_counter/runs/RUN_2025.05.23_01.02.15/logs/signoff/26-parasitics_extraction.max.log}"

Fri May 23 01:03:04 +0000 2025 - Executing "sta -exit -no_init /openlane/scripts/openroad/sta/multi_corner.tcl |& tee /dev/null /openlane/designs/zero_to_five_counter/runs/RUN_2025.05.23_01.02.15/logs/signoff/27-rcx_mcsta.max.log"

Fri May 23 01:03:04 +0000 2025 - Executing "{sta -exit -no_init /openlane/scripts/openroad/sta/multi_corner.tcl |& tee /dev/null /openlane/designs/zero_to_five_counter/runs/RUN_2025.05.23_01.02.15/logs/signoff/27-rcx_mcsta.max.log}"

Fri May 23 01:03:06 +0000 2025 - Executing "openroad -exit /openlane/scripts/openroad/rcx.tcl |& tee /dev/null /openlane/designs/zero_to_five_counter/runs/RUN_2025.05.23_01.02.15/logs/signoff/28-parasitics_extraction.nom.log"

Fri May 23 01:03:06 +0000 2025 - Executing "{openroad -exit /openlane/scripts/openroad/rcx.tcl |& tee /dev/null /openlane/designs/zero_to_five_counter/runs/RUN_2025.05.23_01.02.15/logs/signoff/28-parasitics_extraction.nom.log}"

Fri May 23 01:03:06 +0000 2025 - Executing "sta -exit -no_init /openlane/scripts/openroad/sta/multi_corner.tcl |& tee /dev/null /openlane/designs/zero_to_five_counter/runs/RUN_2025.05.23_01.02.15/logs/signoff/29-rcx_mcsta.nom.log"

Fri May 23 01:03:06 +0000 2025 - Executing "{sta -exit -no_init /openlane/scripts/openroad/sta/multi_corner.tcl |& tee /dev/null /openlane/designs/zero_to_five_counter/runs/RUN_2025.05.23_01.02.15/logs/signoff/29-rcx_mcsta.nom.log}"

Fri May 23 01:03:08 +0000 2025 - Executing "openroad -exit /openlane/scripts/openroad/irdrop.tcl |& tee /dev/null /openlane/designs/zero_to_five_counter/runs/RUN_2025.05.23_01.02.15/logs/signoff/30-irdrop.log"

Fri May 23 01:03:08 +0000 2025 - Executing "{openroad -exit /openlane/scripts/openroad/irdrop.tcl |& tee /dev/null /openlane/designs/zero_to_five_counter/runs/RUN_2025.05.23_01.02.15/logs/signoff/30-irdrop.log}"

Fri May 23 01:03:09 +0000 2025 - Executing "magic -noconsole -dnull -rcfile /Users/macpro/.volare/sky130A/libs.tech/magic/sky130A.magicrc < /openlane/scripts/magic/wrapper.tcl |& tee /dev/null /openlane/designs/zero_to_five_counter/runs/RUN_2025.05.23_01.02.15/logs/signoff/31-gdsii.log"

Fri May 23 01:03:09 +0000 2025 - Executing "{magic -noconsole -dnull -rcfile /Users/macpro/.volare/sky130A/libs.tech/magic/sky130A.magicrc < /openlane/scripts/magic/wrapper.tcl |& tee /dev/null /openlane/designs/zero_to_five_counter/runs/RUN_2025.05.23_01.02.15/logs/signoff/31-gdsii.log}"

Fri May 23 01:03:09 +0000 2025 - Executing "magic -noconsole -dnull -rcfile /Users/macpro/.volare/sky130A/libs.tech/magic/sky130A.magicrc < /openlane/scripts/magic/wrapper.tcl |& tee /dev/null /openlane/designs/zero_to_five_counter/runs/RUN_2025.05.23_01.02.15/logs/signoff/31-gds_ptrs.log"

Fri May 23 01:03:09 +0000 2025 - Executing "{magic -noconsole -dnull -rcfile /Users/macpro/.volare/sky130A/libs.tech/magic/sky130A.magicrc < /openlane/scripts/magic/wrapper.tcl |& tee /dev/null /openlane/designs/zero_to_five_counter/runs/RUN_2025.05.23_01.02.15/logs/signoff/31-gds_ptrs.log}"

Fri May 23 01:03:09 +0000 2025 - Executing "{sed -i.bak -n {/^<< properties >>/,/^<< end >>/p} /openlane/designs/zero_to_five_counter/runs/RUN_2025.05.23_01.02.15/tmp/signoff/gds_ptrs.mag}"

Fri May 23 01:03:09 +0000 2025 - Executing "magic -noconsole -dnull -rcfile /Users/macpro/.volare/sky130A/libs.tech/magic/sky130A.magicrc < /openlane/scripts/magic/wrapper.tcl |& tee /dev/null /openlane/designs/zero_to_five_counter/runs/RUN_2025.05.23_01.02.15/logs/signoff/31-lef.log"

Fri May 23 01:03:09 +0000 2025 - Executing "{magic -noconsole -dnull -rcfile /Users/macpro/.volare/sky130A/libs.tech/magic/sky130A.magicrc < /openlane/scripts/magic/wrapper.tcl |& tee /dev/null /openlane/designs/zero_to_five_counter/runs/RUN_2025.05.23_01.02.15/logs/signoff/31-lef.log}"

Fri May 23 01:03:10 +0000 2025 - Executing "magic -noconsole -dnull -rcfile /Users/macpro/.volare/sky130A/libs.tech/magic/sky130A.magicrc < /openlane/scripts/magic/wrapper.tcl |& tee /dev/null /openlane/designs/zero_to_five_counter/runs/RUN_2025.05.23_01.02.15/logs/signoff/31-maglef.log"

Fri May 23 01:03:10 +0000 2025 - Executing "{magic -noconsole -dnull -rcfile /Users/macpro/.volare/sky130A/libs.tech/magic/sky130A.magicrc < /openlane/scripts/magic/wrapper.tcl |& tee /dev/null /openlane/designs/zero_to_five_counter/runs/RUN_2025.05.23_01.02.15/logs/signoff/31-maglef.log}"

Fri May 23 01:03:10 +0000 2025 - Executing "{python3 /openlane/scripts/klayout/stream_out.py --output /openlane/designs/zero_to_five_counter/runs/RUN_2025.05.23_01.02.15/results/signoff/zero_to_five_counter.klayout.gds --lyt /Users/macpro/.volare/sky130A/libs.tech/klayout/tech/sky130A.lyt --lym /Users/macpro/.volare/sky130A/libs.tech/klayout/tech/sky130A.map --lyp /Users/macpro/.volare/sky130A/libs.tech/klayout/tech/sky130A.lyp --top zero_to_five_counter --with-gds-file /Users/macpro/.volare/sky130A/libs.ref/sky130_fd_sc_hd/gds/sky130_fd_sc_hd.gds --input-lef /openlane/designs/zero_to_five_counter/runs/RUN_2025.05.23_01.02.15/tmp/merged.nom.lef /openlane/designs/zero_to_five_counter/runs/RUN_2025.05.23_01.02.15/results/routing/zero_to_five_counter.def |& tee /dev/null /openlane/designs/zero_to_five_counter/runs/RUN_2025.05.23_01.02.15/logs/signoff/32-gdsii-klayout.log}"

Fri May 23 01:03:10 +0000 2025 - Executing "{klayout -b -r /openlane/scripts/klayout/xor.drc -rd a=/openlane/designs/zero_to_five_counter/runs/RUN_2025.05.23_01.02.15/results/signoff/zero_to_five_counter.gds -rd b=/openlane/designs/zero_to_five_counter/runs/RUN_2025.05.23_01.02.15/results/signoff/zero_to_five_counter.klayout.gds -rd jobs=1 -rd rdb_out=/openlane/designs/zero_to_five_counter/runs/RUN_2025.05.23_01.02.15/reports/signoff/33-xor.xml -rd ignore=81/14 -rd rpt_out=/openlane/designs/zero_to_five_counter/runs/RUN_2025.05.23_01.02.15/reports/signoff/33-xor.rpt |& tee /dev/null /openlane/designs/zero_to_five_counter/runs/RUN_2025.05.23_01.02.15/logs/signoff/33-xor.log}"

Fri May 23 01:03:11 +0000 2025 - Executing "magic -noconsole -dnull -rcfile /Users/macpro/.volare/sky130A/libs.tech/magic/sky130A.magicrc < /openlane/scripts/magic/wrapper.tcl |& tee /dev/null /openlane/designs/zero_to_five_counter/runs/RUN_2025.05.23_01.02.15/logs/signoff/34-spice.log"

Fri May 23 01:03:11 +0000 2025 - Executing "{magic -noconsole -dnull -rcfile /Users/macpro/.volare/sky130A/libs.tech/magic/sky130A.magicrc < /openlane/scripts/magic/wrapper.tcl |& tee /dev/null /openlane/designs/zero_to_five_counter/runs/RUN_2025.05.23_01.02.15/logs/signoff/34-spice.log}"

Fri May 23 01:03:12 +0000 2025 - Executing "{openroad -exit -no_init -python /openlane/scripts/odbpy/power_utils.py write_powered_def --output /openlane/designs/zero_to_five_counter/runs/RUN_2025.05.23_01.02.15/tmp/signoff/34-zero_to_five_counter.p.def --input-lef /openlane/designs/zero_to_five_counter/runs/RUN_2025.05.23_01.02.15/tmp/merged.nom.lef --power-port VPWR --ground-port VGND --powered-netlist {} /openlane/designs/zero_to_five_counter/runs/RUN_2025.05.23_01.02.15/results/routing/zero_to_five_counter.def |& tee /dev/null /openlane/designs/zero_to_five_counter/runs/RUN_2025.05.23_01.02.15/logs/signoff/35-write_powered_def.log}"

Fri May 23 01:03:12 +0000 2025 - Executing "openroad -exit /openlane/scripts/openroad/write_views.tcl |& tee /dev/null /openlane/designs/zero_to_five_counter/runs/RUN_2025.05.23_01.02.15/logs/signoff/35-write_powered_verilog.log"

Fri May 23 01:03:12 +0000 2025 - Executing "{openroad -exit /openlane/scripts/openroad/write_views.tcl |& tee /dev/null /openlane/designs/zero_to_five_counter/runs/RUN_2025.05.23_01.02.15/logs/signoff/35-write_powered_verilog.log}"

Fri May 23 01:03:13 +0000 2025 - Executing "{sed -i.bak -e {s/\(set ::env(CURRENT_NETLIST)\).*/\1 \/openlane\/designs\/zero_to_five_counter\/runs\/RUN_2025.05.23_01.02.15\/tmp\/signoff\/34-zero_to_five_counter.nl.v/} /openlane/designs/zero_to_five_counter/runs/RUN_2025.05.23_01.02.15/config.tcl}"

Fri May 23 01:03:13 +0000 2025 - Executing "{netgen -batch source /openlane/designs/zero_to_five_counter/runs/RUN_2025.05.23_01.02.15/tmp/signoff/37-setup_file.lef.lvs |& tee /dev/null /openlane/designs/zero_to_five_counter/runs/RUN_2025.05.23_01.02.15/logs/signoff/37-lvs.lef.log}"

Fri May 23 01:03:13 +0000 2025 - Executing "magic -noconsole -dnull -rcfile /Users/macpro/.volare/sky130A/libs.tech/magic/sky130A.magicrc < /openlane/scripts/magic/wrapper.tcl |& tee /dev/null /openlane/designs/zero_to_five_counter/runs/RUN_2025.05.23_01.02.15/logs/signoff/38-drc.log"

Fri May 23 01:03:13 +0000 2025 - Executing "{magic -noconsole -dnull -rcfile /Users/macpro/.volare/sky130A/libs.tech/magic/sky130A.magicrc < /openlane/scripts/magic/wrapper.tcl |& tee /dev/null /openlane/designs/zero_to_five_counter/runs/RUN_2025.05.23_01.02.15/logs/signoff/38-drc.log}"

Fri May 23 01:03:14 +0000 2025 - Executing "{python3 /openlane/scripts/drc_rosetta.py magic to_tcl -o /openlane/designs/zero_to_five_counter/runs/RUN_2025.05.23_01.02.15/reports/signoff/drc.tcl /openlane/designs/zero_to_five_counter/runs/RUN_2025.05.23_01.02.15/reports/signoff/drc.rpt}"

Fri May 23 01:03:14 +0000 2025 - Executing "{python3 /openlane/scripts/drc_rosetta.py magic to_tr -o /openlane/designs/zero_to_five_counter/runs/RUN_2025.05.23_01.02.15/reports/signoff/drc.tr /openlane/designs/zero_to_five_counter/runs/RUN_2025.05.23_01.02.15/reports/signoff/drc.rpt}"

Fri May 23 01:03:14 +0000 2025 - Executing "{python3 /openlane/scripts/drc_rosetta.py tr to_klayout -o /openlane/designs/zero_to_five_counter/runs/RUN_2025.05.23_01.02.15/reports/signoff/drc.klayout.xml --design-name zero_to_five_counter /openlane/designs/zero_to_five_counter/runs/RUN_2025.05.23_01.02.15/reports/signoff/drc.tr}"

Fri May 23 01:03:14 +0000 2025 - Executing "{python3 /openlane/scripts/drc_rosetta.py magic to_rdb -o /openlane/designs/zero_to_five_counter/runs/RUN_2025.05.23_01.02.15/reports/signoff/drc.rdb /openlane/designs/zero_to_five_counter/runs/RUN_2025.05.23_01.02.15/reports/signoff/drc.rpt}"

Fri May 23 01:03:14 +0000 2025 - Executing "{klayout -b -zz -r /Users/macpro/.volare/sky130A/libs.tech/klayout/drc/sky130A_mr.drc -rd topcell=zero_to_five_counter -rd input=/openlane/designs/zero_to_five_counter/runs/RUN_2025.05.23_01.02.15/results/signoff/zero_to_five_counter.gds -rd report=/openlane/designs/zero_to_five_counter/runs/RUN_2025.05.23_01.02.15/reports/signoff/violations.xml -rd feol=true -rd beol=true -rd floating_metal=false -rd seal=true -rd thread=1 |& tee /dev/null /openlane/designs/zero_to_five_counter/runs/RUN_2025.05.23_01.02.15/logs/signoff/39-drc-klayout.log}"

Fri May 23 01:03:15 +0000 2025 - Executing "{python3 /openlane/scripts/klayout/xml_drc_report_to_json.py --xml-file /openlane/designs/zero_to_five_counter/runs/RUN_2025.05.23_01.02.15/reports/signoff/violations.xml --json-file /openlane/designs/zero_to_five_counter/runs/RUN_2025.05.23_01.02.15/reports/signoff/violations.json}"

Fri May 23 01:03:15 +0000 2025 - Executing "openroad -exit /openlane/scripts/openroad/antenna_check.tcl |& tee /dev/null /openlane/designs/zero_to_five_counter/runs/RUN_2025.05.23_01.02.15/logs/signoff/40-arc.log"

Fri May 23 01:03:15 +0000 2025 - Executing "{openroad -exit /openlane/scripts/openroad/antenna_check.tcl |& tee /dev/null /openlane/designs/zero_to_five_counter/runs/RUN_2025.05.23_01.02.15/logs/signoff/40-arc.log}"

Fri May 23 01:03:16 +0000 2025 - Executing "{python3 /openlane/scripts/extract_antenna_violators.py --output /openlane/designs/zero_to_five_counter/runs/RUN_2025.05.23_01.02.15/reports/signoff/40-antenna_violators.rpt --plain-out /openlane/designs/zero_to_five_counter/runs/RUN_2025.05.23_01.02.15/reports/signoff/40-antenna_violators_pins.txt /openlane/designs/zero_to_five_counter/runs/RUN_2025.05.23_01.02.15/logs/signoff/40-arc.log}"

Fri May 23 01:03:16 +0000 2025 - Executing "{python3 /openlane/scripts/write_runtime.py --conclude --seconds --time-in 1747962196 {flow completed}}"

Fri May 23 01:03:16 +0000 2025 - Executing "{python3 /openlane/scripts/generate_reports.py -d /openlane/designs/zero_to_five_counter --design_name zero_to_five_counter --tag RUN_2025.05.23_01.02.15 --output_file /openlane/designs/zero_to_five_counter/runs/RUN_2025.05.23_01.02.15/reports/metrics.csv --man_report /openlane/designs/zero_to_five_counter/runs/RUN_2025.05.23_01.02.15/reports/manufacturability.rpt --run_path /openlane/designs/zero_to_five_counter/runs/RUN_2025.05.23_01.02.15}"

