OpenROAD b16bda7e82721d10566ff7e2b68f1ff0be9f9e38 
Features included (+) or not (-): +Charts +GPU +GUI +Python
This program is licensed under the BSD-3 license. See the LICENSE file for details.
Components of this program may be licensed under more restrictive licenses which must be honored.
Top-level design name: my_first_design
Block boundaries: 0 0 50000 50000
Horizontal Tracks Origin: 340, Count: 73, Step: 680
Vertical Tracks Origin: 230, Count: 109, Step: 460
Placement details for the #E side
Virtual pin count:  0
Actual pin count:  8
Total pin count:  8
Tracks count:  37
Tracks per pin:  4
Used tracks count:  29
Unused track count:  8
Starting track index:  4
Placement Map:
[340, 1700, 3060, 4420, [91m5780[0m, 7140, 8500, 9860, [91m11220[0m, 12580, 13940, 15300, [91m16660[0m, 18020, 19380, 20740, [91m22100[0m, 23460, 24820, 26180, [91m27540[0m, 28900, 30260, 31620, [91m32980[0m, 34340, 35700, 37060, [91m38420[0m, 39780, 41140, 42500, [91m43860[0m, 45220, 46580, 47940, 49300, ]
Indices of used tracks: [4, 8, 12, 16, 20, 24, 28, 32]
---
Placement details for the #W side
Virtual pin count:  0
Actual pin count:  8
Total pin count:  8
Tracks count:  37
Tracks per pin:  4
Used tracks count:  29
Unused track count:  8
Starting track index:  4
Placement Map:
[340, 1700, 3060, 4420, [91m5780[0m, 7140, 8500, 9860, [91m11220[0m, 12580, 13940, 15300, [91m16660[0m, 18020, 19380, 20740, [91m22100[0m, 23460, 24820, 26180, [91m27540[0m, 28900, 30260, 31620, [91m32980[0m, 34340, 35700, 37060, [91m38420[0m, 39780, 41140, 42500, [91m43860[0m, 45220, 46580, 47940, 49300, ]
Indices of used tracks: [4, 8, 12, 16, 20, 24, 28, 32]
---
