
===========================================================================
report_checks -path_delay max (Setup)
============================================================================
======================= Typical Corner ===================================

Startpoint: _164_ (rising edge-triggered flip-flop clocked by clk)
Endpoint: an[1] (output port clocked by clk)
Path Group: clk
Path Type: max

Fanout     Cap    Slew   Delay    Time   Description
-----------------------------------------------------------------------------
                          0.00    0.00   clock clk (rise edge)
                          0.00    0.00   clock source latency
     1    0.01    0.04    0.03    0.03 ^ clk (in)
                                         clk (net)
                  0.04    0.00    0.03 ^ clkbuf_0_clk/A (sky130_fd_sc_hd__clkbuf_16)
     2    0.02    0.04    0.13    0.16 ^ clkbuf_0_clk/X (sky130_fd_sc_hd__clkbuf_16)
                                         clknet_0_clk (net)
                  0.04    0.00    0.16 ^ clkbuf_1_0__f_clk/A (sky130_fd_sc_hd__clkbuf_16)
    11    0.02    0.04    0.13    0.29 ^ clkbuf_1_0__f_clk/X (sky130_fd_sc_hd__clkbuf_16)
                                         clknet_1_0__leaf_clk (net)
                  0.04    0.00    0.29 ^ _164_/CLK (sky130_fd_sc_hd__dfxtp_1)
     7    0.02    0.16    0.41    0.69 ^ _164_/Q (sky130_fd_sc_hd__dfxtp_1)
                                         display_module.pos[0] (net)
                  0.16    0.00    0.69 ^ _072_/B_N (sky130_fd_sc_hd__or2b_1)
     1    0.00    0.04    0.25    0.94 v _072_/X (sky130_fd_sc_hd__or2b_1)
                                         _037_ (net)
                  0.04    0.00    0.94 v _073_/A (sky130_fd_sc_hd__buf_1)
     1    0.00    0.02    0.08    1.03 v _073_/X (sky130_fd_sc_hd__buf_1)
                                         net2 (net)
                  0.02    0.00    1.03 v output2/A (sky130_fd_sc_hd__buf_2)
     1    0.03    0.09    0.18    1.21 v output2/X (sky130_fd_sc_hd__buf_2)
                                         an[1] (net)
                  0.09    0.00    1.21 v an[1] (out)
                                  1.21   data arrival time

                         10.00   10.00   clock clk (rise edge)
                          0.00   10.00   clock network delay (propagated)
                         -0.25    9.75   clock uncertainty
                          0.00    9.75   clock reconvergence pessimism
                         -2.00    7.75   output external delay
                                  7.75   data required time
-----------------------------------------------------------------------------
                                  7.75   data required time
                                 -1.21   data arrival time
-----------------------------------------------------------------------------
                                  6.54   slack (MET)


Startpoint: _165_ (rising edge-triggered flip-flop clocked by clk)
Endpoint: an[2] (output port clocked by clk)
Path Group: clk
Path Type: max

Fanout     Cap    Slew   Delay    Time   Description
-----------------------------------------------------------------------------
                          0.00    0.00   clock clk (rise edge)
                          0.00    0.00   clock source latency
     1    0.01    0.04    0.03    0.03 ^ clk (in)
                                         clk (net)
                  0.04    0.00    0.03 ^ clkbuf_0_clk/A (sky130_fd_sc_hd__clkbuf_16)
     2    0.02    0.04    0.13    0.16 ^ clkbuf_0_clk/X (sky130_fd_sc_hd__clkbuf_16)
                                         clknet_0_clk (net)
                  0.04    0.00    0.16 ^ clkbuf_1_0__f_clk/A (sky130_fd_sc_hd__clkbuf_16)
    11    0.02    0.04    0.13    0.29 ^ clkbuf_1_0__f_clk/X (sky130_fd_sc_hd__clkbuf_16)
                                         clknet_1_0__leaf_clk (net)
                  0.04    0.00    0.29 ^ _165_/CLK (sky130_fd_sc_hd__dfxtp_1)
     6    0.01    0.14    0.40    0.68 ^ _165_/Q (sky130_fd_sc_hd__dfxtp_1)
                                         display_module.pos[1] (net)
                  0.14    0.00    0.68 ^ _074_/B_N (sky130_fd_sc_hd__or2b_1)
     1    0.00    0.04    0.25    0.93 v _074_/X (sky130_fd_sc_hd__or2b_1)
                                         _038_ (net)
                  0.04    0.00    0.93 v _075_/A (sky130_fd_sc_hd__buf_1)
     1    0.00    0.02    0.08    1.01 v _075_/X (sky130_fd_sc_hd__buf_1)
                                         net3 (net)
                  0.02    0.00    1.01 v output3/A (sky130_fd_sc_hd__buf_2)
     1    0.03    0.09    0.18    1.19 v output3/X (sky130_fd_sc_hd__buf_2)
                                         an[2] (net)
                  0.09    0.00    1.19 v an[2] (out)
                                  1.19   data arrival time

                         10.00   10.00   clock clk (rise edge)
                          0.00   10.00   clock network delay (propagated)
                         -0.25    9.75   clock uncertainty
                          0.00    9.75   clock reconvergence pessimism
                         -2.00    7.75   output external delay
                                  7.75   data required time
-----------------------------------------------------------------------------
                                  7.75   data required time
                                 -1.19   data arrival time
-----------------------------------------------------------------------------
                                  6.56   slack (MET)


Startpoint: _164_ (rising edge-triggered flip-flop clocked by clk)
Endpoint: an[0] (output port clocked by clk)
Path Group: clk
Path Type: max

Fanout     Cap    Slew   Delay    Time   Description
-----------------------------------------------------------------------------
                          0.00    0.00   clock clk (rise edge)
                          0.00    0.00   clock source latency
     1    0.01    0.04    0.03    0.03 ^ clk (in)
                                         clk (net)
                  0.04    0.00    0.03 ^ clkbuf_0_clk/A (sky130_fd_sc_hd__clkbuf_16)
     2    0.02    0.04    0.13    0.16 ^ clkbuf_0_clk/X (sky130_fd_sc_hd__clkbuf_16)
                                         clknet_0_clk (net)
                  0.04    0.00    0.16 ^ clkbuf_1_0__f_clk/A (sky130_fd_sc_hd__clkbuf_16)
    11    0.02    0.04    0.13    0.29 ^ clkbuf_1_0__f_clk/X (sky130_fd_sc_hd__clkbuf_16)
                                         clknet_1_0__leaf_clk (net)
                  0.04    0.00    0.29 ^ _164_/CLK (sky130_fd_sc_hd__dfxtp_1)
     7    0.02    0.08    0.36    0.64 v _164_/Q (sky130_fd_sc_hd__dfxtp_1)
                                         display_module.pos[0] (net)
                  0.08    0.00    0.64 v _070_/A (sky130_fd_sc_hd__or2_1)
     1    0.00    0.05    0.25    0.89 v _070_/X (sky130_fd_sc_hd__or2_1)
                                         _036_ (net)
                  0.05    0.00    0.89 v _071_/A (sky130_fd_sc_hd__buf_1)
     1    0.00    0.02    0.09    0.98 v _071_/X (sky130_fd_sc_hd__buf_1)
                                         net1 (net)
                  0.02    0.00    0.98 v output1/A (sky130_fd_sc_hd__buf_2)
     1    0.04    0.09    0.18    1.16 v output1/X (sky130_fd_sc_hd__buf_2)
                                         an[0] (net)
                  0.09    0.00    1.16 v an[0] (out)
                                  1.16   data arrival time

                         10.00   10.00   clock clk (rise edge)
                          0.00   10.00   clock network delay (propagated)
                         -0.25    9.75   clock uncertainty
                          0.00    9.75   clock reconvergence pessimism
                         -2.00    7.75   output external delay
                                  7.75   data required time
-----------------------------------------------------------------------------
                                  7.75   data required time
                                 -1.16   data arrival time
-----------------------------------------------------------------------------
                                  6.59   slack (MET)


Startpoint: _164_ (rising edge-triggered flip-flop clocked by clk)
Endpoint: an[3] (output port clocked by clk)
Path Group: clk
Path Type: max

Fanout     Cap    Slew   Delay    Time   Description
-----------------------------------------------------------------------------
                          0.00    0.00   clock clk (rise edge)
                          0.00    0.00   clock source latency
     1    0.01    0.04    0.03    0.03 ^ clk (in)
                                         clk (net)
                  0.04    0.00    0.03 ^ clkbuf_0_clk/A (sky130_fd_sc_hd__clkbuf_16)
     2    0.02    0.04    0.13    0.16 ^ clkbuf_0_clk/X (sky130_fd_sc_hd__clkbuf_16)
                                         clknet_0_clk (net)
                  0.04    0.00    0.16 ^ clkbuf_1_0__f_clk/A (sky130_fd_sc_hd__clkbuf_16)
    11    0.02    0.04    0.13    0.29 ^ clkbuf_1_0__f_clk/X (sky130_fd_sc_hd__clkbuf_16)
                                         clknet_1_0__leaf_clk (net)
                  0.04    0.00    0.29 ^ _164_/CLK (sky130_fd_sc_hd__dfxtp_1)
     7    0.02    0.16    0.41    0.69 ^ _164_/Q (sky130_fd_sc_hd__dfxtp_1)
                                         display_module.pos[0] (net)
                  0.16    0.00    0.69 ^ _076_/A (sky130_fd_sc_hd__nand2_1)
     1    0.00    0.05    0.06    0.75 v _076_/Y (sky130_fd_sc_hd__nand2_1)
                                         net4 (net)
                  0.05    0.00    0.75 v output4/A (sky130_fd_sc_hd__buf_2)
     1    0.03    0.09    0.19    0.94 v output4/X (sky130_fd_sc_hd__buf_2)
                                         an[3] (net)
                  0.09    0.00    0.94 v an[3] (out)
                                  0.94   data arrival time

                         10.00   10.00   clock clk (rise edge)
                          0.00   10.00   clock network delay (propagated)
                         -0.25    9.75   clock uncertainty
                          0.00    9.75   clock reconvergence pessimism
                         -2.00    7.75   output external delay
                                  7.75   data required time
-----------------------------------------------------------------------------
                                  7.75   data required time
                                 -0.94   data arrival time
-----------------------------------------------------------------------------
                                  6.81   slack (MET)


Startpoint: _153_ (rising edge-triggered flip-flop clocked by clk)
Endpoint: _165_ (rising edge-triggered flip-flop clocked by clk)
Path Group: clk
Path Type: max

Fanout     Cap    Slew   Delay    Time   Description
-----------------------------------------------------------------------------
                          0.00    0.00   clock clk (rise edge)
                          0.00    0.00   clock source latency
     1    0.01    0.04    0.03    0.03 ^ clk (in)
                                         clk (net)
                  0.04    0.00    0.03 ^ clkbuf_0_clk/A (sky130_fd_sc_hd__clkbuf_16)
     2    0.02    0.04    0.13    0.16 ^ clkbuf_0_clk/X (sky130_fd_sc_hd__clkbuf_16)
                                         clknet_0_clk (net)
                  0.04    0.00    0.16 ^ clkbuf_1_0__f_clk/A (sky130_fd_sc_hd__clkbuf_16)
    11    0.02    0.04    0.13    0.29 ^ clkbuf_1_0__f_clk/X (sky130_fd_sc_hd__clkbuf_16)
                                         clknet_1_0__leaf_clk (net)
                  0.04    0.00    0.29 ^ _153_/CLK (sky130_fd_sc_hd__dfxtp_1)
     4    0.01    0.11    0.37    0.66 ^ _153_/Q (sky130_fd_sc_hd__dfxtp_1)
                                         display_module.counter[9] (net)
                  0.11    0.00    0.66 ^ _080_/C_N (sky130_fd_sc_hd__or4bb_1)
     1    0.00    0.07    0.49    1.15 v _080_/X (sky130_fd_sc_hd__or4bb_1)
                                         _042_ (net)
                  0.07    0.00    1.15 v _081_/D (sky130_fd_sc_hd__or4_1)
     1    0.00    0.09    0.43    1.58 v _081_/X (sky130_fd_sc_hd__or4_1)
                                         _043_ (net)
                  0.09    0.00    1.58 v _083_/C (sky130_fd_sc_hd__nor4_1)
     3    0.01    0.38    0.37    1.95 ^ _083_/Y (sky130_fd_sc_hd__nor4_1)
                                         _045_ (net)
                  0.38    0.00    1.95 ^ max_cap5/A (sky130_fd_sc_hd__clkbuf_2)
     7    0.02    0.11    0.25    2.20 ^ max_cap5/X (sky130_fd_sc_hd__clkbuf_2)
                                         net5 (net)
                  0.11    0.00    2.20 ^ _139_/B (sky130_fd_sc_hd__nand2_1)
     2    0.01    0.07    0.09    2.28 v _139_/Y (sky130_fd_sc_hd__nand2_1)
                                         _033_ (net)
                  0.07    0.00    2.28 v _143_/A2 (sky130_fd_sc_hd__a21o_1)
     1    0.00    0.03    0.18    2.46 v _143_/X (sky130_fd_sc_hd__a21o_1)
                                         _021_ (net)
                  0.03    0.00    2.46 v hold17/A (sky130_fd_sc_hd__dlygate4sd3_1)
     1    0.00    0.05    0.57    3.03 v hold17/X (sky130_fd_sc_hd__dlygate4sd3_1)
                                         net29 (net)
                  0.05    0.00    3.03 v _165_/D (sky130_fd_sc_hd__dfxtp_1)
                                  3.03   data arrival time

                         10.00   10.00   clock clk (rise edge)
                          0.00   10.00   clock source latency
     1    0.01    0.04    0.03   10.03 ^ clk (in)
                                         clk (net)
                  0.04    0.00   10.03 ^ clkbuf_0_clk/A (sky130_fd_sc_hd__clkbuf_16)
     2    0.02    0.04    0.11   10.14 ^ clkbuf_0_clk/X (sky130_fd_sc_hd__clkbuf_16)
                                         clknet_0_clk (net)
                  0.04    0.00   10.14 ^ clkbuf_1_0__f_clk/A (sky130_fd_sc_hd__clkbuf_16)
    11    0.02    0.04    0.12   10.26 ^ clkbuf_1_0__f_clk/X (sky130_fd_sc_hd__clkbuf_16)
                                         clknet_1_0__leaf_clk (net)
                  0.04    0.00   10.26 ^ _165_/CLK (sky130_fd_sc_hd__dfxtp_1)
                         -0.25   10.01   clock uncertainty
                          0.03   10.04   clock reconvergence pessimism
                         -0.11    9.92   library setup time
                                  9.92   data required time
-----------------------------------------------------------------------------
                                  9.92   data required time
                                 -3.03   data arrival time
-----------------------------------------------------------------------------
                                  6.89   slack (MET)


Startpoint: _146_ (rising edge-triggered flip-flop clocked by clk)
Endpoint: _161_ (rising edge-triggered flip-flop clocked by clk)
Path Group: clk
Path Type: max

Fanout     Cap    Slew   Delay    Time   Description
-----------------------------------------------------------------------------
                          0.00    0.00   clock clk (rise edge)
                          0.00    0.00   clock source latency
     1    0.01    0.04    0.03    0.03 ^ clk (in)
                                         clk (net)
                  0.04    0.00    0.03 ^ clkbuf_0_clk/A (sky130_fd_sc_hd__clkbuf_16)
     2    0.02    0.04    0.13    0.16 ^ clkbuf_0_clk/X (sky130_fd_sc_hd__clkbuf_16)
                                         clknet_0_clk (net)
                  0.04    0.00    0.16 ^ clkbuf_1_1__f_clk/A (sky130_fd_sc_hd__clkbuf_16)
    11    0.03    0.05    0.14    0.29 ^ clkbuf_1_1__f_clk/X (sky130_fd_sc_hd__clkbuf_16)
                                         clknet_1_1__leaf_clk (net)
                  0.05    0.00    0.30 ^ _146_/CLK (sky130_fd_sc_hd__dfxtp_1)
     4    0.01    0.12    0.38    0.68 ^ _146_/Q (sky130_fd_sc_hd__dfxtp_1)
                                         display_module.counter[2] (net)
                  0.12    0.00    0.68 ^ _090_/D (sky130_fd_sc_hd__and4_1)
     5    0.02    0.16    0.31    0.98 ^ _090_/X (sky130_fd_sc_hd__and4_1)
                                         _049_ (net)
                  0.16    0.00    0.98 ^ _098_/D (sky130_fd_sc_hd__and4_1)
     5    0.01    0.15    0.31    1.29 ^ _098_/X (sky130_fd_sc_hd__and4_1)
                                         _054_ (net)
                  0.15    0.00    1.29 ^ _114_/C (sky130_fd_sc_hd__and4_1)
     1    0.00    0.06    0.21    1.50 ^ _114_/X (sky130_fd_sc_hd__and4_1)
                                         _065_ (net)
                  0.06    0.00    1.50 ^ _115_/A (sky130_fd_sc_hd__dlymetal6s2s_1)
     6    0.02    0.21    0.22    1.72 ^ _115_/X (sky130_fd_sc_hd__dlymetal6s2s_1)
                                         _066_ (net)
                  0.21    0.00    1.72 ^ _126_/C (sky130_fd_sc_hd__and4_1)
     5    0.01    0.15    0.31    2.03 ^ _126_/X (sky130_fd_sc_hd__and4_1)
                                         _025_ (net)
                  0.15    0.00    2.03 ^ _129_/B (sky130_fd_sc_hd__nand2_1)
     2    0.01    0.07    0.11    2.14 v _129_/Y (sky130_fd_sc_hd__nand2_1)
                                         _027_ (net)
                  0.07    0.00    2.14 v _132_/B (sky130_fd_sc_hd__xnor2_1)
     1    0.00    0.04    0.13    2.27 v _132_/Y (sky130_fd_sc_hd__xnor2_1)
                                         _017_ (net)
                  0.04    0.00    2.27 v hold6/A (sky130_fd_sc_hd__dlygate4sd3_1)
     1    0.00    0.06    0.58    2.85 v hold6/X (sky130_fd_sc_hd__dlygate4sd3_1)
                                         net18 (net)
                  0.06    0.00    2.85 v _161_/D (sky130_fd_sc_hd__dfxtp_1)
                                  2.85   data arrival time

                         10.00   10.00   clock clk (rise edge)
                          0.00   10.00   clock source latency
     1    0.01    0.04    0.03   10.03 ^ clk (in)
                                         clk (net)
                  0.04    0.00   10.03 ^ clkbuf_0_clk/A (sky130_fd_sc_hd__clkbuf_16)
     2    0.02    0.04    0.11   10.14 ^ clkbuf_0_clk/X (sky130_fd_sc_hd__clkbuf_16)
                                         clknet_0_clk (net)
                  0.04    0.00   10.14 ^ clkbuf_1_1__f_clk/A (sky130_fd_sc_hd__clkbuf_16)
    11    0.03    0.05    0.13   10.27 ^ clkbuf_1_1__f_clk/X (sky130_fd_sc_hd__clkbuf_16)
                                         clknet_1_1__leaf_clk (net)
                  0.05    0.00   10.27 ^ _161_/CLK (sky130_fd_sc_hd__dfxtp_1)
                         -0.25   10.02   clock uncertainty
                          0.03   10.05   clock reconvergence pessimism
                         -0.11    9.93   library setup time
                                  9.93   data required time
-----------------------------------------------------------------------------
                                  9.93   data required time
                                 -2.85   data arrival time
-----------------------------------------------------------------------------
                                  7.08   slack (MET)


Startpoint: _153_ (rising edge-triggered flip-flop clocked by clk)
Endpoint: _153_ (rising edge-triggered flip-flop clocked by clk)
Path Group: clk
Path Type: max

Fanout     Cap    Slew   Delay    Time   Description
-----------------------------------------------------------------------------
                          0.00    0.00   clock clk (rise edge)
                          0.00    0.00   clock source latency
     1    0.01    0.04    0.03    0.03 ^ clk (in)
                                         clk (net)
                  0.04    0.00    0.03 ^ clkbuf_0_clk/A (sky130_fd_sc_hd__clkbuf_16)
     2    0.02    0.04    0.13    0.16 ^ clkbuf_0_clk/X (sky130_fd_sc_hd__clkbuf_16)
                                         clknet_0_clk (net)
                  0.04    0.00    0.16 ^ clkbuf_1_0__f_clk/A (sky130_fd_sc_hd__clkbuf_16)
    11    0.02    0.04    0.13    0.29 ^ clkbuf_1_0__f_clk/X (sky130_fd_sc_hd__clkbuf_16)
                                         clknet_1_0__leaf_clk (net)
                  0.04    0.00    0.29 ^ _153_/CLK (sky130_fd_sc_hd__dfxtp_1)
     4    0.01    0.11    0.37    0.66 ^ _153_/Q (sky130_fd_sc_hd__dfxtp_1)
                                         display_module.counter[9] (net)
                  0.11    0.00    0.66 ^ _080_/C_N (sky130_fd_sc_hd__or4bb_1)
     1    0.00    0.07    0.49    1.15 v _080_/X (sky130_fd_sc_hd__or4bb_1)
                                         _042_ (net)
                  0.07    0.00    1.15 v _081_/D (sky130_fd_sc_hd__or4_1)
     1    0.00    0.09    0.43    1.58 v _081_/X (sky130_fd_sc_hd__or4_1)
                                         _043_ (net)
                  0.09    0.00    1.58 v _083_/C (sky130_fd_sc_hd__nor4_1)
     3    0.01    0.38    0.37    1.95 ^ _083_/Y (sky130_fd_sc_hd__nor4_1)
                                         _045_ (net)
                  0.38    0.00    1.95 ^ max_cap5/A (sky130_fd_sc_hd__clkbuf_2)
     7    0.02    0.11    0.25    2.20 ^ max_cap5/X (sky130_fd_sc_hd__clkbuf_2)
                                         net5 (net)
                  0.11    0.00    2.20 ^ _107_/C1 (sky130_fd_sc_hd__a311oi_1)
     1    0.00    0.07    0.05    2.25 v _107_/Y (sky130_fd_sc_hd__a311oi_1)
                                         _009_ (net)
                  0.07    0.00    2.25 v hold19/A (sky130_fd_sc_hd__dlygate4sd3_1)
     1    0.00    0.05    0.58    2.83 v hold19/X (sky130_fd_sc_hd__dlygate4sd3_1)
                                         net31 (net)
                  0.05    0.00    2.83 v _153_/D (sky130_fd_sc_hd__dfxtp_1)
                                  2.83   data arrival time

                         10.00   10.00   clock clk (rise edge)
                          0.00   10.00   clock source latency
     1    0.01    0.04    0.03   10.03 ^ clk (in)
                                         clk (net)
                  0.04    0.00   10.03 ^ clkbuf_0_clk/A (sky130_fd_sc_hd__clkbuf_16)
     2    0.02    0.04    0.11   10.14 ^ clkbuf_0_clk/X (sky130_fd_sc_hd__clkbuf_16)
                                         clknet_0_clk (net)
                  0.04    0.00   10.14 ^ clkbuf_1_0__f_clk/A (sky130_fd_sc_hd__clkbuf_16)
    11    0.02    0.04    0.12   10.26 ^ clkbuf_1_0__f_clk/X (sky130_fd_sc_hd__clkbuf_16)
                                         clknet_1_0__leaf_clk (net)
                  0.04    0.00   10.26 ^ _153_/CLK (sky130_fd_sc_hd__dfxtp_1)
                         -0.25   10.01   clock uncertainty
                          0.03   10.04   clock reconvergence pessimism
                         -0.11    9.92   library setup time
                                  9.92   data required time
-----------------------------------------------------------------------------
                                  9.92   data required time
                                 -2.83   data arrival time
-----------------------------------------------------------------------------
                                  7.09   slack (MET)


Startpoint: _146_ (rising edge-triggered flip-flop clocked by clk)
Endpoint: _162_ (rising edge-triggered flip-flop clocked by clk)
Path Group: clk
Path Type: max

Fanout     Cap    Slew   Delay    Time   Description
-----------------------------------------------------------------------------
                          0.00    0.00   clock clk (rise edge)
                          0.00    0.00   clock source latency
     1    0.01    0.04    0.03    0.03 ^ clk (in)
                                         clk (net)
                  0.04    0.00    0.03 ^ clkbuf_0_clk/A (sky130_fd_sc_hd__clkbuf_16)
     2    0.02    0.04    0.13    0.16 ^ clkbuf_0_clk/X (sky130_fd_sc_hd__clkbuf_16)
                                         clknet_0_clk (net)
                  0.04    0.00    0.16 ^ clkbuf_1_1__f_clk/A (sky130_fd_sc_hd__clkbuf_16)
    11    0.03    0.05    0.14    0.29 ^ clkbuf_1_1__f_clk/X (sky130_fd_sc_hd__clkbuf_16)
                                         clknet_1_1__leaf_clk (net)
                  0.05    0.00    0.30 ^ _146_/CLK (sky130_fd_sc_hd__dfxtp_1)
     4    0.01    0.12    0.38    0.68 ^ _146_/Q (sky130_fd_sc_hd__dfxtp_1)
                                         display_module.counter[2] (net)
                  0.12    0.00    0.68 ^ _090_/D (sky130_fd_sc_hd__and4_1)
     5    0.02    0.16    0.31    0.98 ^ _090_/X (sky130_fd_sc_hd__and4_1)
                                         _049_ (net)
                  0.16    0.00    0.98 ^ _098_/D (sky130_fd_sc_hd__and4_1)
     5    0.01    0.15    0.31    1.29 ^ _098_/X (sky130_fd_sc_hd__and4_1)
                                         _054_ (net)
                  0.15    0.00    1.29 ^ _114_/C (sky130_fd_sc_hd__and4_1)
     1    0.00    0.06    0.21    1.50 ^ _114_/X (sky130_fd_sc_hd__and4_1)
                                         _065_ (net)
                  0.06    0.00    1.50 ^ _115_/A (sky130_fd_sc_hd__dlymetal6s2s_1)
     6    0.02    0.21    0.22    1.72 ^ _115_/X (sky130_fd_sc_hd__dlymetal6s2s_1)
                                         _066_ (net)
                  0.21    0.00    1.72 ^ _126_/C (sky130_fd_sc_hd__and4_1)
     5    0.01    0.15    0.31    2.03 ^ _126_/X (sky130_fd_sc_hd__and4_1)
                                         _025_ (net)
                  0.15    0.00    2.03 ^ _133_/D (sky130_fd_sc_hd__and4_1)
     2    0.01    0.09    0.25    2.28 ^ _133_/X (sky130_fd_sc_hd__and4_1)
                                         _029_ (net)
                  0.09    0.00    2.28 ^ _135_/A_N (sky130_fd_sc_hd__and2b_1)
     1    0.00    0.03    0.19    2.47 v _135_/X (sky130_fd_sc_hd__and2b_1)
                                         _031_ (net)
                  0.03    0.00    2.47 v _136_/A (sky130_fd_sc_hd__clkbuf_1)
     1    0.00    0.03    0.09    2.56 v _136_/X (sky130_fd_sc_hd__clkbuf_1)
                                         _018_ (net)
                  0.03    0.00    2.56 v _162_/D (sky130_fd_sc_hd__dfxtp_1)
                                  2.56   data arrival time

                         10.00   10.00   clock clk (rise edge)
                          0.00   10.00   clock source latency
     1    0.01    0.04    0.03   10.03 ^ clk (in)
                                         clk (net)
                  0.04    0.00   10.03 ^ clkbuf_0_clk/A (sky130_fd_sc_hd__clkbuf_16)
     2    0.02    0.04    0.11   10.14 ^ clkbuf_0_clk/X (sky130_fd_sc_hd__clkbuf_16)
                                         clknet_0_clk (net)
                  0.04    0.00   10.14 ^ clkbuf_1_1__f_clk/A (sky130_fd_sc_hd__clkbuf_16)
    11    0.03    0.05    0.13   10.27 ^ clkbuf_1_1__f_clk/X (sky130_fd_sc_hd__clkbuf_16)
                                         clknet_1_1__leaf_clk (net)
                  0.05    0.00   10.27 ^ _162_/CLK (sky130_fd_sc_hd__dfxtp_1)
                         -0.25   10.02   clock uncertainty
                          0.03   10.05   clock reconvergence pessimism
                         -0.10    9.94   library setup time
                                  9.94   data required time
-----------------------------------------------------------------------------
                                  9.94   data required time
                                 -2.56   data arrival time
-----------------------------------------------------------------------------
                                  7.39   slack (MET)


Startpoint: _153_ (rising edge-triggered flip-flop clocked by clk)
Endpoint: _164_ (rising edge-triggered flip-flop clocked by clk)
Path Group: clk
Path Type: max

Fanout     Cap    Slew   Delay    Time   Description
-----------------------------------------------------------------------------
                          0.00    0.00   clock clk (rise edge)
                          0.00    0.00   clock source latency
     1    0.01    0.04    0.03    0.03 ^ clk (in)
                                         clk (net)
                  0.04    0.00    0.03 ^ clkbuf_0_clk/A (sky130_fd_sc_hd__clkbuf_16)
     2    0.02    0.04    0.13    0.16 ^ clkbuf_0_clk/X (sky130_fd_sc_hd__clkbuf_16)
                                         clknet_0_clk (net)
                  0.04    0.00    0.16 ^ clkbuf_1_0__f_clk/A (sky130_fd_sc_hd__clkbuf_16)
    11    0.02    0.04    0.13    0.29 ^ clkbuf_1_0__f_clk/X (sky130_fd_sc_hd__clkbuf_16)
                                         clknet_1_0__leaf_clk (net)
                  0.04    0.00    0.29 ^ _153_/CLK (sky130_fd_sc_hd__dfxtp_1)
     4    0.01    0.11    0.37    0.66 ^ _153_/Q (sky130_fd_sc_hd__dfxtp_1)
                                         display_module.counter[9] (net)
                  0.11    0.00    0.66 ^ _080_/C_N (sky130_fd_sc_hd__or4bb_1)
     1    0.00    0.07    0.49    1.15 v _080_/X (sky130_fd_sc_hd__or4bb_1)
                                         _042_ (net)
                  0.07    0.00    1.15 v _081_/D (sky130_fd_sc_hd__or4_1)
     1    0.00    0.09    0.43    1.58 v _081_/X (sky130_fd_sc_hd__or4_1)
                                         _043_ (net)
                  0.09    0.00    1.58 v _083_/C (sky130_fd_sc_hd__nor4_1)
     3    0.01    0.38    0.37    1.95 ^ _083_/Y (sky130_fd_sc_hd__nor4_1)
                                         _045_ (net)
                  0.38    0.00    1.95 ^ max_cap5/A (sky130_fd_sc_hd__clkbuf_2)
     7    0.02    0.11    0.25    2.20 ^ max_cap5/X (sky130_fd_sc_hd__clkbuf_2)
                                         net5 (net)
                  0.11    0.00    2.20 ^ _139_/B (sky130_fd_sc_hd__nand2_1)
     2    0.01    0.07    0.09    2.28 v _139_/Y (sky130_fd_sc_hd__nand2_1)
                                         _033_ (net)
                  0.07    0.00    2.28 v _140_/B (sky130_fd_sc_hd__and2_1)
     1    0.00    0.04    0.17    2.45 v _140_/X (sky130_fd_sc_hd__and2_1)
                                         _034_ (net)
                  0.04    0.00    2.45 v _141_/A (sky130_fd_sc_hd__clkbuf_1)
     1    0.00    0.03    0.09    2.54 v _141_/X (sky130_fd_sc_hd__clkbuf_1)
                                         _020_ (net)
                  0.03    0.00    2.54 v _164_/D (sky130_fd_sc_hd__dfxtp_1)
                                  2.54   data arrival time

                         10.00   10.00   clock clk (rise edge)
                          0.00   10.00   clock source latency
     1    0.01    0.04    0.03   10.03 ^ clk (in)
                                         clk (net)
                  0.04    0.00   10.03 ^ clkbuf_0_clk/A (sky130_fd_sc_hd__clkbuf_16)
     2    0.02    0.04    0.11   10.14 ^ clkbuf_0_clk/X (sky130_fd_sc_hd__clkbuf_16)
                                         clknet_0_clk (net)
                  0.04    0.00   10.14 ^ clkbuf_1_0__f_clk/A (sky130_fd_sc_hd__clkbuf_16)
    11    0.02    0.04    0.12   10.26 ^ clkbuf_1_0__f_clk/X (sky130_fd_sc_hd__clkbuf_16)
                                         clknet_1_0__leaf_clk (net)
                  0.04    0.00   10.26 ^ _164_/CLK (sky130_fd_sc_hd__dfxtp_1)
                         -0.25   10.01   clock uncertainty
                          0.03   10.04   clock reconvergence pessimism
                         -0.10    9.93   library setup time
                                  9.93   data required time
-----------------------------------------------------------------------------
                                  9.93   data required time
                                 -2.54   data arrival time
-----------------------------------------------------------------------------
                                  7.39   slack (MET)


Startpoint: _153_ (rising edge-triggered flip-flop clocked by clk)
Endpoint: _154_ (rising edge-triggered flip-flop clocked by clk)
Path Group: clk
Path Type: max

Fanout     Cap    Slew   Delay    Time   Description
-----------------------------------------------------------------------------
                          0.00    0.00   clock clk (rise edge)
                          0.00    0.00   clock source latency
     1    0.01    0.04    0.03    0.03 ^ clk (in)
                                         clk (net)
                  0.04    0.00    0.03 ^ clkbuf_0_clk/A (sky130_fd_sc_hd__clkbuf_16)
     2    0.02    0.04    0.13    0.16 ^ clkbuf_0_clk/X (sky130_fd_sc_hd__clkbuf_16)
                                         clknet_0_clk (net)
                  0.04    0.00    0.16 ^ clkbuf_1_0__f_clk/A (sky130_fd_sc_hd__clkbuf_16)
    11    0.02    0.04    0.13    0.29 ^ clkbuf_1_0__f_clk/X (sky130_fd_sc_hd__clkbuf_16)
                                         clknet_1_0__leaf_clk (net)
                  0.04    0.00    0.29 ^ _153_/CLK (sky130_fd_sc_hd__dfxtp_1)
     4    0.01    0.11    0.37    0.66 ^ _153_/Q (sky130_fd_sc_hd__dfxtp_1)
                                         display_module.counter[9] (net)
                  0.11    0.00    0.66 ^ _080_/C_N (sky130_fd_sc_hd__or4bb_1)
     1    0.00    0.07    0.49    1.15 v _080_/X (sky130_fd_sc_hd__or4bb_1)
                                         _042_ (net)
                  0.07    0.00    1.15 v _081_/D (sky130_fd_sc_hd__or4_1)
     1    0.00    0.09    0.43    1.58 v _081_/X (sky130_fd_sc_hd__or4_1)
                                         _043_ (net)
                  0.09    0.00    1.58 v _083_/C (sky130_fd_sc_hd__nor4_1)
     3    0.01    0.38    0.37    1.95 ^ _083_/Y (sky130_fd_sc_hd__nor4_1)
                                         _045_ (net)
                  0.38    0.00    1.95 ^ max_cap5/A (sky130_fd_sc_hd__clkbuf_2)
     7    0.02    0.11    0.25    2.20 ^ max_cap5/X (sky130_fd_sc_hd__clkbuf_2)
                                         net5 (net)
                  0.11    0.00    2.20 ^ _112_/A_N (sky130_fd_sc_hd__and3b_1)
     1    0.00    0.04    0.19    2.39 v _112_/X (sky130_fd_sc_hd__and3b_1)
                                         _064_ (net)
                  0.04    0.00    2.39 v _113_/A (sky130_fd_sc_hd__clkbuf_1)
     1    0.00    0.03    0.09    2.48 v _113_/X (sky130_fd_sc_hd__clkbuf_1)
                                         _010_ (net)
                  0.03    0.00    2.48 v _154_/D (sky130_fd_sc_hd__dfxtp_1)
                                  2.48   data arrival time

                         10.00   10.00   clock clk (rise edge)
                          0.00   10.00   clock source latency
     1    0.01    0.04    0.03   10.03 ^ clk (in)
                                         clk (net)
                  0.04    0.00   10.03 ^ clkbuf_0_clk/A (sky130_fd_sc_hd__clkbuf_16)
     2    0.02    0.04    0.11   10.14 ^ clkbuf_0_clk/X (sky130_fd_sc_hd__clkbuf_16)
                                         clknet_0_clk (net)
                  0.04    0.00   10.14 ^ clkbuf_1_0__f_clk/A (sky130_fd_sc_hd__clkbuf_16)
    11    0.02    0.04    0.12   10.26 ^ clkbuf_1_0__f_clk/X (sky130_fd_sc_hd__clkbuf_16)
                                         clknet_1_0__leaf_clk (net)
                  0.04    0.00   10.26 ^ _154_/CLK (sky130_fd_sc_hd__dfxtp_1)
                         -0.25   10.01   clock uncertainty
                          0.03   10.04   clock reconvergence pessimism
                         -0.10    9.93   library setup time
                                  9.93   data required time
-----------------------------------------------------------------------------
                                  9.93   data required time
                                 -2.48   data arrival time
-----------------------------------------------------------------------------
                                  7.45   slack (MET)


Startpoint: _153_ (rising edge-triggered flip-flop clocked by clk)
Endpoint: _160_ (rising edge-triggered flip-flop clocked by clk)
Path Group: clk
Path Type: max

Fanout     Cap    Slew   Delay    Time   Description
-----------------------------------------------------------------------------
                          0.00    0.00   clock clk (rise edge)
                          0.00    0.00   clock source latency
     1    0.01    0.04    0.03    0.03 ^ clk (in)
                                         clk (net)
                  0.04    0.00    0.03 ^ clkbuf_0_clk/A (sky130_fd_sc_hd__clkbuf_16)
     2    0.02    0.04    0.13    0.16 ^ clkbuf_0_clk/X (sky130_fd_sc_hd__clkbuf_16)
                                         clknet_0_clk (net)
                  0.04    0.00    0.16 ^ clkbuf_1_0__f_clk/A (sky130_fd_sc_hd__clkbuf_16)
    11    0.02    0.04    0.13    0.29 ^ clkbuf_1_0__f_clk/X (sky130_fd_sc_hd__clkbuf_16)
                                         clknet_1_0__leaf_clk (net)
                  0.04    0.00    0.29 ^ _153_/CLK (sky130_fd_sc_hd__dfxtp_1)
     4    0.01    0.11    0.37    0.66 ^ _153_/Q (sky130_fd_sc_hd__dfxtp_1)
                                         display_module.counter[9] (net)
                  0.11    0.00    0.66 ^ _080_/C_N (sky130_fd_sc_hd__or4bb_1)
     1    0.00    0.07    0.49    1.15 v _080_/X (sky130_fd_sc_hd__or4bb_1)
                                         _042_ (net)
                  0.07    0.00    1.15 v _081_/D (sky130_fd_sc_hd__or4_1)
     1    0.00    0.09    0.43    1.58 v _081_/X (sky130_fd_sc_hd__or4_1)
                                         _043_ (net)
                  0.09    0.00    1.58 v _083_/C (sky130_fd_sc_hd__nor4_1)
     3    0.01    0.38    0.37    1.95 ^ _083_/Y (sky130_fd_sc_hd__nor4_1)
                                         _045_ (net)
                  0.38    0.00    1.95 ^ max_cap5/A (sky130_fd_sc_hd__clkbuf_2)
     7    0.02    0.11    0.25    2.20 ^ max_cap5/X (sky130_fd_sc_hd__clkbuf_2)
                                         net5 (net)
                  0.11    0.00    2.20 ^ _130_/A_N (sky130_fd_sc_hd__and3b_1)
     1    0.00    0.04    0.19    2.39 v _130_/X (sky130_fd_sc_hd__and3b_1)
                                         _028_ (net)
                  0.04    0.00    2.39 v _131_/A (sky130_fd_sc_hd__clkbuf_1)
     1    0.00    0.03    0.09    2.48 v _131_/X (sky130_fd_sc_hd__clkbuf_1)
                                         _016_ (net)
                  0.03    0.00    2.48 v _160_/D (sky130_fd_sc_hd__dfxtp_1)
                                  2.48   data arrival time

                         10.00   10.00   clock clk (rise edge)
                          0.00   10.00   clock source latency
     1    0.01    0.04    0.03   10.03 ^ clk (in)
                                         clk (net)
                  0.04    0.00   10.03 ^ clkbuf_0_clk/A (sky130_fd_sc_hd__clkbuf_16)
     2    0.02    0.04    0.11   10.14 ^ clkbuf_0_clk/X (sky130_fd_sc_hd__clkbuf_16)
                                         clknet_0_clk (net)
                  0.04    0.00   10.14 ^ clkbuf_1_0__f_clk/A (sky130_fd_sc_hd__clkbuf_16)
    11    0.02    0.04    0.12   10.26 ^ clkbuf_1_0__f_clk/X (sky130_fd_sc_hd__clkbuf_16)
                                         clknet_1_0__leaf_clk (net)
                  0.04    0.00   10.26 ^ _160_/CLK (sky130_fd_sc_hd__dfxtp_1)
                         -0.25   10.01   clock uncertainty
                          0.03   10.04   clock reconvergence pessimism
                         -0.10    9.93   library setup time
                                  9.93   data required time
-----------------------------------------------------------------------------
                                  9.93   data required time
                                 -2.48   data arrival time
-----------------------------------------------------------------------------
                                  7.46   slack (MET)


Startpoint: _146_ (rising edge-triggered flip-flop clocked by clk)
Endpoint: _157_ (rising edge-triggered flip-flop clocked by clk)
Path Group: clk
Path Type: max

Fanout     Cap    Slew   Delay    Time   Description
-----------------------------------------------------------------------------
                          0.00    0.00   clock clk (rise edge)
                          0.00    0.00   clock source latency
     1    0.01    0.04    0.03    0.03 ^ clk (in)
                                         clk (net)
                  0.04    0.00    0.03 ^ clkbuf_0_clk/A (sky130_fd_sc_hd__clkbuf_16)
     2    0.02    0.04    0.13    0.16 ^ clkbuf_0_clk/X (sky130_fd_sc_hd__clkbuf_16)
                                         clknet_0_clk (net)
                  0.04    0.00    0.16 ^ clkbuf_1_1__f_clk/A (sky130_fd_sc_hd__clkbuf_16)
    11    0.03    0.05    0.14    0.29 ^ clkbuf_1_1__f_clk/X (sky130_fd_sc_hd__clkbuf_16)
                                         clknet_1_1__leaf_clk (net)
                  0.05    0.00    0.30 ^ _146_/CLK (sky130_fd_sc_hd__dfxtp_1)
     4    0.01    0.12    0.38    0.68 ^ _146_/Q (sky130_fd_sc_hd__dfxtp_1)
                                         display_module.counter[2] (net)
                  0.12    0.00    0.68 ^ _090_/D (sky130_fd_sc_hd__and4_1)
     5    0.02    0.16    0.31    0.98 ^ _090_/X (sky130_fd_sc_hd__and4_1)
                                         _049_ (net)
                  0.16    0.00    0.98 ^ _098_/D (sky130_fd_sc_hd__and4_1)
     5    0.01    0.15    0.31    1.29 ^ _098_/X (sky130_fd_sc_hd__and4_1)
                                         _054_ (net)
                  0.15    0.00    1.29 ^ _114_/C (sky130_fd_sc_hd__and4_1)
     1    0.00    0.06    0.21    1.50 ^ _114_/X (sky130_fd_sc_hd__and4_1)
                                         _065_ (net)
                  0.06    0.00    1.50 ^ _115_/A (sky130_fd_sc_hd__dlymetal6s2s_1)
     6    0.02    0.21    0.22    1.72 ^ _115_/X (sky130_fd_sc_hd__dlymetal6s2s_1)
                                         _066_ (net)
                  0.21    0.00    1.72 ^ _119_/A2 (sky130_fd_sc_hd__a21oi_1)
     1    0.00    0.06    0.10    1.82 v _119_/Y (sky130_fd_sc_hd__a21oi_1)
                                         _068_ (net)
                  0.06    0.00    1.82 v hold9/A (sky130_fd_sc_hd__dlygate4sd3_1)
     1    0.00    0.05    0.58    2.40 v hold9/X (sky130_fd_sc_hd__dlygate4sd3_1)
                                         net21 (net)
                  0.05    0.00    2.40 v _121_/A (sky130_fd_sc_hd__nor2_1)
     1    0.00    0.08    0.10    2.51 ^ _121_/Y (sky130_fd_sc_hd__nor2_1)
                                         _013_ (net)
                  0.08    0.00    2.51 ^ _157_/D (sky130_fd_sc_hd__dfxtp_1)
                                  2.51   data arrival time

                         10.00   10.00   clock clk (rise edge)
                          0.00   10.00   clock source latency
     1    0.01    0.04    0.03   10.03 ^ clk (in)
                                         clk (net)
                  0.04    0.00   10.03 ^ clkbuf_0_clk/A (sky130_fd_sc_hd__clkbuf_16)
     2    0.02    0.04    0.11   10.14 ^ clkbuf_0_clk/X (sky130_fd_sc_hd__clkbuf_16)
                                         clknet_0_clk (net)
                  0.04    0.00   10.14 ^ clkbuf_1_1__f_clk/A (sky130_fd_sc_hd__clkbuf_16)
    11    0.03    0.05    0.13   10.27 ^ clkbuf_1_1__f_clk/X (sky130_fd_sc_hd__clkbuf_16)
                                         clknet_1_1__leaf_clk (net)
                  0.05    0.00   10.27 ^ _157_/CLK (sky130_fd_sc_hd__dfxtp_1)
                         -0.25   10.02   clock uncertainty
                          0.03   10.05   clock reconvergence pessimism
                         -0.06    9.99   library setup time
                                  9.99   data required time
-----------------------------------------------------------------------------
                                  9.99   data required time
                                 -2.51   data arrival time
-----------------------------------------------------------------------------
                                  7.48   slack (MET)


Startpoint: _146_ (rising edge-triggered flip-flop clocked by clk)
Endpoint: _163_ (rising edge-triggered flip-flop clocked by clk)
Path Group: clk
Path Type: max

Fanout     Cap    Slew   Delay    Time   Description
-----------------------------------------------------------------------------
                          0.00    0.00   clock clk (rise edge)
                          0.00    0.00   clock source latency
     1    0.01    0.04    0.03    0.03 ^ clk (in)
                                         clk (net)
                  0.04    0.00    0.03 ^ clkbuf_0_clk/A (sky130_fd_sc_hd__clkbuf_16)
     2    0.02    0.04    0.13    0.16 ^ clkbuf_0_clk/X (sky130_fd_sc_hd__clkbuf_16)
                                         clknet_0_clk (net)
                  0.04    0.00    0.16 ^ clkbuf_1_1__f_clk/A (sky130_fd_sc_hd__clkbuf_16)
    11    0.03    0.05    0.14    0.29 ^ clkbuf_1_1__f_clk/X (sky130_fd_sc_hd__clkbuf_16)
                                         clknet_1_1__leaf_clk (net)
                  0.05    0.00    0.30 ^ _146_/CLK (sky130_fd_sc_hd__dfxtp_1)
     4    0.01    0.12    0.38    0.68 ^ _146_/Q (sky130_fd_sc_hd__dfxtp_1)
                                         display_module.counter[2] (net)
                  0.12    0.00    0.68 ^ _090_/D (sky130_fd_sc_hd__and4_1)
     5    0.02    0.16    0.31    0.98 ^ _090_/X (sky130_fd_sc_hd__and4_1)
                                         _049_ (net)
                  0.16    0.00    0.98 ^ _098_/D (sky130_fd_sc_hd__and4_1)
     5    0.01    0.15    0.31    1.29 ^ _098_/X (sky130_fd_sc_hd__and4_1)
                                         _054_ (net)
                  0.15    0.00    1.29 ^ _114_/C (sky130_fd_sc_hd__and4_1)
     1    0.00    0.06    0.21    1.50 ^ _114_/X (sky130_fd_sc_hd__and4_1)
                                         _065_ (net)
                  0.06    0.00    1.50 ^ _115_/A (sky130_fd_sc_hd__dlymetal6s2s_1)
     6    0.02    0.21    0.22    1.72 ^ _115_/X (sky130_fd_sc_hd__dlymetal6s2s_1)
                                         _066_ (net)
                  0.21    0.00    1.72 ^ _126_/C (sky130_fd_sc_hd__and4_1)
     5    0.01    0.15    0.31    2.03 ^ _126_/X (sky130_fd_sc_hd__and4_1)
                                         _025_ (net)
                  0.15    0.00    2.03 ^ _133_/D (sky130_fd_sc_hd__and4_1)
     2    0.01    0.09    0.25    2.28 ^ _133_/X (sky130_fd_sc_hd__and4_1)
                                         _029_ (net)
                  0.09    0.00    2.28 ^ _137_/B (sky130_fd_sc_hd__xor2_1)
     1    0.00    0.11    0.15    2.43 ^ _137_/X (sky130_fd_sc_hd__xor2_1)
                                         _019_ (net)
                  0.11    0.00    2.43 ^ _163_/D (sky130_fd_sc_hd__dfxtp_1)
                                  2.43   data arrival time

                         10.00   10.00   clock clk (rise edge)
                          0.00   10.00   clock source latency
     1    0.01    0.04    0.03   10.03 ^ clk (in)
                                         clk (net)
                  0.04    0.00   10.03 ^ clkbuf_0_clk/A (sky130_fd_sc_hd__clkbuf_16)
     2    0.02    0.04    0.11   10.14 ^ clkbuf_0_clk/X (sky130_fd_sc_hd__clkbuf_16)
                                         clknet_0_clk (net)
                  0.04    0.00   10.14 ^ clkbuf_1_1__f_clk/A (sky130_fd_sc_hd__clkbuf_16)
    11    0.03    0.05    0.13   10.27 ^ clkbuf_1_1__f_clk/X (sky130_fd_sc_hd__clkbuf_16)
                                         clknet_1_1__leaf_clk (net)
                  0.05    0.00   10.27 ^ _163_/CLK (sky130_fd_sc_hd__dfxtp_1)
                         -0.25   10.02   clock uncertainty
                          0.03   10.05   clock reconvergence pessimism
                         -0.07    9.98   library setup time
                                  9.98   data required time
-----------------------------------------------------------------------------
                                  9.98   data required time
                                 -2.43   data arrival time
-----------------------------------------------------------------------------
                                  7.54   slack (MET)


Startpoint: _153_ (rising edge-triggered flip-flop clocked by clk)
Endpoint: _151_ (rising edge-triggered flip-flop clocked by clk)
Path Group: clk
Path Type: max

Fanout     Cap    Slew   Delay    Time   Description
-----------------------------------------------------------------------------
                          0.00    0.00   clock clk (rise edge)
                          0.00    0.00   clock source latency
     1    0.01    0.04    0.03    0.03 ^ clk (in)
                                         clk (net)
                  0.04    0.00    0.03 ^ clkbuf_0_clk/A (sky130_fd_sc_hd__clkbuf_16)
     2    0.02    0.04    0.13    0.16 ^ clkbuf_0_clk/X (sky130_fd_sc_hd__clkbuf_16)
                                         clknet_0_clk (net)
                  0.04    0.00    0.16 ^ clkbuf_1_0__f_clk/A (sky130_fd_sc_hd__clkbuf_16)
    11    0.02    0.04    0.13    0.29 ^ clkbuf_1_0__f_clk/X (sky130_fd_sc_hd__clkbuf_16)
                                         clknet_1_0__leaf_clk (net)
                  0.04    0.00    0.29 ^ _153_/CLK (sky130_fd_sc_hd__dfxtp_1)
     4    0.01    0.11    0.37    0.66 ^ _153_/Q (sky130_fd_sc_hd__dfxtp_1)
                                         display_module.counter[9] (net)
                  0.11    0.00    0.66 ^ _080_/C_N (sky130_fd_sc_hd__or4bb_1)
     1    0.00    0.07    0.49    1.15 v _080_/X (sky130_fd_sc_hd__or4bb_1)
                                         _042_ (net)
                  0.07    0.00    1.15 v _081_/D (sky130_fd_sc_hd__or4_1)
     1    0.00    0.09    0.43    1.58 v _081_/X (sky130_fd_sc_hd__or4_1)
                                         _043_ (net)
                  0.09    0.00    1.58 v _083_/C (sky130_fd_sc_hd__nor4_1)
     3    0.01    0.38    0.37    1.95 ^ _083_/Y (sky130_fd_sc_hd__nor4_1)
                                         _045_ (net)
                  0.38    0.00    1.95 ^ max_cap5/A (sky130_fd_sc_hd__clkbuf_2)
     7    0.02    0.11    0.25    2.20 ^ max_cap5/X (sky130_fd_sc_hd__clkbuf_2)
                                         net5 (net)
                  0.11    0.00    2.20 ^ _103_/A (sky130_fd_sc_hd__nor2_1)
     1    0.00    0.05    0.06    2.26 v _103_/Y (sky130_fd_sc_hd__nor2_1)
                                         _058_ (net)
                  0.05    0.00    2.26 v _104_/B1 (sky130_fd_sc_hd__o21a_1)
     1    0.00    0.04    0.11    2.37 v _104_/X (sky130_fd_sc_hd__o21a_1)
                                         _007_ (net)
                  0.04    0.00    2.37 v _151_/D (sky130_fd_sc_hd__dfxtp_1)
                                  2.37   data arrival time

                         10.00   10.00   clock clk (rise edge)
                          0.00   10.00   clock source latency
     1    0.01    0.04    0.03   10.03 ^ clk (in)
                                         clk (net)
                  0.04    0.00   10.03 ^ clkbuf_0_clk/A (sky130_fd_sc_hd__clkbuf_16)
     2    0.02    0.04    0.11   10.14 ^ clkbuf_0_clk/X (sky130_fd_sc_hd__clkbuf_16)
                                         clknet_0_clk (net)
                  0.04    0.00   10.14 ^ clkbuf_1_0__f_clk/A (sky130_fd_sc_hd__clkbuf_16)
    11    0.02    0.04    0.12   10.26 ^ clkbuf_1_0__f_clk/X (sky130_fd_sc_hd__clkbuf_16)
                                         clknet_1_0__leaf_clk (net)
                  0.04    0.00   10.26 ^ _151_/CLK (sky130_fd_sc_hd__dfxtp_1)
                         -0.25   10.01   clock uncertainty
                          0.03   10.04   clock reconvergence pessimism
                         -0.11    9.93   library setup time
                                  9.93   data required time
-----------------------------------------------------------------------------
                                  9.93   data required time
                                 -2.37   data arrival time
-----------------------------------------------------------------------------
                                  7.56   slack (MET)


Startpoint: _153_ (rising edge-triggered flip-flop clocked by clk)
Endpoint: _149_ (rising edge-triggered flip-flop clocked by clk)
Path Group: clk
Path Type: max

Fanout     Cap    Slew   Delay    Time   Description
-----------------------------------------------------------------------------
                          0.00    0.00   clock clk (rise edge)
                          0.00    0.00   clock source latency
     1    0.01    0.04    0.03    0.03 ^ clk (in)
                                         clk (net)
                  0.04    0.00    0.03 ^ clkbuf_0_clk/A (sky130_fd_sc_hd__clkbuf_16)
     2    0.02    0.04    0.13    0.16 ^ clkbuf_0_clk/X (sky130_fd_sc_hd__clkbuf_16)
                                         clknet_0_clk (net)
                  0.04    0.00    0.16 ^ clkbuf_1_0__f_clk/A (sky130_fd_sc_hd__clkbuf_16)
    11    0.02    0.04    0.13    0.29 ^ clkbuf_1_0__f_clk/X (sky130_fd_sc_hd__clkbuf_16)
                                         clknet_1_0__leaf_clk (net)
                  0.04    0.00    0.29 ^ _153_/CLK (sky130_fd_sc_hd__dfxtp_1)
     4    0.01    0.11    0.37    0.66 ^ _153_/Q (sky130_fd_sc_hd__dfxtp_1)
                                         display_module.counter[9] (net)
                  0.11    0.00    0.66 ^ _080_/C_N (sky130_fd_sc_hd__or4bb_1)
     1    0.00    0.07    0.49    1.15 v _080_/X (sky130_fd_sc_hd__or4bb_1)
                                         _042_ (net)
                  0.07    0.00    1.15 v _081_/D (sky130_fd_sc_hd__or4_1)
     1    0.00    0.09    0.43    1.58 v _081_/X (sky130_fd_sc_hd__or4_1)
                                         _043_ (net)
                  0.09    0.00    1.58 v _083_/C (sky130_fd_sc_hd__nor4_1)
     3    0.01    0.38    0.37    1.95 ^ _083_/Y (sky130_fd_sc_hd__nor4_1)
                                         _045_ (net)
                  0.38    0.00    1.95 ^ max_cap1/A (sky130_fd_sc_hd__buf_1)
     2    0.01    0.07    0.16    2.10 ^ max_cap1/X (sky130_fd_sc_hd__buf_1)
                                         net34 (net)
                  0.07    0.00    2.10 ^ _097_/A (sky130_fd_sc_hd__nor3_1)
     1    0.00    0.04    0.06    2.16 v _097_/Y (sky130_fd_sc_hd__nor3_1)
                                         _005_ (net)
                  0.04    0.00    2.16 v _149_/D (sky130_fd_sc_hd__dfxtp_1)
                                  2.16   data arrival time

                         10.00   10.00   clock clk (rise edge)
                          0.00   10.00   clock source latency
     1    0.01    0.04    0.03   10.03 ^ clk (in)
                                         clk (net)
                  0.04    0.00   10.03 ^ clkbuf_0_clk/A (sky130_fd_sc_hd__clkbuf_16)
     2    0.02    0.04    0.11   10.14 ^ clkbuf_0_clk/X (sky130_fd_sc_hd__clkbuf_16)
                                         clknet_0_clk (net)
                  0.04    0.00   10.14 ^ clkbuf_1_0__f_clk/A (sky130_fd_sc_hd__clkbuf_16)
    11    0.02    0.04    0.12   10.26 ^ clkbuf_1_0__f_clk/X (sky130_fd_sc_hd__clkbuf_16)
                                         clknet_1_0__leaf_clk (net)
                  0.04    0.00   10.26 ^ _149_/CLK (sky130_fd_sc_hd__dfxtp_1)
                         -0.25   10.01   clock uncertainty
                          0.03   10.04   clock reconvergence pessimism
                         -0.11    9.93   library setup time
                                  9.93   data required time
-----------------------------------------------------------------------------
                                  9.93   data required time
                                 -2.16   data arrival time
-----------------------------------------------------------------------------
                                  7.76   slack (MET)


Startpoint: _153_ (rising edge-triggered flip-flop clocked by clk)
Endpoint: _144_ (rising edge-triggered flip-flop clocked by clk)
Path Group: clk
Path Type: max

Fanout     Cap    Slew   Delay    Time   Description
-----------------------------------------------------------------------------
                          0.00    0.00   clock clk (rise edge)
                          0.00    0.00   clock source latency
     1    0.01    0.04    0.03    0.03 ^ clk (in)
                                         clk (net)
                  0.04    0.00    0.03 ^ clkbuf_0_clk/A (sky130_fd_sc_hd__clkbuf_16)
     2    0.02    0.04    0.13    0.16 ^ clkbuf_0_clk/X (sky130_fd_sc_hd__clkbuf_16)
                                         clknet_0_clk (net)
                  0.04    0.00    0.16 ^ clkbuf_1_0__f_clk/A (sky130_fd_sc_hd__clkbuf_16)
    11    0.02    0.04    0.13    0.29 ^ clkbuf_1_0__f_clk/X (sky130_fd_sc_hd__clkbuf_16)
                                         clknet_1_0__leaf_clk (net)
                  0.04    0.00    0.29 ^ _153_/CLK (sky130_fd_sc_hd__dfxtp_1)
     4    0.01    0.11    0.37    0.66 ^ _153_/Q (sky130_fd_sc_hd__dfxtp_1)
                                         display_module.counter[9] (net)
                  0.11    0.00    0.66 ^ _080_/C_N (sky130_fd_sc_hd__or4bb_1)
     1    0.00    0.07    0.49    1.15 v _080_/X (sky130_fd_sc_hd__or4bb_1)
                                         _042_ (net)
                  0.07    0.00    1.15 v _081_/D (sky130_fd_sc_hd__or4_1)
     1    0.00    0.09    0.43    1.58 v _081_/X (sky130_fd_sc_hd__or4_1)
                                         _043_ (net)
                  0.09    0.00    1.58 v _083_/C (sky130_fd_sc_hd__nor4_1)
     3    0.01    0.38    0.37    1.95 ^ _083_/Y (sky130_fd_sc_hd__nor4_1)
                                         _045_ (net)
                  0.38    0.00    1.95 ^ max_cap1/A (sky130_fd_sc_hd__buf_1)
     2    0.01    0.07    0.16    2.10 ^ max_cap1/X (sky130_fd_sc_hd__buf_1)
                                         net34 (net)
                  0.07    0.00    2.10 ^ _084_/B (sky130_fd_sc_hd__nor2_1)
     1    0.00    0.03    0.04    2.15 v _084_/Y (sky130_fd_sc_hd__nor2_1)
                                         _000_ (net)
                  0.03    0.00    2.15 v _144_/D (sky130_fd_sc_hd__dfxtp_1)
                                  2.15   data arrival time

                         10.00   10.00   clock clk (rise edge)
                          0.00   10.00   clock source latency
     1    0.01    0.04    0.03   10.03 ^ clk (in)
                                         clk (net)
                  0.04    0.00   10.03 ^ clkbuf_0_clk/A (sky130_fd_sc_hd__clkbuf_16)
     2    0.02    0.04    0.11   10.14 ^ clkbuf_0_clk/X (sky130_fd_sc_hd__clkbuf_16)
                                         clknet_0_clk (net)
                  0.04    0.00   10.14 ^ clkbuf_1_1__f_clk/A (sky130_fd_sc_hd__clkbuf_16)
    11    0.03    0.05    0.13   10.27 ^ clkbuf_1_1__f_clk/X (sky130_fd_sc_hd__clkbuf_16)
                                         clknet_1_1__leaf_clk (net)
                  0.05    0.00   10.27 ^ _144_/CLK (sky130_fd_sc_hd__dfxtp_1)
                         -0.25   10.02   clock uncertainty
                          0.01   10.03   clock reconvergence pessimism
                         -0.10    9.93   library setup time
                                  9.93   data required time
-----------------------------------------------------------------------------
                                  9.93   data required time
                                 -2.15   data arrival time
-----------------------------------------------------------------------------
                                  7.78   slack (MET)


Startpoint: _146_ (rising edge-triggered flip-flop clocked by clk)
Endpoint: _159_ (rising edge-triggered flip-flop clocked by clk)
Path Group: clk
Path Type: max

Fanout     Cap    Slew   Delay    Time   Description
-----------------------------------------------------------------------------
                          0.00    0.00   clock clk (rise edge)
                          0.00    0.00   clock source latency
     1    0.01    0.04    0.03    0.03 ^ clk (in)
                                         clk (net)
                  0.04    0.00    0.03 ^ clkbuf_0_clk/A (sky130_fd_sc_hd__clkbuf_16)
     2    0.02    0.04    0.13    0.16 ^ clkbuf_0_clk/X (sky130_fd_sc_hd__clkbuf_16)
                                         clknet_0_clk (net)
                  0.04    0.00    0.16 ^ clkbuf_1_1__f_clk/A (sky130_fd_sc_hd__clkbuf_16)
    11    0.03    0.05    0.14    0.29 ^ clkbuf_1_1__f_clk/X (sky130_fd_sc_hd__clkbuf_16)
                                         clknet_1_1__leaf_clk (net)
                  0.05    0.00    0.30 ^ _146_/CLK (sky130_fd_sc_hd__dfxtp_1)
     4    0.01    0.12    0.38    0.68 ^ _146_/Q (sky130_fd_sc_hd__dfxtp_1)
                                         display_module.counter[2] (net)
                  0.12    0.00    0.68 ^ _090_/D (sky130_fd_sc_hd__and4_1)
     5    0.02    0.16    0.31    0.98 ^ _090_/X (sky130_fd_sc_hd__and4_1)
                                         _049_ (net)
                  0.16    0.00    0.98 ^ _098_/D (sky130_fd_sc_hd__and4_1)
     5    0.01    0.15    0.31    1.29 ^ _098_/X (sky130_fd_sc_hd__and4_1)
                                         _054_ (net)
                  0.15    0.00    1.29 ^ _114_/C (sky130_fd_sc_hd__and4_1)
     1    0.00    0.06    0.21    1.50 ^ _114_/X (sky130_fd_sc_hd__and4_1)
                                         _065_ (net)
                  0.06    0.00    1.50 ^ _115_/A (sky130_fd_sc_hd__dlymetal6s2s_1)
     6    0.02    0.21    0.22    1.72 ^ _115_/X (sky130_fd_sc_hd__dlymetal6s2s_1)
                                         _066_ (net)
                  0.21    0.00    1.72 ^ _123_/B (sky130_fd_sc_hd__and3_1)
     2    0.01    0.07    0.21    1.93 ^ _123_/X (sky130_fd_sc_hd__and3_1)
                                         _023_ (net)
                  0.07    0.00    1.93 ^ _125_/B (sky130_fd_sc_hd__nor2_1)
     1    0.00    0.03    0.05    1.99 v _125_/Y (sky130_fd_sc_hd__nor2_1)
                                         _024_ (net)
                  0.03    0.00    1.99 v _127_/B (sky130_fd_sc_hd__nor3_1)
     1    0.00    0.15    0.17    2.15 ^ _127_/Y (sky130_fd_sc_hd__nor3_1)
                                         _015_ (net)
                  0.15    0.00    2.15 ^ _159_/D (sky130_fd_sc_hd__dfxtp_1)
                                  2.15   data arrival time

                         10.00   10.00   clock clk (rise edge)
                          0.00   10.00   clock source latency
     1    0.01    0.04    0.03   10.03 ^ clk (in)
                                         clk (net)
                  0.04    0.00   10.03 ^ clkbuf_0_clk/A (sky130_fd_sc_hd__clkbuf_16)
     2    0.02    0.04    0.11   10.14 ^ clkbuf_0_clk/X (sky130_fd_sc_hd__clkbuf_16)
                                         clknet_0_clk (net)
                  0.04    0.00   10.14 ^ clkbuf_1_1__f_clk/A (sky130_fd_sc_hd__clkbuf_16)
    11    0.03    0.05    0.13   10.27 ^ clkbuf_1_1__f_clk/X (sky130_fd_sc_hd__clkbuf_16)
                                         clknet_1_1__leaf_clk (net)
                  0.05    0.00   10.27 ^ _159_/CLK (sky130_fd_sc_hd__dfxtp_1)
                         -0.25   10.02   clock uncertainty
                          0.03   10.05   clock reconvergence pessimism
                         -0.08    9.97   library setup time
                                  9.97   data required time
-----------------------------------------------------------------------------
                                  9.97   data required time
                                 -2.15   data arrival time
-----------------------------------------------------------------------------
                                  7.82   slack (MET)


Startpoint: _144_ (rising edge-triggered flip-flop clocked by clk)
Endpoint: _146_ (rising edge-triggered flip-flop clocked by clk)
Path Group: clk
Path Type: max

Fanout     Cap    Slew   Delay    Time   Description
-----------------------------------------------------------------------------
                          0.00    0.00   clock clk (rise edge)
                          0.00    0.00   clock source latency
     1    0.01    0.04    0.03    0.03 ^ clk (in)
                                         clk (net)
                  0.04    0.00    0.03 ^ clkbuf_0_clk/A (sky130_fd_sc_hd__clkbuf_16)
     2    0.02    0.04    0.13    0.16 ^ clkbuf_0_clk/X (sky130_fd_sc_hd__clkbuf_16)
                                         clknet_0_clk (net)
                  0.04    0.00    0.16 ^ clkbuf_1_1__f_clk/A (sky130_fd_sc_hd__clkbuf_16)
    11    0.03    0.05    0.14    0.29 ^ clkbuf_1_1__f_clk/X (sky130_fd_sc_hd__clkbuf_16)
                                         clknet_1_1__leaf_clk (net)
                  0.05    0.00    0.30 ^ _144_/CLK (sky130_fd_sc_hd__dfxtp_1)
     5    0.01    0.13    0.38    0.68 ^ _144_/Q (sky130_fd_sc_hd__dfxtp_1)
                                         display_module.counter[0] (net)
                  0.13    0.00    0.68 ^ hold3/A (sky130_fd_sc_hd__dlygate4sd3_1)
     2    0.01    0.09    0.62    1.30 ^ hold3/X (sky130_fd_sc_hd__dlygate4sd3_1)
                                         net15 (net)
                  0.09    0.00    1.30 ^ _086_/B (sky130_fd_sc_hd__nand2_1)
     2    0.01    0.07    0.09    1.39 v _086_/Y (sky130_fd_sc_hd__nand2_1)
                                         _047_ (net)
                  0.07    0.00    1.39 v _089_/B (sky130_fd_sc_hd__xnor2_1)
     1    0.00    0.05    0.14    1.53 v _089_/Y (sky130_fd_sc_hd__xnor2_1)
                                         _002_ (net)
                  0.05    0.00    1.53 v hold11/A (sky130_fd_sc_hd__dlygate4sd3_1)
     1    0.00    0.05    0.57    2.10 v hold11/X (sky130_fd_sc_hd__dlygate4sd3_1)
                                         net23 (net)
                  0.05    0.00    2.10 v _146_/D (sky130_fd_sc_hd__dfxtp_1)
                                  2.10   data arrival time

                         10.00   10.00   clock clk (rise edge)
                          0.00   10.00   clock source latency
     1    0.01    0.04    0.03   10.03 ^ clk (in)
                                         clk (net)
                  0.04    0.00   10.03 ^ clkbuf_0_clk/A (sky130_fd_sc_hd__clkbuf_16)
     2    0.02    0.04    0.11   10.14 ^ clkbuf_0_clk/X (sky130_fd_sc_hd__clkbuf_16)
                                         clknet_0_clk (net)
                  0.04    0.00   10.14 ^ clkbuf_1_1__f_clk/A (sky130_fd_sc_hd__clkbuf_16)
    11    0.03    0.05    0.13   10.27 ^ clkbuf_1_1__f_clk/X (sky130_fd_sc_hd__clkbuf_16)
                                         clknet_1_1__leaf_clk (net)
                  0.05    0.00   10.27 ^ _146_/CLK (sky130_fd_sc_hd__dfxtp_1)
                         -0.25   10.02   clock uncertainty
                          0.03   10.05   clock reconvergence pessimism
                         -0.11    9.93   library setup time
                                  9.93   data required time
-----------------------------------------------------------------------------
                                  9.93   data required time
                                 -2.10   data arrival time
-----------------------------------------------------------------------------
                                  7.83   slack (MET)


Startpoint: _146_ (rising edge-triggered flip-flop clocked by clk)
Endpoint: _158_ (rising edge-triggered flip-flop clocked by clk)
Path Group: clk
Path Type: max

Fanout     Cap    Slew   Delay    Time   Description
-----------------------------------------------------------------------------
                          0.00    0.00   clock clk (rise edge)
                          0.00    0.00   clock source latency
     1    0.01    0.04    0.03    0.03 ^ clk (in)
                                         clk (net)
                  0.04    0.00    0.03 ^ clkbuf_0_clk/A (sky130_fd_sc_hd__clkbuf_16)
     2    0.02    0.04    0.13    0.16 ^ clkbuf_0_clk/X (sky130_fd_sc_hd__clkbuf_16)
                                         clknet_0_clk (net)
                  0.04    0.00    0.16 ^ clkbuf_1_1__f_clk/A (sky130_fd_sc_hd__clkbuf_16)
    11    0.03    0.05    0.14    0.29 ^ clkbuf_1_1__f_clk/X (sky130_fd_sc_hd__clkbuf_16)
                                         clknet_1_1__leaf_clk (net)
                  0.05    0.00    0.30 ^ _146_/CLK (sky130_fd_sc_hd__dfxtp_1)
     4    0.01    0.12    0.38    0.68 ^ _146_/Q (sky130_fd_sc_hd__dfxtp_1)
                                         display_module.counter[2] (net)
                  0.12    0.00    0.68 ^ _090_/D (sky130_fd_sc_hd__and4_1)
     5    0.02    0.16    0.31    0.98 ^ _090_/X (sky130_fd_sc_hd__and4_1)
                                         _049_ (net)
                  0.16    0.00    0.98 ^ _098_/D (sky130_fd_sc_hd__and4_1)
     5    0.01    0.15    0.31    1.29 ^ _098_/X (sky130_fd_sc_hd__and4_1)
                                         _054_ (net)
                  0.15    0.00    1.29 ^ _114_/C (sky130_fd_sc_hd__and4_1)
     1    0.00    0.06    0.21    1.50 ^ _114_/X (sky130_fd_sc_hd__and4_1)
                                         _065_ (net)
                  0.06    0.00    1.50 ^ _115_/A (sky130_fd_sc_hd__dlymetal6s2s_1)
     6    0.02    0.21    0.22    1.72 ^ _115_/X (sky130_fd_sc_hd__dlymetal6s2s_1)
                                         _066_ (net)
                  0.21    0.00    1.72 ^ _123_/B (sky130_fd_sc_hd__and3_1)
     2    0.01    0.07    0.21    1.93 ^ _123_/X (sky130_fd_sc_hd__and3_1)
                                         _023_ (net)
                  0.07    0.00    1.93 ^ _124_/B1_N (sky130_fd_sc_hd__o21ba_1)
     1    0.00    0.03    0.15    2.08 v _124_/X (sky130_fd_sc_hd__o21ba_1)
                                         _014_ (net)
                  0.03    0.00    2.08 v _158_/D (sky130_fd_sc_hd__dfxtp_1)
                                  2.08   data arrival time

                         10.00   10.00   clock clk (rise edge)
                          0.00   10.00   clock source latency
     1    0.01    0.04    0.03   10.03 ^ clk (in)
                                         clk (net)
                  0.04    0.00   10.03 ^ clkbuf_0_clk/A (sky130_fd_sc_hd__clkbuf_16)
     2    0.02    0.04    0.11   10.14 ^ clkbuf_0_clk/X (sky130_fd_sc_hd__clkbuf_16)
                                         clknet_0_clk (net)
                  0.04    0.00   10.14 ^ clkbuf_1_1__f_clk/A (sky130_fd_sc_hd__clkbuf_16)
    11    0.03    0.05    0.13   10.27 ^ clkbuf_1_1__f_clk/X (sky130_fd_sc_hd__clkbuf_16)
                                         clknet_1_1__leaf_clk (net)
                  0.05    0.00   10.27 ^ _158_/CLK (sky130_fd_sc_hd__dfxtp_1)
                         -0.25   10.02   clock uncertainty
                          0.03   10.05   clock reconvergence pessimism
                         -0.10    9.94   library setup time
                                  9.94   data required time
-----------------------------------------------------------------------------
                                  9.94   data required time
                                 -2.08   data arrival time
-----------------------------------------------------------------------------
                                  7.86   slack (MET)


Startpoint: _146_ (rising edge-triggered flip-flop clocked by clk)
Endpoint: _156_ (rising edge-triggered flip-flop clocked by clk)
Path Group: clk
Path Type: max

Fanout     Cap    Slew   Delay    Time   Description
-----------------------------------------------------------------------------
                          0.00    0.00   clock clk (rise edge)
                          0.00    0.00   clock source latency
     1    0.01    0.04    0.03    0.03 ^ clk (in)
                                         clk (net)
                  0.04    0.00    0.03 ^ clkbuf_0_clk/A (sky130_fd_sc_hd__clkbuf_16)
     2    0.02    0.04    0.13    0.16 ^ clkbuf_0_clk/X (sky130_fd_sc_hd__clkbuf_16)
                                         clknet_0_clk (net)
                  0.04    0.00    0.16 ^ clkbuf_1_1__f_clk/A (sky130_fd_sc_hd__clkbuf_16)
    11    0.03    0.05    0.14    0.29 ^ clkbuf_1_1__f_clk/X (sky130_fd_sc_hd__clkbuf_16)
                                         clknet_1_1__leaf_clk (net)
                  0.05    0.00    0.30 ^ _146_/CLK (sky130_fd_sc_hd__dfxtp_1)
     4    0.01    0.12    0.38    0.68 ^ _146_/Q (sky130_fd_sc_hd__dfxtp_1)
                                         display_module.counter[2] (net)
                  0.12    0.00    0.68 ^ _090_/D (sky130_fd_sc_hd__and4_1)
     5    0.02    0.16    0.31    0.98 ^ _090_/X (sky130_fd_sc_hd__and4_1)
                                         _049_ (net)
                  0.16    0.00    0.98 ^ _098_/D (sky130_fd_sc_hd__and4_1)
     5    0.01    0.15    0.31    1.29 ^ _098_/X (sky130_fd_sc_hd__and4_1)
                                         _054_ (net)
                  0.15    0.00    1.29 ^ _114_/C (sky130_fd_sc_hd__and4_1)
     1    0.00    0.06    0.21    1.50 ^ _114_/X (sky130_fd_sc_hd__and4_1)
                                         _065_ (net)
                  0.06    0.00    1.50 ^ _115_/A (sky130_fd_sc_hd__dlymetal6s2s_1)
     6    0.02    0.21    0.22    1.72 ^ _115_/X (sky130_fd_sc_hd__dlymetal6s2s_1)
                                         _066_ (net)
                  0.21    0.00    1.72 ^ _118_/B (sky130_fd_sc_hd__xor2_1)
     1    0.00    0.10    0.16    1.88 ^ _118_/X (sky130_fd_sc_hd__xor2_1)
                                         _012_ (net)
                  0.10    0.00    1.88 ^ _156_/D (sky130_fd_sc_hd__dfxtp_1)
                                  1.88   data arrival time

                         10.00   10.00   clock clk (rise edge)
                          0.00   10.00   clock source latency
     1    0.01    0.04    0.03   10.03 ^ clk (in)
                                         clk (net)
                  0.04    0.00   10.03 ^ clkbuf_0_clk/A (sky130_fd_sc_hd__clkbuf_16)
     2    0.02    0.04    0.11   10.14 ^ clkbuf_0_clk/X (sky130_fd_sc_hd__clkbuf_16)
                                         clknet_0_clk (net)
                  0.04    0.00   10.14 ^ clkbuf_1_1__f_clk/A (sky130_fd_sc_hd__clkbuf_16)
    11    0.03    0.05    0.13   10.27 ^ clkbuf_1_1__f_clk/X (sky130_fd_sc_hd__clkbuf_16)
                                         clknet_1_1__leaf_clk (net)
                  0.05    0.00   10.27 ^ _156_/CLK (sky130_fd_sc_hd__dfxtp_1)
                         -0.25   10.02   clock uncertainty
                          0.03   10.05   clock reconvergence pessimism
                         -0.07    9.98   library setup time
                                  9.98   data required time
-----------------------------------------------------------------------------
                                  9.98   data required time
                                 -1.88   data arrival time
-----------------------------------------------------------------------------
                                  8.10   slack (MET)


Startpoint: _146_ (rising edge-triggered flip-flop clocked by clk)
Endpoint: _155_ (rising edge-triggered flip-flop clocked by clk)
Path Group: clk
Path Type: max

Fanout     Cap    Slew   Delay    Time   Description
-----------------------------------------------------------------------------
                          0.00    0.00   clock clk (rise edge)
                          0.00    0.00   clock source latency
     1    0.01    0.04    0.03    0.03 ^ clk (in)
                                         clk (net)
                  0.04    0.00    0.03 ^ clkbuf_0_clk/A (sky130_fd_sc_hd__clkbuf_16)
     2    0.02    0.04    0.13    0.16 ^ clkbuf_0_clk/X (sky130_fd_sc_hd__clkbuf_16)
                                         clknet_0_clk (net)
                  0.04    0.00    0.16 ^ clkbuf_1_1__f_clk/A (sky130_fd_sc_hd__clkbuf_16)
    11    0.03    0.05    0.14    0.29 ^ clkbuf_1_1__f_clk/X (sky130_fd_sc_hd__clkbuf_16)
                                         clknet_1_1__leaf_clk (net)
                  0.05    0.00    0.30 ^ _146_/CLK (sky130_fd_sc_hd__dfxtp_1)
     4    0.01    0.12    0.38    0.68 ^ _146_/Q (sky130_fd_sc_hd__dfxtp_1)
                                         display_module.counter[2] (net)
                  0.12    0.00    0.68 ^ _090_/D (sky130_fd_sc_hd__and4_1)
     5    0.02    0.16    0.31    0.98 ^ _090_/X (sky130_fd_sc_hd__and4_1)
                                         _049_ (net)
                  0.16    0.00    0.98 ^ _098_/D (sky130_fd_sc_hd__and4_1)
     5    0.01    0.15    0.31    1.29 ^ _098_/X (sky130_fd_sc_hd__and4_1)
                                         _054_ (net)
                  0.15    0.00    1.29 ^ _114_/C (sky130_fd_sc_hd__and4_1)
     1    0.00    0.06    0.21    1.50 ^ _114_/X (sky130_fd_sc_hd__and4_1)
                                         _065_ (net)
                  0.06    0.00    1.50 ^ _115_/A (sky130_fd_sc_hd__dlymetal6s2s_1)
     6    0.02    0.21    0.22    1.72 ^ _115_/X (sky130_fd_sc_hd__dlymetal6s2s_1)
                                         _066_ (net)
                  0.21    0.00    1.72 ^ _117_/A (sky130_fd_sc_hd__nor2_1)
     1    0.00    0.05    0.08    1.80 v _117_/Y (sky130_fd_sc_hd__nor2_1)
                                         _011_ (net)
                  0.05    0.00    1.80 v _155_/D (sky130_fd_sc_hd__dfxtp_1)
                                  1.80   data arrival time

                         10.00   10.00   clock clk (rise edge)
                          0.00   10.00   clock source latency
     1    0.01    0.04    0.03   10.03 ^ clk (in)
                                         clk (net)
                  0.04    0.00   10.03 ^ clkbuf_0_clk/A (sky130_fd_sc_hd__clkbuf_16)
     2    0.02    0.04    0.11   10.14 ^ clkbuf_0_clk/X (sky130_fd_sc_hd__clkbuf_16)
                                         clknet_0_clk (net)
                  0.04    0.00   10.14 ^ clkbuf_1_1__f_clk/A (sky130_fd_sc_hd__clkbuf_16)
    11    0.03    0.05    0.13   10.27 ^ clkbuf_1_1__f_clk/X (sky130_fd_sc_hd__clkbuf_16)
                                         clknet_1_1__leaf_clk (net)
                  0.05    0.00   10.27 ^ _155_/CLK (sky130_fd_sc_hd__dfxtp_1)
                         -0.25   10.02   clock uncertainty
                          0.03   10.05   clock reconvergence pessimism
                         -0.11    9.93   library setup time
                                  9.93   data required time
-----------------------------------------------------------------------------
                                  9.93   data required time
                                 -1.80   data arrival time
-----------------------------------------------------------------------------
                                  8.13   slack (MET)


Startpoint: _146_ (rising edge-triggered flip-flop clocked by clk)
Endpoint: _152_ (rising edge-triggered flip-flop clocked by clk)
Path Group: clk
Path Type: max

Fanout     Cap    Slew   Delay    Time   Description
-----------------------------------------------------------------------------
                          0.00    0.00   clock clk (rise edge)
                          0.00    0.00   clock source latency
     1    0.01    0.04    0.03    0.03 ^ clk (in)
                                         clk (net)
                  0.04    0.00    0.03 ^ clkbuf_0_clk/A (sky130_fd_sc_hd__clkbuf_16)
     2    0.02    0.04    0.13    0.16 ^ clkbuf_0_clk/X (sky130_fd_sc_hd__clkbuf_16)
                                         clknet_0_clk (net)
                  0.04    0.00    0.16 ^ clkbuf_1_1__f_clk/A (sky130_fd_sc_hd__clkbuf_16)
    11    0.03    0.05    0.14    0.29 ^ clkbuf_1_1__f_clk/X (sky130_fd_sc_hd__clkbuf_16)
                                         clknet_1_1__leaf_clk (net)
                  0.05    0.00    0.30 ^ _146_/CLK (sky130_fd_sc_hd__dfxtp_1)
     4    0.01    0.12    0.38    0.68 ^ _146_/Q (sky130_fd_sc_hd__dfxtp_1)
                                         display_module.counter[2] (net)
                  0.12    0.00    0.68 ^ _090_/D (sky130_fd_sc_hd__and4_1)
     5    0.02    0.16    0.31    0.98 ^ _090_/X (sky130_fd_sc_hd__and4_1)
                                         _049_ (net)
                  0.16    0.00    0.98 ^ _098_/D (sky130_fd_sc_hd__and4_1)
     5    0.01    0.15    0.31    1.29 ^ _098_/X (sky130_fd_sc_hd__and4_1)
                                         _054_ (net)
                  0.15    0.00    1.29 ^ _101_/B (sky130_fd_sc_hd__and2_1)
     1    0.00    0.04    0.15    1.44 ^ _101_/X (sky130_fd_sc_hd__and2_1)
                                         _056_ (net)
                  0.04    0.00    1.44 ^ _102_/A (sky130_fd_sc_hd__dlymetal6s2s_1)
     5    0.02    0.20    0.21    1.65 ^ _102_/X (sky130_fd_sc_hd__dlymetal6s2s_1)
                                         _057_ (net)
                  0.20    0.00    1.65 ^ _105_/B (sky130_fd_sc_hd__xor2_1)
     1    0.00    0.10    0.16    1.81 ^ _105_/X (sky130_fd_sc_hd__xor2_1)
                                         _008_ (net)
                  0.10    0.00    1.81 ^ _152_/D (sky130_fd_sc_hd__dfxtp_1)
                                  1.81   data arrival time

                         10.00   10.00   clock clk (rise edge)
                          0.00   10.00   clock source latency
     1    0.01    0.04    0.03   10.03 ^ clk (in)
                                         clk (net)
                  0.04    0.00   10.03 ^ clkbuf_0_clk/A (sky130_fd_sc_hd__clkbuf_16)
     2    0.02    0.04    0.11   10.14 ^ clkbuf_0_clk/X (sky130_fd_sc_hd__clkbuf_16)
                                         clknet_0_clk (net)
                  0.04    0.00   10.14 ^ clkbuf_1_0__f_clk/A (sky130_fd_sc_hd__clkbuf_16)
    11    0.02    0.04    0.12   10.26 ^ clkbuf_1_0__f_clk/X (sky130_fd_sc_hd__clkbuf_16)
                                         clknet_1_0__leaf_clk (net)
                  0.04    0.00   10.26 ^ _152_/CLK (sky130_fd_sc_hd__dfxtp_1)
                         -0.25   10.01   clock uncertainty
                          0.01   10.02   clock reconvergence pessimism
                         -0.07    9.96   library setup time
                                  9.96   data required time
-----------------------------------------------------------------------------
                                  9.96   data required time
                                 -1.81   data arrival time
-----------------------------------------------------------------------------
                                  8.15   slack (MET)


Startpoint: _144_ (rising edge-triggered flip-flop clocked by clk)
Endpoint: _145_ (rising edge-triggered flip-flop clocked by clk)
Path Group: clk
Path Type: max

Fanout     Cap    Slew   Delay    Time   Description
-----------------------------------------------------------------------------
                          0.00    0.00   clock clk (rise edge)
                          0.00    0.00   clock source latency
     1    0.01    0.04    0.03    0.03 ^ clk (in)
                                         clk (net)
                  0.04    0.00    0.03 ^ clkbuf_0_clk/A (sky130_fd_sc_hd__clkbuf_16)
     2    0.02    0.04    0.13    0.16 ^ clkbuf_0_clk/X (sky130_fd_sc_hd__clkbuf_16)
                                         clknet_0_clk (net)
                  0.04    0.00    0.16 ^ clkbuf_1_1__f_clk/A (sky130_fd_sc_hd__clkbuf_16)
    11    0.03    0.05    0.14    0.29 ^ clkbuf_1_1__f_clk/X (sky130_fd_sc_hd__clkbuf_16)
                                         clknet_1_1__leaf_clk (net)
                  0.05    0.00    0.30 ^ _144_/CLK (sky130_fd_sc_hd__dfxtp_1)
     5    0.01    0.13    0.38    0.68 ^ _144_/Q (sky130_fd_sc_hd__dfxtp_1)
                                         display_module.counter[0] (net)
                  0.13    0.00    0.68 ^ hold3/A (sky130_fd_sc_hd__dlygate4sd3_1)
     2    0.01    0.09    0.62    1.30 ^ hold3/X (sky130_fd_sc_hd__dlygate4sd3_1)
                                         net15 (net)
                  0.09    0.00    1.30 ^ _086_/B (sky130_fd_sc_hd__nand2_1)
     2    0.01    0.07    0.09    1.39 v _086_/Y (sky130_fd_sc_hd__nand2_1)
                                         _047_ (net)
                  0.07    0.00    1.39 v _087_/B (sky130_fd_sc_hd__and2_1)
     1    0.00    0.04    0.17    1.56 v _087_/X (sky130_fd_sc_hd__and2_1)
                                         _048_ (net)
                  0.04    0.00    1.56 v _088_/A (sky130_fd_sc_hd__clkbuf_1)
     1    0.00    0.03    0.09    1.65 v _088_/X (sky130_fd_sc_hd__clkbuf_1)
                                         _001_ (net)
                  0.03    0.00    1.65 v _145_/D (sky130_fd_sc_hd__dfxtp_1)
                                  1.65   data arrival time

                         10.00   10.00   clock clk (rise edge)
                          0.00   10.00   clock source latency
     1    0.01    0.04    0.03   10.03 ^ clk (in)
                                         clk (net)
                  0.04    0.00   10.03 ^ clkbuf_0_clk/A (sky130_fd_sc_hd__clkbuf_16)
     2    0.02    0.04    0.11   10.14 ^ clkbuf_0_clk/X (sky130_fd_sc_hd__clkbuf_16)
                                         clknet_0_clk (net)
                  0.04    0.00   10.14 ^ clkbuf_1_1__f_clk/A (sky130_fd_sc_hd__clkbuf_16)
    11    0.03    0.05    0.13   10.27 ^ clkbuf_1_1__f_clk/X (sky130_fd_sc_hd__clkbuf_16)
                                         clknet_1_1__leaf_clk (net)
                  0.05    0.00   10.27 ^ _145_/CLK (sky130_fd_sc_hd__dfxtp_1)
                         -0.25   10.02   clock uncertainty
                          0.03   10.05   clock reconvergence pessimism
                         -0.10    9.94   library setup time
                                  9.94   data required time
-----------------------------------------------------------------------------
                                  9.94   data required time
                                 -1.65   data arrival time
-----------------------------------------------------------------------------
                                  8.30   slack (MET)


Startpoint: _148_ (rising edge-triggered flip-flop clocked by clk)
Endpoint: _148_ (rising edge-triggered flip-flop clocked by clk)
Path Group: clk
Path Type: max

Fanout     Cap    Slew   Delay    Time   Description
-----------------------------------------------------------------------------
                          0.00    0.00   clock clk (rise edge)
                          0.00    0.00   clock source latency
     1    0.01    0.04    0.03    0.03 ^ clk (in)
                                         clk (net)
                  0.04    0.00    0.03 ^ clkbuf_0_clk/A (sky130_fd_sc_hd__clkbuf_16)
     2    0.02    0.04    0.13    0.16 ^ clkbuf_0_clk/X (sky130_fd_sc_hd__clkbuf_16)
                                         clknet_0_clk (net)
                  0.04    0.00    0.16 ^ clkbuf_1_0__f_clk/A (sky130_fd_sc_hd__clkbuf_16)
    11    0.02    0.04    0.13    0.29 ^ clkbuf_1_0__f_clk/X (sky130_fd_sc_hd__clkbuf_16)
                                         clknet_1_0__leaf_clk (net)
                  0.04    0.00    0.29 ^ _148_/CLK (sky130_fd_sc_hd__dfxtp_1)
     4    0.01    0.05    0.33    0.61 v _148_/Q (sky130_fd_sc_hd__dfxtp_1)
                                         display_module.counter[4] (net)
                  0.05    0.00    0.61 v hold12/A (sky130_fd_sc_hd__dlygate4sd3_1)
     2    0.01    0.08    0.62    1.23 v hold12/X (sky130_fd_sc_hd__dlygate4sd3_1)
                                         net24 (net)
                  0.08    0.00    1.23 v _094_/A (sky130_fd_sc_hd__xor2_1)
     1    0.00    0.06    0.18    1.41 v _094_/X (sky130_fd_sc_hd__xor2_1)
                                         _004_ (net)
                  0.06    0.00    1.41 v _148_/D (sky130_fd_sc_hd__dfxtp_1)
                                  1.41   data arrival time

                         10.00   10.00   clock clk (rise edge)
                          0.00   10.00   clock source latency
     1    0.01    0.04    0.03   10.03 ^ clk (in)
                                         clk (net)
                  0.04    0.00   10.03 ^ clkbuf_0_clk/A (sky130_fd_sc_hd__clkbuf_16)
     2    0.02    0.04    0.11   10.14 ^ clkbuf_0_clk/X (sky130_fd_sc_hd__clkbuf_16)
                                         clknet_0_clk (net)
                  0.04    0.00   10.14 ^ clkbuf_1_0__f_clk/A (sky130_fd_sc_hd__clkbuf_16)
    11    0.02    0.04    0.12   10.26 ^ clkbuf_1_0__f_clk/X (sky130_fd_sc_hd__clkbuf_16)
                                         clknet_1_0__leaf_clk (net)
                  0.04    0.00   10.26 ^ _148_/CLK (sky130_fd_sc_hd__dfxtp_1)
                         -0.25   10.01   clock uncertainty
                          0.03   10.04   clock reconvergence pessimism
                         -0.12    9.92   library setup time
                                  9.92   data required time
-----------------------------------------------------------------------------
                                  9.92   data required time
                                 -1.41   data arrival time
-----------------------------------------------------------------------------
                                  8.51   slack (MET)


Startpoint: _146_ (rising edge-triggered flip-flop clocked by clk)
Endpoint: _150_ (rising edge-triggered flip-flop clocked by clk)
Path Group: clk
Path Type: max

Fanout     Cap    Slew   Delay    Time   Description
-----------------------------------------------------------------------------
                          0.00    0.00   clock clk (rise edge)
                          0.00    0.00   clock source latency
     1    0.01    0.04    0.03    0.03 ^ clk (in)
                                         clk (net)
                  0.04    0.00    0.03 ^ clkbuf_0_clk/A (sky130_fd_sc_hd__clkbuf_16)
     2    0.02    0.04    0.13    0.16 ^ clkbuf_0_clk/X (sky130_fd_sc_hd__clkbuf_16)
                                         clknet_0_clk (net)
                  0.04    0.00    0.16 ^ clkbuf_1_1__f_clk/A (sky130_fd_sc_hd__clkbuf_16)
    11    0.03    0.05    0.14    0.29 ^ clkbuf_1_1__f_clk/X (sky130_fd_sc_hd__clkbuf_16)
                                         clknet_1_1__leaf_clk (net)
                  0.05    0.00    0.30 ^ _146_/CLK (sky130_fd_sc_hd__dfxtp_1)
     4    0.01    0.12    0.38    0.68 ^ _146_/Q (sky130_fd_sc_hd__dfxtp_1)
                                         display_module.counter[2] (net)
                  0.12    0.00    0.68 ^ _090_/D (sky130_fd_sc_hd__and4_1)
     5    0.02    0.16    0.31    0.98 ^ _090_/X (sky130_fd_sc_hd__and4_1)
                                         _049_ (net)
                  0.16    0.00    0.98 ^ _098_/D (sky130_fd_sc_hd__and4_1)
     5    0.01    0.15    0.31    1.29 ^ _098_/X (sky130_fd_sc_hd__and4_1)
                                         _054_ (net)
                  0.15    0.00    1.29 ^ _100_/A (sky130_fd_sc_hd__nor2_1)
     1    0.00    0.04    0.07    1.36 v _100_/Y (sky130_fd_sc_hd__nor2_1)
                                         _006_ (net)
                  0.04    0.00    1.36 v _150_/D (sky130_fd_sc_hd__dfxtp_1)
                                  1.36   data arrival time

                         10.00   10.00   clock clk (rise edge)
                          0.00   10.00   clock source latency
     1    0.01    0.04    0.03   10.03 ^ clk (in)
                                         clk (net)
                  0.04    0.00   10.03 ^ clkbuf_0_clk/A (sky130_fd_sc_hd__clkbuf_16)
     2    0.02    0.04    0.11   10.14 ^ clkbuf_0_clk/X (sky130_fd_sc_hd__clkbuf_16)
                                         clknet_0_clk (net)
                  0.04    0.00   10.14 ^ clkbuf_1_0__f_clk/A (sky130_fd_sc_hd__clkbuf_16)
    11    0.02    0.04    0.12   10.26 ^ clkbuf_1_0__f_clk/X (sky130_fd_sc_hd__clkbuf_16)
                                         clknet_1_0__leaf_clk (net)
                  0.04    0.00   10.26 ^ _150_/CLK (sky130_fd_sc_hd__dfxtp_1)
                         -0.25   10.01   clock uncertainty
                          0.01   10.02   clock reconvergence pessimism
                         -0.11    9.91   library setup time
                                  9.91   data required time
-----------------------------------------------------------------------------
                                  9.91   data required time
                                 -1.36   data arrival time
-----------------------------------------------------------------------------
                                  8.55   slack (MET)


Startpoint: _146_ (rising edge-triggered flip-flop clocked by clk)
Endpoint: _147_ (rising edge-triggered flip-flop clocked by clk)
Path Group: clk
Path Type: max

Fanout     Cap    Slew   Delay    Time   Description
-----------------------------------------------------------------------------
                          0.00    0.00   clock clk (rise edge)
                          0.00    0.00   clock source latency
     1    0.01    0.04    0.03    0.03 ^ clk (in)
                                         clk (net)
                  0.04    0.00    0.03 ^ clkbuf_0_clk/A (sky130_fd_sc_hd__clkbuf_16)
     2    0.02    0.04    0.13    0.16 ^ clkbuf_0_clk/X (sky130_fd_sc_hd__clkbuf_16)
                                         clknet_0_clk (net)
                  0.04    0.00    0.16 ^ clkbuf_1_1__f_clk/A (sky130_fd_sc_hd__clkbuf_16)
    11    0.03    0.05    0.14    0.29 ^ clkbuf_1_1__f_clk/X (sky130_fd_sc_hd__clkbuf_16)
                                         clknet_1_1__leaf_clk (net)
                  0.05    0.00    0.30 ^ _146_/CLK (sky130_fd_sc_hd__dfxtp_1)
     4    0.01    0.12    0.38    0.68 ^ _146_/Q (sky130_fd_sc_hd__dfxtp_1)
                                         display_module.counter[2] (net)
                  0.12    0.00    0.68 ^ _090_/D (sky130_fd_sc_hd__and4_1)
     5    0.02    0.16    0.31    0.98 ^ _090_/X (sky130_fd_sc_hd__and4_1)
                                         _049_ (net)
                  0.16    0.00    0.98 ^ _092_/A_N (sky130_fd_sc_hd__and2b_1)
     1    0.00    0.03    0.21    1.19 v _092_/X (sky130_fd_sc_hd__and2b_1)
                                         _051_ (net)
                  0.03    0.00    1.19 v _093_/A (sky130_fd_sc_hd__clkbuf_1)
     1    0.00    0.02    0.08    1.27 v _093_/X (sky130_fd_sc_hd__clkbuf_1)
                                         _003_ (net)
                  0.02    0.00    1.27 v _147_/D (sky130_fd_sc_hd__dfxtp_1)
                                  1.27   data arrival time

                         10.00   10.00   clock clk (rise edge)
                          0.00   10.00   clock source latency
     1    0.01    0.04    0.03   10.03 ^ clk (in)
                                         clk (net)
                  0.04    0.00   10.03 ^ clkbuf_0_clk/A (sky130_fd_sc_hd__clkbuf_16)
     2    0.02    0.04    0.11   10.14 ^ clkbuf_0_clk/X (sky130_fd_sc_hd__clkbuf_16)
                                         clknet_0_clk (net)
                  0.04    0.00   10.14 ^ clkbuf_1_0__f_clk/A (sky130_fd_sc_hd__clkbuf_16)
    11    0.02    0.04    0.12   10.26 ^ clkbuf_1_0__f_clk/X (sky130_fd_sc_hd__clkbuf_16)
                                         clknet_1_0__leaf_clk (net)
                  0.04    0.00   10.26 ^ _147_/CLK (sky130_fd_sc_hd__dfxtp_1)
                         -0.25   10.01   clock uncertainty
                          0.01   10.02   clock reconvergence pessimism
                         -0.10    9.92   library setup time
                                  9.92   data required time
-----------------------------------------------------------------------------
                                  9.92   data required time
                                 -1.27   data arrival time
-----------------------------------------------------------------------------
                                  8.65   slack (MET)



worst slack corner Typical: 6.5401
