
===========================================================================
report_checks -path_delay min (Hold)
============================================================================
======================= Typical Corner ===================================

Startpoint: _148_ (rising edge-triggered flip-flop clocked by clk)
Endpoint: _149_ (rising edge-triggered flip-flop clocked by clk)
Path Group: clk
Path Type: min

Fanout     Cap    Slew   Delay    Time   Description
-----------------------------------------------------------------------------
                          0.00    0.00   clock clk (rise edge)
                          0.00    0.00   clock source latency
     1    0.01    0.04    0.03    0.03 ^ clk (in)
                                         clk (net)
                  0.04    0.00    0.03 ^ clkbuf_0_clk/A (sky130_fd_sc_hd__clkbuf_16)
     2    0.02    0.04    0.11    0.14 ^ clkbuf_0_clk/X (sky130_fd_sc_hd__clkbuf_16)
                                         clknet_0_clk (net)
                  0.04    0.00    0.14 ^ clkbuf_1_0__f_clk/A (sky130_fd_sc_hd__clkbuf_16)
    11    0.02    0.04    0.12    0.26 ^ clkbuf_1_0__f_clk/X (sky130_fd_sc_hd__clkbuf_16)
                                         clknet_1_0__leaf_clk (net)
                  0.04    0.00    0.26 ^ _148_/CLK (sky130_fd_sc_hd__dfxtp_1)
     4    0.01    0.09    0.32    0.58 ^ _148_/Q (sky130_fd_sc_hd__dfxtp_1)
                                         display_module.counter[4] (net)
                  0.09    0.00    0.58 ^ _095_/A (sky130_fd_sc_hd__and3_1)
     2    0.01    0.09    0.17    0.75 ^ _095_/X (sky130_fd_sc_hd__and3_1)
                                         _052_ (net)
                  0.09    0.00    0.75 ^ _097_/B (sky130_fd_sc_hd__nor3_1)
     1    0.00    0.03    0.05    0.81 v _097_/Y (sky130_fd_sc_hd__nor3_1)
                                         _005_ (net)
                  0.03    0.00    0.81 v _149_/D (sky130_fd_sc_hd__dfxtp_1)
                                  0.81   data arrival time

                          0.00    0.00   clock clk (rise edge)
                          0.00    0.00   clock source latency
     1    0.01    0.04    0.03    0.03 ^ clk (in)
                                         clk (net)
                  0.04    0.00    0.03 ^ clkbuf_0_clk/A (sky130_fd_sc_hd__clkbuf_16)
     2    0.02    0.04    0.13    0.16 ^ clkbuf_0_clk/X (sky130_fd_sc_hd__clkbuf_16)
                                         clknet_0_clk (net)
                  0.04    0.00    0.16 ^ clkbuf_1_0__f_clk/A (sky130_fd_sc_hd__clkbuf_16)
    11    0.02    0.04    0.13    0.29 ^ clkbuf_1_0__f_clk/X (sky130_fd_sc_hd__clkbuf_16)
                                         clknet_1_0__leaf_clk (net)
                  0.04    0.00    0.29 ^ _149_/CLK (sky130_fd_sc_hd__dfxtp_1)
                          0.25    0.54   clock uncertainty
                         -0.03    0.51   clock reconvergence pessimism
                         -0.05    0.46   library hold time
                                  0.46   data required time
-----------------------------------------------------------------------------
                                  0.46   data required time
                                 -0.81   data arrival time
-----------------------------------------------------------------------------
                                  0.35   slack (MET)


Startpoint: _156_ (rising edge-triggered flip-flop clocked by clk)
Endpoint: _157_ (rising edge-triggered flip-flop clocked by clk)
Path Group: clk
Path Type: min

Fanout     Cap    Slew   Delay    Time   Description
-----------------------------------------------------------------------------
                          0.00    0.00   clock clk (rise edge)
                          0.00    0.00   clock source latency
     1    0.01    0.04    0.03    0.03 ^ clk (in)
                                         clk (net)
                  0.04    0.00    0.03 ^ clkbuf_0_clk/A (sky130_fd_sc_hd__clkbuf_16)
     2    0.02    0.04    0.11    0.14 ^ clkbuf_0_clk/X (sky130_fd_sc_hd__clkbuf_16)
                                         clknet_0_clk (net)
                  0.04    0.00    0.14 ^ clkbuf_1_1__f_clk/A (sky130_fd_sc_hd__clkbuf_16)
    11    0.03    0.05    0.13    0.27 ^ clkbuf_1_1__f_clk/X (sky130_fd_sc_hd__clkbuf_16)
                                         clknet_1_1__leaf_clk (net)
                  0.05    0.00    0.27 ^ _156_/CLK (sky130_fd_sc_hd__dfxtp_1)
     5    0.01    0.06    0.31    0.58 v _156_/Q (sky130_fd_sc_hd__dfxtp_1)
                                         display_module.counter[12] (net)
                  0.06    0.00    0.58 v _120_/B (sky130_fd_sc_hd__and3_1)
     2    0.01    0.05    0.17    0.76 v _120_/X (sky130_fd_sc_hd__and3_1)
                                         _069_ (net)
                  0.05    0.00    0.76 v _121_/B (sky130_fd_sc_hd__nor2_1)
     1    0.00    0.07    0.08    0.83 ^ _121_/Y (sky130_fd_sc_hd__nor2_1)
                                         _013_ (net)
                  0.07    0.00    0.83 ^ _157_/D (sky130_fd_sc_hd__dfxtp_1)
                                  0.83   data arrival time

                          0.00    0.00   clock clk (rise edge)
                          0.00    0.00   clock source latency
     1    0.01    0.04    0.03    0.03 ^ clk (in)
                                         clk (net)
                  0.04    0.00    0.03 ^ clkbuf_0_clk/A (sky130_fd_sc_hd__clkbuf_16)
     2    0.02    0.04    0.13    0.16 ^ clkbuf_0_clk/X (sky130_fd_sc_hd__clkbuf_16)
                                         clknet_0_clk (net)
                  0.04    0.00    0.16 ^ clkbuf_1_1__f_clk/A (sky130_fd_sc_hd__clkbuf_16)
    11    0.03    0.05    0.14    0.29 ^ clkbuf_1_1__f_clk/X (sky130_fd_sc_hd__clkbuf_16)
                                         clknet_1_1__leaf_clk (net)
                  0.05    0.00    0.30 ^ _157_/CLK (sky130_fd_sc_hd__dfxtp_1)
                          0.25    0.55   clock uncertainty
                         -0.03    0.52   clock reconvergence pessimism
                         -0.04    0.48   library hold time
                                  0.48   data required time
-----------------------------------------------------------------------------
                                  0.48   data required time
                                 -0.83   data arrival time
-----------------------------------------------------------------------------
                                  0.35   slack (MET)


Startpoint: _147_ (rising edge-triggered flip-flop clocked by clk)
Endpoint: _147_ (rising edge-triggered flip-flop clocked by clk)
Path Group: clk
Path Type: min

Fanout     Cap    Slew   Delay    Time   Description
-----------------------------------------------------------------------------
                          0.00    0.00   clock clk (rise edge)
                          0.00    0.00   clock source latency
     1    0.01    0.04    0.03    0.03 ^ clk (in)
                                         clk (net)
                  0.04    0.00    0.03 ^ clkbuf_0_clk/A (sky130_fd_sc_hd__clkbuf_16)
     2    0.02    0.04    0.11    0.14 ^ clkbuf_0_clk/X (sky130_fd_sc_hd__clkbuf_16)
                                         clknet_0_clk (net)
                  0.04    0.00    0.14 ^ clkbuf_1_0__f_clk/A (sky130_fd_sc_hd__clkbuf_16)
    11    0.02    0.04    0.12    0.26 ^ clkbuf_1_0__f_clk/X (sky130_fd_sc_hd__clkbuf_16)
                                         clknet_1_0__leaf_clk (net)
                  0.04    0.00    0.26 ^ _147_/CLK (sky130_fd_sc_hd__dfxtp_1)
     3    0.01    0.09    0.32    0.58 ^ _147_/Q (sky130_fd_sc_hd__dfxtp_1)
                                         display_module.counter[3] (net)
                  0.09    0.00    0.58 ^ _091_/B1 (sky130_fd_sc_hd__a31o_1)
     1    0.00    0.04    0.09    0.67 ^ _091_/X (sky130_fd_sc_hd__a31o_1)
                                         _050_ (net)
                  0.04    0.00    0.67 ^ _092_/B (sky130_fd_sc_hd__and2b_1)
     1    0.00    0.04    0.10    0.77 ^ _092_/X (sky130_fd_sc_hd__and2b_1)
                                         _051_ (net)
                  0.04    0.00    0.77 ^ _093_/A (sky130_fd_sc_hd__clkbuf_1)
     1    0.00    0.04    0.07    0.84 ^ _093_/X (sky130_fd_sc_hd__clkbuf_1)
                                         _003_ (net)
                  0.04    0.00    0.84 ^ _147_/D (sky130_fd_sc_hd__dfxtp_1)
                                  0.84   data arrival time

                          0.00    0.00   clock clk (rise edge)
                          0.00    0.00   clock source latency
     1    0.01    0.04    0.03    0.03 ^ clk (in)
                                         clk (net)
                  0.04    0.00    0.03 ^ clkbuf_0_clk/A (sky130_fd_sc_hd__clkbuf_16)
     2    0.02    0.04    0.13    0.16 ^ clkbuf_0_clk/X (sky130_fd_sc_hd__clkbuf_16)
                                         clknet_0_clk (net)
                  0.04    0.00    0.16 ^ clkbuf_1_0__f_clk/A (sky130_fd_sc_hd__clkbuf_16)
    11    0.02    0.04    0.13    0.29 ^ clkbuf_1_0__f_clk/X (sky130_fd_sc_hd__clkbuf_16)
                                         clknet_1_0__leaf_clk (net)
                  0.04    0.00    0.29 ^ _147_/CLK (sky130_fd_sc_hd__dfxtp_1)
                          0.25    0.54   clock uncertainty
                         -0.03    0.51   clock reconvergence pessimism
                         -0.03    0.48   library hold time
                                  0.48   data required time
-----------------------------------------------------------------------------
                                  0.48   data required time
                                 -0.84   data arrival time
-----------------------------------------------------------------------------
                                  0.36   slack (MET)


Startpoint: _162_ (rising edge-triggered flip-flop clocked by clk)
Endpoint: _162_ (rising edge-triggered flip-flop clocked by clk)
Path Group: clk
Path Type: min

Fanout     Cap    Slew   Delay    Time   Description
-----------------------------------------------------------------------------
                          0.00    0.00   clock clk (rise edge)
                          0.00    0.00   clock source latency
     1    0.01    0.04    0.03    0.03 ^ clk (in)
                                         clk (net)
                  0.04    0.00    0.03 ^ clkbuf_0_clk/A (sky130_fd_sc_hd__clkbuf_16)
     2    0.02    0.04    0.11    0.14 ^ clkbuf_0_clk/X (sky130_fd_sc_hd__clkbuf_16)
                                         clknet_0_clk (net)
                  0.04    0.00    0.14 ^ clkbuf_1_1__f_clk/A (sky130_fd_sc_hd__clkbuf_16)
    11    0.03    0.05    0.13    0.27 ^ clkbuf_1_1__f_clk/X (sky130_fd_sc_hd__clkbuf_16)
                                         clknet_1_1__leaf_clk (net)
                  0.05    0.00    0.27 ^ _162_/CLK (sky130_fd_sc_hd__dfxtp_1)
     3    0.01    0.08    0.31    0.58 ^ _162_/Q (sky130_fd_sc_hd__dfxtp_1)
                                         display_module.counter[18] (net)
                  0.08    0.00    0.58 ^ _134_/B1 (sky130_fd_sc_hd__a31o_1)
     1    0.00    0.04    0.09    0.67 ^ _134_/X (sky130_fd_sc_hd__a31o_1)
                                         _030_ (net)
                  0.04    0.00    0.67 ^ _135_/B (sky130_fd_sc_hd__and2b_1)
     1    0.00    0.04    0.11    0.78 ^ _135_/X (sky130_fd_sc_hd__and2b_1)
                                         _031_ (net)
                  0.04    0.00    0.78 ^ _136_/A (sky130_fd_sc_hd__clkbuf_1)
     1    0.00    0.04    0.08    0.86 ^ _136_/X (sky130_fd_sc_hd__clkbuf_1)
                                         _018_ (net)
                  0.04    0.00    0.86 ^ _162_/D (sky130_fd_sc_hd__dfxtp_1)
                                  0.86   data arrival time

                          0.00    0.00   clock clk (rise edge)
                          0.00    0.00   clock source latency
     1    0.01    0.04    0.03    0.03 ^ clk (in)
                                         clk (net)
                  0.04    0.00    0.03 ^ clkbuf_0_clk/A (sky130_fd_sc_hd__clkbuf_16)
     2    0.02    0.04    0.13    0.16 ^ clkbuf_0_clk/X (sky130_fd_sc_hd__clkbuf_16)
                                         clknet_0_clk (net)
                  0.04    0.00    0.16 ^ clkbuf_1_1__f_clk/A (sky130_fd_sc_hd__clkbuf_16)
    11    0.03    0.05    0.14    0.29 ^ clkbuf_1_1__f_clk/X (sky130_fd_sc_hd__clkbuf_16)
                                         clknet_1_1__leaf_clk (net)
                  0.05    0.00    0.30 ^ _162_/CLK (sky130_fd_sc_hd__dfxtp_1)
                          0.25    0.55   clock uncertainty
                         -0.03    0.52   clock reconvergence pessimism
                         -0.03    0.49   library hold time
                                  0.49   data required time
-----------------------------------------------------------------------------
                                  0.49   data required time
                                 -0.86   data arrival time
-----------------------------------------------------------------------------
                                  0.37   slack (MET)


Startpoint: _148_ (rising edge-triggered flip-flop clocked by clk)
Endpoint: _150_ (rising edge-triggered flip-flop clocked by clk)
Path Group: clk
Path Type: min

Fanout     Cap    Slew   Delay    Time   Description
-----------------------------------------------------------------------------
                          0.00    0.00   clock clk (rise edge)
                          0.00    0.00   clock source latency
     1    0.01    0.04    0.03    0.03 ^ clk (in)
                                         clk (net)
                  0.04    0.00    0.03 ^ clkbuf_0_clk/A (sky130_fd_sc_hd__clkbuf_16)
     2    0.02    0.04    0.11    0.14 ^ clkbuf_0_clk/X (sky130_fd_sc_hd__clkbuf_16)
                                         clknet_0_clk (net)
                  0.04    0.00    0.14 ^ clkbuf_1_0__f_clk/A (sky130_fd_sc_hd__clkbuf_16)
    11    0.02    0.04    0.12    0.26 ^ clkbuf_1_0__f_clk/X (sky130_fd_sc_hd__clkbuf_16)
                                         clknet_1_0__leaf_clk (net)
                  0.04    0.00    0.26 ^ _148_/CLK (sky130_fd_sc_hd__dfxtp_1)
     4    0.01    0.05    0.30    0.56 v _148_/Q (sky130_fd_sc_hd__dfxtp_1)
                                         display_module.counter[4] (net)
                  0.05    0.00    0.56 v _098_/A (sky130_fd_sc_hd__and4_1)
     5    0.01    0.08    0.18    0.74 v _098_/X (sky130_fd_sc_hd__and4_1)
                                         _054_ (net)
                  0.08    0.00    0.74 v _100_/A (sky130_fd_sc_hd__nor2_1)
     1    0.00    0.08    0.10    0.84 ^ _100_/Y (sky130_fd_sc_hd__nor2_1)
                                         _006_ (net)
                  0.08    0.00    0.84 ^ _150_/D (sky130_fd_sc_hd__dfxtp_1)
                                  0.84   data arrival time

                          0.00    0.00   clock clk (rise edge)
                          0.00    0.00   clock source latency
     1    0.01    0.04    0.03    0.03 ^ clk (in)
                                         clk (net)
                  0.04    0.00    0.03 ^ clkbuf_0_clk/A (sky130_fd_sc_hd__clkbuf_16)
     2    0.02    0.04    0.13    0.16 ^ clkbuf_0_clk/X (sky130_fd_sc_hd__clkbuf_16)
                                         clknet_0_clk (net)
                  0.04    0.00    0.16 ^ clkbuf_1_0__f_clk/A (sky130_fd_sc_hd__clkbuf_16)
    11    0.02    0.04    0.13    0.29 ^ clkbuf_1_0__f_clk/X (sky130_fd_sc_hd__clkbuf_16)
                                         clknet_1_0__leaf_clk (net)
                  0.04    0.00    0.29 ^ _150_/CLK (sky130_fd_sc_hd__dfxtp_1)
                          0.25    0.54   clock uncertainty
                         -0.03    0.51   clock reconvergence pessimism
                         -0.04    0.47   library hold time
                                  0.47   data required time
-----------------------------------------------------------------------------
                                  0.47   data required time
                                 -0.84   data arrival time
-----------------------------------------------------------------------------
                                  0.37   slack (MET)


Startpoint: _161_ (rising edge-triggered flip-flop clocked by clk)
Endpoint: _163_ (rising edge-triggered flip-flop clocked by clk)
Path Group: clk
Path Type: min

Fanout     Cap    Slew   Delay    Time   Description
-----------------------------------------------------------------------------
                          0.00    0.00   clock clk (rise edge)
                          0.00    0.00   clock source latency
     1    0.01    0.04    0.03    0.03 ^ clk (in)
                                         clk (net)
                  0.04    0.00    0.03 ^ clkbuf_0_clk/A (sky130_fd_sc_hd__clkbuf_16)
     2    0.02    0.04    0.11    0.14 ^ clkbuf_0_clk/X (sky130_fd_sc_hd__clkbuf_16)
                                         clknet_0_clk (net)
                  0.04    0.00    0.14 ^ clkbuf_1_1__f_clk/A (sky130_fd_sc_hd__clkbuf_16)
    11    0.03    0.05    0.13    0.27 ^ clkbuf_1_1__f_clk/X (sky130_fd_sc_hd__clkbuf_16)
                                         clknet_1_1__leaf_clk (net)
                  0.05    0.00    0.27 ^ _161_/CLK (sky130_fd_sc_hd__dfxtp_1)
     4    0.01    0.06    0.31    0.57 v _161_/Q (sky130_fd_sc_hd__dfxtp_1)
                                         display_module.counter[17] (net)
                  0.06    0.00    0.57 v _133_/A (sky130_fd_sc_hd__and4_1)
     2    0.01    0.05    0.16    0.73 v _133_/X (sky130_fd_sc_hd__and4_1)
                                         _029_ (net)
                  0.05    0.00    0.73 v _137_/B (sky130_fd_sc_hd__xor2_1)
     1    0.00    0.10    0.12    0.85 ^ _137_/X (sky130_fd_sc_hd__xor2_1)
                                         _019_ (net)
                  0.10    0.00    0.85 ^ _163_/D (sky130_fd_sc_hd__dfxtp_1)
                                  0.85   data arrival time

                          0.00    0.00   clock clk (rise edge)
                          0.00    0.00   clock source latency
     1    0.01    0.04    0.03    0.03 ^ clk (in)
                                         clk (net)
                  0.04    0.00    0.03 ^ clkbuf_0_clk/A (sky130_fd_sc_hd__clkbuf_16)
     2    0.02    0.04    0.13    0.16 ^ clkbuf_0_clk/X (sky130_fd_sc_hd__clkbuf_16)
                                         clknet_0_clk (net)
                  0.04    0.00    0.16 ^ clkbuf_1_1__f_clk/A (sky130_fd_sc_hd__clkbuf_16)
    11    0.03    0.05    0.14    0.29 ^ clkbuf_1_1__f_clk/X (sky130_fd_sc_hd__clkbuf_16)
                                         clknet_1_1__leaf_clk (net)
                  0.05    0.00    0.30 ^ _163_/CLK (sky130_fd_sc_hd__dfxtp_1)
                          0.25    0.55   clock uncertainty
                         -0.03    0.52   clock reconvergence pessimism
                         -0.04    0.48   library hold time
                                  0.48   data required time
-----------------------------------------------------------------------------
                                  0.48   data required time
                                 -0.85   data arrival time
-----------------------------------------------------------------------------
                                  0.37   slack (MET)


Startpoint: _145_ (rising edge-triggered flip-flop clocked by clk)
Endpoint: _145_ (rising edge-triggered flip-flop clocked by clk)
Path Group: clk
Path Type: min

Fanout     Cap    Slew   Delay    Time   Description
-----------------------------------------------------------------------------
                          0.00    0.00   clock clk (rise edge)
                          0.00    0.00   clock source latency
     1    0.01    0.04    0.03    0.03 ^ clk (in)
                                         clk (net)
                  0.04    0.00    0.03 ^ clkbuf_0_clk/A (sky130_fd_sc_hd__clkbuf_16)
     2    0.02    0.04    0.11    0.14 ^ clkbuf_0_clk/X (sky130_fd_sc_hd__clkbuf_16)
                                         clknet_0_clk (net)
                  0.04    0.00    0.14 ^ clkbuf_1_1__f_clk/A (sky130_fd_sc_hd__clkbuf_16)
    11    0.03    0.05    0.13    0.27 ^ clkbuf_1_1__f_clk/X (sky130_fd_sc_hd__clkbuf_16)
                                         clknet_1_1__leaf_clk (net)
                  0.05    0.00    0.27 ^ _145_/CLK (sky130_fd_sc_hd__dfxtp_1)
     5    0.01    0.06    0.31    0.58 v _145_/Q (sky130_fd_sc_hd__dfxtp_1)
                                         display_module.counter[1] (net)
                  0.06    0.00    0.58 v _086_/A (sky130_fd_sc_hd__nand2_1)
     2    0.01    0.08    0.09    0.67 ^ _086_/Y (sky130_fd_sc_hd__nand2_1)
                                         _047_ (net)
                  0.08    0.00    0.67 ^ _087_/B (sky130_fd_sc_hd__and2_1)
     1    0.00    0.05    0.12    0.79 ^ _087_/X (sky130_fd_sc_hd__and2_1)
                                         _048_ (net)
                  0.05    0.00    0.79 ^ _088_/A (sky130_fd_sc_hd__clkbuf_1)
     1    0.00    0.04    0.08    0.86 ^ _088_/X (sky130_fd_sc_hd__clkbuf_1)
                                         _001_ (net)
                  0.04    0.00    0.86 ^ _145_/D (sky130_fd_sc_hd__dfxtp_1)
                                  0.86   data arrival time

                          0.00    0.00   clock clk (rise edge)
                          0.00    0.00   clock source latency
     1    0.01    0.04    0.03    0.03 ^ clk (in)
                                         clk (net)
                  0.04    0.00    0.03 ^ clkbuf_0_clk/A (sky130_fd_sc_hd__clkbuf_16)
     2    0.02    0.04    0.13    0.16 ^ clkbuf_0_clk/X (sky130_fd_sc_hd__clkbuf_16)
                                         clknet_0_clk (net)
                  0.04    0.00    0.16 ^ clkbuf_1_1__f_clk/A (sky130_fd_sc_hd__clkbuf_16)
    11    0.03    0.05    0.14    0.29 ^ clkbuf_1_1__f_clk/X (sky130_fd_sc_hd__clkbuf_16)
                                         clknet_1_1__leaf_clk (net)
                  0.05    0.00    0.30 ^ _145_/CLK (sky130_fd_sc_hd__dfxtp_1)
                          0.25    0.55   clock uncertainty
                         -0.03    0.52   clock reconvergence pessimism
                         -0.03    0.49   library hold time
                                  0.49   data required time
-----------------------------------------------------------------------------
                                  0.49   data required time
                                 -0.86   data arrival time
-----------------------------------------------------------------------------
                                  0.38   slack (MET)


Startpoint: _151_ (rising edge-triggered flip-flop clocked by clk)
Endpoint: _155_ (rising edge-triggered flip-flop clocked by clk)
Path Group: clk
Path Type: min

Fanout     Cap    Slew   Delay    Time   Description
-----------------------------------------------------------------------------
                          0.00    0.00   clock clk (rise edge)
                          0.00    0.00   clock source latency
     1    0.01    0.04    0.03    0.03 ^ clk (in)
                                         clk (net)
                  0.04    0.00    0.03 ^ clkbuf_0_clk/A (sky130_fd_sc_hd__clkbuf_16)
     2    0.02    0.04    0.11    0.14 ^ clkbuf_0_clk/X (sky130_fd_sc_hd__clkbuf_16)
                                         clknet_0_clk (net)
                  0.04    0.00    0.14 ^ clkbuf_1_0__f_clk/A (sky130_fd_sc_hd__clkbuf_16)
    11    0.02    0.04    0.12    0.26 ^ clkbuf_1_0__f_clk/X (sky130_fd_sc_hd__clkbuf_16)
                                         clknet_1_0__leaf_clk (net)
                  0.04    0.00    0.26 ^ _151_/CLK (sky130_fd_sc_hd__dfxtp_1)
     5    0.01    0.06    0.30    0.56 v _151_/Q (sky130_fd_sc_hd__dfxtp_1)
                                         display_module.counter[7] (net)
                  0.06    0.00    0.56 v _110_/A (sky130_fd_sc_hd__and3_1)
     2    0.01    0.06    0.16    0.73 v _110_/X (sky130_fd_sc_hd__and3_1)
                                         _062_ (net)
                  0.06    0.00    0.73 v _116_/B (sky130_fd_sc_hd__nor2_1)
     1    0.00    0.09    0.10    0.82 ^ _116_/Y (sky130_fd_sc_hd__nor2_1)
                                         _067_ (net)
                  0.09    0.00    0.82 ^ _117_/B (sky130_fd_sc_hd__nor2_1)
     1    0.00    0.03    0.05    0.87 v _117_/Y (sky130_fd_sc_hd__nor2_1)
                                         _011_ (net)
                  0.03    0.00    0.87 v _155_/D (sky130_fd_sc_hd__dfxtp_1)
                                  0.87   data arrival time

                          0.00    0.00   clock clk (rise edge)
                          0.00    0.00   clock source latency
     1    0.01    0.04    0.03    0.03 ^ clk (in)
                                         clk (net)
                  0.04    0.00    0.03 ^ clkbuf_0_clk/A (sky130_fd_sc_hd__clkbuf_16)
     2    0.02    0.04    0.13    0.16 ^ clkbuf_0_clk/X (sky130_fd_sc_hd__clkbuf_16)
                                         clknet_0_clk (net)
                  0.04    0.00    0.16 ^ clkbuf_1_1__f_clk/A (sky130_fd_sc_hd__clkbuf_16)
    11    0.03    0.05    0.14    0.29 ^ clkbuf_1_1__f_clk/X (sky130_fd_sc_hd__clkbuf_16)
                                         clknet_1_1__leaf_clk (net)
                  0.05    0.00    0.30 ^ _155_/CLK (sky130_fd_sc_hd__dfxtp_1)
                          0.25    0.55   clock uncertainty
                         -0.01    0.53   clock reconvergence pessimism
                         -0.05    0.48   library hold time
                                  0.48   data required time
-----------------------------------------------------------------------------
                                  0.48   data required time
                                 -0.87   data arrival time
-----------------------------------------------------------------------------
                                  0.39   slack (MET)


Startpoint: _164_ (rising edge-triggered flip-flop clocked by clk)
Endpoint: _164_ (rising edge-triggered flip-flop clocked by clk)
Path Group: clk
Path Type: min

Fanout     Cap    Slew   Delay    Time   Description
-----------------------------------------------------------------------------
                          0.00    0.00   clock clk (rise edge)
                          0.00    0.00   clock source latency
     1    0.01    0.04    0.03    0.03 ^ clk (in)
                                         clk (net)
                  0.04    0.00    0.03 ^ clkbuf_0_clk/A (sky130_fd_sc_hd__clkbuf_16)
     2    0.02    0.04    0.11    0.14 ^ clkbuf_0_clk/X (sky130_fd_sc_hd__clkbuf_16)
                                         clknet_0_clk (net)
                  0.04    0.00    0.14 ^ clkbuf_1_0__f_clk/A (sky130_fd_sc_hd__clkbuf_16)
    11    0.02    0.04    0.12    0.26 ^ clkbuf_1_0__f_clk/X (sky130_fd_sc_hd__clkbuf_16)
                                         clknet_1_0__leaf_clk (net)
                  0.04    0.00    0.26 ^ _164_/CLK (sky130_fd_sc_hd__dfxtp_1)
     7    0.02    0.08    0.32    0.58 v _164_/Q (sky130_fd_sc_hd__dfxtp_1)
                                         display_module.pos[0] (net)
                  0.08    0.00    0.58 v _139_/A (sky130_fd_sc_hd__nand2_1)
     2    0.01    0.06    0.08    0.66 ^ _139_/Y (sky130_fd_sc_hd__nand2_1)
                                         _033_ (net)
                  0.06    0.00    0.66 ^ _140_/B (sky130_fd_sc_hd__and2_1)
     1    0.00    0.05    0.12    0.78 ^ _140_/X (sky130_fd_sc_hd__and2_1)
                                         _034_ (net)
                  0.05    0.00    0.78 ^ _141_/A (sky130_fd_sc_hd__clkbuf_1)
     1    0.00    0.05    0.08    0.86 ^ _141_/X (sky130_fd_sc_hd__clkbuf_1)
                                         _020_ (net)
                  0.05    0.00    0.86 ^ _164_/D (sky130_fd_sc_hd__dfxtp_1)
                                  0.86   data arrival time

                          0.00    0.00   clock clk (rise edge)
                          0.00    0.00   clock source latency
     1    0.01    0.04    0.03    0.03 ^ clk (in)
                                         clk (net)
                  0.04    0.00    0.03 ^ clkbuf_0_clk/A (sky130_fd_sc_hd__clkbuf_16)
     2    0.02    0.04    0.13    0.16 ^ clkbuf_0_clk/X (sky130_fd_sc_hd__clkbuf_16)
                                         clknet_0_clk (net)
                  0.04    0.00    0.16 ^ clkbuf_1_0__f_clk/A (sky130_fd_sc_hd__clkbuf_16)
    11    0.02    0.04    0.13    0.29 ^ clkbuf_1_0__f_clk/X (sky130_fd_sc_hd__clkbuf_16)
                                         clknet_1_0__leaf_clk (net)
                  0.04    0.00    0.29 ^ _164_/CLK (sky130_fd_sc_hd__dfxtp_1)
                          0.25    0.54   clock uncertainty
                         -0.03    0.51   clock reconvergence pessimism
                         -0.03    0.48   library hold time
                                  0.48   data required time
-----------------------------------------------------------------------------
                                  0.48   data required time
                                 -0.86   data arrival time
-----------------------------------------------------------------------------
                                  0.39   slack (MET)


Startpoint: _158_ (rising edge-triggered flip-flop clocked by clk)
Endpoint: _159_ (rising edge-triggered flip-flop clocked by clk)
Path Group: clk
Path Type: min

Fanout     Cap    Slew   Delay    Time   Description
-----------------------------------------------------------------------------
                          0.00    0.00   clock clk (rise edge)
                          0.00    0.00   clock source latency
     1    0.01    0.04    0.03    0.03 ^ clk (in)
                                         clk (net)
                  0.04    0.00    0.03 ^ clkbuf_0_clk/A (sky130_fd_sc_hd__clkbuf_16)
     2    0.02    0.04    0.11    0.14 ^ clkbuf_0_clk/X (sky130_fd_sc_hd__clkbuf_16)
                                         clknet_0_clk (net)
                  0.04    0.00    0.14 ^ clkbuf_1_1__f_clk/A (sky130_fd_sc_hd__clkbuf_16)
    11    0.03    0.05    0.13    0.27 ^ clkbuf_1_1__f_clk/X (sky130_fd_sc_hd__clkbuf_16)
                                         clknet_1_1__leaf_clk (net)
                  0.05    0.00    0.27 ^ _158_/CLK (sky130_fd_sc_hd__dfxtp_1)
     4    0.01    0.05    0.30    0.57 v _158_/Q (sky130_fd_sc_hd__dfxtp_1)
                                         display_module.counter[14] (net)
                  0.05    0.00    0.57 v _123_/A (sky130_fd_sc_hd__and3_1)
     2    0.01    0.04    0.15    0.72 v _123_/X (sky130_fd_sc_hd__and3_1)
                                         _023_ (net)
                  0.04    0.00    0.72 v _125_/B (sky130_fd_sc_hd__nor2_1)
     1    0.00    0.10    0.10    0.81 ^ _125_/Y (sky130_fd_sc_hd__nor2_1)
                                         _024_ (net)
                  0.10    0.00    0.81 ^ _127_/B (sky130_fd_sc_hd__nor3_1)
     1    0.00    0.04    0.06    0.87 v _127_/Y (sky130_fd_sc_hd__nor3_1)
                                         _015_ (net)
                  0.04    0.00    0.87 v _159_/D (sky130_fd_sc_hd__dfxtp_1)
                                  0.87   data arrival time

                          0.00    0.00   clock clk (rise edge)
                          0.00    0.00   clock source latency
     1    0.01    0.04    0.03    0.03 ^ clk (in)
                                         clk (net)
                  0.04    0.00    0.03 ^ clkbuf_0_clk/A (sky130_fd_sc_hd__clkbuf_16)
     2    0.02    0.04    0.13    0.16 ^ clkbuf_0_clk/X (sky130_fd_sc_hd__clkbuf_16)
                                         clknet_0_clk (net)
                  0.04    0.00    0.16 ^ clkbuf_1_1__f_clk/A (sky130_fd_sc_hd__clkbuf_16)
    11    0.03    0.05    0.14    0.29 ^ clkbuf_1_1__f_clk/X (sky130_fd_sc_hd__clkbuf_16)
                                         clknet_1_1__leaf_clk (net)
                  0.05    0.00    0.30 ^ _159_/CLK (sky130_fd_sc_hd__dfxtp_1)
                          0.25    0.55   clock uncertainty
                         -0.03    0.52   clock reconvergence pessimism
                         -0.05    0.47   library hold time
                                  0.47   data required time
-----------------------------------------------------------------------------
                                  0.47   data required time
                                 -0.87   data arrival time
-----------------------------------------------------------------------------
                                  0.40   slack (MET)


Startpoint: _154_ (rising edge-triggered flip-flop clocked by clk)
Endpoint: _154_ (rising edge-triggered flip-flop clocked by clk)
Path Group: clk
Path Type: min

Fanout     Cap    Slew   Delay    Time   Description
-----------------------------------------------------------------------------
                          0.00    0.00   clock clk (rise edge)
                          0.00    0.00   clock source latency
     1    0.01    0.04    0.03    0.03 ^ clk (in)
                                         clk (net)
                  0.04    0.00    0.03 ^ clkbuf_0_clk/A (sky130_fd_sc_hd__clkbuf_16)
     2    0.02    0.04    0.11    0.14 ^ clkbuf_0_clk/X (sky130_fd_sc_hd__clkbuf_16)
                                         clknet_0_clk (net)
                  0.04    0.00    0.14 ^ clkbuf_1_0__f_clk/A (sky130_fd_sc_hd__clkbuf_16)
    11    0.02    0.04    0.12    0.26 ^ clkbuf_1_0__f_clk/X (sky130_fd_sc_hd__clkbuf_16)
                                         clknet_1_0__leaf_clk (net)
                  0.04    0.00    0.26 ^ _154_/CLK (sky130_fd_sc_hd__dfxtp_1)
     3    0.01    0.09    0.32    0.58 ^ _154_/Q (sky130_fd_sc_hd__dfxtp_1)
                                         display_module.counter[10] (net)
                  0.09    0.00    0.58 ^ _108_/B1 (sky130_fd_sc_hd__a31o_1)
     1    0.00    0.03    0.09    0.67 ^ _108_/X (sky130_fd_sc_hd__a31o_1)
                                         _060_ (net)
                  0.03    0.00    0.67 ^ _112_/B (sky130_fd_sc_hd__and3b_1)
     1    0.00    0.05    0.13    0.80 ^ _112_/X (sky130_fd_sc_hd__and3b_1)
                                         _064_ (net)
                  0.05    0.00    0.80 ^ _113_/A (sky130_fd_sc_hd__clkbuf_1)
     1    0.00    0.05    0.08    0.88 ^ _113_/X (sky130_fd_sc_hd__clkbuf_1)
                                         _010_ (net)
                  0.05    0.00    0.88 ^ _154_/D (sky130_fd_sc_hd__dfxtp_1)
                                  0.88   data arrival time

                          0.00    0.00   clock clk (rise edge)
                          0.00    0.00   clock source latency
     1    0.01    0.04    0.03    0.03 ^ clk (in)
                                         clk (net)
                  0.04    0.00    0.03 ^ clkbuf_0_clk/A (sky130_fd_sc_hd__clkbuf_16)
     2    0.02    0.04    0.13    0.16 ^ clkbuf_0_clk/X (sky130_fd_sc_hd__clkbuf_16)
                                         clknet_0_clk (net)
                  0.04    0.00    0.16 ^ clkbuf_1_0__f_clk/A (sky130_fd_sc_hd__clkbuf_16)
    11    0.02    0.04    0.13    0.29 ^ clkbuf_1_0__f_clk/X (sky130_fd_sc_hd__clkbuf_16)
                                         clknet_1_0__leaf_clk (net)
                  0.04    0.00    0.29 ^ _154_/CLK (sky130_fd_sc_hd__dfxtp_1)
                          0.25    0.54   clock uncertainty
                         -0.03    0.51   clock reconvergence pessimism
                         -0.03    0.48   library hold time
                                  0.48   data required time
-----------------------------------------------------------------------------
                                  0.48   data required time
                                 -0.88   data arrival time
-----------------------------------------------------------------------------
                                  0.40   slack (MET)


Startpoint: _160_ (rising edge-triggered flip-flop clocked by clk)
Endpoint: _160_ (rising edge-triggered flip-flop clocked by clk)
Path Group: clk
Path Type: min

Fanout     Cap    Slew   Delay    Time   Description
-----------------------------------------------------------------------------
                          0.00    0.00   clock clk (rise edge)
                          0.00    0.00   clock source latency
     1    0.01    0.04    0.03    0.03 ^ clk (in)
                                         clk (net)
                  0.04    0.00    0.03 ^ clkbuf_0_clk/A (sky130_fd_sc_hd__clkbuf_16)
     2    0.02    0.04    0.11    0.14 ^ clkbuf_0_clk/X (sky130_fd_sc_hd__clkbuf_16)
                                         clknet_0_clk (net)
                  0.04    0.00    0.14 ^ clkbuf_1_0__f_clk/A (sky130_fd_sc_hd__clkbuf_16)
    11    0.02    0.04    0.12    0.26 ^ clkbuf_1_0__f_clk/X (sky130_fd_sc_hd__clkbuf_16)
                                         clknet_1_0__leaf_clk (net)
                  0.04    0.00    0.26 ^ _160_/CLK (sky130_fd_sc_hd__dfxtp_1)
     5    0.01    0.06    0.31    0.57 v _160_/Q (sky130_fd_sc_hd__dfxtp_1)
                                         display_module.counter[16] (net)
                  0.06    0.00    0.57 v _129_/A (sky130_fd_sc_hd__nand2_1)
     2    0.01    0.08    0.09    0.66 ^ _129_/Y (sky130_fd_sc_hd__nand2_1)
                                         _027_ (net)
                  0.08    0.00    0.66 ^ _130_/C (sky130_fd_sc_hd__and3b_1)
     1    0.00    0.05    0.15    0.81 ^ _130_/X (sky130_fd_sc_hd__and3b_1)
                                         _028_ (net)
                  0.05    0.00    0.81 ^ _131_/A (sky130_fd_sc_hd__clkbuf_1)
     1    0.00    0.04    0.08    0.88 ^ _131_/X (sky130_fd_sc_hd__clkbuf_1)
                                         _016_ (net)
                  0.04    0.00    0.88 ^ _160_/D (sky130_fd_sc_hd__dfxtp_1)
                                  0.88   data arrival time

                          0.00    0.00   clock clk (rise edge)
                          0.00    0.00   clock source latency
     1    0.01    0.04    0.03    0.03 ^ clk (in)
                                         clk (net)
                  0.04    0.00    0.03 ^ clkbuf_0_clk/A (sky130_fd_sc_hd__clkbuf_16)
     2    0.02    0.04    0.13    0.16 ^ clkbuf_0_clk/X (sky130_fd_sc_hd__clkbuf_16)
                                         clknet_0_clk (net)
                  0.04    0.00    0.16 ^ clkbuf_1_0__f_clk/A (sky130_fd_sc_hd__clkbuf_16)
    11    0.02    0.04    0.13    0.29 ^ clkbuf_1_0__f_clk/X (sky130_fd_sc_hd__clkbuf_16)
                                         clknet_1_0__leaf_clk (net)
                  0.04    0.00    0.29 ^ _160_/CLK (sky130_fd_sc_hd__dfxtp_1)
                          0.25    0.54   clock uncertainty
                         -0.03    0.51   clock reconvergence pessimism
                         -0.03    0.48   library hold time
                                  0.48   data required time
-----------------------------------------------------------------------------
                                  0.48   data required time
                                 -0.88   data arrival time
-----------------------------------------------------------------------------
                                  0.41   slack (MET)


Startpoint: _158_ (rising edge-triggered flip-flop clocked by clk)
Endpoint: _158_ (rising edge-triggered flip-flop clocked by clk)
Path Group: clk
Path Type: min

Fanout     Cap    Slew   Delay    Time   Description
-----------------------------------------------------------------------------
                          0.00    0.00   clock clk (rise edge)
                          0.00    0.00   clock source latency
     1    0.01    0.04    0.03    0.03 ^ clk (in)
                                         clk (net)
                  0.04    0.00    0.03 ^ clkbuf_0_clk/A (sky130_fd_sc_hd__clkbuf_16)
     2    0.02    0.04    0.11    0.14 ^ clkbuf_0_clk/X (sky130_fd_sc_hd__clkbuf_16)
                                         clknet_0_clk (net)
                  0.04    0.00    0.14 ^ clkbuf_1_1__f_clk/A (sky130_fd_sc_hd__clkbuf_16)
    11    0.03    0.05    0.13    0.27 ^ clkbuf_1_1__f_clk/X (sky130_fd_sc_hd__clkbuf_16)
                                         clknet_1_1__leaf_clk (net)
                  0.05    0.00    0.27 ^ _158_/CLK (sky130_fd_sc_hd__dfxtp_1)
     4    0.01    0.05    0.30    0.57 v _158_/Q (sky130_fd_sc_hd__dfxtp_1)
                                         display_module.counter[14] (net)
                  0.05    0.00    0.57 v _123_/A (sky130_fd_sc_hd__and3_1)
     2    0.01    0.04    0.15    0.72 v _123_/X (sky130_fd_sc_hd__and3_1)
                                         _023_ (net)
                  0.04    0.00    0.72 v _124_/B1_N (sky130_fd_sc_hd__o21ba_1)
     1    0.00    0.04    0.19    0.91 ^ _124_/X (sky130_fd_sc_hd__o21ba_1)
                                         _014_ (net)
                  0.04    0.00    0.91 ^ _158_/D (sky130_fd_sc_hd__dfxtp_1)
                                  0.91   data arrival time

                          0.00    0.00   clock clk (rise edge)
                          0.00    0.00   clock source latency
     1    0.01    0.04    0.03    0.03 ^ clk (in)
                                         clk (net)
                  0.04    0.00    0.03 ^ clkbuf_0_clk/A (sky130_fd_sc_hd__clkbuf_16)
     2    0.02    0.04    0.13    0.16 ^ clkbuf_0_clk/X (sky130_fd_sc_hd__clkbuf_16)
                                         clknet_0_clk (net)
                  0.04    0.00    0.16 ^ clkbuf_1_1__f_clk/A (sky130_fd_sc_hd__clkbuf_16)
    11    0.03    0.05    0.14    0.29 ^ clkbuf_1_1__f_clk/X (sky130_fd_sc_hd__clkbuf_16)
                                         clknet_1_1__leaf_clk (net)
                  0.05    0.00    0.30 ^ _158_/CLK (sky130_fd_sc_hd__dfxtp_1)
                          0.25    0.55   clock uncertainty
                         -0.03    0.52   clock reconvergence pessimism
                         -0.03    0.49   library hold time
                                  0.49   data required time
-----------------------------------------------------------------------------
                                  0.49   data required time
                                 -0.91   data arrival time
-----------------------------------------------------------------------------
                                  0.42   slack (MET)


Startpoint: _145_ (rising edge-triggered flip-flop clocked by clk)
Endpoint: _148_ (rising edge-triggered flip-flop clocked by clk)
Path Group: clk
Path Type: min

Fanout     Cap    Slew   Delay    Time   Description
-----------------------------------------------------------------------------
                          0.00    0.00   clock clk (rise edge)
                          0.00    0.00   clock source latency
     1    0.01    0.04    0.03    0.03 ^ clk (in)
                                         clk (net)
                  0.04    0.00    0.03 ^ clkbuf_0_clk/A (sky130_fd_sc_hd__clkbuf_16)
     2    0.02    0.04    0.11    0.14 ^ clkbuf_0_clk/X (sky130_fd_sc_hd__clkbuf_16)
                                         clknet_0_clk (net)
                  0.04    0.00    0.14 ^ clkbuf_1_1__f_clk/A (sky130_fd_sc_hd__clkbuf_16)
    11    0.03    0.05    0.13    0.27 ^ clkbuf_1_1__f_clk/X (sky130_fd_sc_hd__clkbuf_16)
                                         clknet_1_1__leaf_clk (net)
                  0.05    0.00    0.27 ^ _145_/CLK (sky130_fd_sc_hd__dfxtp_1)
     5    0.01    0.06    0.31    0.58 v _145_/Q (sky130_fd_sc_hd__dfxtp_1)
                                         display_module.counter[1] (net)
                  0.06    0.00    0.58 v _090_/A (sky130_fd_sc_hd__and4_1)
     5    0.01    0.08    0.19    0.77 v _090_/X (sky130_fd_sc_hd__and4_1)
                                         _049_ (net)
                  0.08    0.00    0.77 v _094_/B (sky130_fd_sc_hd__xor2_1)
     1    0.00    0.10    0.13    0.90 ^ _094_/X (sky130_fd_sc_hd__xor2_1)
                                         _004_ (net)
                  0.10    0.00    0.90 ^ _148_/D (sky130_fd_sc_hd__dfxtp_1)
                                  0.90   data arrival time

                          0.00    0.00   clock clk (rise edge)
                          0.00    0.00   clock source latency
     1    0.01    0.04    0.03    0.03 ^ clk (in)
                                         clk (net)
                  0.04    0.00    0.03 ^ clkbuf_0_clk/A (sky130_fd_sc_hd__clkbuf_16)
     2    0.02    0.04    0.13    0.16 ^ clkbuf_0_clk/X (sky130_fd_sc_hd__clkbuf_16)
                                         clknet_0_clk (net)
                  0.04    0.00    0.16 ^ clkbuf_1_0__f_clk/A (sky130_fd_sc_hd__clkbuf_16)
    11    0.02    0.04    0.13    0.29 ^ clkbuf_1_0__f_clk/X (sky130_fd_sc_hd__clkbuf_16)
                                         clknet_1_0__leaf_clk (net)
                  0.04    0.00    0.29 ^ _148_/CLK (sky130_fd_sc_hd__dfxtp_1)
                          0.25    0.54   clock uncertainty
                         -0.01    0.52   clock reconvergence pessimism
                         -0.04    0.48   library hold time
                                  0.48   data required time
-----------------------------------------------------------------------------
                                  0.48   data required time
                                 -0.90   data arrival time
-----------------------------------------------------------------------------
                                  0.42   slack (MET)


Startpoint: _150_ (rising edge-triggered flip-flop clocked by clk)
Endpoint: _144_ (rising edge-triggered flip-flop clocked by clk)
Path Group: clk
Path Type: min

Fanout     Cap    Slew   Delay    Time   Description
-----------------------------------------------------------------------------
                          0.00    0.00   clock clk (rise edge)
                          0.00    0.00   clock source latency
     1    0.01    0.04    0.03    0.03 ^ clk (in)
                                         clk (net)
                  0.04    0.00    0.03 ^ clkbuf_0_clk/A (sky130_fd_sc_hd__clkbuf_16)
     2    0.02    0.04    0.11    0.14 ^ clkbuf_0_clk/X (sky130_fd_sc_hd__clkbuf_16)
                                         clknet_0_clk (net)
                  0.04    0.00    0.14 ^ clkbuf_1_0__f_clk/A (sky130_fd_sc_hd__clkbuf_16)
    11    0.02    0.04    0.12    0.26 ^ clkbuf_1_0__f_clk/X (sky130_fd_sc_hd__clkbuf_16)
                                         clknet_1_0__leaf_clk (net)
                  0.04    0.00    0.26 ^ _150_/CLK (sky130_fd_sc_hd__dfxtp_1)
     3    0.01    0.07    0.31    0.56 ^ _150_/Q (sky130_fd_sc_hd__dfxtp_1)
                                         display_module.counter[6] (net)
                  0.07    0.00    0.57 ^ _082_/B (sky130_fd_sc_hd__or4_1)
     1    0.00    0.05    0.11    0.68 ^ _082_/X (sky130_fd_sc_hd__or4_1)
                                         _044_ (net)
                  0.05    0.00    0.68 ^ _083_/D (sky130_fd_sc_hd__nor4_1)
     3    0.01    0.05    0.06    0.74 v _083_/Y (sky130_fd_sc_hd__nor4_1)
                                         _045_ (net)
                  0.05    0.00    0.74 v max_cap1/A (sky130_fd_sc_hd__buf_1)
     2    0.01    0.06    0.11    0.85 v max_cap1/X (sky130_fd_sc_hd__buf_1)
                                         net34 (net)
                  0.06    0.00    0.85 v _084_/B (sky130_fd_sc_hd__nor2_1)
     1    0.00    0.07    0.08    0.93 ^ _084_/Y (sky130_fd_sc_hd__nor2_1)
                                         _000_ (net)
                  0.07    0.00    0.93 ^ _144_/D (sky130_fd_sc_hd__dfxtp_1)
                                  0.93   data arrival time

                          0.00    0.00   clock clk (rise edge)
                          0.00    0.00   clock source latency
     1    0.01    0.04    0.03    0.03 ^ clk (in)
                                         clk (net)
                  0.04    0.00    0.03 ^ clkbuf_0_clk/A (sky130_fd_sc_hd__clkbuf_16)
     2    0.02    0.04    0.13    0.16 ^ clkbuf_0_clk/X (sky130_fd_sc_hd__clkbuf_16)
                                         clknet_0_clk (net)
                  0.04    0.00    0.16 ^ clkbuf_1_1__f_clk/A (sky130_fd_sc_hd__clkbuf_16)
    11    0.03    0.05    0.14    0.29 ^ clkbuf_1_1__f_clk/X (sky130_fd_sc_hd__clkbuf_16)
                                         clknet_1_1__leaf_clk (net)
                  0.05    0.00    0.30 ^ _144_/CLK (sky130_fd_sc_hd__dfxtp_1)
                          0.25    0.55   clock uncertainty
                         -0.01    0.53   clock reconvergence pessimism
                         -0.04    0.49   library hold time
                                  0.49   data required time
-----------------------------------------------------------------------------
                                  0.49   data required time
                                 -0.93   data arrival time
-----------------------------------------------------------------------------
                                  0.43   slack (MET)


Startpoint: _148_ (rising edge-triggered flip-flop clocked by clk)
Endpoint: _151_ (rising edge-triggered flip-flop clocked by clk)
Path Group: clk
Path Type: min

Fanout     Cap    Slew   Delay    Time   Description
-----------------------------------------------------------------------------
                          0.00    0.00   clock clk (rise edge)
                          0.00    0.00   clock source latency
     1    0.01    0.04    0.03    0.03 ^ clk (in)
                                         clk (net)
                  0.04    0.00    0.03 ^ clkbuf_0_clk/A (sky130_fd_sc_hd__clkbuf_16)
     2    0.02    0.04    0.11    0.14 ^ clkbuf_0_clk/X (sky130_fd_sc_hd__clkbuf_16)
                                         clknet_0_clk (net)
                  0.04    0.00    0.14 ^ clkbuf_1_0__f_clk/A (sky130_fd_sc_hd__clkbuf_16)
    11    0.02    0.04    0.12    0.26 ^ clkbuf_1_0__f_clk/X (sky130_fd_sc_hd__clkbuf_16)
                                         clknet_1_0__leaf_clk (net)
                  0.04    0.00    0.26 ^ _148_/CLK (sky130_fd_sc_hd__dfxtp_1)
     4    0.01    0.05    0.30    0.56 v _148_/Q (sky130_fd_sc_hd__dfxtp_1)
                                         display_module.counter[4] (net)
                  0.05    0.00    0.56 v _098_/A (sky130_fd_sc_hd__and4_1)
     5    0.01    0.08    0.18    0.74 v _098_/X (sky130_fd_sc_hd__and4_1)
                                         _054_ (net)
                  0.08    0.00    0.74 v _104_/A2 (sky130_fd_sc_hd__o21a_1)
     1    0.00    0.03    0.17    0.91 v _104_/X (sky130_fd_sc_hd__o21a_1)
                                         _007_ (net)
                  0.03    0.00    0.91 v _151_/D (sky130_fd_sc_hd__dfxtp_1)
                                  0.91   data arrival time

                          0.00    0.00   clock clk (rise edge)
                          0.00    0.00   clock source latency
     1    0.01    0.04    0.03    0.03 ^ clk (in)
                                         clk (net)
                  0.04    0.00    0.03 ^ clkbuf_0_clk/A (sky130_fd_sc_hd__clkbuf_16)
     2    0.02    0.04    0.13    0.16 ^ clkbuf_0_clk/X (sky130_fd_sc_hd__clkbuf_16)
                                         clknet_0_clk (net)
                  0.04    0.00    0.16 ^ clkbuf_1_0__f_clk/A (sky130_fd_sc_hd__clkbuf_16)
    11    0.02    0.04    0.13    0.29 ^ clkbuf_1_0__f_clk/X (sky130_fd_sc_hd__clkbuf_16)
                                         clknet_1_0__leaf_clk (net)
                  0.04    0.00    0.29 ^ _151_/CLK (sky130_fd_sc_hd__dfxtp_1)
                          0.25    0.54   clock uncertainty
                         -0.03    0.51   clock reconvergence pessimism
                         -0.05    0.46   library hold time
                                  0.46   data required time
-----------------------------------------------------------------------------
                                  0.46   data required time
                                 -0.91   data arrival time
-----------------------------------------------------------------------------
                                  0.45   slack (MET)


Startpoint: _151_ (rising edge-triggered flip-flop clocked by clk)
Endpoint: _156_ (rising edge-triggered flip-flop clocked by clk)
Path Group: clk
Path Type: min

Fanout     Cap    Slew   Delay    Time   Description
-----------------------------------------------------------------------------
                          0.00    0.00   clock clk (rise edge)
                          0.00    0.00   clock source latency
     1    0.01    0.04    0.03    0.03 ^ clk (in)
                                         clk (net)
                  0.04    0.00    0.03 ^ clkbuf_0_clk/A (sky130_fd_sc_hd__clkbuf_16)
     2    0.02    0.04    0.11    0.14 ^ clkbuf_0_clk/X (sky130_fd_sc_hd__clkbuf_16)
                                         clknet_0_clk (net)
                  0.04    0.00    0.14 ^ clkbuf_1_0__f_clk/A (sky130_fd_sc_hd__clkbuf_16)
    11    0.02    0.04    0.12    0.26 ^ clkbuf_1_0__f_clk/X (sky130_fd_sc_hd__clkbuf_16)
                                         clknet_1_0__leaf_clk (net)
                  0.04    0.00    0.26 ^ _151_/CLK (sky130_fd_sc_hd__dfxtp_1)
     5    0.01    0.06    0.30    0.56 v _151_/Q (sky130_fd_sc_hd__dfxtp_1)
                                         display_module.counter[7] (net)
                  0.06    0.00    0.56 v _114_/A (sky130_fd_sc_hd__and4_1)
     1    0.00    0.03    0.14    0.70 v _114_/X (sky130_fd_sc_hd__and4_1)
                                         _065_ (net)
                  0.03    0.00    0.70 v _115_/A (sky130_fd_sc_hd__dlymetal6s2s_1)
     6    0.02    0.10    0.18    0.88 v _115_/X (sky130_fd_sc_hd__dlymetal6s2s_1)
                                         _066_ (net)
                  0.10    0.00    0.88 v _118_/B (sky130_fd_sc_hd__xor2_1)
     1    0.00    0.09    0.13    1.01 ^ _118_/X (sky130_fd_sc_hd__xor2_1)
                                         _012_ (net)
                  0.09    0.00    1.01 ^ _156_/D (sky130_fd_sc_hd__dfxtp_1)
                                  1.01   data arrival time

                          0.00    0.00   clock clk (rise edge)
                          0.00    0.00   clock source latency
     1    0.01    0.04    0.03    0.03 ^ clk (in)
                                         clk (net)
                  0.04    0.00    0.03 ^ clkbuf_0_clk/A (sky130_fd_sc_hd__clkbuf_16)
     2    0.02    0.04    0.13    0.16 ^ clkbuf_0_clk/X (sky130_fd_sc_hd__clkbuf_16)
                                         clknet_0_clk (net)
                  0.04    0.00    0.16 ^ clkbuf_1_1__f_clk/A (sky130_fd_sc_hd__clkbuf_16)
    11    0.03    0.05    0.14    0.29 ^ clkbuf_1_1__f_clk/X (sky130_fd_sc_hd__clkbuf_16)
                                         clknet_1_1__leaf_clk (net)
                  0.05    0.00    0.30 ^ _156_/CLK (sky130_fd_sc_hd__dfxtp_1)
                          0.25    0.55   clock uncertainty
                         -0.01    0.53   clock reconvergence pessimism
                         -0.04    0.49   library hold time
                                  0.49   data required time
-----------------------------------------------------------------------------
                                  0.49   data required time
                                 -1.01   data arrival time
-----------------------------------------------------------------------------
                                  0.52   slack (MET)


Startpoint: _151_ (rising edge-triggered flip-flop clocked by clk)
Endpoint: _152_ (rising edge-triggered flip-flop clocked by clk)
Path Group: clk
Path Type: min

Fanout     Cap    Slew   Delay    Time   Description
-----------------------------------------------------------------------------
                          0.00    0.00   clock clk (rise edge)
                          0.00    0.00   clock source latency
     1    0.01    0.04    0.03    0.03 ^ clk (in)
                                         clk (net)
                  0.04    0.00    0.03 ^ clkbuf_0_clk/A (sky130_fd_sc_hd__clkbuf_16)
     2    0.02    0.04    0.11    0.14 ^ clkbuf_0_clk/X (sky130_fd_sc_hd__clkbuf_16)
                                         clknet_0_clk (net)
                  0.04    0.00    0.14 ^ clkbuf_1_0__f_clk/A (sky130_fd_sc_hd__clkbuf_16)
    11    0.02    0.04    0.12    0.26 ^ clkbuf_1_0__f_clk/X (sky130_fd_sc_hd__clkbuf_16)
                                         clknet_1_0__leaf_clk (net)
                  0.04    0.00    0.26 ^ _151_/CLK (sky130_fd_sc_hd__dfxtp_1)
     5    0.01    0.06    0.30    0.56 v _151_/Q (sky130_fd_sc_hd__dfxtp_1)
                                         display_module.counter[7] (net)
                  0.06    0.00    0.56 v _101_/A (sky130_fd_sc_hd__and2_1)
     1    0.00    0.03    0.13    0.69 v _101_/X (sky130_fd_sc_hd__and2_1)
                                         _056_ (net)
                  0.03    0.00    0.69 v _102_/A (sky130_fd_sc_hd__dlymetal6s2s_1)
     5    0.02    0.10    0.17    0.86 v _102_/X (sky130_fd_sc_hd__dlymetal6s2s_1)
                                         _057_ (net)
                  0.10    0.00    0.86 v _105_/B (sky130_fd_sc_hd__xor2_1)
     1    0.00    0.08    0.13    0.99 ^ _105_/X (sky130_fd_sc_hd__xor2_1)
                                         _008_ (net)
                  0.08    0.00    0.99 ^ _152_/D (sky130_fd_sc_hd__dfxtp_1)
                                  0.99   data arrival time

                          0.00    0.00   clock clk (rise edge)
                          0.00    0.00   clock source latency
     1    0.01    0.04    0.03    0.03 ^ clk (in)
                                         clk (net)
                  0.04    0.00    0.03 ^ clkbuf_0_clk/A (sky130_fd_sc_hd__clkbuf_16)
     2    0.02    0.04    0.13    0.16 ^ clkbuf_0_clk/X (sky130_fd_sc_hd__clkbuf_16)
                                         clknet_0_clk (net)
                  0.04    0.00    0.16 ^ clkbuf_1_0__f_clk/A (sky130_fd_sc_hd__clkbuf_16)
    11    0.02    0.04    0.13    0.29 ^ clkbuf_1_0__f_clk/X (sky130_fd_sc_hd__clkbuf_16)
                                         clknet_1_0__leaf_clk (net)
                  0.04    0.00    0.29 ^ _152_/CLK (sky130_fd_sc_hd__dfxtp_1)
                          0.25    0.54   clock uncertainty
                         -0.03    0.51   clock reconvergence pessimism
                         -0.04    0.47   library hold time
                                  0.47   data required time
-----------------------------------------------------------------------------
                                  0.47   data required time
                                 -0.99   data arrival time
-----------------------------------------------------------------------------
                                  0.52   slack (MET)


Startpoint: _160_ (rising edge-triggered flip-flop clocked by clk)
Endpoint: _161_ (rising edge-triggered flip-flop clocked by clk)
Path Group: clk
Path Type: min

Fanout     Cap    Slew   Delay    Time   Description
-----------------------------------------------------------------------------
                          0.00    0.00   clock clk (rise edge)
                          0.00    0.00   clock source latency
     1    0.01    0.04    0.03    0.03 ^ clk (in)
                                         clk (net)
                  0.04    0.00    0.03 ^ clkbuf_0_clk/A (sky130_fd_sc_hd__clkbuf_16)
     2    0.02    0.04    0.11    0.14 ^ clkbuf_0_clk/X (sky130_fd_sc_hd__clkbuf_16)
                                         clknet_0_clk (net)
                  0.04    0.00    0.14 ^ clkbuf_1_0__f_clk/A (sky130_fd_sc_hd__clkbuf_16)
    11    0.02    0.04    0.12    0.26 ^ clkbuf_1_0__f_clk/X (sky130_fd_sc_hd__clkbuf_16)
                                         clknet_1_0__leaf_clk (net)
                  0.04    0.00    0.26 ^ _160_/CLK (sky130_fd_sc_hd__dfxtp_1)
     5    0.01    0.06    0.31    0.57 v _160_/Q (sky130_fd_sc_hd__dfxtp_1)
                                         display_module.counter[16] (net)
                  0.06    0.00    0.57 v _129_/A (sky130_fd_sc_hd__nand2_1)
     2    0.01    0.08    0.09    0.66 ^ _129_/Y (sky130_fd_sc_hd__nand2_1)
                                         _027_ (net)
                  0.08    0.00    0.66 ^ _132_/B (sky130_fd_sc_hd__xnor2_1)
     1    0.00    0.03    0.06    0.71 v _132_/Y (sky130_fd_sc_hd__xnor2_1)
                                         _017_ (net)
                  0.03    0.00    0.71 v hold6/A (sky130_fd_sc_hd__dlygate4sd3_1)
     1    0.00    0.06    0.52    1.23 v hold6/X (sky130_fd_sc_hd__dlygate4sd3_1)
                                         net18 (net)
                  0.06    0.00    1.23 v _161_/D (sky130_fd_sc_hd__dfxtp_1)
                                  1.23   data arrival time

                          0.00    0.00   clock clk (rise edge)
                          0.00    0.00   clock source latency
     1    0.01    0.04    0.03    0.03 ^ clk (in)
                                         clk (net)
                  0.04    0.00    0.03 ^ clkbuf_0_clk/A (sky130_fd_sc_hd__clkbuf_16)
     2    0.02    0.04    0.13    0.16 ^ clkbuf_0_clk/X (sky130_fd_sc_hd__clkbuf_16)
                                         clknet_0_clk (net)
                  0.04    0.00    0.16 ^ clkbuf_1_1__f_clk/A (sky130_fd_sc_hd__clkbuf_16)
    11    0.03    0.05    0.14    0.29 ^ clkbuf_1_1__f_clk/X (sky130_fd_sc_hd__clkbuf_16)
                                         clknet_1_1__leaf_clk (net)
                  0.05    0.00    0.30 ^ _161_/CLK (sky130_fd_sc_hd__dfxtp_1)
                          0.25    0.55   clock uncertainty
                         -0.01    0.53   clock reconvergence pessimism
                         -0.06    0.47   library hold time
                                  0.47   data required time
-----------------------------------------------------------------------------
                                  0.47   data required time
                                 -1.23   data arrival time
-----------------------------------------------------------------------------
                                  0.76   slack (MET)


Startpoint: _152_ (rising edge-triggered flip-flop clocked by clk)
Endpoint: _153_ (rising edge-triggered flip-flop clocked by clk)
Path Group: clk
Path Type: min

Fanout     Cap    Slew   Delay    Time   Description
-----------------------------------------------------------------------------
                          0.00    0.00   clock clk (rise edge)
                          0.00    0.00   clock source latency
     1    0.01    0.04    0.03    0.03 ^ clk (in)
                                         clk (net)
                  0.04    0.00    0.03 ^ clkbuf_0_clk/A (sky130_fd_sc_hd__clkbuf_16)
     2    0.02    0.04    0.11    0.14 ^ clkbuf_0_clk/X (sky130_fd_sc_hd__clkbuf_16)
                                         clknet_0_clk (net)
                  0.04    0.00    0.14 ^ clkbuf_1_0__f_clk/A (sky130_fd_sc_hd__clkbuf_16)
    11    0.02    0.04    0.12    0.26 ^ clkbuf_1_0__f_clk/X (sky130_fd_sc_hd__clkbuf_16)
                                         clknet_1_0__leaf_clk (net)
                  0.04    0.00    0.26 ^ _152_/CLK (sky130_fd_sc_hd__dfxtp_1)
     6    0.02    0.15    0.36    0.62 ^ _152_/Q (sky130_fd_sc_hd__dfxtp_1)
                                         display_module.counter[8] (net)
                  0.15    0.00    0.62 ^ _107_/A1 (sky130_fd_sc_hd__a311oi_1)
     1    0.00    0.04    0.09    0.71 v _107_/Y (sky130_fd_sc_hd__a311oi_1)
                                         _009_ (net)
                  0.04    0.00    0.71 v hold19/A (sky130_fd_sc_hd__dlygate4sd3_1)
     1    0.00    0.05    0.51    1.23 v hold19/X (sky130_fd_sc_hd__dlygate4sd3_1)
                                         net31 (net)
                  0.05    0.00    1.23 v _153_/D (sky130_fd_sc_hd__dfxtp_1)
                                  1.23   data arrival time

                          0.00    0.00   clock clk (rise edge)
                          0.00    0.00   clock source latency
     1    0.01    0.04    0.03    0.03 ^ clk (in)
                                         clk (net)
                  0.04    0.00    0.03 ^ clkbuf_0_clk/A (sky130_fd_sc_hd__clkbuf_16)
     2    0.02    0.04    0.13    0.16 ^ clkbuf_0_clk/X (sky130_fd_sc_hd__clkbuf_16)
                                         clknet_0_clk (net)
                  0.04    0.00    0.16 ^ clkbuf_1_0__f_clk/A (sky130_fd_sc_hd__clkbuf_16)
    11    0.02    0.04    0.13    0.29 ^ clkbuf_1_0__f_clk/X (sky130_fd_sc_hd__clkbuf_16)
                                         clknet_1_0__leaf_clk (net)
                  0.04    0.00    0.29 ^ _153_/CLK (sky130_fd_sc_hd__dfxtp_1)
                          0.25    0.54   clock uncertainty
                         -0.03    0.51   clock reconvergence pessimism
                         -0.06    0.45   library hold time
                                  0.45   data required time
-----------------------------------------------------------------------------
                                  0.45   data required time
                                 -1.23   data arrival time
-----------------------------------------------------------------------------
                                  0.78   slack (MET)


Startpoint: _145_ (rising edge-triggered flip-flop clocked by clk)
Endpoint: _146_ (rising edge-triggered flip-flop clocked by clk)
Path Group: clk
Path Type: min

Fanout     Cap    Slew   Delay    Time   Description
-----------------------------------------------------------------------------
                          0.00    0.00   clock clk (rise edge)
                          0.00    0.00   clock source latency
     1    0.01    0.04    0.03    0.03 ^ clk (in)
                                         clk (net)
                  0.04    0.00    0.03 ^ clkbuf_0_clk/A (sky130_fd_sc_hd__clkbuf_16)
     2    0.02    0.04    0.11    0.14 ^ clkbuf_0_clk/X (sky130_fd_sc_hd__clkbuf_16)
                                         clknet_0_clk (net)
                  0.04    0.00    0.14 ^ clkbuf_1_1__f_clk/A (sky130_fd_sc_hd__clkbuf_16)
    11    0.03    0.05    0.13    0.27 ^ clkbuf_1_1__f_clk/X (sky130_fd_sc_hd__clkbuf_16)
                                         clknet_1_1__leaf_clk (net)
                  0.05    0.00    0.27 ^ _145_/CLK (sky130_fd_sc_hd__dfxtp_1)
     5    0.01    0.06    0.31    0.58 v _145_/Q (sky130_fd_sc_hd__dfxtp_1)
                                         display_module.counter[1] (net)
                  0.06    0.00    0.58 v _086_/A (sky130_fd_sc_hd__nand2_1)
     2    0.01    0.08    0.09    0.67 ^ _086_/Y (sky130_fd_sc_hd__nand2_1)
                                         _047_ (net)
                  0.08    0.00    0.67 ^ _089_/B (sky130_fd_sc_hd__xnor2_1)
     1    0.00    0.04    0.06    0.73 v _089_/Y (sky130_fd_sc_hd__xnor2_1)
                                         _002_ (net)
                  0.04    0.00    0.73 v hold11/A (sky130_fd_sc_hd__dlygate4sd3_1)
     1    0.00    0.05    0.52    1.25 v hold11/X (sky130_fd_sc_hd__dlygate4sd3_1)
                                         net23 (net)
                  0.05    0.00    1.25 v _146_/D (sky130_fd_sc_hd__dfxtp_1)
                                  1.25   data arrival time

                          0.00    0.00   clock clk (rise edge)
                          0.00    0.00   clock source latency
     1    0.01    0.04    0.03    0.03 ^ clk (in)
                                         clk (net)
                  0.04    0.00    0.03 ^ clkbuf_0_clk/A (sky130_fd_sc_hd__clkbuf_16)
     2    0.02    0.04    0.13    0.16 ^ clkbuf_0_clk/X (sky130_fd_sc_hd__clkbuf_16)
                                         clknet_0_clk (net)
                  0.04    0.00    0.16 ^ clkbuf_1_1__f_clk/A (sky130_fd_sc_hd__clkbuf_16)
    11    0.03    0.05    0.14    0.29 ^ clkbuf_1_1__f_clk/X (sky130_fd_sc_hd__clkbuf_16)
                                         clknet_1_1__leaf_clk (net)
                  0.05    0.00    0.30 ^ _146_/CLK (sky130_fd_sc_hd__dfxtp_1)
                          0.25    0.55   clock uncertainty
                         -0.03    0.52   clock reconvergence pessimism
                         -0.05    0.46   library hold time
                                  0.46   data required time
-----------------------------------------------------------------------------
                                  0.46   data required time
                                 -1.25   data arrival time
-----------------------------------------------------------------------------
                                  0.78   slack (MET)


Startpoint: _164_ (rising edge-triggered flip-flop clocked by clk)
Endpoint: _165_ (rising edge-triggered flip-flop clocked by clk)
Path Group: clk
Path Type: min

Fanout     Cap    Slew   Delay    Time   Description
-----------------------------------------------------------------------------
                          0.00    0.00   clock clk (rise edge)
                          0.00    0.00   clock source latency
     1    0.01    0.04    0.03    0.03 ^ clk (in)
                                         clk (net)
                  0.04    0.00    0.03 ^ clkbuf_0_clk/A (sky130_fd_sc_hd__clkbuf_16)
     2    0.02    0.04    0.11    0.14 ^ clkbuf_0_clk/X (sky130_fd_sc_hd__clkbuf_16)
                                         clknet_0_clk (net)
                  0.04    0.00    0.14 ^ clkbuf_1_0__f_clk/A (sky130_fd_sc_hd__clkbuf_16)
    11    0.02    0.04    0.12    0.26 ^ clkbuf_1_0__f_clk/X (sky130_fd_sc_hd__clkbuf_16)
                                         clknet_1_0__leaf_clk (net)
                  0.04    0.00    0.26 ^ _164_/CLK (sky130_fd_sc_hd__dfxtp_1)
     7    0.02    0.08    0.32    0.58 v _164_/Q (sky130_fd_sc_hd__dfxtp_1)
                                         display_module.pos[0] (net)
                  0.08    0.00    0.58 v _139_/A (sky130_fd_sc_hd__nand2_1)
     2    0.01    0.06    0.08    0.66 ^ _139_/Y (sky130_fd_sc_hd__nand2_1)
                                         _033_ (net)
                  0.06    0.00    0.66 ^ _143_/A2 (sky130_fd_sc_hd__a21o_1)
     1    0.00    0.03    0.10    0.76 ^ _143_/X (sky130_fd_sc_hd__a21o_1)
                                         _021_ (net)
                  0.03    0.00    0.76 ^ hold17/A (sky130_fd_sc_hd__dlygate4sd3_1)
     1    0.00    0.05    0.50    1.26 ^ hold17/X (sky130_fd_sc_hd__dlygate4sd3_1)
                                         net29 (net)
                  0.05    0.00    1.26 ^ _165_/D (sky130_fd_sc_hd__dfxtp_1)
                                  1.26   data arrival time

                          0.00    0.00   clock clk (rise edge)
                          0.00    0.00   clock source latency
     1    0.01    0.04    0.03    0.03 ^ clk (in)
                                         clk (net)
                  0.04    0.00    0.03 ^ clkbuf_0_clk/A (sky130_fd_sc_hd__clkbuf_16)
     2    0.02    0.04    0.13    0.16 ^ clkbuf_0_clk/X (sky130_fd_sc_hd__clkbuf_16)
                                         clknet_0_clk (net)
                  0.04    0.00    0.16 ^ clkbuf_1_0__f_clk/A (sky130_fd_sc_hd__clkbuf_16)
    11    0.02    0.04    0.13    0.29 ^ clkbuf_1_0__f_clk/X (sky130_fd_sc_hd__clkbuf_16)
                                         clknet_1_0__leaf_clk (net)
                  0.04    0.00    0.29 ^ _165_/CLK (sky130_fd_sc_hd__dfxtp_1)
                          0.25    0.54   clock uncertainty
                         -0.03    0.51   clock reconvergence pessimism
                         -0.03    0.48   library hold time
                                  0.48   data required time
-----------------------------------------------------------------------------
                                  0.48   data required time
                                 -1.26   data arrival time
-----------------------------------------------------------------------------
                                  0.79   slack (MET)


Startpoint: _165_ (rising edge-triggered flip-flop clocked by clk)
Endpoint: an[3] (output port clocked by clk)
Path Group: clk
Path Type: min

Fanout     Cap    Slew   Delay    Time   Description
-----------------------------------------------------------------------------
                          0.00    0.00   clock clk (rise edge)
                          0.00    0.00   clock source latency
     1    0.01    0.04    0.03    0.03 ^ clk (in)
                                         clk (net)
                  0.04    0.00    0.03 ^ clkbuf_0_clk/A (sky130_fd_sc_hd__clkbuf_16)
     2    0.02    0.04    0.11    0.14 ^ clkbuf_0_clk/X (sky130_fd_sc_hd__clkbuf_16)
                                         clknet_0_clk (net)
                  0.04    0.00    0.14 ^ clkbuf_1_0__f_clk/A (sky130_fd_sc_hd__clkbuf_16)
    11    0.02    0.04    0.12    0.26 ^ clkbuf_1_0__f_clk/X (sky130_fd_sc_hd__clkbuf_16)
                                         clknet_1_0__leaf_clk (net)
                  0.04    0.00    0.26 ^ _165_/CLK (sky130_fd_sc_hd__dfxtp_1)
     6    0.01    0.07    0.32    0.57 v _165_/Q (sky130_fd_sc_hd__dfxtp_1)
                                         display_module.pos[1] (net)
                  0.07    0.00    0.57 v _076_/B (sky130_fd_sc_hd__nand2_1)
     1    0.00    0.04    0.06    0.64 ^ _076_/Y (sky130_fd_sc_hd__nand2_1)
                                         net4 (net)
                  0.04    0.00    0.64 ^ output4/A (sky130_fd_sc_hd__buf_2)
     1    0.03    0.17    0.19    0.82 ^ output4/X (sky130_fd_sc_hd__buf_2)
                                         an[3] (net)
                  0.17    0.00    0.83 ^ an[3] (out)
                                  0.83   data arrival time

                          0.00    0.00   clock clk (rise edge)
                          0.00    0.00   clock network delay (propagated)
                          0.25    0.25   clock uncertainty
                          0.00    0.25   clock reconvergence pessimism
                         -2.00   -1.75   output external delay
                                 -1.75   data required time
-----------------------------------------------------------------------------
                                 -1.75   data required time
                                 -0.83   data arrival time
-----------------------------------------------------------------------------
                                  2.58   slack (MET)


Startpoint: _165_ (rising edge-triggered flip-flop clocked by clk)
Endpoint: an[2] (output port clocked by clk)
Path Group: clk
Path Type: min

Fanout     Cap    Slew   Delay    Time   Description
-----------------------------------------------------------------------------
                          0.00    0.00   clock clk (rise edge)
                          0.00    0.00   clock source latency
     1    0.01    0.04    0.03    0.03 ^ clk (in)
                                         clk (net)
                  0.04    0.00    0.03 ^ clkbuf_0_clk/A (sky130_fd_sc_hd__clkbuf_16)
     2    0.02    0.04    0.11    0.14 ^ clkbuf_0_clk/X (sky130_fd_sc_hd__clkbuf_16)
                                         clknet_0_clk (net)
                  0.04    0.00    0.14 ^ clkbuf_1_0__f_clk/A (sky130_fd_sc_hd__clkbuf_16)
    11    0.02    0.04    0.12    0.26 ^ clkbuf_1_0__f_clk/X (sky130_fd_sc_hd__clkbuf_16)
                                         clknet_1_0__leaf_clk (net)
                  0.04    0.00    0.26 ^ _165_/CLK (sky130_fd_sc_hd__dfxtp_1)
     6    0.01    0.07    0.32    0.57 v _165_/Q (sky130_fd_sc_hd__dfxtp_1)
                                         display_module.pos[1] (net)
                  0.07    0.00    0.57 v _074_/B_N (sky130_fd_sc_hd__or2b_1)
     1    0.00    0.04    0.15    0.72 ^ _074_/X (sky130_fd_sc_hd__or2b_1)
                                         _038_ (net)
                  0.04    0.00    0.72 ^ _075_/A (sky130_fd_sc_hd__buf_1)
     1    0.00    0.03    0.07    0.79 ^ _075_/X (sky130_fd_sc_hd__buf_1)
                                         net3 (net)
                  0.03    0.00    0.79 ^ output3/A (sky130_fd_sc_hd__buf_2)
     1    0.03    0.17    0.18    0.97 ^ output3/X (sky130_fd_sc_hd__buf_2)
                                         an[2] (net)
                  0.17    0.00    0.97 ^ an[2] (out)
                                  0.97   data arrival time

                          0.00    0.00   clock clk (rise edge)
                          0.00    0.00   clock network delay (propagated)
                          0.25    0.25   clock uncertainty
                          0.00    0.25   clock reconvergence pessimism
                         -2.00   -1.75   output external delay
                                 -1.75   data required time
-----------------------------------------------------------------------------
                                 -1.75   data required time
                                 -0.97   data arrival time
-----------------------------------------------------------------------------
                                  2.72   slack (MET)


Startpoint: _165_ (rising edge-triggered flip-flop clocked by clk)
Endpoint: an[1] (output port clocked by clk)
Path Group: clk
Path Type: min

Fanout     Cap    Slew   Delay    Time   Description
-----------------------------------------------------------------------------
                          0.00    0.00   clock clk (rise edge)
                          0.00    0.00   clock source latency
     1    0.01    0.04    0.03    0.03 ^ clk (in)
                                         clk (net)
                  0.04    0.00    0.03 ^ clkbuf_0_clk/A (sky130_fd_sc_hd__clkbuf_16)
     2    0.02    0.04    0.11    0.14 ^ clkbuf_0_clk/X (sky130_fd_sc_hd__clkbuf_16)
                                         clknet_0_clk (net)
                  0.04    0.00    0.14 ^ clkbuf_1_0__f_clk/A (sky130_fd_sc_hd__clkbuf_16)
    11    0.02    0.04    0.12    0.26 ^ clkbuf_1_0__f_clk/X (sky130_fd_sc_hd__clkbuf_16)
                                         clknet_1_0__leaf_clk (net)
                  0.04    0.00    0.26 ^ _165_/CLK (sky130_fd_sc_hd__dfxtp_1)
     6    0.01    0.14    0.36    0.62 ^ _165_/Q (sky130_fd_sc_hd__dfxtp_1)
                                         display_module.pos[1] (net)
                  0.14    0.00    0.62 ^ _072_/A (sky130_fd_sc_hd__or2b_1)
     1    0.00    0.04    0.11    0.73 ^ _072_/X (sky130_fd_sc_hd__or2b_1)
                                         _037_ (net)
                  0.04    0.00    0.73 ^ _073_/A (sky130_fd_sc_hd__buf_1)
     1    0.00    0.03    0.07    0.79 ^ _073_/X (sky130_fd_sc_hd__buf_1)
                                         net2 (net)
                  0.03    0.00    0.79 ^ output2/A (sky130_fd_sc_hd__buf_2)
     1    0.03    0.17    0.19    0.98 ^ output2/X (sky130_fd_sc_hd__buf_2)
                                         an[1] (net)
                  0.17    0.00    0.98 ^ an[1] (out)
                                  0.98   data arrival time

                          0.00    0.00   clock clk (rise edge)
                          0.00    0.00   clock network delay (propagated)
                          0.25    0.25   clock uncertainty
                          0.00    0.25   clock reconvergence pessimism
                         -2.00   -1.75   output external delay
                                 -1.75   data required time
-----------------------------------------------------------------------------
                                 -1.75   data required time
                                 -0.98   data arrival time
-----------------------------------------------------------------------------
                                  2.73   slack (MET)


Startpoint: _165_ (rising edge-triggered flip-flop clocked by clk)
Endpoint: an[0] (output port clocked by clk)
Path Group: clk
Path Type: min

Fanout     Cap    Slew   Delay    Time   Description
-----------------------------------------------------------------------------
                          0.00    0.00   clock clk (rise edge)
                          0.00    0.00   clock source latency
     1    0.01    0.04    0.03    0.03 ^ clk (in)
                                         clk (net)
                  0.04    0.00    0.03 ^ clkbuf_0_clk/A (sky130_fd_sc_hd__clkbuf_16)
     2    0.02    0.04    0.11    0.14 ^ clkbuf_0_clk/X (sky130_fd_sc_hd__clkbuf_16)
                                         clknet_0_clk (net)
                  0.04    0.00    0.14 ^ clkbuf_1_0__f_clk/A (sky130_fd_sc_hd__clkbuf_16)
    11    0.02    0.04    0.12    0.26 ^ clkbuf_1_0__f_clk/X (sky130_fd_sc_hd__clkbuf_16)
                                         clknet_1_0__leaf_clk (net)
                  0.04    0.00    0.26 ^ _165_/CLK (sky130_fd_sc_hd__dfxtp_1)
     6    0.01    0.14    0.36    0.62 ^ _165_/Q (sky130_fd_sc_hd__dfxtp_1)
                                         display_module.pos[1] (net)
                  0.14    0.00    0.62 ^ _070_/B (sky130_fd_sc_hd__or2_1)
     1    0.00    0.05    0.12    0.73 ^ _070_/X (sky130_fd_sc_hd__or2_1)
                                         _036_ (net)
                  0.05    0.00    0.73 ^ _071_/A (sky130_fd_sc_hd__buf_1)
     1    0.00    0.03    0.07    0.80 ^ _071_/X (sky130_fd_sc_hd__buf_1)
                                         net1 (net)
                  0.03    0.00    0.80 ^ output1/A (sky130_fd_sc_hd__buf_2)
     1    0.04    0.18    0.19    0.99 ^ output1/X (sky130_fd_sc_hd__buf_2)
                                         an[0] (net)
                  0.18    0.00    1.00 ^ an[0] (out)
                                  1.00   data arrival time

                          0.00    0.00   clock clk (rise edge)
                          0.00    0.00   clock network delay (propagated)
                          0.25    0.25   clock uncertainty
                          0.00    0.25   clock reconvergence pessimism
                         -2.00   -1.75   output external delay
                                 -1.75   data required time
-----------------------------------------------------------------------------
                                 -1.75   data required time
                                 -1.00   data arrival time
-----------------------------------------------------------------------------
                                  2.75   slack (MET)



worst slack corner Typical: 0.3485
