
===========================================================================
report_checks -unconstrained
===========================================================================
======================= Fastest Corner ===================================

Startpoint: reset (input port clocked by clk)
Endpoint: _330_ (recovery check against rising-edge clock clk)
Path Group: asynchronous
Path Type: max
Corner: Fastest

Fanout     Cap    Slew   Delay    Time   Description
-----------------------------------------------------------------------------
                          0.00    0.00   clock clk (rise edge)
                          0.00    0.00   clock network delay (propagated)
                          2.00    2.00 v input external delay
     3    0.03    0.05    0.04    2.04 v reset (in)
                                         reset (net)
                  0.05    0.00    2.04 v _295_/A (sky130_fd_sc_hd__buf_4)
    10    0.08    0.08    0.16    2.20 v _295_/X (sky130_fd_sc_hd__buf_4)
                                         _153_ (net)
                  0.08    0.01    2.21 v _298_/A (sky130_fd_sc_hd__inv_2)
     1    0.03    0.10    0.11    2.32 ^ _298_/Y (sky130_fd_sc_hd__inv_2)
                                         _029_ (net)
                  0.10    0.00    2.32 ^ _330_/RESET_B (sky130_fd_sc_hd__dfrtp_2)
                                  2.32   data arrival time

                         10.00   10.00   clock clk (rise edge)
                          0.00   10.00   clock source latency
     1    0.02    0.07    0.05   10.05 ^ clk (in)
                                         clk (net)
                  0.07    0.00   10.05 ^ clkbuf_0_clk/A (sky130_fd_sc_hd__clkbuf_16)
     4    0.05    0.05    0.11   10.15 ^ clkbuf_0_clk/X (sky130_fd_sc_hd__clkbuf_16)
                                         clknet_0_clk (net)
                  0.05    0.00   10.16 ^ clkbuf_2_3__f_clk/A (sky130_fd_sc_hd__clkbuf_16)
     6    0.03    0.04    0.09   10.25 ^ clkbuf_2_3__f_clk/X (sky130_fd_sc_hd__clkbuf_16)
                                         clknet_2_3__leaf_clk (net)
                  0.04    0.00   10.25 ^ _330_/CLK (sky130_fd_sc_hd__dfrtp_2)
                         -0.25   10.00   clock uncertainty
                          0.00   10.00   clock reconvergence pessimism
                          0.12   10.11   library recovery time
                                 10.11   data required time
-----------------------------------------------------------------------------
                                 10.11   data required time
                                 -2.32   data arrival time
-----------------------------------------------------------------------------
                                  7.79   slack (MET)


Startpoint: _328_ (rising edge-triggered flip-flop clocked by clk)
Endpoint: count[0] (output port clocked by clk)
Path Group: clk
Path Type: max
Corner: Fastest

Fanout     Cap    Slew   Delay    Time   Description
-----------------------------------------------------------------------------
                          0.00    0.00   clock clk (rise edge)
                          0.00    0.00   clock source latency
     1    0.02    0.07    0.05    0.05 ^ clk (in)
                                         clk (net)
                  0.07    0.00    0.05 ^ clkbuf_0_clk/A (sky130_fd_sc_hd__clkbuf_16)
     4    0.05    0.05    0.12    0.17 ^ clkbuf_0_clk/X (sky130_fd_sc_hd__clkbuf_16)
                                         clknet_0_clk (net)
                  0.05    0.00    0.17 ^ clkbuf_2_0__f_clk/A (sky130_fd_sc_hd__clkbuf_16)
     9    0.04    0.04    0.10    0.28 ^ clkbuf_2_0__f_clk/X (sky130_fd_sc_hd__clkbuf_16)
                                         clknet_2_0__leaf_clk (net)
                  0.04    0.00    0.28 ^ _328_/CLK (sky130_fd_sc_hd__dfrtp_2)
     5    0.04    0.15    0.32    0.60 ^ _328_/Q (sky130_fd_sc_hd__dfrtp_2)
                                         net1 (net)
                  0.15    0.00    0.61 ^ output1/A (sky130_fd_sc_hd__buf_1)
     1    0.03    0.30    0.26    0.86 ^ output1/X (sky130_fd_sc_hd__buf_1)
                                         count[0] (net)
                  0.30    0.00    0.86 ^ count[0] (out)
                                  0.86   data arrival time

                         10.00   10.00   clock clk (rise edge)
                          0.00   10.00   clock network delay (propagated)
                         -0.25    9.75   clock uncertainty
                          0.00    9.75   clock reconvergence pessimism
                         -2.00    7.75   output external delay
                                  7.75   data required time
-----------------------------------------------------------------------------
                                  7.75   data required time
                                 -0.86   data arrival time
-----------------------------------------------------------------------------
                                  6.89   slack (MET)



======================= Slowest Corner ===================================

Startpoint: reset (input port clocked by clk)
Endpoint: _330_ (recovery check against rising-edge clock clk)
Path Group: asynchronous
Path Type: max
Corner: Slowest

Fanout     Cap    Slew   Delay    Time   Description
-----------------------------------------------------------------------------
                          0.00    0.00   clock clk (rise edge)
                          0.00    0.00   clock network delay (propagated)
                          2.00    2.00 v input external delay
     3    0.03    0.15    0.11    2.11 v reset (in)
                                         reset (net)
                  0.15    0.00    2.11 v _295_/A (sky130_fd_sc_hd__buf_4)
    10    0.08    0.20    0.44    2.55 v _295_/X (sky130_fd_sc_hd__buf_4)
                                         _153_ (net)
                  0.20    0.01    2.56 v _298_/A (sky130_fd_sc_hd__inv_2)
     1    0.03    0.21    0.26    2.83 ^ _298_/Y (sky130_fd_sc_hd__inv_2)
                                         _029_ (net)
                  0.21    0.00    2.83 ^ _330_/RESET_B (sky130_fd_sc_hd__dfrtp_2)
                                  2.83   data arrival time

                         10.00   10.00   clock clk (rise edge)
                          0.00   10.00   clock source latency
     1    0.02    0.15    0.10   10.10 ^ clk (in)
                                         clk (net)
                  0.15    0.00   10.10 ^ clkbuf_0_clk/A (sky130_fd_sc_hd__clkbuf_16)
     4    0.05    0.10    0.28   10.38 ^ clkbuf_0_clk/X (sky130_fd_sc_hd__clkbuf_16)
                                         clknet_0_clk (net)
                  0.10    0.00   10.38 ^ clkbuf_2_3__f_clk/A (sky130_fd_sc_hd__clkbuf_16)
     6    0.03    0.08    0.23   10.61 ^ clkbuf_2_3__f_clk/X (sky130_fd_sc_hd__clkbuf_16)
                                         clknet_2_3__leaf_clk (net)
                  0.08    0.00   10.61 ^ _330_/CLK (sky130_fd_sc_hd__dfrtp_2)
                         -0.25   10.36   clock uncertainty
                          0.00   10.36   clock reconvergence pessimism
                          0.39   10.75   library recovery time
                                 10.75   data required time
-----------------------------------------------------------------------------
                                 10.75   data required time
                                 -2.83   data arrival time
-----------------------------------------------------------------------------
                                  7.92   slack (MET)


Startpoint: _331_ (rising edge-triggered flip-flop clocked by clk)
Endpoint: _344_ (rising edge-triggered flip-flop clocked by clk)
Path Group: clk
Path Type: max
Corner: Slowest

Fanout     Cap    Slew   Delay    Time   Description
-----------------------------------------------------------------------------
                          0.00    0.00   clock clk (rise edge)
                          0.00    0.00   clock source latency
     1    0.02    0.15    0.11    0.11 ^ clk (in)
                                         clk (net)
                  0.15    0.00    0.11 ^ clkbuf_0_clk/A (sky130_fd_sc_hd__clkbuf_16)
     4    0.05    0.10    0.31    0.42 ^ clkbuf_0_clk/X (sky130_fd_sc_hd__clkbuf_16)
                                         clknet_0_clk (net)
                  0.10    0.00    0.42 ^ clkbuf_2_2__f_clk/A (sky130_fd_sc_hd__clkbuf_16)
     9    0.04    0.09    0.27    0.69 ^ clkbuf_2_2__f_clk/X (sky130_fd_sc_hd__clkbuf_16)
                                         clknet_2_2__leaf_clk (net)
                  0.09    0.00    0.69 ^ _331_/CLK (sky130_fd_sc_hd__dfrtp_4)
     7    0.04    0.20    1.17    1.86 v _331_/Q (sky130_fd_sc_hd__dfrtp_4)
                                         one_second_counter[0] (net)
                  0.20    0.00    1.87 v _164_/D (sky130_fd_sc_hd__and4_2)
     6    0.03    0.19    0.72    2.59 v _164_/X (sky130_fd_sc_hd__and4_2)
                                         _156_ (net)
                  0.19    0.00    2.59 v _165_/D (sky130_fd_sc_hd__and4_2)
     6    0.04    0.22    0.75    3.34 v _165_/X (sky130_fd_sc_hd__and4_2)
                                         _157_ (net)
                  0.22    0.00    3.34 v _166_/B (sky130_fd_sc_hd__and2_2)
     5    0.04    0.23    0.67    4.01 v _166_/X (sky130_fd_sc_hd__and2_2)
                                         _158_ (net)
                  0.23    0.00    4.01 v _187_/A2 (sky130_fd_sc_hd__o31a_1)
     1    0.01    0.12    0.65    4.66 v _187_/X (sky130_fd_sc_hd__o31a_1)
                                         _072_ (net)
                  0.12    0.00    4.66 v _189_/B (sky130_fd_sc_hd__or3_1)
     1    0.01    0.24    1.01    5.67 v _189_/X (sky130_fd_sc_hd__or3_1)
                                         _074_ (net)
                  0.24    0.00    5.67 v _190_/B2 (sky130_fd_sc_hd__a22oi_4)
     9    0.05    0.62    0.66    6.34 ^ _190_/Y (sky130_fd_sc_hd__a22oi_4)
                                         _075_ (net)
                  0.62    0.00    6.34 ^ _191_/A (sky130_fd_sc_hd__buf_2)
    10    0.06    0.44    0.72    7.06 ^ _191_/X (sky130_fd_sc_hd__buf_2)
                                         _076_ (net)
                  0.44    0.01    7.07 ^ _224_/B (sky130_fd_sc_hd__and3b_1)
     1    0.03    0.45    0.75    7.82 ^ _224_/X (sky130_fd_sc_hd__and3b_1)
                                         _102_ (net)
                  0.45    0.00    7.82 ^ _225_/A (sky130_fd_sc_hd__buf_1)
     1    0.01    0.28    0.45    8.27 ^ _225_/X (sky130_fd_sc_hd__buf_1)
                                         _004_ (net)
                  0.28    0.00    8.27 ^ _344_/D (sky130_fd_sc_hd__dfrtp_1)
                                  8.27   data arrival time

                         10.00   10.00   clock clk (rise edge)
                          0.00   10.00   clock source latency
     1    0.02    0.15    0.10   10.10 ^ clk (in)
                                         clk (net)
                  0.15    0.00   10.10 ^ clkbuf_0_clk/A (sky130_fd_sc_hd__clkbuf_16)
     4    0.05    0.10    0.28   10.38 ^ clkbuf_0_clk/X (sky130_fd_sc_hd__clkbuf_16)
                                         clknet_0_clk (net)
                  0.10    0.00   10.38 ^ clkbuf_2_1__f_clk/A (sky130_fd_sc_hd__clkbuf_16)
     9    0.03    0.08    0.24   10.62 ^ clkbuf_2_1__f_clk/X (sky130_fd_sc_hd__clkbuf_16)
                                         clknet_2_1__leaf_clk (net)
                  0.08    0.00   10.62 ^ _344_/CLK (sky130_fd_sc_hd__dfrtp_1)
                         -0.25   10.37   clock uncertainty
                          0.04   10.41   clock reconvergence pessimism
                         -0.18   10.22   library setup time
                                 10.22   data required time
-----------------------------------------------------------------------------
                                 10.22   data required time
                                 -8.27   data arrival time
-----------------------------------------------------------------------------
                                  1.96   slack (MET)



======================= Typical Corner ===================================

Startpoint: reset (input port clocked by clk)
Endpoint: _330_ (recovery check against rising-edge clock clk)
Path Group: asynchronous
Path Type: max
Corner: Typical

Fanout     Cap    Slew   Delay    Time   Description
-----------------------------------------------------------------------------
                          0.00    0.00   clock clk (rise edge)
                          0.00    0.00   clock network delay (propagated)
                          2.00    2.00 v input external delay
     3    0.03    0.08    0.06    2.06 v reset (in)
                                         reset (net)
                  0.08    0.00    2.06 v _295_/A (sky130_fd_sc_hd__buf_4)
    10    0.08    0.11    0.23    2.29 v _295_/X (sky130_fd_sc_hd__buf_4)
                                         _153_ (net)
                  0.11    0.01    2.30 v _298_/A (sky130_fd_sc_hd__inv_2)
     1    0.03    0.13    0.15    2.46 ^ _298_/Y (sky130_fd_sc_hd__inv_2)
                                         _029_ (net)
                  0.13    0.00    2.46 ^ _330_/RESET_B (sky130_fd_sc_hd__dfrtp_2)
                                  2.46   data arrival time

                         10.00   10.00   clock clk (rise edge)
                          0.00   10.00   clock source latency
     1    0.02    0.10    0.06   10.06 ^ clk (in)
                                         clk (net)
                  0.10    0.00   10.06 ^ clkbuf_0_clk/A (sky130_fd_sc_hd__clkbuf_16)
     4    0.05    0.07    0.16   10.22 ^ clkbuf_0_clk/X (sky130_fd_sc_hd__clkbuf_16)
                                         clknet_0_clk (net)
                  0.07    0.00   10.22 ^ clkbuf_2_3__f_clk/A (sky130_fd_sc_hd__clkbuf_16)
     6    0.03    0.05    0.13   10.36 ^ clkbuf_2_3__f_clk/X (sky130_fd_sc_hd__clkbuf_16)
                                         clknet_2_3__leaf_clk (net)
                  0.05    0.00   10.36 ^ _330_/CLK (sky130_fd_sc_hd__dfrtp_2)
                         -0.25   10.11   clock uncertainty
                          0.00   10.11   clock reconvergence pessimism
                          0.19   10.30   library recovery time
                                 10.30   data required time
-----------------------------------------------------------------------------
                                 10.30   data required time
                                 -2.46   data arrival time
-----------------------------------------------------------------------------
                                  7.84   slack (MET)


Startpoint: _331_ (rising edge-triggered flip-flop clocked by clk)
Endpoint: _350_ (rising edge-triggered flip-flop clocked by clk)
Path Group: clk
Path Type: max
Corner: Typical

Fanout     Cap    Slew   Delay    Time   Description
-----------------------------------------------------------------------------
                          0.00    0.00   clock clk (rise edge)
                          0.00    0.00   clock source latency
     1    0.02    0.10    0.07    0.07 ^ clk (in)
                                         clk (net)
                  0.10    0.00    0.07 ^ clkbuf_0_clk/A (sky130_fd_sc_hd__clkbuf_16)
     4    0.05    0.07    0.17    0.24 ^ clkbuf_0_clk/X (sky130_fd_sc_hd__clkbuf_16)
                                         clknet_0_clk (net)
                  0.07    0.00    0.25 ^ clkbuf_2_2__f_clk/A (sky130_fd_sc_hd__clkbuf_16)
     9    0.04    0.06    0.15    0.40 ^ clkbuf_2_2__f_clk/X (sky130_fd_sc_hd__clkbuf_16)
                                         clknet_2_2__leaf_clk (net)
                  0.06    0.00    0.40 ^ _331_/CLK (sky130_fd_sc_hd__dfrtp_4)
     7    0.04    0.11    0.56    0.96 v _331_/Q (sky130_fd_sc_hd__dfrtp_4)
                                         one_second_counter[0] (net)
                  0.11    0.00    0.97 v _164_/D (sky130_fd_sc_hd__and4_2)
     6    0.03    0.10    0.35    1.32 v _164_/X (sky130_fd_sc_hd__and4_2)
                                         _156_ (net)
                  0.10    0.00    1.32 v _165_/D (sky130_fd_sc_hd__and4_2)
     6    0.04    0.11    0.36    1.68 v _165_/X (sky130_fd_sc_hd__and4_2)
                                         _157_ (net)
                  0.11    0.00    1.68 v _166_/B (sky130_fd_sc_hd__and2_2)
     5    0.04    0.12    0.32    2.01 v _166_/X (sky130_fd_sc_hd__and2_2)
                                         _158_ (net)
                  0.12    0.00    2.01 v _187_/A2 (sky130_fd_sc_hd__o31a_1)
     1    0.01    0.07    0.34    2.34 v _187_/X (sky130_fd_sc_hd__o31a_1)
                                         _072_ (net)
                  0.07    0.00    2.35 v _189_/B (sky130_fd_sc_hd__or3_1)
     1    0.01    0.12    0.44    2.78 v _189_/X (sky130_fd_sc_hd__or3_1)
                                         _074_ (net)
                  0.12    0.00    2.78 v _190_/B2 (sky130_fd_sc_hd__a22oi_4)
     9    0.05    0.40    0.39    3.18 ^ _190_/Y (sky130_fd_sc_hd__a22oi_4)
                                         _075_ (net)
                  0.40    0.00    3.18 ^ _191_/A (sky130_fd_sc_hd__buf_2)
    10    0.06    0.28    0.38    3.56 ^ _191_/X (sky130_fd_sc_hd__buf_2)
                                         _076_ (net)
                  0.28    0.01    3.56 ^ _247_/B (sky130_fd_sc_hd__and3b_1)
     1    0.02    0.16    0.31    3.87 ^ _247_/X (sky130_fd_sc_hd__and3b_1)
                                         _119_ (net)
                  0.16    0.00    3.87 ^ _248_/A (sky130_fd_sc_hd__buf_1)
     1    0.03    0.30    0.30    4.18 ^ _248_/X (sky130_fd_sc_hd__buf_1)
                                         _010_ (net)
                  0.30    0.00    4.18 ^ _350_/D (sky130_fd_sc_hd__dfrtp_4)
                                  4.18   data arrival time

                         10.00   10.00   clock clk (rise edge)
                          0.00   10.00   clock source latency
     1    0.02    0.10    0.06   10.06 ^ clk (in)
                                         clk (net)
                  0.10    0.00   10.06 ^ clkbuf_0_clk/A (sky130_fd_sc_hd__clkbuf_16)
     4    0.05    0.07    0.16   10.22 ^ clkbuf_0_clk/X (sky130_fd_sc_hd__clkbuf_16)
                                         clknet_0_clk (net)
                  0.07    0.00   10.22 ^ clkbuf_2_1__f_clk/A (sky130_fd_sc_hd__clkbuf_16)
     9    0.03    0.05    0.13   10.36 ^ clkbuf_2_1__f_clk/X (sky130_fd_sc_hd__clkbuf_16)
                                         clknet_2_1__leaf_clk (net)
                  0.05    0.00   10.36 ^ _350_/CLK (sky130_fd_sc_hd__dfrtp_4)
                         -0.25   10.11   clock uncertainty
                          0.02   10.13   clock reconvergence pessimism
                         -0.12   10.01   library setup time
                                 10.01   data required time
-----------------------------------------------------------------------------
                                 10.01   data required time
                                 -4.18   data arrival time
-----------------------------------------------------------------------------
                                  5.83   slack (MET)




===========================================================================
report_checks --slack_max -0.01
============================================================================
======================= Fastest Corner ===================================

No paths found.

======================= Slowest Corner ===================================

No paths found.

======================= Typical Corner ===================================

No paths found.


===========================================================================
 report_check_types -max_slew -max_cap -max_fanout -violators
============================================================================
======================= Fastest Corner ===================================


max slew violations count Fastest: 0
max fanout violations count Fastest: 0
max cap violations count Fastest: 0
======================= Slowest Corner ===================================


max slew violations count Slowest: 0
max fanout violations count Slowest: 0
max cap violations count Slowest: 0
======================= Typical Corner ===================================


max slew violations count Typical: 0
max fanout violations count Typical: 0
max cap violations count Typical: 0

===========================================================================
report_parasitic_annotation -report_unannotated
============================================================================
Found 3 unannotated drivers.
 clkload0/X
 clkload1/X
 clkload2/Y
Found 0 partially unannotated drivers.

===========================================================================
max slew violation count 0
max fanout violation count 0
max cap violation count 0
============================================================================

===========================================================================
check_setup -verbose -unconstrained_endpoints -multiple_clock -no_clock -no_input_delay -loops -generated_clocks
===========================================================================
