
===========================================================================
 report_power
============================================================================
======================= Fastest Corner ===================================

Group                  Internal  Switching    Leakage      Total
                          Power      Power      Power      Power (Watts)
----------------------------------------------------------------
Sequential             1.41e-04   0.00e+00   3.00e-08   1.41e-04  38.7%
Combinational          2.41e-06   1.31e-05   8.68e-10   1.55e-05   4.2%
Clock                  1.41e-04   6.77e-05   1.10e-09   2.08e-04  57.0%
Macro                  0.00e+00   0.00e+00   0.00e+00   0.00e+00   0.0%
Pad                    0.00e+00   0.00e+00   0.00e+00   0.00e+00   0.0%
----------------------------------------------------------------
Total                  2.84e-04   8.08e-05   3.19e-08   3.65e-04 100.0%
                          77.9%      22.1%       0.0%

======================= Slowest Corner ===================================

Group                  Internal  Switching    Leakage      Total
                          Power      Power      Power      Power (Watts)
----------------------------------------------------------------
Sequential             9.33e-05   0.00e+00   5.67e-07   9.38e-05  37.6%
Combinational          1.60e-06   8.69e-06   7.89e-07   1.11e-05   4.4%
Clock                  1.00e-04   4.41e-05   1.33e-07   1.45e-04  58.0%
Macro                  0.00e+00   0.00e+00   0.00e+00   0.00e+00   0.0%
Pad                    0.00e+00   0.00e+00   0.00e+00   0.00e+00   0.0%
----------------------------------------------------------------
Total                  1.95e-04   5.28e-05   1.49e-06   2.50e-04 100.0%
                          78.3%      21.1%       0.6%

======================= Typical Corner ===================================

Group                  Internal  Switching    Leakage      Total
                          Power      Power      Power      Power (Watts)
----------------------------------------------------------------
Sequential             1.21e-04   0.00e+00   2.97e-08   1.21e-04  38.7%
Combinational          1.96e-06   1.12e-05   6.81e-10   1.31e-05   4.2%
Clock                  1.23e-04   5.68e-05   7.54e-10   1.80e-04  57.2%
Macro                  0.00e+00   0.00e+00   0.00e+00   0.00e+00   0.0%
Pad                    0.00e+00   0.00e+00   0.00e+00   0.00e+00   0.0%
----------------------------------------------------------------
Total                  2.46e-04   6.79e-05   3.11e-08   3.14e-04 100.0%
                          78.4%      21.6%       0.0%

